Log file open, 01/21/19 23:50:10
LogWindows: Failed to load 'aqProf.dll' (GetLastError=126)
LogWindows: File 'aqProf.dll' does not exist
LogWindows: Failed to load 'VtuneApi.dll' (GetLastError=126)
LogWindows: File 'VtuneApi.dll' does not exist
LogWindows: Failed to load 'VtuneApi32e.dll' (GetLastError=126)
LogWindows: File 'VtuneApi32e.dll' does not exist
LogInit: Display: Running engine for game: TrenchTowers
LogPlatformFile: Not using cached read wrapper
LogTaskGraph: Started task graph with 5 named threads and 23 total threads with 3 sets of task threads.
LogStats: Stats thread started at 0.384741
LogD3D11RHI: Loaded GFSDK_Aftermath_Lib.x64.dll
LogICUInternationalization: Display: ICU TimeZone Detection - Raw Offset: -5:00, Platform Override: ''
LogPluginManager: Mounting plugin Paper2D
LogPluginManager: Mounting plugin AISupport
LogPluginManager: Mounting plugin LightPropagationVolume
LogPluginManager: Mounting plugin CLionSourceCodeAccess
LogPluginManager: Mounting plugin CodeLiteSourceCodeAccess
LogPluginManager: Mounting plugin GitSourceControl
LogPluginManager: Mounting plugin KDevelopSourceCodeAccess
LogPluginManager: Mounting plugin NullSourceCodeAccess
LogPluginManager: Mounting plugin PerforceSourceControl
LogPluginManager: Mounting plugin SubversionSourceControl
LogPluginManager: Mounting plugin UObjectPlugin
LogPluginManager: Mounting plugin VisualStudioCodeSourceCodeAccess
LogPluginManager: Mounting plugin VisualStudioSourceCodeAccess
LogPluginManager: Mounting plugin XCodeSourceCodeAccess
LogPluginManager: Mounting plugin AssetManagerEditor
LogPluginManager: Mounting plugin CryptoKeys
LogPluginManager: Mounting plugin DataValidation
LogPluginManager: Mounting plugin FacialAnimation
LogPluginManager: Mounting plugin GameplayTagsEditor
LogPluginManager: Mounting plugin MacGraphicsSwitching
LogPluginManager: Mounting plugin MeshEditor
LogPluginManager: Mounting plugin MobileLauncherProfileWizard
LogPluginManager: Mounting plugin PluginBrowser
LogPluginManager: Mounting plugin SpeedTreeImporter
LogPluginManager: Mounting plugin DatasmithContent
LogPluginManager: Mounting plugin AlembicImporter
LogPluginManager: Mounting plugin AppleImageUtils
LogPluginManager: Mounting plugin AppleVision
LogPluginManager: Mounting plugin BackChannel
LogPluginManager: Mounting plugin CharacterAI
LogPluginManager: Mounting plugin GeometryCache
LogPluginManager: Mounting plugin HTML5Networking
LogPluginManager: Mounting plugin ProxyLODPlugin
LogPluginManager: Mounting plugin MagicLeap
LogPluginManager: Mounting plugin MagicLeapEmulator
LogPluginManager: Mounting plugin MagicLeapMedia
LogPluginManager: Mounting plugin AndroidMedia
LogPluginManager: Mounting plugin AvfMedia
LogPluginManager: Mounting plugin ImgMedia
LogPluginManager: Mounting plugin LinearTimecode
LogPluginManager: Mounting plugin MediaCompositing
LogPluginManager: Mounting plugin MediaPlayerEditor
LogPluginManager: Mounting plugin WmfMedia
LogPluginManager: Mounting plugin TcpMessaging
LogPluginManager: Mounting plugin UdpMessaging
LogPluginManager: Mounting plugin ActorSequence
LogPluginManager: Mounting plugin LevelSequenceEditor
LogPluginManager: Mounting plugin MatineeToLevelSequence
LogPluginManager: Mounting plugin NetcodeUnitTest
LogPluginManager: Mounting plugin NUTUnrealEngine4
LogPluginManager: Mounting plugin OnlineSubsystemGooglePlay
LogPluginManager: Mounting plugin OnlineSubsystemIOS
LogPluginManager: Mounting plugin OnlineSubsystem
LogPluginManager: Mounting plugin OnlineSubsystemNull
LogPluginManager: Mounting plugin OnlineSubsystemSteam
LogPluginManager: Mounting plugin OnlineSubsystemUtils
LogPluginManager: Mounting plugin LauncherChunkInstaller
LogPluginManager: Mounting plugin AndroidDeviceProfileSelector
LogPluginManager: Mounting plugin AndroidMoviePlayer
LogPluginManager: Mounting plugin AndroidPermission
LogPluginManager: Mounting plugin AppleMoviePlayer
LogPluginManager: Mounting plugin ArchVisCharacter
LogPluginManager: Mounting plugin AudioCapture
LogPluginManager: Mounting plugin CableComponent
LogPluginManager: Mounting plugin CustomMeshComponent
LogPluginManager: Mounting plugin EditableMesh
LogPluginManager: Mounting plugin ExampleDeviceProfileSelector
LogPluginManager: Mounting plugin GoogleCloudMessaging
LogPluginManager: Mounting plugin ImmediatePhysics
LogPluginManager: Mounting plugin IOSDeviceProfileSelector
LogPluginManager: Mounting plugin LinuxDeviceProfileSelector
LogPluginManager: Mounting plugin LocationServicesBPLibrary
LogPluginManager: Mounting plugin MobilePatchingUtils
LogPluginManager: Mounting plugin OculusVR
LogPluginManager: Plugin shader directory ../../../Engine/Plugins/Runtime/Oculus/OculusVR/Shaders found
LogPluginManager: Mapping shader source directory ../../../Engine/Plugins/Runtime/Oculus/OculusVR/Shaders to virtual directory /Plugin/OculusVR
LogPluginManager: Mounting plugin PhysXVehicles
LogPluginManager: Mounting plugin ProceduralMeshComponent
LogPluginManager: Mounting plugin RuntimePhysXCooking
LogPluginManager: Mounting plugin SteamController
LogPluginManager: Mounting plugin SteamVR
LogPluginManager: Mounting plugin WindowsMoviePlayer
LogStreaming: Display: Took  0.113s to configure plugins.
LogInit: Using libcurl 7.55.1-DEV
LogInit:  - built for x86_64-pc-win32
LogInit:  - supports SSL with OpenSSL/1.0.2h
LogInit:  - supports HTTP deflate (compression) using libz 1.2.8
LogInit:  - other features:
LogInit:      CURL_VERSION_SSL
LogInit:      CURL_VERSION_LIBZ
LogInit:      CURL_VERSION_IPV6
LogInit:      CURL_VERSION_ASYNCHDNS
LogInit:      CURL_VERSION_LARGEFILE
LogInit:      CURL_VERSION_IDN
LogInit:  CurlRequestOptions (configurable via config and command line):
LogInit:  - bVerifyPeer = false  - Libcurl will NOT verify peer certificate
LogInit:  - bUseHttpProxy = false  - Libcurl will NOT use HTTP proxy
LogInit:  - bDontReuseConnections = false  - Libcurl will reuse connections
LogInit:  - CertBundlePath = nullptr  - Libcurl will use whatever was configured at build time.
LogInit:  - MaxHostConnections = 16  - Libcurl will limit the number of connections to a host
LogInit:  - LocalHostAddr = Default
LogInit:  - BufferSize = 65536
LogOnline: Display: STEAM: Loading Steam SDK 1.39
LogOnline: Warning: STEAM: Steam API disabled!
LogOnline: Display: STEAM: OnlineSubsystemSteam::Shutdown()
LogOnline: OSS: Unable to create OnlineSubsystem module Steam
LogOnline: Verbose: OSS: Created thread (ID:916).
LogInit: WinSock: version 1.1 (2.2), MaxSocks=32767, MaxUdp=65467
LogInit: Build: ++UE4+Release-4.20-CL-4369336
LogInit: Engine Version: 4.20.3-4369336+++UE4+Release-4.20
LogInit: Compatible Engine Version: 4.20.0-4212847+++UE4+Release-4.20
LogInit: Net CL: 4212847
LogInit: OS: Windows 10 (), CPU: Intel(R) Core(TM) i7-6700HQ CPU @ 2.60GHz, GPU: Intel(R) HD Graphics 530
LogInit: Compiled (64-bit): Sep 17 2018 12:26:19
LogInit: Compiled with Visual C++: 19.13.26129.00
LogInit: Build Configuration: Development
LogInit: Branch Name: ++UE4+Release-4.20
LogInit: Command Line:  127.0.0.1:7777 -game -PIEVIACONSOLE -ResX=640 -ResY=480  -Multiprocess -messaging -SessionName="Play in Standalone Game" -windowed GameUserSettingsINI="D:/Program Files (x86)/TrenchTowers 4.20/Saved/Config/Windows/PIEGameUserSettings2.ini" -MultiprocessSaveConfig  -MultiprocessOSS WinX=8 WinY=31 SAVEWINPOS=1
LogInit: Base Directory: D:/Program Files/Epic Games/UE_4.20/Engine/Binaries/Win64/
LogInit: Installed Engine Build: 1
LogDevObjectVersion: Number of dev versions registered: 20
LogDevObjectVersion:   Dev-Blueprints (B0D832E4-1F89-4F0D-ACCF-7EB736FD4AA2): 10
LogDevObjectVersion:   Dev-Build (E1C64328-A22C-4D53-A36C-8E866417BD8C): 0
LogDevObjectVersion:   Dev-Core (375EC13C-06E4-48FB-B500-84F0262A717E): 2
LogDevObjectVersion:   Dev-Editor (E4B068ED-F494-42E9-A231-DA0B2E46BB41): 24
LogDevObjectVersion:   Dev-Framework (CFFC743F-43B0-4480-9391-14DF171D2073): 34
LogDevObjectVersion:   Dev-Mobile (B02B49B5-BB20-44E9-A304-32B752E40360): 2
LogDevObjectVersion:   Dev-Networking (A4E4105C-59A1-49B5-A7C5-40C4547EDFEE): 0
LogDevObjectVersion:   Dev-Online (39C831C9-5AE6-47DC-9A44-9C173E1C8E7C): 0
LogDevObjectVersion:   Dev-Physics (78F01B33-EBEA-4F98-B9B4-84EACCB95AA2): 0
LogDevObjectVersion:   Dev-Platform (6631380F-2D4D-43E0-8009-CF276956A95A): 0
LogDevObjectVersion:   Dev-Rendering (12F88B9F-8875-4AFC-A67C-D90C383ABD29): 26
LogDevObjectVersion:   Dev-Sequencer (7B5AE74C-D270-4C10-A958-57980B212A5A): 9
LogDevObjectVersion:   Dev-VR (D7296918-1DD6-4BDD-9DE2-64A83CC13884): 2
LogDevObjectVersion:   Dev-LoadTimes (C2A15278-BFE7-4AFE-6C17-90FF531DF755): 1
LogDevObjectVersion:   Private-Geometry (6EACA3D4-40EC-4CC1-B786-8BED09428FC5): 3
LogDevObjectVersion:   Dev-AnimPhys (29E575DD-E0A3-4627-9D10-D276232CDCEA): 17
LogDevObjectVersion:   Dev-ReflectionCapture (6B266CEC-1EC7-4B8F-A30B-E4D90942FC07): 1
LogDevObjectVersion:   Dev-Automation (0DF73D61-A23F-47EA-B727-89E90C41499A): 1
LogDevObjectVersion:   FortniteMain (601D1886-AC64-4F84-AA16-D3DE0DEAC7D6): 12
LogDevObjectVersion:   Dev-Enterprise (9DFFBCD6-494F-0158-E221-12823C92A888): 1
LogStreaming: Display: Took  0.004s to delete old logs.
LogInit: Presizing for max 8388607 objects, including 0 objects not considered by GC, pre-allocating 0 bytes for permanent pool.
LogInit: Object subsystem initialized
[2019.01.22-04.50.10:946][  0]LogInit: Selected Device Profile: [Windows]
[2019.01.22-04.50.10:946][  0]LogInit: Applying CVar settings loaded from the selected device profile: [Windows]
[2019.01.22-04.50.10:954][  0]LogHAL: Display: Platform has ~ 16 GB [17044942848 / 17179869184 / 16], which maps to Larger [LargestMinGB=32, LargerMinGB=12, DefaultMinGB=8, SmallerMinGB=6, SmallestMinGB=0)
[2019.01.22-04.50.10:954][  0]LogInit: Setting Device Profile CVar: [[r.Vulkan.UseRealUBs:1]]
[2019.01.22-04.50.10:954][  0]LogInit: Going up to parent DeviceProfile []
[2019.01.22-04.50.10:955][  0]LogInit: Computer: DESKTOP-RI1ETNT
[2019.01.22-04.50.10:955][  0]LogInit: User: Fires
[2019.01.22-04.50.10:955][  0]LogInit: CPU Page size=4096, Cores=4
[2019.01.22-04.50.10:955][  0]LogInit: High frequency timer resolution =10.000000 MHz
[2019.01.22-04.50.10:955][  0]LogMemory: Memory total: Physical=15.9GB (16GB approx)
[2019.01.22-04.50.10:955][  0]LogMemory: Platform Memory Stats for Windows
[2019.01.22-04.50.10:955][  0]LogMemory: Process Physical Memory: 102.75 MB used, 102.75 MB peak
[2019.01.22-04.50.10:955][  0]LogMemory: Process Virtual Memory: 93.55 MB used, 93.55 MB peak
[2019.01.22-04.50.10:955][  0]LogMemory: Physical Memory: 6275.43 MB used,  9979.90 MB free, 16255.32 MB total
[2019.01.22-04.50.10:955][  0]LogMemory: Virtual Memory: 4646.36 MB used,  9979.90 MB free, 134217728.00 MB total
[2019.01.22-04.50.11:668][  0]LogInit: Using OS detected language (en-US).
[2019.01.22-04.50.11:668][  0]LogInit: Using OS detected locale (en-CA).
[2019.01.22-04.50.11:672][  0]LogTextLocalizationManager: No specific localization for 'en-US' exists, so the 'en' localization will be used.
[2019.01.22-04.50.12:374][  0]LogStreaming: Display: Took  0.706s to InitEngineTextLocalization.
[2019.01.22-04.50.12:516][  0]LogSlate: New Slate User Created.  User Index 0, Is Virtual User: 0
[2019.01.22-04.50.12:516][  0]LogSlate: Slate User Registered.  User Index 0, Is Virtual User: 0
[2019.01.22-04.50.12:593][  0]LogHMD: Failed to initialize OpenVR with code 110
[2019.01.22-04.50.12:593][  0]LogD3D11RHI: D3D11 adapters:
[2019.01.22-04.50.12:783][  0]LogD3D11RHI:    0. 'NVIDIA GeForce GTX 1070' (Feature Level 11_0)
[2019.01.22-04.50.12:783][  0]LogD3D11RHI:       8081/0/8127 MB DedicatedVideo/DedicatedSystem/SharedSystem, Outputs:1, VendorId:0x10de
[2019.01.22-04.50.12:804][  0]LogD3D11RHI:    1. 'Intel(R) HD Graphics 530' (Feature Level 11_0)
[2019.01.22-04.50.12:804][  0]LogD3D11RHI:       128/0/8127 MB DedicatedVideo/DedicatedSystem/SharedSystem, Outputs:0, VendorId:0x8086
[2019.01.22-04.50.12:809][  0]LogD3D11RHI:    2. 'Microsoft Basic Render Driver' (Feature Level 11_0)
[2019.01.22-04.50.12:809][  0]LogD3D11RHI:       0/0/8127 MB DedicatedVideo/DedicatedSystem/SharedSystem, Outputs:0, VendorId:0x1414
[2019.01.22-04.50.12:809][  0]LogD3D11RHI: Chosen D3D11 Adapter: 0
[2019.01.22-04.50.12:875][  0]LogD3D11RHI: Creating new Direct3DDevice
[2019.01.22-04.50.12:875][  0]LogD3D11RHI:     GPU DeviceId: 0x1ba1 (for the marketing name, search the web for "GPU Device Id")
[2019.01.22-04.50.12:875][  0]LogWindows: EnumDisplayDevices:
[2019.01.22-04.50.12:875][  0]LogWindows:    0. 'Intel(R) HD Graphics 530' (P:1 D:1)
[2019.01.22-04.50.12:877][  0]LogWindows:    1. 'Intel(R) HD Graphics 530' (P:0 D:0)
[2019.01.22-04.50.12:877][  0]LogWindows:    2. 'Intel(R) HD Graphics 530' (P:0 D:0)
[2019.01.22-04.50.12:878][  0]LogWindows:    3. 'NVIDIA GeForce GTX 1070' (P:0 D:0)
[2019.01.22-04.50.12:879][  0]LogWindows:    4. 'NVIDIA GeForce GTX 1070' (P:0 D:0)
[2019.01.22-04.50.12:880][  0]LogWindows:    5. 'NVIDIA GeForce GTX 1070' (P:0 D:0)
[2019.01.22-04.50.12:881][  0]LogWindows:    6. 'NVIDIA GeForce GTX 1070' (P:0 D:0)
[2019.01.22-04.50.12:881][  0]LogWindows: DebugString: PrimaryIsNotTheChoosenAdapter PrimaryIsNotTheChoosenAdapter PrimaryIsNotTheChoosenAdapter FoundDriverCount:4 
[2019.01.22-04.50.12:881][  0]LogD3D11RHI:     Adapter Name: NVIDIA GeForce GTX 1070
[2019.01.22-04.50.12:881][  0]LogD3D11RHI:   Driver Version: 417.22 (internal:25.21.14.1722, unified:417.22)
[2019.01.22-04.50.12:881][  0]LogD3D11RHI:      Driver Date: 11-29-2018
[2019.01.22-04.50.12:881][  0]LogRHI: Texture pool is 5656 MB (70% of 8081 MB)
[2019.01.22-04.50.12:987][  0]LogD3D11RHI: [Aftermath] Enabled and primed
[2019.01.22-04.50.12:987][  0]LogD3D11RHI: Async texture creation enabled
[2019.01.22-04.50.13:009][  0]LogD3D11RHI: GPU Timing Frequency: 1000.000000 (Debug: 2 2)
[2019.01.22-04.50.13:013][  0]LogShaderCompilers: Guid format shader working directory is -9 characters bigger than the processId version (../../../../../../Program Files (x86)/TrenchTowers 4.20/Intermediate/Shaders/WorkingDirectory/4724/).
[2019.01.22-04.50.13:013][  0]LogShaderCompilers: Cleaned the shader compiler working directory 'C:/Users/Fires/AppData/Local/Temp/UnrealShaderWorkingDir/5183B12B4BE00D9804E9149C30802897/'.
[2019.01.22-04.50.14:201][  0]LogTemp: Display: Loaded TP WindowsClientTargetPlatform
[2019.01.22-04.50.14:248][  0]LogTemp: Display: Loaded TP WindowsNoEditorTargetPlatform
[2019.01.22-04.50.14:287][  0]LogTemp: Display: Loaded TP WindowsServerTargetPlatform
[2019.01.22-04.50.14:331][  0]LogTemp: Display: Loaded TP WindowsTargetPlatform
[2019.01.22-04.50.14:331][  0]LogTargetPlatformManager: Display: Building Assets For Windows
[2019.01.22-04.50.14:768][  0]LogXGEController: Cannot use XGE Controller as Incredibuild is not installed on this machine.
[2019.01.22-04.50.14:768][  0]LogShaderCompilers: Cannot use XGE Shader Compiler as Incredibuild is not installed on this machine.
[2019.01.22-04.50.14:768][  0]LogShaderCompilers: Display: Using Local Shader Compiler.
[2019.01.22-04.50.16:211][  0]LogDerivedDataCache: Display: Max Cache Size: 512 MB
[2019.01.22-04.50.16:305][  0]LogDerivedDataCache: Loaded boot cache 0.09s 71MB C:/Users/Fires/AppData/Local/UnrealEngine/4.20/DerivedDataCache/Boot.ddc.
[2019.01.22-04.50.16:305][  0]LogDerivedDataCache: Display: Loaded Boot cache: C:/Users/Fires/AppData/Local/UnrealEngine/4.20/DerivedDataCache/Boot.ddc
[2019.01.22-04.50.16:305][  0]LogDerivedDataCache: FDerivedDataBackendGraph:  Pak pak cache file ../../../../../../Program Files (x86)/TrenchTowers 4.20/DerivedDataCache/DDC.ddp not found, will not use a pak cache.
[2019.01.22-04.50.16:305][  0]LogDerivedDataCache: Unable to find inner node Pak for hierarchical cache Hierarchy.
[2019.01.22-04.50.16:305][  0]LogDerivedDataCache: FDerivedDataBackendGraph:  CompressedPak pak cache file ../../../../../../Program Files (x86)/TrenchTowers 4.20/DerivedDataCache/Compressed.ddp not found, will not use a pak cache.
[2019.01.22-04.50.16:305][  0]LogDerivedDataCache: Unable to find inner node CompressedPak for hierarchical cache Hierarchy.
[2019.01.22-04.50.16:328][  0]LogDerivedDataCache: Display: Pak cache opened for reading ../../../Engine/DerivedDataCache/Compressed.ddp.
[2019.01.22-04.50.16:352][  0]LogDerivedDataCache: Using Local data cache path C:/Users/Fires/AppData/Local/UnrealEngine/Common/DerivedDataCache: Writable
[2019.01.22-04.50.16:352][  0]LogDerivedDataCache: Shared data cache path not found in *engine.ini, will not use an Shared cache.
[2019.01.22-04.50.16:352][  0]LogDerivedDataCache: Unable to find inner node Shared for hierarchical cache Hierarchy.
[2019.01.22-04.50.16:389][  0]LogMaterial: Verifying Global Shaders for PCD3D_SM5
[2019.01.22-04.50.16:391][  0]LogSlate: Using FreeType 2.6.0
[2019.01.22-04.50.16:393][  0]LogSlate: SlateFontServices - WITH_FREETYPE: 1, WITH_HARFBUZZ: 1
[2019.01.22-04.50.16:624][  0]LogInit: Using OS detected language (en-US).
[2019.01.22-04.50.16:624][  0]LogInit: Using OS detected locale (en-CA).
[2019.01.22-04.50.16:624][  0]LogTextLocalizationManager: No localization for 'en-US' exists, so 'en' will be used for the language.
[2019.01.22-04.50.16:624][  0]LogTextLocalizationManager: No localization for 'en-CA' exists, so 'en' will be used for the locale.
[2019.01.22-04.50.17:083][  0]LogStreaming: Display: Took  0.459s to InitGameTextLocalization.
[2019.01.22-04.50.17:110][  0]LogAssetRegistry: FAssetRegistry took 0.0092 seconds to start up
[2019.01.22-04.50.17:476][  0]LogPackageLocalizationCache: Processed 11 localized package path(s) for 1 prioritized culture(s) in 0.031883 seconds
[2019.01.22-04.50.17:694][  0]LogInit: Selected Device Profile: [Windows]
[2019.01.22-04.50.18:273][  0]LogSimplygon: Simplygon DLL not present - disabling.
[2019.01.22-04.50.18:295][  0]LogMeshReduction: Using SimplygonSwarm for distributed automatic mesh merging
[2019.01.22-04.50.18:295][  0]LogMeshReduction: Using ProxyLODMeshReduction for automatic mesh merging
[2019.01.22-04.50.18:295][  0]LogMeshReduction: Using QuadricMeshReduction for automatic static mesh reduction
[2019.01.22-04.50.18:295][  0]LogMeshReduction: No automatic skeletal mesh reduction module available
[2019.01.22-04.50.18:319][  0]LogNetVersion: TrenchTowers 1.0.0, NetCL: 4212847, EngineNetVer: 5, GameNetVer: 0 (Checksum: 1537713906)
[2019.01.22-04.50.19:920][  0]LogMoviePlayer: Initializing movie player
[2019.01.22-04.50.20:452][  0]LogTcpMessaging: Initializing TcpMessaging bridge
[2019.01.22-04.50.20:471][  0]LogUdpMessaging: Initializing bridge on interface 0.0.0.0:0 to multicast group 230.0.0.1:6666.
[2019.01.22-04.50.20:683][  0]SourceControl: Source control is disabled
[2019.01.22-04.50.20:683][  0]SourceControl: Source control is disabled
[2019.01.22-04.50.20:691][  0]SourceControl: Source control is disabled
[2019.01.22-04.50.21:044][  0]LogAndroidPermission: UAndroidPermissionCallbackProxy::GetInstance
[2019.01.22-04.50.21:303][  0]LogOcInput: OculusInput pre-init called
[2019.01.22-04.50.21:337][  0]LogUObjectArray: 42177 objects as part of root set at end of initial load.
[2019.01.22-04.50.21:337][  0]LogUObjectAllocator: 7442624 out of 0 bytes used by permanent object pool.
[2019.01.22-04.50.21:337][  0]LogUObjectArray: CloseDisregardForGC: 0/0 objects in disregard for GC pool
[2019.01.22-04.50.21:462][  0]LogEngine: Initializing Engine...
[2019.01.22-04.50.21:463][  0]LogHMD: Failed to initialize OpenVR with code 110
[2019.01.22-04.50.21:482][  0]LogStats: UGameplayTagsManager::ConstructGameplayTagTree: Construct from data asset -  0.000 s
[2019.01.22-04.50.21:482][  0]LogStats: UGameplayTagsManager::ConstructGameplayTagTree: GameplayTagTreeChangedEvent.Broadcast -  0.000 s
[2019.01.22-04.50.21:802][  0]LogInit: Initializing FReadOnlyCVARCache
[2019.01.22-04.50.21:877][  0]LogInit: XAudio2 using 'Speakers / Headphones (Realtek Audio)' : 6 channels at 48 kHz using 32 bits per sample (channel mask 0x3f)
[2019.01.22-04.50.22:150][  0]LogInit: FAudioDevice initialized.
[2019.01.22-04.50.22:164][  0]LogNetVersion: Set ProjectVersion to 1.0.0.0. Version Checksum will be recalculated on next use.
[2019.01.22-04.50.22:172][  0]LogInit: Texture streaming: Enabled
[2019.01.22-04.50.23:378][  0]LogSlate: Updating window title bar state: overlay mode, drag disabled, window buttons hidden, title bar hidden
[2019.01.22-04.50.23:378][  0]LogInit: Display: Game Engine Initialized.
[2019.01.22-04.50.23:378][  0]LogGameplayTags: Display: UGameplayTagsManager::DoneAddingNativeTags. DelegateIsBound: 0
[2019.01.22-04.50.23:378][  0]LogStats: UGameplayTagsManager::ConstructGameplayTagTree: Construct from data asset -  0.000 s
[2019.01.22-04.50.23:378][  0]LogStats: UGameplayTagsManager::ConstructGameplayTagTree: GameplayTagTreeChangedEvent.Broadcast -  0.000 s
[2019.01.22-04.50.23:508][  0]LogInit: Display: Starting Game.
[2019.01.22-04.50.23:508][  0]LogNet: Browse: 127.0.0.1//Game/2DSideScrollerBP/Maps/MainMenu?Name=Player
[2019.01.22-04.50.23:508][  0]LogOnline: Warning: STEAM: Steam API disabled!
[2019.01.22-04.50.23:508][  0]LogOnline: Display: STEAM: OnlineSubsystemSteam::Shutdown()
[2019.01.22-04.50.23:509][  0]LogTemp: Display: ParseSettings for GameNetDriver
[2019.01.22-04.50.23:509][  0]LogTemp: Display: ParseSettings for IpNetDriver_0
[2019.01.22-04.50.23:509][  0]LogTemp: Display: ParseSettings for PendingNetDriver
[2019.01.22-04.50.23:509][  0]LogInit: WinSock: Socket queue 32768 / 32768
[2019.01.22-04.50.23:516][  0]LogInit: WinSock: I am DESKTOP-RI1ETNT (192.168.1.115:0)
[2019.01.22-04.50.23:517][  0]PacketHandlerLog: Loaded PacketHandler component: Engine.EngineHandlerComponentFactory (StatelessConnectHandlerComponent)
[2019.01.22-04.50.23:517][  0]LogNet: Game client on port 7777, rate 10000
[2019.01.22-04.50.23:908][  0]LogLoad: (Engine Initialization) Total time: 21.76 seconds
[2019.01.22-04.50.23:909][  0]LogLoad: (Engine Initialization) Total Blueprint compile time: 0.00 seconds
[2019.01.22-04.50.24:181][  0]LogSteamController: SteamController is not available
[2019.01.22-04.50.24:186][  0]LogContentStreaming: Texture pool size now 1000 MB
[2019.01.22-04.50.24:568][ 19]LogAudio: Warning: Waited 39.265202ms for audio thread.
[2019.01.22-04.50.24:568][ 20]LogHandshake: SendChallengeResponse. Timestamp: 0.560316, Cookie: 150186220155032209139116063000179224068096157169202255245019
[2019.01.22-04.50.24:585][ 21]LogNetVersion: TrenchTowers 1.0.0.0, NetCL: 4212847, EngineNetVer: 5, GameNetVer: 0 (Checksum: 2119075378)
[2019.01.22-04.50.24:585][ 21]LogNet: UPendingNetGame::SendInitialJoin: Sending hello. [UNetConnection] RemoteAddr: 127.0.0.1:7777, Name: IpConnection_0, Driver: PendingNetDriver IpNetDriver_0, IsServer: NO, PC: NULL, Owner: NULL, UniqueId: INVALID
[2019.01.22-04.50.24:625][ 23]LogNet: Welcomed by server (Level: /Game/2DSideScrollerBP/Maps/MainMenu, Game: /Game/2DSideScrollerBP/Blueprints/Gameplay/2DSideScrollerGameMode.2DSideScrollerGameMode_C)
[2019.01.22-04.50.24:626][ 23]LogLoad: LoadMap: 127.0.0.1//Game/2DSideScrollerBP/Maps/MainMenu?Name=Player?game=/Game/2DSideScrollerBP/Blueprints/Gameplay/2DSideScrollerGameMode.2DSideScrollerGameMode_C
[2019.01.22-04.50.24:811][ 23]LogAIModule: Creating AISystem for world MainMenu
[2019.01.22-04.50.24:811][ 23]LogTemp: Display: ParseSettings for GameNetDriver
[2019.01.22-04.50.24:814][ 23]LogWorld: Bringing World /Game/2DSideScrollerBP/Maps/MainMenu.MainMenu up for play (max tick rate 0) at 2019.01.21-23.50.24
[2019.01.22-04.50.24:814][ 23]LogWorld: Bringing up level for play took: 0.000534
[2019.01.22-04.50.24:816][ 23]LogLoad: Took 0.189394 seconds to LoadMap(/Game/2DSideScrollerBP/Maps/MainMenu)
[2019.01.22-04.50.24:874][ 24]LogRenderer: Reallocating scene render targets to support 640x480 Format 10 NumSamples 1 (Frame:1).
[2019.01.22-04.50.24:915][ 24]LogPlayerController: Error: EnableInput can only be specified on a PlayerController for itself
[2019.01.22-04.50.24:916][ 24]LogOnline: Warning: OSS: No game present to join for session (GameSession)
[2019.01.22-04.50.24:917][ 24]LogOnline: Warning: OSS: No game present to join for session (GameSession)
[2019.01.22-04.50.24:963][ 27]LogOnline: Warning: OSS: No game present to join for session (GameSession)
[2019.01.22-04.50.25:650][ 69]LogOnline: Warning: OSS: No game present to join for session (GameSession)
[2019.01.22-04.50.25:651][ 69]LogOnline: Warning: OSS: No game present to join for session (GameSession)
[2019.01.22-04.50.26:980][150]LogOnline: Warning: OSS: No game present to join for session (GameSession)
[2019.01.22-04.50.55:218][889]LogSlate: FSceneViewport::OnFocusLost() reason 0
[2019.01.22-04.50.55:266][892]LogScript: Warning: Accessed None trying to read property SaveGameRef
	MainMenu_C /Engine/Transient.GameEngine_0:TrenchGameInstance_C_0.MainMenu_C_0
	Function /Game/2DSideScrollerBP/Blueprints/GameUI/MainMenu.MainMenu_C:ExecuteUbergraph_MainMenu:0A02
[2019.01.22-04.50.55:266][892]LogScript: Warning: Script call stack:
	Function /Game/2DSideScrollerBP/Blueprints/GameUI/MainMenu.MainMenu_C:BndEvt__PlayGameButton_K2Node_ComponentBoundEvent_1_OnButtonClickedEvent__DelegateSignature
	Function /Game/2DSideScrollerBP/Blueprints/GameUI/MainMenu.MainMenu_C:ExecuteUbergraph_MainMenu

[2019.01.22-04.50.55:267][892]LogScript: Warning: Attempted to assign to None
	MainMenu_C /Engine/Transient.GameEngine_0:TrenchGameInstance_C_0.MainMenu_C_0
	Function /Game/2DSideScrollerBP/Blueprints/GameUI/MainMenu.MainMenu_C:ExecuteUbergraph_MainMenu:0A17
[2019.01.22-04.50.55:267][892]LogScript: Warning: Script call stack:
	Function /Game/2DSideScrollerBP/Blueprints/GameUI/MainMenu.MainMenu_C:BndEvt__PlayGameButton_K2Node_ComponentBoundEvent_1_OnButtonClickedEvent__DelegateSignature
	Function /Game/2DSideScrollerBP/Blueprints/GameUI/MainMenu.MainMenu_C:ExecuteUbergraph_MainMenu

[2019.01.22-04.50.55:267][892]LogBlueprintUserMessages: [MainMenu_C_0] true
[2019.01.22-04.50.55:268][892]LogBlueprintUserMessages: [MainMenu_C_0] notvalid
[2019.01.22-04.50.57:024][  1]LogBlueprintUserMessages: [MainMenu_C_0] 
[2019.01.22-04.50.57:024][  1]LogBlueprintUserMessages: [TrenchGameInstance_C_0] yes
[2019.01.22-04.50.57:026][  1]LogOnline: Verbose: OSS: Listening for LAN beacon requests on 14001
[2019.01.22-04.50.58:145][  1]LogPackageName: SearchForPackageOnDisk took   1.118s to resolve 2DSideScrollerExampleMap.umap.
[2019.01.22-04.50.58:968][  1]LogPackageName: SearchForPackageOnDisk took   0.823s to resolve 2DSideScrollerExampleMap.umap.
[2019.01.22-04.50.58:968][  1]LogNet: Browse: /Game/2DSideScrollerBP/Maps/2DSideScrollerExampleMap
[2019.01.22-04.50.58:969][  1]LogLoad: LoadMap: /Game/2DSideScrollerBP/Maps/2DSideScrollerExampleMap
[2019.01.22-04.50.58:969][  1]LogNet: World NetDriver shutdown IpNetDriver_0 [GameNetDriver]
[2019.01.22-04.50.58:969][  1]LogNet: DestroyNamedNetDriver IpNetDriver_0 [GameNetDriver]
[2019.01.22-04.50.58:970][  1]LogNet: UNetConnection::Close: [UNetConnection] RemoteAddr: 127.0.0.1:7777, Name: IpConnection_0, Driver: GameNetDriver IpNetDriver_0, IsServer: NO, PC: MouseAndMove_C_0, Owner: MouseAndMove_C_0, UniqueId: NULL:DESKTOP-RI1ETNT-8ABC94B14B147A25AE43ABB38C2816CA, Channels: 13, Time: 2019.01.22-04.50.58
[2019.01.22-04.50.58:970][  1]LogNet: UChannel::Close: Sending CloseBunch. ChIndex == 0. Name: [UChannel] ChIndex: 0, Closing: 0 [UNetConnection] RemoteAddr: 127.0.0.1:7777, Name: IpConnection_0, Driver: GameNetDriver IpNetDriver_0, IsServer: NO, PC: MouseAndMove_C_0, Owner: MouseAndMove_C_0, UniqueId: NULL:DESKTOP-RI1ETNT-8ABC94B14B147A25AE43ABB38C2816CA
[2019.01.22-04.50.58:970][  1]LogExit: GameNetDriver IpNetDriver_0 shut down
[2019.01.22-04.51.00:335][  1]LogAIModule: Creating AISystem for world 2DSideScrollerExampleMap
[2019.01.22-04.51.00:335][  1]LogLoad: Game class is '2DSideScrollerGameMode_C'
[2019.01.22-04.51.00:380][  1]LogWorld: Bringing World /Game/2DSideScrollerBP/Maps/2DSideScrollerExampleMap.2DSideScrollerExampleMap up for play (max tick rate 0) at 2019.01.21-23.51.00
[2019.01.22-04.51.00:381][  1]LogWorld: Bringing up level for play took: 0.044295
[2019.01.22-04.51.00:384][  1]LogScript: Warning: Script Msg: Attempted to access index 0 from array 'Targets' of length 0 in '/Game/2DSideScrollerBP/Blueprints/Minions/Tower.Tower_C'!
[2019.01.22-04.51.00:384][  1]LogScript: Warning: Script Msg: Attempted to access index 0 from array 'Targets' of length 0 in '/Game/2DSideScrollerBP/Blueprints/Minions/Tower.Tower_C'!
[2019.01.22-04.51.00:389][  1]LogLoad: Took 1.419849 seconds to LoadMap(/Game/2DSideScrollerBP/Maps/2DSideScrollerExampleMap)
[2019.01.22-04.51.00:675][ 19]LogBlueprintUserMessages: [Cube_Blueprint] land
[2019.01.22-04.51.01:984][100]LogOutputDevice: Warning: 

Script Stack:
TroopSpawner_C.ExecuteUbergraph_TroopSpawner

[2019.01.22-04.51.03:929][100]LogStats: FPlatformStackWalk::StackWalkAndDump -  1.944 s
[2019.01.22-04.51.03:929][100]LogOutputDevice: Error: === Handled ensure: ===
[2019.01.22-04.51.03:929][100]LogOutputDevice: Error: 
[2019.01.22-04.51.03:929][100]LogOutputDevice: Error: Ensure condition failed: Cast<APawn>(NewUpdatedComponent->GetOwner()) [File:D:\Build\++UE4\Sync\Engine\Source\Runtime\Engine\Private\Components\PawnMovementComponent.cpp] [Line: 16]
[2019.01.22-04.51.03:929][100]LogOutputDevice: Error: FloatingPawnMovement must update a component owned by a Pawn
[2019.01.22-04.51.03:929][100]LogOutputDevice: Error: Stack: 
[2019.01.22-04.51.03:929][100]LogOutputDevice: Error: [Callstack] 0x00007fff7c4d71f6 UE4Editor-Core.dll!UnknownFunction []
[2019.01.22-04.51.03:929][100]LogOutputDevice: Error: [Callstack] 0x00007fff7c210c92 UE4Editor-Core.dll!UnknownFunction []
[2019.01.22-04.51.03:929][100]LogOutputDevice: Error: [Callstack] 0x00007fff7c22b356 UE4Editor-Core.dll!UnknownFunction []
[2019.01.22-04.51.03:929][100]LogOutputDevice: Error: [Callstack] 0x00007fff799fdbd5 UE4Editor-Engine.dll!UnknownFunction []
[2019.01.22-04.51.03:929][100]LogOutputDevice: Error: [Callstack] 0x00007fff799ea21b UE4Editor-Engine.dll!UnknownFunction []
[2019.01.22-04.51.03:929][100]LogOutputDevice: Error: [Callstack] 0x00007fff79908d13 UE4Editor-Engine.dll!UnknownFunction []
[2019.01.22-04.51.03:929][100]LogOutputDevice: Error: [Callstack] 0x00007fff79932003 UE4Editor-Engine.dll!UnknownFunction []
[2019.01.22-04.51.03:929][100]LogOutputDevice: Error: [Callstack] 0x00007fff79930ea5 UE4Editor-Engine.dll!UnknownFunction []
[2019.01.22-04.51.03:929][100]LogOutputDevice: Error: [Callstack] 0x00007fff7a4ae591 UE4Editor-Engine.dll!UnknownFunction []
[2019.01.22-04.51.03:929][100]LogOutputDevice: Error: [Callstack] 0x00007fff795746fb UE4Editor-Engine.dll!UnknownFunction []
[2019.01.22-04.51.03:929][100]LogOutputDevice: Error: [Callstack] 0x00007fff795787c4 UE4Editor-Engine.dll!UnknownFunction []
[2019.01.22-04.51.03:929][100]LogOutputDevice: Error: [Callstack] 0x00007fff795976f3 UE4Editor-Engine.dll!UnknownFunction []
[2019.01.22-04.51.03:929][100]LogOutputDevice: Error: [Callstack] 0x00007fff79edf646 UE4Editor-Engine.dll!UnknownFunction []
[2019.01.22-04.51.03:929][100]LogOutputDevice: Error: [Callstack] 0x00007fff79edfc87 UE4Editor-Engine.dll!UnknownFunction []
[2019.01.22-04.51.03:929][100]LogOutputDevice: Error: [Callstack] 0x00007fff7a288232 UE4Editor-Engine.dll!UnknownFunction []
[2019.01.22-04.51.03:929][100]LogOutputDevice: Error: [Callstack] 0x00007fff7a278d15 UE4Editor-Engine.dll!UnknownFunction []
[2019.01.22-04.51.03:929][100]LogOutputDevice: Error: [Callstack] 0x00007fff798a97c8 UE4Editor-Engine.dll!UnknownFunction []
[2019.01.22-04.51.03:929][100]LogOutputDevice: Error: [Callstack] 0x00007fff7959378e UE4Editor-Engine.dll!UnknownFunction []
[2019.01.22-04.51.03:929][100]LogOutputDevice: Error: [Callstack] 0x00007fff7957892f UE4Editor-Engine.dll!UnknownFunction []
[2019.01.22-04.51.03:929][100]LogOutputDevice: Error: [Callstack] 0x00007fff79c78eaf UE4Editor-Engine.dll!UnknownFunction []
[2019.01.22-04.51.03:929][100]LogOutputDevice: Error: [Callstack] 0x00007fff795c9626 UE4Editor-Engine.dll!UnknownFunction []
[2019.01.22-04.51.03:929][100]LogOutputDevice: Error: [Callstack] 0x00007fff82ab6467 UE4Editor-CoreUObject.dll!UnknownFunction []
[2019.01.22-04.51.03:929][100]LogOutputDevice: Error: [Callstack] 0x00007fff82cc16ae UE4Editor-CoreUObject.dll!UnknownFunction []
[2019.01.22-04.51.03:929][100]LogOutputDevice: Error: [Callstack] 0x00007fff82cdf499 UE4Editor-CoreUObject.dll!UnknownFunction []
[2019.01.22-04.51.03:929][100]LogOutputDevice: Error: [Callstack] 0x00007fff82d12266 UE4Editor-CoreUObject.dll!UnknownFunction []
[2019.01.22-04.51.03:929][100]LogOutputDevice: Error: [Callstack] 0x00007fff82ce1b96 UE4Editor-CoreUObject.dll!UnknownFunction []
[2019.01.22-04.51.03:929][100]LogOutputDevice: Error: [Callstack] 0x00007fff82ab6467 UE4Editor-CoreUObject.dll!UnknownFunction []
[2019.01.22-04.51.03:929][100]LogOutputDevice: Error: [Callstack] 0x00007fff82ce1133 UE4Editor-CoreUObject.dll!UnknownFunction []
[2019.01.22-04.51.03:929][100]LogOutputDevice: Error: [Callstack] 0x00007fff79598033 UE4Editor-Engine.dll!UnknownFunction []
[2019.01.22-04.51.03:930][100]LogOutputDevice: Error: [Callstack] 0x00007fff79e5ae8f UE4Editor-Engine.dll!UnknownFunction []
[2019.01.22-04.51.03:930][100]LogOutputDevice: Error: [Callstack] 0x00007fff79e4069e UE4Editor-Engine.dll!UnknownFunction []
[2019.01.22-04.51.03:930][100]LogOutputDevice: Error: [Callstack] 0x00007fff795b6bbe UE4Editor-Engine.dll!UnknownFunction []
[2019.01.22-04.51.03:930][100]LogOutputDevice: Error: [Callstack] 0x00007fff795b730c UE4Editor-Engine.dll!UnknownFunction []
[2019.01.22-04.51.03:930][100]LogOutputDevice: Error: [Callstack] 0x00007fff79575630 UE4Editor-Engine.dll!UnknownFunction []
[2019.01.22-04.51.03:930][100]LogOutputDevice: Error: [Callstack] 0x00007fff7a7716bd UE4Editor-Engine.dll!UnknownFunction []
[2019.01.22-04.51.03:930][100]LogOutputDevice: Error: [Callstack] 0x00007fff7c091f92 UE4Editor-Core.dll!UnknownFunction []
[2019.01.22-04.51.03:930][100]LogOutputDevice: Error: [Callstack] 0x00007fff7c092456 UE4Editor-Core.dll!UnknownFunction []
[2019.01.22-04.51.03:930][100]LogOutputDevice: Error: [Callstack] 0x00007fff7c0a6d25 UE4Editor-Core.dll!UnknownFunction []
[2019.01.22-04.51.03:930][100]LogOutputDevice: Error: [Callstack] 0x00007fff7a7c5b04 UE4Editor-Engine.dll!UnknownFunction []
[2019.01.22-04.51.03:930][100]LogOutputDevice: Error: [Callstack] 0x00007fff7a7d4d92 UE4Editor-Engine.dll!UnknownFunction []
[2019.01.22-04.51.03:930][100]LogOutputDevice: Error: [Callstack] 0x00007fff79ed87e4 UE4Editor-Engine.dll!UnknownFunction []
[2019.01.22-04.51.03:930][100]LogOutputDevice: Error: [Callstack] 0x00007fff79ee4003 UE4Editor-Engine.dll!UnknownFunction []
[2019.01.22-04.51.03:930][100]LogOutputDevice: Error: [Callstack] 0x00007fff79ca5375 UE4Editor-Engine.dll!UnknownFunction []
[2019.01.22-04.51.03:930][100]LogOutputDevice: Error: [Callstack] 0x00007ff688745cbd UE4Editor.exe!UnknownFunction []
[2019.01.22-04.51.03:930][100]LogOutputDevice: Error: [Callstack] 0x00007ff688755b3c UE4Editor.exe!UnknownFunction []
[2019.01.22-04.51.03:930][100]LogOutputDevice: Error: [Callstack] 0x00007ff688755bba UE4Editor.exe!UnknownFunction []
[2019.01.22-04.51.03:930][100]LogOutputDevice: Error: [Callstack] 0x00007ff688763dac UE4Editor.exe!UnknownFunction []
[2019.01.22-04.51.03:930][100]LogOutputDevice: Error: [Callstack] 0x00007ff688765aaa UE4Editor.exe!UnknownFunction []
[2019.01.22-04.51.03:930][100]LogOutputDevice: Error: [Callstack] 0x00007ffff3357e94 KERNEL32.DLL!UnknownFunction []
[2019.01.22-04.51.03:930][100]LogOutputDevice: Error: [Callstack] 0x00007ffff464a251 ntdll.dll!UnknownFunction []
[2019.01.22-04.51.03:930][100]LogOutputDevice: Error: 
[2019.01.22-04.51.03:939][100]LogStats:                SubmitErrorReport -  0.000 s
[2019.01.22-04.51.04:929][100]LogStats:                    SendNewReport -  0.991 s
[2019.01.22-04.51.04:929][100]LogStats:             FDebug::EnsureFailed -  2.945 s
[2019.01.22-04.51.10:014][416]LogOnline: Verbose: OSS: Received 16 bytes from 192.168.1.115:14001
[2019.01.22-04.51.10:015][416]LogOnline: Verbose: OSS: Sending 198 bytes to 255.255.255.255:14001
[2019.01.22-04.51.10:015][416]LogOnline: Verbose: OSS: Received 198 bytes from 192.168.1.115:14001
[2019.01.22-04.51.28:835][576]LogScript: Warning: Script Msg: Attempted to access index 0 from array 'Targets' of length 0 in '/Game/2DSideScrollerBP/Blueprints/Minions/Tower.Tower_C'!
[2019.01.22-04.51.28:835][576]LogScript: Warning: Script Msg: Attempted to access index 0 from array 'Targets' of length 0 in '/Game/2DSideScrollerBP/Blueprints/Minions/Tower.Tower_C'!
[2019.01.22-04.51.28:835][576]LogScript: Warning: Script Msg: Attempted to access index 0 from array 'Targets' of length 0 in '/Game/2DSideScrollerBP/Blueprints/Minions/Tower.Tower_C'!
[2019.01.22-04.51.28:836][576]LogScript: Warning: Script Msg: Attempted to access index 0 from array 'Targets' of length 0 in '/Game/2DSideScrollerBP/Blueprints/Minions/Tower.Tower_C'!
[2019.01.22-04.51.29:492][618]LogOnline: Verbose: OSS: Received 16 bytes from 192.168.1.115:14001
[2019.01.22-04.51.29:492][618]LogOnline: Verbose: OSS: Sending 198 bytes to 255.255.255.255:14001
[2019.01.22-04.51.29:509][619]LogOnline: Verbose: OSS: Received 198 bytes from 192.168.1.115:14001
[2019.01.22-04.51.29:840][638]LogScript: Warning: Script Msg: Attempted to access index 0 from array 'Targets' of length 0 in '/Game/2DSideScrollerBP/Blueprints/Minions/Tower.Tower_C'!
[2019.01.22-04.51.29:840][638]LogScript: Warning: Script Msg: Attempted to access index 0 from array 'Targets' of length 0 in '/Game/2DSideScrollerBP/Blueprints/Minions/Tower.Tower_C'!
[2019.01.22-04.51.29:840][638]LogScript: Warning: Script Msg: Attempted to access index 0 from array 'Targets' of length 0 in '/Game/2DSideScrollerBP/Blueprints/Minions/Tower.Tower_C'!
[2019.01.22-04.51.29:840][638]LogScript: Warning: Script Msg: Attempted to access index 0 from array 'Targets' of length 0 in '/Game/2DSideScrollerBP/Blueprints/Minions/Tower.Tower_C'!
[2019.01.22-04.51.30:850][700]LogScript: Warning: Script Msg: Attempted to access index 0 from array 'Targets' of length 0 in '/Game/2DSideScrollerBP/Blueprints/Minions/Tower.Tower_C'!
[2019.01.22-04.51.30:850][700]LogScript: Warning: Script Msg: Attempted to access index 0 from array 'Targets' of length 0 in '/Game/2DSideScrollerBP/Blueprints/Minions/Tower.Tower_C'!
[2019.01.22-04.51.30:850][700]LogScript: Warning: Script Msg: Attempted to access index 0 from array 'Targets' of length 0 in '/Game/2DSideScrollerBP/Blueprints/Minions/Tower.Tower_C'!
[2019.01.22-04.51.30:850][700]LogScript: Warning: Script Msg: Attempted to access index 0 from array 'Targets' of length 0 in '/Game/2DSideScrollerBP/Blueprints/Minions/Tower.Tower_C'!
[2019.01.22-04.51.31:832][761]LogScript: Warning: Script Msg: Attempted to access index 0 from array 'Targets' of length 0 in '/Game/2DSideScrollerBP/Blueprints/Minions/Tower.Tower_C'!
[2019.01.22-04.51.31:832][761]LogScript: Warning: Script Msg: Attempted to access index 0 from array 'Targets' of length 0 in '/Game/2DSideScrollerBP/Blueprints/Minions/Tower.Tower_C'!
[2019.01.22-04.51.31:832][761]LogScript: Warning: Script Msg: Attempted to access index 0 from array 'Targets' of length 0 in '/Game/2DSideScrollerBP/Blueprints/Minions/Tower.Tower_C'!
[2019.01.22-04.51.31:832][761]LogScript: Warning: Script Msg: Attempted to access index 0 from array 'Targets' of length 0 in '/Game/2DSideScrollerBP/Blueprints/Minions/Tower.Tower_C'!
[2019.01.22-04.51.32:863][824]LogScript: Warning: Script Msg: Attempted to access index 0 from array 'Targets' of length 0 in '/Game/2DSideScrollerBP/Blueprints/Minions/Tower.Tower_C'!
[2019.01.22-04.51.32:863][824]LogScript: Warning: Script Msg: Attempted to access index 0 from array 'Targets' of length 0 in '/Game/2DSideScrollerBP/Blueprints/Minions/Tower.Tower_C'!
[2019.01.22-04.51.32:863][824]LogScript: Warning: Script Msg: Attempted to access index 0 from array 'Targets' of length 0 in '/Game/2DSideScrollerBP/Blueprints/Minions/Tower.Tower_C'!
[2019.01.22-04.51.32:863][824]LogScript: Warning: Script Msg: Attempted to access index 0 from array 'Targets' of length 0 in '/Game/2DSideScrollerBP/Blueprints/Minions/Tower.Tower_C'!
[2019.01.22-04.51.33:867][886]LogScript: Warning: Script Msg: Attempted to access index 0 from array 'Targets' of length 0 in '/Game/2DSideScrollerBP/Blueprints/Minions/Tower.Tower_C'!
[2019.01.22-04.51.33:867][886]LogScript: Warning: Script Msg: Attempted to access index 0 from array 'Targets' of length 0 in '/Game/2DSideScrollerBP/Blueprints/Minions/Tower.Tower_C'!
[2019.01.22-04.51.33:868][886]LogScript: Warning: Script Msg: Attempted to access index 0 from array 'Targets' of length 0 in '/Game/2DSideScrollerBP/Blueprints/Minions/Tower.Tower_C'!
[2019.01.22-04.51.34:661][936]LogScript: Warning: Script Msg: Attempted to access index 3 from array 'Brute' of length 3 in '/Game/2DSideScrollerBP/Blueprints/Minions/TroopSpawner.TroopSpawner_C'!
[2019.01.22-04.51.34:661][936]LogScript: Warning: UGameplayStatics::BeginSpawningActorFromClass: can not spawn an actor from a NULL class
[2019.01.22-04.51.34:662][936]LogScript: Warning: Script Msg: Attempted to access index 3 from array 'Brute' of length 3 in '/Game/2DSideScrollerBP/Blueprints/Minions/TroopSpawner.TroopSpawner_C'!
[2019.01.22-04.51.34:662][936]LogScript: Warning: UGameplayStatics::BeginSpawningActorFromClass: can not spawn an actor from a NULL class
[2019.01.22-04.51.34:662][936]LogScript: Warning: Script Msg: Attempted to access index 3 from array 'Brute' of length 3 in '/Game/2DSideScrollerBP/Blueprints/Minions/TroopSpawner.TroopSpawner_C'!
[2019.01.22-04.51.34:662][936]LogScript: Warning: UGameplayStatics::BeginSpawningActorFromClass: can not spawn an actor from a NULL class
[2019.01.22-04.51.34:662][936]LogScript: Warning: Script Msg: Attempted to access index 3 from array 'Brute' of length 3 in '/Game/2DSideScrollerBP/Blueprints/Minions/TroopSpawner.TroopSpawner_C'!
[2019.01.22-04.51.34:662][936]LogScript: Warning: UGameplayStatics::BeginSpawningActorFromClass: can not spawn an actor from a NULL class
[2019.01.22-04.51.34:662][936]LogScript: Warning: Script Msg: Attempted to access index 3 from array 'Brute' of length 3 in '/Game/2DSideScrollerBP/Blueprints/Minions/TroopSpawner.TroopSpawner_C'!
[2019.01.22-04.51.34:662][936]LogScript: Warning: UGameplayStatics::BeginSpawningActorFromClass: can not spawn an actor from a NULL class
[2019.01.22-04.51.34:662][936]LogScript: Warning: Script Msg: Attempted to access index 3 from array 'Brute' of length 3 in '/Game/2DSideScrollerBP/Blueprints/Minions/TroopSpawner.TroopSpawner_C'!
[2019.01.22-04.51.34:662][936]LogScript: Warning: UGameplayStatics::BeginSpawningActorFromClass: can not spawn an actor from a NULL class
[2019.01.22-04.51.34:871][948]LogScript: Warning: Script Msg: Attempted to access index 0 from array 'Targets' of length 0 in '/Game/2DSideScrollerBP/Blueprints/Minions/Tower.Tower_C'!
[2019.01.22-04.51.34:872][948]LogScript: Warning: Script Msg: Attempted to access index 0 from array 'Targets' of length 0 in '/Game/2DSideScrollerBP/Blueprints/Minions/Tower.Tower_C'!
[2019.01.22-04.51.34:872][948]LogScript: Warning: Script Msg: Attempted to access index 0 from array 'Targets' of length 0 in '/Game/2DSideScrollerBP/Blueprints/Minions/Tower.Tower_C'!
[2019.01.22-04.51.35:876][ 10]LogScript: Warning: Script Msg: Attempted to access index 0 from array 'Targets' of length 0 in '/Game/2DSideScrollerBP/Blueprints/Minions/Tower.Tower_C'!
[2019.01.22-04.51.35:877][ 10]LogScript: Warning: Script Msg: Attempted to access index 0 from array 'Targets' of length 0 in '/Game/2DSideScrollerBP/Blueprints/Minions/Tower.Tower_C'!
[2019.01.22-04.51.35:877][ 10]LogScript: Warning: Script Msg: Attempted to access index 0 from array 'Targets' of length 0 in '/Game/2DSideScrollerBP/Blueprints/Minions/Tower.Tower_C'!
[2019.01.22-04.51.36:880][ 72]LogScript: Warning: Script Msg: Attempted to access index 0 from array 'Targets' of length 0 in '/Game/2DSideScrollerBP/Blueprints/Minions/Tower.Tower_C'!
[2019.01.22-04.51.36:880][ 72]LogScript: Warning: Script Msg: Attempted to access index 0 from array 'Targets' of length 0 in '/Game/2DSideScrollerBP/Blueprints/Minions/Tower.Tower_C'!
[2019.01.22-04.51.36:880][ 72]LogScript: Warning: Script Msg: Attempted to access index 0 from array 'Targets' of length 0 in '/Game/2DSideScrollerBP/Blueprints/Minions/Tower.Tower_C'!
[2019.01.22-04.51.37:885][134]LogScript: Warning: Script Msg: Attempted to access index 0 from array 'Targets' of length 0 in '/Game/2DSideScrollerBP/Blueprints/Minions/Tower.Tower_C'!
[2019.01.22-04.51.37:885][134]LogScript: Warning: Script Msg: Attempted to access index 0 from array 'Targets' of length 0 in '/Game/2DSideScrollerBP/Blueprints/Minions/Tower.Tower_C'!
[2019.01.22-04.51.37:885][134]LogScript: Warning: Script Msg: Attempted to access index 0 from array 'Targets' of length 0 in '/Game/2DSideScrollerBP/Blueprints/Minions/Tower.Tower_C'!
[2019.01.22-04.51.38:891][196]LogScript: Warning: Script Msg: Attempted to access index 0 from array 'Targets' of length 0 in '/Game/2DSideScrollerBP/Blueprints/Minions/Tower.Tower_C'!
[2019.01.22-04.51.38:891][196]LogScript: Warning: Script Msg: Attempted to access index 0 from array 'Targets' of length 0 in '/Game/2DSideScrollerBP/Blueprints/Minions/Tower.Tower_C'!
[2019.01.22-04.51.38:891][196]LogScript: Warning: Script Msg: Attempted to access index 0 from array 'Targets' of length 0 in '/Game/2DSideScrollerBP/Blueprints/Minions/Tower.Tower_C'!
[2019.01.22-04.51.39:882][256]LogScript: Warning: Script Msg: Attempted to access index 0 from array 'Targets' of length 0 in '/Game/2DSideScrollerBP/Blueprints/Minions/Tower.Tower_C'!
[2019.01.22-04.51.39:883][256]LogScript: Warning: Script Msg: Attempted to access index 0 from array 'Targets' of length 0 in '/Game/2DSideScrollerBP/Blueprints/Minions/Tower.Tower_C'!
[2019.01.22-04.51.39:883][256]LogScript: Warning: Script Msg: Attempted to access index 0 from array 'Targets' of length 0 in '/Game/2DSideScrollerBP/Blueprints/Minions/Tower.Tower_C'!
[2019.01.22-04.51.40:899][318]LogScript: Warning: Script Msg: Attempted to access index 0 from array 'Targets' of length 0 in '/Game/2DSideScrollerBP/Blueprints/Minions/Tower.Tower_C'!
[2019.01.22-04.51.40:899][318]LogScript: Warning: Script Msg: Attempted to access index 0 from array 'Targets' of length 0 in '/Game/2DSideScrollerBP/Blueprints/Minions/Tower.Tower_C'!
[2019.01.22-04.51.40:899][318]LogScript: Warning: Script Msg: Attempted to access index 0 from array 'Targets' of length 0 in '/Game/2DSideScrollerBP/Blueprints/Minions/Tower.Tower_C'!
[2019.01.22-04.51.41:904][380]LogScript: Warning: Script Msg: Attempted to access index 0 from array 'Targets' of length 0 in '/Game/2DSideScrollerBP/Blueprints/Minions/Tower.Tower_C'!
[2019.01.22-04.51.41:904][380]LogScript: Warning: Script Msg: Attempted to access index 0 from array 'Targets' of length 0 in '/Game/2DSideScrollerBP/Blueprints/Minions/Tower.Tower_C'!
[2019.01.22-04.51.41:904][380]LogScript: Warning: Script Msg: Attempted to access index 0 from array 'Targets' of length 0 in '/Game/2DSideScrollerBP/Blueprints/Minions/Tower.Tower_C'!
[2019.01.22-04.51.42:709][430]LogScript: Warning: Script Msg: Attempted to access index 4 from array 'Brute' of length 3 in '/Game/2DSideScrollerBP/Blueprints/Minions/TroopSpawner.TroopSpawner_C'!
[2019.01.22-04.51.42:709][430]LogScript: Warning: UGameplayStatics::BeginSpawningActorFromClass: can not spawn an actor from a NULL class
[2019.01.22-04.51.42:709][430]LogScript: Warning: Script Msg: Attempted to access index 4 from array 'Brute' of length 3 in '/Game/2DSideScrollerBP/Blueprints/Minions/TroopSpawner.TroopSpawner_C'!
[2019.01.22-04.51.42:709][430]LogScript: Warning: UGameplayStatics::BeginSpawningActorFromClass: can not spawn an actor from a NULL class
[2019.01.22-04.51.42:709][430]LogScript: Warning: Script Msg: Attempted to access index 4 from array 'Brute' of length 3 in '/Game/2DSideScrollerBP/Blueprints/Minions/TroopSpawner.TroopSpawner_C'!
[2019.01.22-04.51.42:709][430]LogScript: Warning: UGameplayStatics::BeginSpawningActorFromClass: can not spawn an actor from a NULL class
[2019.01.22-04.51.42:709][430]LogScript: Warning: Script Msg: Attempted to access index 4 from array 'Brute' of length 3 in '/Game/2DSideScrollerBP/Blueprints/Minions/TroopSpawner.TroopSpawner_C'!
[2019.01.22-04.51.42:709][430]LogScript: Warning: UGameplayStatics::BeginSpawningActorFromClass: can not spawn an actor from a NULL class
[2019.01.22-04.51.42:709][430]LogScript: Warning: Script Msg: Attempted to access index 4 from array 'Brute' of length 3 in '/Game/2DSideScrollerBP/Blueprints/Minions/TroopSpawner.TroopSpawner_C'!
[2019.01.22-04.51.42:709][430]LogScript: Warning: UGameplayStatics::BeginSpawningActorFromClass: can not spawn an actor from a NULL class
[2019.01.22-04.51.42:709][430]LogScript: Warning: Script Msg: Attempted to access index 4 from array 'Brute' of length 3 in '/Game/2DSideScrollerBP/Blueprints/Minions/TroopSpawner.TroopSpawner_C'!
[2019.01.22-04.51.42:709][430]LogScript: Warning: UGameplayStatics::BeginSpawningActorFromClass: can not spawn an actor from a NULL class
[2019.01.22-04.51.42:937][443]LogScript: Warning: Script Msg: Attempted to access index 0 from array 'Targets' of length 0 in '/Game/2DSideScrollerBP/Blueprints/Minions/Tower.Tower_C'!
[2019.01.22-04.51.42:937][443]LogScript: Warning: Script Msg: Attempted to access index 0 from array 'Targets' of length 0 in '/Game/2DSideScrollerBP/Blueprints/Minions/Tower.Tower_C'!
[2019.01.22-04.51.42:937][443]LogScript: Warning: Script Msg: Attempted to access index 0 from array 'Targets' of length 0 in '/Game/2DSideScrollerBP/Blueprints/Minions/Tower.Tower_C'!
[2019.01.22-04.51.43:939][505]LogScript: Warning: Script Msg: Attempted to access index 0 from array 'Targets' of length 0 in '/Game/2DSideScrollerBP/Blueprints/Minions/Tower.Tower_C'!
[2019.01.22-04.51.43:939][505]LogScript: Warning: Script Msg: Attempted to access index 0 from array 'Targets' of length 0 in '/Game/2DSideScrollerBP/Blueprints/Minions/Tower.Tower_C'!
[2019.01.22-04.51.43:939][505]LogScript: Warning: Script Msg: Attempted to access index 0 from array 'Targets' of length 0 in '/Game/2DSideScrollerBP/Blueprints/Minions/Tower.Tower_C'!
[2019.01.22-04.51.44:430][536]LogBlueprintUserMessages: [Cube_Blueprint] takeoff
[2019.01.22-04.51.44:942][567]LogScript: Warning: Script Msg: Attempted to access index 0 from array 'Targets' of length 0 in '/Game/2DSideScrollerBP/Blueprints/Minions/Tower.Tower_C'!
[2019.01.22-04.51.44:942][567]LogScript: Warning: Script Msg: Attempted to access index 0 from array 'Targets' of length 0 in '/Game/2DSideScrollerBP/Blueprints/Minions/Tower.Tower_C'!
[2019.01.22-04.51.45:465][600]LogBlueprintUserMessages: [Cube_Blueprint] land
[2019.01.22-04.51.45:946][629]LogScript: Warning: Script Msg: Attempted to access index 0 from array 'Targets' of length 0 in '/Game/2DSideScrollerBP/Blueprints/Minions/Tower.Tower_C'!
[2019.01.22-04.51.45:946][629]LogScript: Warning: Script Msg: Attempted to access index 0 from array 'Targets' of length 0 in '/Game/2DSideScrollerBP/Blueprints/Minions/Tower.Tower_C'!
[2019.01.22-04.51.46:952][691]LogScript: Warning: Script Msg: Attempted to access index 0 from array 'Targets' of length 0 in '/Game/2DSideScrollerBP/Blueprints/Minions/Tower.Tower_C'!
[2019.01.22-04.51.46:953][691]LogScript: Warning: Script Msg: Attempted to access index 0 from array 'Targets' of length 0 in '/Game/2DSideScrollerBP/Blueprints/Minions/Tower.Tower_C'!
[2019.01.22-04.51.47:954][753]LogScript: Warning: Script Msg: Attempted to access index 0 from array 'Targets' of length 0 in '/Game/2DSideScrollerBP/Blueprints/Minions/Tower.Tower_C'!
[2019.01.22-04.51.47:954][753]LogScript: Warning: Script Msg: Attempted to access index 0 from array 'Targets' of length 0 in '/Game/2DSideScrollerBP/Blueprints/Minions/Tower.Tower_C'!
[2019.01.22-04.51.48:959][815]LogScript: Warning: Script Msg: Attempted to access index 0 from array 'Targets' of length 0 in '/Game/2DSideScrollerBP/Blueprints/Minions/Tower.Tower_C'!
[2019.01.22-04.51.48:959][815]LogScript: Warning: Script Msg: Attempted to access index 0 from array 'Targets' of length 0 in '/Game/2DSideScrollerBP/Blueprints/Minions/Tower.Tower_C'!
[2019.01.22-04.51.49:175][829]LogBlueprintUserMessages: [Cube_Blueprint] takeoff
[2019.01.22-04.51.49:962][877]LogScript: Warning: Script Msg: Attempted to access index 0 from array 'Targets' of length 0 in '/Game/2DSideScrollerBP/Blueprints/Minions/Tower.Tower_C'!
[2019.01.22-04.51.49:962][877]LogScript: Warning: Script Msg: Attempted to access index 0 from array 'Targets' of length 0 in '/Game/2DSideScrollerBP/Blueprints/Minions/Tower.Tower_C'!
[2019.01.22-04.51.50:211][893]LogBlueprintUserMessages: [Cube_Blueprint] land
[2019.01.22-04.51.50:740][926]LogScript: Warning: Script Msg: Attempted to access index 5 from array 'Brute' of length 3 in '/Game/2DSideScrollerBP/Blueprints/Minions/TroopSpawner.TroopSpawner_C'!
[2019.01.22-04.51.50:740][926]LogScript: Warning: UGameplayStatics::BeginSpawningActorFromClass: can not spawn an actor from a NULL class
[2019.01.22-04.51.50:740][926]LogScript: Warning: Script Msg: Attempted to access index 5 from array 'Brute' of length 3 in '/Game/2DSideScrollerBP/Blueprints/Minions/TroopSpawner.TroopSpawner_C'!
[2019.01.22-04.51.50:740][926]LogScript: Warning: UGameplayStatics::BeginSpawningActorFromClass: can not spawn an actor from a NULL class
[2019.01.22-04.51.50:740][926]LogScript: Warning: Script Msg: Attempted to access index 5 from array 'Brute' of length 3 in '/Game/2DSideScrollerBP/Blueprints/Minions/TroopSpawner.TroopSpawner_C'!
[2019.01.22-04.51.50:740][926]LogScript: Warning: UGameplayStatics::BeginSpawningActorFromClass: can not spawn an actor from a NULL class
[2019.01.22-04.51.50:740][926]LogScript: Warning: Script Msg: Attempted to access index 5 from array 'Brute' of length 3 in '/Game/2DSideScrollerBP/Blueprints/Minions/TroopSpawner.TroopSpawner_C'!
[2019.01.22-04.51.50:741][926]LogScript: Warning: UGameplayStatics::BeginSpawningActorFromClass: can not spawn an actor from a NULL class
[2019.01.22-04.51.50:741][926]LogScript: Warning: Script Msg: Attempted to access index 5 from array 'Brute' of length 3 in '/Game/2DSideScrollerBP/Blueprints/Minions/TroopSpawner.TroopSpawner_C'!
[2019.01.22-04.51.50:741][926]LogScript: Warning: UGameplayStatics::BeginSpawningActorFromClass: can not spawn an actor from a NULL class
[2019.01.22-04.51.50:741][926]LogScript: Warning: Script Msg: Attempted to access index 5 from array 'Brute' of length 3 in '/Game/2DSideScrollerBP/Blueprints/Minions/TroopSpawner.TroopSpawner_C'!
[2019.01.22-04.51.50:741][926]LogScript: Warning: UGameplayStatics::BeginSpawningActorFromClass: can not spawn an actor from a NULL class
[2019.01.22-04.51.50:967][939]LogScript: Warning: Script Msg: Attempted to access index 0 from array 'Targets' of length 0 in '/Game/2DSideScrollerBP/Blueprints/Minions/Tower.Tower_C'!
[2019.01.22-04.51.50:967][939]LogScript: Warning: Script Msg: Attempted to access index 0 from array 'Targets' of length 0 in '/Game/2DSideScrollerBP/Blueprints/Minions/Tower.Tower_C'!
[2019.01.22-04.51.51:008][942]LogBlueprintUserMessages: [Cube_Blueprint] takeoff
[2019.01.22-04.51.51:969][  1]LogScript: Warning: Script Msg: Attempted to access index 0 from array 'Targets' of length 0 in '/Game/2DSideScrollerBP/Blueprints/Minions/Tower.Tower_C'!
[2019.01.22-04.51.51:970][  1]LogScript: Warning: Script Msg: Attempted to access index 0 from array 'Targets' of length 0 in '/Game/2DSideScrollerBP/Blueprints/Minions/Tower.Tower_C'!
[2019.01.22-04.51.52:041][  6]LogBlueprintUserMessages: [Cube_Blueprint] land
[2019.01.22-04.51.52:539][ 37]LogScript: Warning: Script Msg: Attempted to access index 0 from array 'Targets' of length 0 in '/Game/2DSideScrollerBP/Blueprints/Minions/Tower.Tower_C'!
[2019.01.22-04.51.52:540][ 37]LogScript: Warning: Script Msg: Attempted to access index 0 from array 'Targets' of length 0 in '/Game/2DSideScrollerBP/Blueprints/Minions/Tower.Tower_C'!
[2019.01.22-04.51.52:540][ 37]LogScript: Warning: Script Msg: Attempted to access index 0 from array 'Targets' of length 0 in '/Game/2DSideScrollerBP/Blueprints/Minions/Tower.Tower_C'!
[2019.01.22-04.51.52:540][ 37]LogScript: Warning: Script Msg: Attempted to access index 0 from array 'Targets' of length 0 in '/Game/2DSideScrollerBP/Blueprints/Minions/Tower.Tower_C'!
[2019.01.22-04.51.52:540][ 37]LogScript: Warning: Script Msg: Attempted to access index 0 from array 'Targets' of length 0 in '/Game/2DSideScrollerBP/Blueprints/Minions/Tower.Tower_C'!
[2019.01.22-04.51.52:738][ 49]LogBlueprintUserMessages: [Cube_Blueprint] takeoff
[2019.01.22-04.51.52:980][ 63]LogScript: Warning: Script Msg: Attempted to access index 0 from array 'Targets' of length 0 in '/Game/2DSideScrollerBP/Blueprints/Minions/Tower.Tower_C'!
[2019.01.22-04.51.52:980][ 63]LogScript: Warning: Script Msg: Attempted to access index 0 from array 'Targets' of length 0 in '/Game/2DSideScrollerBP/Blueprints/Minions/Tower.Tower_C'!
[2019.01.22-04.51.53:567][100]LogBlueprintUserMessages: [TowerShot_C_68] Minion219
[2019.01.22-04.51.53:779][113]LogBlueprintUserMessages: [Cube_Blueprint] land
[2019.01.22-04.51.53:978][125]LogScript: Warning: Script Msg: Attempted to access index 0 from array 'Targets' of length 0 in '/Game/2DSideScrollerBP/Blueprints/Minions/Tower.Tower_C'!
[2019.01.22-04.51.54:262][143]LogBlueprintUserMessages: [Cube_Blueprint] takeoff
[2019.01.22-04.51.54:509][158]LogScript: Warning: Script Msg: Attempted to access index 0 from array 'Targets' of length 0 in '/Game/2DSideScrollerBP/Blueprints/Minions/Tower.Tower_C'!
[2019.01.22-04.51.54:550][161]LogBlueprintUserMessages: [TowerShot_C_69] Minion219
[2019.01.22-04.51.54:980][187]LogScript: Warning: Script Msg: Attempted to access index 0 from array 'Targets' of length 0 in '/Game/2DSideScrollerBP/Blueprints/Minions/Tower.Tower_C'!
[2019.01.22-04.51.55:297][207]LogBlueprintUserMessages: [Cube_Blueprint] land
[2019.01.22-04.51.55:713][233]LogBlueprintUserMessages: [TowerShot_C_72] Minion131
[2019.01.22-04.51.55:980][249]LogBlueprintUserMessages: [Cube_Blueprint] takeoff
[2019.01.22-04.51.56:511][282]LogScript: Warning: Script Msg: Attempted to access index 0 from array 'Targets' of length 0 in '/Game/2DSideScrollerBP/Blueprints/Minions/Tower.Tower_C'!
[2019.01.22-04.51.56:877][305]LogBlueprintUserMessages: [TowerShot_C_75] Minion225
[2019.01.22-04.51.56:921][307]LogScript: Warning: Script Msg: Attempted to access index 0 from array 'Targets' of length 0 in '/Game/2DSideScrollerBP/Blueprints/Minions/Tower.Tower_C'!
[2019.01.22-04.51.57:011][313]LogBlueprintUserMessages: [Cube_Blueprint] land
[2019.01.22-04.51.57:378][336]LogBlueprintUserMessages: [PBullet_C_6] Minion2_ATK437
[2019.01.22-04.51.57:520][344]LogScript: Warning: Script Msg: Attempted to access index 0 from array 'Targets' of length 0 in '/Game/2DSideScrollerBP/Blueprints/Minions/Tower.Tower_C'!
[2019.01.22-04.51.57:674][354]LogBlueprintUserMessages: [Cube_Blueprint] takeoff
[2019.01.22-04.51.57:924][369]LogScript: Warning: Script Msg: Attempted to access index 0 from array 'Targets' of length 0 in '/Game/2DSideScrollerBP/Blueprints/Minions/Tower.Tower_C'!
[2019.01.22-04.51.58:517][406]LogScript: Warning: Script Msg: Attempted to access index 0 from array 'Targets' of length 0 in '/Game/2DSideScrollerBP/Blueprints/Minions/Tower.Tower_C'!
[2019.01.22-04.51.58:707][418]LogBlueprintUserMessages: [Cube_Blueprint] land
[2019.01.22-04.51.58:769][422]LogScript: Warning: Script Msg: Attempted to access index 6 from array 'Brute' of length 3 in '/Game/2DSideScrollerBP/Blueprints/Minions/TroopSpawner.TroopSpawner_C'!
[2019.01.22-04.51.58:769][422]LogScript: Warning: UGameplayStatics::BeginSpawningActorFromClass: can not spawn an actor from a NULL class
[2019.01.22-04.51.58:769][422]LogScript: Warning: Script Msg: Attempted to access index 6 from array 'Brute' of length 3 in '/Game/2DSideScrollerBP/Blueprints/Minions/TroopSpawner.TroopSpawner_C'!
[2019.01.22-04.51.58:769][422]LogScript: Warning: UGameplayStatics::BeginSpawningActorFromClass: can not spawn an actor from a NULL class
[2019.01.22-04.51.58:769][422]LogScript: Warning: Script Msg: Attempted to access index 6 from array 'Brute' of length 3 in '/Game/2DSideScrollerBP/Blueprints/Minions/TroopSpawner.TroopSpawner_C'!
[2019.01.22-04.51.58:769][422]LogScript: Warning: UGameplayStatics::BeginSpawningActorFromClass: can not spawn an actor from a NULL class
[2019.01.22-04.51.58:769][422]LogScript: Warning: Script Msg: Attempted to access index 6 from array 'Brute' of length 3 in '/Game/2DSideScrollerBP/Blueprints/Minions/TroopSpawner.TroopSpawner_C'!
[2019.01.22-04.51.58:769][422]LogScript: Warning: UGameplayStatics::BeginSpawningActorFromClass: can not spawn an actor from a NULL class
[2019.01.22-04.51.58:769][422]LogScript: Warning: Script Msg: Attempted to access index 6 from array 'Brute' of length 3 in '/Game/2DSideScrollerBP/Blueprints/Minions/TroopSpawner.TroopSpawner_C'!
[2019.01.22-04.51.58:769][422]LogScript: Warning: UGameplayStatics::BeginSpawningActorFromClass: can not spawn an actor from a NULL class
[2019.01.22-04.51.58:769][422]LogScript: Warning: Script Msg: Attempted to access index 6 from array 'Brute' of length 3 in '/Game/2DSideScrollerBP/Blueprints/Minions/TroopSpawner.TroopSpawner_C'!
[2019.01.22-04.51.58:769][422]LogScript: Warning: UGameplayStatics::BeginSpawningActorFromClass: can not spawn an actor from a NULL class
[2019.01.22-04.51.58:770][422]LogScript: Warning: Script Msg: Attempted to access index 0 from array 'Targets' of length 0 in '/Game/2DSideScrollerBP/Blueprints/Minions/Tower.Tower_C'!
[2019.01.22-04.51.58:802][424]LogScript: Warning: Script Msg: Attempted to access index 0 from array 'Targets' of length 0 in '/Game/2DSideScrollerBP/Blueprints/Minions/Tower.Tower_C'!
[2019.01.22-04.51.58:803][424]LogScript: Warning: Script Msg: Attempted to access index 0 from array 'Targets' of length 0 in '/Game/2DSideScrollerBP/Blueprints/Minions/Tower.Tower_C'!
[2019.01.22-04.51.58:818][425]LogScript: Warning: Script Msg: Attempted to access index 0 from array 'Targets' of length 0 in '/Game/2DSideScrollerBP/Blueprints/Minions/Tower.Tower_C'!
[2019.01.22-04.51.58:818][425]LogScript: Warning: Script Msg: Attempted to access index 0 from array 'Targets' of length 0 in '/Game/2DSideScrollerBP/Blueprints/Minions/Tower.Tower_C'!
[2019.01.22-04.51.58:819][425]LogScript: Warning: Script Msg: Attempted to access index 0 from array 'Targets' of length 0 in '/Game/2DSideScrollerBP/Blueprints/Minions/Tower.Tower_C'!
[2019.01.22-04.51.58:819][425]LogScript: Warning: Script Msg: Attempted to access index 0 from array 'Targets' of length 0 in '/Game/2DSideScrollerBP/Blueprints/Minions/Tower.Tower_C'!
[2019.01.22-04.51.58:819][425]LogScript: Warning: Script Msg: Attempted to access index 0 from array 'Targets' of length 0 in '/Game/2DSideScrollerBP/Blueprints/Minions/Tower.Tower_C'!
[2019.01.22-04.51.58:836][426]LogBlueprintUserMessages: [TowerShot_C_81] Minion221
[2019.01.22-04.51.58:929][431]LogScript: Warning: Script Msg: Attempted to access index 0 from array 'Targets' of length 0 in '/Game/2DSideScrollerBP/Blueprints/Minions/Tower.Tower_C'!
[2019.01.22-04.51.59:520][468]LogScript: Warning: Script Msg: Attempted to access index 0 from array 'Targets' of length 0 in '/Game/2DSideScrollerBP/Blueprints/Minions/Tower.Tower_C'!
[2019.01.22-04.51.59:659][477]LogBlueprintUserMessages: [PBullet_C_8] Minion3_ATK353
[2019.01.22-04.51.59:676][478]LogBlueprintUserMessages: [PBullet_C_7] Minion312
[2019.01.22-04.51.59:836][488]LogBlueprintUserMessages: [TowerShot_C_85] Minion215
[2019.01.22-04.51.59:926][493]LogScript: Warning: Script Msg: Attempted to access index 0 from array 'Targets' of length 0 in '/Game/2DSideScrollerBP/Blueprints/Minions/Tower.Tower_C'!
[2019.01.22-04.51.59:968][496]LogBlueprintUserMessages: [PBullet_C_9] Minion1_ATK182
[2019.01.22-04.52.00:147][507]LogScript: Warning: Script Msg: Attempted to access index 0 from array 'Targets' of length 0 in '/Game/2DSideScrollerBP/Blueprints/Minions/Tower.Tower_C'!
[2019.01.22-04.52.00:147][507]LogScript: Warning: Script Msg: Attempted to access index 0 from array 'Targets' of length 0 in '/Game/2DSideScrollerBP/Blueprints/Minions/Tower.Tower_C'!
[2019.01.22-04.52.00:568][533]LogBlueprintUserMessages: [PBullet_C_10] Minion3_ATK362
[2019.01.22-04.52.00:842][550]LogBlueprintUserMessages: [TowerShot_C_89] Minion233
[2019.01.22-04.52.00:935][555]LogScript: Warning: Script Msg: Attempted to access index 0 from array 'Targets' of length 0 in '/Game/2DSideScrollerBP/Blueprints/Minions/Tower.Tower_C'!
[2019.01.22-04.52.00:977][558]LogBlueprintUserMessages: [Cube_Blueprint] takeoff
[2019.01.22-04.52.01:211][572]LogScript: Warning: Script Msg: Attempted to access index 0 from array 'Targets' of length 0 in '/Game/2DSideScrollerBP/Blueprints/Minions/Tower.Tower_C'!
[2019.01.22-04.52.01:939][617]LogScript: Warning: Script Msg: Attempted to access index 0 from array 'Targets' of length 0 in '/Game/2DSideScrollerBP/Blueprints/Minions/Tower.Tower_C'!
[2019.01.22-04.52.02:009][622]LogBlueprintUserMessages: [PBullet_C_11] Minion324
[2019.01.22-04.52.02:020][622]LogBlueprintUserMessages: [Cube_Blueprint] land
[2019.01.22-04.52.02:156][631]LogBlueprintUserMessages: [TowerShot_C_94] Minion215
[2019.01.22-04.52.02:216][634]LogScript: Warning: Script Msg: Attempted to access index 0 from array 'Targets' of length 0 in '/Game/2DSideScrollerBP/Blueprints/Minions/Tower.Tower_C'!
[2019.01.22-04.52.02:903][677]LogBlueprintUserMessages: [PBullet_C_12] Minion336
[2019.01.22-04.52.02:948][679]LogScript: Warning: Script Msg: Attempted to access index 0 from array 'Targets' of length 0 in '/Game/2DSideScrollerBP/Blueprints/Minions/Tower.Tower_C'!
[2019.01.22-04.52.03:207][695]LogScript: Warning: Script Msg: Attempted to access index 0 from array 'Targets' of length 0 in '/Game/2DSideScrollerBP/Blueprints/Minions/Tower.Tower_C'!
[2019.01.22-04.52.03:936][740]LogScript: Warning: Script Msg: Attempted to access index 0 from array 'Targets' of length 0 in '/Game/2DSideScrollerBP/Blueprints/Minions/Tower.Tower_C'!
[2019.01.22-04.52.04:208][757]LogScript: Warning: Script Msg: Attempted to access index 0 from array 'Targets' of length 0 in '/Game/2DSideScrollerBP/Blueprints/Minions/Tower.Tower_C'!
[2019.01.22-04.52.04:961][803]LogScript: Warning: Script Msg: Attempted to access index 0 from array 'Targets' of length 0 in '/Game/2DSideScrollerBP/Blueprints/Minions/Tower.Tower_C'!
[2019.01.22-04.52.05:241][820]LogScript: Warning: Script Msg: Attempted to access index 0 from array 'Targets' of length 0 in '/Game/2DSideScrollerBP/Blueprints/Minions/Tower.Tower_C'!
[2019.01.22-04.52.05:660][841]LogSlate: Window 'TrenchTowers (64-bit Development PCD3D_SM5) ' being destroyed
[2019.01.22-04.52.05:661][841]LogWindowsTextInputMethodSystem: Display: IME system now deactivated.
[2019.01.22-04.52.05:679][841]LogSlate: Updating window title bar state: overlay mode, drag disabled, window buttons hidden, title bar hidden
[2019.01.22-04.52.05:680][841]LogEngine: All Windows Closed
[2019.01.22-04.52.05:680][841]LogWindows: FPlatformMisc::RequestExit(0)
[2019.01.22-04.52.05:853][842]LogExit: Preparing to exit.
[2019.01.22-04.52.05:853][842]LogMoviePlayer: Shutting down movie player
[2019.01.22-04.52.06:867][842]LogSlate: Updating window title bar state: overlay mode, drag disabled, window buttons hidden, title bar hidden
[2019.01.22-04.52.06:907][842]LogExit: Game engine shut down
[2019.01.22-04.52.07:455][842]LogExit: Object subsystem successfully closed.
[2019.01.22-04.52.07:476][842]LogShaderCompilers: Display: Shaders left to compile 0
[2019.01.22-04.52.07:482][842]LogD3D11RHI: Shutdown
[2019.01.22-04.52.07:482][842]LogD3D11RHI: CleanupD3DDevice
[2019.01.22-04.52.07:484][842]LogD3D11RHI: ~FD3D11DynamicRHI
[2019.01.22-04.52.07:493][842]LogModuleManager: Shutting down and abandoning module Voice (382)
[2019.01.22-04.52.07:493][842]LogModuleManager: Shutting down and abandoning module AIModule (378)
[2019.01.22-04.52.07:493][842]LogModuleManager: Shutting down and abandoning module GameplayDebugger (377)
[2019.01.22-04.52.07:493][842]LogModuleManager: Shutting down and abandoning module AITestSuite (375)
[2019.01.22-04.52.07:493][842]LogModuleManager: Shutting down and abandoning module NavigationSystem (373)
[2019.01.22-04.52.07:493][842]LogModuleManager: Shutting down and abandoning module SequenceRecorderSections (370)
[2019.01.22-04.52.07:493][842]LogModuleManager: Shutting down and abandoning module SequenceRecorder (368)
[2019.01.22-04.52.07:493][842]LogModuleManager: Shutting down and abandoning module AutomationController (366)
[2019.01.22-04.52.07:493][842]LogModuleManager: Shutting down and abandoning module AutomationWorker (364)
[2019.01.22-04.52.07:493][842]LogModuleManager: Shutting down and abandoning module WmfMediaFactory (362)
[2019.01.22-04.52.07:493][842]LogModuleManager: Shutting down and abandoning module OpenExrWrapper (360)
[2019.01.22-04.52.07:493][842]LogModuleManager: Shutting down and abandoning module ImgMediaFactory (358)
[2019.01.22-04.52.07:493][842]LogModuleManager: Shutting down and abandoning module AvfMediaFactory (356)
[2019.01.22-04.52.07:493][842]LogModuleManager: Shutting down and abandoning module MagicLeapCameraPreviewFactory (354)
[2019.01.22-04.52.07:493][842]LogModuleManager: Shutting down and abandoning module MagicLeapMediaFactory (352)
[2019.01.22-04.52.07:493][842]LogModuleManager: Shutting down and abandoning module CharacterAI (350)
[2019.01.22-04.52.07:493][842]LogModuleManager: Shutting down and abandoning module SessionServices (348)
[2019.01.22-04.52.07:493][842]LogModuleManager: Shutting down and abandoning module MovieSceneCapture (346)
[2019.01.22-04.52.07:493][842]LogModuleManager: Shutting down and abandoning module MovieSceneTracks (344)
[2019.01.22-04.52.07:493][842]LogModuleManager: Shutting down and abandoning module MovieScene (342)
[2019.01.22-04.52.07:493][842]LogModuleManager: Shutting down and abandoning module StreamingPauseRendering (340)
[2019.01.22-04.52.07:493][842]LogModuleManager: Shutting down and abandoning module PortalServices (338)
[2019.01.22-04.52.07:493][842]LogModuleManager: Shutting down and abandoning module PortalRpc (336)
[2019.01.22-04.52.07:493][842]LogModuleManager: Shutting down and abandoning module MessagingRpc (334)
[2019.01.22-04.52.07:493][842]LogModuleManager: Shutting down and abandoning module ProfilerService (332)
[2019.01.22-04.52.07:668][842]LogModuleManager: Shutting down and abandoning module TaskGraph (330)
[2019.01.22-04.52.07:668][842]LogModuleManager: Shutting down and abandoning module SteamVRController (328)
[2019.01.22-04.52.07:668][842]LogModuleManager: Shutting down and abandoning module SteamController (326)
[2019.01.22-04.52.07:668][842]LogModuleManager: Shutting down and abandoning module ProceduralMeshComponent (324)
[2019.01.22-04.52.07:668][842]LogModuleManager: Shutting down and abandoning module OculusInput (322)
[2019.01.22-04.52.07:668][842]LogModuleManager: Shutting down and abandoning module MobilePatchingUtils (320)
[2019.01.22-04.52.07:668][842]LogModuleManager: Shutting down and abandoning module EditableMesh (318)
[2019.01.22-04.52.07:668][842]LogModuleManager: Shutting down and abandoning module CustomMeshComponent (316)
[2019.01.22-04.52.07:668][842]LogModuleManager: Shutting down and abandoning module CableComponent (314)
[2019.01.22-04.52.07:668][842]LogModuleManager: Shutting down and abandoning module AudioCapture (312)
[2019.01.22-04.52.07:668][842]LogModuleManager: Shutting down and abandoning module ArchVisCharacter (310)
[2019.01.22-04.52.07:668][842]LogModuleManager: Shutting down and abandoning module AndroidPermission (308)
[2019.01.22-04.52.07:668][842]LogModuleManager: Shutting down and abandoning module NUTUnrealEngine4 (306)
[2019.01.22-04.52.07:668][842]LogModuleManager: Shutting down and abandoning module NetcodeUnitTest (304)
[2019.01.22-04.52.07:669][842]LogModuleManager: Shutting down and abandoning module MediaCompositing (302)
[2019.01.22-04.52.07:669][842]LogModuleManager: Shutting down and abandoning module LinearTimecode (300)
[2019.01.22-04.52.07:669][842]LogModuleManager: Shutting down and abandoning module ImgMedia (298)
[2019.01.22-04.52.07:675][842]LogModuleManager: Shutting down and abandoning module HTML5Networking (296)
[2019.01.22-04.52.07:675][842]LogModuleManager: Shutting down and abandoning module GeometryCacheTracks (294)
[2019.01.22-04.52.07:675][842]LogModuleManager: Shutting down and abandoning module GeometryCacheSequencer (293)
[2019.01.22-04.52.07:675][842]LogModuleManager: Shutting down and abandoning module GeometryCache (290)
[2019.01.22-04.52.07:675][842]LogModuleManager: Shutting down and abandoning module GeometryCacheEd (289)
[2019.01.22-04.52.07:675][842]LogModuleManager: Shutting down and abandoning module BackChannel (286)
[2019.01.22-04.52.07:675][842]LogModuleManager: Shutting down and abandoning module AppleVision (284)
[2019.01.22-04.52.07:675][842]LogModuleManager: Shutting down and abandoning module AppleImageUtils (282)
[2019.01.22-04.52.07:675][842]LogModuleManager: Shutting down and abandoning module DatasmithContent (280)
[2019.01.22-04.52.07:675][842]LogModuleManager: Shutting down and abandoning module CryptoKeysOpenSSL (278)
[2019.01.22-04.52.07:675][842]LogModuleManager: Shutting down and abandoning module CryptoKeys (276)
[2019.01.22-04.52.07:675][842]LogModuleManager: Shutting down and abandoning module VisualStudioSourceCodeAccess (274)
[2019.01.22-04.52.07:675][842]LogModuleManager: Shutting down and abandoning module HotReload (273)
[2019.01.22-04.52.07:675][842]LogModuleManager: Shutting down and abandoning module DirectoryWatcher (272)
[2019.01.22-04.52.07:675][842]LogModuleManager: Shutting down and abandoning module VisualStudioCodeSourceCodeAccess (268)
[2019.01.22-04.52.07:676][842]LogModuleManager: Shutting down and abandoning module UObjectPlugin (266)
[2019.01.22-04.52.07:676][842]LogModuleManager: Shutting down and abandoning module SubversionSourceControl (264)
[2019.01.22-04.52.07:676][842]LogModuleManager: Shutting down and abandoning module PerforceSourceControl (262)
[2019.01.22-04.52.07:676][842]LogModuleManager: Shutting down and abandoning module SourceControl (261)
[2019.01.22-04.52.07:676][842]LogModuleManager: Shutting down and abandoning module CLionSourceCodeAccess (258)
[2019.01.22-04.52.07:676][842]LogModuleManager: Shutting down and abandoning module RuntimePhysXCooking (256)
[2019.01.22-04.52.07:676][842]LogModuleManager: Shutting down and abandoning module PhysXVehiclesEditor (254)
[2019.01.22-04.52.07:676][842]LogModuleManager: Shutting down and abandoning module PhysXVehicles (252)
[2019.01.22-04.52.07:676][842]LogModuleManager: Shutting down and abandoning module LocationServicesBPLibrary (250)
[2019.01.22-04.52.07:676][842]LogModuleManager: Shutting down and abandoning module ImmediatePhysicsEditor (248)
[2019.01.22-04.52.07:676][842]LogModuleManager: Shutting down and abandoning module ImmediatePhysics (246)
[2019.01.22-04.52.07:676][842]LogModuleManager: Shutting down and abandoning module ActorSequence (244)
[2019.01.22-04.52.07:676][842]LogModuleManager: Shutting down and abandoning module UdpMessaging (242)
[2019.01.22-04.52.07:778][842]LogModuleManager: Shutting down and abandoning module TcpMessaging (240)
[2019.01.22-04.52.07:879][842]LogModuleManager: Shutting down and abandoning module MagicLeapAudio (238)
[2019.01.22-04.52.07:879][842]LogModuleManager: Shutting down and abandoning module GameplayTagsEditor (236)
[2019.01.22-04.52.07:879][842]LogModuleManager: Shutting down and abandoning module FacialAnimation (234)
[2019.01.22-04.52.07:879][842]LogModuleManager: Shutting down and abandoning module DataValidation (232)
[2019.01.22-04.52.07:879][842]LogModuleManager: Shutting down and abandoning module AssetManagerEditor (230)
[2019.01.22-04.52.07:879][842]LogModuleManager: Shutting down and abandoning module TreeMap (229)
[2019.01.22-04.52.07:879][842]LogModuleManager: Shutting down and abandoning module LightPropagationVolumeRuntime (226)
[2019.01.22-04.52.07:879][842]LogModuleManager: Shutting down and abandoning module AISupportModule (224)
[2019.01.22-04.52.07:879][842]LogModuleManager: Shutting down and abandoning module Paper2D (222)
[2019.01.22-04.52.07:879][842]LogModuleManager: Shutting down and abandoning module PIEPreviewDeviceProfileSelector (220)
[2019.01.22-04.52.07:879][842]LogModuleManager: Shutting down and abandoning module WindowsMoviePlayer (218)
[2019.01.22-04.52.07:879][842]LogModuleManager: Shutting down and abandoning module WmfMedia (216)
[2019.01.22-04.52.07:882][842]LogModuleManager: Shutting down and abandoning module Media (215)
[2019.01.22-04.52.07:888][842]LogModuleManager: Shutting down and abandoning module PacketHandler (212)
[2019.01.22-04.52.07:888][842]LogModuleManager: Shutting down and abandoning module ClothingSystemEditor (210)
[2019.01.22-04.52.07:888][842]LogModuleManager: Shutting down and abandoning module ClothingSystemRuntime (208)
[2019.01.22-04.52.07:889][842]LogModuleManager: Shutting down and abandoning module MediaAssets (206)
[2019.01.22-04.52.07:889][842]LogModuleManager: Shutting down and abandoning module Overlay (204)
[2019.01.22-04.52.07:889][842]LogModuleManager: Shutting down and abandoning module OverlayEditor (203)
[2019.01.22-04.52.07:889][842]LogModuleManager: Shutting down and abandoning module VREditor (200)
[2019.01.22-04.52.07:889][842]LogModuleManager: Shutting down and abandoning module StringTableEditor (198)
[2019.01.22-04.52.07:889][842]LogModuleManager: Shutting down and abandoning module GameplayTasksEditor (196)
[2019.01.22-04.52.07:889][842]LogModuleManager: Shutting down and abandoning module BehaviorTreeEditor (194)
[2019.01.22-04.52.07:889][842]LogModuleManager: Shutting down and abandoning module FunctionalTesting (192)
[2019.01.22-04.52.07:889][842]LogModuleManager: Shutting down and abandoning module CollisionAnalyzer (190)
[2019.01.22-04.52.07:889][842]LogModuleManager: Shutting down and abandoning module WorkspaceMenuStructure (189)
[2019.01.22-04.52.07:889][842]LogModuleManager: Shutting down and abandoning module UMG (186)
[2019.01.22-04.52.07:889][842]LogModuleManager: Shutting down and abandoning module UMGEditor (185)
[2019.01.22-04.52.07:889][842]LogModuleManager: Shutting down and abandoning module Sequencer (184)
[2019.01.22-04.52.07:889][842]LogModuleManager: Shutting down and abandoning module MessageLog (181)
[2019.01.22-04.52.07:889][842]LogModuleManager: Shutting down and abandoning module SlateReflector (176)
[2019.01.22-04.52.07:889][842]LogModuleManager: Shutting down and abandoning module Slate (174)
[2019.01.22-04.52.07:889][842]LogModuleManager: Shutting down and abandoning module EditorStyle (172)
[2019.01.22-04.52.07:891][842]LogModuleManager: Shutting down and abandoning module MRMesh (170)
[2019.01.22-04.52.07:891][842]LogModuleManager: Shutting down and abandoning module Messaging (168)
[2019.01.22-04.52.07:891][842]LogModuleManager: Shutting down and abandoning module SourceCodeAccess (166)
[2019.01.22-04.52.07:891][842]LogModuleManager: Shutting down and abandoning module HeadMountedDisplay (164)
[2019.01.22-04.52.07:891][842]LogModuleManager: Shutting down and abandoning module XAudio2 (162)
[2019.01.22-04.52.07:891][842]LogModuleManager: Shutting down and abandoning module Networking (160)
[2019.01.22-04.52.07:891][842]LogModuleManager: Shutting down and abandoning module Core (158)
[2019.01.22-04.52.07:891][842]LogModuleManager: Shutting down and abandoning module LevelSequence (156)
[2019.01.22-04.52.07:891][842]LogModuleManager: Shutting down and abandoning module KismetCompiler (154)
[2019.01.22-04.52.07:891][842]LogModuleManager: Shutting down and abandoning module MeshUtilities (152)
[2019.01.22-04.52.07:891][842]LogModuleManager: Shutting down and abandoning module MeshMergeUtilities (151)
[2019.01.22-04.52.07:891][842]LogModuleManager: Shutting down and abandoning module MeshReductionInterface (150)
[2019.01.22-04.52.07:891][842]LogModuleManager: Shutting down and abandoning module SimplygonSwarm (149)
[2019.01.22-04.52.07:891][842]LogModuleManager: Shutting down and abandoning module ProxyLODMeshReduction (147)
[2019.01.22-04.52.07:891][842]LogModuleManager: Shutting down and abandoning module SimplygonMeshReduction (145)
[2019.01.22-04.52.07:891][842]LogModuleManager: Shutting down and abandoning module QuadricMeshReduction (143)
[2019.01.22-04.52.07:891][842]LogModuleManager: Shutting down and abandoning module MaterialBaking (139)
[2019.01.22-04.52.07:891][842]LogModuleManager: Shutting down and abandoning module DerivedDataCache (134)
[2019.01.22-04.52.08:385][842]LogDerivedDataCache: Shutdown
[2019.01.22-04.52.08:385][842]LogModuleManager: Shutting down and abandoning module XGEController (132)
[2019.01.22-04.52.08:385][842]LogModuleManager: Shutting down and abandoning module TargetPlatform (130)
[2019.01.22-04.52.08:385][842]LogModuleManager: Shutting down and abandoning module VulkanShaderFormat (129)
[2019.01.22-04.52.08:385][842]LogModuleManager: Shutting down and abandoning module ShaderFormatVectorVM (127)
[2019.01.22-04.52.08:385][842]LogModuleManager: Shutting down and abandoning module ShaderFormatOpenGL (125)
[2019.01.22-04.52.08:385][842]LogModuleManager: Shutting down and abandoning module ShaderFormatD3D (123)
[2019.01.22-04.52.08:385][842]LogModuleManager: Shutting down and abandoning module MetalShaderFormat (121)
[2019.01.22-04.52.08:385][842]LogModuleManager: Shutting down and abandoning module TextureFormatUncompressed (119)
[2019.01.22-04.52.08:385][842]LogModuleManager: Shutting down and abandoning module TextureFormatPVR (117)
[2019.01.22-04.52.08:385][842]LogModuleManager: Shutting down and abandoning module TextureFormatDXT (115)
[2019.01.22-04.52.08:386][842]LogModuleManager: Shutting down and abandoning module TextureFormatIntelISPCTexComp (113)
[2019.01.22-04.52.08:386][842]LogModuleManager: Shutting down and abandoning module TextureFormatASTC (111)
[2019.01.22-04.52.08:386][842]LogModuleManager: Shutting down and abandoning module ImageWrapper (110)
[2019.01.22-04.52.08:386][842]LogModuleManager: Shutting down and abandoning module TextureFormatAndroid (107)
[2019.01.22-04.52.08:386][842]LogModuleManager: Shutting down and abandoning module AudioFormatOpus (105)
[2019.01.22-04.52.08:386][842]LogModuleManager: Shutting down and abandoning module AudioFormatOgg (103)
[2019.01.22-04.52.08:386][842]LogModuleManager: Shutting down and abandoning module AudioFormatADPCM (101)
[2019.01.22-04.52.08:386][842]LogModuleManager: Shutting down and abandoning module WindowsTargetPlatform (99)
[2019.01.22-04.52.08:386][842]LogModuleManager: Shutting down and abandoning module WindowsServerTargetPlatform (97)
[2019.01.22-04.52.08:386][842]LogModuleManager: Shutting down and abandoning module WindowsNoEditorTargetPlatform (95)
[2019.01.22-04.52.08:386][842]LogModuleManager: Shutting down and abandoning module WindowsClientTargetPlatform (93)
[2019.01.22-04.52.08:386][842]LogModuleManager: Shutting down and abandoning module InputCore (90)
[2019.01.22-04.52.08:386][842]LogModuleManager: Shutting down and abandoning module Settings (88)
[2019.01.22-04.52.08:386][842]LogModuleManager: Shutting down and abandoning module PhysXCooking (86)
[2019.01.22-04.52.08:386][842]LogModuleManager: Shutting down and abandoning module SteamVR (84)
[2019.01.22-04.52.08:386][842]LogModuleManager: Shutting down and abandoning module OculusHMD (82)
[2019.01.22-04.52.08:386][842]LogModuleManager: Shutting down and abandoning module ExampleDeviceProfileSelector (80)
[2019.01.22-04.52.08:386][842]LogModuleManager: Shutting down and abandoning module LauncherChunkInstaller (78)
[2019.01.22-04.52.08:386][842]LogModuleManager: Shutting down and abandoning module OnlineBlueprintSupport (76)
[2019.01.22-04.52.08:386][842]LogModuleManager: Shutting down and abandoning module OnlineSubsystem (72)
[2019.01.22-04.52.08:386][842]LogOnline: VeryVerbose: OSS: FOnlineSubsystemNull::Shutdown()
[2019.01.22-04.52.08:386][842]LogOnline: VeryVerbose: OSS: FOnlineAsyncTaskManager::Stop() ActiveTask:0000000000000000 Tasks[0/0]
[2019.01.22-04.52.08:387][842]LogOnline: VeryVerbose: OSS: FOnlineAsyncTaskManager::Exit() started
[2019.01.22-04.52.08:387][842]LogOnline: VeryVerbose: OSS: FOnlineAsyncTaskManager::Exit() finished
[2019.01.22-04.52.08:387][842]LogOnline: Verbose: OSS: Unloading online subsystem: STEAM
[2019.01.22-04.52.08:388][842]LogOnline: Verbose: OSS: Unloading online subsystem: NULL
[2019.01.22-04.52.08:388][842]LogModuleManager: Shutting down and abandoning module XMPP (65)
[2019.01.22-04.52.08:388][842]LogModuleManager: Shutting down and abandoning module WebSockets (64)
[2019.01.22-04.52.08:394][842]LogModuleManager: Shutting down and abandoning module HTTP (61)
[2019.01.22-04.52.08:426][842]LogModuleManager: Shutting down and abandoning module SSL (60)
[2019.01.22-04.52.08:427][842]LogModuleManager: Shutting down and abandoning module MagicLeapEmulator (56)
[2019.01.22-04.52.08:427][842]LogModuleManager: Shutting down and abandoning module MagicLeapPrivileges (54)
[2019.01.22-04.52.08:427][842]LogModuleManager: Shutting down and abandoning module MagicLeapIdentity (52)
[2019.01.22-04.52.08:427][842]LogModuleManager: Shutting down and abandoning module MagicLeapHelperVulkan (50)
[2019.01.22-04.52.08:427][842]LogModuleManager: Shutting down and abandoning module MagicLeapHelperOpenGL (48)
[2019.01.22-04.52.08:427][842]LogModuleManager: Shutting down and abandoning module MagicLeapSecureStorage (46)
[2019.01.22-04.52.08:427][842]LogModuleManager: Shutting down and abandoning module MagicLeapGestures (44)
[2019.01.22-04.52.08:427][842]LogModuleManager: Shutting down and abandoning module MagicLeapEyeTracker (42)
[2019.01.22-04.52.08:427][842]LogModuleManager: Shutting down and abandoning module MagicLeapController (40)
[2019.01.22-04.52.08:427][842]LogSlate: Slate User Destroyed.  User Index 0, Is Virtual User: 0
[2019.01.22-04.52.08:427][842]LogModuleManager: Shutting down and abandoning module MagicLeap (38)
[2019.01.22-04.52.08:427][842]LogModuleManager: Shutting down and abandoning module AnimationModifiers (36)
[2019.01.22-04.52.08:427][842]LogModuleManager: Shutting down and abandoning module PropertyEditor (35)
[2019.01.22-04.52.08:428][842]LogModuleManager: Shutting down and abandoning module AudioEditor (32)
[2019.01.22-04.52.08:428][842]LogModuleManager: Shutting down and abandoning module TextureCompressor (30)
[2019.01.22-04.52.08:428][842]LogModuleManager: Shutting down and abandoning module ShaderCore (28)
[2019.01.22-04.52.08:428][842]LogModuleManager: Shutting down and abandoning module Landscape (26)
[2019.01.22-04.52.08:428][842]LogModuleManager: Shutting down and abandoning module SlateRHIRenderer (24)
[2019.01.22-04.52.08:429][842]LogModuleManager: Shutting down and abandoning module OpenGLDrv (22)
[2019.01.22-04.52.08:429][842]LogModuleManager: Shutting down and abandoning module D3D11RHI (20)
[2019.01.22-04.52.08:429][842]LogModuleManager: Shutting down and abandoning module AnimGraphRuntime (18)
[2019.01.22-04.52.08:429][842]LogModuleManager: Shutting down and abandoning module Renderer (16)
[2019.01.22-04.52.08:429][842]LogModuleManager: Shutting down and abandoning module Engine (14)
[2019.01.22-04.52.08:429][842]LogModuleManager: Shutting down and abandoning module CoreUObject (12)
[2019.01.22-04.52.08:429][842]LogModuleManager: Shutting down and abandoning module NetworkFile (10)
[2019.01.22-04.52.08:429][842]LogModuleManager: Shutting down and abandoning module CookedIterativeFile (8)
[2019.01.22-04.52.08:429][842]LogModuleManager: Shutting down and abandoning module StreamingFile (6)
[2019.01.22-04.52.08:429][842]LogModuleManager: Shutting down and abandoning module SandboxFile (4)
[2019.01.22-04.52.08:429][842]LogModuleManager: Shutting down and abandoning module PakFile (2)
[2019.01.22-04.52.08:441][842]LogExit: Exiting.
[2019.01.22-04.52.08:448][842]Log file closed, 01/21/19 23:52:08
