Log file open, 01/22/19 22:50:41
LogWindows: Failed to load 'aqProf.dll' (GetLastError=126)
LogWindows: File 'aqProf.dll' does not exist
LogWindows: Failed to load 'VtuneApi.dll' (GetLastError=126)
LogWindows: File 'VtuneApi.dll' does not exist
LogWindows: Failed to load 'VtuneApi32e.dll' (GetLastError=126)
LogWindows: File 'VtuneApi32e.dll' does not exist
LogInit: Display: Running engine for game: TrenchTowers
LogPlatformFile: Not using cached read wrapper
LogTaskGraph: Started task graph with 5 named threads and 23 total threads with 3 sets of task threads.
LogStats: Stats thread started at 0.374163
LogD3D11RHI: Loaded GFSDK_Aftermath_Lib.x64.dll
LogICUInternationalization: Display: ICU TimeZone Detection - Raw Offset: -5:00, Platform Override: ''
LogPluginManager: Mounting plugin Paper2D
LogPluginManager: Mounting plugin AISupport
LogPluginManager: Mounting plugin LightPropagationVolume
LogPluginManager: Mounting plugin CLionSourceCodeAccess
LogPluginManager: Mounting plugin CodeLiteSourceCodeAccess
LogPluginManager: Mounting plugin GitSourceControl
LogPluginManager: Mounting plugin KDevelopSourceCodeAccess
LogPluginManager: Mounting plugin NullSourceCodeAccess
LogPluginManager: Mounting plugin PerforceSourceControl
LogPluginManager: Mounting plugin SubversionSourceControl
LogPluginManager: Mounting plugin UObjectPlugin
LogPluginManager: Mounting plugin VisualStudioCodeSourceCodeAccess
LogPluginManager: Mounting plugin VisualStudioSourceCodeAccess
LogPluginManager: Mounting plugin XCodeSourceCodeAccess
LogPluginManager: Mounting plugin AssetManagerEditor
LogPluginManager: Mounting plugin CryptoKeys
LogPluginManager: Mounting plugin DataValidation
LogPluginManager: Mounting plugin FacialAnimation
LogPluginManager: Mounting plugin GameplayTagsEditor
LogPluginManager: Mounting plugin MacGraphicsSwitching
LogPluginManager: Mounting plugin MeshEditor
LogPluginManager: Mounting plugin MobileLauncherProfileWizard
LogPluginManager: Mounting plugin PluginBrowser
LogPluginManager: Mounting plugin SpeedTreeImporter
LogPluginManager: Mounting plugin DatasmithContent
LogPluginManager: Mounting plugin AlembicImporter
LogPluginManager: Mounting plugin AppleImageUtils
LogPluginManager: Mounting plugin AppleVision
LogPluginManager: Mounting plugin BackChannel
LogPluginManager: Mounting plugin CharacterAI
LogPluginManager: Mounting plugin GeometryCache
LogPluginManager: Mounting plugin HTML5Networking
LogPluginManager: Mounting plugin ProxyLODPlugin
LogPluginManager: Mounting plugin MagicLeap
LogPluginManager: Mounting plugin MagicLeapEmulator
LogPluginManager: Mounting plugin MagicLeapMedia
LogPluginManager: Mounting plugin AndroidMedia
LogPluginManager: Mounting plugin AvfMedia
LogPluginManager: Mounting plugin ImgMedia
LogPluginManager: Mounting plugin LinearTimecode
LogPluginManager: Mounting plugin MediaCompositing
LogPluginManager: Mounting plugin MediaPlayerEditor
LogPluginManager: Mounting plugin WmfMedia
LogPluginManager: Mounting plugin TcpMessaging
LogPluginManager: Mounting plugin UdpMessaging
LogPluginManager: Mounting plugin ActorSequence
LogPluginManager: Mounting plugin LevelSequenceEditor
LogPluginManager: Mounting plugin MatineeToLevelSequence
LogPluginManager: Mounting plugin NetcodeUnitTest
LogPluginManager: Mounting plugin NUTUnrealEngine4
LogPluginManager: Mounting plugin OnlineSubsystemGooglePlay
LogPluginManager: Mounting plugin OnlineSubsystemIOS
LogPluginManager: Mounting plugin OnlineSubsystem
LogPluginManager: Mounting plugin OnlineSubsystemNull
LogPluginManager: Mounting plugin OnlineSubsystemSteam
LogPluginManager: Mounting plugin OnlineSubsystemUtils
LogPluginManager: Mounting plugin LauncherChunkInstaller
LogPluginManager: Mounting plugin AndroidDeviceProfileSelector
LogPluginManager: Mounting plugin AndroidMoviePlayer
LogPluginManager: Mounting plugin AndroidPermission
LogPluginManager: Mounting plugin AppleMoviePlayer
LogPluginManager: Mounting plugin ArchVisCharacter
LogPluginManager: Mounting plugin AudioCapture
LogPluginManager: Mounting plugin CableComponent
LogPluginManager: Mounting plugin CustomMeshComponent
LogPluginManager: Mounting plugin EditableMesh
LogPluginManager: Mounting plugin ExampleDeviceProfileSelector
LogPluginManager: Mounting plugin GoogleCloudMessaging
LogPluginManager: Mounting plugin ImmediatePhysics
LogPluginManager: Mounting plugin IOSDeviceProfileSelector
LogPluginManager: Mounting plugin LinuxDeviceProfileSelector
LogPluginManager: Mounting plugin LocationServicesBPLibrary
LogPluginManager: Mounting plugin MobilePatchingUtils
LogPluginManager: Mounting plugin OculusVR
LogPluginManager: Plugin shader directory ../../../Engine/Plugins/Runtime/Oculus/OculusVR/Shaders found
LogPluginManager: Mapping shader source directory ../../../Engine/Plugins/Runtime/Oculus/OculusVR/Shaders to virtual directory /Plugin/OculusVR
LogPluginManager: Mounting plugin PhysXVehicles
LogPluginManager: Mounting plugin ProceduralMeshComponent
LogPluginManager: Mounting plugin RuntimePhysXCooking
LogPluginManager: Mounting plugin SteamController
LogPluginManager: Mounting plugin SteamVR
LogPluginManager: Mounting plugin WindowsMoviePlayer
LogStreaming: Display: Took  0.089s to configure plugins.
LogInit: Using libcurl 7.55.1-DEV
LogInit:  - built for x86_64-pc-win32
LogInit:  - supports SSL with OpenSSL/1.0.2h
LogInit:  - supports HTTP deflate (compression) using libz 1.2.8
LogInit:  - other features:
LogInit:      CURL_VERSION_SSL
LogInit:      CURL_VERSION_LIBZ
LogInit:      CURL_VERSION_IPV6
LogInit:      CURL_VERSION_ASYNCHDNS
LogInit:      CURL_VERSION_LARGEFILE
LogInit:      CURL_VERSION_IDN
LogInit:  CurlRequestOptions (configurable via config and command line):
LogInit:  - bVerifyPeer = false  - Libcurl will NOT verify peer certificate
LogInit:  - bUseHttpProxy = false  - Libcurl will NOT use HTTP proxy
LogInit:  - bDontReuseConnections = false  - Libcurl will reuse connections
LogInit:  - CertBundlePath = nullptr  - Libcurl will use whatever was configured at build time.
LogInit:  - MaxHostConnections = 16  - Libcurl will limit the number of connections to a host
LogInit:  - LocalHostAddr = Default
LogInit:  - BufferSize = 65536
LogOnline: Display: STEAM: Loading Steam SDK 1.39
LogOnline: Warning: STEAM: Steam API disabled!
LogOnline: Display: STEAM: OnlineSubsystemSteam::Shutdown()
LogOnline: OSS: Unable to create OnlineSubsystem module Steam
LogOnline: Verbose: OSS: Created thread (ID:18208).
LogInit: WinSock: version 1.1 (2.2), MaxSocks=32767, MaxUdp=65467
LogInit: Build: ++UE4+Release-4.20-CL-4369336
LogInit: Engine Version: 4.20.3-4369336+++UE4+Release-4.20
LogInit: Compatible Engine Version: 4.20.0-4212847+++UE4+Release-4.20
LogInit: Net CL: 4212847
LogInit: OS: Windows 10 (), CPU: Intel(R) Core(TM) i7-6700HQ CPU @ 2.60GHz, GPU: Intel(R) HD Graphics 530
LogInit: Compiled (64-bit): Sep 17 2018 12:26:19
LogInit: Compiled with Visual C++: 19.13.26129.00
LogInit: Build Configuration: Development
LogInit: Branch Name: ++UE4+Release-4.20
LogInit: Command Line:  127.0.0.1:7777 -game -PIEVIACONSOLE -ResX=640 -ResY=480  -Multiprocess -messaging -SessionName="Play in Standalone Game" -windowed GameUserSettingsINI="D:/Program Files (x86)/TrenchTowers 4.20/Saved/Config/Windows/PIEGameUserSettings0.ini" -MultiprocessSaveConfig  -MultiprocessOSS WinX=8 WinY=550 SAVEWINPOS=1
LogInit: Base Directory: D:/Program Files/Epic Games/UE_4.20/Engine/Binaries/Win64/
LogInit: Installed Engine Build: 1
LogDevObjectVersion: Number of dev versions registered: 20
LogDevObjectVersion:   Dev-Blueprints (B0D832E4-1F89-4F0D-ACCF-7EB736FD4AA2): 10
LogDevObjectVersion:   Dev-Build (E1C64328-A22C-4D53-A36C-8E866417BD8C): 0
LogDevObjectVersion:   Dev-Core (375EC13C-06E4-48FB-B500-84F0262A717E): 2
LogDevObjectVersion:   Dev-Editor (E4B068ED-F494-42E9-A231-DA0B2E46BB41): 24
LogDevObjectVersion:   Dev-Framework (CFFC743F-43B0-4480-9391-14DF171D2073): 34
LogDevObjectVersion:   Dev-Mobile (B02B49B5-BB20-44E9-A304-32B752E40360): 2
LogDevObjectVersion:   Dev-Networking (A4E4105C-59A1-49B5-A7C5-40C4547EDFEE): 0
LogDevObjectVersion:   Dev-Online (39C831C9-5AE6-47DC-9A44-9C173E1C8E7C): 0
LogDevObjectVersion:   Dev-Physics (78F01B33-EBEA-4F98-B9B4-84EACCB95AA2): 0
LogDevObjectVersion:   Dev-Platform (6631380F-2D4D-43E0-8009-CF276956A95A): 0
LogDevObjectVersion:   Dev-Rendering (12F88B9F-8875-4AFC-A67C-D90C383ABD29): 26
LogDevObjectVersion:   Dev-Sequencer (7B5AE74C-D270-4C10-A958-57980B212A5A): 9
LogDevObjectVersion:   Dev-VR (D7296918-1DD6-4BDD-9DE2-64A83CC13884): 2
LogDevObjectVersion:   Dev-LoadTimes (C2A15278-BFE7-4AFE-6C17-90FF531DF755): 1
LogDevObjectVersion:   Private-Geometry (6EACA3D4-40EC-4CC1-B786-8BED09428FC5): 3
LogDevObjectVersion:   Dev-AnimPhys (29E575DD-E0A3-4627-9D10-D276232CDCEA): 17
LogDevObjectVersion:   Dev-ReflectionCapture (6B266CEC-1EC7-4B8F-A30B-E4D90942FC07): 1
LogDevObjectVersion:   Dev-Automation (0DF73D61-A23F-47EA-B727-89E90C41499A): 1
LogDevObjectVersion:   FortniteMain (601D1886-AC64-4F84-AA16-D3DE0DEAC7D6): 12
LogDevObjectVersion:   Dev-Enterprise (9DFFBCD6-494F-0158-E221-12823C92A888): 1
LogStreaming: Display: Took  0.007s to delete old logs.
LogInit: Presizing for max 8388607 objects, including 0 objects not considered by GC, pre-allocating 0 bytes for permanent pool.
LogInit: Object subsystem initialized
[2019.01.23-03.50.42:490][  0]LogInit: Selected Device Profile: [Windows]
[2019.01.23-03.50.42:490][  0]LogInit: Applying CVar settings loaded from the selected device profile: [Windows]
[2019.01.23-03.50.42:521][  0]LogHAL: Display: Platform has ~ 16 GB [17044942848 / 17179869184 / 16], which maps to Larger [LargestMinGB=32, LargerMinGB=12, DefaultMinGB=8, SmallerMinGB=6, SmallestMinGB=0)
[2019.01.23-03.50.42:521][  0]LogInit: Setting Device Profile CVar: [[r.Vulkan.UseRealUBs:1]]
[2019.01.23-03.50.42:521][  0]LogInit: Going up to parent DeviceProfile []
[2019.01.23-03.50.42:522][  0]LogInit: Computer: DESKTOP-RI1ETNT
[2019.01.23-03.50.42:522][  0]LogInit: User: Fires
[2019.01.23-03.50.42:522][  0]LogInit: CPU Page size=4096, Cores=4
[2019.01.23-03.50.42:522][  0]LogInit: High frequency timer resolution =10.000000 MHz
[2019.01.23-03.50.42:522][  0]LogMemory: Memory total: Physical=15.9GB (16GB approx)
[2019.01.23-03.50.42:523][  0]LogMemory: Platform Memory Stats for Windows
[2019.01.23-03.50.42:523][  0]LogMemory: Process Physical Memory: 108.14 MB used, 108.14 MB peak
[2019.01.23-03.50.42:523][  0]LogMemory: Process Virtual Memory: 93.62 MB used, 93.62 MB peak
[2019.01.23-03.50.42:523][  0]LogMemory: Physical Memory: 7412.16 MB used,  8843.16 MB free, 16255.32 MB total
[2019.01.23-03.50.42:523][  0]LogMemory: Virtual Memory: 4646.36 MB used,  8843.16 MB free, 134217728.00 MB total
[2019.01.23-03.50.42:998][  0]LogInit: Using OS detected language (en-US).
[2019.01.23-03.50.42:998][  0]LogInit: Using OS detected locale (en-CA).
[2019.01.23-03.50.43:001][  0]LogTextLocalizationManager: No specific localization for 'en-US' exists, so the 'en' localization will be used.
[2019.01.23-03.50.43:496][  0]LogStreaming: Display: Took  0.498s to InitEngineTextLocalization.
[2019.01.23-03.50.43:597][  0]LogSlate: New Slate User Created.  User Index 0, Is Virtual User: 0
[2019.01.23-03.50.43:597][  0]LogSlate: Slate User Registered.  User Index 0, Is Virtual User: 0
[2019.01.23-03.50.43:665][  0]LogHMD: Failed to initialize OpenVR with code 110
[2019.01.23-03.50.43:665][  0]LogD3D11RHI: D3D11 adapters:
[2019.01.23-03.50.43:783][  0]LogD3D11RHI:    0. 'NVIDIA GeForce GTX 1070' (Feature Level 11_0)
[2019.01.23-03.50.43:783][  0]LogD3D11RHI:       8081/0/8127 MB DedicatedVideo/DedicatedSystem/SharedSystem, Outputs:1, VendorId:0x10de
[2019.01.23-03.50.43:798][  0]LogD3D11RHI:    1. 'Intel(R) HD Graphics 530' (Feature Level 11_0)
[2019.01.23-03.50.43:798][  0]LogD3D11RHI:       128/0/8127 MB DedicatedVideo/DedicatedSystem/SharedSystem, Outputs:0, VendorId:0x8086
[2019.01.23-03.50.43:803][  0]LogD3D11RHI:    2. 'Microsoft Basic Render Driver' (Feature Level 11_0)
[2019.01.23-03.50.43:803][  0]LogD3D11RHI:       0/0/8127 MB DedicatedVideo/DedicatedSystem/SharedSystem, Outputs:0, VendorId:0x1414
[2019.01.23-03.50.43:803][  0]LogD3D11RHI: Chosen D3D11 Adapter: 0
[2019.01.23-03.50.43:857][  0]LogD3D11RHI: Creating new Direct3DDevice
[2019.01.23-03.50.43:857][  0]LogD3D11RHI:     GPU DeviceId: 0x1ba1 (for the marketing name, search the web for "GPU Device Id")
[2019.01.23-03.50.43:857][  0]LogWindows: EnumDisplayDevices:
[2019.01.23-03.50.43:857][  0]LogWindows:    0. 'Intel(R) HD Graphics 530' (P:1 D:1)
[2019.01.23-03.50.43:858][  0]LogWindows:    1. 'Intel(R) HD Graphics 530' (P:0 D:0)
[2019.01.23-03.50.43:858][  0]LogWindows:    2. 'Intel(R) HD Graphics 530' (P:0 D:0)
[2019.01.23-03.50.43:859][  0]LogWindows:    3. 'NVIDIA GeForce GTX 1070' (P:0 D:0)
[2019.01.23-03.50.43:860][  0]LogWindows:    4. 'NVIDIA GeForce GTX 1070' (P:0 D:0)
[2019.01.23-03.50.43:860][  0]LogWindows:    5. 'NVIDIA GeForce GTX 1070' (P:0 D:0)
[2019.01.23-03.50.43:861][  0]LogWindows:    6. 'NVIDIA GeForce GTX 1070' (P:0 D:0)
[2019.01.23-03.50.43:862][  0]LogWindows: DebugString: PrimaryIsNotTheChoosenAdapter PrimaryIsNotTheChoosenAdapter PrimaryIsNotTheChoosenAdapter FoundDriverCount:4 
[2019.01.23-03.50.43:862][  0]LogD3D11RHI:     Adapter Name: NVIDIA GeForce GTX 1070
[2019.01.23-03.50.43:862][  0]LogD3D11RHI:   Driver Version: 417.22 (internal:25.21.14.1722, unified:417.22)
[2019.01.23-03.50.43:862][  0]LogD3D11RHI:      Driver Date: 11-29-2018
[2019.01.23-03.50.43:862][  0]LogRHI: Texture pool is 5656 MB (70% of 8081 MB)
[2019.01.23-03.50.43:934][  0]LogD3D11RHI: [Aftermath] Enabled and primed
[2019.01.23-03.50.43:934][  0]LogD3D11RHI: Async texture creation enabled
[2019.01.23-03.50.43:953][  0]LogD3D11RHI: GPU Timing Frequency: 1000.000000 (Debug: 2 2)
[2019.01.23-03.50.43:955][  0]LogShaderCompilers: Guid format shader working directory is -10 characters bigger than the processId version (../../../../../../Program Files (x86)/TrenchTowers 4.20/Intermediate/Shaders/WorkingDirectory/15568/).
[2019.01.23-03.50.43:955][  0]LogShaderCompilers: Cleaned the shader compiler working directory 'C:/Users/Fires/AppData/Local/Temp/UnrealShaderWorkingDir/7696D78441674AEAE86550B5AABDC5BD/'.
[2019.01.23-03.50.44:199][  0]LogTemp: Display: Loaded TP WindowsClientTargetPlatform
[2019.01.23-03.50.44:226][  0]LogTemp: Display: Loaded TP WindowsNoEditorTargetPlatform
[2019.01.23-03.50.44:254][  0]LogTemp: Display: Loaded TP WindowsServerTargetPlatform
[2019.01.23-03.50.44:279][  0]LogTemp: Display: Loaded TP WindowsTargetPlatform
[2019.01.23-03.50.44:279][  0]LogTargetPlatformManager: Display: Building Assets For Windows
[2019.01.23-03.50.44:467][  0]LogXGEController: Cannot use XGE Controller as Incredibuild is not installed on this machine.
[2019.01.23-03.50.44:467][  0]LogShaderCompilers: Cannot use XGE Shader Compiler as Incredibuild is not installed on this machine.
[2019.01.23-03.50.44:467][  0]LogShaderCompilers: Display: Using Local Shader Compiler.
[2019.01.23-03.50.45:472][  0]LogDerivedDataCache: Display: Max Cache Size: 512 MB
[2019.01.23-03.50.45:539][  0]LogDerivedDataCache: Loaded boot cache 0.07s 71MB C:/Users/Fires/AppData/Local/UnrealEngine/4.20/DerivedDataCache/Boot.ddc.
[2019.01.23-03.50.45:539][  0]LogDerivedDataCache: Display: Loaded Boot cache: C:/Users/Fires/AppData/Local/UnrealEngine/4.20/DerivedDataCache/Boot.ddc
[2019.01.23-03.50.45:539][  0]LogDerivedDataCache: FDerivedDataBackendGraph:  Pak pak cache file ../../../../../../Program Files (x86)/TrenchTowers 4.20/DerivedDataCache/DDC.ddp not found, will not use a pak cache.
[2019.01.23-03.50.45:539][  0]LogDerivedDataCache: Unable to find inner node Pak for hierarchical cache Hierarchy.
[2019.01.23-03.50.45:540][  0]LogDerivedDataCache: FDerivedDataBackendGraph:  CompressedPak pak cache file ../../../../../../Program Files (x86)/TrenchTowers 4.20/DerivedDataCache/Compressed.ddp not found, will not use a pak cache.
[2019.01.23-03.50.45:540][  0]LogDerivedDataCache: Unable to find inner node CompressedPak for hierarchical cache Hierarchy.
[2019.01.23-03.50.45:556][  0]LogDerivedDataCache: Display: Pak cache opened for reading ../../../Engine/DerivedDataCache/Compressed.ddp.
[2019.01.23-03.50.45:570][  0]LogDerivedDataCache: Using Local data cache path C:/Users/Fires/AppData/Local/UnrealEngine/Common/DerivedDataCache: Writable
[2019.01.23-03.50.45:570][  0]LogDerivedDataCache: Shared data cache path not found in *engine.ini, will not use an Shared cache.
[2019.01.23-03.50.45:570][  0]LogDerivedDataCache: Unable to find inner node Shared for hierarchical cache Hierarchy.
[2019.01.23-03.50.45:596][  0]LogMaterial: Verifying Global Shaders for PCD3D_SM5
[2019.01.23-03.50.45:597][  0]LogSlate: Using FreeType 2.6.0
[2019.01.23-03.50.45:599][  0]LogSlate: SlateFontServices - WITH_FREETYPE: 1, WITH_HARFBUZZ: 1
[2019.01.23-03.50.45:722][  0]LogInit: Using OS detected language (en-US).
[2019.01.23-03.50.45:722][  0]LogInit: Using OS detected locale (en-CA).
[2019.01.23-03.50.45:722][  0]LogTextLocalizationManager: No localization for 'en-US' exists, so 'en' will be used for the language.
[2019.01.23-03.50.45:722][  0]LogTextLocalizationManager: No localization for 'en-CA' exists, so 'en' will be used for the locale.
[2019.01.23-03.50.46:097][  0]LogStreaming: Display: Took  0.375s to InitGameTextLocalization.
[2019.01.23-03.50.46:111][  0]LogAssetRegistry: FAssetRegistry took 0.0059 seconds to start up
[2019.01.23-03.50.46:378][  0]LogPackageLocalizationCache: Processed 11 localized package path(s) for 1 prioritized culture(s) in 0.019482 seconds
[2019.01.23-03.50.48:219][  0]LogInit: Selected Device Profile: [Windows]
[2019.01.23-03.50.48:429][  0]LogSimplygon: Simplygon DLL not present - disabling.
[2019.01.23-03.50.48:440][  0]LogMeshReduction: Using SimplygonSwarm for distributed automatic mesh merging
[2019.01.23-03.50.48:440][  0]LogMeshReduction: Using ProxyLODMeshReduction for automatic mesh merging
[2019.01.23-03.50.48:440][  0]LogMeshReduction: Using QuadricMeshReduction for automatic static mesh reduction
[2019.01.23-03.50.48:440][  0]LogMeshReduction: No automatic skeletal mesh reduction module available
[2019.01.23-03.50.48:459][  0]LogNetVersion: TrenchTowers 1.0.0, NetCL: 4212847, EngineNetVer: 5, GameNetVer: 0 (Checksum: 1537713906)
[2019.01.23-03.50.48:497][  0]ImportText (NetDriverDefinitions): Missing opening parenthesis: 
[2019.01.23-03.50.49:279][  0]LogMoviePlayer: Initializing movie player
[2019.01.23-03.50.49:518][  0]LogTcpMessaging: Initializing TcpMessaging bridge
[2019.01.23-03.50.49:534][  0]LogUdpMessaging: Initializing bridge on interface 0.0.0.0:0 to multicast group 230.0.0.1:6666.
[2019.01.23-03.50.49:651][  0]SourceControl: Source control is disabled
[2019.01.23-03.50.49:652][  0]SourceControl: Source control is disabled
[2019.01.23-03.50.49:655][  0]SourceControl: Source control is disabled
[2019.01.23-03.50.49:847][  0]LogAndroidPermission: UAndroidPermissionCallbackProxy::GetInstance
[2019.01.23-03.50.49:994][  0]LogOcInput: OculusInput pre-init called
[2019.01.23-03.50.50:011][  0]LogUObjectArray: 42180 objects as part of root set at end of initial load.
[2019.01.23-03.50.50:011][  0]LogUObjectAllocator: 7443384 out of 0 bytes used by permanent object pool.
[2019.01.23-03.50.50:011][  0]LogUObjectArray: CloseDisregardForGC: 0/0 objects in disregard for GC pool
[2019.01.23-03.50.50:094][  0]LogEngine: Initializing Engine...
[2019.01.23-03.50.50:096][  0]LogHMD: Failed to initialize OpenVR with code 110
[2019.01.23-03.50.50:107][  0]ImportText (NetDriverDefinitions): Missing opening parenthesis: 
[2019.01.23-03.50.50:110][  0]LogStats: UGameplayTagsManager::ConstructGameplayTagTree: Construct from data asset -  0.000 s
[2019.01.23-03.50.50:110][  0]LogStats: UGameplayTagsManager::ConstructGameplayTagTree: GameplayTagTreeChangedEvent.Broadcast -  0.000 s
[2019.01.23-03.50.50:326][  0]LogInit: Initializing FReadOnlyCVARCache
[2019.01.23-03.50.50:370][  0]LogInit: XAudio2 using 'Speakers / Headphones (Realtek Audio)' : 6 channels at 48 kHz using 32 bits per sample (channel mask 0x3f)
[2019.01.23-03.50.50:509][  0]LogInit: FAudioDevice initialized.
[2019.01.23-03.50.50:521][  0]LogNetVersion: Set ProjectVersion to 1.0.0.0. Version Checksum will be recalculated on next use.
[2019.01.23-03.50.50:532][  0]LogInit: Texture streaming: Enabled
[2019.01.23-03.50.50:887][  0]LogSlate: Updating window title bar state: overlay mode, drag disabled, window buttons hidden, title bar hidden
[2019.01.23-03.50.50:888][  0]LogInit: Display: Game Engine Initialized.
[2019.01.23-03.50.50:888][  0]LogGameplayTags: Display: UGameplayTagsManager::DoneAddingNativeTags. DelegateIsBound: 0
[2019.01.23-03.50.50:888][  0]LogStats: UGameplayTagsManager::ConstructGameplayTagTree: Construct from data asset -  0.000 s
[2019.01.23-03.50.50:888][  0]LogStats: UGameplayTagsManager::ConstructGameplayTagTree: GameplayTagTreeChangedEvent.Broadcast -  0.000 s
[2019.01.23-03.50.50:926][  0]LogInit: Display: Starting Game.
[2019.01.23-03.50.50:926][  0]LogNet: Browse: 127.0.0.1//Game/2DSideScrollerBP/Maps/MainMenu?Name=Player
[2019.01.23-03.50.50:926][  0]LogNet: CreateNamedNetDriver failed to create driver from definition GameNetDriver
[2019.01.23-03.50.50:926][  0]LogNet: CreateNamedNetDriver failed to create driver PendingNetDriver from definition GameNetDriver
[2019.01.23-03.50.50:926][  0]LogNet: Warning: Error initializing the pending net driver.  Check the configuration of NetDriverDefinitions and make sure module/plugin dependencies are correct.
[2019.01.23-03.50.50:926][  0]LogNet: Warning: Travel Failure: [PendingNetGameCreateFailure]: Error creating network driver.
[2019.01.23-03.50.50:926][  0]LogNet: TravelFailure: PendingNetGameCreateFailure, Reason for Failure: 'Error creating network driver.'
[2019.01.23-03.50.50:926][  0]LogLoad: Error: Failed to enter /Game/2DSideScrollerBP/Maps/MainMenu: . Please check the log for errors.
[2019.01.23-03.50.50:926][  0]LogNet: Browse: /Game/2DSideScrollerBP/Maps/MainMenu?Name=Player
[2019.01.23-03.50.50:927][  0]LogLoad: LoadMap: /Game/2DSideScrollerBP/Maps/MainMenu?Name=Player
[2019.01.23-03.50.51:004][  0]LogAIModule: Creating AISystem for world MainMenu
[2019.01.23-03.50.51:004][  0]LogLoad: Game class is '2DSideScrollerGameMode_C'
[2019.01.23-03.50.51:006][  0]LogWorld: Bringing World /Game/2DSideScrollerBP/Maps/MainMenu.MainMenu up for play (max tick rate 0) at 2019.01.22-22.50.51
[2019.01.23-03.50.51:006][  0]LogWorld: Bringing up level for play took: 0.000587
[2019.01.23-03.50.51:006][  0]LogGameMode: FindPlayerStart: PATHS NOT DEFINED or NO PLAYERSTART with positive rating
[2019.01.23-03.50.51:020][  0]LogLoad: Took 0.094395 seconds to LoadMap(/Game/2DSideScrollerBP/Maps/MainMenu)
[2019.01.23-03.50.51:122][  0]LogRenderer: Reallocating scene render targets to support 640x480 Format 10 NumSamples 1 (Frame:1).
[2019.01.23-03.50.51:122][  0]LogLoad: (Engine Initialization) Total time: 15.77 seconds
[2019.01.23-03.50.51:122][  0]LogLoad: (Engine Initialization) Total Blueprint compile time: 0.00 seconds
[2019.01.23-03.50.51:141][  0]LogSteamController: SteamController is not available
[2019.01.23-03.50.51:144][  0]LogContentStreaming: Texture pool size now 1000 MB
[2019.01.23-03.50.53:768][163]LogScript: Warning: Accessed None trying to read property SaveGameRef
	MainMenu_C /Engine/Transient.GameEngine_0:TrenchGameInstance_C_0.MainMenu_C_0
	Function /Game/2DSideScrollerBP/Blueprints/GameUI/MainMenu.MainMenu_C:ExecuteUbergraph_MainMenu:0A02
[2019.01.23-03.50.53:768][163]LogScript: Warning: Script call stack:
	Function /Game/2DSideScrollerBP/Blueprints/GameUI/MainMenu.MainMenu_C:BndEvt__PlayGameButton_K2Node_ComponentBoundEvent_1_OnButtonClickedEvent__DelegateSignature
	Function /Game/2DSideScrollerBP/Blueprints/GameUI/MainMenu.MainMenu_C:ExecuteUbergraph_MainMenu

[2019.01.23-03.50.53:768][163]LogScript: Warning: Attempted to assign to None
	MainMenu_C /Engine/Transient.GameEngine_0:TrenchGameInstance_C_0.MainMenu_C_0
	Function /Game/2DSideScrollerBP/Blueprints/GameUI/MainMenu.MainMenu_C:ExecuteUbergraph_MainMenu:0A17
[2019.01.23-03.50.53:768][163]LogScript: Warning: Script call stack:
	Function /Game/2DSideScrollerBP/Blueprints/GameUI/MainMenu.MainMenu_C:BndEvt__PlayGameButton_K2Node_ComponentBoundEvent_1_OnButtonClickedEvent__DelegateSignature
	Function /Game/2DSideScrollerBP/Blueprints/GameUI/MainMenu.MainMenu_C:ExecuteUbergraph_MainMenu

[2019.01.23-03.50.53:768][163]LogBlueprintUserMessages: [MainMenu_C_0] true
[2019.01.23-03.50.53:769][163]LogBlueprintUserMessages: [MainMenu_C_0] notvalid
[2019.01.23-03.50.54:983][238]LogSlate: FSceneViewport::OnFocusLost() reason 0
[2019.01.23-03.50.56:450][329]LogBlueprintUserMessages: [MainMenu_C_0] 
[2019.01.23-03.50.56:450][329]LogBlueprintUserMessages: [TrenchGameInstance_C_0] yes
[2019.01.23-03.50.56:458][329]LogInit: WinSock: I am DESKTOP-RI1ETNT (192.168.1.115:0)
[2019.01.23-03.50.56:458][329]LogOnline: Verbose: OSS: Listening for LAN beacon requests on 14001
[2019.01.23-03.50.57:117][329]LogPackageName: SearchForPackageOnDisk took   0.659s to resolve 2DSideScrollerExampleMap.umap.
[2019.01.23-03.50.57:768][329]LogPackageName: SearchForPackageOnDisk took   0.649s to resolve 2DSideScrollerExampleMap.umap.
[2019.01.23-03.50.57:768][329]LogNet: Browse: /Game/2DSideScrollerBP/Maps/2DSideScrollerExampleMap
[2019.01.23-03.50.57:768][329]LogLoad: LoadMap: /Game/2DSideScrollerBP/Maps/2DSideScrollerExampleMap
[2019.01.23-03.50.58:778][329]LogAIModule: Creating AISystem for world 2DSideScrollerExampleMap
[2019.01.23-03.50.58:779][329]LogLoad: Game class is '2DSideScrollerGameMode_C'
[2019.01.23-03.50.58:810][329]LogWorld: Bringing World /Game/2DSideScrollerBP/Maps/2DSideScrollerExampleMap.2DSideScrollerExampleMap up for play (max tick rate 0) at 2019.01.22-22.50.58
[2019.01.23-03.50.58:810][329]LogWorld: Bringing up level for play took: 0.030288
[2019.01.23-03.50.58:812][329]LogScript: Warning: Script Msg: Attempted to access index 0 from array 'Targets' of length 0 in '/Game/2DSideScrollerBP/Blueprints/Minions/Tower.Tower_C'!
[2019.01.23-03.50.58:812][329]LogScript: Warning: Script Msg: Attempted to access index 0 from array 'Targets' of length 0 in '/Game/2DSideScrollerBP/Blueprints/Minions/Tower.Tower_C'!
[2019.01.23-03.50.58:815][329]LogLoad: Took 1.047586 seconds to LoadMap(/Game/2DSideScrollerBP/Maps/2DSideScrollerExampleMap)
[2019.01.23-03.50.59:111][348]LogBlueprintUserMessages: [Cube_Blueprint] land
[2019.01.23-03.51.00:417][429]LogOutputDevice: Warning: 

Script Stack:
TroopSpawner_C.ExecuteUbergraph_TroopSpawner

[2019.01.23-03.51.01:853][429]LogStats: FPlatformStackWalk::StackWalkAndDump -  1.435 s
[2019.01.23-03.51.01:853][429]LogOutputDevice: Error: === Handled ensure: ===
[2019.01.23-03.51.01:853][429]LogOutputDevice: Error: 
[2019.01.23-03.51.01:853][429]LogOutputDevice: Error: Ensure condition failed: Cast<APawn>(NewUpdatedComponent->GetOwner()) [File:D:\Build\++UE4\Sync\Engine\Source\Runtime\Engine\Private\Components\PawnMovementComponent.cpp] [Line: 16]
[2019.01.23-03.51.01:853][429]LogOutputDevice: Error: FloatingPawnMovement must update a component owned by a Pawn
[2019.01.23-03.51.01:853][429]LogOutputDevice: Error: Stack: 
[2019.01.23-03.51.01:853][429]LogOutputDevice: Error: [Callstack] 0x00007fff66ea71f6 UE4Editor-Core.dll!UnknownFunction []
[2019.01.23-03.51.01:853][429]LogOutputDevice: Error: [Callstack] 0x00007fff66be0c92 UE4Editor-Core.dll!UnknownFunction []
[2019.01.23-03.51.01:853][429]LogOutputDevice: Error: [Callstack] 0x00007fff66bfb356 UE4Editor-Core.dll!UnknownFunction []
[2019.01.23-03.51.01:853][429]LogOutputDevice: Error: [Callstack] 0x00007fff6807dbd5 UE4Editor-Engine.dll!UnknownFunction []
[2019.01.23-03.51.01:853][429]LogOutputDevice: Error: [Callstack] 0x00007fff6806a21b UE4Editor-Engine.dll!UnknownFunction []
[2019.01.23-03.51.01:853][429]LogOutputDevice: Error: [Callstack] 0x00007fff67f88d13 UE4Editor-Engine.dll!UnknownFunction []
[2019.01.23-03.51.01:853][429]LogOutputDevice: Error: [Callstack] 0x00007fff67fb2003 UE4Editor-Engine.dll!UnknownFunction []
[2019.01.23-03.51.01:853][429]LogOutputDevice: Error: [Callstack] 0x00007fff67fb0ea5 UE4Editor-Engine.dll!UnknownFunction []
[2019.01.23-03.51.01:853][429]LogOutputDevice: Error: [Callstack] 0x00007fff68b2e591 UE4Editor-Engine.dll!UnknownFunction []
[2019.01.23-03.51.01:853][429]LogOutputDevice: Error: [Callstack] 0x00007fff67bf46fb UE4Editor-Engine.dll!UnknownFunction []
[2019.01.23-03.51.01:853][429]LogOutputDevice: Error: [Callstack] 0x00007fff67bf87c4 UE4Editor-Engine.dll!UnknownFunction []
[2019.01.23-03.51.01:853][429]LogOutputDevice: Error: [Callstack] 0x00007fff67c176f3 UE4Editor-Engine.dll!UnknownFunction []
[2019.01.23-03.51.01:853][429]LogOutputDevice: Error: [Callstack] 0x00007fff6855f646 UE4Editor-Engine.dll!UnknownFunction []
[2019.01.23-03.51.01:853][429]LogOutputDevice: Error: [Callstack] 0x00007fff6855fc87 UE4Editor-Engine.dll!UnknownFunction []
[2019.01.23-03.51.01:853][429]LogOutputDevice: Error: [Callstack] 0x00007fff68908232 UE4Editor-Engine.dll!UnknownFunction []
[2019.01.23-03.51.01:853][429]LogOutputDevice: Error: [Callstack] 0x00007fff688f8d15 UE4Editor-Engine.dll!UnknownFunction []
[2019.01.23-03.51.01:853][429]LogOutputDevice: Error: [Callstack] 0x00007fff67f297c8 UE4Editor-Engine.dll!UnknownFunction []
[2019.01.23-03.51.01:853][429]LogOutputDevice: Error: [Callstack] 0x00007fff67c1378e UE4Editor-Engine.dll!UnknownFunction []
[2019.01.23-03.51.01:853][429]LogOutputDevice: Error: [Callstack] 0x00007fff67bf892f UE4Editor-Engine.dll!UnknownFunction []
[2019.01.23-03.51.01:853][429]LogOutputDevice: Error: [Callstack] 0x00007fff682f8eaf UE4Editor-Engine.dll!UnknownFunction []
[2019.01.23-03.51.01:853][429]LogOutputDevice: Error: [Callstack] 0x00007fff67c49626 UE4Editor-Engine.dll!UnknownFunction []
[2019.01.23-03.51.01:853][429]LogOutputDevice: Error: [Callstack] 0x00007fff674e6467 UE4Editor-CoreUObject.dll!UnknownFunction []
[2019.01.23-03.51.01:853][429]LogOutputDevice: Error: [Callstack] 0x00007fff676f16ae UE4Editor-CoreUObject.dll!UnknownFunction []
[2019.01.23-03.51.01:853][429]LogOutputDevice: Error: [Callstack] 0x00007fff6770f499 UE4Editor-CoreUObject.dll!UnknownFunction []
[2019.01.23-03.51.01:853][429]LogOutputDevice: Error: [Callstack] 0x00007fff67742266 UE4Editor-CoreUObject.dll!UnknownFunction []
[2019.01.23-03.51.01:853][429]LogOutputDevice: Error: [Callstack] 0x00007fff67711b96 UE4Editor-CoreUObject.dll!UnknownFunction []
[2019.01.23-03.51.01:853][429]LogOutputDevice: Error: [Callstack] 0x00007fff674e6467 UE4Editor-CoreUObject.dll!UnknownFunction []
[2019.01.23-03.51.01:853][429]LogOutputDevice: Error: [Callstack] 0x00007fff67711133 UE4Editor-CoreUObject.dll!UnknownFunction []
[2019.01.23-03.51.01:853][429]LogOutputDevice: Error: [Callstack] 0x00007fff67c18033 UE4Editor-Engine.dll!UnknownFunction []
[2019.01.23-03.51.01:853][429]LogOutputDevice: Error: [Callstack] 0x00007fff684dae8f UE4Editor-Engine.dll!UnknownFunction []
[2019.01.23-03.51.01:853][429]LogOutputDevice: Error: [Callstack] 0x00007fff684c069e UE4Editor-Engine.dll!UnknownFunction []
[2019.01.23-03.51.01:853][429]LogOutputDevice: Error: [Callstack] 0x00007fff67c36bbe UE4Editor-Engine.dll!UnknownFunction []
[2019.01.23-03.51.01:853][429]LogOutputDevice: Error: [Callstack] 0x00007fff67c3730c UE4Editor-Engine.dll!UnknownFunction []
[2019.01.23-03.51.01:853][429]LogOutputDevice: Error: [Callstack] 0x00007fff67bf5630 UE4Editor-Engine.dll!UnknownFunction []
[2019.01.23-03.51.01:853][429]LogOutputDevice: Error: [Callstack] 0x00007fff68df16bd UE4Editor-Engine.dll!UnknownFunction []
[2019.01.23-03.51.01:853][429]LogOutputDevice: Error: [Callstack] 0x00007fff66a61f92 UE4Editor-Core.dll!UnknownFunction []
[2019.01.23-03.51.01:854][429]LogOutputDevice: Error: [Callstack] 0x00007fff66a62456 UE4Editor-Core.dll!UnknownFunction []
[2019.01.23-03.51.01:854][429]LogOutputDevice: Error: [Callstack] 0x00007fff66a76d25 UE4Editor-Core.dll!UnknownFunction []
[2019.01.23-03.51.01:854][429]LogOutputDevice: Error: [Callstack] 0x00007fff68e45b04 UE4Editor-Engine.dll!UnknownFunction []
[2019.01.23-03.51.01:854][429]LogOutputDevice: Error: [Callstack] 0x00007fff68e54d92 UE4Editor-Engine.dll!UnknownFunction []
[2019.01.23-03.51.01:854][429]LogOutputDevice: Error: [Callstack] 0x00007fff685587e4 UE4Editor-Engine.dll!UnknownFunction []
[2019.01.23-03.51.01:854][429]LogOutputDevice: Error: [Callstack] 0x00007fff68564003 UE4Editor-Engine.dll!UnknownFunction []
[2019.01.23-03.51.01:854][429]LogOutputDevice: Error: [Callstack] 0x00007fff68325375 UE4Editor-Engine.dll!UnknownFunction []
[2019.01.23-03.51.01:854][429]LogOutputDevice: Error: [Callstack] 0x00007ff6c0795cbd UE4Editor.exe!UnknownFunction []
[2019.01.23-03.51.01:854][429]LogOutputDevice: Error: [Callstack] 0x00007ff6c07a5b3c UE4Editor.exe!UnknownFunction []
[2019.01.23-03.51.01:854][429]LogOutputDevice: Error: [Callstack] 0x00007ff6c07a5bba UE4Editor.exe!UnknownFunction []
[2019.01.23-03.51.01:854][429]LogOutputDevice: Error: [Callstack] 0x00007ff6c07b3dac UE4Editor.exe!UnknownFunction []
[2019.01.23-03.51.01:854][429]LogOutputDevice: Error: [Callstack] 0x00007ff6c07b5aaa UE4Editor.exe!UnknownFunction []
[2019.01.23-03.51.01:854][429]LogOutputDevice: Error: [Callstack] 0x00007ffff3357e94 KERNEL32.DLL!UnknownFunction []
[2019.01.23-03.51.01:854][429]LogOutputDevice: Error: [Callstack] 0x00007ffff464a251 ntdll.dll!UnknownFunction []
[2019.01.23-03.51.01:854][429]LogOutputDevice: Error: 
[2019.01.23-03.51.01:855][429]LogStats:                SubmitErrorReport -  0.000 s
[2019.01.23-03.51.02:566][429]LogStats:                    SendNewReport -  0.712 s
[2019.01.23-03.51.02:566][429]LogStats:             FDebug::EnsureFailed -  2.149 s
[2019.01.23-03.51.02:608][430]LogSlate: Window 'TrenchTowers (64-bit Development PCD3D_SM5) ' being destroyed
[2019.01.23-03.51.02:609][430]LogWindowsTextInputMethodSystem: Display: IME system now deactivated.
[2019.01.23-03.51.02:620][430]LogWindowsTextInputMethodSystem: Display: IME system now deactivated.
[2019.01.23-03.51.02:624][430]LogSlate: Updating window title bar state: overlay mode, drag disabled, window buttons hidden, title bar hidden
[2019.01.23-03.51.02:624][430]LogEngine: All Windows Closed
[2019.01.23-03.51.02:624][430]LogWindows: FPlatformMisc::RequestExit(0)
[2019.01.23-03.51.03:496][431]LogExit: Preparing to exit.
[2019.01.23-03.51.03:496][431]LogMoviePlayer: Shutting down movie player
[2019.01.23-03.51.04:567][431]LogSlate: Updating window title bar state: overlay mode, drag disabled, window buttons hidden, title bar hidden
[2019.01.23-03.51.04:591][431]LogExit: Game engine shut down
[2019.01.23-03.51.05:043][431]LogExit: Object subsystem successfully closed.
[2019.01.23-03.51.05:058][431]LogShaderCompilers: Display: Shaders left to compile 0
[2019.01.23-03.51.05:062][431]LogD3D11RHI: Shutdown
[2019.01.23-03.51.05:062][431]LogD3D11RHI: CleanupD3DDevice
[2019.01.23-03.51.05:064][431]LogD3D11RHI: ~FD3D11DynamicRHI
[2019.01.23-03.51.05:072][431]LogModuleManager: Shutting down and abandoning module SequenceRecorderSections (380)
[2019.01.23-03.51.05:072][431]LogModuleManager: Shutting down and abandoning module SequenceRecorder (378)
[2019.01.23-03.51.05:072][431]LogModuleManager: Shutting down and abandoning module AutomationController (376)
[2019.01.23-03.51.05:072][431]LogModuleManager: Shutting down and abandoning module AutomationWorker (374)
[2019.01.23-03.51.05:072][431]LogModuleManager: Shutting down and abandoning module Voice (372)
[2019.01.23-03.51.05:073][431]LogModuleManager: Shutting down and abandoning module AIModule (370)
[2019.01.23-03.51.05:073][431]LogModuleManager: Shutting down and abandoning module GameplayDebugger (369)
[2019.01.23-03.51.05:073][431]LogModuleManager: Shutting down and abandoning module AITestSuite (367)
[2019.01.23-03.51.05:073][431]LogModuleManager: Shutting down and abandoning module NavigationSystem (365)
[2019.01.23-03.51.05:073][431]LogModuleManager: Shutting down and abandoning module WmfMediaFactory (362)
[2019.01.23-03.51.05:073][431]LogModuleManager: Shutting down and abandoning module OpenExrWrapper (360)
[2019.01.23-03.51.05:073][431]LogModuleManager: Shutting down and abandoning module ImgMediaFactory (358)
[2019.01.23-03.51.05:073][431]LogModuleManager: Shutting down and abandoning module AvfMediaFactory (356)
[2019.01.23-03.51.05:073][431]LogModuleManager: Shutting down and abandoning module MagicLeapCameraPreviewFactory (354)
[2019.01.23-03.51.05:073][431]LogModuleManager: Shutting down and abandoning module MagicLeapMediaFactory (352)
[2019.01.23-03.51.05:073][431]LogModuleManager: Shutting down and abandoning module CharacterAI (350)
[2019.01.23-03.51.05:073][431]LogModuleManager: Shutting down and abandoning module SessionServices (348)
[2019.01.23-03.51.05:073][431]LogModuleManager: Shutting down and abandoning module MovieSceneCapture (346)
[2019.01.23-03.51.05:073][431]LogModuleManager: Shutting down and abandoning module MovieSceneTracks (344)
[2019.01.23-03.51.05:073][431]LogModuleManager: Shutting down and abandoning module MovieScene (342)
[2019.01.23-03.51.05:073][431]LogModuleManager: Shutting down and abandoning module StreamingPauseRendering (340)
[2019.01.23-03.51.05:073][431]LogModuleManager: Shutting down and abandoning module PortalServices (338)
[2019.01.23-03.51.05:073][431]LogModuleManager: Shutting down and abandoning module PortalRpc (336)
[2019.01.23-03.51.05:073][431]LogModuleManager: Shutting down and abandoning module MessagingRpc (334)
[2019.01.23-03.51.05:073][431]LogModuleManager: Shutting down and abandoning module ProfilerService (332)
[2019.01.23-03.51.05:234][431]LogModuleManager: Shutting down and abandoning module TaskGraph (330)
[2019.01.23-03.51.05:234][431]LogModuleManager: Shutting down and abandoning module SteamVRController (328)
[2019.01.23-03.51.05:234][431]LogModuleManager: Shutting down and abandoning module SteamController (326)
[2019.01.23-03.51.05:234][431]LogModuleManager: Shutting down and abandoning module ProceduralMeshComponent (324)
[2019.01.23-03.51.05:234][431]LogModuleManager: Shutting down and abandoning module OculusInput (322)
[2019.01.23-03.51.05:234][431]LogModuleManager: Shutting down and abandoning module MobilePatchingUtils (320)
[2019.01.23-03.51.05:234][431]LogModuleManager: Shutting down and abandoning module EditableMesh (318)
[2019.01.23-03.51.05:234][431]LogModuleManager: Shutting down and abandoning module CustomMeshComponent (316)
[2019.01.23-03.51.05:234][431]LogModuleManager: Shutting down and abandoning module CableComponent (314)
[2019.01.23-03.51.05:235][431]LogModuleManager: Shutting down and abandoning module AudioCapture (312)
[2019.01.23-03.51.05:235][431]LogModuleManager: Shutting down and abandoning module ArchVisCharacter (310)
[2019.01.23-03.51.05:235][431]LogModuleManager: Shutting down and abandoning module AndroidPermission (308)
[2019.01.23-03.51.05:235][431]LogModuleManager: Shutting down and abandoning module NUTUnrealEngine4 (306)
[2019.01.23-03.51.05:235][431]LogModuleManager: Shutting down and abandoning module NetcodeUnitTest (304)
[2019.01.23-03.51.05:235][431]LogModuleManager: Shutting down and abandoning module MediaCompositing (302)
[2019.01.23-03.51.05:235][431]LogModuleManager: Shutting down and abandoning module LinearTimecode (300)
[2019.01.23-03.51.05:235][431]LogModuleManager: Shutting down and abandoning module ImgMedia (298)
[2019.01.23-03.51.05:239][431]LogModuleManager: Shutting down and abandoning module HTML5Networking (296)
[2019.01.23-03.51.05:239][431]LogModuleManager: Shutting down and abandoning module GeometryCacheTracks (294)
[2019.01.23-03.51.05:239][431]LogModuleManager: Shutting down and abandoning module GeometryCacheSequencer (293)
[2019.01.23-03.51.05:239][431]LogModuleManager: Shutting down and abandoning module GeometryCache (290)
[2019.01.23-03.51.05:239][431]LogModuleManager: Shutting down and abandoning module GeometryCacheEd (289)
[2019.01.23-03.51.05:239][431]LogModuleManager: Shutting down and abandoning module BackChannel (286)
[2019.01.23-03.51.05:239][431]LogModuleManager: Shutting down and abandoning module AppleVision (284)
[2019.01.23-03.51.05:239][431]LogModuleManager: Shutting down and abandoning module AppleImageUtils (282)
[2019.01.23-03.51.05:239][431]LogModuleManager: Shutting down and abandoning module DatasmithContent (280)
[2019.01.23-03.51.05:241][431]LogModuleManager: Shutting down and abandoning module CryptoKeysOpenSSL (278)
[2019.01.23-03.51.05:241][431]LogModuleManager: Shutting down and abandoning module CryptoKeys (276)
[2019.01.23-03.51.05:241][431]LogModuleManager: Shutting down and abandoning module VisualStudioSourceCodeAccess (274)
[2019.01.23-03.51.05:241][431]LogModuleManager: Shutting down and abandoning module HotReload (273)
[2019.01.23-03.51.05:241][431]LogModuleManager: Shutting down and abandoning module DirectoryWatcher (272)
[2019.01.23-03.51.05:241][431]LogModuleManager: Shutting down and abandoning module VisualStudioCodeSourceCodeAccess (268)
[2019.01.23-03.51.05:241][431]LogModuleManager: Shutting down and abandoning module UObjectPlugin (266)
[2019.01.23-03.51.05:241][431]LogModuleManager: Shutting down and abandoning module SubversionSourceControl (264)
[2019.01.23-03.51.05:241][431]LogModuleManager: Shutting down and abandoning module PerforceSourceControl (262)
[2019.01.23-03.51.05:241][431]LogModuleManager: Shutting down and abandoning module SourceControl (261)
[2019.01.23-03.51.05:241][431]LogModuleManager: Shutting down and abandoning module CLionSourceCodeAccess (258)
[2019.01.23-03.51.05:241][431]LogModuleManager: Shutting down and abandoning module RuntimePhysXCooking (256)
[2019.01.23-03.51.05:241][431]LogModuleManager: Shutting down and abandoning module PhysXVehiclesEditor (254)
[2019.01.23-03.51.05:241][431]LogModuleManager: Shutting down and abandoning module PhysXVehicles (252)
[2019.01.23-03.51.05:241][431]LogModuleManager: Shutting down and abandoning module LocationServicesBPLibrary (250)
[2019.01.23-03.51.05:241][431]LogModuleManager: Shutting down and abandoning module ImmediatePhysicsEditor (248)
[2019.01.23-03.51.05:241][431]LogModuleManager: Shutting down and abandoning module ImmediatePhysics (246)
[2019.01.23-03.51.05:241][431]LogModuleManager: Shutting down and abandoning module ActorSequence (244)
[2019.01.23-03.51.05:241][431]LogModuleManager: Shutting down and abandoning module UdpMessaging (242)
[2019.01.23-03.51.05:342][431]LogModuleManager: Shutting down and abandoning module TcpMessaging (240)
[2019.01.23-03.51.05:530][431]LogModuleManager: Shutting down and abandoning module MagicLeapAudio (238)
[2019.01.23-03.51.05:530][431]LogModuleManager: Shutting down and abandoning module GameplayTagsEditor (236)
[2019.01.23-03.51.05:531][431]LogModuleManager: Shutting down and abandoning module FacialAnimation (234)
[2019.01.23-03.51.05:531][431]LogModuleManager: Shutting down and abandoning module DataValidation (232)
[2019.01.23-03.51.05:531][431]LogModuleManager: Shutting down and abandoning module AssetManagerEditor (230)
[2019.01.23-03.51.05:531][431]LogModuleManager: Shutting down and abandoning module TreeMap (229)
[2019.01.23-03.51.05:531][431]LogModuleManager: Shutting down and abandoning module LightPropagationVolumeRuntime (226)
[2019.01.23-03.51.05:531][431]LogModuleManager: Shutting down and abandoning module AISupportModule (224)
[2019.01.23-03.51.05:531][431]LogModuleManager: Shutting down and abandoning module Paper2D (222)
[2019.01.23-03.51.05:531][431]LogModuleManager: Shutting down and abandoning module PIEPreviewDeviceProfileSelector (220)
[2019.01.23-03.51.05:531][431]LogModuleManager: Shutting down and abandoning module WindowsMoviePlayer (218)
[2019.01.23-03.51.05:531][431]LogModuleManager: Shutting down and abandoning module WmfMedia (216)
[2019.01.23-03.51.05:532][431]LogModuleManager: Shutting down and abandoning module Media (215)
[2019.01.23-03.51.05:538][431]LogModuleManager: Shutting down and abandoning module PacketHandler (212)
[2019.01.23-03.51.05:538][431]LogModuleManager: Shutting down and abandoning module ClothingSystemEditor (210)
[2019.01.23-03.51.05:538][431]LogModuleManager: Shutting down and abandoning module ClothingSystemRuntime (208)
[2019.01.23-03.51.05:538][431]LogModuleManager: Shutting down and abandoning module MediaAssets (206)
[2019.01.23-03.51.05:538][431]LogModuleManager: Shutting down and abandoning module Overlay (204)
[2019.01.23-03.51.05:538][431]LogModuleManager: Shutting down and abandoning module OverlayEditor (203)
[2019.01.23-03.51.05:538][431]LogModuleManager: Shutting down and abandoning module VREditor (200)
[2019.01.23-03.51.05:538][431]LogModuleManager: Shutting down and abandoning module StringTableEditor (198)
[2019.01.23-03.51.05:538][431]LogModuleManager: Shutting down and abandoning module GameplayTasksEditor (196)
[2019.01.23-03.51.05:538][431]LogModuleManager: Shutting down and abandoning module BehaviorTreeEditor (194)
[2019.01.23-03.51.05:538][431]LogModuleManager: Shutting down and abandoning module FunctionalTesting (192)
[2019.01.23-03.51.05:538][431]LogModuleManager: Shutting down and abandoning module CollisionAnalyzer (190)
[2019.01.23-03.51.05:539][431]LogModuleManager: Shutting down and abandoning module WorkspaceMenuStructure (189)
[2019.01.23-03.51.05:539][431]LogModuleManager: Shutting down and abandoning module UMG (186)
[2019.01.23-03.51.05:539][431]LogModuleManager: Shutting down and abandoning module UMGEditor (185)
[2019.01.23-03.51.05:539][431]LogModuleManager: Shutting down and abandoning module Sequencer (184)
[2019.01.23-03.51.05:539][431]LogModuleManager: Shutting down and abandoning module MessageLog (181)
[2019.01.23-03.51.05:539][431]LogModuleManager: Shutting down and abandoning module SlateReflector (176)
[2019.01.23-03.51.05:539][431]LogModuleManager: Shutting down and abandoning module Slate (174)
[2019.01.23-03.51.05:539][431]LogModuleManager: Shutting down and abandoning module EditorStyle (172)
[2019.01.23-03.51.05:540][431]LogModuleManager: Shutting down and abandoning module MRMesh (170)
[2019.01.23-03.51.05:540][431]LogModuleManager: Shutting down and abandoning module Messaging (168)
[2019.01.23-03.51.05:540][431]LogModuleManager: Shutting down and abandoning module SourceCodeAccess (166)
[2019.01.23-03.51.05:540][431]LogModuleManager: Shutting down and abandoning module HeadMountedDisplay (164)
[2019.01.23-03.51.05:541][431]LogModuleManager: Shutting down and abandoning module XAudio2 (162)
[2019.01.23-03.51.05:541][431]LogModuleManager: Shutting down and abandoning module Networking (160)
[2019.01.23-03.51.05:541][431]LogModuleManager: Shutting down and abandoning module Core (158)
[2019.01.23-03.51.05:541][431]LogModuleManager: Shutting down and abandoning module LevelSequence (156)
[2019.01.23-03.51.05:541][431]LogModuleManager: Shutting down and abandoning module KismetCompiler (154)
[2019.01.23-03.51.05:541][431]LogModuleManager: Shutting down and abandoning module MeshUtilities (152)
[2019.01.23-03.51.05:541][431]LogModuleManager: Shutting down and abandoning module MeshMergeUtilities (151)
[2019.01.23-03.51.05:541][431]LogModuleManager: Shutting down and abandoning module MeshReductionInterface (150)
[2019.01.23-03.51.05:541][431]LogModuleManager: Shutting down and abandoning module SimplygonSwarm (149)
[2019.01.23-03.51.05:541][431]LogModuleManager: Shutting down and abandoning module ProxyLODMeshReduction (147)
[2019.01.23-03.51.05:541][431]LogModuleManager: Shutting down and abandoning module SimplygonMeshReduction (145)
[2019.01.23-03.51.05:541][431]LogModuleManager: Shutting down and abandoning module QuadricMeshReduction (143)
[2019.01.23-03.51.05:541][431]LogModuleManager: Shutting down and abandoning module MaterialBaking (139)
[2019.01.23-03.51.05:541][431]LogModuleManager: Shutting down and abandoning module DerivedDataCache (134)
[2019.01.23-03.51.05:985][431]LogDerivedDataCache: Shutdown
[2019.01.23-03.51.05:985][431]LogModuleManager: Shutting down and abandoning module XGEController (132)
[2019.01.23-03.51.05:985][431]LogModuleManager: Shutting down and abandoning module TargetPlatform (130)
[2019.01.23-03.51.05:985][431]LogModuleManager: Shutting down and abandoning module VulkanShaderFormat (129)
[2019.01.23-03.51.05:985][431]LogModuleManager: Shutting down and abandoning module ShaderFormatVectorVM (127)
[2019.01.23-03.51.05:985][431]LogModuleManager: Shutting down and abandoning module ShaderFormatOpenGL (125)
[2019.01.23-03.51.05:985][431]LogModuleManager: Shutting down and abandoning module ShaderFormatD3D (123)
[2019.01.23-03.51.05:985][431]LogModuleManager: Shutting down and abandoning module MetalShaderFormat (121)
[2019.01.23-03.51.05:985][431]LogModuleManager: Shutting down and abandoning module TextureFormatUncompressed (119)
[2019.01.23-03.51.05:985][431]LogModuleManager: Shutting down and abandoning module TextureFormatPVR (117)
[2019.01.23-03.51.05:985][431]LogModuleManager: Shutting down and abandoning module TextureFormatDXT (115)
[2019.01.23-03.51.05:985][431]LogModuleManager: Shutting down and abandoning module TextureFormatIntelISPCTexComp (113)
[2019.01.23-03.51.05:985][431]LogModuleManager: Shutting down and abandoning module TextureFormatASTC (111)
[2019.01.23-03.51.05:985][431]LogModuleManager: Shutting down and abandoning module ImageWrapper (110)
[2019.01.23-03.51.05:985][431]LogModuleManager: Shutting down and abandoning module TextureFormatAndroid (107)
[2019.01.23-03.51.05:985][431]LogModuleManager: Shutting down and abandoning module AudioFormatOpus (105)
[2019.01.23-03.51.05:985][431]LogModuleManager: Shutting down and abandoning module AudioFormatOgg (103)
[2019.01.23-03.51.05:985][431]LogModuleManager: Shutting down and abandoning module AudioFormatADPCM (101)
[2019.01.23-03.51.05:985][431]LogModuleManager: Shutting down and abandoning module WindowsTargetPlatform (99)
[2019.01.23-03.51.05:985][431]LogModuleManager: Shutting down and abandoning module WindowsServerTargetPlatform (97)
[2019.01.23-03.51.05:985][431]LogModuleManager: Shutting down and abandoning module WindowsNoEditorTargetPlatform (95)
[2019.01.23-03.51.05:985][431]LogModuleManager: Shutting down and abandoning module WindowsClientTargetPlatform (93)
[2019.01.23-03.51.05:985][431]LogModuleManager: Shutting down and abandoning module InputCore (90)
[2019.01.23-03.51.05:985][431]LogModuleManager: Shutting down and abandoning module Settings (88)
[2019.01.23-03.51.05:985][431]LogModuleManager: Shutting down and abandoning module PhysXCooking (86)
[2019.01.23-03.51.05:985][431]LogModuleManager: Shutting down and abandoning module SteamVR (84)
[2019.01.23-03.51.05:985][431]LogModuleManager: Shutting down and abandoning module OculusHMD (82)
[2019.01.23-03.51.05:985][431]LogModuleManager: Shutting down and abandoning module ExampleDeviceProfileSelector (80)
[2019.01.23-03.51.05:985][431]LogModuleManager: Shutting down and abandoning module LauncherChunkInstaller (78)
[2019.01.23-03.51.05:985][431]LogModuleManager: Shutting down and abandoning module OnlineBlueprintSupport (76)
[2019.01.23-03.51.05:985][431]LogModuleManager: Shutting down and abandoning module OnlineSubsystem (72)
[2019.01.23-03.51.05:985][431]LogOnline: VeryVerbose: OSS: FOnlineSubsystemNull::Shutdown()
[2019.01.23-03.51.05:985][431]LogOnline: VeryVerbose: OSS: FOnlineAsyncTaskManager::Stop() ActiveTask:0000000000000000 Tasks[0/0]
[2019.01.23-03.51.05:986][431]LogOnline: VeryVerbose: OSS: FOnlineAsyncTaskManager::Exit() started
[2019.01.23-03.51.05:986][431]LogOnline: VeryVerbose: OSS: FOnlineAsyncTaskManager::Exit() finished
[2019.01.23-03.51.05:986][431]LogOnline: Verbose: OSS: Unloading online subsystem: STEAM
[2019.01.23-03.51.05:986][431]LogOnline: Verbose: OSS: Unloading online subsystem: NULL
[2019.01.23-03.51.05:986][431]LogModuleManager: Shutting down and abandoning module XMPP (65)
[2019.01.23-03.51.05:986][431]LogModuleManager: Shutting down and abandoning module WebSockets (64)
[2019.01.23-03.51.06:002][431]LogModuleManager: Shutting down and abandoning module HTTP (61)
[2019.01.23-03.51.06:034][431]LogModuleManager: Shutting down and abandoning module SSL (60)
[2019.01.23-03.51.06:036][431]LogModuleManager: Shutting down and abandoning module MagicLeapEmulator (56)
[2019.01.23-03.51.06:036][431]LogModuleManager: Shutting down and abandoning module MagicLeapPrivileges (54)
[2019.01.23-03.51.06:036][431]LogModuleManager: Shutting down and abandoning module MagicLeapIdentity (52)
[2019.01.23-03.51.06:036][431]LogModuleManager: Shutting down and abandoning module MagicLeapHelperVulkan (50)
[2019.01.23-03.51.06:036][431]LogModuleManager: Shutting down and abandoning module MagicLeapHelperOpenGL (48)
[2019.01.23-03.51.06:036][431]LogModuleManager: Shutting down and abandoning module MagicLeapSecureStorage (46)
[2019.01.23-03.51.06:036][431]LogModuleManager: Shutting down and abandoning module MagicLeapGestures (44)
[2019.01.23-03.51.06:036][431]LogModuleManager: Shutting down and abandoning module MagicLeapEyeTracker (42)
[2019.01.23-03.51.06:036][431]LogModuleManager: Shutting down and abandoning module MagicLeapController (40)
[2019.01.23-03.51.06:036][431]LogSlate: Slate User Destroyed.  User Index 0, Is Virtual User: 0
[2019.01.23-03.51.06:036][431]LogModuleManager: Shutting down and abandoning module MagicLeap (38)
[2019.01.23-03.51.06:036][431]LogModuleManager: Shutting down and abandoning module AnimationModifiers (36)
[2019.01.23-03.51.06:036][431]LogModuleManager: Shutting down and abandoning module PropertyEditor (35)
[2019.01.23-03.51.06:036][431]LogModuleManager: Shutting down and abandoning module AudioEditor (32)
[2019.01.23-03.51.06:036][431]LogModuleManager: Shutting down and abandoning module TextureCompressor (30)
[2019.01.23-03.51.06:036][431]LogModuleManager: Shutting down and abandoning module ShaderCore (28)
[2019.01.23-03.51.06:036][431]LogModuleManager: Shutting down and abandoning module Landscape (26)
[2019.01.23-03.51.06:037][431]LogModuleManager: Shutting down and abandoning module SlateRHIRenderer (24)
[2019.01.23-03.51.06:037][431]LogModuleManager: Shutting down and abandoning module OpenGLDrv (22)
[2019.01.23-03.51.06:037][431]LogModuleManager: Shutting down and abandoning module D3D11RHI (20)
[2019.01.23-03.51.06:037][431]LogModuleManager: Shutting down and abandoning module AnimGraphRuntime (18)
[2019.01.23-03.51.06:037][431]LogModuleManager: Shutting down and abandoning module Renderer (16)
[2019.01.23-03.51.06:037][431]LogModuleManager: Shutting down and abandoning module Engine (14)
[2019.01.23-03.51.06:037][431]LogModuleManager: Shutting down and abandoning module CoreUObject (12)
[2019.01.23-03.51.06:037][431]LogModuleManager: Shutting down and abandoning module NetworkFile (10)
[2019.01.23-03.51.06:037][431]LogModuleManager: Shutting down and abandoning module CookedIterativeFile (8)
[2019.01.23-03.51.06:037][431]LogModuleManager: Shutting down and abandoning module StreamingFile (6)
[2019.01.23-03.51.06:037][431]LogModuleManager: Shutting down and abandoning module SandboxFile (4)
[2019.01.23-03.51.06:037][431]LogModuleManager: Shutting down and abandoning module PakFile (2)
[2019.01.23-03.51.06:044][431]LogExit: Exiting.
[2019.01.23-03.51.06:084][431]Log file closed, 01/22/19 22:51:06
