Log file open, 02/04/19 21:08:06
LogWindows: Failed to load 'aqProf.dll' (GetLastError=126)
LogWindows: File 'aqProf.dll' does not exist
LogWindows: Failed to load 'VtuneApi.dll' (GetLastError=126)
LogWindows: File 'VtuneApi.dll' does not exist
LogWindows: Failed to load 'VtuneApi32e.dll' (GetLastError=126)
LogWindows: File 'VtuneApi32e.dll' does not exist
LogInit: Display: Running engine for game: TrenchTowers
LogPlatformFile: Not using cached read wrapper
LogTaskGraph: Started task graph with 5 named threads and 23 total threads with 3 sets of task threads.
LogStats: Stats thread started at 0.452892
LogD3D11RHI: Loaded GFSDK_Aftermath_Lib.x64.dll
LogICUInternationalization: Display: ICU TimeZone Detection - Raw Offset: -5:00, Platform Override: ''
LogPluginManager: Mounting plugin Paper2D
LogPluginManager: Mounting plugin AISupport
LogPluginManager: Mounting plugin LightPropagationVolume
LogPluginManager: Mounting plugin CLionSourceCodeAccess
LogPluginManager: Mounting plugin CodeLiteSourceCodeAccess
LogPluginManager: Mounting plugin GitSourceControl
LogPluginManager: Mounting plugin KDevelopSourceCodeAccess
LogPluginManager: Mounting plugin NullSourceCodeAccess
LogPluginManager: Mounting plugin PerforceSourceControl
LogPluginManager: Mounting plugin SubversionSourceControl
LogPluginManager: Mounting plugin UObjectPlugin
LogPluginManager: Mounting plugin VisualStudioCodeSourceCodeAccess
LogPluginManager: Mounting plugin VisualStudioSourceCodeAccess
LogPluginManager: Mounting plugin XCodeSourceCodeAccess
LogPluginManager: Mounting plugin AssetManagerEditor
LogPluginManager: Mounting plugin CryptoKeys
LogPluginManager: Mounting plugin DataValidation
LogPluginManager: Mounting plugin FacialAnimation
LogPluginManager: Mounting plugin GameplayTagsEditor
LogPluginManager: Mounting plugin MacGraphicsSwitching
LogPluginManager: Mounting plugin MeshEditor
LogPluginManager: Mounting plugin MobileLauncherProfileWizard
LogPluginManager: Mounting plugin PluginBrowser
LogPluginManager: Mounting plugin SpeedTreeImporter
LogPluginManager: Mounting plugin DatasmithContent
LogPluginManager: Mounting plugin AlembicImporter
LogPluginManager: Mounting plugin AppleImageUtils
LogPluginManager: Mounting plugin AppleVision
LogPluginManager: Mounting plugin BackChannel
LogPluginManager: Mounting plugin CharacterAI
LogPluginManager: Mounting plugin GeometryCache
LogPluginManager: Mounting plugin HTML5Networking
LogPluginManager: Mounting plugin ProxyLODPlugin
LogPluginManager: Mounting plugin MagicLeap
LogPluginManager: Mounting plugin MagicLeapEmulator
LogPluginManager: Mounting plugin MagicLeapMedia
LogPluginManager: Mounting plugin AndroidMedia
LogPluginManager: Mounting plugin AvfMedia
LogPluginManager: Mounting plugin ImgMedia
LogPluginManager: Mounting plugin LinearTimecode
LogPluginManager: Mounting plugin MediaCompositing
LogPluginManager: Mounting plugin MediaPlayerEditor
LogPluginManager: Mounting plugin WmfMedia
LogPluginManager: Mounting plugin TcpMessaging
LogPluginManager: Mounting plugin UdpMessaging
LogPluginManager: Mounting plugin ActorSequence
LogPluginManager: Mounting plugin LevelSequenceEditor
LogPluginManager: Mounting plugin MatineeToLevelSequence
LogPluginManager: Mounting plugin NetcodeUnitTest
LogPluginManager: Mounting plugin NUTUnrealEngine4
LogPluginManager: Mounting plugin OnlineFramework
LogPluginManager: Mounting plugin OnlineSubsystem
LogPluginManager: Mounting plugin OnlineSubsystemNull
LogPluginManager: Mounting plugin OnlineSubsystemSteam
LogPluginManager: Mounting plugin OnlineSubsystemUtils
LogPluginManager: Mounting plugin LauncherChunkInstaller
LogPluginManager: Mounting plugin AndroidDeviceProfileSelector
LogPluginManager: Mounting plugin AndroidMoviePlayer
LogPluginManager: Mounting plugin AndroidPermission
LogPluginManager: Mounting plugin AppleMoviePlayer
LogPluginManager: Mounting plugin ArchVisCharacter
LogPluginManager: Mounting plugin AudioCapture
LogPluginManager: Mounting plugin CableComponent
LogPluginManager: Mounting plugin CustomMeshComponent
LogPluginManager: Mounting plugin EditableMesh
LogPluginManager: Mounting plugin ExampleDeviceProfileSelector
LogPluginManager: Mounting plugin GoogleCloudMessaging
LogPluginManager: Mounting plugin ImmediatePhysics
LogPluginManager: Mounting plugin IOSDeviceProfileSelector
LogPluginManager: Mounting plugin LinuxDeviceProfileSelector
LogPluginManager: Mounting plugin LocationServicesBPLibrary
LogPluginManager: Mounting plugin MobilePatchingUtils
LogPluginManager: Mounting plugin OculusVR
LogPluginManager: Plugin shader directory ../../../Engine/Plugins/Runtime/Oculus/OculusVR/Shaders found
LogPluginManager: Mapping shader source directory ../../../Engine/Plugins/Runtime/Oculus/OculusVR/Shaders to virtual directory /Plugin/OculusVR
LogPluginManager: Mounting plugin PhysXVehicles
LogPluginManager: Mounting plugin ProceduralMeshComponent
LogPluginManager: Mounting plugin RuntimePhysXCooking
LogPluginManager: Mounting plugin SteamController
LogPluginManager: Mounting plugin SteamVR
LogPluginManager: Mounting plugin WindowsMoviePlayer
LogStreaming: Display: Took  0.077s to configure plugins.
LogInit: Using libcurl 7.55.1-DEV
LogInit:  - built for x86_64-pc-win32
LogInit:  - supports SSL with OpenSSL/1.0.2h
LogInit:  - supports HTTP deflate (compression) using libz 1.2.8
LogInit:  - other features:
LogInit:      CURL_VERSION_SSL
LogInit:      CURL_VERSION_LIBZ
LogInit:      CURL_VERSION_IPV6
LogInit:      CURL_VERSION_ASYNCHDNS
LogInit:      CURL_VERSION_LARGEFILE
LogInit:      CURL_VERSION_IDN
LogInit:  CurlRequestOptions (configurable via config and command line):
LogInit:  - bVerifyPeer = false  - Libcurl will NOT verify peer certificate
LogInit:  - bUseHttpProxy = false  - Libcurl will NOT use HTTP proxy
LogInit:  - bDontReuseConnections = false  - Libcurl will reuse connections
LogInit:  - CertBundlePath = nullptr  - Libcurl will use whatever was configured at build time.
LogInit:  - MaxHostConnections = 16  - Libcurl will limit the number of connections to a host
LogInit:  - LocalHostAddr = Default
LogInit:  - BufferSize = 65536
LogInit: WinSock: version 1.1 (2.2), MaxSocks=32767, MaxUdp=65467
LogInit: Build: ++UE4+Release-4.20-CL-4369336
LogInit: Engine Version: 4.20.3-4369336+++UE4+Release-4.20
LogInit: Compatible Engine Version: 4.20.0-4212847+++UE4+Release-4.20
LogInit: Net CL: 4212847
LogInit: OS: Windows 10 (), CPU: Intel(R) Core(TM) i7-6700HQ CPU @ 2.60GHz, GPU: Intel(R) HD Graphics 530
LogInit: Compiled (64-bit): Sep 17 2018 12:26:19
LogInit: Compiled with Visual C++: 19.13.26129.00
LogInit: Build Configuration: Development
LogInit: Branch Name: ++UE4+Release-4.20
LogInit: Command Line:  127.0.0.1:7777 -game -PIEVIACONSOLE -ResX=1280 -ResY=720  -Multiprocess -messaging -SessionName="Play in Standalone Game" -windowed GameUserSettingsINI="D:/Program Files (x86)/TrenchTowers 4.20/Saved/Config/Windows/PIEGameUserSettings1.ini" -MultiprocessSaveConfig  -MultiprocessOSS WinX=5 WinY=5 SAVEWINPOS=1
LogInit: Base Directory: D:/Program Files/Epic Games/UE_4.20/Engine/Binaries/Win64/
LogInit: Installed Engine Build: 1
LogDevObjectVersion: Number of dev versions registered: 20
LogDevObjectVersion:   Dev-Blueprints (B0D832E4-1F89-4F0D-ACCF-7EB736FD4AA2): 10
LogDevObjectVersion:   Dev-Build (E1C64328-A22C-4D53-A36C-8E866417BD8C): 0
LogDevObjectVersion:   Dev-Core (375EC13C-06E4-48FB-B500-84F0262A717E): 2
LogDevObjectVersion:   Dev-Editor (E4B068ED-F494-42E9-A231-DA0B2E46BB41): 24
LogDevObjectVersion:   Dev-Framework (CFFC743F-43B0-4480-9391-14DF171D2073): 34
LogDevObjectVersion:   Dev-Mobile (B02B49B5-BB20-44E9-A304-32B752E40360): 2
LogDevObjectVersion:   Dev-Networking (A4E4105C-59A1-49B5-A7C5-40C4547EDFEE): 0
LogDevObjectVersion:   Dev-Online (39C831C9-5AE6-47DC-9A44-9C173E1C8E7C): 0
LogDevObjectVersion:   Dev-Physics (78F01B33-EBEA-4F98-B9B4-84EACCB95AA2): 0
LogDevObjectVersion:   Dev-Platform (6631380F-2D4D-43E0-8009-CF276956A95A): 0
LogDevObjectVersion:   Dev-Rendering (12F88B9F-8875-4AFC-A67C-D90C383ABD29): 26
LogDevObjectVersion:   Dev-Sequencer (7B5AE74C-D270-4C10-A958-57980B212A5A): 9
LogDevObjectVersion:   Dev-VR (D7296918-1DD6-4BDD-9DE2-64A83CC13884): 2
LogDevObjectVersion:   Dev-LoadTimes (C2A15278-BFE7-4AFE-6C17-90FF531DF755): 1
LogDevObjectVersion:   Private-Geometry (6EACA3D4-40EC-4CC1-B786-8BED09428FC5): 3
LogDevObjectVersion:   Dev-AnimPhys (29E575DD-E0A3-4627-9D10-D276232CDCEA): 17
LogDevObjectVersion:   Dev-ReflectionCapture (6B266CEC-1EC7-4B8F-A30B-E4D90942FC07): 1
LogDevObjectVersion:   Dev-Automation (0DF73D61-A23F-47EA-B727-89E90C41499A): 1
LogDevObjectVersion:   FortniteMain (601D1886-AC64-4F84-AA16-D3DE0DEAC7D6): 12
LogDevObjectVersion:   Dev-Enterprise (9DFFBCD6-494F-0158-E221-12823C92A888): 1
LogStreaming: Display: Took  0.003s to delete old logs.
LogInit: Presizing for max 8388607 objects, including 0 objects not considered by GC, pre-allocating 0 bytes for permanent pool.
LogInit: Object subsystem initialized
[2019.02.05-02.08.08:164][  0]LogInit: Selected Device Profile: [Windows]
[2019.02.05-02.08.08:164][  0]LogInit: Applying CVar settings loaded from the selected device profile: [Windows]
[2019.02.05-02.08.08:197][  0]LogHAL: Display: Platform has ~ 16 GB [17044942848 / 17179869184 / 16], which maps to Larger [LargestMinGB=32, LargerMinGB=12, DefaultMinGB=8, SmallerMinGB=6, SmallestMinGB=0)
[2019.02.05-02.08.08:197][  0]LogInit: Setting Device Profile CVar: [[r.Vulkan.UseRealUBs:1]]
[2019.02.05-02.08.08:197][  0]LogInit: Going up to parent DeviceProfile []
[2019.02.05-02.08.08:197][  0]LogInit: Computer: DESKTOP-RI1ETNT
[2019.02.05-02.08.08:197][  0]LogInit: User: Fires
[2019.02.05-02.08.08:197][  0]LogInit: CPU Page size=4096, Cores=4
[2019.02.05-02.08.08:197][  0]LogInit: High frequency timer resolution =10.000000 MHz
[2019.02.05-02.08.08:198][  0]LogMemory: Memory total: Physical=15.9GB (16GB approx)
[2019.02.05-02.08.08:198][  0]LogMemory: Platform Memory Stats for Windows
[2019.02.05-02.08.08:198][  0]LogMemory: Process Physical Memory: 107.61 MB used, 107.61 MB peak
[2019.02.05-02.08.08:198][  0]LogMemory: Process Virtual Memory: 93.51 MB used, 93.51 MB peak
[2019.02.05-02.08.08:198][  0]LogMemory: Physical Memory: 8490.59 MB used,  7764.74 MB free, 16255.32 MB total
[2019.02.05-02.08.08:198][  0]LogMemory: Virtual Memory: 4646.39 MB used,  7764.74 MB free, 134217728.00 MB total
[2019.02.05-02.08.09:002][  0]LogInit: Using OS detected language (en-US).
[2019.02.05-02.08.09:002][  0]LogInit: Using OS detected locale (en-CA).
[2019.02.05-02.08.09:005][  0]LogTextLocalizationManager: No specific localization for 'en-US' exists, so the 'en' localization will be used.
[2019.02.05-02.08.09:511][  0]LogStreaming: Display: Took  0.509s to InitEngineTextLocalization.
[2019.02.05-02.08.09:593][  0]LogSlate: New Slate User Created.  User Index 0, Is Virtual User: 0
[2019.02.05-02.08.09:593][  0]LogSlate: Slate User Registered.  User Index 0, Is Virtual User: 0
[2019.02.05-02.08.09:663][  0]LogHMD: Failed to initialize OpenVR with code 110
[2019.02.05-02.08.09:664][  0]LogD3D11RHI: D3D11 adapters:
[2019.02.05-02.08.09:864][  0]LogD3D11RHI:    0. 'NVIDIA GeForce GTX 1070' (Feature Level 11_0)
[2019.02.05-02.08.09:864][  0]LogD3D11RHI:       8081/0/8127 MB DedicatedVideo/DedicatedSystem/SharedSystem, Outputs:1, VendorId:0x10de
[2019.02.05-02.08.10:034][  0]LogD3D11RHI:    1. 'Intel(R) HD Graphics 530' (Feature Level 11_0)
[2019.02.05-02.08.10:035][  0]LogD3D11RHI:       128/0/8127 MB DedicatedVideo/DedicatedSystem/SharedSystem, Outputs:0, VendorId:0x8086
[2019.02.05-02.08.10:039][  0]LogD3D11RHI:    2. 'Microsoft Basic Render Driver' (Feature Level 11_0)
[2019.02.05-02.08.10:039][  0]LogD3D11RHI:       0/0/8127 MB DedicatedVideo/DedicatedSystem/SharedSystem, Outputs:0, VendorId:0x1414
[2019.02.05-02.08.10:039][  0]LogD3D11RHI: Chosen D3D11 Adapter: 0
[2019.02.05-02.08.10:091][  0]LogD3D11RHI: Creating new Direct3DDevice
[2019.02.05-02.08.10:091][  0]LogD3D11RHI:     GPU DeviceId: 0x1ba1 (for the marketing name, search the web for "GPU Device Id")
[2019.02.05-02.08.10:091][  0]LogWindows: EnumDisplayDevices:
[2019.02.05-02.08.10:091][  0]LogWindows:    0. 'Intel(R) HD Graphics 530' (P:1 D:1)
[2019.02.05-02.08.10:092][  0]LogWindows:    1. 'Intel(R) HD Graphics 530' (P:0 D:0)
[2019.02.05-02.08.10:093][  0]LogWindows:    2. 'Intel(R) HD Graphics 530' (P:0 D:0)
[2019.02.05-02.08.10:094][  0]LogWindows:    3. 'NVIDIA GeForce GTX 1070' (P:0 D:0)
[2019.02.05-02.08.10:095][  0]LogWindows:    4. 'NVIDIA GeForce GTX 1070' (P:0 D:0)
[2019.02.05-02.08.10:095][  0]LogWindows:    5. 'NVIDIA GeForce GTX 1070' (P:0 D:0)
[2019.02.05-02.08.10:096][  0]LogWindows:    6. 'NVIDIA GeForce GTX 1070' (P:0 D:0)
[2019.02.05-02.08.10:096][  0]LogWindows: DebugString: PrimaryIsNotTheChoosenAdapter PrimaryIsNotTheChoosenAdapter PrimaryIsNotTheChoosenAdapter FoundDriverCount:4 
[2019.02.05-02.08.10:096][  0]LogD3D11RHI:     Adapter Name: NVIDIA GeForce GTX 1070
[2019.02.05-02.08.10:096][  0]LogD3D11RHI:   Driver Version: 417.22 (internal:25.21.14.1722, unified:417.22)
[2019.02.05-02.08.10:096][  0]LogD3D11RHI:      Driver Date: 11-29-2018
[2019.02.05-02.08.10:096][  0]LogRHI: Texture pool is 5656 MB (70% of 8081 MB)
[2019.02.05-02.08.10:169][  0]LogD3D11RHI: [Aftermath] Enabled and primed
[2019.02.05-02.08.10:169][  0]LogD3D11RHI: Async texture creation enabled
[2019.02.05-02.08.10:193][  0]LogD3D11RHI: GPU Timing Frequency: 1000.000000 (Debug: 2 2)
[2019.02.05-02.08.10:195][  0]LogShaderCompilers: Guid format shader working directory is -9 characters bigger than the processId version (../../../../../../Program Files (x86)/TrenchTowers 4.20/Intermediate/Shaders/WorkingDirectory/6040/).
[2019.02.05-02.08.10:196][  0]LogShaderCompilers: Cleaned the shader compiler working directory 'C:/Users/Fires/AppData/Local/Temp/UnrealShaderWorkingDir/56EABC9E4B59367A9354D394D060A589/'.
[2019.02.05-02.08.10:848][  0]LogTemp: Display: Loaded TP WindowsClientTargetPlatform
[2019.02.05-02.08.10:890][  0]LogTemp: Display: Loaded TP WindowsNoEditorTargetPlatform
[2019.02.05-02.08.10:933][  0]LogTemp: Display: Loaded TP WindowsServerTargetPlatform
[2019.02.05-02.08.10:977][  0]LogTemp: Display: Loaded TP WindowsTargetPlatform
[2019.02.05-02.08.10:977][  0]LogTargetPlatformManager: Display: Building Assets For Windows
[2019.02.05-02.08.11:750][  0]LogXGEController: Cannot use XGE Controller as Incredibuild is not installed on this machine.
[2019.02.05-02.08.11:750][  0]LogShaderCompilers: Cannot use XGE Shader Compiler as Incredibuild is not installed on this machine.
[2019.02.05-02.08.11:750][  0]LogShaderCompilers: Display: Using Local Shader Compiler.
[2019.02.05-02.08.12:822][  0]LogDerivedDataCache: Display: Max Cache Size: 512 MB
[2019.02.05-02.08.12:900][  0]LogDerivedDataCache: Loaded boot cache 0.08s 71MB C:/Users/Fires/AppData/Local/UnrealEngine/4.20/DerivedDataCache/Boot.ddc.
[2019.02.05-02.08.12:900][  0]LogDerivedDataCache: Display: Loaded Boot cache: C:/Users/Fires/AppData/Local/UnrealEngine/4.20/DerivedDataCache/Boot.ddc
[2019.02.05-02.08.12:901][  0]LogDerivedDataCache: FDerivedDataBackendGraph:  Pak pak cache file ../../../../../../Program Files (x86)/TrenchTowers 4.20/DerivedDataCache/DDC.ddp not found, will not use a pak cache.
[2019.02.05-02.08.12:901][  0]LogDerivedDataCache: Unable to find inner node Pak for hierarchical cache Hierarchy.
[2019.02.05-02.08.12:901][  0]LogDerivedDataCache: FDerivedDataBackendGraph:  CompressedPak pak cache file ../../../../../../Program Files (x86)/TrenchTowers 4.20/DerivedDataCache/Compressed.ddp not found, will not use a pak cache.
[2019.02.05-02.08.12:901][  0]LogDerivedDataCache: Unable to find inner node CompressedPak for hierarchical cache Hierarchy.
[2019.02.05-02.08.12:917][  0]LogDerivedDataCache: Display: Pak cache opened for reading ../../../Engine/DerivedDataCache/Compressed.ddp.
[2019.02.05-02.08.12:931][  0]LogDerivedDataCache: Using Local data cache path C:/Users/Fires/AppData/Local/UnrealEngine/Common/DerivedDataCache: Writable
[2019.02.05-02.08.12:931][  0]LogDerivedDataCache: Shared data cache path not found in *engine.ini, will not use an Shared cache.
[2019.02.05-02.08.12:931][  0]LogDerivedDataCache: Unable to find inner node Shared for hierarchical cache Hierarchy.
[2019.02.05-02.08.12:954][  0]LogMaterial: Verifying Global Shaders for PCD3D_SM5
[2019.02.05-02.08.12:955][  0]LogSlate: Using FreeType 2.6.0
[2019.02.05-02.08.12:957][  0]LogSlate: SlateFontServices - WITH_FREETYPE: 1, WITH_HARFBUZZ: 1
[2019.02.05-02.08.13:129][  0]LogInit: Using OS detected language (en-US).
[2019.02.05-02.08.13:130][  0]LogInit: Using OS detected locale (en-CA).
[2019.02.05-02.08.13:130][  0]LogTextLocalizationManager: No localization for 'en-US' exists, so 'en' will be used for the language.
[2019.02.05-02.08.13:130][  0]LogTextLocalizationManager: No localization for 'en-CA' exists, so 'en' will be used for the locale.
[2019.02.05-02.08.13:542][  0]LogStreaming: Display: Took  0.412s to InitGameTextLocalization.
[2019.02.05-02.08.13:559][  0]LogAssetRegistry: FAssetRegistry took 0.0078 seconds to start up
[2019.02.05-02.08.13:852][  0]LogPackageLocalizationCache: Processed 11 localized package path(s) for 1 prioritized culture(s) in 0.026365 seconds
[2019.02.05-02.08.15:725][  0]LogInit: Selected Device Profile: [Windows]
[2019.02.05-02.08.16:232][  0]LogSimplygon: Simplygon DLL not present - disabling.
[2019.02.05-02.08.16:322][  0]LogMeshReduction: Using SimplygonSwarm for distributed automatic mesh merging
[2019.02.05-02.08.16:322][  0]LogMeshReduction: Using ProxyLODMeshReduction for automatic mesh merging
[2019.02.05-02.08.16:322][  0]LogMeshReduction: Using QuadricMeshReduction for automatic static mesh reduction
[2019.02.05-02.08.16:322][  0]LogMeshReduction: No automatic skeletal mesh reduction module available
[2019.02.05-02.08.16:342][  0]LogNetVersion: TrenchTowers 1.0.0, NetCL: 4212847, EngineNetVer: 5, GameNetVer: 0 (Checksum: 1537713906)
[2019.02.05-02.08.18:015][  0]LogMoviePlayer: Initializing movie player
[2019.02.05-02.08.18:614][  0]LogTcpMessaging: Initializing TcpMessaging bridge
[2019.02.05-02.08.18:651][  0]LogUdpMessaging: Initializing bridge on interface 0.0.0.0:0 to multicast group 230.0.0.1:6666.
[2019.02.05-02.08.18:992][  0]SourceControl: Source control is disabled
[2019.02.05-02.08.18:992][  0]SourceControl: Source control is disabled
[2019.02.05-02.08.19:016][  0]SourceControl: Source control is disabled
[2019.02.05-02.08.20:094][  0]LogOnline: Display: STEAM: Loading Steam SDK 1.39
[2019.02.05-02.08.20:142][  0]LogAndroidPermission: UAndroidPermissionCallbackProxy::GetInstance
[2019.02.05-02.08.20:466][  0]LogOcInput: OculusInput pre-init called
[2019.02.05-02.08.20:530][  0]LogUObjectArray: 42395 objects as part of root set at end of initial load.
[2019.02.05-02.08.20:530][  0]LogUObjectAllocator: 7491240 out of 0 bytes used by permanent object pool.
[2019.02.05-02.08.20:530][  0]LogUObjectArray: CloseDisregardForGC: 0/0 objects in disregard for GC pool
[2019.02.05-02.08.20:684][  0]LogEngine: Initializing Engine...
[2019.02.05-02.08.20:686][  0]LogHMD: Failed to initialize OpenVR with code 110
[2019.02.05-02.08.20:703][  0]LogStats: UGameplayTagsManager::ConstructGameplayTagTree: Construct from data asset -  0.000 s
[2019.02.05-02.08.20:703][  0]LogStats: UGameplayTagsManager::ConstructGameplayTagTree: GameplayTagTreeChangedEvent.Broadcast -  0.000 s
[2019.02.05-02.08.20:923][  0]LogInit: Initializing FReadOnlyCVARCache
[2019.02.05-02.08.20:990][  0]LogInit: XAudio2 using 'Speakers / Headphones (Realtek Audio)' : 6 channels at 48 kHz using 32 bits per sample (channel mask 0x3f)
[2019.02.05-02.08.21:143][  0]LogInit: FAudioDevice initialized.
[2019.02.05-02.08.21:154][  0]LogNetVersion: Set ProjectVersion to 1.0.0.0. Version Checksum will be recalculated on next use.
[2019.02.05-02.08.21:154][  0]LogInit: Texture streaming: Enabled
[2019.02.05-02.08.21:618][  0]LogSlate: Updating window title bar state: overlay mode, drag disabled, window buttons hidden, title bar hidden
[2019.02.05-02.08.21:619][  0]LogInit: Display: Game Engine Initialized.
[2019.02.05-02.08.21:619][  0]LogGameplayTags: Display: UGameplayTagsManager::DoneAddingNativeTags. DelegateIsBound: 0
[2019.02.05-02.08.21:619][  0]LogStats: UGameplayTagsManager::ConstructGameplayTagTree: Construct from data asset -  0.000 s
[2019.02.05-02.08.21:619][  0]LogStats: UGameplayTagsManager::ConstructGameplayTagTree: GameplayTagTreeChangedEvent.Broadcast -  0.000 s
[2019.02.05-02.08.21:782][  0]LogInit: Display: Starting Game.
[2019.02.05-02.08.21:782][  0]LogNet: Browse: 127.0.0.1//Game/2DSideScrollerBP/Maps/2DSideScrollerExampleMap?Name=Player
[2019.02.05-02.08.21:782][  0]LogTemp: Display: ParseSettings for GameNetDriver
[2019.02.05-02.08.21:782][  0]LogTemp: Display: ParseSettings for IpNetDriver_0
[2019.02.05-02.08.21:782][  0]LogTemp: Display: ParseSettings for PendingNetDriver
[2019.02.05-02.08.21:782][  0]LogInit: WinSock: Socket queue 32768 / 32768
[2019.02.05-02.08.21:789][  0]LogInit: WinSock: I am DESKTOP-RI1ETNT (192.168.1.115:0)
[2019.02.05-02.08.21:790][  0]PacketHandlerLog: Loaded PacketHandler component: OnlineSubsystemSteam.SteamAuthComponentModuleInterface ()
[2019.02.05-02.08.21:790][  0]PacketHandlerLog: Loaded PacketHandler component: Engine.EngineHandlerComponentFactory (StatelessConnectHandlerComponent)
[2019.02.05-02.08.21:790][  0]LogOnline: Warning: STEAM: AUTH HANDLER: Deactivating due to missing requirements
[2019.02.05-02.08.21:790][  0]LogNet: Game client on port 7777, rate 10000
[2019.02.05-02.08.22:012][  0]LogLoad: (Engine Initialization) Total time: 21.77 seconds
[2019.02.05-02.08.22:012][  0]LogLoad: (Engine Initialization) Total Blueprint compile time: 0.00 seconds
[2019.02.05-02.08.22:357][  0]LogSteamController: SteamController is not available
[2019.02.05-02.08.22:358][  0]LogHandshake: SendChallengeResponse. Timestamp: 24.074223, Cookie: 181186111030185224046146028209180094039048192106010022026163
[2019.02.05-02.08.22:362][  0]LogContentStreaming: Texture pool size now 1000 MB
[2019.02.05-02.08.22:372][  1]LogNetVersion: TrenchTowers 1.0.0.0, NetCL: 4212847, EngineNetVer: 5, GameNetVer: 0 (Checksum: 2119075378)
[2019.02.05-02.08.22:372][  1]LogNet: UPendingNetGame::SendInitialJoin: Sending hello. [UNetConnection] RemoteAddr: 127.0.0.1:7777, Name: IpConnection_0, Driver: PendingNetDriver IpNetDriver_0, IsServer: NO, PC: NULL, Owner: NULL, UniqueId: INVALID
[2019.02.05-02.08.22:413][  3]LogNet: Welcomed by server (Level: /Game/2DSideScrollerBP/Maps/UEDPIE_0_2DSideScrollerExampleMap, Game: /Game/2DSideScrollerBP/Blueprints/Gameplay/2DSideScrollerGameMode.2DSideScrollerGameMode_C)
[2019.02.05-02.08.22:416][  3]LogLoad: LoadMap: 127.0.0.1//Game/2DSideScrollerBP/Maps/2DSideScrollerExampleMap?Name=Player?game=/Game/2DSideScrollerBP/Blueprints/Gameplay/2DSideScrollerGameMode.2DSideScrollerGameMode_C
[2019.02.05-02.08.22:526][  3]LogLinker: Warning: Can't find file '/Script/IntroTutorials'
[2019.02.05-02.08.22:526][  3]LogUObjectGlobals: Warning: Failed to load '/Script/IntroTutorials': Can't find file '/Script/IntroTutorials'
[2019.02.05-02.08.22:526][  3]LogLinker: Warning: Can't find file for asset '/Script/IntroTutorials' while loading NULL.
[2019.02.05-02.08.22:526][  3]LogUObjectGlobals: Warning: Failed to load '/Script/IntroTutorials': Can't find file for asset '/Script/IntroTutorials' while loading NULL.
[2019.02.05-02.08.22:526][  3]LogLinker: Warning: CreateExport: Failed to load Parent for BlueprintGeneratedClass /Engine/Tutorial/BlueprintTutorials/LevelBlueprintEditorOverview.LevelBlueprintEditorOverview_C
[2019.02.05-02.08.22:526][  3]LogLinker: Warning: Can't find file '/Script/IntroTutorials'
[2019.02.05-02.08.22:526][  3]LogUObjectGlobals: Warning: Failed to load '/Script/IntroTutorials': Can't find file '/Script/IntroTutorials'
[2019.02.05-02.08.22:526][  3]LogLinker: Warning: Can't find file for asset '/Script/IntroTutorials' while loading NULL.
[2019.02.05-02.08.22:526][  3]LogUObjectGlobals: Warning: Failed to load '/Script/IntroTutorials': Can't find file for asset '/Script/IntroTutorials' while loading NULL.
[2019.02.05-02.08.22:526][  3]LogLinker: Warning: CreateExport: Failed to load Parent for BlueprintGeneratedClass /Engine/Tutorial/BlueprintTutorials/LevelBlueprintEditorOverview.LevelBlueprintEditorOverview_C
[2019.02.05-02.08.22:526][  3]LogLinker: Warning: Unable to load Default__LevelBlueprintEditorOverview_C with outer Package /Engine/Tutorial/BlueprintTutorials/LevelBlueprintEditorOverview because its class does not exist
[2019.02.05-02.08.22:527][  3]LogLinker: Warning: Can't find file '/Script/IntroTutorials'
[2019.02.05-02.08.22:527][  3]LogUObjectGlobals: Warning: Failed to load '/Script/IntroTutorials': Can't find file '/Script/IntroTutorials'
[2019.02.05-02.08.22:527][  3]LogLinker: Warning: Can't find file for asset '/Script/IntroTutorials' while loading NULL.
[2019.02.05-02.08.22:527][  3]LogUObjectGlobals: Warning: Failed to load '/Script/IntroTutorials': Can't find file for asset '/Script/IntroTutorials' while loading NULL.
[2019.02.05-02.08.22:527][  3]LogLinker: Warning: CreateExport: Failed to load Parent for BlueprintGeneratedClass /Engine/Tutorial/BlueprintTutorials/LevelBlueprintEditorOverview.LevelBlueprintEditorOverview_C
[2019.02.05-02.08.22:530][  3]LogLinker: Warning: Can't find file '/Script/IntroTutorials'
[2019.02.05-02.08.22:530][  3]LoadErrors: Failed to load /Script/IntroTutorials.EditorTutorial Referenced by K2Node_DynamicCast_1
[2019.02.05-02.08.22:530][  3]LogUObjectGlobals: Warning: Failed to load '/Script/IntroTutorials': Can't find file '/Script/IntroTutorials'
[2019.02.05-02.08.22:531][  3]LogLinker: Warning: Can't find file for asset '/Script/IntroTutorials' while loading NULL.
[2019.02.05-02.08.22:531][  3]LoadErrors: Failed to load /Script/IntroTutorials.EditorTutorial Referenced by K2Node_DynamicCast_1
[2019.02.05-02.08.22:531][  3]LogUObjectGlobals: Warning: Failed to load '/Script/IntroTutorials': Can't find file for asset '/Script/IntroTutorials' while loading NULL.
[2019.02.05-02.08.22:531][  3]LogLinker: Warning: CreateExport: Failed to load Parent for BlueprintGeneratedClass /Engine/Tutorial/BlueprintTutorials/LevelBlueprintEditorOverview.LevelBlueprintEditorOverview_C
[2019.02.05-02.08.22:531][  3]LogLinker: Warning: Can't find file '/Script/IntroTutorials'
[2019.02.05-02.08.22:531][  3]LoadErrors: Failed to load /Script/IntroTutorials.EditorTutorial Referenced by K2Node_DynamicCast_1
[2019.02.05-02.08.22:531][  3]LogUObjectGlobals: Warning: Failed to load '/Script/IntroTutorials': Can't find file '/Script/IntroTutorials'
[2019.02.05-02.08.22:531][  3]LogLinker: Warning: Can't find file for asset '/Script/IntroTutorials' while loading NULL.
[2019.02.05-02.08.22:531][  3]LoadErrors: Failed to load /Script/IntroTutorials.EditorTutorial Referenced by K2Node_DynamicCast_1
[2019.02.05-02.08.22:531][  3]LogUObjectGlobals: Warning: Failed to load '/Script/IntroTutorials': Can't find file for asset '/Script/IntroTutorials' while loading NULL.
[2019.02.05-02.08.22:531][  3]LogLinker: Warning: CreateExport: Failed to load Parent for BlueprintGeneratedClass /Engine/Tutorial/BlueprintTutorials/LevelBlueprintEditorOverview.LevelBlueprintEditorOverview_C
[2019.02.05-02.08.23:413][  3]LogLinker: Warning: Can't find file '/Script/IntroTutorials'
[2019.02.05-02.08.23:413][  3]LoadErrors: Failed to load /Script/IntroTutorials.EditorTutorial Referenced by LevelBlueprintEditorOverview
[2019.02.05-02.08.23:413][  3]LogUObjectGlobals: Warning: Failed to load '/Script/IntroTutorials': Can't find file '/Script/IntroTutorials'
[2019.02.05-02.08.23:413][  3]LogLinker: Warning: Can't find file for asset '/Script/IntroTutorials' while loading NULL.
[2019.02.05-02.08.23:413][  3]LoadErrors: Failed to load /Script/IntroTutorials.EditorTutorial Referenced by LevelBlueprintEditorOverview
[2019.02.05-02.08.23:413][  3]LogUObjectGlobals: Warning: Failed to load '/Script/IntroTutorials': Can't find file for asset '/Script/IntroTutorials' while loading NULL.
[2019.02.05-02.08.23:413][  3]LogLinker: Warning: Can't find file '/Script/IntroTutorials'
[2019.02.05-02.08.23:413][  3]LoadErrors: Failed to load /Script/IntroTutorials.EditorTutorial Referenced by LevelBlueprintEditorOverview
[2019.02.05-02.08.23:413][  3]LogUObjectGlobals: Warning: Failed to load '/Script/IntroTutorials': Can't find file '/Script/IntroTutorials'
[2019.02.05-02.08.23:413][  3]LogLinker: Warning: Can't find file for asset '/Script/IntroTutorials' while loading NULL.
[2019.02.05-02.08.23:414][  3]LoadErrors: Failed to load /Script/IntroTutorials.EditorTutorial Referenced by LevelBlueprintEditorOverview
[2019.02.05-02.08.23:414][  3]LogUObjectGlobals: Warning: Failed to load '/Script/IntroTutorials': Can't find file for asset '/Script/IntroTutorials' while loading NULL.
[2019.02.05-02.08.23:414][  3]LogLinker: Warning: CreateExport: Failed to load Parent for BlueprintGeneratedClass /Engine/Tutorial/BlueprintTutorials/LevelBlueprintEditorOverview.LevelBlueprintEditorOverview_C
[2019.02.05-02.08.23:414][  3]LogLinker: Warning: Can't find file '/Script/IntroTutorials'
[2019.02.05-02.08.23:414][  3]LoadErrors: Failed to load /Script/IntroTutorials.EditorTutorial Referenced by PackageMetaData
[2019.02.05-02.08.23:414][  3]LogUObjectGlobals: Warning: Failed to load '/Script/IntroTutorials': Can't find file '/Script/IntroTutorials'
[2019.02.05-02.08.23:414][  3]LogLinker: Warning: Can't find file for asset '/Script/IntroTutorials' while loading NULL.
[2019.02.05-02.08.23:414][  3]LoadErrors: Failed to load /Script/IntroTutorials.EditorTutorial Referenced by PackageMetaData
[2019.02.05-02.08.23:414][  3]LogUObjectGlobals: Warning: Failed to load '/Script/IntroTutorials': Can't find file for asset '/Script/IntroTutorials' while loading NULL.
[2019.02.05-02.08.23:414][  3]LogLinker: Warning: CreateExport: Failed to load Parent for BlueprintGeneratedClass /Engine/Tutorial/BlueprintTutorials/LevelBlueprintEditorOverview.LevelBlueprintEditorOverview_C
[2019.02.05-02.08.23:584][  3]LogAIModule: Creating AISystem for world 2DSideScrollerExampleMap
[2019.02.05-02.08.23:585][  3]LogTemp: Display: ParseSettings for GameNetDriver
[2019.02.05-02.08.23:621][  3]LogWorld: Bringing World /Game/2DSideScrollerBP/Maps/2DSideScrollerExampleMap.2DSideScrollerExampleMap up for play (max tick rate 0) at 2019.02.04-21.08.23
[2019.02.05-02.08.23:621][  3]LogWorld: Bringing up level for play took: 0.035588
[2019.02.05-02.08.23:623][  3]LogLoad: Took 1.207119 seconds to LoadMap(/Game/2DSideScrollerBP/Maps/2DSideScrollerExampleMap)
[2019.02.05-02.08.23:646][  4]LogRenderer: Reallocating scene render targets to support 1280x720 Format 10 NumSamples 1 (Frame:1).
[2019.02.05-02.08.23:688][  4]LogPlayerController: Error: EnableInput can only be specified on a PlayerController for itself
[2019.02.05-02.08.23:692][  4]LogBlueprintUserMessages: [Cube_Blueprint] land
[2019.02.05-02.08.24:285][ 41]LogScript: Warning: Script Msg: Attempted to access index 0 from array 'Targets' of length 0 in '/Game/2DSideScrollerBP/Blueprints/Minions/Tower.Tower_C'!
[2019.02.05-02.08.24:289][ 41]LogScript: Warning: Script Msg: Attempted to access index 0 from array 'Targets' of length 0 in '/Game/2DSideScrollerBP/Blueprints/Minions/Tower.Tower_C'!
[2019.02.05-02.08.24:289][ 41]LogScript: Warning: Script Msg: Attempted to access index 0 from array 'Targets' of length 0 in '/Game/2DSideScrollerBP/Blueprints/Minions/Tower.Tower_C'!
[2019.02.05-02.08.24:289][ 41]LogScript: Warning: Script Msg: Attempted to access index 0 from array 'Targets' of length 0 in '/Game/2DSideScrollerBP/Blueprints/Minions/Tower.Tower_C'!
[2019.02.05-02.08.24:289][ 41]LogScript: Warning: Script Msg: Attempted to access index 0 from array 'Targets' of length 0 in '/Game/2DSideScrollerBP/Blueprints/Minions/Tower.Tower_C'!
[2019.02.05-02.08.24:289][ 41]LogScript: Warning: Script Msg: Attempted to access index 0 from array 'Targets' of length 0 in '/Game/2DSideScrollerBP/Blueprints/Minions/Tower.Tower_C'!
[2019.02.05-02.08.24:290][ 41]LogScript: Warning: Script Msg: Attempted to access index 0 from array 'Targets' of length 0 in '/Game/2DSideScrollerBP/Blueprints/Minions/Tower.Tower_C'!
[2019.02.05-02.08.24:290][ 41]LogScript: Warning: Script Msg: Attempted to access index 0 from array 'Targets' of length 0 in '/Game/2DSideScrollerBP/Blueprints/Minions/Tower.Tower_C'!
[2019.02.05-02.08.24:290][ 41]LogScript: Warning: Script Msg: Attempted to access index 0 from array 'Targets' of length 0 in '/Game/2DSideScrollerBP/Blueprints/Minions/Tower.Tower_C'!
[2019.02.05-02.08.24:290][ 41]LogScript: Warning: Script Msg: Attempted to access index 0 from array 'Targets' of length 0 in '/Game/2DSideScrollerBP/Blueprints/Minions/Tower.Tower_C'!
[2019.02.05-02.08.24:317][ 43]LogOnline: Warning: OSS: No game present to join for session (GameSession)
[2019.02.05-02.08.24:349][ 45]LogOnline: Warning: OSS: No game present to join for session (GameSession)
[2019.02.05-02.08.24:398][ 48]LogScript: Warning: Script Msg: Attempted to access index 0 from array 'Targets' of length 0 in '/Game/2DSideScrollerBP/Blueprints/Minions/Tower.Tower_C'!
[2019.02.05-02.08.24:398][ 48]LogScript: Warning: Script Msg: Attempted to access index 0 from array 'Targets' of length 0 in '/Game/2DSideScrollerBP/Blueprints/Minions/Tower.Tower_C'!
[2019.02.05-02.08.24:736][ 69]LogScript: Warning: Script Msg: Attempted to access index 0 from array 'Targets' of length 0 in '/Game/2DSideScrollerBP/Blueprints/Minions/Tower.Tower_C'!
[2019.02.05-02.08.24:769][ 71]LogScript: Warning: Script Msg: Attempted to access index 0 from array 'Targets' of length 0 in '/Game/2DSideScrollerBP/Blueprints/Minions/Tower.Tower_C'!
[2019.02.05-02.08.24:769][ 71]LogScript: Warning: Script Msg: Attempted to access index 0 from array 'Targets' of length 0 in '/Game/2DSideScrollerBP/Blueprints/Minions/Tower.Tower_C'!
[2019.02.05-02.08.24:769][ 71]LogScript: Warning: Script Msg: Attempted to access index 0 from array 'Targets' of length 0 in '/Game/2DSideScrollerBP/Blueprints/Minions/Tower.Tower_C'!
[2019.02.05-02.08.24:769][ 71]LogScript: Warning: Script Msg: Attempted to access index 0 from array 'Targets' of length 0 in '/Game/2DSideScrollerBP/Blueprints/Minions/Tower.Tower_C'!
[2019.02.05-02.08.24:769][ 71]LogScript: Warning: Script Msg: Attempted to access index 0 from array 'Targets' of length 0 in '/Game/2DSideScrollerBP/Blueprints/Minions/Tower.Tower_C'!
[2019.02.05-02.08.24:769][ 71]LogScript: Warning: Script Msg: Attempted to access index 0 from array 'Targets' of length 0 in '/Game/2DSideScrollerBP/Blueprints/Minions/Tower.Tower_C'!
[2019.02.05-02.08.24:769][ 71]LogScript: Warning: Script Msg: Attempted to access index 0 from array 'Targets' of length 0 in '/Game/2DSideScrollerBP/Blueprints/Minions/Tower.Tower_C'!
[2019.02.05-02.08.24:770][ 71]LogScript: Warning: Script Msg: Attempted to access index 0 from array 'Targets' of length 0 in '/Game/2DSideScrollerBP/Blueprints/Minions/Tower.Tower_C'!
[2019.02.05-02.08.24:770][ 71]LogScript: Warning: Script Msg: Attempted to access index 0 from array 'Targets' of length 0 in '/Game/2DSideScrollerBP/Blueprints/Minions/Tower.Tower_C'!
[2019.02.05-02.08.24:929][ 81]LogScript: Warning: Script Msg: Attempted to access index 0 from array 'Targets' of length 0 in '/Game/2DSideScrollerBP/Blueprints/Minions/Tower.Tower_C'!
[2019.02.05-02.08.24:929][ 81]LogScript: Warning: Script Msg: Attempted to access index 0 from array 'Targets' of length 0 in '/Game/2DSideScrollerBP/Blueprints/Minions/Tower.Tower_C'!
[2019.02.05-02.08.24:929][ 81]LogScript: Warning: Script Msg: Attempted to access index 0 from array 'Targets' of length 0 in '/Game/2DSideScrollerBP/Blueprints/Minions/Tower.Tower_C'!
[2019.02.05-02.08.24:929][ 81]LogScript: Warning: Script Msg: Attempted to access index 0 from array 'Targets' of length 0 in '/Game/2DSideScrollerBP/Blueprints/Minions/Tower.Tower_C'!
[2019.02.05-02.08.24:929][ 81]LogScript: Warning: Script Msg: Attempted to access index 0 from array 'Targets' of length 0 in '/Game/2DSideScrollerBP/Blueprints/Minions/Tower.Tower_C'!
[2019.02.05-02.08.25:076][ 90]LogBlueprintUserMessages: [TowerShot_C_5] Minion311
[2019.02.05-02.08.25:076][ 90]LogScript: Warning: Script Msg: Attempted to access index 0 from array 'Targets' of length 0 in '/Game/2DSideScrollerBP/Blueprints/Minions/Tower.Tower_C'!
[2019.02.05-02.08.25:076][ 90]LogScript: Warning: Script Msg: Attempted to access index 0 from array 'Targets' of length 0 in '/Game/2DSideScrollerBP/Blueprints/Minions/Tower.Tower_C'!
[2019.02.05-02.08.25:076][ 90]LogScript: Warning: Script Msg: Attempted to access index 0 from array 'Targets' of length 0 in '/Game/2DSideScrollerBP/Blueprints/Minions/Tower.Tower_C'!
[2019.02.05-02.08.25:076][ 90]LogScript: Warning: Script Msg: Attempted to access index 0 from array 'Targets' of length 0 in '/Game/2DSideScrollerBP/Blueprints/Minions/Tower.Tower_C'!
[2019.02.05-02.08.25:301][104]LogScript: Warning: Script Msg: Attempted to access index 0 from array 'Targets' of length 0 in '/Game/2DSideScrollerBP/Blueprints/Minions/Tower.Tower_C'!
[2019.02.05-02.08.25:301][104]LogScript: Warning: Script Msg: Attempted to access index 0 from array 'Targets' of length 0 in '/Game/2DSideScrollerBP/Blueprints/Minions/Tower.Tower_C'!
[2019.02.05-02.08.25:610][123]LogBlueprintUserMessages: [TowerShot_C_7] Brute2_ATK7
[2019.02.05-02.08.25:770][133]LogBlueprintUserMessages: [TowerShot_C_6] Brute2_ATK7
[2019.02.05-02.08.25:884][140]LogBlueprintUserMessages: [TowerShot_C_2] Brute2_ATK6
[2019.02.05-02.08.25:930][143]LogScript: Warning: Script Msg: Attempted to access index 0 from array 'Targets' of length 0 in '/Game/2DSideScrollerBP/Blueprints/Minions/Tower.Tower_C'!
[2019.02.05-02.08.25:930][143]LogScript: Warning: Script Msg: Attempted to access index 0 from array 'Targets' of length 0 in '/Game/2DSideScrollerBP/Blueprints/Minions/Tower.Tower_C'!
[2019.02.05-02.08.25:930][143]LogScript: Warning: Script Msg: Attempted to access index 0 from array 'Targets' of length 0 in '/Game/2DSideScrollerBP/Blueprints/Minions/Tower.Tower_C'!
[2019.02.05-02.08.25:930][143]LogScript: Warning: Script Msg: Attempted to access index 0 from array 'Targets' of length 0 in '/Game/2DSideScrollerBP/Blueprints/Minions/Tower.Tower_C'!
[2019.02.05-02.08.25:930][143]LogScript: Warning: Script Msg: Attempted to access index 0 from array 'Targets' of length 0 in '/Game/2DSideScrollerBP/Blueprints/Minions/Tower.Tower_C'!
[2019.02.05-02.08.25:930][143]LogScript: Warning: Script Msg: Attempted to access index 0 from array 'Targets' of length 0 in '/Game/2DSideScrollerBP/Blueprints/Minions/Tower.Tower_C'!
[2019.02.05-02.08.26:382][171]LogScript: Warning: Script Msg: Attempted to access index 0 from array 'Targets' of length 0 in '/Game/2DSideScrollerBP/Blueprints/Minions/Tower.Tower_C'!
[2019.02.05-02.08.26:382][171]LogScript: Warning: Script Msg: Attempted to access index 0 from array 'Targets' of length 0 in '/Game/2DSideScrollerBP/Blueprints/Minions/Tower.Tower_C'!
[2019.02.05-02.08.26:414][173]LogScript: Warning: Script Msg: Attempted to access index 0 from array 'Targets' of length 0 in '/Game/2DSideScrollerBP/Blueprints/Minions/Tower.Tower_C'!
[2019.02.05-02.08.26:415][173]LogScript: Warning: Script Msg: Attempted to access index 0 from array 'Targets' of length 0 in '/Game/2DSideScrollerBP/Blueprints/Minions/Tower.Tower_C'!
[2019.02.05-02.08.26:721][192]LogScript: Warning: Script Msg: Attempted to access index 0 from array 'Targets' of length 0 in '/Game/2DSideScrollerBP/Blueprints/Minions/Tower.Tower_C'!
[2019.02.05-02.08.26:737][193]LogScript: Warning: Script Msg: Attempted to access index 0 from array 'Targets' of length 0 in '/Game/2DSideScrollerBP/Blueprints/Minions/Tower.Tower_C'!
[2019.02.05-02.08.26:869][201]LogBlueprintUserMessages: [TowerShot_C_16] Brute2_ATK15
[2019.02.05-02.08.26:930][205]LogScript: Warning: Script Msg: Attempted to access index 0 from array 'Targets' of length 0 in '/Game/2DSideScrollerBP/Blueprints/Minions/Tower.Tower_C'!
[2019.02.05-02.08.26:930][205]LogScript: Warning: Script Msg: Attempted to access index 0 from array 'Targets' of length 0 in '/Game/2DSideScrollerBP/Blueprints/Minions/Tower.Tower_C'!
[2019.02.05-02.08.26:930][205]LogScript: Warning: Script Msg: Attempted to access index 0 from array 'Targets' of length 0 in '/Game/2DSideScrollerBP/Blueprints/Minions/Tower.Tower_C'!
[2019.02.05-02.08.26:930][205]LogScript: Warning: Script Msg: Attempted to access index 0 from array 'Targets' of length 0 in '/Game/2DSideScrollerBP/Blueprints/Minions/Tower.Tower_C'!
[2019.02.05-02.08.26:931][205]LogScript: Warning: Script Msg: Attempted to access index 0 from array 'Targets' of length 0 in '/Game/2DSideScrollerBP/Blueprints/Minions/Tower.Tower_C'!
[2019.02.05-02.08.27:946][268]LogScript: Warning: Script Msg: Attempted to access index 0 from array 'Targets' of length 0 in '/Game/2DSideScrollerBP/Blueprints/Minions/Tower.Tower_C'!
[2019.02.05-02.08.27:947][268]LogScript: Warning: Script Msg: Attempted to access index 0 from array 'Targets' of length 0 in '/Game/2DSideScrollerBP/Blueprints/Minions/Tower.Tower_C'!
[2019.02.05-02.08.27:947][268]LogScript: Warning: Script Msg: Attempted to access index 0 from array 'Targets' of length 0 in '/Game/2DSideScrollerBP/Blueprints/Minions/Tower.Tower_C'!
[2019.02.05-02.08.27:947][268]LogScript: Warning: Script Msg: Attempted to access index 0 from array 'Targets' of length 0 in '/Game/2DSideScrollerBP/Blueprints/Minions/Tower.Tower_C'!
[2019.02.05-02.08.28:900][327]LogScript: Warning: Script Msg: Attempted to access index 0 from array 'Targets' of length 0 in '/Game/2DSideScrollerBP/Blueprints/Minions/Tower.Tower_C'!
[2019.02.05-02.08.28:900][327]LogScript: Warning: Script Msg: Attempted to access index 0 from array 'Targets' of length 0 in '/Game/2DSideScrollerBP/Blueprints/Minions/Tower.Tower_C'!
[2019.02.05-02.08.28:903][327]LogScript: Warning: Script Msg: Attempted to access index 0 from array 'Targets' of length 0 in '/Game/2DSideScrollerBP/Blueprints/Minions/Tower.Tower_C'!
[2019.02.05-02.08.28:903][327]LogScript: Warning: Script Msg: Attempted to access index 0 from array 'Targets' of length 0 in '/Game/2DSideScrollerBP/Blueprints/Minions/Tower.Tower_C'!
[2019.02.05-02.08.29:253][349]LogScript: Warning: Script Msg: Attempted to access index 0 from array 'Targets' of length 0 in '/Game/2DSideScrollerBP/Blueprints/Minions/Tower.Tower_C'!
[2019.02.05-02.08.29:253][349]LogScript: Warning: Script Msg: Attempted to access index 0 from array 'Targets' of length 0 in '/Game/2DSideScrollerBP/Blueprints/Minions/Tower.Tower_C'!
[2019.02.05-02.08.29:253][349]LogScript: Warning: Script Msg: Attempted to access index 0 from array 'Targets' of length 0 in '/Game/2DSideScrollerBP/Blueprints/Minions/Tower.Tower_C'!
[2019.02.05-02.08.29:253][349]LogScript: Warning: Script Msg: Attempted to access index 0 from array 'Targets' of length 0 in '/Game/2DSideScrollerBP/Blueprints/Minions/Tower.Tower_C'!
[2019.02.05-02.08.30:255][411]LogScript: Warning: Script Msg: Attempted to access index 0 from array 'Targets' of length 0 in '/Game/2DSideScrollerBP/Blueprints/Minions/Tower.Tower_C'!
[2019.02.05-02.08.30:255][411]LogScript: Warning: Script Msg: Attempted to access index 0 from array 'Targets' of length 0 in '/Game/2DSideScrollerBP/Blueprints/Minions/Tower.Tower_C'!
[2019.02.05-02.08.30:255][411]LogScript: Warning: Script Msg: Attempted to access index 0 from array 'Targets' of length 0 in '/Game/2DSideScrollerBP/Blueprints/Minions/Tower.Tower_C'!
[2019.02.05-02.08.30:255][411]LogScript: Warning: Script Msg: Attempted to access index 0 from array 'Targets' of length 0 in '/Game/2DSideScrollerBP/Blueprints/Minions/Tower.Tower_C'!
[2019.02.05-02.08.31:258][473]LogScript: Warning: Script Msg: Attempted to access index 0 from array 'Targets' of length 0 in '/Game/2DSideScrollerBP/Blueprints/Minions/Tower.Tower_C'!
[2019.02.05-02.08.31:258][473]LogScript: Warning: Script Msg: Attempted to access index 0 from array 'Targets' of length 0 in '/Game/2DSideScrollerBP/Blueprints/Minions/Tower.Tower_C'!
[2019.02.05-02.08.31:258][473]LogScript: Warning: Script Msg: Attempted to access index 0 from array 'Targets' of length 0 in '/Game/2DSideScrollerBP/Blueprints/Minions/Tower.Tower_C'!
[2019.02.05-02.08.31:258][473]LogScript: Warning: Script Msg: Attempted to access index 0 from array 'Targets' of length 0 in '/Game/2DSideScrollerBP/Blueprints/Minions/Tower.Tower_C'!
[2019.02.05-02.08.32:262][535]LogScript: Warning: Script Msg: Attempted to access index 0 from array 'Targets' of length 0 in '/Game/2DSideScrollerBP/Blueprints/Minions/Tower.Tower_C'!
[2019.02.05-02.08.32:263][535]LogScript: Warning: Script Msg: Attempted to access index 0 from array 'Targets' of length 0 in '/Game/2DSideScrollerBP/Blueprints/Minions/Tower.Tower_C'!
[2019.02.05-02.08.32:263][535]LogScript: Warning: Script Msg: Attempted to access index 0 from array 'Targets' of length 0 in '/Game/2DSideScrollerBP/Blueprints/Minions/Tower.Tower_C'!
[2019.02.05-02.08.32:263][535]LogScript: Warning: Script Msg: Attempted to access index 0 from array 'Targets' of length 0 in '/Game/2DSideScrollerBP/Blueprints/Minions/Tower.Tower_C'!
[2019.02.05-02.08.32:992][580]LogScript: Warning: Script Msg: Attempted to access index 0 from array 'Targets' of length 0 in '/Game/2DSideScrollerBP/Blueprints/Minions/Tower.Tower_C'!
[2019.02.05-02.08.32:994][580]LogScript: Warning: Script Msg: Attempted to access index 0 from array 'Targets' of length 0 in '/Game/2DSideScrollerBP/Blueprints/Minions/Tower.Tower_C'!
[2019.02.05-02.08.33:264][597]LogScript: Warning: Script Msg: Attempted to access index 0 from array 'Targets' of length 0 in '/Game/2DSideScrollerBP/Blueprints/Minions/Tower.Tower_C'!
[2019.02.05-02.08.33:264][597]LogScript: Warning: Script Msg: Attempted to access index 0 from array 'Targets' of length 0 in '/Game/2DSideScrollerBP/Blueprints/Minions/Tower.Tower_C'!
[2019.02.05-02.08.33:264][597]LogScript: Warning: Script Msg: Attempted to access index 0 from array 'Targets' of length 0 in '/Game/2DSideScrollerBP/Blueprints/Minions/Tower.Tower_C'!
[2019.02.05-02.08.33:264][597]LogScript: Warning: Script Msg: Attempted to access index 0 from array 'Targets' of length 0 in '/Game/2DSideScrollerBP/Blueprints/Minions/Tower.Tower_C'!
[2019.02.05-02.08.34:281][660]LogScript: Warning: Script Msg: Attempted to access index 0 from array 'Targets' of length 0 in '/Game/2DSideScrollerBP/Blueprints/Minions/Tower.Tower_C'!
[2019.02.05-02.08.34:281][660]LogScript: Warning: Script Msg: Attempted to access index 0 from array 'Targets' of length 0 in '/Game/2DSideScrollerBP/Blueprints/Minions/Tower.Tower_C'!
[2019.02.05-02.08.34:281][660]LogScript: Warning: Script Msg: Attempted to access index 0 from array 'Targets' of length 0 in '/Game/2DSideScrollerBP/Blueprints/Minions/Tower.Tower_C'!
[2019.02.05-02.08.34:281][660]LogScript: Warning: Script Msg: Attempted to access index 0 from array 'Targets' of length 0 in '/Game/2DSideScrollerBP/Blueprints/Minions/Tower.Tower_C'!
[2019.02.05-02.08.34:947][701]LogScript: Warning: Script Msg: Attempted to access index 0 from array 'Targets' of length 0 in '/Game/2DSideScrollerBP/Blueprints/Minions/Tower.Tower_C'!
[2019.02.05-02.08.34:949][701]LogScript: Warning: Script Msg: Attempted to access index 0 from array 'Targets' of length 0 in '/Game/2DSideScrollerBP/Blueprints/Minions/Tower.Tower_C'!
[2019.02.05-02.08.35:267][721]LogScript: Warning: Script Msg: Attempted to access index 0 from array 'Targets' of length 0 in '/Game/2DSideScrollerBP/Blueprints/Minions/Tower.Tower_C'!
[2019.02.05-02.08.35:267][721]LogScript: Warning: Script Msg: Attempted to access index 0 from array 'Targets' of length 0 in '/Game/2DSideScrollerBP/Blueprints/Minions/Tower.Tower_C'!
[2019.02.05-02.08.35:267][721]LogScript: Warning: Script Msg: Attempted to access index 0 from array 'Targets' of length 0 in '/Game/2DSideScrollerBP/Blueprints/Minions/Tower.Tower_C'!
[2019.02.05-02.08.36:267][783]LogScript: Warning: Script Msg: Attempted to access index 0 from array 'Targets' of length 0 in '/Game/2DSideScrollerBP/Blueprints/Minions/Tower.Tower_C'!
[2019.02.05-02.08.36:268][783]LogScript: Warning: Script Msg: Attempted to access index 0 from array 'Targets' of length 0 in '/Game/2DSideScrollerBP/Blueprints/Minions/Tower.Tower_C'!
[2019.02.05-02.08.36:268][783]LogScript: Warning: Script Msg: Attempted to access index 0 from array 'Targets' of length 0 in '/Game/2DSideScrollerBP/Blueprints/Minions/Tower.Tower_C'!
[2019.02.05-02.08.36:964][826]LogScript: Warning: Script Msg: Attempted to access index 0 from array 'Targets' of length 0 in '/Game/2DSideScrollerBP/Blueprints/Minions/Tower.Tower_C'!
[2019.02.05-02.08.36:965][826]LogScript: Warning: Script Msg: Attempted to access index 0 from array 'Targets' of length 0 in '/Game/2DSideScrollerBP/Blueprints/Minions/Tower.Tower_C'!
[2019.02.05-02.08.36:969][826]LogScript: Warning: Script Msg: Attempted to access index 0 from array 'Targets' of length 0 in '/Game/2DSideScrollerBP/Blueprints/Minions/Tower.Tower_C'!
[2019.02.05-02.08.36:969][826]LogScript: Warning: Script Msg: Attempted to access index 0 from array 'Targets' of length 0 in '/Game/2DSideScrollerBP/Blueprints/Minions/Tower.Tower_C'!
[2019.02.05-02.08.37:284][846]LogScript: Warning: Script Msg: Attempted to access index 0 from array 'Targets' of length 0 in '/Game/2DSideScrollerBP/Blueprints/Minions/Tower.Tower_C'!
[2019.02.05-02.08.37:284][846]LogScript: Warning: Script Msg: Attempted to access index 0 from array 'Targets' of length 0 in '/Game/2DSideScrollerBP/Blueprints/Minions/Tower.Tower_C'!
[2019.02.05-02.08.37:284][846]LogScript: Warning: Script Msg: Attempted to access index 0 from array 'Targets' of length 0 in '/Game/2DSideScrollerBP/Blueprints/Minions/Tower.Tower_C'!
[2019.02.05-02.08.38:284][908]LogScript: Warning: Script Msg: Attempted to access index 0 from array 'Targets' of length 0 in '/Game/2DSideScrollerBP/Blueprints/Minions/Tower.Tower_C'!
[2019.02.05-02.08.38:284][908]LogScript: Warning: Script Msg: Attempted to access index 0 from array 'Targets' of length 0 in '/Game/2DSideScrollerBP/Blueprints/Minions/Tower.Tower_C'!
[2019.02.05-02.08.38:284][908]LogScript: Warning: Script Msg: Attempted to access index 0 from array 'Targets' of length 0 in '/Game/2DSideScrollerBP/Blueprints/Minions/Tower.Tower_C'!
[2019.02.05-02.08.39:285][970]LogScript: Warning: Script Msg: Attempted to access index 0 from array 'Targets' of length 0 in '/Game/2DSideScrollerBP/Blueprints/Minions/Tower.Tower_C'!
[2019.02.05-02.08.39:285][970]LogScript: Warning: Script Msg: Attempted to access index 0 from array 'Targets' of length 0 in '/Game/2DSideScrollerBP/Blueprints/Minions/Tower.Tower_C'!
[2019.02.05-02.08.39:285][970]LogScript: Warning: Script Msg: Attempted to access index 0 from array 'Targets' of length 0 in '/Game/2DSideScrollerBP/Blueprints/Minions/Tower.Tower_C'!
[2019.02.05-02.08.40:301][ 33]LogScript: Warning: Script Msg: Attempted to access index 0 from array 'Targets' of length 0 in '/Game/2DSideScrollerBP/Blueprints/Minions/Tower.Tower_C'!
[2019.02.05-02.08.40:301][ 33]LogScript: Warning: Script Msg: Attempted to access index 0 from array 'Targets' of length 0 in '/Game/2DSideScrollerBP/Blueprints/Minions/Tower.Tower_C'!
[2019.02.05-02.08.40:301][ 33]LogScript: Warning: Script Msg: Attempted to access index 0 from array 'Targets' of length 0 in '/Game/2DSideScrollerBP/Blueprints/Minions/Tower.Tower_C'!
[2019.02.05-02.08.40:985][ 75]LogScript: Warning: Script Msg: Attempted to access index 0 from array 'Targets' of length 0 in '/Game/2DSideScrollerBP/Blueprints/Minions/Tower.Tower_C'!
[2019.02.05-02.08.40:988][ 75]LogScript: Warning: Script Msg: Attempted to access index 0 from array 'Targets' of length 0 in '/Game/2DSideScrollerBP/Blueprints/Minions/Tower.Tower_C'!
[2019.02.05-02.08.41:300][ 95]LogScript: Warning: Script Msg: Attempted to access index 0 from array 'Targets' of length 0 in '/Game/2DSideScrollerBP/Blueprints/Minions/Tower.Tower_C'!
[2019.02.05-02.08.41:300][ 95]LogScript: Warning: Script Msg: Attempted to access index 0 from array 'Targets' of length 0 in '/Game/2DSideScrollerBP/Blueprints/Minions/Tower.Tower_C'!
[2019.02.05-02.08.41:300][ 95]LogScript: Warning: Script Msg: Attempted to access index 0 from array 'Targets' of length 0 in '/Game/2DSideScrollerBP/Blueprints/Minions/Tower.Tower_C'!
[2019.02.05-02.08.42:301][157]LogScript: Warning: Script Msg: Attempted to access index 0 from array 'Targets' of length 0 in '/Game/2DSideScrollerBP/Blueprints/Minions/Tower.Tower_C'!
[2019.02.05-02.08.42:301][157]LogScript: Warning: Script Msg: Attempted to access index 0 from array 'Targets' of length 0 in '/Game/2DSideScrollerBP/Blueprints/Minions/Tower.Tower_C'!
[2019.02.05-02.08.42:301][157]LogScript: Warning: Script Msg: Attempted to access index 0 from array 'Targets' of length 0 in '/Game/2DSideScrollerBP/Blueprints/Minions/Tower.Tower_C'!
[2019.02.05-02.08.42:817][189]LogBlueprintUserMessages: [TowerShot_C_160] Brute3
[2019.02.05-02.08.42:818][189]LogBlueprintUserMessages: [TowerShot_C_160] Minion214
[2019.02.05-02.08.42:850][191]LogBlueprintUserMessages: [TowerShot_C_160] Minion23
[2019.02.05-02.08.42:866][192]LogBlueprintUserMessages: [TowerShot_C_160] Minion32
[2019.02.05-02.08.42:866][192]LogBlueprintUserMessages: [TowerShot_C_160] Brute2
[2019.02.05-02.08.42:866][192]LogBlueprintUserMessages: [TowerShot_C_160] Minion34
[2019.02.05-02.08.42:866][192]LogBlueprintUserMessages: [TowerShot_C_160] Minion22
[2019.02.05-02.08.42:898][194]LogBlueprintUserMessages: [TowerShot_C_161] Minion120
[2019.02.05-02.08.42:899][194]LogBlueprintUserMessages: [TowerShot_C_159] Minion119
[2019.02.05-02.08.42:980][199]LogBlueprintUserMessages: [TowerShot_C_160] Minion318
[2019.02.05-02.08.42:980][199]LogBlueprintUserMessages: [TowerShot_C_159] Minion319
[2019.02.05-02.08.43:003][200]LogScript: Warning: Script Msg: Attempted to access index 0 from array 'Targets' of length 0 in '/Game/2DSideScrollerBP/Blueprints/Minions/Tower.Tower_C'!
[2019.02.05-02.08.43:005][200]LogScript: Warning: Script Msg: Attempted to access index 0 from array 'Targets' of length 0 in '/Game/2DSideScrollerBP/Blueprints/Minions/Tower.Tower_C'!
[2019.02.05-02.08.43:319][220]LogScript: Warning: Script Msg: Attempted to access index 0 from array 'Targets' of length 0 in '/Game/2DSideScrollerBP/Blueprints/Minions/Tower.Tower_C'!
[2019.02.05-02.08.43:319][220]LogScript: Warning: Script Msg: Attempted to access index 0 from array 'Targets' of length 0 in '/Game/2DSideScrollerBP/Blueprints/Minions/Tower.Tower_C'!
[2019.02.05-02.08.43:319][220]LogScript: Warning: Script Msg: Attempted to access index 0 from array 'Targets' of length 0 in '/Game/2DSideScrollerBP/Blueprints/Minions/Tower.Tower_C'!
[2019.02.05-02.08.43:805][250]LogBlueprintUserMessages: [TowerShot_C_169] Minion214
[2019.02.05-02.08.43:805][250]LogBlueprintUserMessages: [TowerShot_C_169] Minion225
[2019.02.05-02.08.43:821][251]LogBlueprintUserMessages: [TowerShot_C_169] Brute3
[2019.02.05-02.08.43:853][253]LogBlueprintUserMessages: [TowerShot_C_169] Minion32
[2019.02.05-02.08.43:853][253]LogBlueprintUserMessages: [TowerShot_C_169] Brute2
[2019.02.05-02.08.43:853][253]LogBlueprintUserMessages: [TowerShot_C_169] Minion34
[2019.02.05-02.08.43:853][253]LogBlueprintUserMessages: [TowerShot_C_169] Minion22
[2019.02.05-02.08.43:853][253]LogBlueprintUserMessages: [TowerShot_C_169] Minion23
[2019.02.05-02.08.43:966][260]LogBlueprintUserMessages: [TowerShot_C_168] Minion319
[2019.02.05-02.08.44:320][282]LogScript: Warning: Script Msg: Attempted to access index 0 from array 'Targets' of length 0 in '/Game/2DSideScrollerBP/Blueprints/Minions/Tower.Tower_C'!
[2019.02.05-02.08.44:320][282]LogScript: Warning: Script Msg: Attempted to access index 0 from array 'Targets' of length 0 in '/Game/2DSideScrollerBP/Blueprints/Minions/Tower.Tower_C'!
[2019.02.05-02.08.44:692][305]LogBlueprintUserMessages: [TowerShot_C_177] Minion214
[2019.02.05-02.08.44:692][305]LogBlueprintUserMessages: [TowerShot_C_177] Brute3
[2019.02.05-02.08.44:692][305]LogBlueprintUserMessages: [TowerShot_C_177] Minion225
[2019.02.05-02.08.44:740][308]LogBlueprintUserMessages: [TowerShot_C_177] Minion32
[2019.02.05-02.08.44:740][308]LogBlueprintUserMessages: [TowerShot_C_177] Brute2
[2019.02.05-02.08.44:740][308]LogBlueprintUserMessages: [TowerShot_C_177] Minion34
[2019.02.05-02.08.44:740][308]LogBlueprintUserMessages: [TowerShot_C_177] Minion22
[2019.02.05-02.08.44:740][308]LogBlueprintUserMessages: [TowerShot_C_177] Minion23
[2019.02.05-02.08.44:885][317]LogBlueprintUserMessages: [TowerShot_C_178] Minion213
[2019.02.05-02.08.44:901][318]LogBlueprintUserMessages: [TowerShot_C_178] Brute31
[2019.02.05-02.08.44:901][318]LogBlueprintUserMessages: [TowerShot_C_178] Minion226
[2019.02.05-02.08.44:933][320]LogBlueprintUserMessages: [TowerShot_C_178] Brute22
[2019.02.05-02.08.44:934][320]LogBlueprintUserMessages: [TowerShot_C_178] Minion37
[2019.02.05-02.08.44:934][320]LogBlueprintUserMessages: [TowerShot_C_178] Minion26
[2019.02.05-02.08.44:934][320]LogBlueprintUserMessages: [TowerShot_C_178] Minion2
[2019.02.05-02.08.44:950][321]LogBlueprintUserMessages: [TowerShot_C_178] Minion33
[2019.02.05-02.08.45:013][325]LogScript: Warning: Script Msg: Attempted to access index 0 from array 'Targets' of length 0 in '/Game/2DSideScrollerBP/Blueprints/Minions/Tower.Tower_C'!
[2019.02.05-02.08.45:023][325]LogScript: Warning: Script Msg: Attempted to access index 0 from array 'Targets' of length 0 in '/Game/2DSideScrollerBP/Blueprints/Minions/Tower.Tower_C'!
[2019.02.05-02.08.45:023][325]LogScript: Warning: Script Msg: Attempted to access index 0 from array 'Targets' of length 0 in '/Game/2DSideScrollerBP/Blueprints/Minions/Tower.Tower_C'!
[2019.02.05-02.08.45:026][325]LogScript: Warning: Script Msg: Attempted to access index 0 from array 'Targets' of length 0 in '/Game/2DSideScrollerBP/Blueprints/Minions/Tower.Tower_C'!
[2019.02.05-02.08.45:026][325]LogScript: Warning: Script Msg: Attempted to access index 0 from array 'Targets' of length 0 in '/Game/2DSideScrollerBP/Blueprints/Minions/Tower.Tower_C'!
[2019.02.05-02.08.45:324][344]LogScript: Warning: Script Msg: Attempted to access index 0 from array 'Targets' of length 0 in '/Game/2DSideScrollerBP/Blueprints/Minions/Tower.Tower_C'!
[2019.02.05-02.08.46:003][386]LogScript: Warning: Script Msg: Attempted to access index 0 from array 'Targets' of length 0 in '/Game/2DSideScrollerBP/Blueprints/Minions/Tower.Tower_C'!
[2019.02.05-02.08.46:213][399]LogBlueprintUserMessages: [TowerShot_C_190] Minion331
[2019.02.05-02.08.46:341][407]LogScript: Warning: Script Msg: Attempted to access index 0 from array 'Targets' of length 0 in '/Game/2DSideScrollerBP/Blueprints/Minions/Tower.Tower_C'!
[2019.02.05-02.08.46:341][407]LogScript: Warning: Script Msg: Attempted to access index 0 from array 'Targets' of length 0 in '/Game/2DSideScrollerBP/Blueprints/Minions/Tower.Tower_C'!
[2019.02.05-02.08.46:552][420]LogBlueprintUserMessages: [TowerShot_C_193] Minion213
[2019.02.05-02.08.46:617][424]LogBlueprintUserMessages: [TowerShot_C_197] Minion213
[2019.02.05-02.08.46:617][424]LogBlueprintUserMessages: [TowerShot_C_197] Minion226
[2019.02.05-02.08.46:631][425]LogBlueprintUserMessages: [TowerShot_C_197] Brute31
[2019.02.05-02.08.46:649][426]LogBlueprintUserMessages: [TowerShot_C_197] Minion33
[2019.02.05-02.08.46:649][426]LogBlueprintUserMessages: [TowerShot_C_197] Minion26
[2019.02.05-02.08.46:649][426]LogBlueprintUserMessages: [TowerShot_C_197] Brute22
[2019.02.05-02.08.46:649][426]LogBlueprintUserMessages: [TowerShot_C_197] Minion2
[2019.02.05-02.08.46:697][429]LogBlueprintUserMessages: [TowerShot_C_198] Minion227
[2019.02.05-02.08.46:697][429]LogBlueprintUserMessages: [TowerShot_C_198] Minion215
[2019.02.05-02.08.46:712][430]LogBlueprintUserMessages: [TowerShot_C_198] Brute33
[2019.02.05-02.08.46:729][431]LogBlueprintUserMessages: [TowerShot_C_198] Minion212
[2019.02.05-02.08.46:730][431]LogBlueprintUserMessages: [TowerShot_C_198] Minion311
[2019.02.05-02.08.46:730][431]LogBlueprintUserMessages: [TowerShot_C_198] Brute24
[2019.02.05-02.08.46:730][431]LogBlueprintUserMessages: [TowerShot_C_198] Minion312
[2019.02.05-02.08.46:730][431]LogBlueprintUserMessages: [TowerShot_C_198] Minion27
[2019.02.05-02.08.46:827][437]LogBlueprintUserMessages: [TowerShot_C_198] Minion334
[2019.02.05-02.08.47:018][449]LogScript: Warning: Script Msg: Attempted to access index 0 from array 'Targets' of length 0 in '/Game/2DSideScrollerBP/Blueprints/Minions/Tower.Tower_C'!
[2019.02.05-02.08.47:246][463]LogBlueprintUserMessages: [TowerShot_C_205] Minion332
[2019.02.05-02.08.47:263][464]LogBlueprintUserMessages: [TowerShot_C_205] Minion226
[2019.02.05-02.08.47:263][464]LogBlueprintUserMessages: [TowerShot_C_205] Minion213
[2019.02.05-02.08.47:263][464]LogBlueprintUserMessages: [TowerShot_C_205] Brute31
[2019.02.05-02.08.47:293][466]LogBlueprintUserMessages: [TowerShot_C_202] Minion311
[2019.02.05-02.08.47:295][466]LogBlueprintUserMessages: [TowerShot_C_205] Minion2
[2019.02.05-02.08.47:311][467]LogBlueprintUserMessages: [TowerShot_C_205] Minion26
[2019.02.05-02.08.47:311][467]LogBlueprintUserMessages: [TowerShot_C_205] Minion33
[2019.02.05-02.08.47:311][467]LogBlueprintUserMessages: [TowerShot_C_205] Brute22
[2019.02.05-02.08.47:311][467]LogBlueprintUserMessages: [TowerShot_C_205] Minion37
[2019.02.05-02.08.47:341][469]LogScript: Warning: Script Msg: Attempted to access index 0 from array 'Targets' of length 0 in '/Game/2DSideScrollerBP/Blueprints/Minions/Tower.Tower_C'!
[2019.02.05-02.08.47:346][469]LogBlueprintUserMessages: [PBullet_C_0] Tower2
[2019.02.05-02.08.47:346][469]LogBlueprintUserMessages: [PBullet_C_0] Tower
[2019.02.05-02.08.47:346][469]LogScript: Warning: Script Msg: Attempted to access index 0 from array 'Targets' of length 0 in '/Game/2DSideScrollerBP/Blueprints/Minions/Tower.Tower_C'!
[2019.02.05-02.08.47:408][473]LogBlueprintUserMessages: [TowerShot_C_203] Minion332
[2019.02.05-02.08.47:571][483]LogScript: Warning: Script Msg: Attempted to access index 3 from array 'Boss' of length 3 in '/Game/2DSideScrollerBP/Blueprints/Minions/TroopSpawner.TroopSpawner_C'!
[2019.02.05-02.08.47:572][483]LogScript: Warning: UGameplayStatics::BeginSpawningActorFromClass: can not spawn an actor from a NULL class
[2019.02.05-02.08.47:584][484]LogScript: Warning: Script Msg: Attempted to access index 0 from array 'Targets' of length 0 in '/Game/2DSideScrollerBP/Blueprints/Minions/Tower.Tower_C'!
[2019.02.05-02.08.47:586][484]LogScript: Warning: Script Msg: Attempted to access index 0 from array 'Targets' of length 0 in '/Game/2DSideScrollerBP/Blueprints/Minions/Tower.Tower_C'!
[2019.02.05-02.08.47:892][503]LogScript: Warning: Script Msg: Attempted to access index 4 from array 'Boss' of length 3 in '/Game/2DSideScrollerBP/Blueprints/Minions/TroopSpawner.TroopSpawner_C'!
[2019.02.05-02.08.47:892][503]LogScript: Warning: UGameplayStatics::BeginSpawningActorFromClass: can not spawn an actor from a NULL class
[2019.02.05-02.08.47:906][504]LogScript: Warning: Script Msg: Attempted to access index 0 from array 'Targets' of length 0 in '/Game/2DSideScrollerBP/Blueprints/Minions/Tower.Tower_C'!
[2019.02.05-02.08.47:907][504]LogScript: Warning: Script Msg: Attempted to access index 0 from array 'Targets' of length 0 in '/Game/2DSideScrollerBP/Blueprints/Minions/Tower.Tower_C'!
[2019.02.05-02.08.47:986][509]LogScript: Warning: Script Msg: Attempted to access index 0 from array 'Targets' of length 0 in '/Game/2DSideScrollerBP/Blueprints/Minions/Tower.Tower_C'!
[2019.02.05-02.08.48:037][512]LogBlueprintUserMessages: [TowerShot_C_212] Minion331
[2019.02.05-02.08.48:070][514]LogBlueprintUserMessages: [PBullet_C_1] Minion238
[2019.02.05-02.08.48:070][514]LogBlueprintUserMessages: [PBullet_C_1] Tower
[2019.02.05-02.08.48:070][514]LogScript: Warning: Script Msg: Attempted to access index 0 from array 'Targets' of length 0 in '/Game/2DSideScrollerBP/Blueprints/Minions/Tower.Tower_C'!
[2019.02.05-02.08.48:277][527]LogBlueprintUserMessages: [TowerShot_C_216] Minion332
[2019.02.05-02.08.48:327][530]LogBlueprintUserMessages: [TowerShot_C_219] Minion332
[2019.02.05-02.08.48:342][531]LogScript: Warning: Script Msg: Attempted to access index 0 from array 'Targets' of length 0 in '/Game/2DSideScrollerBP/Blueprints/Minions/Tower.Tower_C'!
[2019.02.05-02.08.48:342][531]LogScript: Warning: Script Msg: Attempted to access index 0 from array 'Targets' of length 0 in '/Game/2DSideScrollerBP/Blueprints/Minions/Tower.Tower_C'!
[2019.02.05-02.08.48:342][531]LogScript: Warning: Script Msg: Attempted to access index 0 from array 'Targets' of length 0 in '/Game/2DSideScrollerBP/Blueprints/Minions/Tower.Tower_C'!
[2019.02.05-02.08.48:410][535]LogBlueprintUserMessages: [TowerShot_C_215] Brute33
[2019.02.05-02.08.48:438][537]LogScript: Warning: Script Msg: Attempted to access index 0 from array 'Targets' of length 0 in '/Game/2DSideScrollerBP/Blueprints/Minions/Tower.Tower_C'!
[2019.02.05-02.08.48:490][540]LogScript: Warning: Script Msg: Attempted to access index 5 from array 'Boss' of length 3 in '/Game/2DSideScrollerBP/Blueprints/Minions/TroopSpawner.TroopSpawner_C'!
[2019.02.05-02.08.48:490][540]LogScript: Warning: UGameplayStatics::BeginSpawningActorFromClass: can not spawn an actor from a NULL class
[2019.02.05-02.08.48:503][541]LogScript: Warning: Script Msg: Attempted to access index 0 from array 'Targets' of length 0 in '/Game/2DSideScrollerBP/Blueprints/Minions/Tower.Tower_C'!
[2019.02.05-02.08.48:505][541]LogScript: Warning: Script Msg: Attempted to access index 0 from array 'Targets' of length 0 in '/Game/2DSideScrollerBP/Blueprints/Minions/Tower.Tower_C'!
[2019.02.05-02.08.48:699][553]LogBlueprintUserMessages: [TowerShot_C_225] Minion214
[2019.02.05-02.08.48:796][559]LogBlueprintUserMessages: [TowerShot_C_226] Minion226
[2019.02.05-02.08.48:796][559]LogBlueprintUserMessages: [TowerShot_C_226] Minion213
[2019.02.05-02.08.48:891][565]LogBlueprintUserMessages: [PBullet_C_2] Tower
[2019.02.05-02.08.49:003][572]LogScript: Warning: Script Msg: Attempted to access index 0 from array 'Targets' of length 0 in '/Game/2DSideScrollerBP/Blueprints/Minions/Tower.Tower_C'!
[2019.02.05-02.08.49:038][574]LogScript: Warning: Script Msg: Attempted to access index 0 from array 'Targets' of length 0 in '/Game/2DSideScrollerBP/Blueprints/Minions/Tower.Tower_C'!
[2019.02.05-02.08.49:040][574]LogScript: Warning: Script Msg: Attempted to access index 0 from array 'Targets' of length 0 in '/Game/2DSideScrollerBP/Blueprints/Minions/Tower.Tower_C'!
[2019.02.05-02.08.49:085][577]LogBlueprintUserMessages: [TowerShot_C_230] Minion37
[2019.02.05-02.08.49:100][578]LogBlueprintUserMessages: [PBullet_C_3] Tower
[2019.02.05-02.08.49:100][578]LogScript: Warning: Script Msg: Attempted to access index 0 from array 'Targets' of length 0 in '/Game/2DSideScrollerBP/Blueprints/Minions/Tower.Tower_C'!
[2019.02.05-02.08.49:358][594]LogScript: Warning: Script Msg: Attempted to access index 0 from array 'Targets' of length 0 in '/Game/2DSideScrollerBP/Blueprints/Minions/Tower.Tower_C'!
[2019.02.05-02.08.49:358][594]LogBlueprintUserMessages: [PBullet_C_4] Tower
[2019.02.05-02.08.49:358][594]LogScript: Warning: Script Msg: Attempted to access index 0 from array 'Targets' of length 0 in '/Game/2DSideScrollerBP/Blueprints/Minions/Tower.Tower_C'!
[2019.02.05-02.08.49:361][594]LogBlueprintUserMessages: [TowerShot_C_229] Brute24
[2019.02.05-02.08.49:535][605]LogBlueprintUserMessages: [PBullet_C_5] Tower
[2019.02.05-02.08.49:535][605]LogScript: Warning: Script Msg: Attempted to access index 0 from array 'Targets' of length 0 in '/Game/2DSideScrollerBP/Blueprints/Minions/Tower.Tower_C'!
[2019.02.05-02.08.49:697][615]LogScript: Warning: Script Msg: Attempted to access index 0 from array 'Targets' of length 0 in '/Game/2DSideScrollerBP/Blueprints/Minions/Tower.Tower_C'!
[2019.02.05-02.08.49:746][618]LogBlueprintUserMessages: [PBullet_C_6] Minion342
[2019.02.05-02.08.49:746][618]LogBlueprintUserMessages: [PBullet_C_6] TowerShot240
[2019.02.05-02.08.49:746][618]LogBlueprintUserMessages: [TowerShot_C_240] PBullet6
[2019.02.05-02.08.49:746][618]LogBlueprintUserMessages: [PBullet_C_6] Tower
[2019.02.05-02.08.49:746][618]LogScript: Warning: Script Msg: Attempted to access index 0 from array 'Targets' of length 0 in '/Game/2DSideScrollerBP/Blueprints/Minions/Tower.Tower_C'!
[2019.02.05-02.08.49:813][622]LogBlueprintUserMessages: [PBullet_C_6] Brute2_ATK104
[2019.02.05-02.08.50:019][635]LogScript: Warning: Script Msg: Attempted to access index 0 from array 'Targets' of length 0 in '/Game/2DSideScrollerBP/Blueprints/Minions/Tower.Tower_C'!
[2019.02.05-02.08.50:165][644]LogBlueprintUserMessages: [PBullet_C_7] Tower
[2019.02.05-02.08.50:166][644]LogScript: Warning: Script Msg: Attempted to access index 0 from array 'Targets' of length 0 in '/Game/2DSideScrollerBP/Blueprints/Minions/Tower.Tower_C'!
[2019.02.05-02.08.50:342][655]LogScript: Warning: Script Msg: Attempted to access index 0 from array 'Targets' of length 0 in '/Game/2DSideScrollerBP/Blueprints/Minions/Tower.Tower_C'!
[2019.02.05-02.08.50:358][656]LogBlueprintUserMessages: [PBullet_C_8] Tower
[2019.02.05-02.08.50:359][656]LogScript: Warning: Script Msg: Attempted to access index 0 from array 'Targets' of length 0 in '/Game/2DSideScrollerBP/Blueprints/Minions/Tower.Tower_C'!
[2019.02.05-02.08.50:568][669]LogBlueprintUserMessages: [PBullet_C_9] Tower
[2019.02.05-02.08.50:569][669]LogScript: Warning: Script Msg: Attempted to access index 0 from array 'Targets' of length 0 in '/Game/2DSideScrollerBP/Blueprints/Minions/Tower.Tower_C'!
[2019.02.05-02.08.50:602][671]LogBlueprintUserMessages: [TowerShot_C_242] Minion2_ATK261
[2019.02.05-02.08.50:680][676]LogScript: Warning: Script Msg: Attempted to access index 0 from array 'Targets' of length 0 in '/Game/2DSideScrollerBP/Blueprints/Minions/Tower.Tower_C'!
[2019.02.05-02.08.51:054][699]LogScript: Warning: Script Msg: Attempted to access index 0 from array 'Targets' of length 0 in '/Game/2DSideScrollerBP/Blueprints/Minions/Tower.Tower_C'!
[2019.02.05-02.08.51:056][699]LogScript: Warning: Script Msg: Attempted to access index 0 from array 'Targets' of length 0 in '/Game/2DSideScrollerBP/Blueprints/Minions/Tower.Tower_C'!
[2019.02.05-02.08.51:650][736]LogScript: Warning: Script Msg: Attempted to access index 0 from array 'Targets' of length 0 in '/Game/2DSideScrollerBP/Blueprints/Minions/Tower.Tower_C'!
[2019.02.05-02.08.51:697][739]LogScript: Warning: Script Msg: Attempted to access index 0 from array 'Targets' of length 0 in '/Game/2DSideScrollerBP/Blueprints/Minions/Tower.Tower_C'!
[2019.02.05-02.08.51:777][744]LogScript: Warning: Script Msg: Attempted to access index 0 from array 'Targets' of length 0 in '/Game/2DSideScrollerBP/Blueprints/Minions/Tower.Tower_C'!
[2019.02.05-02.08.52:665][799]LogScript: Warning: Script Msg: Attempted to access index 0 from array 'Targets' of length 0 in '/Game/2DSideScrollerBP/Blueprints/Minions/Tower.Tower_C'!
[2019.02.05-02.08.52:758][804]LogScript: Warning: Script Msg: Attempted to access index 0 from array 'Targets' of length 0 in '/Game/2DSideScrollerBP/Blueprints/Minions/Tower.Tower_C'!
[2019.02.05-02.08.52:790][806]LogScript: Warning: Script Msg: Attempted to access index 0 from array 'Targets' of length 0 in '/Game/2DSideScrollerBP/Blueprints/Minions/Tower.Tower_C'!
[2019.02.05-02.08.53:211][832]LogScript: Warning: Script Msg: Attempted to access index 0 from array 'Targets' of length 0 in '/Game/2DSideScrollerBP/Blueprints/Minions/Tower.Tower_C'!
[2019.02.05-02.08.53:211][832]LogScript: Warning: Script Msg: Attempted to access index 0 from array 'Targets' of length 0 in '/Game/2DSideScrollerBP/Blueprints/Minions/Tower.Tower_C'!
[2019.02.05-02.08.53:211][832]LogScript: Warning: Script Msg: Attempted to access index 0 from array 'Targets' of length 0 in '/Game/2DSideScrollerBP/Blueprints/Minions/Tower.Tower_C'!
[2019.02.05-02.08.53:227][833]LogScript: Warning: Script Msg: Attempted to access index 0 from array 'Targets' of length 0 in '/Game/2DSideScrollerBP/Blueprints/Minions/Tower.Tower_C'!
[2019.02.05-02.08.53:227][833]LogScript: Warning: Script Msg: Attempted to access index 0 from array 'Targets' of length 0 in '/Game/2DSideScrollerBP/Blueprints/Minions/Tower.Tower_C'!
[2019.02.05-02.08.53:227][833]LogScript: Warning: Script Msg: Attempted to access index 0 from array 'Targets' of length 0 in '/Game/2DSideScrollerBP/Blueprints/Minions/Tower.Tower_C'!
[2019.02.05-02.08.53:693][862]LogScript: Warning: Script Msg: Attempted to access index 0 from array 'Targets' of length 0 in '/Game/2DSideScrollerBP/Blueprints/Minions/Tower.Tower_C'!
[2019.02.05-02.08.53:725][864]LogScript: Warning: Script Msg: Attempted to access index 0 from array 'Targets' of length 0 in '/Game/2DSideScrollerBP/Blueprints/Minions/Tower.Tower_C'!
[2019.02.05-02.08.53:790][868]LogScript: Warning: Script Msg: Attempted to access index 0 from array 'Targets' of length 0 in '/Game/2DSideScrollerBP/Blueprints/Minions/Tower.Tower_C'!
[2019.02.05-02.08.53:838][871]LogScript: Warning: Script Msg: Attempted to access index 0 from array 'Targets' of length 0 in '/Game/2DSideScrollerBP/Blueprints/Minions/Tower.Tower_C'!
