Log file open, 01/03/19 23:14:13
LogWindows: Failed to load 'aqProf.dll' (GetLastError=126)
LogWindows: File 'aqProf.dll' does not exist
LogWindows: Failed to load 'VtuneApi.dll' (GetLastError=126)
LogWindows: File 'VtuneApi.dll' does not exist
LogWindows: Failed to load 'VtuneApi32e.dll' (GetLastError=126)
LogWindows: File 'VtuneApi32e.dll' does not exist
LogInit: Display: Running engine for game: TrenchTowers
LogPlatformFile: Not using cached read wrapper
LogTaskGraph: Started task graph with 5 named threads and 23 total threads with 3 sets of task threads.
LogStats: Stats thread started at 0.355602
LogD3D11RHI: Loaded GFSDK_Aftermath_Lib.x64.dll
LogICUInternationalization: Display: ICU TimeZone Detection - Raw Offset: -5:00, Platform Override: ''
LogPluginManager: Mounting plugin Paper2D
LogPluginManager: Mounting plugin AISupport
LogPluginManager: Mounting plugin LightPropagationVolume
LogPluginManager: Mounting plugin CLionSourceCodeAccess
LogPluginManager: Mounting plugin CodeLiteSourceCodeAccess
LogPluginManager: Mounting plugin GitSourceControl
LogPluginManager: Mounting plugin KDevelopSourceCodeAccess
LogPluginManager: Mounting plugin NullSourceCodeAccess
LogPluginManager: Mounting plugin PerforceSourceControl
LogPluginManager: Mounting plugin SubversionSourceControl
LogPluginManager: Mounting plugin UObjectPlugin
LogPluginManager: Mounting plugin VisualStudioCodeSourceCodeAccess
LogPluginManager: Mounting plugin VisualStudioSourceCodeAccess
LogPluginManager: Mounting plugin XCodeSourceCodeAccess
LogPluginManager: Mounting plugin AssetManagerEditor
LogPluginManager: Mounting plugin CryptoKeys
LogPluginManager: Mounting plugin DataValidation
LogPluginManager: Mounting plugin FacialAnimation
LogPluginManager: Mounting plugin GameplayTagsEditor
LogPluginManager: Mounting plugin MacGraphicsSwitching
LogPluginManager: Mounting plugin MeshEditor
LogPluginManager: Mounting plugin MobileLauncherProfileWizard
LogPluginManager: Mounting plugin PluginBrowser
LogPluginManager: Mounting plugin SpeedTreeImporter
LogPluginManager: Mounting plugin DatasmithContent
LogPluginManager: Mounting plugin AlembicImporter
LogPluginManager: Mounting plugin AppleImageUtils
LogPluginManager: Mounting plugin AppleVision
LogPluginManager: Mounting plugin BackChannel
LogPluginManager: Mounting plugin CharacterAI
LogPluginManager: Mounting plugin GeometryCache
LogPluginManager: Mounting plugin HTML5Networking
LogPluginManager: Mounting plugin ProxyLODPlugin
LogPluginManager: Mounting plugin MagicLeap
LogPluginManager: Mounting plugin MagicLeapEmulator
LogPluginManager: Mounting plugin MagicLeapMedia
LogPluginManager: Mounting plugin CreaturePackPlugin
LogPluginManager: Mounting plugin AndroidMedia
LogPluginManager: Mounting plugin AvfMedia
LogPluginManager: Mounting plugin ImgMedia
LogPluginManager: Mounting plugin LinearTimecode
LogPluginManager: Mounting plugin MediaCompositing
LogPluginManager: Mounting plugin MediaPlayerEditor
LogPluginManager: Mounting plugin WmfMedia
LogPluginManager: Mounting plugin TcpMessaging
LogPluginManager: Mounting plugin UdpMessaging
LogPluginManager: Mounting plugin ActorSequence
LogPluginManager: Mounting plugin LevelSequenceEditor
LogPluginManager: Mounting plugin MatineeToLevelSequence
LogPluginManager: Mounting plugin NetcodeUnitTest
LogPluginManager: Mounting plugin NUTUnrealEngine4
LogPluginManager: Mounting plugin OnlineSubsystemGooglePlay
LogPluginManager: Mounting plugin OnlineSubsystemIOS
LogPluginManager: Mounting plugin OnlineSubsystem
LogPluginManager: Mounting plugin OnlineSubsystemNull
LogPluginManager: Mounting plugin OnlineSubsystemSteam
LogPluginManager: Mounting plugin OnlineSubsystemUtils
LogPluginManager: Mounting plugin LauncherChunkInstaller
LogPluginManager: Mounting plugin AndroidDeviceProfileSelector
LogPluginManager: Mounting plugin AndroidMoviePlayer
LogPluginManager: Mounting plugin AndroidPermission
LogPluginManager: Mounting plugin AppleMoviePlayer
LogPluginManager: Mounting plugin ArchVisCharacter
LogPluginManager: Mounting plugin AudioCapture
LogPluginManager: Mounting plugin CableComponent
LogPluginManager: Mounting plugin CustomMeshComponent
LogPluginManager: Mounting plugin EditableMesh
LogPluginManager: Mounting plugin ExampleDeviceProfileSelector
LogPluginManager: Mounting plugin GoogleCloudMessaging
LogPluginManager: Mounting plugin ImmediatePhysics
LogPluginManager: Mounting plugin IOSDeviceProfileSelector
LogPluginManager: Mounting plugin LinuxDeviceProfileSelector
LogPluginManager: Mounting plugin LocationServicesBPLibrary
LogPluginManager: Mounting plugin MobilePatchingUtils
LogPluginManager: Mounting plugin OculusVR
LogPluginManager: Plugin shader directory ../../../Engine/Plugins/Runtime/Oculus/OculusVR/Shaders found
LogPluginManager: Mapping shader source directory ../../../Engine/Plugins/Runtime/Oculus/OculusVR/Shaders to virtual directory /Plugin/OculusVR
LogPluginManager: Mounting plugin PhysXVehicles
LogPluginManager: Mounting plugin ProceduralMeshComponent
LogPluginManager: Mounting plugin RuntimePhysXCooking
LogPluginManager: Mounting plugin SteamController
LogPluginManager: Mounting plugin SteamVR
LogPluginManager: Mounting plugin WindowsMoviePlayer
LogStreaming: Display: Took  0.079s to configure plugins.
LogInit: Using libcurl 7.55.1-DEV
LogInit:  - built for x86_64-pc-win32
LogInit:  - supports SSL with OpenSSL/1.0.2h
LogInit:  - supports HTTP deflate (compression) using libz 1.2.8
LogInit:  - other features:
LogInit:      CURL_VERSION_SSL
LogInit:      CURL_VERSION_LIBZ
LogInit:      CURL_VERSION_IPV6
LogInit:      CURL_VERSION_ASYNCHDNS
LogInit:      CURL_VERSION_LARGEFILE
LogInit:      CURL_VERSION_IDN
LogInit:  CurlRequestOptions (configurable via config and command line):
LogInit:  - bVerifyPeer = false  - Libcurl will NOT verify peer certificate
LogInit:  - bUseHttpProxy = false  - Libcurl will NOT use HTTP proxy
LogInit:  - bDontReuseConnections = false  - Libcurl will reuse connections
LogInit:  - CertBundlePath = nullptr  - Libcurl will use whatever was configured at build time.
LogInit:  - MaxHostConnections = 16  - Libcurl will limit the number of connections to a host
LogInit:  - LocalHostAddr = Default
LogInit:  - BufferSize = 65536
LogOnline: Display: STEAM: Loading Steam SDK 1.39
LogInit: WinSock: version 1.1 (2.2), MaxSocks=32767, MaxUdp=65467
LogInit: Build: ++UE4+Release-4.20-CL-4369336
LogInit: Engine Version: 4.20.3-4369336+++UE4+Release-4.20
LogInit: Compatible Engine Version: 4.20.0-4212847+++UE4+Release-4.20
LogInit: Net CL: 4212847
LogInit: OS: Windows 10 (), CPU: Intel(R) Core(TM) i7-6700HQ CPU @ 2.60GHz, GPU: Intel(R) HD Graphics 530
LogInit: Compiled (64-bit): Sep 17 2018 12:26:19
LogInit: Compiled with Visual C++: 19.13.26129.00
LogInit: Build Configuration: Development
LogInit: Branch Name: ++UE4+Release-4.20
LogInit: Command Line:  /Game/2DSideScrollerBP/Maps/2DSideScrollerExampleMap -game -PIEVIACONSOLE -ResX=1280 -ResY=720  -Multiprocess -messaging -SessionName="Play in Standalone Game" -windowed 
LogInit: Base Directory: D:/Program Files/Epic Games/UE_4.20/Engine/Binaries/Win64/
LogInit: Installed Engine Build: 1
LogDevObjectVersion: Number of dev versions registered: 20
LogDevObjectVersion:   Dev-Blueprints (B0D832E4-1F89-4F0D-ACCF-7EB736FD4AA2): 10
LogDevObjectVersion:   Dev-Build (E1C64328-A22C-4D53-A36C-8E866417BD8C): 0
LogDevObjectVersion:   Dev-Core (375EC13C-06E4-48FB-B500-84F0262A717E): 2
LogDevObjectVersion:   Dev-Editor (E4B068ED-F494-42E9-A231-DA0B2E46BB41): 24
LogDevObjectVersion:   Dev-Framework (CFFC743F-43B0-4480-9391-14DF171D2073): 34
LogDevObjectVersion:   Dev-Mobile (B02B49B5-BB20-44E9-A304-32B752E40360): 2
LogDevObjectVersion:   Dev-Networking (A4E4105C-59A1-49B5-A7C5-40C4547EDFEE): 0
LogDevObjectVersion:   Dev-Online (39C831C9-5AE6-47DC-9A44-9C173E1C8E7C): 0
LogDevObjectVersion:   Dev-Physics (78F01B33-EBEA-4F98-B9B4-84EACCB95AA2): 0
LogDevObjectVersion:   Dev-Platform (6631380F-2D4D-43E0-8009-CF276956A95A): 0
LogDevObjectVersion:   Dev-Rendering (12F88B9F-8875-4AFC-A67C-D90C383ABD29): 26
LogDevObjectVersion:   Dev-Sequencer (7B5AE74C-D270-4C10-A958-57980B212A5A): 9
LogDevObjectVersion:   Dev-VR (D7296918-1DD6-4BDD-9DE2-64A83CC13884): 2
LogDevObjectVersion:   Dev-LoadTimes (C2A15278-BFE7-4AFE-6C17-90FF531DF755): 1
LogDevObjectVersion:   Private-Geometry (6EACA3D4-40EC-4CC1-B786-8BED09428FC5): 3
LogDevObjectVersion:   Dev-AnimPhys (29E575DD-E0A3-4627-9D10-D276232CDCEA): 17
LogDevObjectVersion:   Dev-ReflectionCapture (6B266CEC-1EC7-4B8F-A30B-E4D90942FC07): 1
LogDevObjectVersion:   Dev-Automation (0DF73D61-A23F-47EA-B727-89E90C41499A): 1
LogDevObjectVersion:   FortniteMain (601D1886-AC64-4F84-AA16-D3DE0DEAC7D6): 12
LogDevObjectVersion:   Dev-Enterprise (9DFFBCD6-494F-0158-E221-12823C92A888): 1
LogStreaming: Display: Took  0.003s to delete old logs.
LogInit: Presizing for max 8388607 objects, including 0 objects not considered by GC, pre-allocating 0 bytes for permanent pool.
LogInit: Object subsystem initialized
[2019.01.04-04.14.14:285][  0]LogInit: Selected Device Profile: [Windows]
[2019.01.04-04.14.14:285][  0]LogInit: Applying CVar settings loaded from the selected device profile: [Windows]
[2019.01.04-04.14.14:290][  0]LogHAL: Display: Platform has ~ 16 GB [17044942848 / 17179869184 / 16], which maps to Larger [LargestMinGB=32, LargerMinGB=12, DefaultMinGB=8, SmallerMinGB=6, SmallestMinGB=0)
[2019.01.04-04.14.14:290][  0]LogInit: Setting Device Profile CVar: [[r.Vulkan.UseRealUBs:1]]
[2019.01.04-04.14.14:290][  0]LogInit: Going up to parent DeviceProfile []
[2019.01.04-04.14.14:290][  0]LogInit: Computer: DESKTOP-RI1ETNT
[2019.01.04-04.14.14:291][  0]LogInit: User: Fires
[2019.01.04-04.14.14:291][  0]LogInit: CPU Page size=4096, Cores=4
[2019.01.04-04.14.14:291][  0]LogInit: High frequency timer resolution =10.000000 MHz
[2019.01.04-04.14.14:291][  0]LogMemory: Memory total: Physical=15.9GB (16GB approx)
[2019.01.04-04.14.14:291][  0]LogMemory: Platform Memory Stats for Windows
[2019.01.04-04.14.14:291][  0]LogMemory: Process Physical Memory: 131.27 MB used, 131.27 MB peak
[2019.01.04-04.14.14:291][  0]LogMemory: Process Virtual Memory: 103.72 MB used, 103.72 MB peak
[2019.01.04-04.14.14:291][  0]LogMemory: Physical Memory: 8002.31 MB used,  8253.01 MB free, 16255.32 MB total
[2019.01.04-04.14.14:291][  0]LogMemory: Virtual Memory: 4756.87 MB used,  8253.01 MB free, 134217728.00 MB total
[2019.01.04-04.14.14:821][  0]LogInit: Using OS detected language (en-US).
[2019.01.04-04.14.14:821][  0]LogInit: Using OS detected locale (en-CA).
[2019.01.04-04.14.14:826][  0]LogTextLocalizationManager: No specific localization for 'en-US' exists, so the 'en' localization will be used.
[2019.01.04-04.14.15:344][  0]LogStreaming: Display: Took  0.522s to InitEngineTextLocalization.
[2019.01.04-04.14.15:408][  0]LogSlate: New Slate User Created.  User Index 0, Is Virtual User: 0
[2019.01.04-04.14.15:408][  0]LogSlate: Slate User Registered.  User Index 0, Is Virtual User: 0
[2019.01.04-04.14.15:472][  0]LogHMD: Failed to initialize OpenVR with code 110
[2019.01.04-04.14.15:472][  0]LogD3D11RHI: D3D11 adapters:
[2019.01.04-04.14.15:611][  0]LogD3D11RHI:    0. 'NVIDIA GeForce GTX 1070' (Feature Level 11_0)
[2019.01.04-04.14.15:611][  0]LogD3D11RHI:       8081/0/8127 MB DedicatedVideo/DedicatedSystem/SharedSystem, Outputs:1, VendorId:0x10de
[2019.01.04-04.14.15:627][  0]LogD3D11RHI:    1. 'Intel(R) HD Graphics 530' (Feature Level 11_0)
[2019.01.04-04.14.15:627][  0]LogD3D11RHI:       128/0/8127 MB DedicatedVideo/DedicatedSystem/SharedSystem, Outputs:0, VendorId:0x8086
[2019.01.04-04.14.15:633][  0]LogD3D11RHI:    2. 'Microsoft Basic Render Driver' (Feature Level 11_0)
[2019.01.04-04.14.15:633][  0]LogD3D11RHI:       0/0/8127 MB DedicatedVideo/DedicatedSystem/SharedSystem, Outputs:0, VendorId:0x1414
[2019.01.04-04.14.15:633][  0]LogD3D11RHI: Chosen D3D11 Adapter: 0
[2019.01.04-04.14.15:690][  0]LogD3D11RHI: Creating new Direct3DDevice
[2019.01.04-04.14.15:691][  0]LogD3D11RHI:     GPU DeviceId: 0x1ba1 (for the marketing name, search the web for "GPU Device Id")
[2019.01.04-04.14.15:691][  0]LogWindows: EnumDisplayDevices:
[2019.01.04-04.14.15:692][  0]LogWindows:    0. 'Intel(R) HD Graphics 530' (P:1 D:1)
[2019.01.04-04.14.15:692][  0]LogWindows:    1. 'Intel(R) HD Graphics 530' (P:0 D:0)
[2019.01.04-04.14.15:693][  0]LogWindows:    2. 'Intel(R) HD Graphics 530' (P:0 D:0)
[2019.01.04-04.14.15:694][  0]LogWindows:    3. 'NVIDIA GeForce GTX 1070' (P:0 D:0)
[2019.01.04-04.14.15:694][  0]LogWindows:    4. 'NVIDIA GeForce GTX 1070' (P:0 D:0)
[2019.01.04-04.14.15:695][  0]LogWindows:    5. 'NVIDIA GeForce GTX 1070' (P:0 D:0)
[2019.01.04-04.14.15:696][  0]LogWindows:    6. 'NVIDIA GeForce GTX 1070' (P:0 D:0)
[2019.01.04-04.14.15:696][  0]LogWindows: DebugString: PrimaryIsNotTheChoosenAdapter PrimaryIsNotTheChoosenAdapter PrimaryIsNotTheChoosenAdapter FoundDriverCount:4 
[2019.01.04-04.14.15:696][  0]LogD3D11RHI:     Adapter Name: NVIDIA GeForce GTX 1070
[2019.01.04-04.14.15:696][  0]LogD3D11RHI:   Driver Version: 417.22 (internal:25.21.14.1722, unified:417.22)
[2019.01.04-04.14.15:696][  0]LogD3D11RHI:      Driver Date: 11-29-2018
[2019.01.04-04.14.15:696][  0]LogRHI: Texture pool is 5656 MB (70% of 8081 MB)
[2019.01.04-04.14.15:786][  0]LogD3D11RHI: [Aftermath] Enabled and primed
[2019.01.04-04.14.15:786][  0]LogD3D11RHI: Async texture creation enabled
[2019.01.04-04.14.15:807][  0]LogD3D11RHI: GPU Timing Frequency: 1000.000000 (Debug: 2 2)
[2019.01.04-04.14.15:810][  0]LogShaderCompilers: Guid format shader working directory is -9 characters bigger than the processId version (../../../../../../Program Files (x86)/TrenchTowers 4.20/Intermediate/Shaders/WorkingDirectory/7824/).
[2019.01.04-04.14.15:810][  0]LogShaderCompilers: Cleaned the shader compiler working directory 'C:/Users/Fires/AppData/Local/Temp/UnrealShaderWorkingDir/184D53B54C510DCD3D7331B1430F585C/'.
[2019.01.04-04.14.16:435][  0]LogTemp: Display: Loaded TP WindowsClientTargetPlatform
[2019.01.04-04.14.16:458][  0]LogTemp: Display: Loaded TP WindowsNoEditorTargetPlatform
[2019.01.04-04.14.16:485][  0]LogTemp: Display: Loaded TP WindowsServerTargetPlatform
[2019.01.04-04.14.16:507][  0]LogTemp: Display: Loaded TP WindowsTargetPlatform
[2019.01.04-04.14.16:507][  0]LogTargetPlatformManager: Display: Building Assets For Windows
[2019.01.04-04.14.16:695][  0]LogXGEController: Cannot use XGE Controller as Incredibuild is not installed on this machine.
[2019.01.04-04.14.16:695][  0]LogShaderCompilers: Cannot use XGE Shader Compiler as Incredibuild is not installed on this machine.
[2019.01.04-04.14.16:695][  0]LogShaderCompilers: Display: Using Local Shader Compiler.
[2019.01.04-04.14.17:582][  0]LogDerivedDataCache: Display: Max Cache Size: 512 MB
[2019.01.04-04.14.17:641][  0]LogDerivedDataCache: Loaded boot cache 0.06s 71MB C:/Users/Fires/AppData/Local/UnrealEngine/4.20/DerivedDataCache/Boot.ddc.
[2019.01.04-04.14.17:641][  0]LogDerivedDataCache: Display: Loaded Boot cache: C:/Users/Fires/AppData/Local/UnrealEngine/4.20/DerivedDataCache/Boot.ddc
[2019.01.04-04.14.17:641][  0]LogDerivedDataCache: FDerivedDataBackendGraph:  Pak pak cache file ../../../../../../Program Files (x86)/TrenchTowers 4.20/DerivedDataCache/DDC.ddp not found, will not use a pak cache.
[2019.01.04-04.14.17:641][  0]LogDerivedDataCache: Unable to find inner node Pak for hierarchical cache Hierarchy.
[2019.01.04-04.14.17:641][  0]LogDerivedDataCache: FDerivedDataBackendGraph:  CompressedPak pak cache file ../../../../../../Program Files (x86)/TrenchTowers 4.20/DerivedDataCache/Compressed.ddp not found, will not use a pak cache.
[2019.01.04-04.14.17:641][  0]LogDerivedDataCache: Unable to find inner node CompressedPak for hierarchical cache Hierarchy.
[2019.01.04-04.14.17:658][  0]LogDerivedDataCache: Display: Pak cache opened for reading ../../../Engine/DerivedDataCache/Compressed.ddp.
[2019.01.04-04.14.17:672][  0]LogDerivedDataCache: Using Local data cache path C:/Users/Fires/AppData/Local/UnrealEngine/Common/DerivedDataCache: Writable
[2019.01.04-04.14.17:672][  0]LogDerivedDataCache: Shared data cache path not found in *engine.ini, will not use an Shared cache.
[2019.01.04-04.14.17:672][  0]LogDerivedDataCache: Unable to find inner node Shared for hierarchical cache Hierarchy.
[2019.01.04-04.14.17:696][  0]LogMaterial: Verifying Global Shaders for PCD3D_SM5
[2019.01.04-04.14.17:698][  0]LogSlate: Using FreeType 2.6.0
[2019.01.04-04.14.17:700][  0]LogSlate: SlateFontServices - WITH_FREETYPE: 1, WITH_HARFBUZZ: 1
[2019.01.04-04.14.17:832][  0]LogInit: Using OS detected language (en-US).
[2019.01.04-04.14.17:832][  0]LogInit: Using OS detected locale (en-CA).
[2019.01.04-04.14.17:832][  0]LogTextLocalizationManager: No localization for 'en-US' exists, so 'en' will be used for the language.
[2019.01.04-04.14.17:832][  0]LogTextLocalizationManager: No localization for 'en-CA' exists, so 'en' will be used for the locale.
[2019.01.04-04.14.18:183][  0]LogStreaming: Display: Took  0.351s to InitGameTextLocalization.
[2019.01.04-04.14.18:198][  0]LogAssetRegistry: FAssetRegistry took 0.0055 seconds to start up
[2019.01.04-04.14.18:441][  0]LogPackageLocalizationCache: Processed 11 localized package path(s) for 1 prioritized culture(s) in 0.018781 seconds
[2019.01.04-04.14.18:573][  0]LogInit: Selected Device Profile: [Windows]
[2019.01.04-04.14.18:771][  0]LogSimplygon: Simplygon DLL not present - disabling.
[2019.01.04-04.14.18:784][  0]LogMeshReduction: Using SimplygonSwarm for distributed automatic mesh merging
[2019.01.04-04.14.18:784][  0]LogMeshReduction: Using ProxyLODMeshReduction for automatic mesh merging
[2019.01.04-04.14.18:784][  0]LogMeshReduction: Using QuadricMeshReduction for automatic static mesh reduction
[2019.01.04-04.14.18:784][  0]LogMeshReduction: No automatic skeletal mesh reduction module available
[2019.01.04-04.14.18:805][  0]LogNetVersion: TrenchTowers 1.0.0, NetCL: 4212847, EngineNetVer: 5, GameNetVer: 0 (Checksum: 1537713906)
[2019.01.04-04.14.18:881][  0]LogObj: Error: LoadConfig (/Script/Engine.Default__RendererSettings): import failed for bEnableAlphaChannelInPostProcessing in: False
[2019.01.04-04.14.19:600][  0]LogMoviePlayer: Initializing movie player
[2019.01.04-04.14.19:902][  0]LogTcpMessaging: Initializing TcpMessaging bridge
[2019.01.04-04.14.19:919][  0]LogUdpMessaging: Initializing bridge on interface 0.0.0.0:0 to multicast group 230.0.0.1:6666.
[2019.01.04-04.14.20:043][  0]SourceControl: Source control is disabled
[2019.01.04-04.14.20:043][  0]SourceControl: Source control is disabled
[2019.01.04-04.14.20:047][  0]SourceControl: Source control is disabled
[2019.01.04-04.14.20:264][  0]LogAndroidPermission: UAndroidPermissionCallbackProxy::GetInstance
[2019.01.04-04.14.20:453][  0]LogOcInput: OculusInput pre-init called
[2019.01.04-04.14.20:472][  0]LogUObjectArray: 42217 objects as part of root set at end of initial load.
[2019.01.04-04.14.20:472][  0]LogUObjectAllocator: 7453440 out of 0 bytes used by permanent object pool.
[2019.01.04-04.14.20:472][  0]LogUObjectArray: CloseDisregardForGC: 0/0 objects in disregard for GC pool
[2019.01.04-04.14.20:562][  0]LogEngine: Initializing Engine...
[2019.01.04-04.14.20:563][  0]LogHMD: Failed to initialize OpenVR with code 110
[2019.01.04-04.14.20:580][  0]LogStats: UGameplayTagsManager::ConstructGameplayTagTree: Construct from data asset -  0.000 s
[2019.01.04-04.14.20:580][  0]LogStats: UGameplayTagsManager::ConstructGameplayTagTree: GameplayTagTreeChangedEvent.Broadcast -  0.000 s
[2019.01.04-04.14.20:798][  0]LogInit: Initializing FReadOnlyCVARCache
[2019.01.04-04.14.20:837][  0]LogInit: XAudio2 using 'Speakers / Headphones (Realtek Audio)' : 6 channels at 48 kHz using 32 bits per sample (channel mask 0x3f)
[2019.01.04-04.14.20:961][  0]LogInit: FAudioDevice initialized.
[2019.01.04-04.14.20:973][  0]LogNetVersion: Set ProjectVersion to 1.0.0.0. Version Checksum will be recalculated on next use.
[2019.01.04-04.14.20:980][  0]LogInit: Texture streaming: Enabled
[2019.01.04-04.14.21:190][  0]LogProperty: Error: UStructProperty::Serialize Loading: Property 'StructProperty /Game/2DSideScrollerBP/Blueprints/Gameplay/PlayerSaveGame.PlayerSaveGame_C:SPlayerInfo'. Unknown structure.
[2019.01.04-04.14.21:190][  0]LogClass: Warning: Property SPlayerInfo of SPlayerInfo has a struct type mismatch (tag STRUCT_REINST_PlayerInfo_0 != prop FallbackStruct) in package:  ../../../../../../Program Files (x86)/TrenchTowers 4.20/Content/2DSideScrollerBP/Blueprints/Gameplay/PlayerSaveGame.uasset. If that struct got renamed, add an entry to ActiveStructRedirects.
[2019.01.04-04.14.21:295][  0]LogClass: Warning: Property SPlayerInfo of SPlayerInfo has a struct type mismatch (tag FallbackStruct != prop PlayerInfo) in package:  FObjectReader. If that struct got renamed, add an entry to ActiveStructRedirects.
[2019.01.04-04.14.21:318][  0]LogSlate: Updating window title bar state: overlay mode, drag disabled, window buttons hidden, title bar hidden
[2019.01.04-04.14.21:318][  0]LogInit: Display: Game Engine Initialized.
[2019.01.04-04.14.21:318][  0]LogGameplayTags: Display: UGameplayTagsManager::DoneAddingNativeTags. DelegateIsBound: 0
[2019.01.04-04.14.21:318][  0]LogStats: UGameplayTagsManager::ConstructGameplayTagTree: Construct from data asset -  0.000 s
[2019.01.04-04.14.21:318][  0]LogStats: UGameplayTagsManager::ConstructGameplayTagTree: GameplayTagTreeChangedEvent.Broadcast -  0.000 s
[2019.01.04-04.14.21:362][  0]LogInit: Display: Starting Game.
[2019.01.04-04.14.21:362][  0]LogNet: Browse: /Game/2DSideScrollerBP/Maps/2DSideScrollerExampleMap?Name=Player
[2019.01.04-04.14.21:362][  0]LogLoad: LoadMap: /Game/2DSideScrollerBP/Maps/2DSideScrollerExampleMap?Name=Player
[2019.01.04-04.14.22:331][  0]LogAIModule: Creating AISystem for world 2DSideScrollerExampleMap
[2019.01.04-04.14.22:331][  0]LogLoad: Game class is '2DSideScrollerGameMode_C'
[2019.01.04-04.14.22:357][  0]LogWorld: Bringing World /Game/2DSideScrollerBP/Maps/2DSideScrollerExampleMap.2DSideScrollerExampleMap up for play (max tick rate 0) at 2019.01.03-23.14.22
[2019.01.04-04.14.22:358][  0]LogWorld: Bringing up level for play took: 0.025643
[2019.01.04-04.14.22:360][  0]LogScript: Warning: Script Msg: Attempted to access index 0 from array 'Targets' of length 0 in '/Game/2DSideScrollerBP/Blueprints/Minions/Tower.Tower_C'!
[2019.01.04-04.14.22:360][  0]LogScript: Warning: Script Msg: Attempted to access index 0 from array 'Targets' of length 0 in '/Game/2DSideScrollerBP/Blueprints/Minions/Tower.Tower_C'!
[2019.01.04-04.14.22:364][  0]LogLoad: Took 1.001188 seconds to LoadMap(/Game/2DSideScrollerBP/Maps/2DSideScrollerExampleMap)
[2019.01.04-04.14.22:470][  0]LogRenderer: Reallocating scene render targets to support 1280x720 Format 10 NumSamples 1 (Frame:1).
[2019.01.04-04.14.22:470][  0]LogLoad: (Engine Initialization) Total time: 15.95 seconds
[2019.01.04-04.14.22:470][  0]LogLoad: (Engine Initialization) Total Blueprint compile time: 0.00 seconds
[2019.01.04-04.14.27:529][  0]LogContentStreaming: Texture pool size now 1000 MB
[2019.01.04-04.14.27:861][ 18]LogBlueprintUserMessages: [Cube_Blueprint] land
[2019.01.04-04.14.29:168][ 99]LogOutputDevice: Warning: 

Script Stack:
TroopSpawner_C.ExecuteUbergraph_TroopSpawner

[2019.01.04-04.14.30:482][ 99]LogStats: FPlatformStackWalk::StackWalkAndDump -  1.314 s
[2019.01.04-04.14.30:482][ 99]LogOutputDevice: Error: === Handled ensure: ===
[2019.01.04-04.14.30:482][ 99]LogOutputDevice: Error: 
[2019.01.04-04.14.30:482][ 99]LogOutputDevice: Error: Ensure condition failed: Cast<APawn>(NewUpdatedComponent->GetOwner()) [File:D:\Build\++UE4\Sync\Engine\Source\Runtime\Engine\Private\Components\PawnMovementComponent.cpp] [Line: 16]
[2019.01.04-04.14.30:482][ 99]LogOutputDevice: Error: FloatingPawnMovement must update a component owned by a Pawn
[2019.01.04-04.14.30:482][ 99]LogOutputDevice: Error: Stack: 
[2019.01.04-04.14.30:482][ 99]LogOutputDevice: Error: [Callstack] 0x00007ffad2e971f6 UE4Editor-Core.dll!UnknownFunction []
[2019.01.04-04.14.30:482][ 99]LogOutputDevice: Error: [Callstack] 0x00007ffad2bd0c92 UE4Editor-Core.dll!UnknownFunction []
[2019.01.04-04.14.30:482][ 99]LogOutputDevice: Error: [Callstack] 0x00007ffad2beb356 UE4Editor-Core.dll!UnknownFunction []
[2019.01.04-04.14.30:482][ 99]LogOutputDevice: Error: [Callstack] 0x00007ffab6e2dbd5 UE4Editor-Engine.dll!UnknownFunction []
[2019.01.04-04.14.30:482][ 99]LogOutputDevice: Error: [Callstack] 0x00007ffab6e1a21b UE4Editor-Engine.dll!UnknownFunction []
[2019.01.04-04.14.30:482][ 99]LogOutputDevice: Error: [Callstack] 0x00007ffab6d38d13 UE4Editor-Engine.dll!UnknownFunction []
[2019.01.04-04.14.30:482][ 99]LogOutputDevice: Error: [Callstack] 0x00007ffab6d62003 UE4Editor-Engine.dll!UnknownFunction []
[2019.01.04-04.14.30:482][ 99]LogOutputDevice: Error: [Callstack] 0x00007ffab6d60ea5 UE4Editor-Engine.dll!UnknownFunction []
[2019.01.04-04.14.30:482][ 99]LogOutputDevice: Error: [Callstack] 0x00007ffab78de591 UE4Editor-Engine.dll!UnknownFunction []
[2019.01.04-04.14.30:482][ 99]LogOutputDevice: Error: [Callstack] 0x00007ffab69a46fb UE4Editor-Engine.dll!UnknownFunction []
[2019.01.04-04.14.30:482][ 99]LogOutputDevice: Error: [Callstack] 0x00007ffab69a87c4 UE4Editor-Engine.dll!UnknownFunction []
[2019.01.04-04.14.30:482][ 99]LogOutputDevice: Error: [Callstack] 0x00007ffab69c76f3 UE4Editor-Engine.dll!UnknownFunction []
[2019.01.04-04.14.30:482][ 99]LogOutputDevice: Error: [Callstack] 0x00007ffab730f646 UE4Editor-Engine.dll!UnknownFunction []
[2019.01.04-04.14.30:482][ 99]LogOutputDevice: Error: [Callstack] 0x00007ffab730fc87 UE4Editor-Engine.dll!UnknownFunction []
[2019.01.04-04.14.30:482][ 99]LogOutputDevice: Error: [Callstack] 0x00007ffab76b8232 UE4Editor-Engine.dll!UnknownFunction []
[2019.01.04-04.14.30:482][ 99]LogOutputDevice: Error: [Callstack] 0x00007ffab76a8d15 UE4Editor-Engine.dll!UnknownFunction []
[2019.01.04-04.14.30:482][ 99]LogOutputDevice: Error: [Callstack] 0x00007ffab6cd97c8 UE4Editor-Engine.dll!UnknownFunction []
[2019.01.04-04.14.30:482][ 99]LogOutputDevice: Error: [Callstack] 0x00007ffab69c378e UE4Editor-Engine.dll!UnknownFunction []
[2019.01.04-04.14.30:482][ 99]LogOutputDevice: Error: [Callstack] 0x00007ffab69a892f UE4Editor-Engine.dll!UnknownFunction []
[2019.01.04-04.14.30:482][ 99]LogOutputDevice: Error: [Callstack] 0x00007ffab70a8eaf UE4Editor-Engine.dll!UnknownFunction []
[2019.01.04-04.14.30:483][ 99]LogOutputDevice: Error: [Callstack] 0x00007ffab69f9626 UE4Editor-Engine.dll!UnknownFunction []
[2019.01.04-04.14.30:483][ 99]LogOutputDevice: Error: [Callstack] 0x00007ffad2476467 UE4Editor-CoreUObject.dll!UnknownFunction []
[2019.01.04-04.14.30:483][ 99]LogOutputDevice: Error: [Callstack] 0x00007ffad26816ae UE4Editor-CoreUObject.dll!UnknownFunction []
[2019.01.04-04.14.30:483][ 99]LogOutputDevice: Error: [Callstack] 0x00007ffad269f499 UE4Editor-CoreUObject.dll!UnknownFunction []
[2019.01.04-04.14.30:483][ 99]LogOutputDevice: Error: [Callstack] 0x00007ffad26d2266 UE4Editor-CoreUObject.dll!UnknownFunction []
[2019.01.04-04.14.30:483][ 99]LogOutputDevice: Error: [Callstack] 0x00007ffad26a1b96 UE4Editor-CoreUObject.dll!UnknownFunction []
[2019.01.04-04.14.30:483][ 99]LogOutputDevice: Error: [Callstack] 0x00007ffad2476467 UE4Editor-CoreUObject.dll!UnknownFunction []
[2019.01.04-04.14.30:483][ 99]LogOutputDevice: Error: [Callstack] 0x00007ffad26a1133 UE4Editor-CoreUObject.dll!UnknownFunction []
[2019.01.04-04.14.30:483][ 99]LogOutputDevice: Error: [Callstack] 0x00007ffab69c8033 UE4Editor-Engine.dll!UnknownFunction []
[2019.01.04-04.14.30:483][ 99]LogOutputDevice: Error: [Callstack] 0x00007ffab728ae8f UE4Editor-Engine.dll!UnknownFunction []
[2019.01.04-04.14.30:483][ 99]LogOutputDevice: Error: [Callstack] 0x00007ffab727069e UE4Editor-Engine.dll!UnknownFunction []
[2019.01.04-04.14.30:483][ 99]LogOutputDevice: Error: [Callstack] 0x00007ffab69e6bbe UE4Editor-Engine.dll!UnknownFunction []
[2019.01.04-04.14.30:483][ 99]LogOutputDevice: Error: [Callstack] 0x00007ffab69e730c UE4Editor-Engine.dll!UnknownFunction []
[2019.01.04-04.14.30:483][ 99]LogOutputDevice: Error: [Callstack] 0x00007ffab69a5630 UE4Editor-Engine.dll!UnknownFunction []
[2019.01.04-04.14.30:483][ 99]LogOutputDevice: Error: [Callstack] 0x00007ffab7ba16bd UE4Editor-Engine.dll!UnknownFunction []
[2019.01.04-04.14.30:483][ 99]LogOutputDevice: Error: [Callstack] 0x00007ffad2a51f92 UE4Editor-Core.dll!UnknownFunction []
[2019.01.04-04.14.30:483][ 99]LogOutputDevice: Error: [Callstack] 0x00007ffad2a52456 UE4Editor-Core.dll!UnknownFunction []
[2019.01.04-04.14.30:483][ 99]LogOutputDevice: Error: [Callstack] 0x00007ffad2a66d25 UE4Editor-Core.dll!UnknownFunction []
[2019.01.04-04.14.30:483][ 99]LogOutputDevice: Error: [Callstack] 0x00007ffab7bf5b04 UE4Editor-Engine.dll!UnknownFunction []
[2019.01.04-04.14.30:483][ 99]LogOutputDevice: Error: [Callstack] 0x00007ffab7c04d92 UE4Editor-Engine.dll!UnknownFunction []
[2019.01.04-04.14.30:483][ 99]LogOutputDevice: Error: [Callstack] 0x00007ffab73087e4 UE4Editor-Engine.dll!UnknownFunction []
[2019.01.04-04.14.30:483][ 99]LogOutputDevice: Error: [Callstack] 0x00007ffab7314003 UE4Editor-Engine.dll!UnknownFunction []
[2019.01.04-04.14.30:483][ 99]LogOutputDevice: Error: [Callstack] 0x00007ffab70d5375 UE4Editor-Engine.dll!UnknownFunction []
[2019.01.04-04.14.30:483][ 99]LogOutputDevice: Error: [Callstack] 0x00007ff6b8ef5cbd UE4Editor.exe!UnknownFunction []
[2019.01.04-04.14.30:483][ 99]LogOutputDevice: Error: [Callstack] 0x00007ff6b8f05b3c UE4Editor.exe!UnknownFunction []
[2019.01.04-04.14.30:483][ 99]LogOutputDevice: Error: [Callstack] 0x00007ff6b8f05bba UE4Editor.exe!UnknownFunction []
[2019.01.04-04.14.30:483][ 99]LogOutputDevice: Error: [Callstack] 0x00007ff6b8f13dac UE4Editor.exe!UnknownFunction []
[2019.01.04-04.14.30:483][ 99]LogOutputDevice: Error: [Callstack] 0x00007ff6b8f15aaa UE4Editor.exe!UnknownFunction []
[2019.01.04-04.14.30:483][ 99]LogOutputDevice: Error: [Callstack] 0x00007ffb234d7e94 KERNEL32.DLL!UnknownFunction []
[2019.01.04-04.14.30:483][ 99]LogOutputDevice: Error: [Callstack] 0x00007ffb25a2a251 ntdll.dll!UnknownFunction []
[2019.01.04-04.14.30:483][ 99]LogOutputDevice: Error: 
[2019.01.04-04.14.30:488][ 99]LogStats:                SubmitErrorReport -  0.000 s
[2019.01.04-04.14.32:294][ 99]LogStats:                    SendNewReport -  1.806 s
[2019.01.04-04.14.32:294][ 99]LogStats:             FDebug::EnsureFailed -  3.126 s
[2019.01.04-04.14.32:306][100]LogBlueprintUserMessages: [PBullet_C_1] PBullet
[2019.01.04-04.14.32:306][100]LogBlueprintUserMessages: [PBullet_C_0] PBullet1
[2019.01.04-04.14.41:692][682]LogBlueprintUserMessages: [PBullet_C_3] Minion2
[2019.01.04-04.14.42:193][713]LogBlueprintUserMessages: [PBullet_C_4] Minion2
[2019.01.04-04.14.42:564][736]LogBlueprintUserMessages: [PBullet_C_5] Minion2
[2019.01.04-04.14.42:708][745]LogBlueprintUserMessages: [PBullet_C_6] Minion1_ATK12
[2019.01.04-04.14.45:451][915]LogBlueprintUserMessages: [PBullet_C_7] Minion1
[2019.01.04-04.14.46:855][  2]LogBlueprintUserMessages: [PBullet_C_8] Brute1
[2019.01.04-04.14.46:871][  3]LogBlueprintUserMessages: [PBullet_C_9] Minion1_ATK34
[2019.01.04-04.14.47:791][ 60]LogBlueprintUserMessages: [PBullet_C_10] Minion1
[2019.01.04-04.14.47:984][ 72]LogBlueprintUserMessages: [PBullet_C_11] Minion1
[2019.01.04-04.14.50:340][218]LogBlueprintUserMessages: [PBullet_C_12] Minion2_ATK48
[2019.01.04-04.14.50:437][224]LogBlueprintUserMessages: [PBullet_C_13] Minion3_ATK36
[2019.01.04-04.14.50:839][249]LogBlueprintUserMessages: [PBullet_C_14] Brute1
[2019.01.04-04.14.54:584][481]LogBlueprintUserMessages: [PBullet_C_17] Brute2_ATK
[2019.01.04-04.14.55:083][512]LogBlueprintUserMessages: [PBullet_C_18] Minion3
[2019.01.04-04.14.55:244][522]LogBlueprintUserMessages: [PBullet_C_19] Minion112
[2019.01.04-04.14.55:599][544]LogBlueprintUserMessages: [PBullet_C_20] Brute2_ATK6
[2019.01.04-04.14.56:160][578]LogScript: Warning: Script Msg: Attempted to access index 0 from array 'Targets' of length 0 in '/Game/2DSideScrollerBP/Blueprints/Minions/Tower.Tower_C'!
[2019.01.04-04.14.56:175][579]LogScript: Warning: Script Msg: Attempted to access index 0 from array 'Targets' of length 0 in '/Game/2DSideScrollerBP/Blueprints/Minions/Tower.Tower_C'!
[2019.01.04-04.14.56:175][579]LogScript: Warning: Script Msg: Attempted to access index 0 from array 'Targets' of length 0 in '/Game/2DSideScrollerBP/Blueprints/Minions/Tower.Tower_C'!
[2019.01.04-04.14.56:175][579]LogScript: Warning: Script Msg: Attempted to access index 0 from array 'Targets' of length 0 in '/Game/2DSideScrollerBP/Blueprints/Minions/Tower.Tower_C'!
[2019.01.04-04.14.56:213][582]LogBlueprintUserMessages: [PBullet_C_21] Minion26
[2019.01.04-04.14.56:358][591]LogBlueprintUserMessages: [PBullet_C_22] Minion2_ATK116
[2019.01.04-04.14.56:633][608]LogBlueprintUserMessages: [PBullet_C_23] Brute2_ATK12
[2019.01.04-04.14.57:159][640]LogScript: Warning: Script Msg: Attempted to access index 0 from array 'Targets' of length 0 in '/Game/2DSideScrollerBP/Blueprints/Minions/Tower.Tower_C'!
[2019.01.04-04.14.57:174][641]LogScript: Warning: Script Msg: Attempted to access index 0 from array 'Targets' of length 0 in '/Game/2DSideScrollerBP/Blueprints/Minions/Tower.Tower_C'!
[2019.01.04-04.14.57:174][641]LogScript: Warning: Script Msg: Attempted to access index 0 from array 'Targets' of length 0 in '/Game/2DSideScrollerBP/Blueprints/Minions/Tower.Tower_C'!
[2019.01.04-04.14.57:174][641]LogScript: Warning: Script Msg: Attempted to access index 0 from array 'Targets' of length 0 in '/Game/2DSideScrollerBP/Blueprints/Minions/Tower.Tower_C'!
[2019.01.04-04.14.57:375][654]LogBlueprintUserMessages: [PBullet_C_24] Minion3_ATK95
[2019.01.04-04.14.58:161][702]LogScript: Warning: Script Msg: Attempted to access index 0 from array 'Targets' of length 0 in '/Game/2DSideScrollerBP/Blueprints/Minions/Tower.Tower_C'!
[2019.01.04-04.14.58:174][703]LogScript: Warning: Script Msg: Attempted to access index 0 from array 'Targets' of length 0 in '/Game/2DSideScrollerBP/Blueprints/Minions/Tower.Tower_C'!
[2019.01.04-04.14.58:174][703]LogScript: Warning: Script Msg: Attempted to access index 0 from array 'Targets' of length 0 in '/Game/2DSideScrollerBP/Blueprints/Minions/Tower.Tower_C'!
[2019.01.04-04.14.58:174][703]LogScript: Warning: Script Msg: Attempted to access index 0 from array 'Targets' of length 0 in '/Game/2DSideScrollerBP/Blueprints/Minions/Tower.Tower_C'!
[2019.01.04-04.14.58:422][719]LogBlueprintUserMessages: [PBullet_C_25] Brute2_ATK24
[2019.01.04-04.14.58:519][725]LogBlueprintUserMessages: [PBullet_C_26] Brute2_ATK24
[2019.01.04-04.14.58:666][734]LogBlueprintUserMessages: [PBullet_C_27] Brute2_ATK24
[2019.01.04-04.14.59:159][764]LogScript: Warning: Script Msg: Attempted to access index 0 from array 'Targets' of length 0 in '/Game/2DSideScrollerBP/Blueprints/Minions/Tower.Tower_C'!
[2019.01.04-04.14.59:165][765]LogBlueprintUserMessages: [PBullet_C_28] Minion312
[2019.01.04-04.14.59:175][765]LogScript: Warning: Script Msg: Attempted to access index 0 from array 'Targets' of length 0 in '/Game/2DSideScrollerBP/Blueprints/Minions/Tower.Tower_C'!
[2019.01.04-04.14.59:175][765]LogScript: Warning: Script Msg: Attempted to access index 0 from array 'Targets' of length 0 in '/Game/2DSideScrollerBP/Blueprints/Minions/Tower.Tower_C'!
[2019.01.04-04.14.59:175][765]LogScript: Warning: Script Msg: Attempted to access index 0 from array 'Targets' of length 0 in '/Game/2DSideScrollerBP/Blueprints/Minions/Tower.Tower_C'!
[2019.01.04-04.14.59:358][777]LogBlueprintUserMessages: [PBullet_C_29] Minion36
[2019.01.04-04.14.59:422][781]LogBlueprintUserMessages: [PBullet_C_30] Brute2_ATK28
[2019.01.04-04.14.59:503][786]LogBlueprintUserMessages: [PBullet_C_31] Brute2_ATK28
[2019.01.04-04.14.59:617][793]LogBlueprintUserMessages: [PBullet_C_32] Brute2_ATK28
[2019.01.04-04.15.00:163][826]LogScript: Warning: Script Msg: Attempted to access index 0 from array 'Targets' of length 0 in '/Game/2DSideScrollerBP/Blueprints/Minions/Tower.Tower_C'!
[2019.01.04-04.15.00:183][827]LogScript: Warning: Script Msg: Attempted to access index 0 from array 'Targets' of length 0 in '/Game/2DSideScrollerBP/Blueprints/Minions/Tower.Tower_C'!
[2019.01.04-04.15.00:183][827]LogScript: Warning: Script Msg: Attempted to access index 0 from array 'Targets' of length 0 in '/Game/2DSideScrollerBP/Blueprints/Minions/Tower.Tower_C'!
[2019.01.04-04.15.00:183][827]LogScript: Warning: Script Msg: Attempted to access index 0 from array 'Targets' of length 0 in '/Game/2DSideScrollerBP/Blueprints/Minions/Tower.Tower_C'!
[2019.01.04-04.15.01:165][888]LogScript: Warning: Script Msg: Attempted to access index 0 from array 'Targets' of length 0 in '/Game/2DSideScrollerBP/Blueprints/Minions/Tower.Tower_C'!
[2019.01.04-04.15.01:183][889]LogScript: Warning: Script Msg: Attempted to access index 0 from array 'Targets' of length 0 in '/Game/2DSideScrollerBP/Blueprints/Minions/Tower.Tower_C'!
[2019.01.04-04.15.01:183][889]LogScript: Warning: Script Msg: Attempted to access index 0 from array 'Targets' of length 0 in '/Game/2DSideScrollerBP/Blueprints/Minions/Tower.Tower_C'!
[2019.01.04-04.15.01:183][889]LogScript: Warning: Script Msg: Attempted to access index 0 from array 'Targets' of length 0 in '/Game/2DSideScrollerBP/Blueprints/Minions/Tower.Tower_C'!
[2019.01.04-04.15.01:929][936]LogScript: Warning: Script Msg: Attempted to access index 3 from array 'Brute' of length 3 in '/Game/2DSideScrollerBP/Blueprints/Minions/TroopSpawner.TroopSpawner_C'!
[2019.01.04-04.15.01:930][936]LogScript: Warning: UGameplayStatics::BeginSpawningActorFromClass: can not spawn an actor from a NULL class
[2019.01.04-04.15.01:930][936]LogScript: Warning: Script Msg: Attempted to access index 3 from array 'Brute' of length 3 in '/Game/2DSideScrollerBP/Blueprints/Minions/TroopSpawner.TroopSpawner_C'!
[2019.01.04-04.15.01:930][936]LogScript: Warning: UGameplayStatics::BeginSpawningActorFromClass: can not spawn an actor from a NULL class
[2019.01.04-04.15.01:930][936]LogScript: Warning: Script Msg: Attempted to access index 3 from array 'Brute' of length 3 in '/Game/2DSideScrollerBP/Blueprints/Minions/TroopSpawner.TroopSpawner_C'!
[2019.01.04-04.15.01:930][936]LogScript: Warning: UGameplayStatics::BeginSpawningActorFromClass: can not spawn an actor from a NULL class
[2019.01.04-04.15.01:930][936]LogScript: Warning: Script Msg: Attempted to access index 3 from array 'Brute' of length 3 in '/Game/2DSideScrollerBP/Blueprints/Minions/TroopSpawner.TroopSpawner_C'!
[2019.01.04-04.15.01:930][936]LogScript: Warning: UGameplayStatics::BeginSpawningActorFromClass: can not spawn an actor from a NULL class
[2019.01.04-04.15.01:930][936]LogScript: Warning: Script Msg: Attempted to access index 3 from array 'Brute' of length 3 in '/Game/2DSideScrollerBP/Blueprints/Minions/TroopSpawner.TroopSpawner_C'!
[2019.01.04-04.15.01:930][936]LogScript: Warning: UGameplayStatics::BeginSpawningActorFromClass: can not spawn an actor from a NULL class
[2019.01.04-04.15.01:930][936]LogScript: Warning: Script Msg: Attempted to access index 3 from array 'Brute' of length 3 in '/Game/2DSideScrollerBP/Blueprints/Minions/TroopSpawner.TroopSpawner_C'!
[2019.01.04-04.15.01:930][936]LogScript: Warning: UGameplayStatics::BeginSpawningActorFromClass: can not spawn an actor from a NULL class
[2019.01.04-04.15.02:164][950]LogScript: Warning: Script Msg: Attempted to access index 0 from array 'Targets' of length 0 in '/Game/2DSideScrollerBP/Blueprints/Minions/Tower.Tower_C'!
[2019.01.04-04.15.02:182][951]LogScript: Warning: Script Msg: Attempted to access index 0 from array 'Targets' of length 0 in '/Game/2DSideScrollerBP/Blueprints/Minions/Tower.Tower_C'!
[2019.01.04-04.15.02:182][951]LogScript: Warning: Script Msg: Attempted to access index 0 from array 'Targets' of length 0 in '/Game/2DSideScrollerBP/Blueprints/Minions/Tower.Tower_C'!
[2019.01.04-04.15.02:182][951]LogScript: Warning: Script Msg: Attempted to access index 0 from array 'Targets' of length 0 in '/Game/2DSideScrollerBP/Blueprints/Minions/Tower.Tower_C'!
[2019.01.04-04.15.03:165][ 12]LogScript: Warning: Script Msg: Attempted to access index 0 from array 'Targets' of length 0 in '/Game/2DSideScrollerBP/Blueprints/Minions/Tower.Tower_C'!
[2019.01.04-04.15.03:182][ 13]LogScript: Warning: Script Msg: Attempted to access index 0 from array 'Targets' of length 0 in '/Game/2DSideScrollerBP/Blueprints/Minions/Tower.Tower_C'!
[2019.01.04-04.15.03:182][ 13]LogScript: Warning: Script Msg: Attempted to access index 0 from array 'Targets' of length 0 in '/Game/2DSideScrollerBP/Blueprints/Minions/Tower.Tower_C'!
[2019.01.04-04.15.03:182][ 13]LogScript: Warning: Script Msg: Attempted to access index 0 from array 'Targets' of length 0 in '/Game/2DSideScrollerBP/Blueprints/Minions/Tower.Tower_C'!
[2019.01.04-04.15.04:165][ 74]LogScript: Warning: Script Msg: Attempted to access index 0 from array 'Targets' of length 0 in '/Game/2DSideScrollerBP/Blueprints/Minions/Tower.Tower_C'!
[2019.01.04-04.15.04:182][ 75]LogScript: Warning: Script Msg: Attempted to access index 0 from array 'Targets' of length 0 in '/Game/2DSideScrollerBP/Blueprints/Minions/Tower.Tower_C'!
[2019.01.04-04.15.04:182][ 75]LogScript: Warning: Script Msg: Attempted to access index 0 from array 'Targets' of length 0 in '/Game/2DSideScrollerBP/Blueprints/Minions/Tower.Tower_C'!
[2019.01.04-04.15.04:182][ 75]LogScript: Warning: Script Msg: Attempted to access index 0 from array 'Targets' of length 0 in '/Game/2DSideScrollerBP/Blueprints/Minions/Tower.Tower_C'!
[2019.01.04-04.15.05:164][136]LogScript: Warning: Script Msg: Attempted to access index 0 from array 'Targets' of length 0 in '/Game/2DSideScrollerBP/Blueprints/Minions/Tower.Tower_C'!
[2019.01.04-04.15.05:182][137]LogScript: Warning: Script Msg: Attempted to access index 0 from array 'Targets' of length 0 in '/Game/2DSideScrollerBP/Blueprints/Minions/Tower.Tower_C'!
[2019.01.04-04.15.05:182][137]LogScript: Warning: Script Msg: Attempted to access index 0 from array 'Targets' of length 0 in '/Game/2DSideScrollerBP/Blueprints/Minions/Tower.Tower_C'!
[2019.01.04-04.15.05:182][137]LogScript: Warning: Script Msg: Attempted to access index 0 from array 'Targets' of length 0 in '/Game/2DSideScrollerBP/Blueprints/Minions/Tower.Tower_C'!
[2019.01.04-04.15.06:164][198]LogScript: Warning: Script Msg: Attempted to access index 0 from array 'Targets' of length 0 in '/Game/2DSideScrollerBP/Blueprints/Minions/Tower.Tower_C'!
[2019.01.04-04.15.06:183][199]LogScript: Warning: Script Msg: Attempted to access index 0 from array 'Targets' of length 0 in '/Game/2DSideScrollerBP/Blueprints/Minions/Tower.Tower_C'!
[2019.01.04-04.15.06:184][199]LogScript: Warning: Script Msg: Attempted to access index 0 from array 'Targets' of length 0 in '/Game/2DSideScrollerBP/Blueprints/Minions/Tower.Tower_C'!
[2019.01.04-04.15.06:184][199]LogScript: Warning: Script Msg: Attempted to access index 0 from array 'Targets' of length 0 in '/Game/2DSideScrollerBP/Blueprints/Minions/Tower.Tower_C'!
[2019.01.04-04.15.07:166][260]LogScript: Warning: Script Msg: Attempted to access index 0 from array 'Targets' of length 0 in '/Game/2DSideScrollerBP/Blueprints/Minions/Tower.Tower_C'!
[2019.01.04-04.15.07:190][261]LogScript: Warning: Script Msg: Attempted to access index 0 from array 'Targets' of length 0 in '/Game/2DSideScrollerBP/Blueprints/Minions/Tower.Tower_C'!
[2019.01.04-04.15.07:190][261]LogScript: Warning: Script Msg: Attempted to access index 0 from array 'Targets' of length 0 in '/Game/2DSideScrollerBP/Blueprints/Minions/Tower.Tower_C'!
[2019.01.04-04.15.07:190][261]LogScript: Warning: Script Msg: Attempted to access index 0 from array 'Targets' of length 0 in '/Game/2DSideScrollerBP/Blueprints/Minions/Tower.Tower_C'!
[2019.01.04-04.15.08:169][322]LogScript: Warning: Script Msg: Attempted to access index 0 from array 'Targets' of length 0 in '/Game/2DSideScrollerBP/Blueprints/Minions/Tower.Tower_C'!
[2019.01.04-04.15.08:189][323]LogScript: Warning: Script Msg: Attempted to access index 0 from array 'Targets' of length 0 in '/Game/2DSideScrollerBP/Blueprints/Minions/Tower.Tower_C'!
[2019.01.04-04.15.08:189][323]LogScript: Warning: Script Msg: Attempted to access index 0 from array 'Targets' of length 0 in '/Game/2DSideScrollerBP/Blueprints/Minions/Tower.Tower_C'!
[2019.01.04-04.15.08:189][323]LogScript: Warning: Script Msg: Attempted to access index 0 from array 'Targets' of length 0 in '/Game/2DSideScrollerBP/Blueprints/Minions/Tower.Tower_C'!
[2019.01.04-04.15.09:168][384]LogScript: Warning: Script Msg: Attempted to access index 0 from array 'Targets' of length 0 in '/Game/2DSideScrollerBP/Blueprints/Minions/Tower.Tower_C'!
[2019.01.04-04.15.09:189][385]LogScript: Warning: Script Msg: Attempted to access index 0 from array 'Targets' of length 0 in '/Game/2DSideScrollerBP/Blueprints/Minions/Tower.Tower_C'!
[2019.01.04-04.15.09:189][385]LogScript: Warning: Script Msg: Attempted to access index 0 from array 'Targets' of length 0 in '/Game/2DSideScrollerBP/Blueprints/Minions/Tower.Tower_C'!
[2019.01.04-04.15.09:189][385]LogScript: Warning: Script Msg: Attempted to access index 0 from array 'Targets' of length 0 in '/Game/2DSideScrollerBP/Blueprints/Minions/Tower.Tower_C'!
[2019.01.04-04.15.09:936][432]LogScript: Warning: Script Msg: Attempted to access index 4 from array 'Brute' of length 3 in '/Game/2DSideScrollerBP/Blueprints/Minions/TroopSpawner.TroopSpawner_C'!
[2019.01.04-04.15.09:937][432]LogScript: Warning: UGameplayStatics::BeginSpawningActorFromClass: can not spawn an actor from a NULL class
[2019.01.04-04.15.09:937][432]LogScript: Warning: Script Msg: Attempted to access index 4 from array 'Brute' of length 3 in '/Game/2DSideScrollerBP/Blueprints/Minions/TroopSpawner.TroopSpawner_C'!
[2019.01.04-04.15.09:937][432]LogScript: Warning: UGameplayStatics::BeginSpawningActorFromClass: can not spawn an actor from a NULL class
[2019.01.04-04.15.09:937][432]LogScript: Warning: Script Msg: Attempted to access index 4 from array 'Brute' of length 3 in '/Game/2DSideScrollerBP/Blueprints/Minions/TroopSpawner.TroopSpawner_C'!
[2019.01.04-04.15.09:937][432]LogScript: Warning: UGameplayStatics::BeginSpawningActorFromClass: can not spawn an actor from a NULL class
[2019.01.04-04.15.09:937][432]LogScript: Warning: Script Msg: Attempted to access index 4 from array 'Brute' of length 3 in '/Game/2DSideScrollerBP/Blueprints/Minions/TroopSpawner.TroopSpawner_C'!
[2019.01.04-04.15.09:937][432]LogScript: Warning: UGameplayStatics::BeginSpawningActorFromClass: can not spawn an actor from a NULL class
[2019.01.04-04.15.09:937][432]LogScript: Warning: Script Msg: Attempted to access index 4 from array 'Brute' of length 3 in '/Game/2DSideScrollerBP/Blueprints/Minions/TroopSpawner.TroopSpawner_C'!
[2019.01.04-04.15.09:937][432]LogScript: Warning: UGameplayStatics::BeginSpawningActorFromClass: can not spawn an actor from a NULL class
[2019.01.04-04.15.09:937][432]LogScript: Warning: Script Msg: Attempted to access index 4 from array 'Brute' of length 3 in '/Game/2DSideScrollerBP/Blueprints/Minions/TroopSpawner.TroopSpawner_C'!
[2019.01.04-04.15.09:937][432]LogScript: Warning: UGameplayStatics::BeginSpawningActorFromClass: can not spawn an actor from a NULL class
[2019.01.04-04.15.10:167][446]LogScript: Warning: Script Msg: Attempted to access index 0 from array 'Targets' of length 0 in '/Game/2DSideScrollerBP/Blueprints/Minions/Tower.Tower_C'!
[2019.01.04-04.15.10:188][447]LogScript: Warning: Script Msg: Attempted to access index 0 from array 'Targets' of length 0 in '/Game/2DSideScrollerBP/Blueprints/Minions/Tower.Tower_C'!
[2019.01.04-04.15.10:188][447]LogScript: Warning: Script Msg: Attempted to access index 0 from array 'Targets' of length 0 in '/Game/2DSideScrollerBP/Blueprints/Minions/Tower.Tower_C'!
[2019.01.04-04.15.10:188][447]LogScript: Warning: Script Msg: Attempted to access index 0 from array 'Targets' of length 0 in '/Game/2DSideScrollerBP/Blueprints/Minions/Tower.Tower_C'!
[2019.01.04-04.15.11:049][501]LogScript: Warning: Script Msg: Attempted to access index 0 from array 'Targets' of length 0 in '/Game/2DSideScrollerBP/Blueprints/Minions/Tower.Tower_C'!
[2019.01.04-04.15.11:049][501]LogScript: Warning: Script Msg: Attempted to access index 0 from array 'Targets' of length 0 in '/Game/2DSideScrollerBP/Blueprints/Minions/Tower.Tower_C'!
[2019.01.04-04.15.11:188][509]LogScript: Warning: Script Msg: Attempted to access index 0 from array 'Targets' of length 0 in '/Game/2DSideScrollerBP/Blueprints/Minions/Tower.Tower_C'!
[2019.01.04-04.15.11:188][509]LogScript: Warning: Script Msg: Attempted to access index 0 from array 'Targets' of length 0 in '/Game/2DSideScrollerBP/Blueprints/Minions/Tower.Tower_C'!
[2019.01.04-04.15.11:188][509]LogScript: Warning: Script Msg: Attempted to access index 0 from array 'Targets' of length 0 in '/Game/2DSideScrollerBP/Blueprints/Minions/Tower.Tower_C'!
[2019.01.04-04.15.11:552][532]LogBlueprintUserMessages: [TowerShot_C_59] 2DSideScrollerCharacter
[2019.01.04-04.15.12:191][571]LogScript: Warning: Script Msg: Attempted to access index 0 from array 'Targets' of length 0 in '/Game/2DSideScrollerBP/Blueprints/Minions/Tower.Tower_C'!
[2019.01.04-04.15.12:191][571]LogScript: Warning: Script Msg: Attempted to access index 0 from array 'Targets' of length 0 in '/Game/2DSideScrollerBP/Blueprints/Minions/Tower.Tower_C'!
[2019.01.04-04.15.12:260][576]LogBlueprintUserMessages: [TowerShot_C_62] 2DSideScrollerCharacter
[2019.01.04-04.15.12:275][577]LogScript: Warning: Script Msg: Attempted to access index 0 from array 'Targets' of length 0 in '/Game/2DSideScrollerBP/Blueprints/Minions/Tower.Tower_C'!
[2019.01.04-04.15.12:275][577]LogScript: Warning: Script Msg: Attempted to access index 0 from array 'Targets' of length 0 in '/Game/2DSideScrollerBP/Blueprints/Minions/Tower.Tower_C'!
[2019.01.04-04.15.12:275][577]LogScript: Warning: Script Msg: Attempted to access index 0 from array 'Targets' of length 0 in '/Game/2DSideScrollerBP/Blueprints/Minions/Tower.Tower_C'!
[2019.01.04-04.15.12:469][589]LogBlueprintUserMessages: [PBullet_C_33] Tower6
[2019.01.04-04.15.12:775][608]LogBlueprintUserMessages: [PBullet_C_34] Minion2_ATK282
[2019.01.04-04.15.13:082][627]LogBlueprintUserMessages: [PBullet_C_35] Tower6
[2019.01.04-04.15.13:182][633]LogScript: Warning: Script Msg: Attempted to access index 0 from array 'Targets' of length 0 in '/Game/2DSideScrollerBP/Blueprints/Minions/Tower.Tower_C'!
[2019.01.04-04.15.13:182][633]LogScript: Warning: Script Msg: Attempted to access index 0 from array 'Targets' of length 0 in '/Game/2DSideScrollerBP/Blueprints/Minions/Tower.Tower_C'!
[2019.01.04-04.15.13:214][635]LogScript: Warning: Script Msg: Attempted to access index 0 from array 'Targets' of length 0 in '/Game/2DSideScrollerBP/Blueprints/Minions/Tower.Tower_C'!
[2019.01.04-04.15.13:214][635]LogScript: Warning: Script Msg: Attempted to access index 0 from array 'Targets' of length 0 in '/Game/2DSideScrollerBP/Blueprints/Minions/Tower.Tower_C'!
[2019.01.04-04.15.13:340][643]LogScript: Warning: Script Msg: Attempted to access index 0 from array 'Targets' of length 0 in '/Game/2DSideScrollerBP/Blueprints/Minions/Tower.Tower_C'!
[2019.01.04-04.15.13:647][662]LogBlueprintUserMessages: [TowerShot_C_65] 2DSideScrollerCharacter
[2019.01.04-04.15.14:182][695]LogScript: Warning: Script Msg: Attempted to access index 0 from array 'Targets' of length 0 in '/Game/2DSideScrollerBP/Blueprints/Minions/Tower.Tower_C'!
[2019.01.04-04.15.14:183][695]LogScript: Warning: Script Msg: Attempted to access index 0 from array 'Targets' of length 0 in '/Game/2DSideScrollerBP/Blueprints/Minions/Tower.Tower_C'!
[2019.01.04-04.15.14:325][699]LogSlate: Window 'TrenchTowers (64-bit Development PCD3D_SM5) ' being destroyed
[2019.01.04-04.15.14:326][699]LogWindowsTextInputMethodSystem: Display: IME system now deactivated.
[2019.01.04-04.15.14:332][699]LogWindowsTextInputMethodSystem: Display: IME system now deactivated.
[2019.01.04-04.15.14:335][699]LogSlate: Updating window title bar state: overlay mode, drag disabled, window buttons hidden, title bar hidden
[2019.01.04-04.15.14:336][699]LogEngine: All Windows Closed
[2019.01.04-04.15.14:336][699]LogWindows: FPlatformMisc::RequestExit(0)
[2019.01.04-04.15.15:213][700]LogExit: Preparing to exit.
[2019.01.04-04.15.15:213][700]LogMoviePlayer: Shutting down movie player
[2019.01.04-04.15.16:229][700]LogSlate: Updating window title bar state: overlay mode, drag disabled, window buttons hidden, title bar hidden
[2019.01.04-04.15.16:257][700]LogExit: Game engine shut down
[2019.01.04-04.15.16:789][700]LogExit: Object subsystem successfully closed.
[2019.01.04-04.15.16:812][700]LogShaderCompilers: Display: Shaders left to compile 0
[2019.01.04-04.15.16:815][700]LogD3D11RHI: Shutdown
[2019.01.04-04.15.16:815][700]LogD3D11RHI: CleanupD3DDevice
[2019.01.04-04.15.16:817][700]LogD3D11RHI: ~FD3D11DynamicRHI
[2019.01.04-04.15.16:824][700]LogModuleManager: Shutting down and abandoning module SequenceRecorderSections (380)
[2019.01.04-04.15.16:824][700]LogModuleManager: Shutting down and abandoning module SequenceRecorder (378)
[2019.01.04-04.15.16:824][700]LogModuleManager: Shutting down and abandoning module AutomationController (376)
[2019.01.04-04.15.16:824][700]LogModuleManager: Shutting down and abandoning module AutomationWorker (374)
[2019.01.04-04.15.16:824][700]LogModuleManager: Shutting down and abandoning module AIModule (372)
[2019.01.04-04.15.16:824][700]LogModuleManager: Shutting down and abandoning module GameplayDebugger (371)
[2019.01.04-04.15.16:824][700]LogModuleManager: Shutting down and abandoning module AITestSuite (369)
[2019.01.04-04.15.16:824][700]LogModuleManager: Shutting down and abandoning module NavigationSystem (367)
[2019.01.04-04.15.16:824][700]LogModuleManager: Shutting down and abandoning module WmfMediaFactory (364)
[2019.01.04-04.15.16:824][700]LogModuleManager: Shutting down and abandoning module OpenExrWrapper (362)
[2019.01.04-04.15.16:824][700]LogModuleManager: Shutting down and abandoning module ImgMediaFactory (360)
[2019.01.04-04.15.16:824][700]LogModuleManager: Shutting down and abandoning module AvfMediaFactory (358)
[2019.01.04-04.15.16:824][700]LogModuleManager: Shutting down and abandoning module MagicLeapCameraPreviewFactory (356)
[2019.01.04-04.15.16:824][700]LogModuleManager: Shutting down and abandoning module MagicLeapMediaFactory (354)
[2019.01.04-04.15.16:824][700]LogModuleManager: Shutting down and abandoning module CharacterAI (352)
[2019.01.04-04.15.16:824][700]LogModuleManager: Shutting down and abandoning module SessionServices (350)
[2019.01.04-04.15.16:824][700]LogModuleManager: Shutting down and abandoning module MovieSceneCapture (348)
[2019.01.04-04.15.16:824][700]LogModuleManager: Shutting down and abandoning module MovieSceneTracks (346)
[2019.01.04-04.15.16:824][700]LogModuleManager: Shutting down and abandoning module MovieScene (344)
[2019.01.04-04.15.16:824][700]LogModuleManager: Shutting down and abandoning module StreamingPauseRendering (342)
[2019.01.04-04.15.16:824][700]LogModuleManager: Shutting down and abandoning module PortalServices (340)
[2019.01.04-04.15.16:824][700]LogModuleManager: Shutting down and abandoning module PortalRpc (338)
[2019.01.04-04.15.16:825][700]LogModuleManager: Shutting down and abandoning module MessagingRpc (336)
[2019.01.04-04.15.16:825][700]LogModuleManager: Shutting down and abandoning module ProfilerService (334)
[2019.01.04-04.15.17:015][700]LogModuleManager: Shutting down and abandoning module TaskGraph (332)
[2019.01.04-04.15.17:015][700]LogModuleManager: Shutting down and abandoning module SteamVRController (330)
[2019.01.04-04.15.17:015][700]LogModuleManager: Shutting down and abandoning module SteamController (328)
[2019.01.04-04.15.17:015][700]LogModuleManager: Shutting down and abandoning module ProceduralMeshComponent (326)
[2019.01.04-04.15.17:015][700]LogModuleManager: Shutting down and abandoning module OculusInput (324)
[2019.01.04-04.15.17:015][700]LogModuleManager: Shutting down and abandoning module MobilePatchingUtils (322)
[2019.01.04-04.15.17:015][700]LogModuleManager: Shutting down and abandoning module EditableMesh (320)
[2019.01.04-04.15.17:015][700]LogModuleManager: Shutting down and abandoning module CustomMeshComponent (318)
[2019.01.04-04.15.17:015][700]LogModuleManager: Shutting down and abandoning module CableComponent (316)
[2019.01.04-04.15.17:015][700]LogModuleManager: Shutting down and abandoning module AudioCapture (314)
[2019.01.04-04.15.17:015][700]LogModuleManager: Shutting down and abandoning module ArchVisCharacter (312)
[2019.01.04-04.15.17:015][700]LogModuleManager: Shutting down and abandoning module AndroidPermission (310)
[2019.01.04-04.15.17:015][700]LogModuleManager: Shutting down and abandoning module NUTUnrealEngine4 (306)
[2019.01.04-04.15.17:015][700]LogModuleManager: Shutting down and abandoning module NetcodeUnitTest (304)
[2019.01.04-04.15.17:016][700]LogModuleManager: Shutting down and abandoning module MediaCompositing (302)
[2019.01.04-04.15.17:016][700]LogModuleManager: Shutting down and abandoning module LinearTimecode (300)
[2019.01.04-04.15.17:016][700]LogModuleManager: Shutting down and abandoning module ImgMedia (298)
[2019.01.04-04.15.17:019][700]LogModuleManager: Shutting down and abandoning module HTML5Networking (296)
[2019.01.04-04.15.17:019][700]LogModuleManager: Shutting down and abandoning module GeometryCacheTracks (294)
[2019.01.04-04.15.17:019][700]LogModuleManager: Shutting down and abandoning module GeometryCacheSequencer (293)
[2019.01.04-04.15.17:019][700]LogModuleManager: Shutting down and abandoning module GeometryCache (290)
[2019.01.04-04.15.17:019][700]LogModuleManager: Shutting down and abandoning module GeometryCacheEd (289)
[2019.01.04-04.15.17:019][700]LogModuleManager: Shutting down and abandoning module BackChannel (286)
[2019.01.04-04.15.17:019][700]LogModuleManager: Shutting down and abandoning module AppleVision (284)
[2019.01.04-04.15.17:019][700]LogModuleManager: Shutting down and abandoning module AppleImageUtils (282)
[2019.01.04-04.15.17:019][700]LogModuleManager: Shutting down and abandoning module DatasmithContent (280)
[2019.01.04-04.15.17:020][700]LogModuleManager: Shutting down and abandoning module CryptoKeysOpenSSL (278)
[2019.01.04-04.15.17:020][700]LogModuleManager: Shutting down and abandoning module CryptoKeys (276)
[2019.01.04-04.15.17:020][700]LogModuleManager: Shutting down and abandoning module VisualStudioSourceCodeAccess (274)
[2019.01.04-04.15.17:020][700]LogModuleManager: Shutting down and abandoning module HotReload (273)
[2019.01.04-04.15.17:020][700]LogModuleManager: Shutting down and abandoning module DirectoryWatcher (272)
[2019.01.04-04.15.17:020][700]LogModuleManager: Shutting down and abandoning module VisualStudioCodeSourceCodeAccess (268)
[2019.01.04-04.15.17:020][700]LogModuleManager: Shutting down and abandoning module UObjectPlugin (266)
[2019.01.04-04.15.17:020][700]LogModuleManager: Shutting down and abandoning module SubversionSourceControl (264)
[2019.01.04-04.15.17:020][700]LogModuleManager: Shutting down and abandoning module PerforceSourceControl (262)
[2019.01.04-04.15.17:020][700]LogModuleManager: Shutting down and abandoning module SourceControl (261)
[2019.01.04-04.15.17:020][700]LogModuleManager: Shutting down and abandoning module CLionSourceCodeAccess (258)
[2019.01.04-04.15.17:020][700]LogModuleManager: Shutting down and abandoning module RuntimePhysXCooking (256)
[2019.01.04-04.15.17:020][700]LogModuleManager: Shutting down and abandoning module PhysXVehiclesEditor (254)
[2019.01.04-04.15.17:020][700]LogModuleManager: Shutting down and abandoning module PhysXVehicles (252)
[2019.01.04-04.15.17:020][700]LogModuleManager: Shutting down and abandoning module LocationServicesBPLibrary (250)
[2019.01.04-04.15.17:020][700]LogModuleManager: Shutting down and abandoning module ImmediatePhysicsEditor (248)
[2019.01.04-04.15.17:020][700]LogModuleManager: Shutting down and abandoning module ImmediatePhysics (246)
[2019.01.04-04.15.17:020][700]LogModuleManager: Shutting down and abandoning module ActorSequence (244)
[2019.01.04-04.15.17:020][700]LogModuleManager: Shutting down and abandoning module UdpMessaging (242)
[2019.01.04-04.15.17:121][700]LogModuleManager: Shutting down and abandoning module TcpMessaging (240)
[2019.01.04-04.15.17:221][700]LogModuleManager: Shutting down and abandoning module CreaturePackRuntimePlugin (238)
[2019.01.04-04.15.17:221][700]LogModuleManager: Shutting down and abandoning module MagicLeapAudio (236)
[2019.01.04-04.15.17:221][700]LogModuleManager: Shutting down and abandoning module GameplayTagsEditor (234)
[2019.01.04-04.15.17:221][700]LogModuleManager: Shutting down and abandoning module FacialAnimation (232)
[2019.01.04-04.15.17:221][700]LogModuleManager: Shutting down and abandoning module DataValidation (230)
[2019.01.04-04.15.17:221][700]LogModuleManager: Shutting down and abandoning module AssetManagerEditor (228)
[2019.01.04-04.15.17:221][700]LogModuleManager: Shutting down and abandoning module TreeMap (227)
[2019.01.04-04.15.17:221][700]LogModuleManager: Shutting down and abandoning module LightPropagationVolumeRuntime (224)
[2019.01.04-04.15.17:221][700]LogModuleManager: Shutting down and abandoning module AISupportModule (222)
[2019.01.04-04.15.17:221][700]LogModuleManager: Shutting down and abandoning module Paper2D (220)
[2019.01.04-04.15.17:221][700]LogModuleManager: Shutting down and abandoning module PIEPreviewDeviceProfileSelector (218)
[2019.01.04-04.15.17:221][700]LogModuleManager: Shutting down and abandoning module WindowsMoviePlayer (216)
[2019.01.04-04.15.17:221][700]LogModuleManager: Shutting down and abandoning module WmfMedia (214)
[2019.01.04-04.15.17:223][700]LogModuleManager: Shutting down and abandoning module Media (213)
[2019.01.04-04.15.17:229][700]LogModuleManager: Shutting down and abandoning module PacketHandler (210)
[2019.01.04-04.15.17:229][700]LogModuleManager: Shutting down and abandoning module ClothingSystemEditor (208)
[2019.01.04-04.15.17:229][700]LogModuleManager: Shutting down and abandoning module ClothingSystemRuntime (206)
[2019.01.04-04.15.17:229][700]LogModuleManager: Shutting down and abandoning module MediaAssets (204)
[2019.01.04-04.15.17:229][700]LogModuleManager: Shutting down and abandoning module Overlay (202)
[2019.01.04-04.15.17:229][700]LogModuleManager: Shutting down and abandoning module OverlayEditor (201)
[2019.01.04-04.15.17:229][700]LogModuleManager: Shutting down and abandoning module VREditor (198)
[2019.01.04-04.15.17:229][700]LogModuleManager: Shutting down and abandoning module StringTableEditor (196)
[2019.01.04-04.15.17:229][700]LogModuleManager: Shutting down and abandoning module GameplayTasksEditor (194)
[2019.01.04-04.15.17:229][700]LogModuleManager: Shutting down and abandoning module BehaviorTreeEditor (192)
[2019.01.04-04.15.17:230][700]LogModuleManager: Shutting down and abandoning module FunctionalTesting (190)
[2019.01.04-04.15.17:230][700]LogModuleManager: Shutting down and abandoning module CollisionAnalyzer (188)
[2019.01.04-04.15.17:230][700]LogModuleManager: Shutting down and abandoning module WorkspaceMenuStructure (187)
[2019.01.04-04.15.17:230][700]LogModuleManager: Shutting down and abandoning module UMG (184)
[2019.01.04-04.15.17:230][700]LogModuleManager: Shutting down and abandoning module UMGEditor (183)
[2019.01.04-04.15.17:230][700]LogModuleManager: Shutting down and abandoning module Sequencer (182)
[2019.01.04-04.15.17:230][700]LogModuleManager: Shutting down and abandoning module MessageLog (179)
[2019.01.04-04.15.17:230][700]LogModuleManager: Shutting down and abandoning module SlateReflector (174)
[2019.01.04-04.15.17:230][700]LogModuleManager: Shutting down and abandoning module Slate (172)
[2019.01.04-04.15.17:230][700]LogModuleManager: Shutting down and abandoning module EditorStyle (170)
[2019.01.04-04.15.17:232][700]LogModuleManager: Shutting down and abandoning module MRMesh (168)
[2019.01.04-04.15.17:232][700]LogModuleManager: Shutting down and abandoning module Messaging (166)
[2019.01.04-04.15.17:232][700]LogModuleManager: Shutting down and abandoning module SourceCodeAccess (164)
[2019.01.04-04.15.17:232][700]LogModuleManager: Shutting down and abandoning module HeadMountedDisplay (162)
[2019.01.04-04.15.17:232][700]LogModuleManager: Shutting down and abandoning module XAudio2 (160)
[2019.01.04-04.15.17:232][700]LogModuleManager: Shutting down and abandoning module Networking (158)
[2019.01.04-04.15.17:232][700]LogModuleManager: Shutting down and abandoning module Core (156)
[2019.01.04-04.15.17:232][700]LogModuleManager: Shutting down and abandoning module LevelSequence (154)
[2019.01.04-04.15.17:232][700]LogModuleManager: Shutting down and abandoning module KismetCompiler (152)
[2019.01.04-04.15.17:232][700]LogModuleManager: Shutting down and abandoning module MeshUtilities (150)
[2019.01.04-04.15.17:232][700]LogModuleManager: Shutting down and abandoning module MeshMergeUtilities (149)
[2019.01.04-04.15.17:232][700]LogModuleManager: Shutting down and abandoning module MeshReductionInterface (148)
[2019.01.04-04.15.17:232][700]LogModuleManager: Shutting down and abandoning module SimplygonSwarm (147)
[2019.01.04-04.15.17:232][700]LogModuleManager: Shutting down and abandoning module ProxyLODMeshReduction (145)
[2019.01.04-04.15.17:232][700]LogModuleManager: Shutting down and abandoning module SimplygonMeshReduction (143)
[2019.01.04-04.15.17:232][700]LogModuleManager: Shutting down and abandoning module QuadricMeshReduction (141)
[2019.01.04-04.15.17:232][700]LogModuleManager: Shutting down and abandoning module MaterialBaking (137)
[2019.01.04-04.15.17:232][700]LogModuleManager: Shutting down and abandoning module DerivedDataCache (132)
[2019.01.04-04.15.17:242][700]LogDerivedDataCache: Shutdown
[2019.01.04-04.15.17:242][700]LogModuleManager: Shutting down and abandoning module XGEController (130)
[2019.01.04-04.15.17:242][700]LogModuleManager: Shutting down and abandoning module TargetPlatform (128)
[2019.01.04-04.15.17:242][700]LogModuleManager: Shutting down and abandoning module VulkanShaderFormat (127)
[2019.01.04-04.15.17:242][700]LogModuleManager: Shutting down and abandoning module ShaderFormatVectorVM (125)
[2019.01.04-04.15.17:242][700]LogModuleManager: Shutting down and abandoning module ShaderFormatOpenGL (123)
[2019.01.04-04.15.17:242][700]LogModuleManager: Shutting down and abandoning module ShaderFormatD3D (121)
[2019.01.04-04.15.17:242][700]LogModuleManager: Shutting down and abandoning module MetalShaderFormat (119)
[2019.01.04-04.15.17:242][700]LogModuleManager: Shutting down and abandoning module TextureFormatUncompressed (117)
[2019.01.04-04.15.17:242][700]LogModuleManager: Shutting down and abandoning module TextureFormatPVR (115)
[2019.01.04-04.15.17:242][700]LogModuleManager: Shutting down and abandoning module TextureFormatDXT (113)
[2019.01.04-04.15.17:242][700]LogModuleManager: Shutting down and abandoning module TextureFormatIntelISPCTexComp (111)
[2019.01.04-04.15.17:242][700]LogModuleManager: Shutting down and abandoning module TextureFormatASTC (109)
[2019.01.04-04.15.17:242][700]LogModuleManager: Shutting down and abandoning module ImageWrapper (108)
[2019.01.04-04.15.17:242][700]LogModuleManager: Shutting down and abandoning module TextureFormatAndroid (105)
[2019.01.04-04.15.17:242][700]LogModuleManager: Shutting down and abandoning module AudioFormatOpus (103)
[2019.01.04-04.15.17:242][700]LogModuleManager: Shutting down and abandoning module AudioFormatOgg (101)
[2019.01.04-04.15.17:242][700]LogModuleManager: Shutting down and abandoning module AudioFormatADPCM (99)
[2019.01.04-04.15.17:242][700]LogModuleManager: Shutting down and abandoning module WindowsTargetPlatform (97)
[2019.01.04-04.15.17:242][700]LogModuleManager: Shutting down and abandoning module WindowsServerTargetPlatform (95)
[2019.01.04-04.15.17:242][700]LogModuleManager: Shutting down and abandoning module WindowsNoEditorTargetPlatform (93)
[2019.01.04-04.15.17:242][700]LogModuleManager: Shutting down and abandoning module WindowsClientTargetPlatform (91)
[2019.01.04-04.15.17:242][700]LogModuleManager: Shutting down and abandoning module InputCore (88)
[2019.01.04-04.15.17:242][700]LogModuleManager: Shutting down and abandoning module Settings (86)
[2019.01.04-04.15.17:243][700]LogModuleManager: Shutting down and abandoning module PhysXCooking (84)
[2019.01.04-04.15.17:243][700]LogModuleManager: Shutting down and abandoning module SteamVR (82)
[2019.01.04-04.15.17:243][700]LogModuleManager: Shutting down and abandoning module OculusHMD (80)
[2019.01.04-04.15.17:243][700]LogModuleManager: Shutting down and abandoning module ExampleDeviceProfileSelector (78)
[2019.01.04-04.15.17:243][700]LogModuleManager: Shutting down and abandoning module LauncherChunkInstaller (76)
[2019.01.04-04.15.17:243][700]LogModuleManager: Shutting down and abandoning module OnlineBlueprintSupport (74)
[2019.01.04-04.15.17:243][700]LogModuleManager: Shutting down and abandoning module OnlineSubsystem (70)
[2019.01.04-04.15.17:243][700]LogOnline: Display: STEAM: OnlineSubsystemSteam::Shutdown()
[2019.01.04-04.15.17:283][700]LogOnline: Display: STEAM: OnlineSubsystemSteam::Shutdown()
[2019.01.04-04.15.17:283][700]LogModuleManager: Shutting down and abandoning module XMPP (65)
[2019.01.04-04.15.17:283][700]LogModuleManager: Shutting down and abandoning module WebSockets (64)
[2019.01.04-04.15.17:286][700]LogModuleManager: Shutting down and abandoning module HTTP (61)
[2019.01.04-04.15.17:318][700]LogModuleManager: Shutting down and abandoning module SSL (60)
[2019.01.04-04.15.17:319][700]LogModuleManager: Shutting down and abandoning module MagicLeapEmulator (56)
[2019.01.04-04.15.17:319][700]LogModuleManager: Shutting down and abandoning module MagicLeapPrivileges (54)
[2019.01.04-04.15.17:320][700]LogModuleManager: Shutting down and abandoning module MagicLeapIdentity (52)
[2019.01.04-04.15.17:320][700]LogModuleManager: Shutting down and abandoning module MagicLeapHelperVulkan (50)
[2019.01.04-04.15.17:320][700]LogModuleManager: Shutting down and abandoning module MagicLeapHelperOpenGL (48)
[2019.01.04-04.15.17:320][700]LogModuleManager: Shutting down and abandoning module MagicLeapSecureStorage (46)
[2019.01.04-04.15.17:320][700]LogModuleManager: Shutting down and abandoning module MagicLeapGestures (44)
[2019.01.04-04.15.17:320][700]LogModuleManager: Shutting down and abandoning module MagicLeapEyeTracker (42)
[2019.01.04-04.15.17:320][700]LogModuleManager: Shutting down and abandoning module MagicLeapController (40)
[2019.01.04-04.15.17:320][700]LogSlate: Slate User Destroyed.  User Index 0, Is Virtual User: 0
[2019.01.04-04.15.17:320][700]LogModuleManager: Shutting down and abandoning module MagicLeap (38)
[2019.01.04-04.15.17:320][700]LogModuleManager: Shutting down and abandoning module AnimationModifiers (36)
[2019.01.04-04.15.17:320][700]LogModuleManager: Shutting down and abandoning module PropertyEditor (35)
[2019.01.04-04.15.17:320][700]LogModuleManager: Shutting down and abandoning module AudioEditor (32)
[2019.01.04-04.15.17:320][700]LogModuleManager: Shutting down and abandoning module TextureCompressor (30)
[2019.01.04-04.15.17:320][700]LogModuleManager: Shutting down and abandoning module ShaderCore (28)
[2019.01.04-04.15.17:320][700]LogModuleManager: Shutting down and abandoning module Landscape (26)
[2019.01.04-04.15.17:320][700]LogModuleManager: Shutting down and abandoning module SlateRHIRenderer (24)
[2019.01.04-04.15.17:320][700]LogModuleManager: Shutting down and abandoning module OpenGLDrv (22)
[2019.01.04-04.15.17:320][700]LogModuleManager: Shutting down and abandoning module D3D11RHI (20)
[2019.01.04-04.15.17:320][700]LogModuleManager: Shutting down and abandoning module AnimGraphRuntime (18)
[2019.01.04-04.15.17:320][700]LogModuleManager: Shutting down and abandoning module Renderer (16)
[2019.01.04-04.15.17:320][700]LogModuleManager: Shutting down and abandoning module Engine (14)
[2019.01.04-04.15.17:320][700]LogModuleManager: Shutting down and abandoning module CoreUObject (12)
[2019.01.04-04.15.17:320][700]LogModuleManager: Shutting down and abandoning module NetworkFile (10)
[2019.01.04-04.15.17:320][700]LogModuleManager: Shutting down and abandoning module CookedIterativeFile (8)
[2019.01.04-04.15.17:320][700]LogModuleManager: Shutting down and abandoning module StreamingFile (6)
[2019.01.04-04.15.17:320][700]LogModuleManager: Shutting down and abandoning module SandboxFile (4)
[2019.01.04-04.15.17:320][700]LogModuleManager: Shutting down and abandoning module PakFile (2)
[2019.01.04-04.15.17:328][700]LogExit: Exiting.
[2019.01.04-04.15.17:340][700]Log file closed, 01/03/19 23:15:17
