Log file open, 01/22/19 22:56:49
LogWindows: Failed to load 'aqProf.dll' (GetLastError=126)
LogWindows: File 'aqProf.dll' does not exist
LogWindows: Failed to load 'VtuneApi.dll' (GetLastError=126)
LogWindows: File 'VtuneApi.dll' does not exist
LogWindows: Failed to load 'VtuneApi32e.dll' (GetLastError=126)
LogWindows: File 'VtuneApi32e.dll' does not exist
LogInit: Display: Running engine for game: TrenchTowers
LogPlatformFile: Not using cached read wrapper
LogTaskGraph: Started task graph with 5 named threads and 17 total threads with 3 sets of task threads.
LogStats: Stats thread started at 0.305545
LogD3D11RHI: Loaded GFSDK_Aftermath_Lib.x64.dll
LogICUInternationalization: Display: ICU TimeZone Detection - Raw Offset: -5:00, Platform Override: ''
LogPluginManager: Mounting plugin Paper2D
LogPluginManager: Mounting plugin AISupport
LogPluginManager: Mounting plugin LightPropagationVolume
LogPluginManager: Mounting plugin CLionSourceCodeAccess
LogPluginManager: Mounting plugin CodeLiteSourceCodeAccess
LogPluginManager: Mounting plugin GitSourceControl
LogPluginManager: Mounting plugin KDevelopSourceCodeAccess
LogPluginManager: Mounting plugin NullSourceCodeAccess
LogPluginManager: Mounting plugin PerforceSourceControl
LogPluginManager: Mounting plugin SubversionSourceControl
LogPluginManager: Mounting plugin UObjectPlugin
LogPluginManager: Mounting plugin VisualStudioCodeSourceCodeAccess
LogPluginManager: Mounting plugin VisualStudioSourceCodeAccess
LogPluginManager: Mounting plugin XCodeSourceCodeAccess
LogPluginManager: Mounting plugin AssetManagerEditor
LogPluginManager: Mounting plugin CryptoKeys
LogPluginManager: Mounting plugin DataValidation
LogPluginManager: Mounting plugin FacialAnimation
LogPluginManager: Mounting plugin GameplayTagsEditor
LogPluginManager: Mounting plugin MacGraphicsSwitching
LogPluginManager: Mounting plugin MeshEditor
LogPluginManager: Mounting plugin MobileLauncherProfileWizard
LogPluginManager: Mounting plugin PluginBrowser
LogPluginManager: Mounting plugin SpeedTreeImporter
LogPluginManager: Mounting plugin DatasmithContent
LogPluginManager: Mounting plugin AlembicImporter
LogPluginManager: Mounting plugin AppleImageUtils
LogPluginManager: Mounting plugin AppleVision
LogPluginManager: Mounting plugin BackChannel
LogPluginManager: Mounting plugin CharacterAI
LogPluginManager: Mounting plugin GeometryCache
LogPluginManager: Mounting plugin HTML5Networking
LogPluginManager: Mounting plugin ProxyLODPlugin
LogPluginManager: Mounting plugin MagicLeap
LogPluginManager: Mounting plugin MagicLeapEmulator
LogPluginManager: Mounting plugin MagicLeapMedia
LogPluginManager: Mounting plugin AndroidMedia
LogPluginManager: Mounting plugin AvfMedia
LogPluginManager: Mounting plugin ImgMedia
LogPluginManager: Mounting plugin LinearTimecode
LogPluginManager: Mounting plugin MediaCompositing
LogPluginManager: Mounting plugin MediaPlayerEditor
LogPluginManager: Mounting plugin WmfMedia
LogPluginManager: Mounting plugin TcpMessaging
LogPluginManager: Mounting plugin UdpMessaging
LogPluginManager: Mounting plugin ActorSequence
LogPluginManager: Mounting plugin LevelSequenceEditor
LogPluginManager: Mounting plugin MatineeToLevelSequence
LogPluginManager: Mounting plugin NetcodeUnitTest
LogPluginManager: Mounting plugin NUTUnrealEngine4
LogPluginManager: Mounting plugin OnlineSubsystemGooglePlay
LogPluginManager: Mounting plugin OnlineSubsystemIOS
LogPluginManager: Mounting plugin OnlineSubsystem
LogPluginManager: Mounting plugin OnlineSubsystemNull
LogPluginManager: Mounting plugin OnlineSubsystemSteam
LogPluginManager: Mounting plugin OnlineSubsystemUtils
LogPluginManager: Mounting plugin LauncherChunkInstaller
LogPluginManager: Mounting plugin AndroidDeviceProfileSelector
LogPluginManager: Mounting plugin AndroidMoviePlayer
LogPluginManager: Mounting plugin AndroidPermission
LogPluginManager: Mounting plugin AppleMoviePlayer
LogPluginManager: Mounting plugin ArchVisCharacter
LogPluginManager: Mounting plugin AudioCapture
LogPluginManager: Mounting plugin CableComponent
LogPluginManager: Mounting plugin CustomMeshComponent
LogPluginManager: Mounting plugin EditableMesh
LogPluginManager: Mounting plugin ExampleDeviceProfileSelector
LogPluginManager: Mounting plugin GoogleCloudMessaging
LogPluginManager: Mounting plugin ImmediatePhysics
LogPluginManager: Mounting plugin IOSDeviceProfileSelector
LogPluginManager: Mounting plugin LinuxDeviceProfileSelector
LogPluginManager: Mounting plugin LocationServicesBPLibrary
LogPluginManager: Mounting plugin MobilePatchingUtils
LogPluginManager: Mounting plugin OculusVR
LogPluginManager: Plugin shader directory ../../../Engine/Plugins/Runtime/Oculus/OculusVR/Shaders found
LogPluginManager: Mapping shader source directory ../../../Engine/Plugins/Runtime/Oculus/OculusVR/Shaders to virtual directory /Plugin/OculusVR
LogPluginManager: Mounting plugin PhysXVehicles
LogPluginManager: Mounting plugin ProceduralMeshComponent
LogPluginManager: Mounting plugin RuntimePhysXCooking
LogPluginManager: Mounting plugin SteamController
LogPluginManager: Mounting plugin SteamVR
LogPluginManager: Mounting plugin WindowsMoviePlayer
LogStreaming: Display: Took  0.107s to configure plugins.
LogInit: Using libcurl 7.55.1-DEV
LogInit:  - built for x86_64-pc-win32
LogInit:  - supports SSL with OpenSSL/1.0.2h
LogInit:  - supports HTTP deflate (compression) using libz 1.2.8
LogInit:  - other features:
LogInit:      CURL_VERSION_SSL
LogInit:      CURL_VERSION_LIBZ
LogInit:      CURL_VERSION_IPV6
LogInit:      CURL_VERSION_ASYNCHDNS
LogInit:      CURL_VERSION_LARGEFILE
LogInit:      CURL_VERSION_IDN
LogInit:  CurlRequestOptions (configurable via config and command line):
LogInit:  - bVerifyPeer = false  - Libcurl will NOT verify peer certificate
LogInit:  - bUseHttpProxy = false  - Libcurl will NOT use HTTP proxy
LogInit:  - bDontReuseConnections = false  - Libcurl will reuse connections
LogInit:  - CertBundlePath = nullptr  - Libcurl will use whatever was configured at build time.
LogInit:  - MaxHostConnections = 16  - Libcurl will limit the number of connections to a host
LogInit:  - LocalHostAddr = Default
LogInit:  - BufferSize = 65536
LogOnline: Display: STEAM: Loading Steam SDK 1.39
LogOnline: Warning: STEAM: Steam API disabled!
LogOnline: Display: STEAM: OnlineSubsystemSteam::Shutdown()
LogOnline: OSS: Unable to create OnlineSubsystem module Steam
LogOnline: Verbose: OSS: Created thread (ID:4564).
LogInit: WinSock: version 1.1 (2.2), MaxSocks=32767, MaxUdp=65467
LogInit: Build: ++UE4+Release-4.20-CL-4369336
LogInit: Engine Version: 4.20.3-4369336+++UE4+Release-4.20
LogInit: Compatible Engine Version: 4.20.0-4212847+++UE4+Release-4.20
LogInit: Net CL: 4212847
LogInit: OS: Windows 10 (), CPU: Intel(R) Core(TM) i7-6700HQ CPU @ 2.60GHz, GPU: Intel(R) HD Graphics 530
LogInit: Compiled (64-bit): Sep 17 2018 12:26:19
LogInit: Compiled with Visual C++: 19.13.26129.00
LogInit: Build Configuration: Development
LogInit: Branch Name: ++UE4+Release-4.20
LogInit: Command Line:  /Game/2DSideScrollerBP/Maps/MainMenu -game -PIEVIACONSOLE -ResX=640 -ResY=480  -Multiprocess -messaging -SessionName="Play in Standalone Game" -port=7777 -windowed GameUserSettingsINI="D:/Program Files (x86)/TrenchTowers 4.20/Saved/Config/Windows/PIEGameUserSettings0.ini" -MultiprocessSaveConfig  -MultiprocessOSS -server -log 
LogInit: Base Directory: D:/Program Files/Epic Games/UE_4.20/Engine/Binaries/Win64/
LogInit: Installed Engine Build: 1
LogDevObjectVersion: Number of dev versions registered: 20
LogDevObjectVersion:   Dev-Blueprints (B0D832E4-1F89-4F0D-ACCF-7EB736FD4AA2): 10
LogDevObjectVersion:   Dev-Build (E1C64328-A22C-4D53-A36C-8E866417BD8C): 0
LogDevObjectVersion:   Dev-Core (375EC13C-06E4-48FB-B500-84F0262A717E): 2
LogDevObjectVersion:   Dev-Editor (E4B068ED-F494-42E9-A231-DA0B2E46BB41): 24
LogDevObjectVersion:   Dev-Framework (CFFC743F-43B0-4480-9391-14DF171D2073): 34
LogDevObjectVersion:   Dev-Mobile (B02B49B5-BB20-44E9-A304-32B752E40360): 2
LogDevObjectVersion:   Dev-Networking (A4E4105C-59A1-49B5-A7C5-40C4547EDFEE): 0
LogDevObjectVersion:   Dev-Online (39C831C9-5AE6-47DC-9A44-9C173E1C8E7C): 0
LogDevObjectVersion:   Dev-Physics (78F01B33-EBEA-4F98-B9B4-84EACCB95AA2): 0
LogDevObjectVersion:   Dev-Platform (6631380F-2D4D-43E0-8009-CF276956A95A): 0
LogDevObjectVersion:   Dev-Rendering (12F88B9F-8875-4AFC-A67C-D90C383ABD29): 26
LogDevObjectVersion:   Dev-Sequencer (7B5AE74C-D270-4C10-A958-57980B212A5A): 9
LogDevObjectVersion:   Dev-VR (D7296918-1DD6-4BDD-9DE2-64A83CC13884): 2
LogDevObjectVersion:   Dev-LoadTimes (C2A15278-BFE7-4AFE-6C17-90FF531DF755): 1
LogDevObjectVersion:   Private-Geometry (6EACA3D4-40EC-4CC1-B786-8BED09428FC5): 3
LogDevObjectVersion:   Dev-AnimPhys (29E575DD-E0A3-4627-9D10-D276232CDCEA): 17
LogDevObjectVersion:   Dev-ReflectionCapture (6B266CEC-1EC7-4B8F-A30B-E4D90942FC07): 1
LogDevObjectVersion:   Dev-Automation (0DF73D61-A23F-47EA-B727-89E90C41499A): 1
LogDevObjectVersion:   FortniteMain (601D1886-AC64-4F84-AA16-D3DE0DEAC7D6): 12
LogDevObjectVersion:   Dev-Enterprise (9DFFBCD6-494F-0158-E221-12823C92A888): 1
LogStreaming: Display: Took  0.008s to delete old logs.
LogInit: Presizing for max 8388607 objects, including 0 objects not considered by GC, pre-allocating 0 bytes for permanent pool.
LogInit: Object subsystem initialized
[2019.01.23-03.56.50:639][  0]LogInit: Selected Device Profile: [Windows]
[2019.01.23-03.56.50:639][  0]LogInit: Applying CVar settings loaded from the selected device profile: [Windows]
[2019.01.23-03.56.50:667][  0]LogHAL: Display: Platform has ~ 16 GB [17044942848 / 17179869184 / 16], which maps to Larger [LargestMinGB=32, LargerMinGB=12, DefaultMinGB=8, SmallerMinGB=6, SmallestMinGB=0)
[2019.01.23-03.56.50:667][  0]LogInit: Setting Device Profile CVar: [[r.Vulkan.UseRealUBs:1]]
[2019.01.23-03.56.50:669][  0]LogInit: Going up to parent DeviceProfile []
[2019.01.23-03.56.50:670][  0]LogInit: Computer: DESKTOP-RI1ETNT
[2019.01.23-03.56.50:670][  0]LogInit: User: Fires
[2019.01.23-03.56.50:671][  0]LogInit: CPU Page size=4096, Cores=4
[2019.01.23-03.56.50:672][  0]LogInit: High frequency timer resolution =10.000000 MHz
[2019.01.23-03.56.50:673][  0]LogMemory: Memory total: Physical=15.9GB (16GB approx)
[2019.01.23-03.56.50:673][  0]LogMemory: Platform Memory Stats for Windows
[2019.01.23-03.56.50:674][  0]LogMemory: Process Physical Memory: 107.12 MB used, 107.13 MB peak
[2019.01.23-03.56.50:674][  0]LogMemory: Process Virtual Memory: 95.25 MB used, 95.25 MB peak
[2019.01.23-03.56.50:675][  0]LogMemory: Physical Memory: 7399.84 MB used,  8855.48 MB free, 16255.32 MB total
[2019.01.23-03.56.50:675][  0]LogMemory: Virtual Memory: 4639.58 MB used,  8855.48 MB free, 134217728.00 MB total
[2019.01.23-03.56.51:147][  0]LogInit: Using OS detected language (en-US).
[2019.01.23-03.56.51:148][  0]LogInit: Using OS detected locale (en-CA).
[2019.01.23-03.56.51:152][  0]LogTextLocalizationManager: No specific localization for 'en-US' exists, so the 'en' localization will be used.
[2019.01.23-03.56.51:631][  0]LogStreaming: Display: Took  0.484s to InitEngineTextLocalization.
[2019.01.23-03.56.51:647][  0]LogShaderCompilers: Guid format shader working directory is -10 characters bigger than the processId version (../../../../../../Program Files (x86)/TrenchTowers 4.20/Intermediate/Shaders/WorkingDirectory/14620/).
[2019.01.23-03.56.51:648][  0]LogShaderCompilers: Cleaned the shader compiler working directory 'C:/Users/Fires/AppData/Local/Temp/UnrealShaderWorkingDir/530D0AD54D6C156D1106C3A98B4F24B9/'.
[2019.01.23-03.56.52:142][  0]LogTemp: Display: Loaded TP WindowsClientTargetPlatform
[2019.01.23-03.56.52:170][  0]LogTemp: Display: Loaded TP WindowsNoEditorTargetPlatform
[2019.01.23-03.56.52:203][  0]LogTemp: Display: Loaded TP WindowsServerTargetPlatform
[2019.01.23-03.56.52:236][  0]LogTemp: Display: Loaded TP WindowsTargetPlatform
[2019.01.23-03.56.52:236][  0]LogTargetPlatformManager: Display: Building Assets For Windows
[2019.01.23-03.56.52:438][  0]LogXGEController: Cannot use XGE Controller as Incredibuild is not installed on this machine.
[2019.01.23-03.56.52:439][  0]LogShaderCompilers: Cannot use XGE Shader Compiler as Incredibuild is not installed on this machine.
[2019.01.23-03.56.52:442][  0]LogShaderCompilers: Display: Using Local Shader Compiler.
[2019.01.23-03.56.53:255][  0]LogDerivedDataCache: Display: Max Cache Size: 512 MB
[2019.01.23-03.56.53:329][  0]LogDerivedDataCache: Loaded boot cache 0.07s 85MB C:/Users/Fires/AppData/Local/UnrealEngine/4.20/DerivedDataCache/Boot.ddc.
[2019.01.23-03.56.53:330][  0]LogDerivedDataCache: Display: Loaded Boot cache: C:/Users/Fires/AppData/Local/UnrealEngine/4.20/DerivedDataCache/Boot.ddc
[2019.01.23-03.56.53:334][  0]LogDerivedDataCache: FDerivedDataBackendGraph:  Pak pak cache file ../../../../../../Program Files (x86)/TrenchTowers 4.20/DerivedDataCache/DDC.ddp not found, will not use a pak cache.
[2019.01.23-03.56.53:337][  0]LogDerivedDataCache: Unable to find inner node Pak for hierarchical cache Hierarchy.
[2019.01.23-03.56.53:339][  0]LogDerivedDataCache: FDerivedDataBackendGraph:  CompressedPak pak cache file ../../../../../../Program Files (x86)/TrenchTowers 4.20/DerivedDataCache/Compressed.ddp not found, will not use a pak cache.
[2019.01.23-03.56.53:343][  0]LogDerivedDataCache: Unable to find inner node CompressedPak for hierarchical cache Hierarchy.
[2019.01.23-03.56.53:363][  0]LogDerivedDataCache: Display: Pak cache opened for reading ../../../Engine/DerivedDataCache/Compressed.ddp.
[2019.01.23-03.56.53:378][  0]LogDerivedDataCache: Using Local data cache path C:/Users/Fires/AppData/Local/UnrealEngine/Common/DerivedDataCache: Writable
[2019.01.23-03.56.53:378][  0]LogDerivedDataCache: Shared data cache path not found in *engine.ini, will not use an Shared cache.
[2019.01.23-03.56.53:379][  0]LogDerivedDataCache: Unable to find inner node Shared for hierarchical cache Hierarchy.
[2019.01.23-03.56.53:380][  0]LogInit: Using OS detected language (en-US).
[2019.01.23-03.56.53:380][  0]LogInit: Using OS detected locale (en-CA).
[2019.01.23-03.56.53:381][  0]LogTextLocalizationManager: No localization for 'en-US' exists, so 'en' will be used for the language.
[2019.01.23-03.56.53:382][  0]LogTextLocalizationManager: No localization for 'en-CA' exists, so 'en' will be used for the locale.
[2019.01.23-03.56.53:756][  0]LogStreaming: Display: Took  0.376s to InitGameTextLocalization.
[2019.01.23-03.56.53:772][  0]LogAssetRegistry: FAssetRegistry took 0.0069 seconds to start up
[2019.01.23-03.56.54:055][  0]LogPackageLocalizationCache: Processed 11 localized package path(s) for 1 prioritized culture(s) in 0.022309 seconds
[2019.01.23-03.56.55:851][  0]LogInit: Selected Device Profile: [Windows]
[2019.01.23-03.56.55:949][  0]LogSimplygon: Simplygon DLL not present - disabling.
[2019.01.23-03.56.55:961][  0]LogMeshReduction: Using SimplygonSwarm for distributed automatic mesh merging
[2019.01.23-03.56.55:962][  0]LogMeshReduction: Using ProxyLODMeshReduction for automatic mesh merging
[2019.01.23-03.56.55:962][  0]LogMeshReduction: Using QuadricMeshReduction for automatic static mesh reduction
[2019.01.23-03.56.55:964][  0]LogMeshReduction: No automatic skeletal mesh reduction module available
[2019.01.23-03.56.55:975][  0]LogNetVersion: TrenchTowers 1.0.0, NetCL: 4212847, EngineNetVer: 5, GameNetVer: 0 (Checksum: 1537713906)
[2019.01.23-03.56.55:996][  0]ImportText (NetDriverDefinitions): Missing opening parenthesis: 
[2019.01.23-03.56.56:472][  0]LogTcpMessaging: Initializing TcpMessaging bridge
[2019.01.23-03.56.56:487][  0]LogUdpMessaging: Initializing bridge on interface 0.0.0.0:0 to multicast group 230.0.0.1:6666.
[2019.01.23-03.56.56:595][  0]SourceControl: Source control is disabled
[2019.01.23-03.56.56:597][  0]SourceControl: Source control is disabled
[2019.01.23-03.56.56:601][  0]SourceControl: Source control is disabled
[2019.01.23-03.56.56:805][  0]LogAndroidPermission: UAndroidPermissionCallbackProxy::GetInstance
[2019.01.23-03.56.56:957][  0]LogOcInput: OculusInput pre-init called
[2019.01.23-03.56.56:975][  0]LogUObjectArray: 41861 objects as part of root set at end of initial load.
[2019.01.23-03.56.56:975][  0]LogUObjectAllocator: 7348488 out of 0 bytes used by permanent object pool.
[2019.01.23-03.56.56:976][  0]LogUObjectArray: CloseDisregardForGC: 0/0 objects in disregard for GC pool
[2019.01.23-03.56.57:041][  0]LogEngine: Initializing Engine...
[2019.01.23-03.56.57:043][  0]ImportText (NetDriverDefinitions): Missing opening parenthesis: 
[2019.01.23-03.56.57:047][  0]LogStats: UGameplayTagsManager::ConstructGameplayTagTree: Construct from data asset -  0.000 s
[2019.01.23-03.56.57:047][  0]LogStats: UGameplayTagsManager::ConstructGameplayTagTree: GameplayTagTreeChangedEvent.Broadcast -  0.000 s
[2019.01.23-03.56.57:089][  0]LogInit: Initializing FReadOnlyCVARCache
[2019.01.23-03.56.57:089][  0]LogNetVersion: Set ProjectVersion to 1.0.0.0. Version Checksum will be recalculated on next use.
[2019.01.23-03.56.57:098][  0]LogInit: Texture streaming: Disabled
[2019.01.23-03.56.57:312][  0]LogInit: Display: Game Engine Initialized.
[2019.01.23-03.56.57:312][  0]LogGameplayTags: Display: UGameplayTagsManager::DoneAddingNativeTags. DelegateIsBound: 0
[2019.01.23-03.56.57:314][  0]LogStats: UGameplayTagsManager::ConstructGameplayTagTree: Construct from data asset -  0.000 s
[2019.01.23-03.56.57:314][  0]LogStats: UGameplayTagsManager::ConstructGameplayTagTree: GameplayTagTreeChangedEvent.Broadcast -  0.000 s
[2019.01.23-03.56.57:353][  0]LogInit: Display: Starting Game.
[2019.01.23-03.56.57:354][  0]LogNet: Browse: /Game/2DSideScrollerBP/Maps/MainMenu?Name=Player
[2019.01.23-03.56.57:355][  0]LogLoad: LoadMap: /Game/2DSideScrollerBP/Maps/MainMenu?Name=Player
[2019.01.23-03.56.57:435][  0]LogAIModule: Creating AISystem for world MainMenu
[2019.01.23-03.56.57:436][  0]LogLoad: Game class is '2DSideScrollerGameMode_C'
[2019.01.23-03.56.57:437][  0]LogNet: CreateNamedNetDriver failed to create driver from definition GameNetDriver
[2019.01.23-03.56.57:438][  0]LogNet: CreateNamedNetDriver failed to create driver GameNetDriver from definition GameNetDriver
[2019.01.23-03.56.57:438][  0]LogNet: NetworkFailure: NetDriverCreateFailure, Error: ''
[2019.01.23-03.56.57:439][  0]LogNet: Error: LoadMap: failed to Listen(/Game/2DSideScrollerBP/Maps/MainMenu?Name=Player)
[2019.01.23-03.56.57:441][  0]LogWorld: Bringing World /Game/2DSideScrollerBP/Maps/MainMenu.MainMenu up for play (max tick rate 0) at 2019.01.22-22.56.57
[2019.01.23-03.56.57:442][  0]LogWorld: Bringing up level for play took: 0.000912
[2019.01.23-03.56.57:443][  0]LogScript: Warning: Accessed None trying to read property MainMenuWidget
	TrenchGameInstance_C /Engine/Transient.GameEngine_0:TrenchGameInstance_C_0
	Function /Game/2DSideScrollerBP/Blueprints/Gameplay/TrenchGameInstance.TrenchGameInstance_C:ExecuteUbergraph_TrenchGameInstance:0124
[2019.01.23-03.56.57:444][  0]LogScript: Warning: Script call stack:
	Function /Game/2DSideScrollerBP/Maps/MainMenu.MainMenu_C:ReceiveBeginPlay
	Function /Game/2DSideScrollerBP/Maps/MainMenu.MainMenu_C:ExecuteUbergraph_MainMenu
	Function /Game/2DSideScrollerBP/Blueprints/Gameplay/TrenchGameInstance.TrenchGameInstance_C:ShowMainMenu
	Function /Game/2DSideScrollerBP/Blueprints/Gameplay/TrenchGameInstance.TrenchGameInstance_C:ExecuteUbergraph_TrenchGameInstance

[2019.01.23-03.56.57:445][  0]LogScript: Warning: Accessed None trying to read property CallFunc_GetPlayerController_ReturnValue1
	TrenchGameInstance_C /Engine/Transient.GameEngine_0:TrenchGameInstance_C_0
	Function /Game/2DSideScrollerBP/Blueprints/Gameplay/TrenchGameInstance.TrenchGameInstance_C:ExecuteUbergraph_TrenchGameInstance:017A
[2019.01.23-03.56.57:450][  0]LogScript: Warning: Script call stack:
	Function /Game/2DSideScrollerBP/Maps/MainMenu.MainMenu_C:ReceiveBeginPlay
	Function /Game/2DSideScrollerBP/Maps/MainMenu.MainMenu_C:ExecuteUbergraph_MainMenu
	Function /Game/2DSideScrollerBP/Blueprints/Gameplay/TrenchGameInstance.TrenchGameInstance_C:ShowMainMenu
	Function /Game/2DSideScrollerBP/Blueprints/Gameplay/TrenchGameInstance.TrenchGameInstance_C:ExecuteUbergraph_TrenchGameInstance

[2019.01.23-03.56.57:453][  0]LogLoad: Took 0.098397 seconds to LoadMap(/Game/2DSideScrollerBP/Maps/MainMenu)
[2019.01.23-03.56.57:503][  0]LogLoad: (Engine Initialization) Total time: 14.20 seconds
[2019.01.23-03.56.57:504][  0]LogLoad: (Engine Initialization) Total Blueprint compile time: 0.00 seconds
