Log file open, 02/14/19 20:46:57
LogWindows: Failed to load 'aqProf.dll' (GetLastError=126)
LogWindows: File 'aqProf.dll' does not exist
LogWindows: Failed to load 'VtuneApi.dll' (GetLastError=126)
LogWindows: File 'VtuneApi.dll' does not exist
LogWindows: Failed to load 'VtuneApi32e.dll' (GetLastError=126)
LogWindows: File 'VtuneApi32e.dll' does not exist
LogInit: Display: Running engine for game: TrenchTowers
LogPlatformFile: Not using cached read wrapper
LogTaskGraph: Started task graph with 5 named threads and 23 total threads with 3 sets of task threads.
LogStats: Stats thread started at 1.009812
LogD3D11RHI: Loaded GFSDK_Aftermath_Lib.x64.dll
LogICUInternationalization: Display: ICU TimeZone Detection - Raw Offset: -5:00, Platform Override: ''
LogPluginManager: Mounting plugin Paper2D
LogPluginManager: Mounting plugin AISupport
LogPluginManager: Mounting plugin LightPropagationVolume
LogPluginManager: Mounting plugin CLionSourceCodeAccess
LogPluginManager: Mounting plugin CodeLiteSourceCodeAccess
LogPluginManager: Mounting plugin GitSourceControl
LogPluginManager: Mounting plugin KDevelopSourceCodeAccess
LogPluginManager: Mounting plugin NullSourceCodeAccess
LogPluginManager: Mounting plugin PerforceSourceControl
LogPluginManager: Mounting plugin SubversionSourceControl
LogPluginManager: Mounting plugin UObjectPlugin
LogPluginManager: Mounting plugin VisualStudioCodeSourceCodeAccess
LogPluginManager: Mounting plugin VisualStudioSourceCodeAccess
LogPluginManager: Mounting plugin XCodeSourceCodeAccess
LogPluginManager: Mounting plugin AssetManagerEditor
LogPluginManager: Mounting plugin CryptoKeys
LogPluginManager: Mounting plugin DataValidation
LogPluginManager: Mounting plugin FacialAnimation
LogPluginManager: Mounting plugin GameplayTagsEditor
LogPluginManager: Mounting plugin MacGraphicsSwitching
LogPluginManager: Mounting plugin MeshEditor
LogPluginManager: Mounting plugin MobileLauncherProfileWizard
LogPluginManager: Mounting plugin PluginBrowser
LogPluginManager: Mounting plugin SpeedTreeImporter
LogPluginManager: Mounting plugin DatasmithContent
LogPluginManager: Mounting plugin AlembicImporter
LogPluginManager: Mounting plugin AppleImageUtils
LogPluginManager: Mounting plugin AppleVision
LogPluginManager: Mounting plugin BackChannel
LogPluginManager: Mounting plugin CharacterAI
LogPluginManager: Mounting plugin GeometryCache
LogPluginManager: Mounting plugin HTML5Networking
LogPluginManager: Mounting plugin ProxyLODPlugin
LogPluginManager: Mounting plugin MagicLeap
LogPluginManager: Mounting plugin MagicLeapEmulator
LogPluginManager: Mounting plugin MagicLeapMedia
LogPluginManager: Mounting plugin AndroidMedia
LogPluginManager: Mounting plugin AvfMedia
LogPluginManager: Mounting plugin ImgMedia
LogPluginManager: Mounting plugin LinearTimecode
LogPluginManager: Mounting plugin MediaCompositing
LogPluginManager: Mounting plugin MediaPlayerEditor
LogPluginManager: Mounting plugin WmfMedia
LogPluginManager: Mounting plugin TcpMessaging
LogPluginManager: Mounting plugin UdpMessaging
LogPluginManager: Mounting plugin ActorSequence
LogPluginManager: Mounting plugin LevelSequenceEditor
LogPluginManager: Mounting plugin MatineeToLevelSequence
LogPluginManager: Mounting plugin NetcodeUnitTest
LogPluginManager: Mounting plugin NUTUnrealEngine4
LogPluginManager: Mounting plugin OnlineFramework
LogPluginManager: Mounting plugin OnlineSubsystem
LogPluginManager: Mounting plugin OnlineSubsystemNull
LogPluginManager: Mounting plugin OnlineSubsystemSteam
LogPluginManager: Mounting plugin OnlineSubsystemUtils
LogPluginManager: Mounting plugin LauncherChunkInstaller
LogPluginManager: Mounting plugin AndroidDeviceProfileSelector
LogPluginManager: Mounting plugin AndroidMoviePlayer
LogPluginManager: Mounting plugin AndroidPermission
LogPluginManager: Mounting plugin AppleMoviePlayer
LogPluginManager: Mounting plugin ArchVisCharacter
LogPluginManager: Mounting plugin AudioCapture
LogPluginManager: Mounting plugin CableComponent
LogPluginManager: Mounting plugin CustomMeshComponent
LogPluginManager: Mounting plugin EditableMesh
LogPluginManager: Mounting plugin ExampleDeviceProfileSelector
LogPluginManager: Mounting plugin GoogleCloudMessaging
LogPluginManager: Mounting plugin ImmediatePhysics
LogPluginManager: Mounting plugin IOSDeviceProfileSelector
LogPluginManager: Mounting plugin LinuxDeviceProfileSelector
LogPluginManager: Mounting plugin LocationServicesBPLibrary
LogPluginManager: Mounting plugin MobilePatchingUtils
LogPluginManager: Mounting plugin OculusVR
LogPluginManager: Plugin shader directory ../../../Engine/Plugins/Runtime/Oculus/OculusVR/Shaders found
LogPluginManager: Mapping shader source directory ../../../Engine/Plugins/Runtime/Oculus/OculusVR/Shaders to virtual directory /Plugin/OculusVR
LogPluginManager: Mounting plugin PhysXVehicles
LogPluginManager: Mounting plugin ProceduralMeshComponent
LogPluginManager: Mounting plugin RuntimePhysXCooking
LogPluginManager: Mounting plugin SteamController
LogPluginManager: Mounting plugin SteamVR
LogPluginManager: Mounting plugin WindowsMoviePlayer
LogStreaming: Display: Took  0.565s to configure plugins.
LogInit: Using libcurl 7.55.1-DEV
LogInit:  - built for x86_64-pc-win32
LogInit:  - supports SSL with OpenSSL/1.0.2h
LogInit:  - supports HTTP deflate (compression) using libz 1.2.8
LogInit:  - other features:
LogInit:      CURL_VERSION_SSL
LogInit:      CURL_VERSION_LIBZ
LogInit:      CURL_VERSION_IPV6
LogInit:      CURL_VERSION_ASYNCHDNS
LogInit:      CURL_VERSION_LARGEFILE
LogInit:      CURL_VERSION_IDN
LogInit:  CurlRequestOptions (configurable via config and command line):
LogInit:  - bVerifyPeer = false  - Libcurl will NOT verify peer certificate
LogInit:  - bUseHttpProxy = false  - Libcurl will NOT use HTTP proxy
LogInit:  - bDontReuseConnections = false  - Libcurl will reuse connections
LogInit:  - CertBundlePath = nullptr  - Libcurl will use whatever was configured at build time.
LogInit:  - MaxHostConnections = 16  - Libcurl will limit the number of connections to a host
LogInit:  - LocalHostAddr = Default
LogInit:  - BufferSize = 65536
LogInit: WinSock: version 1.1 (2.2), MaxSocks=32767, MaxUdp=65467
LogInit: Build: ++UE4+Release-4.20-CL-4369336
LogInit: Engine Version: 4.20.3-4369336+++UE4+Release-4.20
LogInit: Compatible Engine Version: 4.20.0-4212847+++UE4+Release-4.20
LogInit: Net CL: 4212847
LogInit: OS: Windows 10 (), CPU: Intel(R) Core(TM) i7-6700HQ CPU @ 2.60GHz, GPU: Intel(R) HD Graphics 530
LogInit: Compiled (64-bit): Sep 17 2018 12:26:19
LogInit: Compiled with Visual C++: 19.13.26129.00
LogInit: Build Configuration: Development
LogInit: Branch Name: ++UE4+Release-4.20
LogInit: Command Line:  
LogInit: Base Directory: D:/Program Files/Epic Games/UE_4.20/Engine/Binaries/Win64/
LogInit: Installed Engine Build: 1
LogDevObjectVersion: Number of dev versions registered: 20
LogDevObjectVersion:   Dev-Blueprints (B0D832E4-1F89-4F0D-ACCF-7EB736FD4AA2): 10
LogDevObjectVersion:   Dev-Build (E1C64328-A22C-4D53-A36C-8E866417BD8C): 0
LogDevObjectVersion:   Dev-Core (375EC13C-06E4-48FB-B500-84F0262A717E): 2
LogDevObjectVersion:   Dev-Editor (E4B068ED-F494-42E9-A231-DA0B2E46BB41): 24
LogDevObjectVersion:   Dev-Framework (CFFC743F-43B0-4480-9391-14DF171D2073): 34
LogDevObjectVersion:   Dev-Mobile (B02B49B5-BB20-44E9-A304-32B752E40360): 2
LogDevObjectVersion:   Dev-Networking (A4E4105C-59A1-49B5-A7C5-40C4547EDFEE): 0
LogDevObjectVersion:   Dev-Online (39C831C9-5AE6-47DC-9A44-9C173E1C8E7C): 0
LogDevObjectVersion:   Dev-Physics (78F01B33-EBEA-4F98-B9B4-84EACCB95AA2): 0
LogDevObjectVersion:   Dev-Platform (6631380F-2D4D-43E0-8009-CF276956A95A): 0
LogDevObjectVersion:   Dev-Rendering (12F88B9F-8875-4AFC-A67C-D90C383ABD29): 26
LogDevObjectVersion:   Dev-Sequencer (7B5AE74C-D270-4C10-A958-57980B212A5A): 9
LogDevObjectVersion:   Dev-VR (D7296918-1DD6-4BDD-9DE2-64A83CC13884): 2
LogDevObjectVersion:   Dev-LoadTimes (C2A15278-BFE7-4AFE-6C17-90FF531DF755): 1
LogDevObjectVersion:   Private-Geometry (6EACA3D4-40EC-4CC1-B786-8BED09428FC5): 3
LogDevObjectVersion:   Dev-AnimPhys (29E575DD-E0A3-4627-9D10-D276232CDCEA): 17
LogDevObjectVersion:   Dev-ReflectionCapture (6B266CEC-1EC7-4B8F-A30B-E4D90942FC07): 1
LogDevObjectVersion:   Dev-Automation (0DF73D61-A23F-47EA-B727-89E90C41499A): 1
LogDevObjectVersion:   FortniteMain (601D1886-AC64-4F84-AA16-D3DE0DEAC7D6): 12
LogDevObjectVersion:   Dev-Enterprise (9DFFBCD6-494F-0158-E221-12823C92A888): 1
LogStreaming: Display: Took  0.042s to delete old logs.
LogInit: Presizing for max 8388607 objects, including 0 objects not considered by GC, pre-allocating 0 bytes for permanent pool.
LogInit: Object subsystem initialized
[2019.02.15-01.47.00:153][  0]LogInit: Selected Device Profile: [Windows]
[2019.02.15-01.47.00:153][  0]LogInit: Applying CVar settings loaded from the selected device profile: [Windows]
[2019.02.15-01.47.00:281][  0]LogHAL: Display: Platform has ~ 16 GB [17044942848 / 17179869184 / 16], which maps to Larger [LargestMinGB=32, LargerMinGB=12, DefaultMinGB=8, SmallerMinGB=6, SmallestMinGB=0)
[2019.02.15-01.47.00:281][  0]LogInit: Setting Device Profile CVar: [[r.Vulkan.UseRealUBs:1]]
[2019.02.15-01.47.00:281][  0]LogInit: Going up to parent DeviceProfile []
[2019.02.15-01.47.00:297][  0]LogInit: Computer: DESKTOP-RI1ETNT
[2019.02.15-01.47.00:297][  0]LogInit: User: Fires
[2019.02.15-01.47.00:297][  0]LogInit: CPU Page size=4096, Cores=4
[2019.02.15-01.47.00:297][  0]LogInit: High frequency timer resolution =10.000000 MHz
[2019.02.15-01.47.00:297][  0]LogMemory: Memory total: Physical=15.9GB (16GB approx)
[2019.02.15-01.47.00:297][  0]LogMemory: Platform Memory Stats for Windows
[2019.02.15-01.47.00:297][  0]LogMemory: Process Physical Memory: 110.10 MB used, 110.11 MB peak
[2019.02.15-01.47.00:297][  0]LogMemory: Process Virtual Memory: 100.60 MB used, 100.60 MB peak
[2019.02.15-01.47.00:297][  0]LogMemory: Physical Memory: 6258.88 MB used,  9996.44 MB free, 16255.32 MB total
[2019.02.15-01.47.00:297][  0]LogMemory: Virtual Memory: 4652.45 MB used,  9996.44 MB free, 134217728.00 MB total
[2019.02.15-01.47.01:767][  0]LogInit: Using OS detected language (en-US).
[2019.02.15-01.47.01:767][  0]LogInit: Using OS detected locale (en-CA).
[2019.02.15-01.47.01:789][  0]LogTextLocalizationManager: No specific localization for 'en-US' exists, so the 'en' localization will be used.
[2019.02.15-01.47.02:649][  0]LogStreaming: Display: Took  0.883s to InitEngineTextLocalization.
[2019.02.15-01.47.02:650][  0]LogInit: Setting process to per monitor DPI aware
[2019.02.15-01.47.02:948][  0]LogSlate: New Slate User Created.  User Index 0, Is Virtual User: 0
[2019.02.15-01.47.02:948][  0]LogSlate: Slate User Registered.  User Index 0, Is Virtual User: 0
[2019.02.15-01.47.07:398][  0]LogHMD: Failed to initialize OpenVR with code 110
[2019.02.15-01.47.07:398][  0]LogD3D11RHI: D3D11 adapters:
[2019.02.15-01.47.07:614][  0]LogD3D11RHI:    0. 'NVIDIA GeForce GTX 1070' (Feature Level 11_0)
[2019.02.15-01.47.07:614][  0]LogD3D11RHI:       8081/0/8127 MB DedicatedVideo/DedicatedSystem/SharedSystem, Outputs:1, VendorId:0x10de
[2019.02.15-01.47.07:787][  0]LogD3D11RHI:    1. 'Intel(R) HD Graphics 530' (Feature Level 11_0)
[2019.02.15-01.47.07:787][  0]LogD3D11RHI:       128/0/8127 MB DedicatedVideo/DedicatedSystem/SharedSystem, Outputs:0, VendorId:0x8086
[2019.02.15-01.47.07:793][  0]LogD3D11RHI:    2. 'Microsoft Basic Render Driver' (Feature Level 11_0)
[2019.02.15-01.47.07:793][  0]LogD3D11RHI:       0/0/8127 MB DedicatedVideo/DedicatedSystem/SharedSystem, Outputs:0, VendorId:0x1414
[2019.02.15-01.47.07:793][  0]LogD3D11RHI: Chosen D3D11 Adapter: 0
[2019.02.15-01.47.07:848][  0]LogD3D11RHI: Creating new Direct3DDevice
[2019.02.15-01.47.07:848][  0]LogD3D11RHI:     GPU DeviceId: 0x1ba1 (for the marketing name, search the web for "GPU Device Id")
[2019.02.15-01.47.07:848][  0]LogWindows: EnumDisplayDevices:
[2019.02.15-01.47.07:849][  0]LogWindows:    0. 'Intel(R) HD Graphics 530' (P:1 D:1)
[2019.02.15-01.47.07:849][  0]LogWindows:    1. 'Intel(R) HD Graphics 530' (P:0 D:0)
[2019.02.15-01.47.07:850][  0]LogWindows:    2. 'Intel(R) HD Graphics 530' (P:0 D:0)
[2019.02.15-01.47.07:850][  0]LogWindows:    3. 'NVIDIA GeForce GTX 1070' (P:0 D:0)
[2019.02.15-01.47.07:851][  0]LogWindows:    4. 'NVIDIA GeForce GTX 1070' (P:0 D:0)
[2019.02.15-01.47.07:851][  0]LogWindows:    5. 'NVIDIA GeForce GTX 1070' (P:0 D:0)
[2019.02.15-01.47.07:852][  0]LogWindows:    6. 'NVIDIA GeForce GTX 1070' (P:0 D:0)
[2019.02.15-01.47.07:852][  0]LogWindows: DebugString: PrimaryIsNotTheChoosenAdapter PrimaryIsNotTheChoosenAdapter PrimaryIsNotTheChoosenAdapter FoundDriverCount:4 
[2019.02.15-01.47.07:852][  0]LogD3D11RHI:     Adapter Name: NVIDIA GeForce GTX 1070
[2019.02.15-01.47.07:852][  0]LogD3D11RHI:   Driver Version: 417.22 (internal:25.21.14.1722, unified:417.22)
[2019.02.15-01.47.07:852][  0]LogD3D11RHI:      Driver Date: 11-29-2018
[2019.02.15-01.47.07:852][  0]LogRHI: Texture pool is 5656 MB (70% of 8081 MB)
[2019.02.15-01.47.07:922][  0]LogD3D11RHI: [Aftermath] Enabled and primed
[2019.02.15-01.47.07:922][  0]LogD3D11RHI: Async texture creation enabled
[2019.02.15-01.47.07:944][  0]LogD3D11RHI: GPU Timing Frequency: 1000.000000 (Debug: 2 2)
[2019.02.15-01.47.07:947][  0]LogShaderCompilers: Guid format shader working directory is -10 characters bigger than the processId version (../../../../../../Program Files (x86)/TrenchTowers 4.20/Intermediate/Shaders/WorkingDirectory/14880/).
[2019.02.15-01.47.07:947][  0]LogShaderCompilers: Cleaned the shader compiler working directory 'C:/Users/Fires/AppData/Local/Temp/UnrealShaderWorkingDir/39384EA04E1F5AA78B7D4782633947F3/'.
[2019.02.15-01.47.09:203][  0]LogTemp: Display: Loaded TP AllDesktopTargetPlatform
[2019.02.15-01.47.09:272][  0]LogTemp: Display: Loaded TP MacClientTargetPlatform
[2019.02.15-01.47.09:343][  0]LogTemp: Display: Loaded TP MacNoEditorTargetPlatform
[2019.02.15-01.47.09:415][  0]LogTemp: Display: Loaded TP MacServerTargetPlatform
[2019.02.15-01.47.09:528][  0]LogTemp: Display: Loaded TP MacTargetPlatform
[2019.02.15-01.47.09:619][  0]LogTemp: Display: Loaded TP WindowsClientTargetPlatform
[2019.02.15-01.47.09:723][  0]LogTemp: Display: Loaded TP WindowsNoEditorTargetPlatform
[2019.02.15-01.47.09:803][  0]LogTemp: Display: Loaded TP WindowsServerTargetPlatform
[2019.02.15-01.47.09:873][  0]LogTemp: Display: Loaded TP WindowsTargetPlatform
[2019.02.15-01.47.10:068][  0]LogTemp: Display: Loaded TP AndroidTargetPlatform
[2019.02.15-01.47.10:068][  0]LogTemp: Display: Loaded TP AndroidTargetPlatform
[2019.02.15-01.47.10:068][  0]LogTemp: Display: Loaded TP AndroidTargetPlatform
[2019.02.15-01.47.10:068][  0]LogTemp: Display: Loaded TP AndroidTargetPlatform
[2019.02.15-01.47.10:068][  0]LogTemp: Display: Loaded TP AndroidTargetPlatform
[2019.02.15-01.47.10:068][  0]LogTemp: Display: Loaded TP AndroidTargetPlatform
[2019.02.15-01.47.10:068][  0]LogTemp: Display: Loaded TP AndroidTargetPlatform
[2019.02.15-01.47.10:068][  0]LogTemp: Display: Loaded TP AndroidTargetPlatform
[2019.02.15-01.47.10:068][  0]LogTemp: Display: Loaded TP AndroidTargetPlatform
[2019.02.15-01.47.10:068][  0]LogTemp: Display: Loaded TP AndroidTargetPlatform
[2019.02.15-01.47.10:068][  0]LogTemp: Display: Loaded TP AndroidTargetPlatform
[2019.02.15-01.47.10:068][  0]LogTemp: Display: Loaded TP AndroidTargetPlatform
[2019.02.15-01.47.10:068][  0]LogTemp: Display: Loaded TP AndroidTargetPlatform
[2019.02.15-01.47.10:068][  0]LogTemp: Display: Loaded TP AndroidTargetPlatform
[2019.02.15-01.47.10:068][  0]LogTemp: Display: Loaded TP AndroidTargetPlatform
[2019.02.15-01.47.10:068][  0]LogTemp: Display: Loaded TP AndroidTargetPlatform
[2019.02.15-01.47.10:068][  0]LogTemp: Display: Loaded TP AndroidTargetPlatform
[2019.02.15-01.47.10:069][  0]LogTemp: Display: Loaded TP AndroidTargetPlatform
[2019.02.15-01.47.10:115][  0]LogTemp: Display: Loaded TP HTML5TargetPlatform
[2019.02.15-01.47.10:382][  0]LogTemp: Display: Loaded TP IOSTargetPlatform
[2019.02.15-01.47.10:382][  0]LogTemp: Display: Loaded TP IOSTargetPlatform
[2019.02.15-01.47.10:478][  0]LogTemp: Display: Loaded TP TVOSTargetPlatform
[2019.02.15-01.47.10:478][  0]LogTemp: Display: Loaded TP TVOSTargetPlatform
[2019.02.15-01.47.10:551][  0]LogTemp: Display: Loaded TP LinuxClientTargetPlatform
[2019.02.15-01.47.10:620][  0]LogTemp: Display: Loaded TP LinuxNoEditorTargetPlatform
[2019.02.15-01.47.10:683][  0]LogTemp: Display: Loaded TP LinuxServerTargetPlatform
[2019.02.15-01.47.10:784][  0]LogTemp: Display: Loaded TP LinuxTargetPlatform
[2019.02.15-01.47.10:847][  0]LogTemp: Display: Loaded TP LuminTargetPlatform
[2019.02.15-01.47.10:847][  0]LogTargetPlatformManager: Display: Building Assets For Windows
[2019.02.15-01.47.12:553][  0]LogXGEController: Cleaning working directory: C:/Users/Fires/AppData/Local/Temp/UnrealXGEWorkingDir/
[2019.02.15-01.47.12:553][  0]LogXGEController: Cannot use XGE Controller as Incredibuild is not installed on this machine.
[2019.02.15-01.47.12:553][  0]LogShaderCompilers: Cannot use XGE Shader Compiler as Incredibuild is not installed on this machine.
[2019.02.15-01.47.12:553][  0]LogShaderCompilers: Display: Using Local Shader Compiler.
[2019.02.15-01.47.15:856][  0]LogDerivedDataCache: Display: Max Cache Size: 512 MB
[2019.02.15-01.47.16:296][  0]LogDerivedDataCache: Loaded boot cache 0.44s 71MB C:/Users/Fires/AppData/Local/UnrealEngine/4.20/DerivedDataCache/Boot.ddc.
[2019.02.15-01.47.16:296][  0]LogDerivedDataCache: Display: Loaded Boot cache: C:/Users/Fires/AppData/Local/UnrealEngine/4.20/DerivedDataCache/Boot.ddc
[2019.02.15-01.47.16:296][  0]LogDerivedDataCache: FDerivedDataBackendGraph:  Pak pak cache file ../../../../../../Program Files (x86)/TrenchTowers 4.20/DerivedDataCache/DDC.ddp not found, will not use a pak cache.
[2019.02.15-01.47.16:296][  0]LogDerivedDataCache: Unable to find inner node Pak for hierarchical cache Hierarchy.
[2019.02.15-01.47.16:296][  0]LogDerivedDataCache: FDerivedDataBackendGraph:  CompressedPak pak cache file ../../../../../../Program Files (x86)/TrenchTowers 4.20/DerivedDataCache/Compressed.ddp not found, will not use a pak cache.
[2019.02.15-01.47.16:296][  0]LogDerivedDataCache: Unable to find inner node CompressedPak for hierarchical cache Hierarchy.
[2019.02.15-01.47.16:363][  0]LogDerivedDataCache: Display: Pak cache opened for reading ../../../Engine/DerivedDataCache/Compressed.ddp.
[2019.02.15-01.47.16:385][  0]LogDerivedDataCache: Using Local data cache path C:/Users/Fires/AppData/Local/UnrealEngine/Common/DerivedDataCache: Writable
[2019.02.15-01.47.16:385][  0]LogDerivedDataCache: Shared data cache path not found in *engine.ini, will not use an Shared cache.
[2019.02.15-01.47.16:385][  0]LogDerivedDataCache: Unable to find inner node Shared for hierarchical cache Hierarchy.
[2019.02.15-01.47.16:410][  0]LogMaterial: Verifying Global Shaders for PCD3D_SM5
[2019.02.15-01.47.16:411][  0]LogSlate: Using FreeType 2.6.0
[2019.02.15-01.47.16:437][  0]LogSlate: SlateFontServices - WITH_FREETYPE: 1, WITH_HARFBUZZ: 1
[2019.02.15-01.47.17:688][  0]LogAssetRegistry: FAssetRegistry took 0.0275 seconds to start up
[2019.02.15-01.47.19:897][  0]LogInit: Selected Device Profile: [Windows]
[2019.02.15-01.47.21:246][  0]LogSimplygon: Simplygon DLL not present - disabling.
[2019.02.15-01.47.21:467][  0]LogMeshReduction: Using SimplygonSwarm for distributed automatic mesh merging
[2019.02.15-01.47.21:467][  0]LogMeshReduction: Using ProxyLODMeshReduction for automatic mesh merging
[2019.02.15-01.47.21:467][  0]LogMeshReduction: Using QuadricMeshReduction for automatic static mesh reduction
[2019.02.15-01.47.21:467][  0]LogMeshReduction: No automatic skeletal mesh reduction module available
[2019.02.15-01.47.21:694][  0]LogNetVersion: TrenchTowers 1.0.0, NetCL: 4212847, EngineNetVer: 5, GameNetVer: 0 (Checksum: 1537713906)
[2019.02.15-01.47.24:716][  0]LogPackageLocalizationCache: Processed 11 localized package path(s) for 2 prioritized culture(s) in 0.278951 seconds
[2019.02.15-01.47.24:727][  0]LogUObjectArray: 38425 objects as part of root set at end of initial load.
[2019.02.15-01.47.24:727][  0]LogUObjectAllocator: 6690872 out of 0 bytes used by permanent object pool.
[2019.02.15-01.47.24:727][  0]LogUObjectArray: CloseDisregardForGC: 0/0 objects in disregard for GC pool
[2019.02.15-01.47.49:967][  0]LogTcpMessaging: Initializing TcpMessaging bridge
[2019.02.15-01.47.50:031][  0]LogUdpMessaging: Initializing bridge on interface 0.0.0.0:0 to multicast group 230.0.0.1:6666.
[2019.02.15-01.47.51:678][  0]SourceControl: Source control is disabled
[2019.02.15-01.47.56:819][  0]LogOnline: Display: STEAM: Loading Steam SDK 1.39
[2019.02.15-01.47.56:944][  0]LogAndroidPermission: UAndroidPermissionCallbackProxy::GetInstance
[2019.02.15-01.47.57:415][  0]LogOcInput: OculusInput pre-init called
[2019.02.15-01.47.57:929][  0]LogEngine: Initializing Engine...
[2019.02.15-01.47.57:930][  0]LogHMD: Failed to initialize OpenVR with code 110
[2019.02.15-01.47.57:953][  0]LogStats: UGameplayTagsManager::ConstructGameplayTagTree: Construct from data asset -  0.000 s
[2019.02.15-01.47.57:953][  0]LogStats: UGameplayTagsManager::ConstructGameplayTagTree: GameplayTagTreeChangedEvent.Broadcast -  0.000 s
[2019.02.15-01.47.58:909][  0]LogInit: Initializing FReadOnlyCVARCache
[2019.02.15-01.47.59:009][  0]LogAIModule: Creating AISystem for world Untitled
[2019.02.15-01.47.59:077][  0]LogInit: XAudio2 using 'Speakers / Headphones (Realtek Audio)' : 6 channels at 48 kHz using 32 bits per sample (channel mask 0x3f)
[2019.02.15-01.47.59:226][  0]LogInit: FAudioDevice initialized.
[2019.02.15-01.47.59:227][  0]LogNetVersion: Set ProjectVersion to 1.0.0.0. Version Checksum will be recalculated on next use.
[2019.02.15-01.47.59:334][  0]LogDerivedDataCache: Saved boot cache 0.11s 71MB C:/Users/Fires/AppData/Local/UnrealEngine/4.20/DerivedDataCache/Boot.ddc.
[2019.02.15-01.47.59:353][  0]LogInit: Texture streaming: Enabled
[2019.02.15-01.47.59:618][  0]LogEngineSessionManager: EngineSessionManager initialized
[2019.02.15-01.47.59:724][  0]LogInit: Transaction tracking system initialized
[2019.02.15-01.48.00:201][  0]BlueprintLog: New page: Editor Load
[2019.02.15-01.48.02:043][  0]LocalizationService: Localization service is disabled
[2019.02.15-01.48.05:061][  0]LogCook: Display: Max memory allowance for cook 16384mb min free memory 0mb
[2019.02.15-01.48.05:062][  0]LogCook: Display: Mobile HDR setting 1
[2019.02.15-01.48.05:062][  0]LogGameplayTags: Display: UGameplayTagsManager::DoneAddingNativeTags. DelegateIsBound: 0
[2019.02.15-01.48.05:062][  0]LogStats: UGameplayTagsManager::ConstructGameplayTagTree: Construct from data asset -  0.000 s
[2019.02.15-01.48.05:062][  0]LogStats: UGameplayTagsManager::ConstructGameplayTagTree: GameplayTagTreeChangedEvent.Broadcast -  0.000 s
[2019.02.15-01.48.06:161][  0]LogFileCache: Scanning file cache for directory 'D:/Program Files (x86)/TrenchTowers 4.20/Content/' took 0.05s
[2019.02.15-01.48.08:446][  0]Cmd: MAP LOAD FILE="../../../../../../Program Files (x86)/TrenchTowers 4.20/Content/2DSideScrollerBP/Maps/MainMenu.umap" TEMPLATE=0 SHOWPROGRESS=1 FEATURELEVEL=3
[2019.02.15-01.48.08:483][  0]LightingResults: New page: Lighting Build
[2019.02.15-01.48.08:494][  0]MapCheck: New page: Map Check
[2019.02.15-01.48.08:494][  0]LightingResults: New page: Lighting Build
[2019.02.15-01.48.10:444][  0]LogAIModule: Creating AISystem for world MainMenu
[2019.02.15-01.48.10:446][  0]LogEditorServer: Finished looking for orphan Actors (0.000 secs)
[2019.02.15-01.48.10:479][  0]Cmd: MAP CHECKDEP NOCLEARLOG
[2019.02.15-01.48.10:591][  0]MapCheck: Map check complete: 0 Error(s), 0 Warning(s), took 112.018ms to complete.
[2019.02.15-01.48.10:591][  0]LogFileHelpers: Loading map 'MainMenu' took 2.146
[2019.02.15-01.48.10:819][  0]LogSlate: Updating window title bar state: overlay mode, drag disabled, window buttons hidden, title bar hidden
[2019.02.15-01.48.10:832][  0]LogSlate: Updating window title bar state: overlay mode, drag disabled, window buttons hidden, title bar hidden
[2019.02.15-01.48.10:847][  0]LogSlate: Updating window title bar state: overlay mode, drag disabled, window buttons hidden, title bar hidden
[2019.02.15-01.48.10:860][  0]LogSlate: Updating window title bar state: overlay mode, drag disabled, window buttons hidden, title bar hidden
[2019.02.15-01.48.10:944][  0]LogCollectionManager: Loaded 0 collections in 0.010986 seconds
[2019.02.15-01.48.11:002][  0]LogFileCache: Scanning file cache for directory 'D:/Program Files (x86)/TrenchTowers 4.20/Saved/Collections/' took 0.01s
[2019.02.15-01.48.11:002][  0]LogFileCache: Scanning file cache for directory 'D:/Program Files (x86)/TrenchTowers 4.20/Content/Developers/Fires/Collections/' took 0.01s
[2019.02.15-01.48.11:002][  0]LogFileCache: Scanning file cache for directory 'D:/Program Files (x86)/TrenchTowers 4.20/Content/Collections/' took 0.01s
[2019.02.15-01.48.11:002][  0]LogCollectionManager: Rebuilt the GUID cache for 0 collections in 0.000001 seconds
[2019.02.15-01.48.11:020][  0]LogContentBrowser: Native class hierarchy populated in 0.0178 seconds. Added 2590 classes and 619 folders.
[2019.02.15-01.48.11:042][  0]LogContentBrowser: Native class hierarchy updated for 'WidgetCarousel' in 0.0004 seconds. Added 0 classes and 0 folders.
[2019.02.15-01.48.13:128][  0]LogContentBrowser: Native class hierarchy updated for 'AddContentDialog' in 0.0003 seconds. Added 0 classes and 0 folders.
[2019.02.15-01.48.13:220][  0]LogContentBrowser: Native class hierarchy updated for 'SceneOutliner' in 0.0005 seconds. Added 1 classes and 2 folders.
[2019.02.15-01.48.13:435][  0]LogSlate: Took 0.020889 seconds to synchronously load lazily loaded font '../../../Engine/Content/Slate/Fonts/Roboto-Regular.ttf' (155K)
[2019.02.15-01.48.16:977][  0]LogSlate: Only BGRA pngs, bmps or icos are supported in by External Image Picker
[2019.02.15-01.48.17:081][  0]LogSlate: Took 0.025899 seconds to synchronously load lazily loaded font '../../../Engine/Content/Slate/Fonts/Roboto-Bold.ttf' (160K)
[2019.02.15-01.48.17:116][  0]LogSlate: Took 0.023484 seconds to synchronously load lazily loaded font '../../../Engine/Content/Editor/Slate/Fonts/FontAwesome.ttf' (139K)
[2019.02.15-01.48.17:431][  0]LogTemp: Executing iPhonePackager certificates Engine -bundlename com.YourCompany.TrenchTowers
[2019.02.15-01.48.17:431][  0]LogTemp: CWD: D:\Program Files\Epic Games\UE_4.20\Engine\Binaries\DotNET\IOS
[2019.02.15-01.48.17:431][  0]LogTemp: Initial Dir: D:\Program Files\Epic Games\UE_4.20
[2019.02.15-01.48.17:431][  0]LogTemp: Env CWD: D:\Program Files\Epic Games\UE_4.20\Engine\Binaries\DotNET\IOS
[2019.02.15-01.48.17:431][  0]LogTemp: BranchPath = DESKTOP-RI1ETNT/D/Program Files/Epic Games/UE_4.20/Engine/Binaries --- GameBranchPath = DESKTOP-RI1ETNT/D/Program Files/Epic Games/UE_4.20/Engine/Binaries
[2019.02.15-01.48.17:431][  0]LogTemp: IPP ERROR: Could not find provision directory 'C:\Users\Fires\AppData\Local/Apple Computer/MobileDevice/Provisioning Profiles/'.
[2019.02.15-01.48.17:431][  0]LogRenderer: Reallocating scene render targets to support 1288x632 Format 9 NumSamples 1 (Frame:1).
[2019.02.15-01.48.17:745][  0]LogContentBrowser: Native class hierarchy updated for 'HierarchicalLODOutliner' in 0.0004 seconds. Added 0 classes and 0 folders.
[2019.02.15-01.48.17:745][  0]LogLoad: (Engine Initialization) Total time: 98.31 seconds
[2019.02.15-01.48.17:745][  0]LogLoad: (Engine Initialization) Total Blueprint compile time: 0.00 seconds
[2019.02.15-01.48.18:067][  0]LogSteamController: SteamController is not available
[2019.02.15-01.48.18:099][  0]LogContentStreaming: Texture pool size now 800 MB
[2019.02.15-01.48.18:167][  0]LogSlate: Took 0.022174 seconds to synchronously load lazily loaded font '../../../Engine/Content/Slate/Fonts/Roboto-Light.ttf' (167K)
[2019.02.15-01.48.18:300][  3]LogAssetRegistry: Asset discovery search completed in 60.6353 seconds
[2019.02.15-01.48.18:302][  3]LogCollectionManager: Rebuilt the object cache for 0 collections in 0.000001 seconds (found 0 objects)
[2019.02.15-01.48.18:302][  3]LogCollectionManager: Fixed up redirectors for 0 collections in 0.000074 seconds (updated 0 objects)
[2019.02.15-01.48.26:016][ 26]LogSlate: FSceneViewport::OnFocusLost() reason 2
[2019.02.15-01.48.28:997][202]LogSlate: FSceneViewport::OnFocusLost() reason 0
[2019.02.15-01.48.31:140][327]LogSlate: FSceneViewport::OnFocusLost() reason 0
[2019.02.15-01.48.31:290][336]LogTemp: Repeating last play command: Standalone Game
[2019.02.15-01.49.24:311][162]LogSlate: Took 0.000371 seconds to synchronously load lazily loaded font '../../../Engine/Content/Slate/Fonts/Roboto-Light.ttf' (167K)
[2019.02.15-01.49.24:323][162]LogAssetEditorManager: Opening Asset editor for Blueprint /Game/2DSideScrollerBP/Blueprints/Characters/2DSideScrollerCharacter.2DSideScrollerCharacter
[2019.02.15-01.49.25:330][162]LogContentBrowser: Native class hierarchy updated for 'BlueprintGraph' in 0.0008 seconds. Added 116 classes and 0 folders.
[2019.02.15-01.49.27:566][162]LogSlate: Took 0.064242 seconds to synchronously load lazily loaded font '../../../Engine/Content/Slate/Fonts/Roboto-BoldCondensed.ttf' (158K)
[2019.02.15-01.49.28:798][163]LogSlate: Took 0.068767 seconds to synchronously load lazily loaded font '../../../Engine/Content/Slate/Fonts/Roboto-Italic.ttf' (157K)
[2019.02.15-01.51.53:093][140]LogAssetEditorManager: Opening Asset editor for Blueprint /Game/2DSideScrollerBP/Blueprints/Gameplay/2DSideScrollerGameMode.2DSideScrollerGameMode
[2019.02.15-01.52.20:872][664]LogAssetEditorManager: Opening Asset editor for Blueprint /Game/2DSideScrollerBP/Blueprints/Gameplay/MouseAndMove.MouseAndMove
[2019.02.15-01.53.12:666][440]LogSavePackage: Moving '../../../../../../Program Files (x86)/TrenchTowers 4.20/Saved/MouseAndMove93A271B741BDEF0187D9059D47176B9B.tmp' to '../../../../../../Program Files (x86)/TrenchTowers 4.20/Content/2DSideScrollerBP/Blueprints/Gameplay/MouseAndMove.uasset'
[2019.02.15-01.53.19:852][836]LogSlate: Took 0.044081 seconds to synchronously load lazily loaded font '../../../Engine/Content/Slate/Fonts/Roboto-BoldCondensedItalic.ttf' (160K)
[2019.02.15-01.53.42:316][112]BlueprintLog: New page: Compile MouseAndMove
[2019.02.15-01.53.43:904][152]LogSavePackage: Moving '../../../../../../Program Files (x86)/TrenchTowers 4.20/Saved/MouseAndMove449480484E04291423D3B0A091B0A4F6.tmp' to '../../../../../../Program Files (x86)/TrenchTowers 4.20/Content/2DSideScrollerBP/Blueprints/Gameplay/MouseAndMove.uasset'
[2019.02.15-01.53.54:342][733]LogSavePackage: Moving '../../../../../../Program Files (x86)/TrenchTowers 4.20/Saved/2DSideScrollerGameMode100D5D2D4DBF3C8D7A44CCACAA875BC1.tmp' to '../../../../../../Program Files (x86)/TrenchTowers 4.20/Content/2DSideScrollerBP/Blueprints/Gameplay/2DSideScrollerGameMode.uasset'
[2019.02.15-01.54.43:116][271]BlueprintLog: New page: Compile 2DSideScrollerCharacter
[2019.02.15-01.54.45:300][292]LogSavePackage: Moving '../../../../../../Program Files (x86)/TrenchTowers 4.20/Saved/2DSideScrollerCharacter89EC76C44201458DF5607D964B0B67AB.tmp' to '../../../../../../Program Files (x86)/TrenchTowers 4.20/Content/2DSideScrollerBP/Blueprints/Characters/2DSideScrollerCharacter.uasset'
[2019.02.15-01.54.55:887][853]LogSavePackage: Moving '../../../../../../Program Files (x86)/TrenchTowers 4.20/Saved/MouseAndMove5BBC6DAE4089B05956C6A0B111021E7A.tmp' to '../../../../../../Program Files (x86)/TrenchTowers 4.20/Content/2DSideScrollerBP/Blueprints/Gameplay/MouseAndMove.uasset'
[2019.02.15-01.54.58:341][997]BlueprintLog: New page: Compile MouseAndMove
[2019.02.15-01.54.59:872][ 43]LogSavePackage: Moving '../../../../../../Program Files (x86)/TrenchTowers 4.20/Saved/MouseAndMove7D2E2C1241363C0B9E921DA85B233D22.tmp' to '../../../../../../Program Files (x86)/TrenchTowers 4.20/Content/2DSideScrollerBP/Blueprints/Gameplay/MouseAndMove.uasset'
[2019.02.15-01.55.13:472][672]LogSavePackage: Moving '../../../../../../Program Files (x86)/TrenchTowers 4.20/Saved/2DSideScrollerCharacter5B73B0E3455E58915825ED8A74D0E95E.tmp' to '../../../../../../Program Files (x86)/TrenchTowers 4.20/Content/2DSideScrollerBP/Blueprints/Characters/2DSideScrollerCharacter.uasset'
[2019.02.15-01.55.14:555][727]BlueprintLog: New page: Compile 2DSideScrollerCharacter
[2019.02.15-01.55.17:332][776]LogSavePackage: Moving '../../../../../../Program Files (x86)/TrenchTowers 4.20/Saved/2DSideScrollerCharacter5254F84F4796539A902FAFAF9BBF00E7.tmp' to '../../../../../../Program Files (x86)/TrenchTowers 4.20/Content/2DSideScrollerBP/Blueprints/Characters/2DSideScrollerCharacter.uasset'
[2019.02.15-02.39.59:490][ 80]LogTemp: Repeating last play command: Standalone Game
[2019.02.15-03.05.18:102][868]LogHttp: Warning: 000001CF04698B80: request has been successfully processed. URL: https://datarouter.ol.epicgames.com/datarouter/api/v1/public/data?SessionID=%7B816B1BE2-48E8-F9E1-6643-85A1D0F5B6A0%7D&AppID=UEEditor.Rocket.Release&AppVersion=4.20.3-4369336%2B%2B%2BUE4%2BRelease-4.20&UserID=07a0d2d64662dd1680339d9718e2d666%7Cb1db12b2000c43619e5ed66b74fb5726%7Cdb0fc2f9-39c1-42f0-92a8-54506b413dd2&AppEnvironment=datacollector-binary&UploadType=eteventstream, HTTP code: 502, content length: 138, actual payload size: 138
[2019.02.15-03.05.18:103][868]LogHttp: Warning: 000001CF04698B80 Response Header Server: awselb/2.0
[2019.02.15-03.05.18:103][868]LogHttp: Warning: 000001CF04698B80 Response Header Date: Fri, 15 Feb 2019 03:05:18 GMT
[2019.02.15-03.05.18:103][868]LogHttp: Warning: 000001CF04698B80 Response Header Content-Type: text/html
[2019.02.15-03.05.18:103][868]LogHttp: Warning: 000001CF04698B80 Response Header Content-Length: 138
[2019.02.15-03.05.18:103][868]LogHttp: Warning: 000001CF04698B80 Response Header Connection: keep-alive
[2019.02.15-03.08.10:183][ 93]LogSavePackage: Moving '../../../../../../Program Files (x86)/TrenchTowers 4.20/Saved/2DSideScrollerCharacter78795AD54F175FEBA144009FC8763DDC.tmp' to '../../../../../../Program Files (x86)/TrenchTowers 4.20/Content/2DSideScrollerBP/Blueprints/Characters/2DSideScrollerCharacter.uasset'
[2019.02.15-03.08.11:933][165]BlueprintLog: New page: Compile 2DSideScrollerCharacter
[2019.02.15-03.08.16:109][259]LogSavePackage: Moving '../../../../../../Program Files (x86)/TrenchTowers 4.20/Saved/2DSideScrollerCharacterF2488746484A668A89E6D4935B83D4BA.tmp' to '../../../../../../Program Files (x86)/TrenchTowers 4.20/Content/2DSideScrollerBP/Blueprints/Characters/2DSideScrollerCharacter.uasset'
[2019.02.15-03.09.27:085][649]LogSavePackage: Moving '../../../../../../Program Files (x86)/TrenchTowers 4.20/Saved/MouseAndMove5962A2DF4AAABF709149019B84720A25.tmp' to '../../../../../../Program Files (x86)/TrenchTowers 4.20/Content/2DSideScrollerBP/Blueprints/Gameplay/MouseAndMove.uasset'
[2019.02.15-03.09.31:015][865]BlueprintLog: New page: Compile MouseAndMove
[2019.02.15-03.09.33:793][966]LogSavePackage: Moving '../../../../../../Program Files (x86)/TrenchTowers 4.20/Saved/MouseAndMove73FDFE2042908BCFB6AEFCA456DF5197.tmp' to '../../../../../../Program Files (x86)/TrenchTowers 4.20/Content/2DSideScrollerBP/Blueprints/Gameplay/MouseAndMove.uasset'
[2019.02.15-03.09.45:595][604]BlueprintLog: New page: Compile 2DSideScrollerGameMode
[2019.02.15-03.10.06:681][751]LogTemp: Repeating last play command: Standalone Game
[2019.02.15-03.15.21:007][549]LogActorComponent: UnregisterComponent: (/Engine/Transient.EditorFloorComp) Not registered. Aborting.
[2019.02.15-03.15.21:094][549]LogSlate: Window 'MouseAndMove' being destroyed
[2019.02.15-03.15.21:114][549]LogActorComponent: UnregisterComponent: (/Engine/Transient.EditorFloorComp) Not registered. Aborting.
[2019.02.15-03.15.21:199][549]LogSlate: Window 'Message Log' being destroyed
[2019.02.15-03.15.21:204][549]LogSlate: Window 'Editor Preferences' being destroyed
[2019.02.15-03.15.21:426][549]LogSlate: Window 'TrenchTowers - Unreal Editor' being destroyed
[2019.02.15-03.15.21:427][549]LogWindowsTextInputMethodSystem: Display: IME system now deactivated.
[2019.02.15-03.15.21:434][549]LogWindowsTextInputMethodSystem: Display: IME system now deactivated.
[2019.02.15-03.15.21:710][550]Cmd: QUIT_EDITOR
[2019.02.15-03.15.21:789][550]LogExit: Preparing to exit.
[2019.02.15-03.15.22:788][550]LogExit: Editor shut down
[2019.02.15-03.15.22:788][550]LogExit: Transaction tracking system shut down
[2019.02.15-03.15.23:276][550]LogExit: Object subsystem successfully closed.
[2019.02.15-03.15.23:322][550]LogShaderCompilers: Display: Shaders left to compile 0
[2019.02.15-03.15.23:328][550]LogD3D11RHI: Shutdown
[2019.02.15-03.15.23:328][550]LogD3D11RHI: CleanupD3DDevice
[2019.02.15-03.15.23:330][550]LogD3D11RHI: ~FD3D11DynamicRHI
[2019.02.15-03.15.23:350][550]LogModuleManager: Shutting down and abandoning module BlueprintGraph (632)
[2019.02.15-03.15.23:350][550]LogModuleManager: Shutting down and abandoning module HierarchicalLODOutliner (630)
[2019.02.15-03.15.23:350][550]LogModuleManager: Shutting down and abandoning module ExternalImagePicker (628)
[2019.02.15-03.15.23:350][550]LogModuleManager: Shutting down and abandoning module SceneOutliner (626)
[2019.02.15-03.15.23:350][550]LogModuleManager: Shutting down and abandoning module AddContentDialog (624)
[2019.02.15-03.15.23:350][550]LogModuleManager: Shutting down and abandoning module WidgetCarousel (623)
[2019.02.15-03.15.23:350][550]LogModuleManager: Shutting down and abandoning module EditorWidgets (620)
[2019.02.15-03.15.23:350][550]LogModuleManager: Shutting down and abandoning module CollectionManager (618)
[2019.02.15-03.15.23:351][550]LogModuleManager: Shutting down and abandoning module StatsViewer (616)
[2019.02.15-03.15.23:351][550]LogModuleManager: Shutting down and abandoning module FoliageEdit (614)
[2019.02.15-03.15.23:351][550]LogModuleManager: Shutting down and abandoning module LandscapeEditor (612)
[2019.02.15-03.15.23:351][550]LogModuleManager: Shutting down and abandoning module MeshPaintMode (610)
[2019.02.15-03.15.23:351][550]LogModuleManager: Shutting down and abandoning module SceneDepthPickerMode (608)
[2019.02.15-03.15.23:351][550]LogModuleManager: Shutting down and abandoning module ActorPickerMode (606)
[2019.02.15-03.15.23:351][550]LogModuleManager: Shutting down and abandoning module GeometryMode (604)
[2019.02.15-03.15.23:351][550]LogModuleManager: Shutting down and abandoning module TextureAlignMode (602)
[2019.02.15-03.15.23:351][550]LogModuleManager: Shutting down and abandoning module BspMode (600)
[2019.02.15-03.15.23:351][550]LogModuleManager: Shutting down and abandoning module PIEPreviewDeviceProfileSelector (598)
[2019.02.15-03.15.23:351][550]LogModuleManager: Shutting down and abandoning module SequenceRecorderSections (596)
[2019.02.15-03.15.23:351][550]LogModuleManager: Shutting down and abandoning module AutomationWorker (594)
[2019.02.15-03.15.23:351][550]LogModuleManager: Shutting down and abandoning module AudioCaptureEditor (592)
[2019.02.15-03.15.23:351][550]LogModuleManager: Shutting down and abandoning module SequenceRecorder (591)
[2019.02.15-03.15.23:351][550]LogModuleManager: Shutting down and abandoning module MatineeToLevelSequence (588)
[2019.02.15-03.15.23:352][550]LogModuleManager: Shutting down and abandoning module LevelSequenceEditor (586)
[2019.02.15-03.15.23:352][550]LogModuleManager: Shutting down and abandoning module PlacementMode (585)
[2019.02.15-03.15.23:352][550]LogModuleManager: Shutting down and abandoning module MaterialEditor (584)
[2019.02.15-03.15.23:352][550]LogModuleManager: Shutting down and abandoning module WmfMediaFactory (580)
[2019.02.15-03.15.23:352][550]LogModuleManager: Shutting down and abandoning module WmfMediaEditor (578)
[2019.02.15-03.15.23:352][550]LogModuleManager: Shutting down and abandoning module MediaPlayerEditor (576)
[2019.02.15-03.15.23:352][550]LogModuleManager: Shutting down and abandoning module OpenExrWrapper (574)
[2019.02.15-03.15.23:352][550]LogModuleManager: Shutting down and abandoning module ImgMediaFactory (572)
[2019.02.15-03.15.23:352][550]LogModuleManager: Shutting down and abandoning module ImgMediaEditor (570)
[2019.02.15-03.15.23:352][550]LogModuleManager: Shutting down and abandoning module AvfMediaFactory (568)
[2019.02.15-03.15.23:353][550]LogModuleManager: Shutting down and abandoning module AvfMediaEditor (566)
[2019.02.15-03.15.23:353][550]LogModuleManager: Shutting down and abandoning module AndroidMediaFactory (564)
[2019.02.15-03.15.23:353][550]LogModuleManager: Shutting down and abandoning module AndroidMediaEditor (562)
[2019.02.15-03.15.23:353][550]LogModuleManager: Shutting down and abandoning module MagicLeapCameraPreviewFactory (560)
[2019.02.15-03.15.23:353][550]LogModuleManager: Shutting down and abandoning module MagicLeapMediaFactory (558)
[2019.02.15-03.15.23:353][550]LogModuleManager: Shutting down and abandoning module MagicLeapMediaEditor (556)
[2019.02.15-03.15.23:353][550]LogModuleManager: Shutting down and abandoning module CharacterAI (554)
[2019.02.15-03.15.23:353][550]LogModuleManager: Shutting down and abandoning module SmartSnapping (552)
[2019.02.15-03.15.23:353][550]LogModuleManager: Shutting down and abandoning module SessionServices (550)
[2019.02.15-03.15.23:353][550]LogModuleManager: Shutting down and abandoning module ViewportSnapping (548)
[2019.02.15-03.15.23:353][550]LogModuleManager: Shutting down and abandoning module ViewportInteraction (546)
[2019.02.15-03.15.23:353][550]LogModuleManager: Shutting down and abandoning module ClothPainter (544)
[2019.02.15-03.15.23:353][550]LogModuleManager: Shutting down and abandoning module SkeletalMeshEditor (543)
[2019.02.15-03.15.23:353][550]LogModuleManager: Shutting down and abandoning module LogVisualizer (540)
[2019.02.15-03.15.23:353][550]LogModuleManager: Shutting down and abandoning module IntroTutorials (538)
[2019.02.15-03.15.23:353][550]LogModuleManager: Shutting down and abandoning module GameProjectGeneration (537)
[2019.02.15-03.15.23:353][550]LogModuleManager: Shutting down and abandoning module LuminPlatformEditor (534)
[2019.02.15-03.15.23:353][550]LogModuleManager: Shutting down and abandoning module IOSPlatformEditor (532)
[2019.02.15-03.15.23:353][550]LogModuleManager: Shutting down and abandoning module HTML5PlatformEditor (530)
[2019.02.15-03.15.23:353][550]LogModuleManager: Shutting down and abandoning module AndroidPlatformEditor (528)
[2019.02.15-03.15.23:354][550]LogModuleManager: Shutting down and abandoning module AndroidDeviceDetection (527)
[2019.02.15-03.15.23:739][550]LogModuleManager: Shutting down and abandoning module WindowsPlatformEditor (524)
[2019.02.15-03.15.23:739][550]LogModuleManager: Shutting down and abandoning module LuminRuntimeSettings (522)
[2019.02.15-03.15.23:739][550]LogModuleManager: Shutting down and abandoning module IOSRuntimeSettings (520)
[2019.02.15-03.15.23:739][550]LogModuleManager: Shutting down and abandoning module AndroidRuntimeSettings (518)
[2019.02.15-03.15.23:739][550]LogModuleManager: Shutting down and abandoning module InputBindingEditor (516)
[2019.02.15-03.15.23:739][550]LogModuleManager: Shutting down and abandoning module MergeActors (514)
[2019.02.15-03.15.23:739][550]LogModuleManager: Shutting down and abandoning module LocalizationDashboard (512)
[2019.02.15-03.15.23:739][550]LogModuleManager: Shutting down and abandoning module LocalizationService (511)
[2019.02.15-03.15.23:739][550]LogModuleManager: Shutting down and abandoning module HardwareTargeting (508)
[2019.02.15-03.15.23:739][550]LogModuleManager: Shutting down and abandoning module DeviceProfileEditor (506)
[2019.02.15-03.15.23:739][550]LogModuleManager: Shutting down and abandoning module UndoHistory (504)
[2019.02.15-03.15.23:739][550]LogModuleManager: Shutting down and abandoning module XmlParser (502)
[2019.02.15-03.15.23:739][550]LogModuleManager: Shutting down and abandoning module Blutility (500)
[2019.02.15-03.15.23:739][550]LogModuleManager: Shutting down and abandoning module ProjectSettingsViewer (498)
[2019.02.15-03.15.23:739][550]LogModuleManager: Shutting down and abandoning module ProjectTargetPlatformEditor (497)
[2019.02.15-03.15.23:739][550]LogModuleManager: Shutting down and abandoning module EditorSettingsViewer (494)
[2019.02.15-03.15.23:740][550]LogModuleManager: Shutting down and abandoning module SettingsEditor (492)
[2019.02.15-03.15.23:740][550]LogModuleManager: Shutting down and abandoning module ProjectLauncher (490)
[2019.02.15-03.15.23:740][550]LogModuleManager: Shutting down and abandoning module SessionFrontend (488)
[2019.02.15-03.15.23:740][550]LogModuleManager: Shutting down and abandoning module ProfilerClient (486)
[2019.02.15-03.15.23:740][550]LogModuleManager: Shutting down and abandoning module DeviceManager (484)
[2019.02.15-03.15.23:740][550]LogModuleManager: Shutting down and abandoning module TargetDeviceServices (483)
[2019.02.15-03.15.23:806][550]LogModuleManager: Shutting down and abandoning module AutomationController (480)
[2019.02.15-03.15.23:806][550]LogModuleManager: Shutting down and abandoning module AutomationWindow (478)
[2019.02.15-03.15.23:806][550]LogModuleManager: Shutting down and abandoning module Layers (476)
[2019.02.15-03.15.23:806][550]LogModuleManager: Shutting down and abandoning module ComponentVisualizers (474)
[2019.02.15-03.15.23:806][550]LogModuleManager: Shutting down and abandoning module DetailCustomizations (472)
[2019.02.15-03.15.23:806][550]LogModuleManager: Shutting down and abandoning module PackagesDialog (470)
[2019.02.15-03.15.23:806][550]LogModuleManager: Shutting down and abandoning module Persona (468)
[2019.02.15-03.15.23:806][550]LogModuleManager: Shutting down and abandoning module AdvancedPreviewScene (467)
[2019.02.15-03.15.23:806][550]LogModuleManager: Shutting down and abandoning module AnimGraph (465)
[2019.02.15-03.15.23:806][550]LogModuleManager: Shutting down and abandoning module Kismet (462)
[2019.02.15-03.15.23:814][550]LogModuleManager: Shutting down and abandoning module GraphEditor (460)
[2019.02.15-03.15.23:814][550]LogModuleManager: Shutting down and abandoning module ClassViewer (458)
[2019.02.15-03.15.23:814][550]LogModuleManager: Shutting down and abandoning module Toolbox (456)
[2019.02.15-03.15.23:814][550]LogModuleManager: Shutting down and abandoning module ModuleUI (454)
[2019.02.15-03.15.23:814][550]LogModuleManager: Shutting down and abandoning module MovieSceneTools (452)
[2019.02.15-03.15.23:814][550]LogModuleManager: Shutting down and abandoning module OutputLog (450)
[2019.02.15-03.15.23:815][550]LogModuleManager: Shutting down and abandoning module GammaUI (448)
[2019.02.15-03.15.23:815][550]LogModuleManager: Shutting down and abandoning module Documentation (446)
[2019.02.15-03.15.23:815][550]LogModuleManager: Shutting down and abandoning module MovieSceneTracks (444)
[2019.02.15-03.15.23:815][550]LogModuleManager: Shutting down and abandoning module MovieScene (442)
[2019.02.15-03.15.23:815][550]LogModuleManager: Shutting down and abandoning module StreamingPauseRendering (440)
[2019.02.15-03.15.23:815][550]LogModuleManager: Shutting down and abandoning module LauncherPlatform (438)
[2019.02.15-03.15.23:815][550]LogModuleManager: Shutting down and abandoning module AnalyticsET (436)
[2019.02.15-03.15.23:815][550]LogModuleManager: Shutting down and abandoning module PortalServices (434)
[2019.02.15-03.15.23:815][550]LogModuleManager: Shutting down and abandoning module PortalRpc (432)
[2019.02.15-03.15.23:815][550]LogModuleManager: Shutting down and abandoning module MessagingRpc (430)
[2019.02.15-03.15.23:815][550]LogModuleManager: Shutting down and abandoning module AIModule (428)
[2019.02.15-03.15.23:815][550]LogModuleManager: Shutting down and abandoning module GameplayDebugger (427)
[2019.02.15-03.15.23:815][550]LogModuleManager: Shutting down and abandoning module AITestSuite (425)
[2019.02.15-03.15.23:815][550]LogModuleManager: Shutting down and abandoning module NavigationSystem (423)
[2019.02.15-03.15.23:815][550]LogModuleManager: Shutting down and abandoning module DesktopPlatform (420)
[2019.02.15-03.15.23:815][550]LogModuleManager: Shutting down and abandoning module ProfilerService (418)
[2019.02.15-03.15.24:001][550]LogModuleManager: Shutting down and abandoning module TaskGraph (416)
[2019.02.15-03.15.24:001][550]LogModuleManager: Shutting down and abandoning module SteamVRController (414)
[2019.02.15-03.15.24:001][550]LogModuleManager: Shutting down and abandoning module SteamController (412)
[2019.02.15-03.15.24:001][550]LogModuleManager: Shutting down and abandoning module ProceduralMeshComponentEditor (410)
[2019.02.15-03.15.24:001][550]LogModuleManager: Shutting down and abandoning module ProceduralMeshComponent (408)
[2019.02.15-03.15.24:001][550]LogModuleManager: Shutting down and abandoning module OculusInput (406)
[2019.02.15-03.15.24:001][550]LogModuleManager: Shutting down and abandoning module MobilePatchingUtils (404)
[2019.02.15-03.15.24:001][550]LogModuleManager: Shutting down and abandoning module EditableMesh (402)
[2019.02.15-03.15.24:001][550]LogModuleManager: Shutting down and abandoning module CustomMeshComponent (400)
[2019.02.15-03.15.24:001][550]LogModuleManager: Shutting down and abandoning module CableComponent (398)
[2019.02.15-03.15.24:001][550]LogModuleManager: Shutting down and abandoning module AudioCapture (396)
[2019.02.15-03.15.24:001][550]LogModuleManager: Shutting down and abandoning module ArchVisCharacter (394)
[2019.02.15-03.15.24:001][550]LogModuleManager: Shutting down and abandoning module AndroidPermission (392)
[2019.02.15-03.15.24:001][550]LogModuleManager: Shutting down and abandoning module LoginFlow (388)
[2019.02.15-03.15.24:001][550]LogModuleManager: Shutting down and abandoning module PlayTimeLimit (386)
[2019.02.15-03.15.24:001][550]LogModuleManager: Shutting down and abandoning module Rejoin (384)
[2019.02.15-03.15.24:001][550]LogModuleManager: Shutting down and abandoning module Hotfix (382)
[2019.02.15-03.15.24:001][550]LogModuleManager: Shutting down and abandoning module Lobby (380)
[2019.02.15-03.15.24:001][550]LogModuleManager: Shutting down and abandoning module Party (378)
[2019.02.15-03.15.24:001][550]LogModuleManager: Shutting down and abandoning module Qos (376)
[2019.02.15-03.15.24:001][550]LogModuleManager: Shutting down and abandoning module NUTUnrealEngine4 (374)
[2019.02.15-03.15.24:002][550]LogModuleManager: Shutting down and abandoning module NetcodeUnitTest (372)
[2019.02.15-03.15.24:002][550]LogModuleManager: Shutting down and abandoning module MediaCompositingEditor (370)
[2019.02.15-03.15.24:002][550]LogModuleManager: Shutting down and abandoning module MediaCompositing (368)
[2019.02.15-03.15.24:002][550]LogModuleManager: Shutting down and abandoning module LinearTimecode (366)
[2019.02.15-03.15.24:002][550]LogModuleManager: Shutting down and abandoning module ImgMedia (364)
[2019.02.15-03.15.24:008][550]LogModuleManager: Shutting down and abandoning module HTML5Networking (362)
[2019.02.15-03.15.24:008][550]LogModuleManager: Shutting down and abandoning module GeometryCacheTracks (360)
[2019.02.15-03.15.24:008][550]LogModuleManager: Shutting down and abandoning module GeometryCacheSequencer (358)
[2019.02.15-03.15.24:008][550]LogModuleManager: Shutting down and abandoning module BackChannel (356)
[2019.02.15-03.15.24:008][550]LogModuleManager: Shutting down and abandoning module AppleVision (354)
[2019.02.15-03.15.24:008][550]LogModuleManager: Shutting down and abandoning module AppleImageUtils (352)
[2019.02.15-03.15.24:008][550]LogModuleManager: Shutting down and abandoning module AlembicImporter (350)
[2019.02.15-03.15.24:008][550]LogModuleManager: Shutting down and abandoning module AlembicLibrary (349)
[2019.02.15-03.15.24:008][550]LogModuleManager: Shutting down and abandoning module GeometryCache (348)
[2019.02.15-03.15.24:008][550]LogModuleManager: Shutting down and abandoning module GeometryCacheEd (347)
[2019.02.15-03.15.24:008][550]LogModuleManager: Shutting down and abandoning module DatasmithContentEditor (342)
[2019.02.15-03.15.24:008][550]LogModuleManager: Shutting down and abandoning module DatasmithContent (340)
[2019.02.15-03.15.24:009][550]LogModuleManager: Shutting down and abandoning module SpeedTreeImporter (338)
[2019.02.15-03.15.24:009][550]LogModuleManager: Shutting down and abandoning module PluginBrowser (336)
[2019.02.15-03.15.24:009][550]LogModuleManager: Shutting down and abandoning module MobileLauncherProfileWizard (334)
[2019.02.15-03.15.24:009][550]LogModuleManager: Shutting down and abandoning module PolygonModeling (332)
[2019.02.15-03.15.24:009][550]LogModuleManager: Shutting down and abandoning module MeshEditor (330)
[2019.02.15-03.15.24:009][550]LogModuleManager: Shutting down and abandoning module CryptoKeysOpenSSL (328)
[2019.02.15-03.15.24:009][550]LogModuleManager: Shutting down and abandoning module CryptoKeys (326)
[2019.02.15-03.15.24:009][550]LogModuleManager: Shutting down and abandoning module VisualStudioSourceCodeAccess (324)
[2019.02.15-03.15.24:010][550]LogModuleManager: Shutting down and abandoning module VisualStudioCodeSourceCodeAccess (322)
[2019.02.15-03.15.24:010][550]LogModuleManager: Shutting down and abandoning module UObjectPlugin (320)
[2019.02.15-03.15.24:010][550]LogModuleManager: Shutting down and abandoning module SubversionSourceControl (318)
[2019.02.15-03.15.24:010][550]LogModuleManager: Shutting down and abandoning module PerforceSourceControl (316)
[2019.02.15-03.15.24:010][550]LogModuleManager: Shutting down and abandoning module GitSourceControl (314)
[2019.02.15-03.15.24:010][550]LogModuleManager: Shutting down and abandoning module SourceControl (313)
[2019.02.15-03.15.24:010][550]LogModuleManager: Shutting down and abandoning module CLionSourceCodeAccess (310)
[2019.02.15-03.15.24:010][550]LogModuleManager: Shutting down and abandoning module LightPropagationVolumeEditor (308)
[2019.02.15-03.15.24:010][550]LogModuleManager: Shutting down and abandoning module PaperTiledImporter (306)
[2019.02.15-03.15.24:010][550]LogModuleManager: Shutting down and abandoning module PaperSpriteSheetImporter (304)
[2019.02.15-03.15.24:010][550]LogModuleManager: Shutting down and abandoning module Paper2DEditor (302)
[2019.02.15-03.15.24:010][550]LogModuleManager: Shutting down and abandoning module MeshPaint (301)
[2019.02.15-03.15.24:010][550]LogModuleManager: Shutting down and abandoning module RuntimePhysXCooking (298)
[2019.02.15-03.15.24:010][550]LogModuleManager: Shutting down and abandoning module PhysXVehiclesEditor (296)
[2019.02.15-03.15.24:010][550]LogModuleManager: Shutting down and abandoning module PhysXVehicles (294)
[2019.02.15-03.15.24:010][550]LogModuleManager: Shutting down and abandoning module OculusEditor (292)
[2019.02.15-03.15.24:010][550]LogModuleManager: Shutting down and abandoning module LocationServicesBPLibrary (290)
[2019.02.15-03.15.24:010][550]LogModuleManager: Shutting down and abandoning module ImmediatePhysicsEditor (288)
[2019.02.15-03.15.24:010][550]LogModuleManager: Shutting down and abandoning module ImmediatePhysics (286)
[2019.02.15-03.15.24:010][550]LogModuleManager: Shutting down and abandoning module ActorSequence (284)
[2019.02.15-03.15.24:010][550]LogModuleManager: Shutting down and abandoning module UdpMessaging (282)
[2019.02.15-03.15.24:112][550]LogModuleManager: Shutting down and abandoning module TcpMessaging (280)
[2019.02.15-03.15.24:213][550]LogModuleManager: Shutting down and abandoning module MagicLeapAudio (278)
[2019.02.15-03.15.24:213][550]LogModuleManager: Shutting down and abandoning module GameplayTagsEditor (276)
[2019.02.15-03.15.24:213][550]LogModuleManager: Shutting down and abandoning module FacialAnimationEditor (274)
[2019.02.15-03.15.24:213][550]LogModuleManager: Shutting down and abandoning module FacialAnimation (272)
[2019.02.15-03.15.24:213][550]LogModuleManager: Shutting down and abandoning module DataValidation (270)
[2019.02.15-03.15.24:213][550]LogModuleManager: Shutting down and abandoning module AssetManagerEditor (268)
[2019.02.15-03.15.24:213][550]LogModuleManager: Shutting down and abandoning module LevelEditor (267)
[2019.02.15-03.15.24:214][550]LogModuleManager: Shutting down and abandoning module PixelInspectorModule (266)
[2019.02.15-03.15.24:214][550]LogModuleManager: Shutting down and abandoning module CommonMenuExtensions (264)
[2019.02.15-03.15.24:214][550]LogModuleManager: Shutting down and abandoning module MainFrame (262)
[2019.02.15-03.15.24:214][550]LogModuleManager: Shutting down and abandoning module HotReload (261)
[2019.02.15-03.15.24:215][550]LogModuleManager: Shutting down and abandoning module ContentBrowser (257)
[2019.02.15-03.15.24:215][550]LogModuleManager: Shutting down and abandoning module TreeMap (255)
[2019.02.15-03.15.24:216][550]LogModuleManager: Shutting down and abandoning module LightPropagationVolumeRuntime (252)
[2019.02.15-03.15.24:216][550]LogModuleManager: Shutting down and abandoning module AISupportModule (250)
[2019.02.15-03.15.24:216][550]LogModuleManager: Shutting down and abandoning module Paper2D (248)
[2019.02.15-03.15.24:216][550]LogModuleManager: Shutting down and abandoning module WindowsMoviePlayer (246)
[2019.02.15-03.15.24:216][550]LogModuleManager: Shutting down and abandoning module WmfMedia (244)
[2019.02.15-03.15.24:217][550]LogModuleManager: Shutting down and abandoning module Media (243)
[2019.02.15-03.15.24:224][550]LogModuleManager: Shutting down and abandoning module PacketHandler (240)
[2019.02.15-03.15.24:224][550]LogModuleManager: Shutting down and abandoning module ClothingSystemEditor (238)
[2019.02.15-03.15.24:224][550]LogModuleManager: Shutting down and abandoning module ClothingSystemRuntime (236)
[2019.02.15-03.15.24:225][550]LogModuleManager: Shutting down and abandoning module MediaAssets (234)
[2019.02.15-03.15.24:225][550]LogModuleManager: Shutting down and abandoning module Overlay (232)
[2019.02.15-03.15.24:225][550]LogModuleManager: Shutting down and abandoning module OverlayEditor (231)
[2019.02.15-03.15.24:225][550]LogModuleManager: Shutting down and abandoning module VREditor (228)
[2019.02.15-03.15.24:225][550]LogModuleManager: Shutting down and abandoning module StringTableEditor (226)
[2019.02.15-03.15.24:225][550]LogModuleManager: Shutting down and abandoning module GameplayTasksEditor (224)
[2019.02.15-03.15.24:225][550]LogModuleManager: Shutting down and abandoning module BehaviorTreeEditor (222)
[2019.02.15-03.15.24:225][550]LogModuleManager: Shutting down and abandoning module FunctionalTesting (220)
[2019.02.15-03.15.24:225][550]LogModuleManager: Shutting down and abandoning module CollisionAnalyzer (218)
[2019.02.15-03.15.24:225][550]LogModuleManager: Shutting down and abandoning module WorkspaceMenuStructure (217)
[2019.02.15-03.15.24:225][550]LogModuleManager: Shutting down and abandoning module UMG (214)
[2019.02.15-03.15.24:225][550]LogModuleManager: Shutting down and abandoning module UMGEditor (213)
[2019.02.15-03.15.24:225][550]LogModuleManager: Shutting down and abandoning module Sequencer (212)
[2019.02.15-03.15.24:225][550]LogModuleManager: Shutting down and abandoning module MessageLog (209)
[2019.02.15-03.15.24:225][550]LogModuleManager: Shutting down and abandoning module SlateReflector (204)
[2019.02.15-03.15.24:225][550]LogModuleManager: Shutting down and abandoning module Slate (202)
[2019.02.15-03.15.24:225][550]LogModuleManager: Shutting down and abandoning module EditorStyle (200)
[2019.02.15-03.15.24:227][550]LogModuleManager: Shutting down and abandoning module MRMesh (198)
[2019.02.15-03.15.24:227][550]LogModuleManager: Shutting down and abandoning module SourceCodeAccess (196)
[2019.02.15-03.15.24:227][550]LogModuleManager: Shutting down and abandoning module HeadMountedDisplay (194)
[2019.02.15-03.15.24:227][550]LogModuleManager: Shutting down and abandoning module XAudio2 (192)
[2019.02.15-03.15.24:227][550]LogModuleManager: Shutting down and abandoning module Networking (190)
[2019.02.15-03.15.24:227][550]LogModuleManager: Shutting down and abandoning module Core (188)
[2019.02.15-03.15.24:227][550]LogModuleManager: Shutting down and abandoning module LevelSequence (186)
[2019.02.15-03.15.24:227][550]LogModuleManager: Shutting down and abandoning module KismetCompiler (184)
[2019.02.15-03.15.24:227][550]LogModuleManager: Shutting down and abandoning module MeshUtilities (182)
[2019.02.15-03.15.24:227][550]LogModuleManager: Shutting down and abandoning module MeshMergeUtilities (181)
[2019.02.15-03.15.24:227][550]LogModuleManager: Shutting down and abandoning module MeshReductionInterface (180)
[2019.02.15-03.15.24:227][550]LogModuleManager: Shutting down and abandoning module SimplygonSwarm (179)
[2019.02.15-03.15.24:227][550]LogModuleManager: Shutting down and abandoning module ProxyLODMeshReduction (177)
[2019.02.15-03.15.24:227][550]LogModuleManager: Shutting down and abandoning module SimplygonMeshReduction (175)
[2019.02.15-03.15.24:228][550]LogModuleManager: Shutting down and abandoning module QuadricMeshReduction (173)
[2019.02.15-03.15.24:228][550]LogModuleManager: Shutting down and abandoning module MaterialBaking (169)
[2019.02.15-03.15.24:228][550]LogModuleManager: Shutting down and abandoning module DirectoryWatcher (165)
[2019.02.15-03.15.24:228][550]LogModuleManager: Shutting down and abandoning module DerivedDataCache (162)
[2019.02.15-03.15.24:241][550]LogDerivedDataCache: Shutdown
[2019.02.15-03.15.24:241][550]LogModuleManager: Shutting down and abandoning module XGEController (160)
[2019.02.15-03.15.24:241][550]LogXGEController: Cleaning working directory: C:/Users/Fires/AppData/Local/Temp/UnrealXGEWorkingDir/
[2019.02.15-03.15.24:241][550]LogModuleManager: Shutting down and abandoning module TargetPlatform (158)
[2019.02.15-03.15.24:241][550]LogModuleManager: Shutting down and abandoning module VulkanShaderFormat (157)
[2019.02.15-03.15.24:241][550]LogModuleManager: Shutting down and abandoning module ShaderFormatVectorVM (155)
[2019.02.15-03.15.24:241][550]LogModuleManager: Shutting down and abandoning module ShaderFormatOpenGL (153)
[2019.02.15-03.15.24:241][550]LogModuleManager: Shutting down and abandoning module ShaderFormatD3D (151)
[2019.02.15-03.15.24:241][550]LogModuleManager: Shutting down and abandoning module MetalShaderFormat (149)
[2019.02.15-03.15.24:241][550]LogModuleManager: Shutting down and abandoning module TextureFormatUncompressed (147)
[2019.02.15-03.15.24:241][550]LogModuleManager: Shutting down and abandoning module TextureFormatPVR (145)
[2019.02.15-03.15.24:241][550]LogModuleManager: Shutting down and abandoning module TextureFormatDXT (143)
[2019.02.15-03.15.24:241][550]LogModuleManager: Shutting down and abandoning module TextureFormatIntelISPCTexComp (141)
[2019.02.15-03.15.24:241][550]LogModuleManager: Shutting down and abandoning module TextureFormatASTC (139)
[2019.02.15-03.15.24:241][550]LogModuleManager: Shutting down and abandoning module ImageWrapper (138)
[2019.02.15-03.15.24:241][550]LogModuleManager: Shutting down and abandoning module TextureFormatAndroid (135)
[2019.02.15-03.15.24:241][550]LogModuleManager: Shutting down and abandoning module AudioFormatOpus (133)
[2019.02.15-03.15.24:241][550]LogModuleManager: Shutting down and abandoning module AudioFormatOgg (131)
[2019.02.15-03.15.24:241][550]LogModuleManager: Shutting down and abandoning module AudioFormatADPCM (129)
[2019.02.15-03.15.24:241][550]LogModuleManager: Shutting down and abandoning module LuminTargetPlatform (127)
[2019.02.15-03.15.24:241][550]LogModuleManager: Shutting down and abandoning module LinuxTargetPlatform (125)
[2019.02.15-03.15.24:241][550]LogModuleManager: Shutting down and abandoning module LinuxServerTargetPlatform (123)
[2019.02.15-03.15.24:241][550]LogModuleManager: Shutting down and abandoning module LinuxNoEditorTargetPlatform (121)
[2019.02.15-03.15.24:242][550]LogModuleManager: Shutting down and abandoning module LinuxClientTargetPlatform (119)
[2019.02.15-03.15.24:242][550]LogModuleManager: Shutting down and abandoning module TVOSTargetPlatform (117)
[2019.02.15-03.15.24:243][550]LogModuleManager: Shutting down and abandoning module Messaging (115)
[2019.02.15-03.15.24:243][550]LogModuleManager: Shutting down and abandoning module IOSTargetPlatform (113)
[2019.02.15-03.15.24:244][550]LogModuleManager: Shutting down and abandoning module HTML5TargetPlatform (111)
[2019.02.15-03.15.24:244][550]LogModuleManager: Shutting down and abandoning module AndroidTargetPlatform (109)
[2019.02.15-03.15.24:251][550]LogModuleManager: Shutting down and abandoning module WindowsTargetPlatform (107)
[2019.02.15-03.15.24:251][550]LogModuleManager: Shutting down and abandoning module WindowsServerTargetPlatform (105)
[2019.02.15-03.15.24:251][550]LogModuleManager: Shutting down and abandoning module WindowsNoEditorTargetPlatform (103)
[2019.02.15-03.15.24:251][550]LogModuleManager: Shutting down and abandoning module WindowsClientTargetPlatform (101)
[2019.02.15-03.15.24:251][550]LogModuleManager: Shutting down and abandoning module MacTargetPlatform (99)
[2019.02.15-03.15.24:251][550]LogModuleManager: Shutting down and abandoning module MacServerTargetPlatform (97)
[2019.02.15-03.15.24:251][550]LogModuleManager: Shutting down and abandoning module MacNoEditorTargetPlatform (95)
[2019.02.15-03.15.24:251][550]LogModuleManager: Shutting down and abandoning module MacClientTargetPlatform (93)
[2019.02.15-03.15.24:251][550]LogModuleManager: Shutting down and abandoning module AllDesktopTargetPlatform (91)
[2019.02.15-03.15.24:252][550]LogModuleManager: Shutting down and abandoning module InputCore (88)
[2019.02.15-03.15.24:252][550]LogModuleManager: Shutting down and abandoning module Settings (86)
[2019.02.15-03.15.24:252][550]LogModuleManager: Shutting down and abandoning module PhysXCooking (84)
[2019.02.15-03.15.24:252][550]LogModuleManager: Shutting down and abandoning module SteamVR (82)
[2019.02.15-03.15.24:252][550]LogModuleManager: Shutting down and abandoning module OculusHMD (80)
[2019.02.15-03.15.24:252][550]LogModuleManager: Shutting down and abandoning module ExampleDeviceProfileSelector (78)
[2019.02.15-03.15.24:252][550]LogModuleManager: Shutting down and abandoning module LauncherChunkInstaller (76)
[2019.02.15-03.15.24:252][550]LogModuleManager: Shutting down and abandoning module OnlineBlueprintSupport (74)
[2019.02.15-03.15.24:252][550]LogModuleManager: Shutting down and abandoning module OnlineSubsystem (70)
[2019.02.15-03.15.24:252][550]LogModuleManager: Shutting down and abandoning module XMPP (65)
[2019.02.15-03.15.24:252][550]LogModuleManager: Shutting down and abandoning module WebSockets (64)
[2019.02.15-03.15.24:282][550]LogModuleManager: Shutting down and abandoning module HTTP (61)
[2019.02.15-03.15.24:282][550]LogHttp: Display: Http module shutting down, but needs to wait on 1 outstanding Http requests:
[2019.02.15-03.15.24:282][550]LogHttp: Display: 	verb=[POST] url=[https://datarouter.ol.epicgames.com/datarouter/api/v1/public/data?SessionID=%7B816B1BE2-48E8-F9E1-6643-85A1D0F5B6A0%7D&AppID=UEEditor.Rocket.Release&AppVersion=4.20.3-4369336%2B%2B%2BUE4%2BRelease-4.20&UserID=07a0d2d64662dd1680339d9718e2d666%7Cb1db12b2000c43619e5ed66b74fb5726%7Cdb0fc2f9-39c1-42f0-92a8-54506b413dd2&AppEnvironment=datacollector-binary&UploadType=eteventstream] status=Processing
[2019.02.15-03.15.24:304][550]LogModuleManager: Shutting down and abandoning module SSL (60)
[2019.02.15-03.15.24:305][550]LogModuleManager: Shutting down and abandoning module MagicLeapEmulator (56)
[2019.02.15-03.15.24:305][550]LogModuleManager: Shutting down and abandoning module MagicLeapPrivileges (54)
[2019.02.15-03.15.24:306][550]LogModuleManager: Shutting down and abandoning module MagicLeapIdentity (52)
[2019.02.15-03.15.24:306][550]LogModuleManager: Shutting down and abandoning module MagicLeapHelperVulkan (50)
[2019.02.15-03.15.24:306][550]LogModuleManager: Shutting down and abandoning module MagicLeapHelperOpenGL (48)
[2019.02.15-03.15.24:306][550]LogModuleManager: Shutting down and abandoning module MagicLeapSecureStorage (46)
[2019.02.15-03.15.24:306][550]LogModuleManager: Shutting down and abandoning module MagicLeapGestures (44)
[2019.02.15-03.15.24:306][550]LogModuleManager: Shutting down and abandoning module MagicLeapEyeTracker (42)
[2019.02.15-03.15.24:306][550]LogModuleManager: Shutting down and abandoning module MagicLeapController (40)
[2019.02.15-03.15.24:306][550]LogSlate: Slate User Destroyed.  User Index 0, Is Virtual User: 0
[2019.02.15-03.15.24:306][550]LogModuleManager: Shutting down and abandoning module MagicLeap (38)
[2019.02.15-03.15.24:306][550]LogModuleManager: Shutting down and abandoning module AnimationModifiers (36)
[2019.02.15-03.15.24:306][550]LogModuleManager: Shutting down and abandoning module PropertyEditor (35)
[2019.02.15-03.15.24:306][550]LogModuleManager: Shutting down and abandoning module AudioEditor (32)
[2019.02.15-03.15.24:306][550]LogModuleManager: Shutting down and abandoning module TextureCompressor (30)
[2019.02.15-03.15.24:306][550]LogModuleManager: Shutting down and abandoning module ShaderCore (28)
[2019.02.15-03.15.24:306][550]LogModuleManager: Shutting down and abandoning module Landscape (26)
[2019.02.15-03.15.24:306][550]LogModuleManager: Shutting down and abandoning module SlateRHIRenderer (24)
[2019.02.15-03.15.24:307][550]LogModuleManager: Shutting down and abandoning module OpenGLDrv (22)
[2019.02.15-03.15.24:308][550]LogModuleManager: Shutting down and abandoning module D3D11RHI (20)
[2019.02.15-03.15.24:308][550]LogModuleManager: Shutting down and abandoning module AnimGraphRuntime (18)
[2019.02.15-03.15.24:308][550]LogModuleManager: Shutting down and abandoning module Renderer (16)
[2019.02.15-03.15.24:308][550]LogModuleManager: Shutting down and abandoning module Engine (14)
[2019.02.15-03.15.24:308][550]LogModuleManager: Shutting down and abandoning module CoreUObject (12)
[2019.02.15-03.15.24:308][550]LogModuleManager: Shutting down and abandoning module NetworkFile (10)
[2019.02.15-03.15.24:308][550]LogModuleManager: Shutting down and abandoning module CookedIterativeFile (8)
[2019.02.15-03.15.24:308][550]LogModuleManager: Shutting down and abandoning module StreamingFile (6)
[2019.02.15-03.15.24:308][550]LogModuleManager: Shutting down and abandoning module SandboxFile (4)
[2019.02.15-03.15.24:308][550]LogModuleManager: Shutting down and abandoning module PakFile (2)
[2019.02.15-03.15.24:319][550]LogExit: Exiting.
[2019.02.15-03.15.24:327][550]Log file closed, 02/14/19 22:15:24
