Log file open, 01/21/19 23:33:12
LogWindows: Failed to load 'aqProf.dll' (GetLastError=126)
LogWindows: File 'aqProf.dll' does not exist
LogWindows: Failed to load 'VtuneApi.dll' (GetLastError=126)
LogWindows: File 'VtuneApi.dll' does not exist
LogWindows: Failed to load 'VtuneApi32e.dll' (GetLastError=126)
LogWindows: File 'VtuneApi32e.dll' does not exist
LogInit: Display: Running engine for game: TrenchTowers
LogPlatformFile: Not using cached read wrapper
LogTaskGraph: Started task graph with 5 named threads and 23 total threads with 3 sets of task threads.
LogStats: Stats thread started at 0.421822
LogD3D11RHI: Loaded GFSDK_Aftermath_Lib.x64.dll
LogICUInternationalization: Display: ICU TimeZone Detection - Raw Offset: -5:00, Platform Override: ''
LogPluginManager: Mounting plugin Paper2D
LogPluginManager: Mounting plugin AISupport
LogPluginManager: Mounting plugin LightPropagationVolume
LogPluginManager: Mounting plugin CLionSourceCodeAccess
LogPluginManager: Mounting plugin CodeLiteSourceCodeAccess
LogPluginManager: Mounting plugin GitSourceControl
LogPluginManager: Mounting plugin KDevelopSourceCodeAccess
LogPluginManager: Mounting plugin NullSourceCodeAccess
LogPluginManager: Mounting plugin PerforceSourceControl
LogPluginManager: Mounting plugin SubversionSourceControl
LogPluginManager: Mounting plugin UObjectPlugin
LogPluginManager: Mounting plugin VisualStudioCodeSourceCodeAccess
LogPluginManager: Mounting plugin VisualStudioSourceCodeAccess
LogPluginManager: Mounting plugin XCodeSourceCodeAccess
LogPluginManager: Mounting plugin AssetManagerEditor
LogPluginManager: Mounting plugin CryptoKeys
LogPluginManager: Mounting plugin DataValidation
LogPluginManager: Mounting plugin FacialAnimation
LogPluginManager: Mounting plugin GameplayTagsEditor
LogPluginManager: Mounting plugin MacGraphicsSwitching
LogPluginManager: Mounting plugin MeshEditor
LogPluginManager: Mounting plugin MobileLauncherProfileWizard
LogPluginManager: Mounting plugin PluginBrowser
LogPluginManager: Mounting plugin SpeedTreeImporter
LogPluginManager: Mounting plugin DatasmithContent
LogPluginManager: Mounting plugin AlembicImporter
LogPluginManager: Mounting plugin AppleImageUtils
LogPluginManager: Mounting plugin AppleVision
LogPluginManager: Mounting plugin BackChannel
LogPluginManager: Mounting plugin CharacterAI
LogPluginManager: Mounting plugin GeometryCache
LogPluginManager: Mounting plugin HTML5Networking
LogPluginManager: Mounting plugin ProxyLODPlugin
LogPluginManager: Mounting plugin MagicLeap
LogPluginManager: Mounting plugin MagicLeapEmulator
LogPluginManager: Mounting plugin MagicLeapMedia
LogPluginManager: Mounting plugin AndroidMedia
LogPluginManager: Mounting plugin AvfMedia
LogPluginManager: Mounting plugin ImgMedia
LogPluginManager: Mounting plugin LinearTimecode
LogPluginManager: Mounting plugin MediaCompositing
LogPluginManager: Mounting plugin MediaPlayerEditor
LogPluginManager: Mounting plugin WmfMedia
LogPluginManager: Mounting plugin TcpMessaging
LogPluginManager: Mounting plugin UdpMessaging
LogPluginManager: Mounting plugin ActorSequence
LogPluginManager: Mounting plugin LevelSequenceEditor
LogPluginManager: Mounting plugin MatineeToLevelSequence
LogPluginManager: Mounting plugin NetcodeUnitTest
LogPluginManager: Mounting plugin NUTUnrealEngine4
LogPluginManager: Mounting plugin OnlineSubsystemGooglePlay
LogPluginManager: Mounting plugin OnlineSubsystemIOS
LogPluginManager: Mounting plugin OnlineSubsystem
LogPluginManager: Mounting plugin OnlineSubsystemNull
LogPluginManager: Mounting plugin OnlineSubsystemSteam
LogPluginManager: Mounting plugin OnlineSubsystemUtils
LogPluginManager: Mounting plugin LauncherChunkInstaller
LogPluginManager: Mounting plugin AndroidDeviceProfileSelector
LogPluginManager: Mounting plugin AndroidMoviePlayer
LogPluginManager: Mounting plugin AndroidPermission
LogPluginManager: Mounting plugin AppleMoviePlayer
LogPluginManager: Mounting plugin ArchVisCharacter
LogPluginManager: Mounting plugin AudioCapture
LogPluginManager: Mounting plugin CableComponent
LogPluginManager: Mounting plugin CustomMeshComponent
LogPluginManager: Mounting plugin EditableMesh
LogPluginManager: Mounting plugin ExampleDeviceProfileSelector
LogPluginManager: Mounting plugin GoogleCloudMessaging
LogPluginManager: Mounting plugin ImmediatePhysics
LogPluginManager: Mounting plugin IOSDeviceProfileSelector
LogPluginManager: Mounting plugin LinuxDeviceProfileSelector
LogPluginManager: Mounting plugin LocationServicesBPLibrary
LogPluginManager: Mounting plugin MobilePatchingUtils
LogPluginManager: Mounting plugin OculusVR
LogPluginManager: Plugin shader directory ../../../Engine/Plugins/Runtime/Oculus/OculusVR/Shaders found
LogPluginManager: Mapping shader source directory ../../../Engine/Plugins/Runtime/Oculus/OculusVR/Shaders to virtual directory /Plugin/OculusVR
LogPluginManager: Mounting plugin PhysXVehicles
LogPluginManager: Mounting plugin ProceduralMeshComponent
LogPluginManager: Mounting plugin RuntimePhysXCooking
LogPluginManager: Mounting plugin SteamController
LogPluginManager: Mounting plugin SteamVR
LogPluginManager: Mounting plugin WindowsMoviePlayer
LogStreaming: Display: Took  0.117s to configure plugins.
LogInit: Using libcurl 7.55.1-DEV
LogInit:  - built for x86_64-pc-win32
LogInit:  - supports SSL with OpenSSL/1.0.2h
LogInit:  - supports HTTP deflate (compression) using libz 1.2.8
LogInit:  - other features:
LogInit:      CURL_VERSION_SSL
LogInit:      CURL_VERSION_LIBZ
LogInit:      CURL_VERSION_IPV6
LogInit:      CURL_VERSION_ASYNCHDNS
LogInit:      CURL_VERSION_LARGEFILE
LogInit:      CURL_VERSION_IDN
LogInit:  CurlRequestOptions (configurable via config and command line):
LogInit:  - bVerifyPeer = false  - Libcurl will NOT verify peer certificate
LogInit:  - bUseHttpProxy = false  - Libcurl will NOT use HTTP proxy
LogInit:  - bDontReuseConnections = false  - Libcurl will reuse connections
LogInit:  - CertBundlePath = nullptr  - Libcurl will use whatever was configured at build time.
LogInit:  - MaxHostConnections = 16  - Libcurl will limit the number of connections to a host
LogInit:  - LocalHostAddr = Default
LogInit:  - BufferSize = 65536
LogOnline: Display: STEAM: Loading Steam SDK 1.39
LogOnline: Warning: STEAM: Steam API disabled!
LogOnline: Display: STEAM: OnlineSubsystemSteam::Shutdown()
LogOnline: OSS: Unable to create OnlineSubsystem module Steam
LogOnline: Verbose: OSS: Created thread (ID:19244).
LogInit: WinSock: version 1.1 (2.2), MaxSocks=32767, MaxUdp=65467
LogInit: Build: ++UE4+Release-4.20-CL-4369336
LogInit: Engine Version: 4.20.3-4369336+++UE4+Release-4.20
LogInit: Compatible Engine Version: 4.20.0-4212847+++UE4+Release-4.20
LogInit: Net CL: 4212847
LogInit: OS: Windows 10 (), CPU: Intel(R) Core(TM) i7-6700HQ CPU @ 2.60GHz, GPU: Intel(R) HD Graphics 530
LogInit: Compiled (64-bit): Sep 17 2018 12:26:19
LogInit: Compiled with Visual C++: 19.13.26129.00
LogInit: Build Configuration: Development
LogInit: Branch Name: ++UE4+Release-4.20
LogInit: Command Line:  127.0.0.1:7777 -game -PIEVIACONSOLE -ResX=640 -ResY=480  -Multiprocess -messaging -SessionName="Play in Standalone Game" -windowed GameUserSettingsINI="D:/Program Files (x86)/TrenchTowers 4.20/Saved/Config/Windows/PIEGameUserSettings3.ini" -MultiprocessSaveConfig  -MultiprocessOSS WinX=664 WinY=31 SAVEWINPOS=1
LogInit: Base Directory: D:/Program Files/Epic Games/UE_4.20/Engine/Binaries/Win64/
LogInit: Installed Engine Build: 1
LogDevObjectVersion: Number of dev versions registered: 20
LogDevObjectVersion:   Dev-Blueprints (B0D832E4-1F89-4F0D-ACCF-7EB736FD4AA2): 10
LogDevObjectVersion:   Dev-Build (E1C64328-A22C-4D53-A36C-8E866417BD8C): 0
LogDevObjectVersion:   Dev-Core (375EC13C-06E4-48FB-B500-84F0262A717E): 2
LogDevObjectVersion:   Dev-Editor (E4B068ED-F494-42E9-A231-DA0B2E46BB41): 24
LogDevObjectVersion:   Dev-Framework (CFFC743F-43B0-4480-9391-14DF171D2073): 34
LogDevObjectVersion:   Dev-Mobile (B02B49B5-BB20-44E9-A304-32B752E40360): 2
LogDevObjectVersion:   Dev-Networking (A4E4105C-59A1-49B5-A7C5-40C4547EDFEE): 0
LogDevObjectVersion:   Dev-Online (39C831C9-5AE6-47DC-9A44-9C173E1C8E7C): 0
LogDevObjectVersion:   Dev-Physics (78F01B33-EBEA-4F98-B9B4-84EACCB95AA2): 0
LogDevObjectVersion:   Dev-Platform (6631380F-2D4D-43E0-8009-CF276956A95A): 0
LogDevObjectVersion:   Dev-Rendering (12F88B9F-8875-4AFC-A67C-D90C383ABD29): 26
LogDevObjectVersion:   Dev-Sequencer (7B5AE74C-D270-4C10-A958-57980B212A5A): 9
LogDevObjectVersion:   Dev-VR (D7296918-1DD6-4BDD-9DE2-64A83CC13884): 2
LogDevObjectVersion:   Dev-LoadTimes (C2A15278-BFE7-4AFE-6C17-90FF531DF755): 1
LogDevObjectVersion:   Private-Geometry (6EACA3D4-40EC-4CC1-B786-8BED09428FC5): 3
LogDevObjectVersion:   Dev-AnimPhys (29E575DD-E0A3-4627-9D10-D276232CDCEA): 17
LogDevObjectVersion:   Dev-ReflectionCapture (6B266CEC-1EC7-4B8F-A30B-E4D90942FC07): 1
LogDevObjectVersion:   Dev-Automation (0DF73D61-A23F-47EA-B727-89E90C41499A): 1
LogDevObjectVersion:   FortniteMain (601D1886-AC64-4F84-AA16-D3DE0DEAC7D6): 12
LogDevObjectVersion:   Dev-Enterprise (9DFFBCD6-494F-0158-E221-12823C92A888): 1
LogStreaming: Display: Took  0.006s to delete old logs.
LogInit: Presizing for max 8388607 objects, including 0 objects not considered by GC, pre-allocating 0 bytes for permanent pool.
LogInit: Object subsystem initialized
[2019.01.22-04.33.13:004][  0]LogInit: Selected Device Profile: [Windows]
[2019.01.22-04.33.13:004][  0]LogInit: Applying CVar settings loaded from the selected device profile: [Windows]
[2019.01.22-04.33.13:011][  0]LogHAL: Display: Platform has ~ 16 GB [17044942848 / 17179869184 / 16], which maps to Larger [LargestMinGB=32, LargerMinGB=12, DefaultMinGB=8, SmallerMinGB=6, SmallestMinGB=0)
[2019.01.22-04.33.13:011][  0]LogInit: Setting Device Profile CVar: [[r.Vulkan.UseRealUBs:1]]
[2019.01.22-04.33.13:011][  0]LogInit: Going up to parent DeviceProfile []
[2019.01.22-04.33.13:012][  0]LogInit: Computer: DESKTOP-RI1ETNT
[2019.01.22-04.33.13:012][  0]LogInit: User: Fires
[2019.01.22-04.33.13:012][  0]LogInit: CPU Page size=4096, Cores=4
[2019.01.22-04.33.13:012][  0]LogInit: High frequency timer resolution =10.000000 MHz
[2019.01.22-04.33.13:013][  0]LogMemory: Memory total: Physical=15.9GB (16GB approx)
[2019.01.22-04.33.13:013][  0]LogMemory: Platform Memory Stats for Windows
[2019.01.22-04.33.13:013][  0]LogMemory: Process Physical Memory: 102.71 MB used, 102.72 MB peak
[2019.01.22-04.33.13:013][  0]LogMemory: Process Virtual Memory: 93.54 MB used, 93.54 MB peak
[2019.01.22-04.33.13:013][  0]LogMemory: Physical Memory: 7174.75 MB used,  9080.58 MB free, 16255.32 MB total
[2019.01.22-04.33.13:013][  0]LogMemory: Virtual Memory: 4646.36 MB used,  9080.58 MB free, 134217728.00 MB total
[2019.01.22-04.33.23:325][  0]LogInit: Using OS detected language (en-US).
[2019.01.22-04.33.23:325][  0]LogInit: Using OS detected locale (en-CA).
[2019.01.22-04.33.23:328][  0]LogTextLocalizationManager: No specific localization for 'en-US' exists, so the 'en' localization will be used.
[2019.01.22-04.33.23:865][  0]LogStreaming: Display: Took  0.541s to InitEngineTextLocalization.
[2019.01.22-04.33.24:346][  0]LogSlate: New Slate User Created.  User Index 0, Is Virtual User: 0
[2019.01.22-04.33.24:346][  0]LogSlate: Slate User Registered.  User Index 0, Is Virtual User: 0
[2019.01.22-04.33.24:535][  0]LogHMD: Failed to initialize OpenVR with code 110
[2019.01.22-04.33.24:535][  0]LogD3D11RHI: D3D11 adapters:
[2019.01.22-04.33.24:861][  0]LogD3D11RHI:    0. 'NVIDIA GeForce GTX 1070' (Feature Level 11_0)
[2019.01.22-04.33.24:861][  0]LogD3D11RHI:       8081/0/8127 MB DedicatedVideo/DedicatedSystem/SharedSystem, Outputs:1, VendorId:0x10de
[2019.01.22-04.33.25:232][  0]LogD3D11RHI:    1. 'Intel(R) HD Graphics 530' (Feature Level 11_0)
[2019.01.22-04.33.25:232][  0]LogD3D11RHI:       128/0/8127 MB DedicatedVideo/DedicatedSystem/SharedSystem, Outputs:0, VendorId:0x8086
[2019.01.22-04.33.25:237][  0]LogD3D11RHI:    2. 'Microsoft Basic Render Driver' (Feature Level 11_0)
[2019.01.22-04.33.25:237][  0]LogD3D11RHI:       0/0/8127 MB DedicatedVideo/DedicatedSystem/SharedSystem, Outputs:0, VendorId:0x1414
[2019.01.22-04.33.25:237][  0]LogD3D11RHI: Chosen D3D11 Adapter: 0
[2019.01.22-04.33.25:292][  0]LogD3D11RHI: Creating new Direct3DDevice
[2019.01.22-04.33.25:292][  0]LogD3D11RHI:     GPU DeviceId: 0x1ba1 (for the marketing name, search the web for "GPU Device Id")
[2019.01.22-04.33.25:292][  0]LogWindows: EnumDisplayDevices:
[2019.01.22-04.33.25:292][  0]LogWindows:    0. 'Intel(R) HD Graphics 530' (P:1 D:1)
[2019.01.22-04.33.25:293][  0]LogWindows:    1. 'Intel(R) HD Graphics 530' (P:0 D:0)
[2019.01.22-04.33.25:294][  0]LogWindows:    2. 'Intel(R) HD Graphics 530' (P:0 D:0)
[2019.01.22-04.33.25:294][  0]LogWindows:    3. 'NVIDIA GeForce GTX 1070' (P:0 D:0)
[2019.01.22-04.33.25:295][  0]LogWindows:    4. 'NVIDIA GeForce GTX 1070' (P:0 D:0)
[2019.01.22-04.33.25:296][  0]LogWindows:    5. 'NVIDIA GeForce GTX 1070' (P:0 D:0)
[2019.01.22-04.33.25:297][  0]LogWindows:    6. 'NVIDIA GeForce GTX 1070' (P:0 D:0)
[2019.01.22-04.33.25:297][  0]LogWindows: DebugString: PrimaryIsNotTheChoosenAdapter PrimaryIsNotTheChoosenAdapter PrimaryIsNotTheChoosenAdapter FoundDriverCount:4 
[2019.01.22-04.33.25:297][  0]LogD3D11RHI:     Adapter Name: NVIDIA GeForce GTX 1070
[2019.01.22-04.33.25:297][  0]LogD3D11RHI:   Driver Version: 417.22 (internal:25.21.14.1722, unified:417.22)
[2019.01.22-04.33.25:297][  0]LogD3D11RHI:      Driver Date: 11-29-2018
[2019.01.22-04.33.25:297][  0]LogRHI: Texture pool is 5656 MB (70% of 8081 MB)
[2019.01.22-04.33.25:374][  0]LogD3D11RHI: [Aftermath] Enabled and primed
[2019.01.22-04.33.25:374][  0]LogD3D11RHI: Async texture creation enabled
[2019.01.22-04.33.25:395][  0]LogD3D11RHI: GPU Timing Frequency: 1000.000000 (Debug: 2 2)
[2019.01.22-04.33.25:398][  0]LogShaderCompilers: Guid format shader working directory is -10 characters bigger than the processId version (../../../../../../Program Files (x86)/TrenchTowers 4.20/Intermediate/Shaders/WorkingDirectory/11024/).
[2019.01.22-04.33.25:398][  0]LogShaderCompilers: Cleaned the shader compiler working directory 'C:/Users/Fires/AppData/Local/Temp/UnrealShaderWorkingDir/8BE68DD74FFDFC8266A381A70DC17139/'.
[2019.01.22-04.33.27:470][  0]LogTemp: Display: Loaded TP WindowsClientTargetPlatform
[2019.01.22-04.33.27:514][  0]LogTemp: Display: Loaded TP WindowsNoEditorTargetPlatform
[2019.01.22-04.33.27:549][  0]LogTemp: Display: Loaded TP WindowsServerTargetPlatform
[2019.01.22-04.33.27:663][  0]LogTemp: Display: Loaded TP WindowsTargetPlatform
[2019.01.22-04.33.27:663][  0]LogTargetPlatformManager: Display: Building Assets For Windows
[2019.01.22-04.33.28:629][  0]LogXGEController: Cannot use XGE Controller as Incredibuild is not installed on this machine.
[2019.01.22-04.33.28:629][  0]LogShaderCompilers: Cannot use XGE Shader Compiler as Incredibuild is not installed on this machine.
[2019.01.22-04.33.28:629][  0]LogShaderCompilers: Display: Using Local Shader Compiler.
[2019.01.22-04.33.29:961][  0]LogDerivedDataCache: Display: Max Cache Size: 512 MB
[2019.01.22-04.33.30:040][  0]LogDerivedDataCache: Loaded boot cache 0.08s 71MB C:/Users/Fires/AppData/Local/UnrealEngine/4.20/DerivedDataCache/Boot.ddc.
[2019.01.22-04.33.30:040][  0]LogDerivedDataCache: Display: Loaded Boot cache: C:/Users/Fires/AppData/Local/UnrealEngine/4.20/DerivedDataCache/Boot.ddc
[2019.01.22-04.33.30:040][  0]LogDerivedDataCache: FDerivedDataBackendGraph:  Pak pak cache file ../../../../../../Program Files (x86)/TrenchTowers 4.20/DerivedDataCache/DDC.ddp not found, will not use a pak cache.
[2019.01.22-04.33.30:040][  0]LogDerivedDataCache: Unable to find inner node Pak for hierarchical cache Hierarchy.
[2019.01.22-04.33.30:041][  0]LogDerivedDataCache: FDerivedDataBackendGraph:  CompressedPak pak cache file ../../../../../../Program Files (x86)/TrenchTowers 4.20/DerivedDataCache/Compressed.ddp not found, will not use a pak cache.
[2019.01.22-04.33.30:041][  0]LogDerivedDataCache: Unable to find inner node CompressedPak for hierarchical cache Hierarchy.
[2019.01.22-04.33.30:060][  0]LogDerivedDataCache: Display: Pak cache opened for reading ../../../Engine/DerivedDataCache/Compressed.ddp.
[2019.01.22-04.33.30:074][  0]LogDerivedDataCache: Using Local data cache path C:/Users/Fires/AppData/Local/UnrealEngine/Common/DerivedDataCache: Writable
[2019.01.22-04.33.30:074][  0]LogDerivedDataCache: Shared data cache path not found in *engine.ini, will not use an Shared cache.
[2019.01.22-04.33.30:074][  0]LogDerivedDataCache: Unable to find inner node Shared for hierarchical cache Hierarchy.
[2019.01.22-04.33.30:107][  0]LogMaterial: Verifying Global Shaders for PCD3D_SM5
[2019.01.22-04.33.30:109][  0]LogSlate: Using FreeType 2.6.0
[2019.01.22-04.33.30:111][  0]LogSlate: SlateFontServices - WITH_FREETYPE: 1, WITH_HARFBUZZ: 1
[2019.01.22-04.33.30:332][  0]LogInit: Using OS detected language (en-US).
[2019.01.22-04.33.30:332][  0]LogInit: Using OS detected locale (en-CA).
[2019.01.22-04.33.30:333][  0]LogTextLocalizationManager: No localization for 'en-US' exists, so 'en' will be used for the language.
[2019.01.22-04.33.30:333][  0]LogTextLocalizationManager: No localization for 'en-CA' exists, so 'en' will be used for the locale.
[2019.01.22-04.33.30:828][  0]LogStreaming: Display: Took  0.496s to InitGameTextLocalization.
[2019.01.22-04.33.30:847][  0]LogAssetRegistry: FAssetRegistry took 0.0093 seconds to start up
[2019.01.22-04.33.31:220][  0]LogPackageLocalizationCache: Processed 11 localized package path(s) for 1 prioritized culture(s) in 0.030302 seconds
[2019.01.22-04.33.31:439][  0]LogInit: Selected Device Profile: [Windows]
[2019.01.22-04.33.31:786][  0]LogSimplygon: Simplygon DLL not present - disabling.
[2019.01.22-04.33.31:822][  0]LogMeshReduction: Using SimplygonSwarm for distributed automatic mesh merging
[2019.01.22-04.33.31:822][  0]LogMeshReduction: Using ProxyLODMeshReduction for automatic mesh merging
[2019.01.22-04.33.31:822][  0]LogMeshReduction: Using QuadricMeshReduction for automatic static mesh reduction
[2019.01.22-04.33.31:822][  0]LogMeshReduction: No automatic skeletal mesh reduction module available
[2019.01.22-04.33.31:854][  0]LogNetVersion: TrenchTowers 1.0.0, NetCL: 4212847, EngineNetVer: 5, GameNetVer: 0 (Checksum: 1537713906)
[2019.01.22-04.33.33:722][  0]LogMoviePlayer: Initializing movie player
[2019.01.22-04.33.34:251][  0]LogTcpMessaging: Initializing TcpMessaging bridge
[2019.01.22-04.33.34:267][  0]LogUdpMessaging: Initializing bridge on interface 0.0.0.0:0 to multicast group 230.0.0.1:6666.
[2019.01.22-04.33.34:585][  0]SourceControl: Source control is disabled
[2019.01.22-04.33.34:585][  0]SourceControl: Source control is disabled
[2019.01.22-04.33.34:604][  0]SourceControl: Source control is disabled
[2019.01.22-04.33.35:153][  0]LogAndroidPermission: UAndroidPermissionCallbackProxy::GetInstance
[2019.01.22-04.33.35:754][  0]LogOcInput: OculusInput pre-init called
[2019.01.22-04.33.35:841][  0]LogUObjectArray: 42177 objects as part of root set at end of initial load.
[2019.01.22-04.33.35:841][  0]LogUObjectAllocator: 7442624 out of 0 bytes used by permanent object pool.
[2019.01.22-04.33.35:841][  0]LogUObjectArray: CloseDisregardForGC: 0/0 objects in disregard for GC pool
[2019.01.22-04.33.36:027][  0]LogEngine: Initializing Engine...
[2019.01.22-04.33.36:029][  0]LogHMD: Failed to initialize OpenVR with code 110
[2019.01.22-04.33.36:047][  0]LogStats: UGameplayTagsManager::ConstructGameplayTagTree: Construct from data asset -  0.000 s
[2019.01.22-04.33.36:047][  0]LogStats: UGameplayTagsManager::ConstructGameplayTagTree: GameplayTagTreeChangedEvent.Broadcast -  0.000 s
[2019.01.22-04.33.36:342][  0]LogInit: Initializing FReadOnlyCVARCache
[2019.01.22-04.33.36:432][  0]LogInit: XAudio2 using 'Speakers / Headphones (Realtek Audio)' : 6 channels at 48 kHz using 32 bits per sample (channel mask 0x3f)
[2019.01.22-04.33.36:761][  0]LogInit: FAudioDevice initialized.
[2019.01.22-04.33.36:774][  0]LogNetVersion: Set ProjectVersion to 1.0.0.0. Version Checksum will be recalculated on next use.
[2019.01.22-04.33.36:774][  0]LogInit: Texture streaming: Enabled
[2019.01.22-04.33.37:506][  0]LogSlate: Updating window title bar state: overlay mode, drag disabled, window buttons hidden, title bar hidden
[2019.01.22-04.33.37:506][  0]LogInit: Display: Game Engine Initialized.
[2019.01.22-04.33.37:506][  0]LogGameplayTags: Display: UGameplayTagsManager::DoneAddingNativeTags. DelegateIsBound: 0
[2019.01.22-04.33.37:506][  0]LogStats: UGameplayTagsManager::ConstructGameplayTagTree: Construct from data asset -  0.000 s
[2019.01.22-04.33.37:506][  0]LogStats: UGameplayTagsManager::ConstructGameplayTagTree: GameplayTagTreeChangedEvent.Broadcast -  0.000 s
[2019.01.22-04.33.37:626][  0]LogInit: Display: Starting Game.
[2019.01.22-04.33.37:626][  0]LogNet: Browse: 127.0.0.1//Game/2DSideScrollerBP/Maps/MainMenu?Name=Player
[2019.01.22-04.33.37:626][  0]LogOnline: Warning: STEAM: Steam API disabled!
[2019.01.22-04.33.37:626][  0]LogOnline: Display: STEAM: OnlineSubsystemSteam::Shutdown()
[2019.01.22-04.33.37:627][  0]LogTemp: Display: ParseSettings for GameNetDriver
[2019.01.22-04.33.37:627][  0]LogTemp: Display: ParseSettings for IpNetDriver_0
[2019.01.22-04.33.37:627][  0]LogTemp: Display: ParseSettings for PendingNetDriver
[2019.01.22-04.33.37:627][  0]LogInit: WinSock: Socket queue 32768 / 32768
[2019.01.22-04.33.37:634][  0]LogInit: WinSock: I am DESKTOP-RI1ETNT (192.168.1.115:0)
[2019.01.22-04.33.37:635][  0]PacketHandlerLog: Loaded PacketHandler component: Engine.EngineHandlerComponentFactory (StatelessConnectHandlerComponent)
[2019.01.22-04.33.37:635][  0]LogNet: Game client on port 7777, rate 10000
[2019.01.22-04.33.37:954][  0]LogLoad: (Engine Initialization) Total time: 35.93 seconds
[2019.01.22-04.33.37:954][  0]LogLoad: (Engine Initialization) Total Blueprint compile time: 0.00 seconds
[2019.01.22-04.33.38:165][  0]LogSteamController: SteamController is not available
[2019.01.22-04.33.38:166][  0]LogHandshake: SendChallengeResponse. Timestamp: 0.034105, Cookie: 180062215033014230155229024108061188213190085229004056104063
[2019.01.22-04.33.38:170][  0]LogContentStreaming: Texture pool size now 1000 MB
[2019.01.22-04.33.38:228][  4]LogNetVersion: TrenchTowers 1.0.0.0, NetCL: 4212847, EngineNetVer: 5, GameNetVer: 0 (Checksum: 2119075378)
[2019.01.22-04.33.38:228][  4]LogNet: UPendingNetGame::SendInitialJoin: Sending hello. [UNetConnection] RemoteAddr: 127.0.0.1:7777, Name: IpConnection_0, Driver: PendingNetDriver IpNetDriver_0, IsServer: NO, PC: NULL, Owner: NULL, UniqueId: INVALID
[2019.01.22-04.33.38:317][  9]LogNet: Welcomed by server (Level: /Game/2DSideScrollerBP/Maps/MainMenu, Game: /Game/2DSideScrollerBP/Blueprints/Gameplay/2DSideScrollerGameMode.2DSideScrollerGameMode_C)
[2019.01.22-04.33.38:317][  9]LogLoad: LoadMap: 127.0.0.1//Game/2DSideScrollerBP/Maps/MainMenu?Name=Player?game=/Game/2DSideScrollerBP/Blueprints/Gameplay/2DSideScrollerGameMode.2DSideScrollerGameMode_C
[2019.01.22-04.33.38:414][  9]LogAIModule: Creating AISystem for world MainMenu
[2019.01.22-04.33.38:415][  9]LogTemp: Display: ParseSettings for GameNetDriver
[2019.01.22-04.33.38:416][  9]LogWorld: Bringing World /Game/2DSideScrollerBP/Maps/MainMenu.MainMenu up for play (max tick rate 0) at 2019.01.21-23.33.38
[2019.01.22-04.33.38:416][  9]LogWorld: Bringing up level for play took: 0.000568
[2019.01.22-04.33.38:418][  9]LogLoad: Took 0.100181 seconds to LoadMap(/Game/2DSideScrollerBP/Maps/MainMenu)
[2019.01.22-04.33.38:471][ 10]LogRenderer: Reallocating scene render targets to support 640x480 Format 10 NumSamples 1 (Frame:1).
[2019.01.22-04.33.38:830][ 10]LogPlayerController: Error: EnableInput can only be specified on a PlayerController for itself
[2019.01.22-04.33.38:831][ 10]LogOnline: Warning: OSS: No game present to join for session (GameSession)
[2019.01.22-04.33.38:831][ 10]LogOnline: Warning: OSS: No game present to join for session (GameSession)
[2019.01.22-04.33.38:838][ 10]LogScript: Warning: Accessed None trying to read property PlayerState
	MainMenu_C /Engine/Transient.GameEngine_0:TrenchGameInstance_C_0.MainMenu_C_0
	Function /Game/2DSideScrollerBP/Blueprints/GameUI/MainMenu.MainMenu_C:ExecuteUbergraph_MainMenu:0D69
[2019.01.22-04.33.38:838][ 10]LogScript: Warning: Script call stack:
	Function /Game/2DSideScrollerBP/Blueprints/GameUI/MainMenu.MainMenu_C:Construct
	Function /Game/2DSideScrollerBP/Blueprints/GameUI/MainMenu.MainMenu_C:ExecuteUbergraph_MainMenu

[2019.01.22-04.33.38:838][ 10]LogOnline: Warning: OSS: No game present to join for session (GameSession)
[2019.01.22-04.33.39:294][ 38]LogOnline: Warning: OSS: No game present to join for session (GameSession)
[2019.01.22-04.33.39:295][ 38]LogOnline: Warning: OSS: No game present to join for session (GameSession)
[2019.01.22-04.33.39:343][ 41]LogOnline: Warning: OSS: No game present to join for session (GameSession)
[2019.01.22-04.34.22:541][641]LogRenderer: Reallocating scene render targets to support 1920x1060 Format 10 NumSamples 1 (Frame:2636).
[2019.01.22-04.34.24:569][758]LogRenderer: Reallocating scene render targets to support 640x480 Format 10 NumSamples 1 (Frame:2752).
[2019.01.22-04.35.04:491][229]LogOnline: Warning: OSS: No game present to leave for session (GameSession)
[2019.01.22-04.36.09:332][247]LogSlate: FSceneViewport::OnFocusLost() reason 0
[2019.01.22-04.36.09:378][250]LogScript: Warning: Accessed None trying to read property SaveGameRef
	MainMenu_C /Engine/Transient.GameEngine_0:TrenchGameInstance_C_0.MainMenu_C_0
	Function /Game/2DSideScrollerBP/Blueprints/GameUI/MainMenu.MainMenu_C:ExecuteUbergraph_MainMenu:0A02
[2019.01.22-04.36.09:378][250]LogScript: Warning: Script call stack:
	Function /Game/2DSideScrollerBP/Blueprints/GameUI/MainMenu.MainMenu_C:BndEvt__PlayGameButton_K2Node_ComponentBoundEvent_1_OnButtonClickedEvent__DelegateSignature
	Function /Game/2DSideScrollerBP/Blueprints/GameUI/MainMenu.MainMenu_C:ExecuteUbergraph_MainMenu

[2019.01.22-04.36.09:378][250]LogScript: Warning: Attempted to assign to None
	MainMenu_C /Engine/Transient.GameEngine_0:TrenchGameInstance_C_0.MainMenu_C_0
	Function /Game/2DSideScrollerBP/Blueprints/GameUI/MainMenu.MainMenu_C:ExecuteUbergraph_MainMenu:0A17
[2019.01.22-04.36.09:378][250]LogScript: Warning: Script call stack:
	Function /Game/2DSideScrollerBP/Blueprints/GameUI/MainMenu.MainMenu_C:BndEvt__PlayGameButton_K2Node_ComponentBoundEvent_1_OnButtonClickedEvent__DelegateSignature
	Function /Game/2DSideScrollerBP/Blueprints/GameUI/MainMenu.MainMenu_C:ExecuteUbergraph_MainMenu

[2019.01.22-04.36.09:378][250]LogBlueprintUserMessages: [MainMenu_C_0] true
[2019.01.22-04.36.09:379][250]LogBlueprintUserMessages: [MainMenu_C_0] notvalid
[2019.01.22-04.36.11:653][391]LogBlueprintUserMessages: [MainMenu_C_0] 
[2019.01.22-04.36.11:653][391]LogBlueprintUserMessages: [TrenchGameInstance_C_0] yes
[2019.01.22-04.36.11:655][391]LogOnline: Verbose: OSS: Listening for LAN beacon requests on 14001
[2019.01.22-04.36.12:436][391]LogPackageName: SearchForPackageOnDisk took   0.780s to resolve 2DSideScrollerExampleMap.umap.
[2019.01.22-04.36.13:145][391]LogPackageName: SearchForPackageOnDisk took   0.709s to resolve 2DSideScrollerExampleMap.umap.
[2019.01.22-04.36.13:145][391]LogNet: Browse: /Game/2DSideScrollerBP/Maps/2DSideScrollerExampleMap
[2019.01.22-04.36.13:145][391]LogLoad: LoadMap: /Game/2DSideScrollerBP/Maps/2DSideScrollerExampleMap
[2019.01.22-04.36.13:145][391]LogNet: World NetDriver shutdown IpNetDriver_0 [GameNetDriver]
[2019.01.22-04.36.13:145][391]LogNet: DestroyNamedNetDriver IpNetDriver_0 [GameNetDriver]
[2019.01.22-04.36.13:146][391]LogNet: UNetConnection::Close: [UNetConnection] RemoteAddr: 127.0.0.1:7777, Name: IpConnection_0, Driver: GameNetDriver IpNetDriver_0, IsServer: NO, PC: MouseAndMove_C_0, Owner: MouseAndMove_C_0, UniqueId: NULL:DESKTOP-RI1ETNT-9FE5507541EC7306E6E0D3BFFB8F48D4, Channels: 12, Time: 2019.01.22-04.36.13
[2019.01.22-04.36.13:146][391]LogNet: UChannel::Close: Sending CloseBunch. ChIndex == 0. Name: [UChannel] ChIndex: 0, Closing: 0 [UNetConnection] RemoteAddr: 127.0.0.1:7777, Name: IpConnection_0, Driver: GameNetDriver IpNetDriver_0, IsServer: NO, PC: MouseAndMove_C_0, Owner: MouseAndMove_C_0, UniqueId: NULL:DESKTOP-RI1ETNT-9FE5507541EC7306E6E0D3BFFB8F48D4
[2019.01.22-04.36.13:146][391]LogExit: GameNetDriver IpNetDriver_0 shut down
[2019.01.22-04.36.15:538][391]LogMaterial: Display: Missing cached shader map for material DefaultSpriteMaterial, compiling. 
[2019.01.22-04.36.15:588][391]LogShaderCompilers: Display: Shaders left to compile 13
[2019.01.22-04.36.15:588][391]LogShaderCompilers: Display: Shaders left to compile 3
[2019.01.22-04.36.15:589][391]LogMaterial: Display: Missing cached shader map for material NewBaseFlattenMaterial, compiling. 
[2019.01.22-04.36.15:851][391]LogShaderCompilers: Display: Shaders left to compile 213
[2019.01.22-04.36.15:851][391]LogShaderCompilers: Display: Shaders left to compile 203
[2019.01.22-04.36.15:858][391]LogMaterial: Display: Missing cached shader map for material NewBaseFlattenMaterial, compiling. 
[2019.01.22-04.36.16:033][391]LogAIModule: Creating AISystem for world 2DSideScrollerExampleMap
[2019.01.22-04.36.16:034][391]LogLoad: Game class is '2DSideScrollerGameMode_C'
[2019.01.22-04.36.16:077][391]LogWorld: Bringing World /Game/2DSideScrollerBP/Maps/2DSideScrollerExampleMap.2DSideScrollerExampleMap up for play (max tick rate 0) at 2019.01.21-23.36.16
[2019.01.22-04.36.16:078][391]LogWorld: Bringing up level for play took: 0.041522
[2019.01.22-04.36.16:081][391]LogScript: Warning: Script Msg: Attempted to access index 0 from array 'Targets' of length 0 in '/Game/2DSideScrollerBP/Blueprints/Minions/Tower.Tower_C'!
[2019.01.22-04.36.16:081][391]LogScript: Warning: Script Msg: Attempted to access index 0 from array 'Targets' of length 0 in '/Game/2DSideScrollerBP/Blueprints/Minions/Tower.Tower_C'!
[2019.01.22-04.36.16:089][391]LogLoad: Took 2.943405 seconds to LoadMap(/Game/2DSideScrollerBP/Maps/2DSideScrollerExampleMap)
[2019.01.22-04.36.16:389][406]LogBlueprintUserMessages: [Cube_Blueprint] land
[2019.01.22-04.36.17:689][486]LogOutputDevice: Warning: 

Script Stack:
TroopSpawner_C.ExecuteUbergraph_TroopSpawner

[2019.01.22-04.36.20:755][486]LogShaderCompilers: Display: Shaders left to compile 406
[2019.01.22-04.36.20:755][486]LogStats: FPlatformStackWalk::StackWalkAndDump -  3.065 s
[2019.01.22-04.36.20:755][486]LogOutputDevice: Error: === Handled ensure: ===
[2019.01.22-04.36.20:755][486]LogOutputDevice: Error: 
[2019.01.22-04.36.20:755][486]LogOutputDevice: Error: Ensure condition failed: Cast<APawn>(NewUpdatedComponent->GetOwner()) [File:D:\Build\++UE4\Sync\Engine\Source\Runtime\Engine\Private\Components\PawnMovementComponent.cpp] [Line: 16]
[2019.01.22-04.36.20:755][486]LogOutputDevice: Error: FloatingPawnMovement must update a component owned by a Pawn
[2019.01.22-04.36.20:755][486]LogOutputDevice: Error: Stack: 
[2019.01.22-04.36.20:755][486]LogOutputDevice: Error: [Callstack] 0x00007fff7c4d71f6 UE4Editor-Core.dll!UnknownFunction []
[2019.01.22-04.36.20:755][486]LogOutputDevice: Error: [Callstack] 0x00007fff7c210c92 UE4Editor-Core.dll!UnknownFunction []
[2019.01.22-04.36.20:755][486]LogOutputDevice: Error: [Callstack] 0x00007fff7c22b356 UE4Editor-Core.dll!UnknownFunction []
[2019.01.22-04.36.20:755][486]LogOutputDevice: Error: [Callstack] 0x00007fff799fdbd5 UE4Editor-Engine.dll!UnknownFunction []
[2019.01.22-04.36.20:755][486]LogOutputDevice: Error: [Callstack] 0x00007fff799ea21b UE4Editor-Engine.dll!UnknownFunction []
[2019.01.22-04.36.20:755][486]LogOutputDevice: Error: [Callstack] 0x00007fff79908d13 UE4Editor-Engine.dll!UnknownFunction []
[2019.01.22-04.36.20:755][486]LogOutputDevice: Error: [Callstack] 0x00007fff79932003 UE4Editor-Engine.dll!UnknownFunction []
[2019.01.22-04.36.20:755][486]LogOutputDevice: Error: [Callstack] 0x00007fff79930ea5 UE4Editor-Engine.dll!UnknownFunction []
[2019.01.22-04.36.20:755][486]LogOutputDevice: Error: [Callstack] 0x00007fff7a4ae591 UE4Editor-Engine.dll!UnknownFunction []
[2019.01.22-04.36.20:755][486]LogOutputDevice: Error: [Callstack] 0x00007fff795746fb UE4Editor-Engine.dll!UnknownFunction []
[2019.01.22-04.36.20:755][486]LogOutputDevice: Error: [Callstack] 0x00007fff795787c4 UE4Editor-Engine.dll!UnknownFunction []
[2019.01.22-04.36.20:755][486]LogOutputDevice: Error: [Callstack] 0x00007fff795976f3 UE4Editor-Engine.dll!UnknownFunction []
[2019.01.22-04.36.20:755][486]LogOutputDevice: Error: [Callstack] 0x00007fff79edf646 UE4Editor-Engine.dll!UnknownFunction []
[2019.01.22-04.36.20:755][486]LogOutputDevice: Error: [Callstack] 0x00007fff79edfc87 UE4Editor-Engine.dll!UnknownFunction []
[2019.01.22-04.36.20:755][486]LogOutputDevice: Error: [Callstack] 0x00007fff7a288232 UE4Editor-Engine.dll!UnknownFunction []
[2019.01.22-04.36.20:755][486]LogOutputDevice: Error: [Callstack] 0x00007fff7a278d15 UE4Editor-Engine.dll!UnknownFunction []
[2019.01.22-04.36.20:755][486]LogOutputDevice: Error: [Callstack] 0x00007fff798a97c8 UE4Editor-Engine.dll!UnknownFunction []
[2019.01.22-04.36.20:755][486]LogOutputDevice: Error: [Callstack] 0x00007fff7959378e UE4Editor-Engine.dll!UnknownFunction []
[2019.01.22-04.36.20:755][486]LogOutputDevice: Error: [Callstack] 0x00007fff7957892f UE4Editor-Engine.dll!UnknownFunction []
[2019.01.22-04.36.20:755][486]LogOutputDevice: Error: [Callstack] 0x00007fff79c78eaf UE4Editor-Engine.dll!UnknownFunction []
[2019.01.22-04.36.20:755][486]LogOutputDevice: Error: [Callstack] 0x00007fff795c9626 UE4Editor-Engine.dll!UnknownFunction []
[2019.01.22-04.36.20:755][486]LogOutputDevice: Error: [Callstack] 0x00007fff82ab6467 UE4Editor-CoreUObject.dll!UnknownFunction []
[2019.01.22-04.36.20:755][486]LogOutputDevice: Error: [Callstack] 0x00007fff82cc16ae UE4Editor-CoreUObject.dll!UnknownFunction []
[2019.01.22-04.36.20:755][486]LogOutputDevice: Error: [Callstack] 0x00007fff82cdf499 UE4Editor-CoreUObject.dll!UnknownFunction []
[2019.01.22-04.36.20:755][486]LogOutputDevice: Error: [Callstack] 0x00007fff82d12266 UE4Editor-CoreUObject.dll!UnknownFunction []
[2019.01.22-04.36.20:756][486]LogOutputDevice: Error: [Callstack] 0x00007fff82ce1b96 UE4Editor-CoreUObject.dll!UnknownFunction []
[2019.01.22-04.36.20:756][486]LogOutputDevice: Error: [Callstack] 0x00007fff82ab6467 UE4Editor-CoreUObject.dll!UnknownFunction []
[2019.01.22-04.36.20:756][486]LogOutputDevice: Error: [Callstack] 0x00007fff82ce1133 UE4Editor-CoreUObject.dll!UnknownFunction []
[2019.01.22-04.36.20:756][486]LogOutputDevice: Error: [Callstack] 0x00007fff79598033 UE4Editor-Engine.dll!UnknownFunction []
[2019.01.22-04.36.20:756][486]LogOutputDevice: Error: [Callstack] 0x00007fff79e5ae8f UE4Editor-Engine.dll!UnknownFunction []
[2019.01.22-04.36.20:756][486]LogOutputDevice: Error: [Callstack] 0x00007fff79e4069e UE4Editor-Engine.dll!UnknownFunction []
[2019.01.22-04.36.20:756][486]LogOutputDevice: Error: [Callstack] 0x00007fff795b6bbe UE4Editor-Engine.dll!UnknownFunction []
[2019.01.22-04.36.20:756][486]LogOutputDevice: Error: [Callstack] 0x00007fff795b730c UE4Editor-Engine.dll!UnknownFunction []
[2019.01.22-04.36.20:756][486]LogOutputDevice: Error: [Callstack] 0x00007fff79575630 UE4Editor-Engine.dll!UnknownFunction []
[2019.01.22-04.36.20:756][486]LogOutputDevice: Error: [Callstack] 0x00007fff7a7716bd UE4Editor-Engine.dll!UnknownFunction []
[2019.01.22-04.36.20:756][486]LogOutputDevice: Error: [Callstack] 0x00007fff7c091f92 UE4Editor-Core.dll!UnknownFunction []
[2019.01.22-04.36.20:756][486]LogOutputDevice: Error: [Callstack] 0x00007fff7c092456 UE4Editor-Core.dll!UnknownFunction []
[2019.01.22-04.36.20:756][486]LogOutputDevice: Error: [Callstack] 0x00007fff7c0a6d25 UE4Editor-Core.dll!UnknownFunction []
[2019.01.22-04.36.20:756][486]LogOutputDevice: Error: [Callstack] 0x00007fff7a7c5b04 UE4Editor-Engine.dll!UnknownFunction []
[2019.01.22-04.36.20:756][486]LogOutputDevice: Error: [Callstack] 0x00007fff7a7d4d92 UE4Editor-Engine.dll!UnknownFunction []
[2019.01.22-04.36.20:756][486]LogOutputDevice: Error: [Callstack] 0x00007fff79ed87e4 UE4Editor-Engine.dll!UnknownFunction []
[2019.01.22-04.36.20:756][486]LogOutputDevice: Error: [Callstack] 0x00007fff79ee4003 UE4Editor-Engine.dll!UnknownFunction []
[2019.01.22-04.36.20:756][486]LogOutputDevice: Error: [Callstack] 0x00007fff79ca5375 UE4Editor-Engine.dll!UnknownFunction []
[2019.01.22-04.36.20:756][486]LogOutputDevice: Error: [Callstack] 0x00007ff688745cbd UE4Editor.exe!UnknownFunction []
[2019.01.22-04.36.20:756][486]LogOutputDevice: Error: [Callstack] 0x00007ff688755b3c UE4Editor.exe!UnknownFunction []
[2019.01.22-04.36.20:756][486]LogOutputDevice: Error: [Callstack] 0x00007ff688755bba UE4Editor.exe!UnknownFunction []
[2019.01.22-04.36.20:756][486]LogOutputDevice: Error: [Callstack] 0x00007ff688763dac UE4Editor.exe!UnknownFunction []
[2019.01.22-04.36.20:756][486]LogOutputDevice: Error: [Callstack] 0x00007ff688765aaa UE4Editor.exe!UnknownFunction []
[2019.01.22-04.36.20:756][486]LogOutputDevice: Error: [Callstack] 0x00007ffff3357e94 KERNEL32.DLL!UnknownFunction []
[2019.01.22-04.36.20:756][486]LogOutputDevice: Error: [Callstack] 0x00007ffff464a251 ntdll.dll!UnknownFunction []
[2019.01.22-04.36.20:756][486]LogOutputDevice: Error: 
[2019.01.22-04.36.20:761][486]LogStats:                SubmitErrorReport -  0.000 s
[2019.01.22-04.36.21:704][486]LogShaderCompilers: Display: Shaders left to compile 396
[2019.01.22-04.36.21:704][486]LogShaderCompilers: Display: Shaders left to compile 386
[2019.01.22-04.36.21:704][486]LogShaderCompilers: Display: Shaders left to compile 376
[2019.01.22-04.36.22:130][486]LogStats:                    SendNewReport -  1.369 s
[2019.01.22-04.36.22:130][486]LogStats:             FDebug::EnsureFailed -  4.441 s
[2019.01.22-04.36.22:808][528]LogShaderCompilers: Display: Shaders left to compile 366
[2019.01.22-04.36.28:265][863]LogShaderCompilers: Display: Shaders left to compile 356
[2019.01.22-04.36.28:297][865]LogShaderCompilers: Display: Shaders left to compile 346
[2019.01.22-04.36.28:312][866]LogShaderCompilers: Display: Shaders left to compile 336
[2019.01.22-04.36.28:393][871]LogOnline: Verbose: OSS: Received 198 bytes from 192.168.1.183:14001
[2019.01.22-04.36.30:101][976]LogShaderCompilers: Display: Shaders left to compile 326
[2019.01.22-04.36.32:207][106]LogShaderCompilers: Display: Shaders left to compile 316
[2019.01.22-04.36.33:620][193]LogShaderCompilers: Display: Shaders left to compile 306
[2019.01.22-04.36.33:717][199]LogShaderCompilers: Display: Shaders left to compile 296
[2019.01.22-04.36.35:725][322]LogShaderCompilers: Display: Shaders left to compile 286
[2019.01.22-04.36.36:407][363]LogShaderCompilers: Display: Shaders left to compile 276
[2019.01.22-04.36.38:861][512]LogShaderCompilers: Display: Shaders left to compile 266
[2019.01.22-04.36.39:864][572]LogShaderCompilers: Display: Shaders left to compile 256
[2019.01.22-04.36.41:955][693]LogShaderCompilers: Display: Shaders left to compile 246
[2019.01.22-04.36.41:968][694]LogShaderCompilers: Display: Shaders left to compile 236
[2019.01.22-04.36.45:499][900]LogShaderCompilers: Display: Shaders left to compile 226
[2019.01.22-04.36.46:068][932]LogScript: Warning: Script Msg: Attempted to access index 0 from array 'Targets' of length 0 in '/Game/2DSideScrollerBP/Blueprints/Minions/Tower.Tower_C'!
[2019.01.22-04.36.46:068][932]LogScript: Warning: Script Msg: Attempted to access index 0 from array 'Targets' of length 0 in '/Game/2DSideScrollerBP/Blueprints/Minions/Tower.Tower_C'!
[2019.01.22-04.36.46:130][934]LogScript: Warning: Script Msg: Attempted to access index 0 from array 'Targets' of length 0 in '/Game/2DSideScrollerBP/Blueprints/Minions/Tower.Tower_C'!
[2019.01.22-04.36.46:130][934]LogScript: Warning: Script Msg: Attempted to access index 0 from array 'Targets' of length 0 in '/Game/2DSideScrollerBP/Blueprints/Minions/Tower.Tower_C'!
[2019.01.22-04.36.46:453][954]LogShaderCompilers: Display: Shaders left to compile 216
[2019.01.22-04.36.47:081][992]LogScript: Warning: Script Msg: Attempted to access index 0 from array 'Targets' of length 0 in '/Game/2DSideScrollerBP/Blueprints/Minions/Tower.Tower_C'!
[2019.01.22-04.36.47:139][994]LogScript: Warning: Script Msg: Attempted to access index 0 from array 'Targets' of length 0 in '/Game/2DSideScrollerBP/Blueprints/Minions/Tower.Tower_C'!
[2019.01.22-04.36.47:139][994]LogScript: Warning: Script Msg: Attempted to access index 0 from array 'Targets' of length 0 in '/Game/2DSideScrollerBP/Blueprints/Minions/Tower.Tower_C'!
[2019.01.22-04.36.47:139][994]LogScript: Warning: Script Msg: Attempted to access index 0 from array 'Targets' of length 0 in '/Game/2DSideScrollerBP/Blueprints/Minions/Tower.Tower_C'!
[2019.01.22-04.36.47:206][998]LogShaderCompilers: Display: Shaders left to compile 206
[2019.01.22-04.36.47:355][  7]LogShaderCompilers: Display: Shaders left to compile 196
[2019.01.22-04.36.48:090][ 50]LogScript: Warning: Script Msg: Attempted to access index 0 from array 'Targets' of length 0 in '/Game/2DSideScrollerBP/Blueprints/Minions/Tower.Tower_C'!
[2019.01.22-04.36.48:139][ 52]LogScript: Warning: Script Msg: Attempted to access index 0 from array 'Targets' of length 0 in '/Game/2DSideScrollerBP/Blueprints/Minions/Tower.Tower_C'!
[2019.01.22-04.36.48:139][ 52]LogScript: Warning: Script Msg: Attempted to access index 0 from array 'Targets' of length 0 in '/Game/2DSideScrollerBP/Blueprints/Minions/Tower.Tower_C'!
[2019.01.22-04.36.48:140][ 52]LogScript: Warning: Script Msg: Attempted to access index 0 from array 'Targets' of length 0 in '/Game/2DSideScrollerBP/Blueprints/Minions/Tower.Tower_C'!
[2019.01.22-04.36.49:122][111]LogScript: Warning: Script Msg: Attempted to access index 0 from array 'Targets' of length 0 in '/Game/2DSideScrollerBP/Blueprints/Minions/Tower.Tower_C'!
[2019.01.22-04.36.49:143][112]LogScript: Warning: Script Msg: Attempted to access index 0 from array 'Targets' of length 0 in '/Game/2DSideScrollerBP/Blueprints/Minions/Tower.Tower_C'!
[2019.01.22-04.36.49:143][112]LogScript: Warning: Script Msg: Attempted to access index 0 from array 'Targets' of length 0 in '/Game/2DSideScrollerBP/Blueprints/Minions/Tower.Tower_C'!
[2019.01.22-04.36.49:143][112]LogScript: Warning: Script Msg: Attempted to access index 0 from array 'Targets' of length 0 in '/Game/2DSideScrollerBP/Blueprints/Minions/Tower.Tower_C'!
[2019.01.22-04.36.50:137][172]LogScript: Warning: Script Msg: Attempted to access index 0 from array 'Targets' of length 0 in '/Game/2DSideScrollerBP/Blueprints/Minions/Tower.Tower_C'!
[2019.01.22-04.36.50:158][173]LogScript: Warning: Script Msg: Attempted to access index 0 from array 'Targets' of length 0 in '/Game/2DSideScrollerBP/Blueprints/Minions/Tower.Tower_C'!
[2019.01.22-04.36.50:158][173]LogScript: Warning: Script Msg: Attempted to access index 0 from array 'Targets' of length 0 in '/Game/2DSideScrollerBP/Blueprints/Minions/Tower.Tower_C'!
[2019.01.22-04.36.50:158][173]LogScript: Warning: Script Msg: Attempted to access index 0 from array 'Targets' of length 0 in '/Game/2DSideScrollerBP/Blueprints/Minions/Tower.Tower_C'!
[2019.01.22-04.36.50:467][193]LogShaderCompilers: Display: Shaders left to compile 186
[2019.01.22-04.36.50:874][218]LogShaderCompilers: Display: Shaders left to compile 176
[2019.01.22-04.36.50:988][225]LogShaderCompilers: Display: Shaders left to compile 166
[2019.01.22-04.36.51:118][232]LogScript: Warning: Script Msg: Attempted to access index 0 from array 'Targets' of length 0 in '/Game/2DSideScrollerBP/Blueprints/Minions/Tower.Tower_C'!
[2019.01.22-04.36.51:166][234]LogScript: Warning: Script Msg: Attempted to access index 0 from array 'Targets' of length 0 in '/Game/2DSideScrollerBP/Blueprints/Minions/Tower.Tower_C'!
[2019.01.22-04.36.51:167][234]LogScript: Warning: Script Msg: Attempted to access index 0 from array 'Targets' of length 0 in '/Game/2DSideScrollerBP/Blueprints/Minions/Tower.Tower_C'!
[2019.01.22-04.36.51:167][234]LogScript: Warning: Script Msg: Attempted to access index 0 from array 'Targets' of length 0 in '/Game/2DSideScrollerBP/Blueprints/Minions/Tower.Tower_C'!
[2019.01.22-04.36.51:919][281]LogScript: Warning: Script Msg: Attempted to access index 3 from array 'Brute' of length 3 in '/Game/2DSideScrollerBP/Blueprints/Minions/TroopSpawner.TroopSpawner_C'!
[2019.01.22-04.36.51:919][281]LogScript: Warning: UGameplayStatics::BeginSpawningActorFromClass: can not spawn an actor from a NULL class
[2019.01.22-04.36.51:919][281]LogScript: Warning: Script Msg: Attempted to access index 3 from array 'Brute' of length 3 in '/Game/2DSideScrollerBP/Blueprints/Minions/TroopSpawner.TroopSpawner_C'!
[2019.01.22-04.36.51:919][281]LogScript: Warning: UGameplayStatics::BeginSpawningActorFromClass: can not spawn an actor from a NULL class
[2019.01.22-04.36.51:919][281]LogScript: Warning: Script Msg: Attempted to access index 3 from array 'Brute' of length 3 in '/Game/2DSideScrollerBP/Blueprints/Minions/TroopSpawner.TroopSpawner_C'!
[2019.01.22-04.36.51:919][281]LogScript: Warning: UGameplayStatics::BeginSpawningActorFromClass: can not spawn an actor from a NULL class
[2019.01.22-04.36.51:919][281]LogScript: Warning: Script Msg: Attempted to access index 3 from array 'Brute' of length 3 in '/Game/2DSideScrollerBP/Blueprints/Minions/TroopSpawner.TroopSpawner_C'!
[2019.01.22-04.36.51:919][281]LogScript: Warning: UGameplayStatics::BeginSpawningActorFromClass: can not spawn an actor from a NULL class
[2019.01.22-04.36.51:920][281]LogScript: Warning: Script Msg: Attempted to access index 3 from array 'Brute' of length 3 in '/Game/2DSideScrollerBP/Blueprints/Minions/TroopSpawner.TroopSpawner_C'!
[2019.01.22-04.36.51:920][281]LogScript: Warning: UGameplayStatics::BeginSpawningActorFromClass: can not spawn an actor from a NULL class
[2019.01.22-04.36.51:920][281]LogScript: Warning: Script Msg: Attempted to access index 3 from array 'Brute' of length 3 in '/Game/2DSideScrollerBP/Blueprints/Minions/TroopSpawner.TroopSpawner_C'!
[2019.01.22-04.36.51:920][281]LogScript: Warning: UGameplayStatics::BeginSpawningActorFromClass: can not spawn an actor from a NULL class
[2019.01.22-04.36.52:128][293]LogScript: Warning: Script Msg: Attempted to access index 0 from array 'Targets' of length 0 in '/Game/2DSideScrollerBP/Blueprints/Minions/Tower.Tower_C'!
[2019.01.22-04.36.52:180][295]LogScript: Warning: Script Msg: Attempted to access index 0 from array 'Targets' of length 0 in '/Game/2DSideScrollerBP/Blueprints/Minions/Tower.Tower_C'!
[2019.01.22-04.36.52:181][295]LogScript: Warning: Script Msg: Attempted to access index 0 from array 'Targets' of length 0 in '/Game/2DSideScrollerBP/Blueprints/Minions/Tower.Tower_C'!
[2019.01.22-04.36.52:181][295]LogScript: Warning: Script Msg: Attempted to access index 0 from array 'Targets' of length 0 in '/Game/2DSideScrollerBP/Blueprints/Minions/Tower.Tower_C'!
[2019.01.22-04.36.53:161][354]LogScript: Warning: Script Msg: Attempted to access index 0 from array 'Targets' of length 0 in '/Game/2DSideScrollerBP/Blueprints/Minions/Tower.Tower_C'!
[2019.01.22-04.36.53:180][355]LogScript: Warning: Script Msg: Attempted to access index 0 from array 'Targets' of length 0 in '/Game/2DSideScrollerBP/Blueprints/Minions/Tower.Tower_C'!
[2019.01.22-04.36.53:181][355]LogScript: Warning: Script Msg: Attempted to access index 0 from array 'Targets' of length 0 in '/Game/2DSideScrollerBP/Blueprints/Minions/Tower.Tower_C'!
[2019.01.22-04.36.53:181][355]LogScript: Warning: Script Msg: Attempted to access index 0 from array 'Targets' of length 0 in '/Game/2DSideScrollerBP/Blueprints/Minions/Tower.Tower_C'!
[2019.01.22-04.36.53:795][393]LogShaderCompilers: Display: Shaders left to compile 156
[2019.01.22-04.36.54:146][411]LogScript: Warning: Script Msg: Attempted to access index 0 from array 'Targets' of length 0 in '/Game/2DSideScrollerBP/Blueprints/Minions/Tower.Tower_C'!
[2019.01.22-04.36.54:194][413]LogScript: Warning: Script Msg: Attempted to access index 0 from array 'Targets' of length 0 in '/Game/2DSideScrollerBP/Blueprints/Minions/Tower.Tower_C'!
[2019.01.22-04.36.54:194][413]LogScript: Warning: Script Msg: Attempted to access index 0 from array 'Targets' of length 0 in '/Game/2DSideScrollerBP/Blueprints/Minions/Tower.Tower_C'!
[2019.01.22-04.36.54:194][413]LogScript: Warning: Script Msg: Attempted to access index 0 from array 'Targets' of length 0 in '/Game/2DSideScrollerBP/Blueprints/Minions/Tower.Tower_C'!
[2019.01.22-04.36.55:156][471]LogScript: Warning: Script Msg: Attempted to access index 0 from array 'Targets' of length 0 in '/Game/2DSideScrollerBP/Blueprints/Minions/Tower.Tower_C'!
[2019.01.22-04.36.55:204][473]LogScript: Warning: Script Msg: Attempted to access index 0 from array 'Targets' of length 0 in '/Game/2DSideScrollerBP/Blueprints/Minions/Tower.Tower_C'!
[2019.01.22-04.36.55:204][473]LogScript: Warning: Script Msg: Attempted to access index 0 from array 'Targets' of length 0 in '/Game/2DSideScrollerBP/Blueprints/Minions/Tower.Tower_C'!
[2019.01.22-04.36.55:204][473]LogScript: Warning: Script Msg: Attempted to access index 0 from array 'Targets' of length 0 in '/Game/2DSideScrollerBP/Blueprints/Minions/Tower.Tower_C'!
[2019.01.22-04.36.56:170][532]LogScript: Warning: Script Msg: Attempted to access index 0 from array 'Targets' of length 0 in '/Game/2DSideScrollerBP/Blueprints/Minions/Tower.Tower_C'!
[2019.01.22-04.36.56:215][534]LogScript: Warning: Script Msg: Attempted to access index 0 from array 'Targets' of length 0 in '/Game/2DSideScrollerBP/Blueprints/Minions/Tower.Tower_C'!
[2019.01.22-04.36.56:215][534]LogScript: Warning: Script Msg: Attempted to access index 0 from array 'Targets' of length 0 in '/Game/2DSideScrollerBP/Blueprints/Minions/Tower.Tower_C'!
[2019.01.22-04.36.56:234][535]LogScript: Warning: Script Msg: Attempted to access index 0 from array 'Targets' of length 0 in '/Game/2DSideScrollerBP/Blueprints/Minions/Tower.Tower_C'!
[2019.01.22-04.36.56:529][554]LogShaderCompilers: Display: Shaders left to compile 146
[2019.01.22-04.36.57:178][592]LogScript: Warning: Script Msg: Attempted to access index 0 from array 'Targets' of length 0 in '/Game/2DSideScrollerBP/Blueprints/Minions/Tower.Tower_C'!
[2019.01.22-04.36.57:225][594]LogScript: Warning: Script Msg: Attempted to access index 0 from array 'Targets' of length 0 in '/Game/2DSideScrollerBP/Blueprints/Minions/Tower.Tower_C'!
[2019.01.22-04.36.57:225][594]LogScript: Warning: Script Msg: Attempted to access index 0 from array 'Targets' of length 0 in '/Game/2DSideScrollerBP/Blueprints/Minions/Tower.Tower_C'!
[2019.01.22-04.36.57:225][594]LogScript: Warning: Script Msg: Attempted to access index 0 from array 'Targets' of length 0 in '/Game/2DSideScrollerBP/Blueprints/Minions/Tower.Tower_C'!
[2019.01.22-04.36.58:188][651]LogScript: Warning: Script Msg: Attempted to access index 0 from array 'Targets' of length 0 in '/Game/2DSideScrollerBP/Blueprints/Minions/Tower.Tower_C'!
[2019.01.22-04.36.58:244][653]LogScript: Warning: Script Msg: Attempted to access index 0 from array 'Targets' of length 0 in '/Game/2DSideScrollerBP/Blueprints/Minions/Tower.Tower_C'!
[2019.01.22-04.36.58:244][653]LogScript: Warning: Script Msg: Attempted to access index 0 from array 'Targets' of length 0 in '/Game/2DSideScrollerBP/Blueprints/Minions/Tower.Tower_C'!
[2019.01.22-04.36.58:244][653]LogScript: Warning: Script Msg: Attempted to access index 0 from array 'Targets' of length 0 in '/Game/2DSideScrollerBP/Blueprints/Minions/Tower.Tower_C'!
[2019.01.22-04.36.59:204][700]LogShaderCompilers: Display: Shaders left to compile 136
[2019.01.22-04.36.59:223][700]LogShaderCompilers: Display: Shaders left to compile 126
[2019.01.22-04.36.59:223][700]LogScript: Warning: Script Msg: Attempted to access index 0 from array 'Targets' of length 0 in '/Game/2DSideScrollerBP/Blueprints/Minions/Tower.Tower_C'!
[2019.01.22-04.36.59:235][701]LogScript: Warning: Script Msg: Attempted to access index 0 from array 'Targets' of length 0 in '/Game/2DSideScrollerBP/Blueprints/Minions/Tower.Tower_C'!
[2019.01.22-04.36.59:235][701]LogScript: Warning: Script Msg: Attempted to access index 0 from array 'Targets' of length 0 in '/Game/2DSideScrollerBP/Blueprints/Minions/Tower.Tower_C'!
[2019.01.22-04.36.59:263][702]LogScript: Warning: Script Msg: Attempted to access index 0 from array 'Targets' of length 0 in '/Game/2DSideScrollerBP/Blueprints/Minions/Tower.Tower_C'!
[2019.01.22-04.37.00:060][738]LogScript: Warning: Script Msg: Attempted to access index 4 from array 'Brute' of length 3 in '/Game/2DSideScrollerBP/Blueprints/Minions/TroopSpawner.TroopSpawner_C'!
[2019.01.22-04.37.00:060][738]LogScript: Warning: UGameplayStatics::BeginSpawningActorFromClass: can not spawn an actor from a NULL class
[2019.01.22-04.37.00:060][738]LogScript: Warning: Script Msg: Attempted to access index 4 from array 'Brute' of length 3 in '/Game/2DSideScrollerBP/Blueprints/Minions/TroopSpawner.TroopSpawner_C'!
[2019.01.22-04.37.00:060][738]LogScript: Warning: UGameplayStatics::BeginSpawningActorFromClass: can not spawn an actor from a NULL class
[2019.01.22-04.37.00:060][738]LogScript: Warning: Script Msg: Attempted to access index 4 from array 'Brute' of length 3 in '/Game/2DSideScrollerBP/Blueprints/Minions/TroopSpawner.TroopSpawner_C'!
[2019.01.22-04.37.00:060][738]LogScript: Warning: UGameplayStatics::BeginSpawningActorFromClass: can not spawn an actor from a NULL class
[2019.01.22-04.37.00:060][738]LogScript: Warning: Script Msg: Attempted to access index 4 from array 'Brute' of length 3 in '/Game/2DSideScrollerBP/Blueprints/Minions/TroopSpawner.TroopSpawner_C'!
[2019.01.22-04.37.00:060][738]LogScript: Warning: UGameplayStatics::BeginSpawningActorFromClass: can not spawn an actor from a NULL class
[2019.01.22-04.37.00:060][738]LogScript: Warning: Script Msg: Attempted to access index 4 from array 'Brute' of length 3 in '/Game/2DSideScrollerBP/Blueprints/Minions/TroopSpawner.TroopSpawner_C'!
[2019.01.22-04.37.00:060][738]LogScript: Warning: UGameplayStatics::BeginSpawningActorFromClass: can not spawn an actor from a NULL class
[2019.01.22-04.37.00:060][738]LogScript: Warning: Script Msg: Attempted to access index 4 from array 'Brute' of length 3 in '/Game/2DSideScrollerBP/Blueprints/Minions/TroopSpawner.TroopSpawner_C'!
[2019.01.22-04.37.00:060][738]LogScript: Warning: UGameplayStatics::BeginSpawningActorFromClass: can not spawn an actor from a NULL class
[2019.01.22-04.37.00:238][744]LogScript: Warning: Script Msg: Attempted to access index 0 from array 'Targets' of length 0 in '/Game/2DSideScrollerBP/Blueprints/Minions/Tower.Tower_C'!
[2019.01.22-04.37.00:238][744]LogScript: Warning: Script Msg: Attempted to access index 0 from array 'Targets' of length 0 in '/Game/2DSideScrollerBP/Blueprints/Minions/Tower.Tower_C'!
[2019.01.22-04.37.00:238][744]LogScript: Warning: Script Msg: Attempted to access index 0 from array 'Targets' of length 0 in '/Game/2DSideScrollerBP/Blueprints/Minions/Tower.Tower_C'!
[2019.01.22-04.37.00:689][753]LogShaderCompilers: Display: Shaders left to compile 116
[2019.01.22-04.37.01:257][783]LogScript: Warning: Script Msg: Attempted to access index 0 from array 'Targets' of length 0 in '/Game/2DSideScrollerBP/Blueprints/Minions/Tower.Tower_C'!
[2019.01.22-04.37.01:257][783]LogScript: Warning: Script Msg: Attempted to access index 0 from array 'Targets' of length 0 in '/Game/2DSideScrollerBP/Blueprints/Minions/Tower.Tower_C'!
[2019.01.22-04.37.01:257][783]LogScript: Warning: Script Msg: Attempted to access index 0 from array 'Targets' of length 0 in '/Game/2DSideScrollerBP/Blueprints/Minions/Tower.Tower_C'!
[2019.01.22-04.37.02:345][842]LogScript: Warning: Script Msg: Attempted to access index 0 from array 'Targets' of length 0 in '/Game/2DSideScrollerBP/Blueprints/Minions/Tower.Tower_C'!
[2019.01.22-04.37.02:345][842]LogScript: Warning: Script Msg: Attempted to access index 0 from array 'Targets' of length 0 in '/Game/2DSideScrollerBP/Blueprints/Minions/Tower.Tower_C'!
[2019.01.22-04.37.02:345][842]LogScript: Warning: Script Msg: Attempted to access index 0 from array 'Targets' of length 0 in '/Game/2DSideScrollerBP/Blueprints/Minions/Tower.Tower_C'!
[2019.01.22-04.37.02:797][866]LogShaderCompilers: Display: Shaders left to compile 106
[2019.01.22-04.37.03:370][898]LogScript: Warning: Script Msg: Attempted to access index 0 from array 'Targets' of length 0 in '/Game/2DSideScrollerBP/Blueprints/Minions/Tower.Tower_C'!
[2019.01.22-04.37.03:371][898]LogScript: Warning: Script Msg: Attempted to access index 0 from array 'Targets' of length 0 in '/Game/2DSideScrollerBP/Blueprints/Minions/Tower.Tower_C'!
[2019.01.22-04.37.03:371][898]LogScript: Warning: Script Msg: Attempted to access index 0 from array 'Targets' of length 0 in '/Game/2DSideScrollerBP/Blueprints/Minions/Tower.Tower_C'!
[2019.01.22-04.37.04:377][959]LogScript: Warning: Script Msg: Attempted to access index 0 from array 'Targets' of length 0 in '/Game/2DSideScrollerBP/Blueprints/Minions/Tower.Tower_C'!
[2019.01.22-04.37.04:377][959]LogScript: Warning: Script Msg: Attempted to access index 0 from array 'Targets' of length 0 in '/Game/2DSideScrollerBP/Blueprints/Minions/Tower.Tower_C'!
[2019.01.22-04.37.04:377][959]LogScript: Warning: Script Msg: Attempted to access index 0 from array 'Targets' of length 0 in '/Game/2DSideScrollerBP/Blueprints/Minions/Tower.Tower_C'!
[2019.01.22-04.37.05:381][ 21]LogScript: Warning: Script Msg: Attempted to access index 0 from array 'Targets' of length 0 in '/Game/2DSideScrollerBP/Blueprints/Minions/Tower.Tower_C'!
[2019.01.22-04.37.05:381][ 21]LogScript: Warning: Script Msg: Attempted to access index 0 from array 'Targets' of length 0 in '/Game/2DSideScrollerBP/Blueprints/Minions/Tower.Tower_C'!
[2019.01.22-04.37.05:556][ 33]LogShaderCompilers: Display: Shaders left to compile 96
[2019.01.22-04.37.06:374][ 82]LogScript: Warning: Script Msg: Attempted to access index 0 from array 'Targets' of length 0 in '/Game/2DSideScrollerBP/Blueprints/Minions/Tower.Tower_C'!
[2019.01.22-04.37.06:375][ 82]LogScript: Warning: Script Msg: Attempted to access index 0 from array 'Targets' of length 0 in '/Game/2DSideScrollerBP/Blueprints/Minions/Tower.Tower_C'!
[2019.01.22-04.37.06:443][ 87]LogShaderCompilers: Display: Shaders left to compile 86
[2019.01.22-04.37.06:552][ 94]LogShaderCompilers: Display: Shaders left to compile 76
[2019.01.22-04.37.07:383][144]LogScript: Warning: Script Msg: Attempted to access index 0 from array 'Targets' of length 0 in '/Game/2DSideScrollerBP/Blueprints/Minions/Tower.Tower_C'!
[2019.01.22-04.37.07:383][144]LogScript: Warning: Script Msg: Attempted to access index 0 from array 'Targets' of length 0 in '/Game/2DSideScrollerBP/Blueprints/Minions/Tower.Tower_C'!
[2019.01.22-04.37.07:836][172]LogScript: Warning: Script Msg: Attempted to access index 0 from array 'Targets' of length 0 in '/Game/2DSideScrollerBP/Blueprints/Minions/Tower.Tower_C'!
[2019.01.22-04.37.07:852][173]LogScript: Warning: Script Msg: Attempted to access index 0 from array 'Targets' of length 0 in '/Game/2DSideScrollerBP/Blueprints/Minions/Tower.Tower_C'!
[2019.01.22-04.37.07:939][179]LogShaderCompilers: Display: Shaders left to compile 66
[2019.01.22-04.37.07:967][180]LogScript: Warning: Script Msg: Attempted to access index 0 from array 'Targets' of length 0 in '/Game/2DSideScrollerBP/Blueprints/Minions/Tower.Tower_C'!
[2019.01.22-04.37.08:098][188]LogScript: Warning: Script Msg: Attempted to access index 5 from array 'Brute' of length 3 in '/Game/2DSideScrollerBP/Blueprints/Minions/TroopSpawner.TroopSpawner_C'!
[2019.01.22-04.37.08:098][188]LogScript: Warning: UGameplayStatics::BeginSpawningActorFromClass: can not spawn an actor from a NULL class
[2019.01.22-04.37.08:098][188]LogScript: Warning: Script Msg: Attempted to access index 5 from array 'Brute' of length 3 in '/Game/2DSideScrollerBP/Blueprints/Minions/TroopSpawner.TroopSpawner_C'!
[2019.01.22-04.37.08:098][188]LogScript: Warning: UGameplayStatics::BeginSpawningActorFromClass: can not spawn an actor from a NULL class
[2019.01.22-04.37.08:098][188]LogScript: Warning: Script Msg: Attempted to access index 5 from array 'Brute' of length 3 in '/Game/2DSideScrollerBP/Blueprints/Minions/TroopSpawner.TroopSpawner_C'!
[2019.01.22-04.37.08:098][188]LogScript: Warning: UGameplayStatics::BeginSpawningActorFromClass: can not spawn an actor from a NULL class
[2019.01.22-04.37.08:098][188]LogScript: Warning: Script Msg: Attempted to access index 5 from array 'Brute' of length 3 in '/Game/2DSideScrollerBP/Blueprints/Minions/TroopSpawner.TroopSpawner_C'!
[2019.01.22-04.37.08:098][188]LogScript: Warning: UGameplayStatics::BeginSpawningActorFromClass: can not spawn an actor from a NULL class
[2019.01.22-04.37.08:098][188]LogScript: Warning: Script Msg: Attempted to access index 5 from array 'Brute' of length 3 in '/Game/2DSideScrollerBP/Blueprints/Minions/TroopSpawner.TroopSpawner_C'!
[2019.01.22-04.37.08:098][188]LogScript: Warning: UGameplayStatics::BeginSpawningActorFromClass: can not spawn an actor from a NULL class
[2019.01.22-04.37.08:098][188]LogScript: Warning: Script Msg: Attempted to access index 5 from array 'Brute' of length 3 in '/Game/2DSideScrollerBP/Blueprints/Minions/TroopSpawner.TroopSpawner_C'!
[2019.01.22-04.37.08:098][188]LogScript: Warning: UGameplayStatics::BeginSpawningActorFromClass: can not spawn an actor from a NULL class
[2019.01.22-04.37.08:394][206]LogScript: Warning: Script Msg: Attempted to access index 0 from array 'Targets' of length 0 in '/Game/2DSideScrollerBP/Blueprints/Minions/Tower.Tower_C'!
[2019.01.22-04.37.08:394][206]LogScript: Warning: Script Msg: Attempted to access index 0 from array 'Targets' of length 0 in '/Game/2DSideScrollerBP/Blueprints/Minions/Tower.Tower_C'!
[2019.01.22-04.37.08:835][233]LogScript: Warning: Script Msg: Attempted to access index 0 from array 'Targets' of length 0 in '/Game/2DSideScrollerBP/Blueprints/Minions/Tower.Tower_C'!
[2019.01.22-04.37.08:836][233]LogScript: Warning: Script Msg: Attempted to access index 0 from array 'Targets' of length 0 in '/Game/2DSideScrollerBP/Blueprints/Minions/Tower.Tower_C'!
[2019.01.22-04.37.08:853][234]LogScript: Warning: Script Msg: Attempted to access index 0 from array 'Targets' of length 0 in '/Game/2DSideScrollerBP/Blueprints/Minions/Tower.Tower_C'!
[2019.01.22-04.37.08:853][234]LogScript: Warning: Script Msg: Attempted to access index 0 from array 'Targets' of length 0 in '/Game/2DSideScrollerBP/Blueprints/Minions/Tower.Tower_C'!
[2019.01.22-04.37.08:853][234]LogScript: Warning: Script Msg: Attempted to access index 0 from array 'Targets' of length 0 in '/Game/2DSideScrollerBP/Blueprints/Minions/Tower.Tower_C'!
[2019.01.22-04.37.08:993][241]LogBlueprintUserMessages: [TowerShot_C_75] Brute3
[2019.01.22-04.37.09:411][265]LogScript: Warning: Script Msg: Attempted to access index 0 from array 'Targets' of length 0 in '/Game/2DSideScrollerBP/Blueprints/Minions/Tower.Tower_C'!
[2019.01.22-04.37.09:411][265]LogScript: Warning: Script Msg: Attempted to access index 0 from array 'Targets' of length 0 in '/Game/2DSideScrollerBP/Blueprints/Minions/Tower.Tower_C'!
[2019.01.22-04.37.09:824][290]LogScript: Warning: Script Msg: Attempted to access index 0 from array 'Targets' of length 0 in '/Game/2DSideScrollerBP/Blueprints/Minions/Tower.Tower_C'!
[2019.01.22-04.37.09:856][292]LogScript: Warning: Script Msg: Attempted to access index 0 from array 'Targets' of length 0 in '/Game/2DSideScrollerBP/Blueprints/Minions/Tower.Tower_C'!
[2019.01.22-04.37.09:857][292]LogScript: Warning: Script Msg: Attempted to access index 0 from array 'Targets' of length 0 in '/Game/2DSideScrollerBP/Blueprints/Minions/Tower.Tower_C'!
[2019.01.22-04.37.09:873][293]LogScript: Warning: Script Msg: Attempted to access index 0 from array 'Targets' of length 0 in '/Game/2DSideScrollerBP/Blueprints/Minions/Tower.Tower_C'!
[2019.01.22-04.37.09:970][299]LogBlueprintUserMessages: [TowerShot_C_77] Brute3
[2019.01.22-04.37.10:425][325]LogScript: Warning: Script Msg: Attempted to access index 0 from array 'Targets' of length 0 in '/Game/2DSideScrollerBP/Blueprints/Minions/Tower.Tower_C'!
[2019.01.22-04.37.10:926][355]LogShaderCompilers: Display: Shaders left to compile 56
[2019.01.22-04.37.10:954][356]LogBlueprintUserMessages: [TowerShot_C_79] Minion218
[2019.01.22-04.37.11:003][359]LogBlueprintUserMessages: [TowerShot_C_80] Minion319
[2019.01.22-04.37.11:331][378]LogScript: Warning: Script Msg: Attempted to access index 0 from array 'Targets' of length 0 in '/Game/2DSideScrollerBP/Blueprints/Minions/Tower.Tower_C'!
[2019.01.22-04.37.11:883][410]LogScript: Warning: Script Msg: Attempted to access index 0 from array 'Targets' of length 0 in '/Game/2DSideScrollerBP/Blueprints/Minions/Tower.Tower_C'!
[2019.01.22-04.37.12:005][417]LogBlueprintUserMessages: [TowerShot_C_81] Minion225
[2019.01.22-04.37.12:291][432]LogBlueprintUserMessages: [TowerShot_C_82] Minion318
[2019.01.22-04.37.12:337][434]LogScript: Warning: Script Msg: Attempted to access index 0 from array 'Targets' of length 0 in '/Game/2DSideScrollerBP/Blueprints/Minions/Tower.Tower_C'!
[2019.01.22-04.37.12:988][472]LogShaderCompilers: Display: Shaders left to compile 46
[2019.01.22-04.37.13:043][475]LogBlueprintUserMessages: [TowerShot_C_84] Minion225
[2019.01.22-04.37.13:083][478]LogShaderCompilers: Display: Shaders left to compile 36
[2019.01.22-04.37.13:231][486]LogScript: Warning: Script Msg: Attempted to access index 0 from array 'Targets' of length 0 in '/Game/2DSideScrollerBP/Blueprints/Minions/Tower.Tower_C'!
[2019.01.22-04.37.13:351][493]LogScript: Warning: Script Msg: Attempted to access index 0 from array 'Targets' of length 0 in '/Game/2DSideScrollerBP/Blueprints/Minions/Tower.Tower_C'!
[2019.01.22-04.37.14:175][540]LogBlueprintUserMessages: [TowerShot_C_88] Minion313
[2019.01.22-04.37.14:218][543]LogShaderCompilers: Display: Shaders left to compile 26
[2019.01.22-04.37.14:230][543]LogScript: Warning: Script Msg: Attempted to access index 0 from array 'Targets' of length 0 in '/Game/2DSideScrollerBP/Blueprints/Minions/Tower.Tower_C'!
[2019.01.22-04.37.14:375][550]LogBlueprintUserMessages: [TowerShot_C_89] Minion330
[2019.01.22-04.37.14:392][550]LogScript: Warning: Script Msg: Attempted to access index 0 from array 'Targets' of length 0 in '/Game/2DSideScrollerBP/Blueprints/Minions/Tower.Tower_C'!
[2019.01.22-04.37.15:246][600]LogScript: Warning: Script Msg: Attempted to access index 0 from array 'Targets' of length 0 in '/Game/2DSideScrollerBP/Blueprints/Minions/Tower.Tower_C'!
[2019.01.22-04.37.15:354][607]LogBlueprintUserMessages: [TowerShot_C_93] Minion212
[2019.01.22-04.37.15:381][608]LogScript: Warning: Script Msg: Attempted to access index 0 from array 'Targets' of length 0 in '/Game/2DSideScrollerBP/Blueprints/Minions/Tower.Tower_C'!
[2019.01.22-04.37.16:110][647]LogScript: Warning: Script Msg: Attempted to access index 6 from array 'Brute' of length 3 in '/Game/2DSideScrollerBP/Blueprints/Minions/TroopSpawner.TroopSpawner_C'!
[2019.01.22-04.37.16:111][647]LogScript: Warning: UGameplayStatics::BeginSpawningActorFromClass: can not spawn an actor from a NULL class
[2019.01.22-04.37.16:111][647]LogScript: Warning: Script Msg: Attempted to access index 6 from array 'Brute' of length 3 in '/Game/2DSideScrollerBP/Blueprints/Minions/TroopSpawner.TroopSpawner_C'!
[2019.01.22-04.37.16:111][647]LogScript: Warning: UGameplayStatics::BeginSpawningActorFromClass: can not spawn an actor from a NULL class
[2019.01.22-04.37.16:111][647]LogScript: Warning: Script Msg: Attempted to access index 6 from array 'Brute' of length 3 in '/Game/2DSideScrollerBP/Blueprints/Minions/TroopSpawner.TroopSpawner_C'!
[2019.01.22-04.37.16:111][647]LogScript: Warning: UGameplayStatics::BeginSpawningActorFromClass: can not spawn an actor from a NULL class
[2019.01.22-04.37.16:111][647]LogScript: Warning: Script Msg: Attempted to access index 6 from array 'Brute' of length 3 in '/Game/2DSideScrollerBP/Blueprints/Minions/TroopSpawner.TroopSpawner_C'!
[2019.01.22-04.37.16:111][647]LogScript: Warning: UGameplayStatics::BeginSpawningActorFromClass: can not spawn an actor from a NULL class
[2019.01.22-04.37.16:111][647]LogScript: Warning: Script Msg: Attempted to access index 6 from array 'Brute' of length 3 in '/Game/2DSideScrollerBP/Blueprints/Minions/TroopSpawner.TroopSpawner_C'!
[2019.01.22-04.37.16:111][647]LogScript: Warning: UGameplayStatics::BeginSpawningActorFromClass: can not spawn an actor from a NULL class
[2019.01.22-04.37.16:111][647]LogScript: Warning: Script Msg: Attempted to access index 6 from array 'Brute' of length 3 in '/Game/2DSideScrollerBP/Blueprints/Minions/TroopSpawner.TroopSpawner_C'!
[2019.01.22-04.37.16:111][647]LogScript: Warning: UGameplayStatics::BeginSpawningActorFromClass: can not spawn an actor from a NULL class
[2019.01.22-04.37.16:235][654]LogScript: Warning: Script Msg: Attempted to access index 0 from array 'Targets' of length 0 in '/Game/2DSideScrollerBP/Blueprints/Minions/Tower.Tower_C'!
[2019.01.22-04.37.16:393][663]LogBlueprintUserMessages: [TowerShot_C_97] Minion212
[2019.01.22-04.37.16:398][663]LogScript: Warning: Script Msg: Attempted to access index 0 from array 'Targets' of length 0 in '/Game/2DSideScrollerBP/Blueprints/Minions/Tower.Tower_C'!
[2019.01.22-04.37.17:097][705]LogShaderCompilers: Display: Shaders left to compile 16
[2019.01.22-04.37.17:259][714]LogScript: Warning: Script Msg: Attempted to access index 0 from array 'Targets' of length 0 in '/Game/2DSideScrollerBP/Blueprints/Minions/Tower.Tower_C'!
[2019.01.22-04.37.17:402][723]LogBlueprintUserMessages: [TowerShot_C_101] Minion218
[2019.01.22-04.37.17:408][723]LogScript: Warning: Script Msg: Attempted to access index 0 from array 'Targets' of length 0 in '/Game/2DSideScrollerBP/Blueprints/Minions/Tower.Tower_C'!
[2019.01.22-04.37.18:266][773]LogScript: Warning: Script Msg: Attempted to access index 0 from array 'Targets' of length 0 in '/Game/2DSideScrollerBP/Blueprints/Minions/Tower.Tower_C'!
[2019.01.22-04.37.18:419][782]LogBlueprintUserMessages: [TowerShot_C_106] Minion330
[2019.01.22-04.37.18:427][782]LogScript: Warning: Script Msg: Attempted to access index 0 from array 'Targets' of length 0 in '/Game/2DSideScrollerBP/Blueprints/Minions/Tower.Tower_C'!
[2019.01.22-04.37.19:255][831]LogScript: Warning: Script Msg: Attempted to access index 0 from array 'Targets' of length 0 in '/Game/2DSideScrollerBP/Blueprints/Minions/Tower.Tower_C'!
[2019.01.22-04.37.19:391][839]LogShaderCompilers: Display: Shaders left to compile 6
[2019.01.22-04.37.19:435][841]LogScript: Warning: Script Msg: Attempted to access index 0 from array 'Targets' of length 0 in '/Game/2DSideScrollerBP/Blueprints/Minions/Tower.Tower_C'!
[2019.01.22-04.37.19:468][843]LogBlueprintUserMessages: [TowerShot_C_111] Minion212
[2019.01.22-04.37.20:261][888]LogBlueprintUserMessages: [TowerShot_C_115] Minion225
[2019.01.22-04.37.20:269][888]LogScript: Warning: Script Msg: Attempted to access index 0 from array 'Targets' of length 0 in '/Game/2DSideScrollerBP/Blueprints/Minions/Tower.Tower_C'!
[2019.01.22-04.37.20:467][898]LogScript: Warning: Script Msg: Attempted to access index 0 from array 'Targets' of length 0 in '/Game/2DSideScrollerBP/Blueprints/Minions/Tower.Tower_C'!
[2019.01.22-04.37.20:472][899]LogBlueprintUserMessages: [TowerShot_C_116] Minion236
[2019.01.22-04.37.21:264][947]LogBlueprintUserMessages: [TowerShot_C_119] Minion237
[2019.01.22-04.37.21:289][948]LogScript: Warning: Script Msg: Attempted to access index 0 from array 'Targets' of length 0 in '/Game/2DSideScrollerBP/Blueprints/Minions/Tower.Tower_C'!
[2019.01.22-04.37.21:463][958]LogScript: Warning: Script Msg: Attempted to access index 0 from array 'Targets' of length 0 in '/Game/2DSideScrollerBP/Blueprints/Minions/Tower.Tower_C'!
[2019.01.22-04.37.21:468][959]LogBlueprintUserMessages: [TowerShot_C_120] Minion236
[2019.01.22-04.37.22:287][  7]LogBlueprintUserMessages: [TowerShot_C_123] Minion325
[2019.01.22-04.37.22:294][  7]LogScript: Warning: Script Msg: Attempted to access index 0 from array 'Targets' of length 0 in '/Game/2DSideScrollerBP/Blueprints/Minions/Tower.Tower_C'!
[2019.01.22-04.37.22:505][ 17]LogScript: Warning: Script Msg: Attempted to access index 0 from array 'Targets' of length 0 in '/Game/2DSideScrollerBP/Blueprints/Minions/Tower.Tower_C'!
[2019.01.22-04.37.22:510][ 18]LogBlueprintUserMessages: [TowerShot_C_124] Minion336
[2019.01.22-04.37.23:297][ 62]LogBlueprintUserMessages: [TowerShot_C_128] Minion237
[2019.01.22-04.37.23:306][ 62]LogScript: Warning: Script Msg: Attempted to access index 0 from array 'Targets' of length 0 in '/Game/2DSideScrollerBP/Blueprints/Minions/Tower.Tower_C'!
[2019.01.22-04.37.23:466][ 72]LogScript: Warning: Script Msg: Attempted to access index 0 from array 'Targets' of length 0 in '/Game/2DSideScrollerBP/Blueprints/Minions/Tower.Tower_C'!
[2019.01.22-04.37.23:520][ 75]LogBlueprintUserMessages: [TowerShot_C_129] Minion236
[2019.01.22-04.37.24:131][113]LogScript: Warning: Script Msg: Attempted to access index 7 from array 'Brute' of length 3 in '/Game/2DSideScrollerBP/Blueprints/Minions/TroopSpawner.TroopSpawner_C'!
[2019.01.22-04.37.24:131][113]LogScript: Warning: UGameplayStatics::BeginSpawningActorFromClass: can not spawn an actor from a NULL class
[2019.01.22-04.37.24:131][113]LogScript: Warning: Script Msg: Attempted to access index 7 from array 'Brute' of length 3 in '/Game/2DSideScrollerBP/Blueprints/Minions/TroopSpawner.TroopSpawner_C'!
[2019.01.22-04.37.24:132][113]LogScript: Warning: UGameplayStatics::BeginSpawningActorFromClass: can not spawn an actor from a NULL class
[2019.01.22-04.37.24:132][113]LogScript: Warning: Script Msg: Attempted to access index 7 from array 'Brute' of length 3 in '/Game/2DSideScrollerBP/Blueprints/Minions/TroopSpawner.TroopSpawner_C'!
[2019.01.22-04.37.24:132][113]LogScript: Warning: UGameplayStatics::BeginSpawningActorFromClass: can not spawn an actor from a NULL class
[2019.01.22-04.37.24:132][113]LogScript: Warning: Script Msg: Attempted to access index 7 from array 'Brute' of length 3 in '/Game/2DSideScrollerBP/Blueprints/Minions/TroopSpawner.TroopSpawner_C'!
[2019.01.22-04.37.24:132][113]LogScript: Warning: UGameplayStatics::BeginSpawningActorFromClass: can not spawn an actor from a NULL class
[2019.01.22-04.37.24:132][113]LogScript: Warning: Script Msg: Attempted to access index 7 from array 'Brute' of length 3 in '/Game/2DSideScrollerBP/Blueprints/Minions/TroopSpawner.TroopSpawner_C'!
[2019.01.22-04.37.24:132][113]LogScript: Warning: UGameplayStatics::BeginSpawningActorFromClass: can not spawn an actor from a NULL class
[2019.01.22-04.37.24:132][113]LogScript: Warning: Script Msg: Attempted to access index 7 from array 'Brute' of length 3 in '/Game/2DSideScrollerBP/Blueprints/Minions/TroopSpawner.TroopSpawner_C'!
[2019.01.22-04.37.24:132][113]LogScript: Warning: UGameplayStatics::BeginSpawningActorFromClass: can not spawn an actor from a NULL class
[2019.01.22-04.37.24:299][122]LogScript: Warning: Script Msg: Attempted to access index 0 from array 'Targets' of length 0 in '/Game/2DSideScrollerBP/Blueprints/Minions/Tower.Tower_C'!
[2019.01.22-04.37.24:323][124]LogBlueprintUserMessages: [TowerShot_C_132] Minion225
[2019.01.22-04.37.24:478][132]LogScript: Warning: Script Msg: Attempted to access index 0 from array 'Targets' of length 0 in '/Game/2DSideScrollerBP/Blueprints/Minions/Tower.Tower_C'!
[2019.01.22-04.37.24:547][136]LogBlueprintUserMessages: [TowerShot_C_133] Minion230
[2019.01.22-04.37.25:322][182]LogScript: Warning: Script Msg: Attempted to access index 0 from array 'Targets' of length 0 in '/Game/2DSideScrollerBP/Blueprints/Minions/Tower.Tower_C'!
[2019.01.22-04.37.25:330][183]LogBlueprintUserMessages: [TowerShot_C_137] Minion237
[2019.01.22-04.37.25:490][192]LogScript: Warning: Script Msg: Attempted to access index 0 from array 'Targets' of length 0 in '/Game/2DSideScrollerBP/Blueprints/Minions/Tower.Tower_C'!
[2019.01.22-04.37.25:739][195]LogBlueprintUserMessages: [TowerShot_C_138] Minion230
[2019.01.22-04.37.26:328][216]LogScript: Warning: Script Msg: Attempted to access index 0 from array 'Targets' of length 0 in '/Game/2DSideScrollerBP/Blueprints/Minions/Tower.Tower_C'!
[2019.01.22-04.37.26:361][218]LogBlueprintUserMessages: [TowerShot_C_141] Minion219
[2019.01.22-04.37.26:542][224]LogScript: Warning: Script Msg: Attempted to access index 0 from array 'Targets' of length 0 in '/Game/2DSideScrollerBP/Blueprints/Minions/Tower.Tower_C'!
[2019.01.22-04.37.26:583][227]LogBlueprintUserMessages: [TowerShot_C_142] Minion142
[2019.01.22-04.37.27:329][269]LogScript: Warning: Script Msg: Attempted to access index 0 from array 'Targets' of length 0 in '/Game/2DSideScrollerBP/Blueprints/Minions/Tower.Tower_C'!
[2019.01.22-04.37.27:388][273]LogBlueprintUserMessages: [TowerShot_C_146] Minion319
[2019.01.22-04.37.27:507][279]LogScript: Warning: Script Msg: Attempted to access index 0 from array 'Targets' of length 0 in '/Game/2DSideScrollerBP/Blueprints/Minions/Tower.Tower_C'!
[2019.01.22-04.37.27:742][293]LogBlueprintUserMessages: [TowerShot_C_147] Minion236
[2019.01.22-04.37.28:182][314]LogSlate: Window 'TrenchTowers (64-bit Development PCD3D_SM5) ' being destroyed
[2019.01.22-04.37.28:183][314]LogWindowsTextInputMethodSystem: Display: IME system now deactivated.
[2019.01.22-04.37.28:189][314]LogSlate: Updating window title bar state: overlay mode, drag disabled, window buttons hidden, title bar hidden
[2019.01.22-04.37.28:189][314]LogEngine: All Windows Closed
[2019.01.22-04.37.28:189][314]LogWindows: FPlatformMisc::RequestExit(0)
[2019.01.22-04.37.28:772][315]LogExit: Preparing to exit.
[2019.01.22-04.37.28:772][315]LogMoviePlayer: Shutting down movie player
[2019.01.22-04.37.29:771][315]LogSlate: Updating window title bar state: overlay mode, drag disabled, window buttons hidden, title bar hidden
[2019.01.22-04.37.29:814][315]LogExit: Game engine shut down
[2019.01.22-04.37.30:325][315]LogExit: Object subsystem successfully closed.
[2019.01.22-04.37.30:345][315]LogShaderCompilers: Display: Shaders left to compile 0
[2019.01.22-04.37.30:350][315]LogD3D11RHI: Shutdown
[2019.01.22-04.37.30:350][315]LogD3D11RHI: CleanupD3DDevice
[2019.01.22-04.37.30:352][315]LogD3D11RHI: ~FD3D11DynamicRHI
[2019.01.22-04.37.30:362][315]LogModuleManager: Shutting down and abandoning module Voice (382)
[2019.01.22-04.37.30:362][315]LogModuleManager: Shutting down and abandoning module AIModule (378)
[2019.01.22-04.37.30:362][315]LogModuleManager: Shutting down and abandoning module GameplayDebugger (377)
[2019.01.22-04.37.30:362][315]LogModuleManager: Shutting down and abandoning module AITestSuite (375)
[2019.01.22-04.37.30:362][315]LogModuleManager: Shutting down and abandoning module NavigationSystem (373)
[2019.01.22-04.37.30:362][315]LogModuleManager: Shutting down and abandoning module SequenceRecorderSections (370)
[2019.01.22-04.37.30:362][315]LogModuleManager: Shutting down and abandoning module SequenceRecorder (368)
[2019.01.22-04.37.30:363][315]LogModuleManager: Shutting down and abandoning module AutomationController (366)
[2019.01.22-04.37.30:363][315]LogModuleManager: Shutting down and abandoning module AutomationWorker (364)
[2019.01.22-04.37.30:363][315]LogModuleManager: Shutting down and abandoning module WmfMediaFactory (362)
[2019.01.22-04.37.30:363][315]LogModuleManager: Shutting down and abandoning module OpenExrWrapper (360)
[2019.01.22-04.37.30:363][315]LogModuleManager: Shutting down and abandoning module ImgMediaFactory (358)
[2019.01.22-04.37.30:363][315]LogModuleManager: Shutting down and abandoning module AvfMediaFactory (356)
[2019.01.22-04.37.30:363][315]LogModuleManager: Shutting down and abandoning module MagicLeapCameraPreviewFactory (354)
[2019.01.22-04.37.30:363][315]LogModuleManager: Shutting down and abandoning module MagicLeapMediaFactory (352)
[2019.01.22-04.37.30:363][315]LogModuleManager: Shutting down and abandoning module CharacterAI (350)
[2019.01.22-04.37.30:363][315]LogModuleManager: Shutting down and abandoning module SessionServices (348)
[2019.01.22-04.37.30:363][315]LogModuleManager: Shutting down and abandoning module MovieSceneCapture (346)
[2019.01.22-04.37.30:363][315]LogModuleManager: Shutting down and abandoning module MovieSceneTracks (344)
[2019.01.22-04.37.30:363][315]LogModuleManager: Shutting down and abandoning module MovieScene (342)
[2019.01.22-04.37.30:364][315]LogModuleManager: Shutting down and abandoning module StreamingPauseRendering (340)
[2019.01.22-04.37.30:364][315]LogModuleManager: Shutting down and abandoning module PortalServices (338)
[2019.01.22-04.37.30:364][315]LogModuleManager: Shutting down and abandoning module PortalRpc (336)
[2019.01.22-04.37.30:364][315]LogModuleManager: Shutting down and abandoning module MessagingRpc (334)
[2019.01.22-04.37.30:364][315]LogModuleManager: Shutting down and abandoning module ProfilerService (332)
[2019.01.22-04.37.30:390][315]LogModuleManager: Shutting down and abandoning module TaskGraph (330)
[2019.01.22-04.37.30:391][315]LogModuleManager: Shutting down and abandoning module SteamVRController (328)
[2019.01.22-04.37.30:391][315]LogModuleManager: Shutting down and abandoning module SteamController (326)
[2019.01.22-04.37.30:391][315]LogModuleManager: Shutting down and abandoning module ProceduralMeshComponent (324)
[2019.01.22-04.37.30:391][315]LogModuleManager: Shutting down and abandoning module OculusInput (322)
[2019.01.22-04.37.30:391][315]LogModuleManager: Shutting down and abandoning module MobilePatchingUtils (320)
[2019.01.22-04.37.30:391][315]LogModuleManager: Shutting down and abandoning module EditableMesh (318)
[2019.01.22-04.37.30:391][315]LogModuleManager: Shutting down and abandoning module CustomMeshComponent (316)
[2019.01.22-04.37.30:391][315]LogModuleManager: Shutting down and abandoning module CableComponent (314)
[2019.01.22-04.37.30:391][315]LogModuleManager: Shutting down and abandoning module AudioCapture (312)
[2019.01.22-04.37.30:391][315]LogModuleManager: Shutting down and abandoning module ArchVisCharacter (310)
[2019.01.22-04.37.30:391][315]LogModuleManager: Shutting down and abandoning module AndroidPermission (308)
[2019.01.22-04.37.30:391][315]LogModuleManager: Shutting down and abandoning module NUTUnrealEngine4 (306)
[2019.01.22-04.37.30:391][315]LogModuleManager: Shutting down and abandoning module NetcodeUnitTest (304)
[2019.01.22-04.37.30:391][315]LogModuleManager: Shutting down and abandoning module MediaCompositing (302)
[2019.01.22-04.37.30:391][315]LogModuleManager: Shutting down and abandoning module LinearTimecode (300)
[2019.01.22-04.37.30:391][315]LogModuleManager: Shutting down and abandoning module ImgMedia (298)
[2019.01.22-04.37.30:397][315]LogModuleManager: Shutting down and abandoning module HTML5Networking (296)
[2019.01.22-04.37.30:397][315]LogModuleManager: Shutting down and abandoning module GeometryCacheTracks (294)
[2019.01.22-04.37.30:397][315]LogModuleManager: Shutting down and abandoning module GeometryCacheSequencer (293)
[2019.01.22-04.37.30:397][315]LogModuleManager: Shutting down and abandoning module GeometryCache (290)
[2019.01.22-04.37.30:397][315]LogModuleManager: Shutting down and abandoning module GeometryCacheEd (289)
[2019.01.22-04.37.30:397][315]LogModuleManager: Shutting down and abandoning module BackChannel (286)
[2019.01.22-04.37.30:397][315]LogModuleManager: Shutting down and abandoning module AppleVision (284)
[2019.01.22-04.37.30:397][315]LogModuleManager: Shutting down and abandoning module AppleImageUtils (282)
[2019.01.22-04.37.30:397][315]LogModuleManager: Shutting down and abandoning module DatasmithContent (280)
[2019.01.22-04.37.30:398][315]LogModuleManager: Shutting down and abandoning module CryptoKeysOpenSSL (278)
[2019.01.22-04.37.30:398][315]LogModuleManager: Shutting down and abandoning module CryptoKeys (276)
[2019.01.22-04.37.30:398][315]LogModuleManager: Shutting down and abandoning module VisualStudioSourceCodeAccess (274)
[2019.01.22-04.37.30:398][315]LogModuleManager: Shutting down and abandoning module HotReload (273)
[2019.01.22-04.37.30:398][315]LogModuleManager: Shutting down and abandoning module DirectoryWatcher (272)
[2019.01.22-04.37.30:399][315]LogModuleManager: Shutting down and abandoning module VisualStudioCodeSourceCodeAccess (268)
[2019.01.22-04.37.30:399][315]LogModuleManager: Shutting down and abandoning module UObjectPlugin (266)
[2019.01.22-04.37.30:399][315]LogModuleManager: Shutting down and abandoning module SubversionSourceControl (264)
[2019.01.22-04.37.30:399][315]LogModuleManager: Shutting down and abandoning module PerforceSourceControl (262)
[2019.01.22-04.37.30:399][315]LogModuleManager: Shutting down and abandoning module SourceControl (261)
[2019.01.22-04.37.30:399][315]LogModuleManager: Shutting down and abandoning module CLionSourceCodeAccess (258)
[2019.01.22-04.37.30:399][315]LogModuleManager: Shutting down and abandoning module RuntimePhysXCooking (256)
[2019.01.22-04.37.30:399][315]LogModuleManager: Shutting down and abandoning module PhysXVehiclesEditor (254)
[2019.01.22-04.37.30:399][315]LogModuleManager: Shutting down and abandoning module PhysXVehicles (252)
[2019.01.22-04.37.30:399][315]LogModuleManager: Shutting down and abandoning module LocationServicesBPLibrary (250)
[2019.01.22-04.37.30:399][315]LogModuleManager: Shutting down and abandoning module ImmediatePhysicsEditor (248)
[2019.01.22-04.37.30:399][315]LogModuleManager: Shutting down and abandoning module ImmediatePhysics (246)
[2019.01.22-04.37.30:399][315]LogModuleManager: Shutting down and abandoning module ActorSequence (244)
[2019.01.22-04.37.30:399][315]LogModuleManager: Shutting down and abandoning module UdpMessaging (242)
[2019.01.22-04.37.30:500][315]LogModuleManager: Shutting down and abandoning module TcpMessaging (240)
[2019.01.22-04.37.30:601][315]LogModuleManager: Shutting down and abandoning module MagicLeapAudio (238)
[2019.01.22-04.37.30:601][315]LogModuleManager: Shutting down and abandoning module GameplayTagsEditor (236)
[2019.01.22-04.37.30:601][315]LogModuleManager: Shutting down and abandoning module FacialAnimation (234)
[2019.01.22-04.37.30:601][315]LogModuleManager: Shutting down and abandoning module DataValidation (232)
[2019.01.22-04.37.30:601][315]LogModuleManager: Shutting down and abandoning module AssetManagerEditor (230)
[2019.01.22-04.37.30:601][315]LogModuleManager: Shutting down and abandoning module TreeMap (229)
[2019.01.22-04.37.30:601][315]LogModuleManager: Shutting down and abandoning module LightPropagationVolumeRuntime (226)
[2019.01.22-04.37.30:601][315]LogModuleManager: Shutting down and abandoning module AISupportModule (224)
[2019.01.22-04.37.30:601][315]LogModuleManager: Shutting down and abandoning module Paper2D (222)
[2019.01.22-04.37.30:601][315]LogModuleManager: Shutting down and abandoning module PIEPreviewDeviceProfileSelector (220)
[2019.01.22-04.37.30:601][315]LogModuleManager: Shutting down and abandoning module WindowsMoviePlayer (218)
[2019.01.22-04.37.30:601][315]LogModuleManager: Shutting down and abandoning module WmfMedia (216)
[2019.01.22-04.37.30:602][315]LogModuleManager: Shutting down and abandoning module Media (215)
[2019.01.22-04.37.30:608][315]LogModuleManager: Shutting down and abandoning module PacketHandler (212)
[2019.01.22-04.37.30:608][315]LogModuleManager: Shutting down and abandoning module ClothingSystemEditor (210)
[2019.01.22-04.37.30:608][315]LogModuleManager: Shutting down and abandoning module ClothingSystemRuntime (208)
[2019.01.22-04.37.30:608][315]LogModuleManager: Shutting down and abandoning module MediaAssets (206)
[2019.01.22-04.37.30:608][315]LogModuleManager: Shutting down and abandoning module Overlay (204)
[2019.01.22-04.37.30:608][315]LogModuleManager: Shutting down and abandoning module OverlayEditor (203)
[2019.01.22-04.37.30:608][315]LogModuleManager: Shutting down and abandoning module VREditor (200)
[2019.01.22-04.37.30:609][315]LogModuleManager: Shutting down and abandoning module StringTableEditor (198)
[2019.01.22-04.37.30:609][315]LogModuleManager: Shutting down and abandoning module GameplayTasksEditor (196)
[2019.01.22-04.37.30:609][315]LogModuleManager: Shutting down and abandoning module BehaviorTreeEditor (194)
[2019.01.22-04.37.30:609][315]LogModuleManager: Shutting down and abandoning module FunctionalTesting (192)
[2019.01.22-04.37.30:609][315]LogModuleManager: Shutting down and abandoning module CollisionAnalyzer (190)
[2019.01.22-04.37.30:609][315]LogModuleManager: Shutting down and abandoning module WorkspaceMenuStructure (189)
[2019.01.22-04.37.30:609][315]LogModuleManager: Shutting down and abandoning module UMG (186)
[2019.01.22-04.37.30:609][315]LogModuleManager: Shutting down and abandoning module UMGEditor (185)
[2019.01.22-04.37.30:609][315]LogModuleManager: Shutting down and abandoning module Sequencer (184)
[2019.01.22-04.37.30:609][315]LogModuleManager: Shutting down and abandoning module MessageLog (181)
[2019.01.22-04.37.30:609][315]LogModuleManager: Shutting down and abandoning module SlateReflector (176)
[2019.01.22-04.37.30:609][315]LogModuleManager: Shutting down and abandoning module Slate (174)
[2019.01.22-04.37.30:609][315]LogModuleManager: Shutting down and abandoning module EditorStyle (172)
[2019.01.22-04.37.30:610][315]LogModuleManager: Shutting down and abandoning module MRMesh (170)
[2019.01.22-04.37.30:611][315]LogModuleManager: Shutting down and abandoning module Messaging (168)
[2019.01.22-04.37.30:611][315]LogModuleManager: Shutting down and abandoning module SourceCodeAccess (166)
[2019.01.22-04.37.30:611][315]LogModuleManager: Shutting down and abandoning module HeadMountedDisplay (164)
[2019.01.22-04.37.30:611][315]LogModuleManager: Shutting down and abandoning module XAudio2 (162)
[2019.01.22-04.37.30:611][315]LogModuleManager: Shutting down and abandoning module Networking (160)
[2019.01.22-04.37.30:611][315]LogModuleManager: Shutting down and abandoning module Core (158)
[2019.01.22-04.37.30:611][315]LogModuleManager: Shutting down and abandoning module LevelSequence (156)
[2019.01.22-04.37.30:611][315]LogModuleManager: Shutting down and abandoning module KismetCompiler (154)
[2019.01.22-04.37.30:611][315]LogModuleManager: Shutting down and abandoning module MeshUtilities (152)
[2019.01.22-04.37.30:611][315]LogModuleManager: Shutting down and abandoning module MeshMergeUtilities (151)
[2019.01.22-04.37.30:611][315]LogModuleManager: Shutting down and abandoning module MeshReductionInterface (150)
[2019.01.22-04.37.30:611][315]LogModuleManager: Shutting down and abandoning module SimplygonSwarm (149)
[2019.01.22-04.37.30:611][315]LogModuleManager: Shutting down and abandoning module ProxyLODMeshReduction (147)
[2019.01.22-04.37.30:611][315]LogModuleManager: Shutting down and abandoning module SimplygonMeshReduction (145)
[2019.01.22-04.37.30:611][315]LogModuleManager: Shutting down and abandoning module QuadricMeshReduction (143)
[2019.01.22-04.37.30:611][315]LogModuleManager: Shutting down and abandoning module MaterialBaking (139)
[2019.01.22-04.37.30:611][315]LogModuleManager: Shutting down and abandoning module DerivedDataCache (134)
[2019.01.22-04.37.30:711][315]LogDerivedDataCache: Shutdown
[2019.01.22-04.37.30:711][315]LogModuleManager: Shutting down and abandoning module XGEController (132)
[2019.01.22-04.37.30:711][315]LogModuleManager: Shutting down and abandoning module TargetPlatform (130)
[2019.01.22-04.37.30:711][315]LogModuleManager: Shutting down and abandoning module VulkanShaderFormat (129)
[2019.01.22-04.37.30:711][315]LogModuleManager: Shutting down and abandoning module ShaderFormatVectorVM (127)
[2019.01.22-04.37.30:711][315]LogModuleManager: Shutting down and abandoning module ShaderFormatOpenGL (125)
[2019.01.22-04.37.30:711][315]LogModuleManager: Shutting down and abandoning module ShaderFormatD3D (123)
[2019.01.22-04.37.30:711][315]LogModuleManager: Shutting down and abandoning module MetalShaderFormat (121)
[2019.01.22-04.37.30:711][315]LogModuleManager: Shutting down and abandoning module TextureFormatUncompressed (119)
[2019.01.22-04.37.30:711][315]LogModuleManager: Shutting down and abandoning module TextureFormatPVR (117)
[2019.01.22-04.37.30:711][315]LogModuleManager: Shutting down and abandoning module TextureFormatDXT (115)
[2019.01.22-04.37.30:711][315]LogModuleManager: Shutting down and abandoning module TextureFormatIntelISPCTexComp (113)
[2019.01.22-04.37.30:712][315]LogModuleManager: Shutting down and abandoning module TextureFormatASTC (111)
[2019.01.22-04.37.30:712][315]LogModuleManager: Shutting down and abandoning module ImageWrapper (110)
[2019.01.22-04.37.30:712][315]LogModuleManager: Shutting down and abandoning module TextureFormatAndroid (107)
[2019.01.22-04.37.30:712][315]LogModuleManager: Shutting down and abandoning module AudioFormatOpus (105)
[2019.01.22-04.37.30:712][315]LogModuleManager: Shutting down and abandoning module AudioFormatOgg (103)
[2019.01.22-04.37.30:712][315]LogModuleManager: Shutting down and abandoning module AudioFormatADPCM (101)
[2019.01.22-04.37.30:712][315]LogModuleManager: Shutting down and abandoning module WindowsTargetPlatform (99)
[2019.01.22-04.37.30:712][315]LogModuleManager: Shutting down and abandoning module WindowsServerTargetPlatform (97)
[2019.01.22-04.37.30:712][315]LogModuleManager: Shutting down and abandoning module WindowsNoEditorTargetPlatform (95)
[2019.01.22-04.37.30:712][315]LogModuleManager: Shutting down and abandoning module WindowsClientTargetPlatform (93)
[2019.01.22-04.37.30:712][315]LogModuleManager: Shutting down and abandoning module InputCore (90)
[2019.01.22-04.37.30:712][315]LogModuleManager: Shutting down and abandoning module Settings (88)
[2019.01.22-04.37.30:712][315]LogModuleManager: Shutting down and abandoning module PhysXCooking (86)
[2019.01.22-04.37.30:712][315]LogModuleManager: Shutting down and abandoning module SteamVR (84)
[2019.01.22-04.37.30:712][315]LogModuleManager: Shutting down and abandoning module OculusHMD (82)
[2019.01.22-04.37.30:712][315]LogModuleManager: Shutting down and abandoning module ExampleDeviceProfileSelector (80)
[2019.01.22-04.37.30:712][315]LogModuleManager: Shutting down and abandoning module LauncherChunkInstaller (78)
[2019.01.22-04.37.30:712][315]LogModuleManager: Shutting down and abandoning module OnlineBlueprintSupport (76)
[2019.01.22-04.37.30:712][315]LogModuleManager: Shutting down and abandoning module OnlineSubsystem (72)
[2019.01.22-04.37.30:712][315]LogOnline: VeryVerbose: OSS: FOnlineSubsystemNull::Shutdown()
[2019.01.22-04.37.30:712][315]LogOnline: VeryVerbose: OSS: FOnlineAsyncTaskManager::Stop() ActiveTask:0000000000000000 Tasks[0/0]
[2019.01.22-04.37.30:714][315]LogOnline: VeryVerbose: OSS: FOnlineAsyncTaskManager::Exit() started
[2019.01.22-04.37.30:714][315]LogOnline: VeryVerbose: OSS: FOnlineAsyncTaskManager::Exit() finished
[2019.01.22-04.37.30:714][315]LogOnline: Verbose: OSS: Unloading online subsystem: STEAM
[2019.01.22-04.37.30:714][315]LogOnline: Verbose: OSS: Unloading online subsystem: NULL
[2019.01.22-04.37.30:714][315]LogModuleManager: Shutting down and abandoning module XMPP (65)
[2019.01.22-04.37.30:714][315]LogModuleManager: Shutting down and abandoning module WebSockets (64)
[2019.01.22-04.37.30:727][315]LogModuleManager: Shutting down and abandoning module HTTP (61)
[2019.01.22-04.37.30:735][315]LogModuleManager: Shutting down and abandoning module SSL (60)
[2019.01.22-04.37.30:736][315]LogModuleManager: Shutting down and abandoning module MagicLeapEmulator (56)
[2019.01.22-04.37.30:736][315]LogModuleManager: Shutting down and abandoning module MagicLeapPrivileges (54)
[2019.01.22-04.37.30:736][315]LogModuleManager: Shutting down and abandoning module MagicLeapIdentity (52)
[2019.01.22-04.37.30:736][315]LogModuleManager: Shutting down and abandoning module MagicLeapHelperVulkan (50)
[2019.01.22-04.37.30:736][315]LogModuleManager: Shutting down and abandoning module MagicLeapHelperOpenGL (48)
[2019.01.22-04.37.30:736][315]LogModuleManager: Shutting down and abandoning module MagicLeapSecureStorage (46)
[2019.01.22-04.37.30:736][315]LogModuleManager: Shutting down and abandoning module MagicLeapGestures (44)
[2019.01.22-04.37.30:736][315]LogModuleManager: Shutting down and abandoning module MagicLeapEyeTracker (42)
[2019.01.22-04.37.30:736][315]LogModuleManager: Shutting down and abandoning module MagicLeapController (40)
[2019.01.22-04.37.30:736][315]LogSlate: Slate User Destroyed.  User Index 0, Is Virtual User: 0
[2019.01.22-04.37.30:736][315]LogModuleManager: Shutting down and abandoning module MagicLeap (38)
[2019.01.22-04.37.30:736][315]LogModuleManager: Shutting down and abandoning module AnimationModifiers (36)
[2019.01.22-04.37.30:736][315]LogModuleManager: Shutting down and abandoning module PropertyEditor (35)
[2019.01.22-04.37.30:736][315]LogModuleManager: Shutting down and abandoning module AudioEditor (32)
[2019.01.22-04.37.30:736][315]LogModuleManager: Shutting down and abandoning module TextureCompressor (30)
[2019.01.22-04.37.30:737][315]LogModuleManager: Shutting down and abandoning module ShaderCore (28)
[2019.01.22-04.37.30:737][315]LogModuleManager: Shutting down and abandoning module Landscape (26)
[2019.01.22-04.37.30:737][315]LogModuleManager: Shutting down and abandoning module SlateRHIRenderer (24)
[2019.01.22-04.37.30:737][315]LogModuleManager: Shutting down and abandoning module OpenGLDrv (22)
[2019.01.22-04.37.30:737][315]LogModuleManager: Shutting down and abandoning module D3D11RHI (20)
[2019.01.22-04.37.30:737][315]LogModuleManager: Shutting down and abandoning module AnimGraphRuntime (18)
[2019.01.22-04.37.30:737][315]LogModuleManager: Shutting down and abandoning module Renderer (16)
[2019.01.22-04.37.30:738][315]LogModuleManager: Shutting down and abandoning module Engine (14)
[2019.01.22-04.37.30:738][315]LogModuleManager: Shutting down and abandoning module CoreUObject (12)
[2019.01.22-04.37.30:738][315]LogModuleManager: Shutting down and abandoning module NetworkFile (10)
[2019.01.22-04.37.30:738][315]LogModuleManager: Shutting down and abandoning module CookedIterativeFile (8)
[2019.01.22-04.37.30:738][315]LogModuleManager: Shutting down and abandoning module StreamingFile (6)
[2019.01.22-04.37.30:738][315]LogModuleManager: Shutting down and abandoning module SandboxFile (4)
[2019.01.22-04.37.30:738][315]LogModuleManager: Shutting down and abandoning module PakFile (2)
[2019.01.22-04.37.30:745][315]LogExit: Exiting.
[2019.01.22-04.37.30:755][315]Log file closed, 01/21/19 23:37:30
