Log file open, 01/22/19 22:43:51
LogWindows: Failed to load 'aqProf.dll' (GetLastError=126)
LogWindows: File 'aqProf.dll' does not exist
LogWindows: Failed to load 'VtuneApi.dll' (GetLastError=126)
LogWindows: File 'VtuneApi.dll' does not exist
LogWindows: Failed to load 'VtuneApi32e.dll' (GetLastError=126)
LogWindows: File 'VtuneApi32e.dll' does not exist
LogInit: Display: Running engine for game: TrenchTowers
LogPlatformFile: Not using cached read wrapper
LogTaskGraph: Started task graph with 5 named threads and 23 total threads with 3 sets of task threads.
LogStats: Stats thread started at 0.333412
LogD3D11RHI: Loaded GFSDK_Aftermath_Lib.x64.dll
LogICUInternationalization: Display: ICU TimeZone Detection - Raw Offset: -5:00, Platform Override: ''
LogPluginManager: Mounting plugin Paper2D
LogPluginManager: Mounting plugin AISupport
LogPluginManager: Mounting plugin LightPropagationVolume
LogPluginManager: Mounting plugin CLionSourceCodeAccess
LogPluginManager: Mounting plugin CodeLiteSourceCodeAccess
LogPluginManager: Mounting plugin GitSourceControl
LogPluginManager: Mounting plugin KDevelopSourceCodeAccess
LogPluginManager: Mounting plugin NullSourceCodeAccess
LogPluginManager: Mounting plugin PerforceSourceControl
LogPluginManager: Mounting plugin SubversionSourceControl
LogPluginManager: Mounting plugin UObjectPlugin
LogPluginManager: Mounting plugin VisualStudioCodeSourceCodeAccess
LogPluginManager: Mounting plugin VisualStudioSourceCodeAccess
LogPluginManager: Mounting plugin XCodeSourceCodeAccess
LogPluginManager: Mounting plugin AssetManagerEditor
LogPluginManager: Mounting plugin CryptoKeys
LogPluginManager: Mounting plugin DataValidation
LogPluginManager: Mounting plugin FacialAnimation
LogPluginManager: Mounting plugin GameplayTagsEditor
LogPluginManager: Mounting plugin MacGraphicsSwitching
LogPluginManager: Mounting plugin MeshEditor
LogPluginManager: Mounting plugin MobileLauncherProfileWizard
LogPluginManager: Mounting plugin PluginBrowser
LogPluginManager: Mounting plugin SpeedTreeImporter
LogPluginManager: Mounting plugin DatasmithContent
LogPluginManager: Mounting plugin AlembicImporter
LogPluginManager: Mounting plugin AppleImageUtils
LogPluginManager: Mounting plugin AppleVision
LogPluginManager: Mounting plugin BackChannel
LogPluginManager: Mounting plugin CharacterAI
LogPluginManager: Mounting plugin GeometryCache
LogPluginManager: Mounting plugin HTML5Networking
LogPluginManager: Mounting plugin ProxyLODPlugin
LogPluginManager: Mounting plugin MagicLeap
LogPluginManager: Mounting plugin MagicLeapEmulator
LogPluginManager: Mounting plugin MagicLeapMedia
LogPluginManager: Mounting plugin AndroidMedia
LogPluginManager: Mounting plugin AvfMedia
LogPluginManager: Mounting plugin ImgMedia
LogPluginManager: Mounting plugin LinearTimecode
LogPluginManager: Mounting plugin MediaCompositing
LogPluginManager: Mounting plugin MediaPlayerEditor
LogPluginManager: Mounting plugin WmfMedia
LogPluginManager: Mounting plugin TcpMessaging
LogPluginManager: Mounting plugin UdpMessaging
LogPluginManager: Mounting plugin ActorSequence
LogPluginManager: Mounting plugin LevelSequenceEditor
LogPluginManager: Mounting plugin MatineeToLevelSequence
LogPluginManager: Mounting plugin NetcodeUnitTest
LogPluginManager: Mounting plugin NUTUnrealEngine4
LogPluginManager: Mounting plugin OnlineSubsystemGooglePlay
LogPluginManager: Mounting plugin OnlineSubsystemIOS
LogPluginManager: Mounting plugin OnlineSubsystem
LogPluginManager: Mounting plugin OnlineSubsystemNull
LogPluginManager: Mounting plugin OnlineSubsystemUtils
LogPluginManager: Mounting plugin LauncherChunkInstaller
LogPluginManager: Mounting plugin AndroidDeviceProfileSelector
LogPluginManager: Mounting plugin AndroidMoviePlayer
LogPluginManager: Mounting plugin AndroidPermission
LogPluginManager: Mounting plugin AppleMoviePlayer
LogPluginManager: Mounting plugin ArchVisCharacter
LogPluginManager: Mounting plugin AudioCapture
LogPluginManager: Mounting plugin CableComponent
LogPluginManager: Mounting plugin CustomMeshComponent
LogPluginManager: Mounting plugin EditableMesh
LogPluginManager: Mounting plugin ExampleDeviceProfileSelector
LogPluginManager: Mounting plugin GoogleCloudMessaging
LogPluginManager: Mounting plugin ImmediatePhysics
LogPluginManager: Mounting plugin IOSDeviceProfileSelector
LogPluginManager: Mounting plugin LinuxDeviceProfileSelector
LogPluginManager: Mounting plugin LocationServicesBPLibrary
LogPluginManager: Mounting plugin MobilePatchingUtils
LogPluginManager: Mounting plugin OculusVR
LogPluginManager: Plugin shader directory ../../../Engine/Plugins/Runtime/Oculus/OculusVR/Shaders found
LogPluginManager: Mapping shader source directory ../../../Engine/Plugins/Runtime/Oculus/OculusVR/Shaders to virtual directory /Plugin/OculusVR
LogPluginManager: Mounting plugin PhysXVehicles
LogPluginManager: Mounting plugin ProceduralMeshComponent
LogPluginManager: Mounting plugin RuntimePhysXCooking
LogPluginManager: Mounting plugin SteamController
LogPluginManager: Mounting plugin SteamVR
LogPluginManager: Mounting plugin WindowsMoviePlayer
LogStreaming: Display: Took  0.235s to configure plugins.
LogInit: Using libcurl 7.55.1-DEV
LogInit:  - built for x86_64-pc-win32
LogInit:  - supports SSL with OpenSSL/1.0.2h
LogInit:  - supports HTTP deflate (compression) using libz 1.2.8
LogInit:  - other features:
LogInit:      CURL_VERSION_SSL
LogInit:      CURL_VERSION_LIBZ
LogInit:      CURL_VERSION_IPV6
LogInit:      CURL_VERSION_ASYNCHDNS
LogInit:      CURL_VERSION_LARGEFILE
LogInit:      CURL_VERSION_IDN
LogInit:  CurlRequestOptions (configurable via config and command line):
LogInit:  - bVerifyPeer = false  - Libcurl will NOT verify peer certificate
LogInit:  - bUseHttpProxy = false  - Libcurl will NOT use HTTP proxy
LogInit:  - bDontReuseConnections = false  - Libcurl will reuse connections
LogInit:  - CertBundlePath = nullptr  - Libcurl will use whatever was configured at build time.
LogInit:  - MaxHostConnections = 16  - Libcurl will limit the number of connections to a host
LogInit:  - LocalHostAddr = Default
LogInit:  - BufferSize = 65536
LogModuleManager: Warning: ModuleManager: Unable to load module 'OnlineSubsystemSteam'  - 0 instances of that module name found.
LogOnline: Verbose: OSS: Created thread (ID:16932).
LogInit: WinSock: version 1.1 (2.2), MaxSocks=32767, MaxUdp=65467
LogInit: Build: ++UE4+Release-4.20-CL-4369336
LogInit: Engine Version: 4.20.3-4369336+++UE4+Release-4.20
LogInit: Compatible Engine Version: 4.20.0-4212847+++UE4+Release-4.20
LogInit: Net CL: 4212847
LogInit: OS: Windows 10 (), CPU: Intel(R) Core(TM) i7-6700HQ CPU @ 2.60GHz, GPU: Intel(R) HD Graphics 530
LogInit: Compiled (64-bit): Sep 17 2018 12:26:19
LogInit: Compiled with Visual C++: 19.13.26129.00
LogInit: Build Configuration: Development
LogInit: Branch Name: ++UE4+Release-4.20
LogInit: Command Line: -EpicPortal  -epicusername="Pyrocku" -epicuserid=b1db12b2000c43619e5ed66b74fb5726 -epiclocale=en-US
LogInit: Base Directory: D:/Program Files/Epic Games/UE_4.20/Engine/Binaries/Win64/
LogInit: Installed Engine Build: 1
LogDevObjectVersion: Number of dev versions registered: 20
LogDevObjectVersion:   Dev-Blueprints (B0D832E4-1F89-4F0D-ACCF-7EB736FD4AA2): 10
LogDevObjectVersion:   Dev-Build (E1C64328-A22C-4D53-A36C-8E866417BD8C): 0
LogDevObjectVersion:   Dev-Core (375EC13C-06E4-48FB-B500-84F0262A717E): 2
LogDevObjectVersion:   Dev-Editor (E4B068ED-F494-42E9-A231-DA0B2E46BB41): 24
LogDevObjectVersion:   Dev-Framework (CFFC743F-43B0-4480-9391-14DF171D2073): 34
LogDevObjectVersion:   Dev-Mobile (B02B49B5-BB20-44E9-A304-32B752E40360): 2
LogDevObjectVersion:   Dev-Networking (A4E4105C-59A1-49B5-A7C5-40C4547EDFEE): 0
LogDevObjectVersion:   Dev-Online (39C831C9-5AE6-47DC-9A44-9C173E1C8E7C): 0
LogDevObjectVersion:   Dev-Physics (78F01B33-EBEA-4F98-B9B4-84EACCB95AA2): 0
LogDevObjectVersion:   Dev-Platform (6631380F-2D4D-43E0-8009-CF276956A95A): 0
LogDevObjectVersion:   Dev-Rendering (12F88B9F-8875-4AFC-A67C-D90C383ABD29): 26
LogDevObjectVersion:   Dev-Sequencer (7B5AE74C-D270-4C10-A958-57980B212A5A): 9
LogDevObjectVersion:   Dev-VR (D7296918-1DD6-4BDD-9DE2-64A83CC13884): 2
LogDevObjectVersion:   Dev-LoadTimes (C2A15278-BFE7-4AFE-6C17-90FF531DF755): 1
LogDevObjectVersion:   Private-Geometry (6EACA3D4-40EC-4CC1-B786-8BED09428FC5): 3
LogDevObjectVersion:   Dev-AnimPhys (29E575DD-E0A3-4627-9D10-D276232CDCEA): 17
LogDevObjectVersion:   Dev-ReflectionCapture (6B266CEC-1EC7-4B8F-A30B-E4D90942FC07): 1
LogDevObjectVersion:   Dev-Automation (0DF73D61-A23F-47EA-B727-89E90C41499A): 1
LogDevObjectVersion:   FortniteMain (601D1886-AC64-4F84-AA16-D3DE0DEAC7D6): 12
LogDevObjectVersion:   Dev-Enterprise (9DFFBCD6-494F-0158-E221-12823C92A888): 1
LogStreaming: Display: Took  0.026s to delete old logs.
LogInit: Presizing for max 8388607 objects, including 0 objects not considered by GC, pre-allocating 0 bytes for permanent pool.
LogInit: Object subsystem initialized
[2019.01.23-03.43.52:471][  0]LogInit: Selected Device Profile: [Windows]
[2019.01.23-03.43.52:471][  0]LogInit: Applying CVar settings loaded from the selected device profile: [Windows]
[2019.01.23-03.43.52:524][  0]LogHAL: Display: Platform has ~ 16 GB [17044942848 / 17179869184 / 16], which maps to Larger [LargestMinGB=32, LargerMinGB=12, DefaultMinGB=8, SmallerMinGB=6, SmallestMinGB=0)
[2019.01.23-03.43.52:524][  0]LogInit: Setting Device Profile CVar: [[r.Vulkan.UseRealUBs:1]]
[2019.01.23-03.43.52:524][  0]LogInit: Going up to parent DeviceProfile []
[2019.01.23-03.43.52:524][  0]LogInit: Computer: DESKTOP-RI1ETNT
[2019.01.23-03.43.52:524][  0]LogInit: User: Fires
[2019.01.23-03.43.52:524][  0]LogInit: CPU Page size=4096, Cores=4
[2019.01.23-03.43.52:524][  0]LogInit: High frequency timer resolution =10.000000 MHz
[2019.01.23-03.43.52:525][  0]LogMemory: Memory total: Physical=15.9GB (16GB approx)
[2019.01.23-03.43.52:525][  0]LogMemory: Platform Memory Stats for Windows
[2019.01.23-03.43.52:525][  0]LogMemory: Process Physical Memory: 108.96 MB used, 108.96 MB peak
[2019.01.23-03.43.52:525][  0]LogMemory: Process Virtual Memory: 93.64 MB used, 93.64 MB peak
[2019.01.23-03.43.52:525][  0]LogMemory: Physical Memory: 6425.73 MB used,  9829.59 MB free, 16255.32 MB total
[2019.01.23-03.43.52:525][  0]LogMemory: Virtual Memory: 4645.21 MB used,  9829.59 MB free, 134217728.00 MB total
[2019.01.23-03.43.53:045][  0]LogInit: Using OS detected language (en-US).
[2019.01.23-03.43.53:045][  0]LogInit: Using OS detected locale (en-CA).
[2019.01.23-03.43.53:051][  0]LogTextLocalizationManager: No specific localization for 'en-US' exists, so the 'en' localization will be used.
[2019.01.23-03.43.53:496][  0]LogStreaming: Display: Took  0.451s to InitEngineTextLocalization.
[2019.01.23-03.43.53:497][  0]LogInit: Setting process to per monitor DPI aware
[2019.01.23-03.43.53:558][  0]LogSlate: New Slate User Created.  User Index 0, Is Virtual User: 0
[2019.01.23-03.43.53:558][  0]LogSlate: Slate User Registered.  User Index 0, Is Virtual User: 0
[2019.01.23-03.43.54:007][  0]LogHMD: Failed to initialize OpenVR with code 110
[2019.01.23-03.43.54:007][  0]LogD3D11RHI: D3D11 adapters:
[2019.01.23-03.43.54:114][  0]LogD3D11RHI:    0. 'NVIDIA GeForce GTX 1070' (Feature Level 11_0)
[2019.01.23-03.43.54:114][  0]LogD3D11RHI:       8081/0/8127 MB DedicatedVideo/DedicatedSystem/SharedSystem, Outputs:1, VendorId:0x10de
[2019.01.23-03.43.54:127][  0]LogD3D11RHI:    1. 'Intel(R) HD Graphics 530' (Feature Level 11_0)
[2019.01.23-03.43.54:127][  0]LogD3D11RHI:       128/0/8127 MB DedicatedVideo/DedicatedSystem/SharedSystem, Outputs:0, VendorId:0x8086
[2019.01.23-03.43.54:130][  0]LogD3D11RHI:    2. 'Microsoft Basic Render Driver' (Feature Level 11_0)
[2019.01.23-03.43.54:130][  0]LogD3D11RHI:       0/0/8127 MB DedicatedVideo/DedicatedSystem/SharedSystem, Outputs:0, VendorId:0x1414
[2019.01.23-03.43.54:130][  0]LogD3D11RHI: Chosen D3D11 Adapter: 0
[2019.01.23-03.43.54:178][  0]LogD3D11RHI: Creating new Direct3DDevice
[2019.01.23-03.43.54:178][  0]LogD3D11RHI:     GPU DeviceId: 0x1ba1 (for the marketing name, search the web for "GPU Device Id")
[2019.01.23-03.43.54:178][  0]LogWindows: EnumDisplayDevices:
[2019.01.23-03.43.54:178][  0]LogWindows:    0. 'Intel(R) HD Graphics 530' (P:1 D:1)
[2019.01.23-03.43.54:178][  0]LogWindows:    1. 'Intel(R) HD Graphics 530' (P:0 D:0)
[2019.01.23-03.43.54:179][  0]LogWindows:    2. 'Intel(R) HD Graphics 530' (P:0 D:0)
[2019.01.23-03.43.54:180][  0]LogWindows:    3. 'NVIDIA GeForce GTX 1070' (P:0 D:0)
[2019.01.23-03.43.54:180][  0]LogWindows:    4. 'NVIDIA GeForce GTX 1070' (P:0 D:0)
[2019.01.23-03.43.54:181][  0]LogWindows:    5. 'NVIDIA GeForce GTX 1070' (P:0 D:0)
[2019.01.23-03.43.54:181][  0]LogWindows:    6. 'NVIDIA GeForce GTX 1070' (P:0 D:0)
[2019.01.23-03.43.54:182][  0]LogWindows: DebugString: PrimaryIsNotTheChoosenAdapter PrimaryIsNotTheChoosenAdapter PrimaryIsNotTheChoosenAdapter FoundDriverCount:4 
[2019.01.23-03.43.54:182][  0]LogD3D11RHI:     Adapter Name: NVIDIA GeForce GTX 1070
[2019.01.23-03.43.54:182][  0]LogD3D11RHI:   Driver Version: 417.22 (internal:25.21.14.1722, unified:417.22)
[2019.01.23-03.43.54:182][  0]LogD3D11RHI:      Driver Date: 11-29-2018
[2019.01.23-03.43.54:182][  0]LogRHI: Texture pool is 5656 MB (70% of 8081 MB)
[2019.01.23-03.43.54:247][  0]LogD3D11RHI: [Aftermath] Enabled and primed
[2019.01.23-03.43.54:247][  0]LogD3D11RHI: Async texture creation enabled
[2019.01.23-03.43.54:269][  0]LogD3D11RHI: GPU Timing Frequency: 1000.000000 (Debug: 2 2)
[2019.01.23-03.43.54:271][  0]LogShaderCompilers: Guid format shader working directory is -9 characters bigger than the processId version (../../../../../../Program Files (x86)/TrenchTowers 4.20/Intermediate/Shaders/WorkingDirectory/8876/).
[2019.01.23-03.43.54:271][  0]LogShaderCompilers: Cleaned the shader compiler working directory 'C:/Users/Fires/AppData/Local/Temp/UnrealShaderWorkingDir/E8A0A1BA48D045C3CF39929629F42326/'.
[2019.01.23-03.43.54:754][  0]LogTemp: Display: Loaded TP AllDesktopTargetPlatform
[2019.01.23-03.43.54:792][  0]LogTemp: Display: Loaded TP MacClientTargetPlatform
[2019.01.23-03.43.54:829][  0]LogTemp: Display: Loaded TP MacNoEditorTargetPlatform
[2019.01.23-03.43.54:867][  0]LogTemp: Display: Loaded TP MacServerTargetPlatform
[2019.01.23-03.43.54:908][  0]LogTemp: Display: Loaded TP MacTargetPlatform
[2019.01.23-03.43.54:935][  0]LogTemp: Display: Loaded TP WindowsClientTargetPlatform
[2019.01.23-03.43.54:960][  0]LogTemp: Display: Loaded TP WindowsNoEditorTargetPlatform
[2019.01.23-03.43.54:983][  0]LogTemp: Display: Loaded TP WindowsServerTargetPlatform
[2019.01.23-03.43.54:998][  0]LogTemp: Display: Loaded TP WindowsTargetPlatform
[2019.01.23-03.43.55:116][  0]LogTemp: Display: Loaded TP AndroidTargetPlatform
[2019.01.23-03.43.55:116][  0]LogTemp: Display: Loaded TP AndroidTargetPlatform
[2019.01.23-03.43.55:116][  0]LogTemp: Display: Loaded TP AndroidTargetPlatform
[2019.01.23-03.43.55:116][  0]LogTemp: Display: Loaded TP AndroidTargetPlatform
[2019.01.23-03.43.55:116][  0]LogTemp: Display: Loaded TP AndroidTargetPlatform
[2019.01.23-03.43.55:116][  0]LogTemp: Display: Loaded TP AndroidTargetPlatform
[2019.01.23-03.43.55:116][  0]LogTemp: Display: Loaded TP AndroidTargetPlatform
[2019.01.23-03.43.55:116][  0]LogTemp: Display: Loaded TP AndroidTargetPlatform
[2019.01.23-03.43.55:116][  0]LogTemp: Display: Loaded TP AndroidTargetPlatform
[2019.01.23-03.43.55:116][  0]LogTemp: Display: Loaded TP AndroidTargetPlatform
[2019.01.23-03.43.55:116][  0]LogTemp: Display: Loaded TP AndroidTargetPlatform
[2019.01.23-03.43.55:116][  0]LogTemp: Display: Loaded TP AndroidTargetPlatform
[2019.01.23-03.43.55:116][  0]LogTemp: Display: Loaded TP AndroidTargetPlatform
[2019.01.23-03.43.55:116][  0]LogTemp: Display: Loaded TP AndroidTargetPlatform
[2019.01.23-03.43.55:116][  0]LogTemp: Display: Loaded TP AndroidTargetPlatform
[2019.01.23-03.43.55:116][  0]LogTemp: Display: Loaded TP AndroidTargetPlatform
[2019.01.23-03.43.55:116][  0]LogTemp: Display: Loaded TP AndroidTargetPlatform
[2019.01.23-03.43.55:116][  0]LogTemp: Display: Loaded TP AndroidTargetPlatform
[2019.01.23-03.43.55:134][  0]LogTemp: Display: Loaded TP HTML5TargetPlatform
[2019.01.23-03.43.55:244][  0]LogTemp: Display: Loaded TP IOSTargetPlatform
[2019.01.23-03.43.55:244][  0]LogTemp: Display: Loaded TP IOSTargetPlatform
[2019.01.23-03.43.55:290][  0]LogTemp: Display: Loaded TP TVOSTargetPlatform
[2019.01.23-03.43.55:290][  0]LogTemp: Display: Loaded TP TVOSTargetPlatform
[2019.01.23-03.43.55:323][  0]LogTemp: Display: Loaded TP LinuxClientTargetPlatform
[2019.01.23-03.43.55:355][  0]LogTemp: Display: Loaded TP LinuxNoEditorTargetPlatform
[2019.01.23-03.43.55:390][  0]LogTemp: Display: Loaded TP LinuxServerTargetPlatform
[2019.01.23-03.43.55:425][  0]LogTemp: Display: Loaded TP LinuxTargetPlatform
[2019.01.23-03.43.55:457][  0]LogTemp: Display: Loaded TP LuminTargetPlatform
[2019.01.23-03.43.55:457][  0]LogTargetPlatformManager: Display: Building Assets For Windows
[2019.01.23-03.43.55:643][  0]LogXGEController: Cannot use XGE Controller as Incredibuild is not installed on this machine.
[2019.01.23-03.43.55:643][  0]LogShaderCompilers: Cannot use XGE Shader Compiler as Incredibuild is not installed on this machine.
[2019.01.23-03.43.55:643][  0]LogShaderCompilers: Display: Using Local Shader Compiler.
[2019.01.23-03.43.56:531][  0]LogDerivedDataCache: Display: Max Cache Size: 512 MB
[2019.01.23-03.43.56:609][  0]LogDerivedDataCache: Loaded boot cache 0.08s 85MB C:/Users/Fires/AppData/Local/UnrealEngine/4.20/DerivedDataCache/Boot.ddc.
[2019.01.23-03.43.56:609][  0]LogDerivedDataCache: Display: Loaded Boot cache: C:/Users/Fires/AppData/Local/UnrealEngine/4.20/DerivedDataCache/Boot.ddc
[2019.01.23-03.43.56:609][  0]LogDerivedDataCache: FDerivedDataBackendGraph:  Pak pak cache file ../../../../../../Program Files (x86)/TrenchTowers 4.20/DerivedDataCache/DDC.ddp not found, will not use a pak cache.
[2019.01.23-03.43.56:609][  0]LogDerivedDataCache: Unable to find inner node Pak for hierarchical cache Hierarchy.
[2019.01.23-03.43.56:610][  0]LogDerivedDataCache: FDerivedDataBackendGraph:  CompressedPak pak cache file ../../../../../../Program Files (x86)/TrenchTowers 4.20/DerivedDataCache/Compressed.ddp not found, will not use a pak cache.
[2019.01.23-03.43.56:610][  0]LogDerivedDataCache: Unable to find inner node CompressedPak for hierarchical cache Hierarchy.
[2019.01.23-03.43.56:624][  0]LogDerivedDataCache: Display: Pak cache opened for reading ../../../Engine/DerivedDataCache/Compressed.ddp.
[2019.01.23-03.43.56:639][  0]LogDerivedDataCache: Using Local data cache path C:/Users/Fires/AppData/Local/UnrealEngine/Common/DerivedDataCache: Writable
[2019.01.23-03.43.56:639][  0]LogDerivedDataCache: Shared data cache path not found in *engine.ini, will not use an Shared cache.
[2019.01.23-03.43.56:639][  0]LogDerivedDataCache: Unable to find inner node Shared for hierarchical cache Hierarchy.
[2019.01.23-03.43.56:662][  0]LogMaterial: Verifying Global Shaders for PCD3D_SM5
[2019.01.23-03.43.56:664][  0]LogSlate: Using FreeType 2.6.0
[2019.01.23-03.43.56:665][  0]LogSlate: SlateFontServices - WITH_FREETYPE: 1, WITH_HARFBUZZ: 1
[2019.01.23-03.43.56:837][  0]LogAssetRegistry: FAssetRegistry took 0.0269 seconds to start up
[2019.01.23-03.43.58:766][  0]LogInit: Selected Device Profile: [Windows]
[2019.01.23-03.43.58:968][  0]LogSimplygon: Simplygon DLL not present - disabling.
[2019.01.23-03.43.58:979][  0]LogMeshReduction: Using SimplygonSwarm for distributed automatic mesh merging
[2019.01.23-03.43.58:979][  0]LogMeshReduction: Using ProxyLODMeshReduction for automatic mesh merging
[2019.01.23-03.43.58:979][  0]LogMeshReduction: Using QuadricMeshReduction for automatic static mesh reduction
[2019.01.23-03.43.58:979][  0]LogMeshReduction: No automatic skeletal mesh reduction module available
[2019.01.23-03.43.59:003][  0]LogNetVersion: TrenchTowers 1.0.0, NetCL: 4212847, EngineNetVer: 5, GameNetVer: 0 (Checksum: 1537713906)
[2019.01.23-03.43.59:045][  0]ImportText (NetDriverDefinitions): Missing opening parenthesis: 
[2019.01.23-03.43.59:722][  0]LogPackageLocalizationCache: Processed 11 localized package path(s) for 2 prioritized culture(s) in 0.180997 seconds
[2019.01.23-03.43.59:731][  0]LogUObjectArray: 38425 objects as part of root set at end of initial load.
[2019.01.23-03.43.59:731][  0]LogUObjectAllocator: 6690872 out of 0 bytes used by permanent object pool.
[2019.01.23-03.43.59:731][  0]LogUObjectArray: CloseDisregardForGC: 0/0 objects in disregard for GC pool
[2019.01.23-03.44.02:074][  0]LogTcpMessaging: Initializing TcpMessaging bridge
[2019.01.23-03.44.02:092][  0]LogUdpMessaging: Initializing bridge on interface 0.0.0.0:0 to multicast group 230.0.0.1:6666.
[2019.01.23-03.44.02:453][  0]SourceControl: Source control is disabled
[2019.01.23-03.44.03:924][  0]LogAndroidPermission: UAndroidPermissionCallbackProxy::GetInstance
[2019.01.23-03.44.04:059][  0]LogOcInput: OculusInput pre-init called
[2019.01.23-03.44.04:182][  0]LogEngine: Initializing Engine...
[2019.01.23-03.44.04:183][  0]LogHMD: Failed to initialize OpenVR with code 110
[2019.01.23-03.44.04:188][  0]LogStats: UGameplayTagsManager::ConstructGameplayTagTree: Construct from data asset -  0.000 s
[2019.01.23-03.44.04:188][  0]LogStats: UGameplayTagsManager::ConstructGameplayTagTree: GameplayTagTreeChangedEvent.Broadcast -  0.000 s
[2019.01.23-03.44.04:452][  0]LogInit: Initializing FReadOnlyCVARCache
[2019.01.23-03.44.04:489][  0]LogAIModule: Creating AISystem for world Untitled
[2019.01.23-03.44.04:522][  0]LogInit: XAudio2 using 'Speakers / Headphones (Realtek Audio)' : 6 channels at 48 kHz using 32 bits per sample (channel mask 0x3f)
[2019.01.23-03.44.04:885][  0]LogInit: FAudioDevice initialized.
[2019.01.23-03.44.04:885][  0]LogNetVersion: Set ProjectVersion to 1.0.0.0. Version Checksum will be recalculated on next use.
[2019.01.23-03.44.04:988][  0]LogDerivedDataCache: Saved boot cache 0.10s 85MB C:/Users/Fires/AppData/Local/UnrealEngine/4.20/DerivedDataCache/Boot.ddc.
[2019.01.23-03.44.05:010][  0]LogInit: Texture streaming: Enabled
[2019.01.23-03.44.05:076][  0]LogEngineSessionManager: EngineSessionManager initialized
[2019.01.23-03.44.05:112][  0]LogInit: Transaction tracking system initialized
[2019.01.23-03.44.05:284][  0]BlueprintLog: New page: Editor Load
[2019.01.23-03.44.05:919][  0]LocalizationService: Localization service is disabled
[2019.01.23-03.44.06:637][  0]LogCook: Display: Max memory allowance for cook 16384mb min free memory 0mb
[2019.01.23-03.44.06:637][  0]LogCook: Display: Mobile HDR setting 1
[2019.01.23-03.44.06:637][  0]LogGameplayTags: Display: UGameplayTagsManager::DoneAddingNativeTags. DelegateIsBound: 0
[2019.01.23-03.44.06:637][  0]LogStats: UGameplayTagsManager::ConstructGameplayTagTree: Construct from data asset -  0.000 s
[2019.01.23-03.44.06:637][  0]LogStats: UGameplayTagsManager::ConstructGameplayTagTree: GameplayTagTreeChangedEvent.Broadcast -  0.000 s
[2019.01.23-03.44.07:299][  0]LogFileCache: Scanning file cache for directory 'D:/Program Files (x86)/TrenchTowers 4.20/Content/' took 0.04s
[2019.01.23-03.44.07:340][  0]Cmd: MAP LOAD FILE="../../../../../../Program Files (x86)/TrenchTowers 4.20/Content/2DSideScrollerBP/Maps/MainMenu.umap" TEMPLATE=0 SHOWPROGRESS=1 FEATURELEVEL=3
[2019.01.23-03.44.07:341][  0]LightingResults: New page: Lighting Build
[2019.01.23-03.44.07:350][  0]MapCheck: New page: Map Check
[2019.01.23-03.44.07:350][  0]LightingResults: New page: Lighting Build
[2019.01.23-03.44.07:731][  0]LogAIModule: Creating AISystem for world MainMenu
[2019.01.23-03.44.07:732][  0]LogEditorServer: Finished looking for orphan Actors (0.000 secs)
[2019.01.23-03.44.07:764][  0]Cmd: MAP CHECKDEP NOCLEARLOG
[2019.01.23-03.44.07:865][  0]MapCheck: Map check complete: 0 Error(s), 0 Warning(s), took 100.752ms to complete.
[2019.01.23-03.44.07:865][  0]LogFileHelpers: Loading map 'MainMenu' took 0.525
[2019.01.23-03.44.07:988][  0]LogSlate: Updating window title bar state: overlay mode, drag disabled, window buttons hidden, title bar hidden
[2019.01.23-03.44.08:001][  0]LogSlate: Updating window title bar state: overlay mode, drag disabled, window buttons hidden, title bar hidden
[2019.01.23-03.44.08:015][  0]LogSlate: Updating window title bar state: overlay mode, drag disabled, window buttons hidden, title bar hidden
[2019.01.23-03.44.08:028][  0]LogSlate: Updating window title bar state: overlay mode, drag disabled, window buttons hidden, title bar hidden
[2019.01.23-03.44.08:070][  0]LogCollectionManager: Loaded 0 collections in 0.008388 seconds
[2019.01.23-03.44.08:124][  0]LogFileCache: Scanning file cache for directory 'D:/Program Files (x86)/TrenchTowers 4.20/Saved/Collections/' took 0.01s
[2019.01.23-03.44.08:124][  0]LogFileCache: Scanning file cache for directory 'D:/Program Files (x86)/TrenchTowers 4.20/Content/Developers/Fires/Collections/' took 0.01s
[2019.01.23-03.44.08:124][  0]LogFileCache: Scanning file cache for directory 'D:/Program Files (x86)/TrenchTowers 4.20/Content/Collections/' took 0.01s
[2019.01.23-03.44.08:124][  0]LogCollectionManager: Rebuilt the GUID cache for 0 collections in 0.000000 seconds
[2019.01.23-03.44.08:141][  0]LogContentBrowser: Native class hierarchy populated in 0.0163 seconds. Added 2572 classes and 603 folders.
[2019.01.23-03.44.08:160][  0]LogContentBrowser: Native class hierarchy updated for 'WidgetCarousel' in 0.0005 seconds. Added 0 classes and 0 folders.
[2019.01.23-03.44.08:427][  0]LogContentBrowser: Native class hierarchy updated for 'AddContentDialog' in 0.0004 seconds. Added 0 classes and 0 folders.
[2019.01.23-03.44.08:473][  0]LogContentBrowser: Native class hierarchy updated for 'SceneOutliner' in 0.0005 seconds. Added 1 classes and 2 folders.
[2019.01.23-03.44.08:620][  0]LogSlate: Took 0.000360 seconds to synchronously load lazily loaded font '../../../Engine/Content/Slate/Fonts/Roboto-Regular.ttf' (155K)
[2019.01.23-03.44.10:377][  0]LogSlate: Only BGRA pngs, bmps or icos are supported in by External Image Picker
[2019.01.23-03.44.10:421][  0]LogDirectoryWatcher: Warning: Failed to begin reading directory changes for ../../../../../../Program Files (x86)/TrenchTowers 4.20/Plugins/. Error: The system cannot find the file specified. (0x00000002)
[2019.01.23-03.44.10:432][  0]LogSlate: Took 0.000368 seconds to synchronously load lazily loaded font '../../../Engine/Content/Slate/Fonts/Roboto-Bold.ttf' (160K)
[2019.01.23-03.44.10:441][  0]LogSlate: Took 0.000742 seconds to synchronously load lazily loaded font '../../../Engine/Content/Editor/Slate/Fonts/FontAwesome.ttf' (139K)
[2019.01.23-03.44.10:566][  0]LogRenderer: Reallocating scene render targets to support 1288x632 Format 9 NumSamples 1 (Frame:1).
[2019.01.23-03.44.10:731][  0]LogTemp: Executing iPhonePackager certificates Engine -bundlename com.YourCompany.TrenchTowers
[2019.01.23-03.44.10:731][  0]LogTemp: CWD: D:\Program Files\Epic Games\UE_4.20\Engine\Binaries\DotNET\IOS
[2019.01.23-03.44.10:731][  0]LogTemp: Initial Dir: D:\Program Files\Epic Games\UE_4.20
[2019.01.23-03.44.10:731][  0]LogTemp: Env CWD: D:\Program Files\Epic Games\UE_4.20\Engine\Binaries\DotNET\IOS
[2019.01.23-03.44.10:731][  0]LogTemp: BranchPath = DESKTOP-RI1ETNT/D/Program Files/Epic Games/UE_4.20/Engine/Binaries --- GameBranchPath = DESKTOP-RI1ETNT/D/Program Files/Epic Games/UE_4.20/Engine/Binaries
[2019.01.23-03.44.10:731][  0]LogTemp: IPP ERROR: Could not find provision directory 'C:\Users\Fires\AppData\Local/Apple Computer/MobileDevice/Provisioning Profiles/'.
[2019.01.23-03.44.10:773][  0]LogContentBrowser: Native class hierarchy updated for 'HierarchicalLODOutliner' in 0.0004 seconds. Added 0 classes and 0 folders.
[2019.01.23-03.44.10:774][  0]LogLoad: (Engine Initialization) Total time: 25.63 seconds
[2019.01.23-03.44.10:774][  0]LogLoad: (Engine Initialization) Total Blueprint compile time: 0.00 seconds
[2019.01.23-03.44.10:800][  0]LogSteamController: SteamController is not available
[2019.01.23-03.44.10:831][  0]LogContentStreaming: Texture pool size now 800 MB
[2019.01.23-03.44.10:907][  2]LogAssetRegistry: Asset discovery search completed in 14.0914 seconds
[2019.01.23-03.44.10:908][  2]LogCollectionManager: Rebuilt the object cache for 0 collections in 0.000000 seconds (found 0 objects)
[2019.01.23-03.44.10:908][  2]LogCollectionManager: Fixed up redirectors for 0 collections in 0.000044 seconds (updated 0 objects)
[2019.01.23-03.44.14:914][ 14]LogSlate: Took 0.000225 seconds to synchronously load lazily loaded font '../../../Engine/Content/Slate/Fonts/Roboto-Light.ttf' (167K)
[2019.01.23-03.44.22:779][387]LogSlate: FSceneViewport::OnFocusLost() reason 0
[2019.01.23-03.44.37:398][255]LogSlate: FSceneViewport::OnFocusLost() reason 0
[2019.01.23-03.44.37:467][260]Cmd: CLOSE_SLATE_MAINFRAME
[2019.01.23-03.44.37:624][260]LogSlate: Window 'Plugins' being destroyed
[2019.01.23-03.44.37:756][260]LogDirectoryWatcher: A directory notification for '../../../Engine/Plugins/' was aborted.
[2019.01.23-03.44.37:757][260]LogSlate: Window 'TrenchTowers - Unreal Editor' being destroyed
[2019.01.23-03.44.37:759][260]LogWindowsTextInputMethodSystem: Display: IME system now deactivated.
[2019.01.23-03.44.37:995][261]Cmd: QUIT_EDITOR
[2019.01.23-03.44.38:072][261]LogExit: Preparing to exit.
[2019.01.23-03.44.39:202][261]LogExit: Editor shut down
[2019.01.23-03.44.39:202][261]LogExit: Transaction tracking system shut down
[2019.01.23-03.44.39:612][261]LogExit: Object subsystem successfully closed.
[2019.01.23-03.44.39:639][261]LogShaderCompilers: Display: Shaders left to compile 0
[2019.01.23-03.44.39:644][261]LogD3D11RHI: Shutdown
[2019.01.23-03.44.39:644][261]LogD3D11RHI: CleanupD3DDevice
[2019.01.23-03.44.39:646][261]LogD3D11RHI: ~FD3D11DynamicRHI
[2019.01.23-03.44.39:660][261]LogModuleManager: Shutting down and abandoning module HierarchicalLODOutliner (615)
[2019.01.23-03.44.39:660][261]LogModuleManager: Shutting down and abandoning module ExternalImagePicker (613)
[2019.01.23-03.44.39:660][261]LogModuleManager: Shutting down and abandoning module SceneOutliner (611)
[2019.01.23-03.44.39:660][261]LogModuleManager: Shutting down and abandoning module AddContentDialog (609)
[2019.01.23-03.44.39:661][261]LogModuleManager: Shutting down and abandoning module WidgetCarousel (608)
[2019.01.23-03.44.39:661][261]LogModuleManager: Shutting down and abandoning module EditorWidgets (605)
[2019.01.23-03.44.39:661][261]LogModuleManager: Shutting down and abandoning module CollectionManager (603)
[2019.01.23-03.44.39:661][261]LogModuleManager: Shutting down and abandoning module StatsViewer (601)
[2019.01.23-03.44.39:661][261]LogModuleManager: Shutting down and abandoning module FoliageEdit (599)
[2019.01.23-03.44.39:661][261]LogModuleManager: Shutting down and abandoning module LandscapeEditor (597)
[2019.01.23-03.44.39:661][261]LogModuleManager: Shutting down and abandoning module MeshPaintMode (595)
[2019.01.23-03.44.39:661][261]LogModuleManager: Shutting down and abandoning module SceneDepthPickerMode (593)
[2019.01.23-03.44.39:661][261]LogModuleManager: Shutting down and abandoning module ActorPickerMode (591)
[2019.01.23-03.44.39:661][261]LogModuleManager: Shutting down and abandoning module GeometryMode (589)
[2019.01.23-03.44.39:661][261]LogModuleManager: Shutting down and abandoning module TextureAlignMode (587)
[2019.01.23-03.44.39:661][261]LogModuleManager: Shutting down and abandoning module BspMode (585)
[2019.01.23-03.44.39:662][261]LogModuleManager: Shutting down and abandoning module PIEPreviewDeviceProfileSelector (583)
[2019.01.23-03.44.39:662][261]LogModuleManager: Shutting down and abandoning module SequenceRecorderSections (581)
[2019.01.23-03.44.39:662][261]LogModuleManager: Shutting down and abandoning module AutomationWorker (579)
[2019.01.23-03.44.39:662][261]LogModuleManager: Shutting down and abandoning module AudioCaptureEditor (577)
[2019.01.23-03.44.39:662][261]LogModuleManager: Shutting down and abandoning module SequenceRecorder (576)
[2019.01.23-03.44.39:662][261]LogModuleManager: Shutting down and abandoning module MatineeToLevelSequence (573)
[2019.01.23-03.44.39:662][261]LogModuleManager: Shutting down and abandoning module LevelSequenceEditor (571)
[2019.01.23-03.44.39:662][261]LogModuleManager: Shutting down and abandoning module PlacementMode (570)
[2019.01.23-03.44.39:662][261]LogModuleManager: Shutting down and abandoning module MaterialEditor (569)
[2019.01.23-03.44.39:662][261]LogModuleManager: Shutting down and abandoning module WmfMediaFactory (565)
[2019.01.23-03.44.39:662][261]LogModuleManager: Shutting down and abandoning module WmfMediaEditor (563)
[2019.01.23-03.44.39:662][261]LogModuleManager: Shutting down and abandoning module MediaPlayerEditor (561)
[2019.01.23-03.44.39:662][261]LogModuleManager: Shutting down and abandoning module OpenExrWrapper (559)
[2019.01.23-03.44.39:662][261]LogModuleManager: Shutting down and abandoning module ImgMediaFactory (557)
[2019.01.23-03.44.39:662][261]LogModuleManager: Shutting down and abandoning module ImgMediaEditor (555)
[2019.01.23-03.44.39:662][261]LogModuleManager: Shutting down and abandoning module AvfMediaFactory (553)
[2019.01.23-03.44.39:662][261]LogModuleManager: Shutting down and abandoning module AvfMediaEditor (551)
[2019.01.23-03.44.39:662][261]LogModuleManager: Shutting down and abandoning module AndroidMediaFactory (549)
[2019.01.23-03.44.39:662][261]LogModuleManager: Shutting down and abandoning module AndroidMediaEditor (547)
[2019.01.23-03.44.39:662][261]LogModuleManager: Shutting down and abandoning module MagicLeapCameraPreviewFactory (545)
[2019.01.23-03.44.39:662][261]LogModuleManager: Shutting down and abandoning module MagicLeapMediaFactory (543)
[2019.01.23-03.44.39:662][261]LogModuleManager: Shutting down and abandoning module MagicLeapMediaEditor (541)
[2019.01.23-03.44.39:662][261]LogModuleManager: Shutting down and abandoning module CharacterAI (539)
[2019.01.23-03.44.39:662][261]LogModuleManager: Shutting down and abandoning module SmartSnapping (537)
[2019.01.23-03.44.39:662][261]LogModuleManager: Shutting down and abandoning module SessionServices (535)
[2019.01.23-03.44.39:663][261]LogModuleManager: Shutting down and abandoning module ViewportSnapping (533)
[2019.01.23-03.44.39:663][261]LogModuleManager: Shutting down and abandoning module ViewportInteraction (531)
[2019.01.23-03.44.39:663][261]LogModuleManager: Shutting down and abandoning module ClothPainter (529)
[2019.01.23-03.44.39:663][261]LogModuleManager: Shutting down and abandoning module SkeletalMeshEditor (528)
[2019.01.23-03.44.39:663][261]LogModuleManager: Shutting down and abandoning module LogVisualizer (525)
[2019.01.23-03.44.39:663][261]LogModuleManager: Shutting down and abandoning module IntroTutorials (523)
[2019.01.23-03.44.39:663][261]LogModuleManager: Shutting down and abandoning module GameProjectGeneration (522)
[2019.01.23-03.44.39:663][261]LogModuleManager: Shutting down and abandoning module LuminPlatformEditor (519)
[2019.01.23-03.44.39:663][261]LogModuleManager: Shutting down and abandoning module IOSPlatformEditor (517)
[2019.01.23-03.44.39:663][261]LogModuleManager: Shutting down and abandoning module HTML5PlatformEditor (515)
[2019.01.23-03.44.39:663][261]LogModuleManager: Shutting down and abandoning module AndroidPlatformEditor (513)
[2019.01.23-03.44.39:663][261]LogModuleManager: Shutting down and abandoning module AndroidDeviceDetection (512)
[2019.01.23-03.44.40:206][261]LogModuleManager: Shutting down and abandoning module WindowsPlatformEditor (509)
[2019.01.23-03.44.40:206][261]LogModuleManager: Shutting down and abandoning module LuminRuntimeSettings (507)
[2019.01.23-03.44.40:206][261]LogModuleManager: Shutting down and abandoning module IOSRuntimeSettings (505)
[2019.01.23-03.44.40:206][261]LogModuleManager: Shutting down and abandoning module AndroidRuntimeSettings (503)
[2019.01.23-03.44.40:206][261]LogModuleManager: Shutting down and abandoning module InputBindingEditor (501)
[2019.01.23-03.44.40:206][261]LogModuleManager: Shutting down and abandoning module MergeActors (499)
[2019.01.23-03.44.40:206][261]LogModuleManager: Shutting down and abandoning module LocalizationDashboard (497)
[2019.01.23-03.44.40:206][261]LogModuleManager: Shutting down and abandoning module LocalizationService (496)
[2019.01.23-03.44.40:206][261]LogModuleManager: Shutting down and abandoning module HardwareTargeting (493)
[2019.01.23-03.44.40:206][261]LogModuleManager: Shutting down and abandoning module DeviceProfileEditor (491)
[2019.01.23-03.44.40:206][261]LogModuleManager: Shutting down and abandoning module UndoHistory (489)
[2019.01.23-03.44.40:206][261]LogModuleManager: Shutting down and abandoning module XmlParser (487)
[2019.01.23-03.44.40:206][261]LogModuleManager: Shutting down and abandoning module Blutility (485)
[2019.01.23-03.44.40:206][261]LogModuleManager: Shutting down and abandoning module ProjectSettingsViewer (483)
[2019.01.23-03.44.40:206][261]LogModuleManager: Shutting down and abandoning module ProjectTargetPlatformEditor (482)
[2019.01.23-03.44.40:206][261]LogModuleManager: Shutting down and abandoning module EditorSettingsViewer (479)
[2019.01.23-03.44.40:206][261]LogModuleManager: Shutting down and abandoning module SettingsEditor (477)
[2019.01.23-03.44.40:207][261]LogModuleManager: Shutting down and abandoning module ProjectLauncher (475)
[2019.01.23-03.44.40:207][261]LogModuleManager: Shutting down and abandoning module SessionFrontend (473)
[2019.01.23-03.44.40:207][261]LogModuleManager: Shutting down and abandoning module ProfilerClient (471)
[2019.01.23-03.44.40:207][261]LogModuleManager: Shutting down and abandoning module DeviceManager (469)
[2019.01.23-03.44.40:207][261]LogModuleManager: Shutting down and abandoning module TargetDeviceServices (468)
[2019.01.23-03.44.40:273][261]LogModuleManager: Shutting down and abandoning module AutomationController (465)
[2019.01.23-03.44.40:273][261]LogModuleManager: Shutting down and abandoning module AutomationWindow (463)
[2019.01.23-03.44.40:273][261]LogModuleManager: Shutting down and abandoning module Layers (461)
[2019.01.23-03.44.40:273][261]LogModuleManager: Shutting down and abandoning module ComponentVisualizers (459)
[2019.01.23-03.44.40:273][261]LogModuleManager: Shutting down and abandoning module DetailCustomizations (457)
[2019.01.23-03.44.40:273][261]LogModuleManager: Shutting down and abandoning module PackagesDialog (455)
[2019.01.23-03.44.40:273][261]LogModuleManager: Shutting down and abandoning module Persona (453)
[2019.01.23-03.44.40:273][261]LogModuleManager: Shutting down and abandoning module AdvancedPreviewScene (452)
[2019.01.23-03.44.40:273][261]LogModuleManager: Shutting down and abandoning module AnimGraph (450)
[2019.01.23-03.44.40:273][261]LogModuleManager: Shutting down and abandoning module Kismet (447)
[2019.01.23-03.44.40:274][261]LogModuleManager: Shutting down and abandoning module GraphEditor (445)
[2019.01.23-03.44.40:274][261]LogModuleManager: Shutting down and abandoning module ClassViewer (443)
[2019.01.23-03.44.40:274][261]LogModuleManager: Shutting down and abandoning module Toolbox (441)
[2019.01.23-03.44.40:274][261]LogModuleManager: Shutting down and abandoning module ModuleUI (439)
[2019.01.23-03.44.40:274][261]LogModuleManager: Shutting down and abandoning module MovieSceneTools (437)
[2019.01.23-03.44.40:274][261]LogModuleManager: Shutting down and abandoning module OutputLog (435)
[2019.01.23-03.44.40:274][261]LogModuleManager: Shutting down and abandoning module GammaUI (433)
[2019.01.23-03.44.40:274][261]LogModuleManager: Shutting down and abandoning module Documentation (431)
[2019.01.23-03.44.40:275][261]LogModuleManager: Shutting down and abandoning module MovieSceneTracks (429)
[2019.01.23-03.44.40:275][261]LogModuleManager: Shutting down and abandoning module MovieScene (427)
[2019.01.23-03.44.40:275][261]LogModuleManager: Shutting down and abandoning module StreamingPauseRendering (425)
[2019.01.23-03.44.40:275][261]LogModuleManager: Shutting down and abandoning module LauncherPlatform (423)
[2019.01.23-03.44.40:275][261]LogModuleManager: Shutting down and abandoning module AnalyticsET (421)
[2019.01.23-03.44.40:275][261]LogModuleManager: Shutting down and abandoning module PortalServices (419)
[2019.01.23-03.44.40:275][261]LogModuleManager: Shutting down and abandoning module PortalRpc (417)
[2019.01.23-03.44.40:275][261]LogModuleManager: Shutting down and abandoning module MessagingRpc (415)
[2019.01.23-03.44.40:275][261]LogModuleManager: Shutting down and abandoning module AIModule (413)
[2019.01.23-03.44.40:275][261]LogModuleManager: Shutting down and abandoning module GameplayDebugger (412)
[2019.01.23-03.44.40:275][261]LogModuleManager: Shutting down and abandoning module AITestSuite (410)
[2019.01.23-03.44.40:275][261]LogModuleManager: Shutting down and abandoning module NavigationSystem (408)
[2019.01.23-03.44.40:275][261]LogModuleManager: Shutting down and abandoning module DesktopPlatform (405)
[2019.01.23-03.44.40:275][261]LogModuleManager: Shutting down and abandoning module ProfilerService (403)
[2019.01.23-03.44.40:553][261]LogModuleManager: Shutting down and abandoning module TaskGraph (401)
[2019.01.23-03.44.40:553][261]LogModuleManager: Shutting down and abandoning module SteamVRController (399)
[2019.01.23-03.44.40:553][261]LogModuleManager: Shutting down and abandoning module SteamController (397)
[2019.01.23-03.44.40:553][261]LogModuleManager: Shutting down and abandoning module ProceduralMeshComponentEditor (395)
[2019.01.23-03.44.40:553][261]LogModuleManager: Shutting down and abandoning module ProceduralMeshComponent (393)
[2019.01.23-03.44.40:553][261]LogModuleManager: Shutting down and abandoning module OculusInput (391)
[2019.01.23-03.44.40:553][261]LogModuleManager: Shutting down and abandoning module MobilePatchingUtils (389)
[2019.01.23-03.44.40:553][261]LogModuleManager: Shutting down and abandoning module EditableMesh (387)
[2019.01.23-03.44.40:553][261]LogModuleManager: Shutting down and abandoning module CustomMeshComponent (385)
[2019.01.23-03.44.40:553][261]LogModuleManager: Shutting down and abandoning module CableComponent (383)
[2019.01.23-03.44.40:553][261]LogModuleManager: Shutting down and abandoning module AudioCapture (381)
[2019.01.23-03.44.40:553][261]LogModuleManager: Shutting down and abandoning module ArchVisCharacter (379)
[2019.01.23-03.44.40:553][261]LogModuleManager: Shutting down and abandoning module AndroidPermission (377)
[2019.01.23-03.44.40:553][261]LogModuleManager: Shutting down and abandoning module NUTUnrealEngine4 (375)
[2019.01.23-03.44.40:553][261]LogModuleManager: Shutting down and abandoning module NetcodeUnitTest (373)
[2019.01.23-03.44.40:553][261]LogModuleManager: Shutting down and abandoning module MediaCompositingEditor (371)
[2019.01.23-03.44.40:553][261]LogModuleManager: Shutting down and abandoning module MediaCompositing (369)
[2019.01.23-03.44.40:553][261]LogModuleManager: Shutting down and abandoning module LinearTimecode (367)
[2019.01.23-03.44.40:553][261]LogModuleManager: Shutting down and abandoning module ImgMedia (365)
[2019.01.23-03.44.40:560][261]LogModuleManager: Shutting down and abandoning module HTML5Networking (363)
[2019.01.23-03.44.40:560][261]LogModuleManager: Shutting down and abandoning module GeometryCacheTracks (361)
[2019.01.23-03.44.40:560][261]LogModuleManager: Shutting down and abandoning module GeometryCacheSequencer (359)
[2019.01.23-03.44.40:560][261]LogModuleManager: Shutting down and abandoning module BackChannel (357)
[2019.01.23-03.44.40:560][261]LogModuleManager: Shutting down and abandoning module AppleVision (355)
[2019.01.23-03.44.40:560][261]LogModuleManager: Shutting down and abandoning module AppleImageUtils (353)
[2019.01.23-03.44.40:560][261]LogModuleManager: Shutting down and abandoning module AlembicImporter (351)
[2019.01.23-03.44.40:560][261]LogModuleManager: Shutting down and abandoning module AlembicLibrary (350)
[2019.01.23-03.44.40:560][261]LogModuleManager: Shutting down and abandoning module GeometryCache (349)
[2019.01.23-03.44.40:560][261]LogModuleManager: Shutting down and abandoning module GeometryCacheEd (348)
[2019.01.23-03.44.40:560][261]LogModuleManager: Shutting down and abandoning module DatasmithContentEditor (343)
[2019.01.23-03.44.40:561][261]LogModuleManager: Shutting down and abandoning module DatasmithContent (341)
[2019.01.23-03.44.40:562][261]LogModuleManager: Shutting down and abandoning module SpeedTreeImporter (339)
[2019.01.23-03.44.40:562][261]LogModuleManager: Shutting down and abandoning module PluginBrowser (337)
[2019.01.23-03.44.40:562][261]LogModuleManager: Shutting down and abandoning module MobileLauncherProfileWizard (335)
[2019.01.23-03.44.40:562][261]LogModuleManager: Shutting down and abandoning module PolygonModeling (333)
[2019.01.23-03.44.40:562][261]LogModuleManager: Shutting down and abandoning module MeshEditor (331)
[2019.01.23-03.44.40:562][261]LogModuleManager: Shutting down and abandoning module CryptoKeysOpenSSL (329)
[2019.01.23-03.44.40:562][261]LogModuleManager: Shutting down and abandoning module CryptoKeys (327)
[2019.01.23-03.44.40:562][261]LogModuleManager: Shutting down and abandoning module VisualStudioSourceCodeAccess (325)
[2019.01.23-03.44.40:562][261]LogModuleManager: Shutting down and abandoning module VisualStudioCodeSourceCodeAccess (323)
[2019.01.23-03.44.40:562][261]LogModuleManager: Shutting down and abandoning module UObjectPlugin (321)
[2019.01.23-03.44.40:562][261]LogModuleManager: Shutting down and abandoning module SubversionSourceControl (319)
[2019.01.23-03.44.40:563][261]LogModuleManager: Shutting down and abandoning module PerforceSourceControl (317)
[2019.01.23-03.44.40:563][261]LogModuleManager: Shutting down and abandoning module GitSourceControl (315)
[2019.01.23-03.44.40:563][261]LogModuleManager: Shutting down and abandoning module SourceControl (314)
[2019.01.23-03.44.40:563][261]LogModuleManager: Shutting down and abandoning module CLionSourceCodeAccess (311)
[2019.01.23-03.44.40:563][261]LogModuleManager: Shutting down and abandoning module LightPropagationVolumeEditor (309)
[2019.01.23-03.44.40:563][261]LogModuleManager: Shutting down and abandoning module PaperTiledImporter (307)
[2019.01.23-03.44.40:563][261]LogModuleManager: Shutting down and abandoning module PaperSpriteSheetImporter (305)
[2019.01.23-03.44.40:563][261]LogModuleManager: Shutting down and abandoning module Paper2DEditor (303)
[2019.01.23-03.44.40:563][261]LogModuleManager: Shutting down and abandoning module MeshPaint (302)
[2019.01.23-03.44.40:563][261]LogModuleManager: Shutting down and abandoning module RuntimePhysXCooking (299)
[2019.01.23-03.44.40:563][261]LogModuleManager: Shutting down and abandoning module PhysXVehiclesEditor (297)
[2019.01.23-03.44.40:563][261]LogModuleManager: Shutting down and abandoning module PhysXVehicles (295)
[2019.01.23-03.44.40:563][261]LogModuleManager: Shutting down and abandoning module OculusEditor (293)
[2019.01.23-03.44.40:563][261]LogModuleManager: Shutting down and abandoning module LocationServicesBPLibrary (291)
[2019.01.23-03.44.40:563][261]LogModuleManager: Shutting down and abandoning module ImmediatePhysicsEditor (289)
[2019.01.23-03.44.40:563][261]LogModuleManager: Shutting down and abandoning module ImmediatePhysics (287)
[2019.01.23-03.44.40:563][261]LogModuleManager: Shutting down and abandoning module ActorSequence (285)
[2019.01.23-03.44.40:563][261]LogModuleManager: Shutting down and abandoning module UdpMessaging (283)
[2019.01.23-03.44.40:665][261]LogModuleManager: Shutting down and abandoning module TcpMessaging (281)
[2019.01.23-03.44.40:766][261]LogModuleManager: Shutting down and abandoning module MagicLeapAudio (279)
[2019.01.23-03.44.40:766][261]LogModuleManager: Shutting down and abandoning module GameplayTagsEditor (277)
[2019.01.23-03.44.40:766][261]LogModuleManager: Shutting down and abandoning module FacialAnimationEditor (275)
[2019.01.23-03.44.40:766][261]LogModuleManager: Shutting down and abandoning module FacialAnimation (273)
[2019.01.23-03.44.40:766][261]LogModuleManager: Shutting down and abandoning module DataValidation (271)
[2019.01.23-03.44.40:766][261]LogModuleManager: Shutting down and abandoning module AssetManagerEditor (269)
[2019.01.23-03.44.40:766][261]LogModuleManager: Shutting down and abandoning module LevelEditor (268)
[2019.01.23-03.44.40:767][261]LogModuleManager: Shutting down and abandoning module PixelInspectorModule (267)
[2019.01.23-03.44.40:767][261]LogModuleManager: Shutting down and abandoning module CommonMenuExtensions (265)
[2019.01.23-03.44.40:767][261]LogModuleManager: Shutting down and abandoning module MainFrame (263)
[2019.01.23-03.44.40:768][261]LogModuleManager: Shutting down and abandoning module HotReload (262)
[2019.01.23-03.44.40:768][261]LogModuleManager: Shutting down and abandoning module ContentBrowser (258)
[2019.01.23-03.44.40:770][261]LogModuleManager: Shutting down and abandoning module TreeMap (256)
[2019.01.23-03.44.40:770][261]LogModuleManager: Shutting down and abandoning module LightPropagationVolumeRuntime (253)
[2019.01.23-03.44.40:770][261]LogModuleManager: Shutting down and abandoning module AISupportModule (251)
[2019.01.23-03.44.40:770][261]LogModuleManager: Shutting down and abandoning module Paper2D (249)
[2019.01.23-03.44.40:770][261]LogModuleManager: Shutting down and abandoning module WindowsMoviePlayer (247)
[2019.01.23-03.44.40:770][261]LogModuleManager: Shutting down and abandoning module WmfMedia (245)
[2019.01.23-03.44.40:773][261]LogModuleManager: Shutting down and abandoning module Media (244)
[2019.01.23-03.44.40:779][261]LogModuleManager: Shutting down and abandoning module PacketHandler (241)
[2019.01.23-03.44.40:779][261]LogModuleManager: Shutting down and abandoning module ClothingSystemEditor (239)
[2019.01.23-03.44.40:779][261]LogModuleManager: Shutting down and abandoning module ClothingSystemRuntime (237)
[2019.01.23-03.44.40:780][261]LogModuleManager: Shutting down and abandoning module MediaAssets (235)
[2019.01.23-03.44.40:780][261]LogModuleManager: Shutting down and abandoning module Overlay (233)
[2019.01.23-03.44.40:780][261]LogModuleManager: Shutting down and abandoning module OverlayEditor (232)
[2019.01.23-03.44.40:780][261]LogModuleManager: Shutting down and abandoning module VREditor (229)
[2019.01.23-03.44.40:780][261]LogModuleManager: Shutting down and abandoning module StringTableEditor (227)
[2019.01.23-03.44.40:780][261]LogModuleManager: Shutting down and abandoning module GameplayTasksEditor (225)
[2019.01.23-03.44.40:780][261]LogModuleManager: Shutting down and abandoning module BehaviorTreeEditor (223)
[2019.01.23-03.44.40:780][261]LogModuleManager: Shutting down and abandoning module FunctionalTesting (221)
[2019.01.23-03.44.40:780][261]LogModuleManager: Shutting down and abandoning module CollisionAnalyzer (219)
[2019.01.23-03.44.40:780][261]LogModuleManager: Shutting down and abandoning module WorkspaceMenuStructure (218)
[2019.01.23-03.44.40:780][261]LogModuleManager: Shutting down and abandoning module UMG (215)
[2019.01.23-03.44.40:780][261]LogModuleManager: Shutting down and abandoning module UMGEditor (214)
[2019.01.23-03.44.40:780][261]LogModuleManager: Shutting down and abandoning module Sequencer (213)
[2019.01.23-03.44.40:780][261]LogModuleManager: Shutting down and abandoning module MessageLog (210)
[2019.01.23-03.44.40:780][261]LogModuleManager: Shutting down and abandoning module SlateReflector (205)
[2019.01.23-03.44.40:780][261]LogModuleManager: Shutting down and abandoning module Slate (203)
[2019.01.23-03.44.40:780][261]LogModuleManager: Shutting down and abandoning module EditorStyle (201)
[2019.01.23-03.44.40:782][261]LogModuleManager: Shutting down and abandoning module MRMesh (199)
[2019.01.23-03.44.40:782][261]LogModuleManager: Shutting down and abandoning module SourceCodeAccess (197)
[2019.01.23-03.44.40:782][261]LogModuleManager: Shutting down and abandoning module HeadMountedDisplay (195)
[2019.01.23-03.44.40:782][261]LogModuleManager: Shutting down and abandoning module XAudio2 (193)
[2019.01.23-03.44.40:782][261]LogModuleManager: Shutting down and abandoning module Networking (191)
[2019.01.23-03.44.40:782][261]LogModuleManager: Shutting down and abandoning module Core (189)
[2019.01.23-03.44.40:782][261]LogModuleManager: Shutting down and abandoning module LevelSequence (187)
[2019.01.23-03.44.40:782][261]LogModuleManager: Shutting down and abandoning module KismetCompiler (185)
[2019.01.23-03.44.40:782][261]LogModuleManager: Shutting down and abandoning module MeshUtilities (183)
[2019.01.23-03.44.40:782][261]LogModuleManager: Shutting down and abandoning module MeshMergeUtilities (182)
[2019.01.23-03.44.40:782][261]LogModuleManager: Shutting down and abandoning module MeshReductionInterface (181)
[2019.01.23-03.44.40:782][261]LogModuleManager: Shutting down and abandoning module SimplygonSwarm (180)
[2019.01.23-03.44.40:782][261]LogModuleManager: Shutting down and abandoning module ProxyLODMeshReduction (178)
[2019.01.23-03.44.40:782][261]LogModuleManager: Shutting down and abandoning module SimplygonMeshReduction (176)
[2019.01.23-03.44.40:782][261]LogModuleManager: Shutting down and abandoning module QuadricMeshReduction (174)
[2019.01.23-03.44.40:783][261]LogModuleManager: Shutting down and abandoning module MaterialBaking (170)
[2019.01.23-03.44.40:783][261]LogModuleManager: Shutting down and abandoning module DirectoryWatcher (166)
[2019.01.23-03.44.40:783][261]LogModuleManager: Shutting down and abandoning module DerivedDataCache (163)
[2019.01.23-03.44.41:180][261]LogDerivedDataCache: Shutdown
[2019.01.23-03.44.41:180][261]LogModuleManager: Shutting down and abandoning module XGEController (161)
[2019.01.23-03.44.41:180][261]LogModuleManager: Shutting down and abandoning module TargetPlatform (159)
[2019.01.23-03.44.41:180][261]LogModuleManager: Shutting down and abandoning module VulkanShaderFormat (158)
[2019.01.23-03.44.41:180][261]LogModuleManager: Shutting down and abandoning module ShaderFormatVectorVM (156)
[2019.01.23-03.44.41:180][261]LogModuleManager: Shutting down and abandoning module ShaderFormatOpenGL (154)
[2019.01.23-03.44.41:180][261]LogModuleManager: Shutting down and abandoning module ShaderFormatD3D (152)
[2019.01.23-03.44.41:180][261]LogModuleManager: Shutting down and abandoning module MetalShaderFormat (150)
[2019.01.23-03.44.41:180][261]LogModuleManager: Shutting down and abandoning module TextureFormatUncompressed (148)
[2019.01.23-03.44.41:180][261]LogModuleManager: Shutting down and abandoning module TextureFormatPVR (146)
[2019.01.23-03.44.41:180][261]LogModuleManager: Shutting down and abandoning module TextureFormatDXT (144)
[2019.01.23-03.44.41:180][261]LogModuleManager: Shutting down and abandoning module TextureFormatIntelISPCTexComp (142)
[2019.01.23-03.44.41:180][261]LogModuleManager: Shutting down and abandoning module TextureFormatASTC (140)
[2019.01.23-03.44.41:180][261]LogModuleManager: Shutting down and abandoning module ImageWrapper (139)
[2019.01.23-03.44.41:181][261]LogModuleManager: Shutting down and abandoning module TextureFormatAndroid (136)
[2019.01.23-03.44.41:181][261]LogModuleManager: Shutting down and abandoning module AudioFormatOpus (134)
[2019.01.23-03.44.41:181][261]LogModuleManager: Shutting down and abandoning module AudioFormatOgg (132)
[2019.01.23-03.44.41:181][261]LogModuleManager: Shutting down and abandoning module AudioFormatADPCM (130)
[2019.01.23-03.44.41:181][261]LogModuleManager: Shutting down and abandoning module LuminTargetPlatform (128)
[2019.01.23-03.44.41:181][261]LogModuleManager: Shutting down and abandoning module LinuxTargetPlatform (126)
[2019.01.23-03.44.41:181][261]LogModuleManager: Shutting down and abandoning module LinuxServerTargetPlatform (124)
[2019.01.23-03.44.41:181][261]LogModuleManager: Shutting down and abandoning module LinuxNoEditorTargetPlatform (122)
[2019.01.23-03.44.41:181][261]LogModuleManager: Shutting down and abandoning module LinuxClientTargetPlatform (120)
[2019.01.23-03.44.41:181][261]LogModuleManager: Shutting down and abandoning module TVOSTargetPlatform (118)
[2019.01.23-03.44.41:182][261]LogModuleManager: Shutting down and abandoning module Messaging (116)
[2019.01.23-03.44.41:182][261]LogModuleManager: Shutting down and abandoning module IOSTargetPlatform (114)
[2019.01.23-03.44.41:182][261]LogModuleManager: Shutting down and abandoning module HTML5TargetPlatform (112)
[2019.01.23-03.44.41:182][261]LogModuleManager: Shutting down and abandoning module AndroidTargetPlatform (110)
[2019.01.23-03.44.41:190][261]LogModuleManager: Shutting down and abandoning module WindowsTargetPlatform (108)
[2019.01.23-03.44.41:190][261]LogModuleManager: Shutting down and abandoning module WindowsServerTargetPlatform (106)
[2019.01.23-03.44.41:190][261]LogModuleManager: Shutting down and abandoning module WindowsNoEditorTargetPlatform (104)
[2019.01.23-03.44.41:190][261]LogModuleManager: Shutting down and abandoning module WindowsClientTargetPlatform (102)
[2019.01.23-03.44.41:190][261]LogModuleManager: Shutting down and abandoning module MacTargetPlatform (100)
[2019.01.23-03.44.41:190][261]LogModuleManager: Shutting down and abandoning module MacServerTargetPlatform (98)
[2019.01.23-03.44.41:190][261]LogModuleManager: Shutting down and abandoning module MacNoEditorTargetPlatform (96)
[2019.01.23-03.44.41:190][261]LogModuleManager: Shutting down and abandoning module MacClientTargetPlatform (94)
[2019.01.23-03.44.41:190][261]LogModuleManager: Shutting down and abandoning module AllDesktopTargetPlatform (92)
[2019.01.23-03.44.41:190][261]LogModuleManager: Shutting down and abandoning module InputCore (89)
[2019.01.23-03.44.41:190][261]LogModuleManager: Shutting down and abandoning module Settings (87)
[2019.01.23-03.44.41:190][261]LogModuleManager: Shutting down and abandoning module PhysXCooking (85)
[2019.01.23-03.44.41:190][261]LogModuleManager: Shutting down and abandoning module SteamVR (83)
[2019.01.23-03.44.41:190][261]LogModuleManager: Shutting down and abandoning module OculusHMD (81)
[2019.01.23-03.44.41:190][261]LogModuleManager: Shutting down and abandoning module ExampleDeviceProfileSelector (79)
[2019.01.23-03.44.41:190][261]LogModuleManager: Shutting down and abandoning module LauncherChunkInstaller (77)
[2019.01.23-03.44.41:190][261]LogModuleManager: Shutting down and abandoning module OnlineBlueprintSupport (75)
[2019.01.23-03.44.41:190][261]LogModuleManager: Shutting down and abandoning module OnlineSubsystem (71)
[2019.01.23-03.44.41:190][261]LogOnline: VeryVerbose: OSS: FOnlineSubsystemNull::Shutdown()
[2019.01.23-03.44.41:190][261]LogOnline: VeryVerbose: OSS: FOnlineAsyncTaskManager::Stop() ActiveTask:0000000000000000 Tasks[0/0]
[2019.01.23-03.44.41:191][261]LogOnline: VeryVerbose: OSS: FOnlineAsyncTaskManager::Exit() started
[2019.01.23-03.44.41:191][261]LogOnline: VeryVerbose: OSS: FOnlineAsyncTaskManager::Exit() finished
[2019.01.23-03.44.41:191][261]LogOnline: Verbose: OSS: Unloading online subsystem: NULL
[2019.01.23-03.44.41:191][261]LogModuleManager: Shutting down and abandoning module XMPP (65)
[2019.01.23-03.44.41:191][261]LogModuleManager: Shutting down and abandoning module WebSockets (64)
[2019.01.23-03.44.41:226][261]LogModuleManager: Shutting down and abandoning module HTTP (61)
[2019.01.23-03.44.41:226][261]LogHttp: Display: Http module shutting down, but needs to wait on 1 outstanding Http requests:
[2019.01.23-03.44.41:226][261]LogHttp: Display: 	verb=[POST] url=[https://datarouter.ol.epicgames.com/datarouter/api/v1/public/data?SessionID=%7B633BE69A-41E7-77B7-1674-D685A6160A8D%7D&AppID=UEEditor.Rocket.Release&AppVersion=4.20.3-4369336%2B%2B%2BUE4%2BRelease-4.20&UserID=07a0d2d64662dd1680339d9718e2d666%7Cb1db12b2000c43619e5ed66b74fb5726%7Cdb0fc2f9-39c1-42f0-92a8-54506b413dd2&AppEnvironment=datacollector-binary&UploadType=eteventstream] status=Processing
[2019.01.23-03.44.41:234][261]LogModuleManager: Shutting down and abandoning module SSL (60)
[2019.01.23-03.44.41:236][261]LogModuleManager: Shutting down and abandoning module MagicLeapEmulator (56)
[2019.01.23-03.44.41:236][261]LogModuleManager: Shutting down and abandoning module MagicLeapPrivileges (54)
[2019.01.23-03.44.41:236][261]LogModuleManager: Shutting down and abandoning module MagicLeapIdentity (52)
[2019.01.23-03.44.41:236][261]LogModuleManager: Shutting down and abandoning module MagicLeapHelperVulkan (50)
[2019.01.23-03.44.41:236][261]LogModuleManager: Shutting down and abandoning module MagicLeapHelperOpenGL (48)
[2019.01.23-03.44.41:236][261]LogModuleManager: Shutting down and abandoning module MagicLeapSecureStorage (46)
[2019.01.23-03.44.41:236][261]LogModuleManager: Shutting down and abandoning module MagicLeapGestures (44)
[2019.01.23-03.44.41:236][261]LogModuleManager: Shutting down and abandoning module MagicLeapEyeTracker (42)
[2019.01.23-03.44.41:236][261]LogModuleManager: Shutting down and abandoning module MagicLeapController (40)
[2019.01.23-03.44.41:236][261]LogSlate: Slate User Destroyed.  User Index 0, Is Virtual User: 0
[2019.01.23-03.44.41:236][261]LogModuleManager: Shutting down and abandoning module MagicLeap (38)
[2019.01.23-03.44.41:236][261]LogModuleManager: Shutting down and abandoning module AnimationModifiers (36)
[2019.01.23-03.44.41:236][261]LogModuleManager: Shutting down and abandoning module PropertyEditor (35)
[2019.01.23-03.44.41:237][261]LogModuleManager: Shutting down and abandoning module AudioEditor (32)
[2019.01.23-03.44.41:237][261]LogModuleManager: Shutting down and abandoning module TextureCompressor (30)
[2019.01.23-03.44.41:237][261]LogModuleManager: Shutting down and abandoning module ShaderCore (28)
[2019.01.23-03.44.41:237][261]LogModuleManager: Shutting down and abandoning module Landscape (26)
[2019.01.23-03.44.41:237][261]LogModuleManager: Shutting down and abandoning module SlateRHIRenderer (24)
[2019.01.23-03.44.41:238][261]LogModuleManager: Shutting down and abandoning module OpenGLDrv (22)
[2019.01.23-03.44.41:238][261]LogModuleManager: Shutting down and abandoning module D3D11RHI (20)
[2019.01.23-03.44.41:238][261]LogModuleManager: Shutting down and abandoning module AnimGraphRuntime (18)
[2019.01.23-03.44.41:238][261]LogModuleManager: Shutting down and abandoning module Renderer (16)
[2019.01.23-03.44.41:238][261]LogModuleManager: Shutting down and abandoning module Engine (14)
[2019.01.23-03.44.41:238][261]LogModuleManager: Shutting down and abandoning module CoreUObject (12)
[2019.01.23-03.44.41:238][261]LogModuleManager: Shutting down and abandoning module NetworkFile (10)
[2019.01.23-03.44.41:238][261]LogModuleManager: Shutting down and abandoning module CookedIterativeFile (8)
[2019.01.23-03.44.41:238][261]LogModuleManager: Shutting down and abandoning module StreamingFile (6)
[2019.01.23-03.44.41:238][261]LogModuleManager: Shutting down and abandoning module SandboxFile (4)
[2019.01.23-03.44.41:238][261]LogModuleManager: Shutting down and abandoning module PakFile (2)
[2019.01.23-03.44.41:249][261]LogExit: Exiting.
[2019.01.23-03.44.41:300][261]Log file closed, 01/22/19 22:44:41
