Log file open, 02/04/19 20:55:39
LogWindows: Failed to load 'aqProf.dll' (GetLastError=126)
LogWindows: File 'aqProf.dll' does not exist
LogWindows: Failed to load 'VtuneApi.dll' (GetLastError=126)
LogWindows: File 'VtuneApi.dll' does not exist
LogWindows: Failed to load 'VtuneApi32e.dll' (GetLastError=126)
LogWindows: File 'VtuneApi32e.dll' does not exist
LogInit: Display: Running engine for game: TrenchTowers
LogPlatformFile: Not using cached read wrapper
LogTaskGraph: Started task graph with 5 named threads and 23 total threads with 3 sets of task threads.
LogStats: Stats thread started at 0.378917
LogD3D11RHI: Loaded GFSDK_Aftermath_Lib.x64.dll
LogICUInternationalization: Display: ICU TimeZone Detection - Raw Offset: -5:00, Platform Override: ''
LogPluginManager: Mounting plugin Paper2D
LogPluginManager: Mounting plugin AISupport
LogPluginManager: Mounting plugin LightPropagationVolume
LogPluginManager: Mounting plugin CLionSourceCodeAccess
LogPluginManager: Mounting plugin CodeLiteSourceCodeAccess
LogPluginManager: Mounting plugin GitSourceControl
LogPluginManager: Mounting plugin KDevelopSourceCodeAccess
LogPluginManager: Mounting plugin NullSourceCodeAccess
LogPluginManager: Mounting plugin PerforceSourceControl
LogPluginManager: Mounting plugin SubversionSourceControl
LogPluginManager: Mounting plugin UObjectPlugin
LogPluginManager: Mounting plugin VisualStudioCodeSourceCodeAccess
LogPluginManager: Mounting plugin VisualStudioSourceCodeAccess
LogPluginManager: Mounting plugin XCodeSourceCodeAccess
LogPluginManager: Mounting plugin AssetManagerEditor
LogPluginManager: Mounting plugin CryptoKeys
LogPluginManager: Mounting plugin DataValidation
LogPluginManager: Mounting plugin FacialAnimation
LogPluginManager: Mounting plugin GameplayTagsEditor
LogPluginManager: Mounting plugin MacGraphicsSwitching
LogPluginManager: Mounting plugin MeshEditor
LogPluginManager: Mounting plugin MobileLauncherProfileWizard
LogPluginManager: Mounting plugin PluginBrowser
LogPluginManager: Mounting plugin SpeedTreeImporter
LogPluginManager: Mounting plugin DatasmithContent
LogPluginManager: Mounting plugin AlembicImporter
LogPluginManager: Mounting plugin AppleImageUtils
LogPluginManager: Mounting plugin AppleVision
LogPluginManager: Mounting plugin BackChannel
LogPluginManager: Mounting plugin CharacterAI
LogPluginManager: Mounting plugin GeometryCache
LogPluginManager: Mounting plugin HTML5Networking
LogPluginManager: Mounting plugin ProxyLODPlugin
LogPluginManager: Mounting plugin MagicLeap
LogPluginManager: Mounting plugin MagicLeapEmulator
LogPluginManager: Mounting plugin MagicLeapMedia
LogPluginManager: Mounting plugin AndroidMedia
LogPluginManager: Mounting plugin AvfMedia
LogPluginManager: Mounting plugin ImgMedia
LogPluginManager: Mounting plugin LinearTimecode
LogPluginManager: Mounting plugin MediaCompositing
LogPluginManager: Mounting plugin MediaPlayerEditor
LogPluginManager: Mounting plugin WmfMedia
LogPluginManager: Mounting plugin TcpMessaging
LogPluginManager: Mounting plugin UdpMessaging
LogPluginManager: Mounting plugin ActorSequence
LogPluginManager: Mounting plugin LevelSequenceEditor
LogPluginManager: Mounting plugin MatineeToLevelSequence
LogPluginManager: Mounting plugin NetcodeUnitTest
LogPluginManager: Mounting plugin NUTUnrealEngine4
LogPluginManager: Mounting plugin OnlineFramework
LogPluginManager: Mounting plugin OnlineSubsystem
LogPluginManager: Mounting plugin OnlineSubsystemNull
LogPluginManager: Mounting plugin OnlineSubsystemSteam
LogPluginManager: Mounting plugin OnlineSubsystemUtils
LogPluginManager: Mounting plugin LauncherChunkInstaller
LogPluginManager: Mounting plugin AndroidDeviceProfileSelector
LogPluginManager: Mounting plugin AndroidMoviePlayer
LogPluginManager: Mounting plugin AndroidPermission
LogPluginManager: Mounting plugin AppleMoviePlayer
LogPluginManager: Mounting plugin ArchVisCharacter
LogPluginManager: Mounting plugin AudioCapture
LogPluginManager: Mounting plugin CableComponent
LogPluginManager: Mounting plugin CustomMeshComponent
LogPluginManager: Mounting plugin EditableMesh
LogPluginManager: Mounting plugin ExampleDeviceProfileSelector
LogPluginManager: Mounting plugin GoogleCloudMessaging
LogPluginManager: Mounting plugin ImmediatePhysics
LogPluginManager: Mounting plugin IOSDeviceProfileSelector
LogPluginManager: Mounting plugin LinuxDeviceProfileSelector
LogPluginManager: Mounting plugin LocationServicesBPLibrary
LogPluginManager: Mounting plugin MobilePatchingUtils
LogPluginManager: Mounting plugin OculusVR
LogPluginManager: Plugin shader directory ../../../Engine/Plugins/Runtime/Oculus/OculusVR/Shaders found
LogPluginManager: Mapping shader source directory ../../../Engine/Plugins/Runtime/Oculus/OculusVR/Shaders to virtual directory /Plugin/OculusVR
LogPluginManager: Mounting plugin PhysXVehicles
LogPluginManager: Mounting plugin ProceduralMeshComponent
LogPluginManager: Mounting plugin RuntimePhysXCooking
LogPluginManager: Mounting plugin SteamController
LogPluginManager: Mounting plugin SteamVR
LogPluginManager: Mounting plugin WindowsMoviePlayer
LogStreaming: Display: Took  0.085s to configure plugins.
LogInit: Using libcurl 7.55.1-DEV
LogInit:  - built for x86_64-pc-win32
LogInit:  - supports SSL with OpenSSL/1.0.2h
LogInit:  - supports HTTP deflate (compression) using libz 1.2.8
LogInit:  - other features:
LogInit:      CURL_VERSION_SSL
LogInit:      CURL_VERSION_LIBZ
LogInit:      CURL_VERSION_IPV6
LogInit:      CURL_VERSION_ASYNCHDNS
LogInit:      CURL_VERSION_LARGEFILE
LogInit:      CURL_VERSION_IDN
LogInit:  CurlRequestOptions (configurable via config and command line):
LogInit:  - bVerifyPeer = false  - Libcurl will NOT verify peer certificate
LogInit:  - bUseHttpProxy = false  - Libcurl will NOT use HTTP proxy
LogInit:  - bDontReuseConnections = false  - Libcurl will reuse connections
LogInit:  - CertBundlePath = nullptr  - Libcurl will use whatever was configured at build time.
LogInit:  - MaxHostConnections = 16  - Libcurl will limit the number of connections to a host
LogInit:  - LocalHostAddr = Default
LogInit:  - BufferSize = 65536
LogInit: WinSock: version 1.1 (2.2), MaxSocks=32767, MaxUdp=65467
LogInit: Build: ++UE4+Release-4.20-CL-4369336
LogInit: Engine Version: 4.20.3-4369336+++UE4+Release-4.20
LogInit: Compatible Engine Version: 4.20.0-4212847+++UE4+Release-4.20
LogInit: Net CL: 4212847
LogInit: OS: Windows 10 (), CPU: Intel(R) Core(TM) i7-6700HQ CPU @ 2.60GHz, GPU: Intel(R) HD Graphics 530
LogInit: Compiled (64-bit): Sep 17 2018 12:26:19
LogInit: Compiled with Visual C++: 19.13.26129.00
LogInit: Build Configuration: Development
LogInit: Branch Name: ++UE4+Release-4.20
LogInit: Command Line:  127.0.0.1:7777 -game -PIEVIACONSOLE -ResX=1280 -ResY=720  -Multiprocess -messaging -SessionName="Play in Standalone Game" -windowed GameUserSettingsINI="D:/Program Files (x86)/TrenchTowers 4.20/Saved/Config/Windows/PIEGameUserSettings1.ini" -MultiprocessSaveConfig  -MultiprocessOSS WinX=5 WinY=5 SAVEWINPOS=1
LogInit: Base Directory: D:/Program Files/Epic Games/UE_4.20/Engine/Binaries/Win64/
LogInit: Installed Engine Build: 1
LogDevObjectVersion: Number of dev versions registered: 20
LogDevObjectVersion:   Dev-Blueprints (B0D832E4-1F89-4F0D-ACCF-7EB736FD4AA2): 10
LogDevObjectVersion:   Dev-Build (E1C64328-A22C-4D53-A36C-8E866417BD8C): 0
LogDevObjectVersion:   Dev-Core (375EC13C-06E4-48FB-B500-84F0262A717E): 2
LogDevObjectVersion:   Dev-Editor (E4B068ED-F494-42E9-A231-DA0B2E46BB41): 24
LogDevObjectVersion:   Dev-Framework (CFFC743F-43B0-4480-9391-14DF171D2073): 34
LogDevObjectVersion:   Dev-Mobile (B02B49B5-BB20-44E9-A304-32B752E40360): 2
LogDevObjectVersion:   Dev-Networking (A4E4105C-59A1-49B5-A7C5-40C4547EDFEE): 0
LogDevObjectVersion:   Dev-Online (39C831C9-5AE6-47DC-9A44-9C173E1C8E7C): 0
LogDevObjectVersion:   Dev-Physics (78F01B33-EBEA-4F98-B9B4-84EACCB95AA2): 0
LogDevObjectVersion:   Dev-Platform (6631380F-2D4D-43E0-8009-CF276956A95A): 0
LogDevObjectVersion:   Dev-Rendering (12F88B9F-8875-4AFC-A67C-D90C383ABD29): 26
LogDevObjectVersion:   Dev-Sequencer (7B5AE74C-D270-4C10-A958-57980B212A5A): 9
LogDevObjectVersion:   Dev-VR (D7296918-1DD6-4BDD-9DE2-64A83CC13884): 2
LogDevObjectVersion:   Dev-LoadTimes (C2A15278-BFE7-4AFE-6C17-90FF531DF755): 1
LogDevObjectVersion:   Private-Geometry (6EACA3D4-40EC-4CC1-B786-8BED09428FC5): 3
LogDevObjectVersion:   Dev-AnimPhys (29E575DD-E0A3-4627-9D10-D276232CDCEA): 17
LogDevObjectVersion:   Dev-ReflectionCapture (6B266CEC-1EC7-4B8F-A30B-E4D90942FC07): 1
LogDevObjectVersion:   Dev-Automation (0DF73D61-A23F-47EA-B727-89E90C41499A): 1
LogDevObjectVersion:   FortniteMain (601D1886-AC64-4F84-AA16-D3DE0DEAC7D6): 12
LogDevObjectVersion:   Dev-Enterprise (9DFFBCD6-494F-0158-E221-12823C92A888): 1
LogStreaming: Display: Took  0.003s to delete old logs.
LogInit: Presizing for max 8388607 objects, including 0 objects not considered by GC, pre-allocating 0 bytes for permanent pool.
LogInit: Object subsystem initialized
[2019.02.05-01.55.39:574][  0]LogInit: Selected Device Profile: [Windows]
[2019.02.05-01.55.39:574][  0]LogInit: Applying CVar settings loaded from the selected device profile: [Windows]
[2019.02.05-01.55.39:600][  0]LogHAL: Display: Platform has ~ 16 GB [17044942848 / 17179869184 / 16], which maps to Larger [LargestMinGB=32, LargerMinGB=12, DefaultMinGB=8, SmallerMinGB=6, SmallestMinGB=0)
[2019.02.05-01.55.39:600][  0]LogInit: Setting Device Profile CVar: [[r.Vulkan.UseRealUBs:1]]
[2019.02.05-01.55.39:600][  0]LogInit: Going up to parent DeviceProfile []
[2019.02.05-01.55.39:600][  0]LogInit: Computer: DESKTOP-RI1ETNT
[2019.02.05-01.55.39:600][  0]LogInit: User: Fires
[2019.02.05-01.55.39:600][  0]LogInit: CPU Page size=4096, Cores=4
[2019.02.05-01.55.39:600][  0]LogInit: High frequency timer resolution =10.000000 MHz
[2019.02.05-01.55.39:601][  0]LogMemory: Memory total: Physical=15.9GB (16GB approx)
[2019.02.05-01.55.39:601][  0]LogMemory: Platform Memory Stats for Windows
[2019.02.05-01.55.39:601][  0]LogMemory: Process Physical Memory: 107.66 MB used, 107.67 MB peak
[2019.02.05-01.55.39:601][  0]LogMemory: Process Virtual Memory: 93.58 MB used, 93.58 MB peak
[2019.02.05-01.55.39:601][  0]LogMemory: Physical Memory: 8048.28 MB used,  8207.05 MB free, 16255.32 MB total
[2019.02.05-01.55.39:601][  0]LogMemory: Virtual Memory: 4646.39 MB used,  8207.05 MB free, 134217728.00 MB total
[2019.02.05-01.55.40:085][  0]LogInit: Using OS detected language (en-US).
[2019.02.05-01.55.40:085][  0]LogInit: Using OS detected locale (en-CA).
[2019.02.05-01.55.40:089][  0]LogTextLocalizationManager: No specific localization for 'en-US' exists, so the 'en' localization will be used.
[2019.02.05-01.55.40:602][  0]LogStreaming: Display: Took  0.516s to InitEngineTextLocalization.
[2019.02.05-01.55.40:667][  0]LogSlate: New Slate User Created.  User Index 0, Is Virtual User: 0
[2019.02.05-01.55.40:667][  0]LogSlate: Slate User Registered.  User Index 0, Is Virtual User: 0
[2019.02.05-01.55.40:719][  0]LogHMD: Failed to initialize OpenVR with code 110
[2019.02.05-01.55.40:719][  0]LogD3D11RHI: D3D11 adapters:
[2019.02.05-01.55.40:822][  0]LogD3D11RHI:    0. 'NVIDIA GeForce GTX 1070' (Feature Level 11_0)
[2019.02.05-01.55.40:822][  0]LogD3D11RHI:       8081/0/8127 MB DedicatedVideo/DedicatedSystem/SharedSystem, Outputs:1, VendorId:0x10de
[2019.02.05-01.55.40:839][  0]LogD3D11RHI:    1. 'Intel(R) HD Graphics 530' (Feature Level 11_0)
[2019.02.05-01.55.40:839][  0]LogD3D11RHI:       128/0/8127 MB DedicatedVideo/DedicatedSystem/SharedSystem, Outputs:0, VendorId:0x8086
[2019.02.05-01.55.40:843][  0]LogD3D11RHI:    2. 'Microsoft Basic Render Driver' (Feature Level 11_0)
[2019.02.05-01.55.40:843][  0]LogD3D11RHI:       0/0/8127 MB DedicatedVideo/DedicatedSystem/SharedSystem, Outputs:0, VendorId:0x1414
[2019.02.05-01.55.40:843][  0]LogD3D11RHI: Chosen D3D11 Adapter: 0
[2019.02.05-01.55.40:896][  0]LogD3D11RHI: Creating new Direct3DDevice
[2019.02.05-01.55.40:897][  0]LogD3D11RHI:     GPU DeviceId: 0x1ba1 (for the marketing name, search the web for "GPU Device Id")
[2019.02.05-01.55.40:897][  0]LogWindows: EnumDisplayDevices:
[2019.02.05-01.55.40:897][  0]LogWindows:    0. 'Intel(R) HD Graphics 530' (P:1 D:1)
[2019.02.05-01.55.40:898][  0]LogWindows:    1. 'Intel(R) HD Graphics 530' (P:0 D:0)
[2019.02.05-01.55.40:899][  0]LogWindows:    2. 'Intel(R) HD Graphics 530' (P:0 D:0)
[2019.02.05-01.55.40:899][  0]LogWindows:    3. 'NVIDIA GeForce GTX 1070' (P:0 D:0)
[2019.02.05-01.55.40:900][  0]LogWindows:    4. 'NVIDIA GeForce GTX 1070' (P:0 D:0)
[2019.02.05-01.55.40:900][  0]LogWindows:    5. 'NVIDIA GeForce GTX 1070' (P:0 D:0)
[2019.02.05-01.55.40:901][  0]LogWindows:    6. 'NVIDIA GeForce GTX 1070' (P:0 D:0)
[2019.02.05-01.55.40:901][  0]LogWindows: DebugString: PrimaryIsNotTheChoosenAdapter PrimaryIsNotTheChoosenAdapter PrimaryIsNotTheChoosenAdapter FoundDriverCount:4 
[2019.02.05-01.55.40:901][  0]LogD3D11RHI:     Adapter Name: NVIDIA GeForce GTX 1070
[2019.02.05-01.55.40:901][  0]LogD3D11RHI:   Driver Version: 417.22 (internal:25.21.14.1722, unified:417.22)
[2019.02.05-01.55.40:901][  0]LogD3D11RHI:      Driver Date: 11-29-2018
[2019.02.05-01.55.40:901][  0]LogRHI: Texture pool is 5656 MB (70% of 8081 MB)
[2019.02.05-01.55.40:975][  0]LogD3D11RHI: [Aftermath] Enabled and primed
[2019.02.05-01.55.40:975][  0]LogD3D11RHI: Async texture creation enabled
[2019.02.05-01.55.40:998][  0]LogD3D11RHI: GPU Timing Frequency: 1000.000000 (Debug: 2 2)
[2019.02.05-01.55.41:000][  0]LogShaderCompilers: Guid format shader working directory is -9 characters bigger than the processId version (../../../../../../Program Files (x86)/TrenchTowers 4.20/Intermediate/Shaders/WorkingDirectory/3844/).
[2019.02.05-01.55.41:001][  0]LogShaderCompilers: Cleaned the shader compiler working directory 'C:/Users/Fires/AppData/Local/Temp/UnrealShaderWorkingDir/C43BA090458E910C853F4C9E00A3030D/'.
[2019.02.05-01.55.41:552][  0]LogTemp: Display: Loaded TP WindowsClientTargetPlatform
[2019.02.05-01.55.41:579][  0]LogTemp: Display: Loaded TP WindowsNoEditorTargetPlatform
[2019.02.05-01.55.41:609][  0]LogTemp: Display: Loaded TP WindowsServerTargetPlatform
[2019.02.05-01.55.41:636][  0]LogTemp: Display: Loaded TP WindowsTargetPlatform
[2019.02.05-01.55.41:637][  0]LogTargetPlatformManager: Display: Building Assets For Windows
[2019.02.05-01.55.41:840][  0]LogXGEController: Cannot use XGE Controller as Incredibuild is not installed on this machine.
[2019.02.05-01.55.41:840][  0]LogShaderCompilers: Cannot use XGE Shader Compiler as Incredibuild is not installed on this machine.
[2019.02.05-01.55.41:840][  0]LogShaderCompilers: Display: Using Local Shader Compiler.
[2019.02.05-01.55.42:864][  0]LogDerivedDataCache: Display: Max Cache Size: 512 MB
[2019.02.05-01.55.42:937][  0]LogDerivedDataCache: Loaded boot cache 0.07s 71MB C:/Users/Fires/AppData/Local/UnrealEngine/4.20/DerivedDataCache/Boot.ddc.
[2019.02.05-01.55.42:937][  0]LogDerivedDataCache: Display: Loaded Boot cache: C:/Users/Fires/AppData/Local/UnrealEngine/4.20/DerivedDataCache/Boot.ddc
[2019.02.05-01.55.42:937][  0]LogDerivedDataCache: FDerivedDataBackendGraph:  Pak pak cache file ../../../../../../Program Files (x86)/TrenchTowers 4.20/DerivedDataCache/DDC.ddp not found, will not use a pak cache.
[2019.02.05-01.55.42:938][  0]LogDerivedDataCache: Unable to find inner node Pak for hierarchical cache Hierarchy.
[2019.02.05-01.55.42:938][  0]LogDerivedDataCache: FDerivedDataBackendGraph:  CompressedPak pak cache file ../../../../../../Program Files (x86)/TrenchTowers 4.20/DerivedDataCache/Compressed.ddp not found, will not use a pak cache.
[2019.02.05-01.55.42:938][  0]LogDerivedDataCache: Unable to find inner node CompressedPak for hierarchical cache Hierarchy.
[2019.02.05-01.55.42:954][  0]LogDerivedDataCache: Display: Pak cache opened for reading ../../../Engine/DerivedDataCache/Compressed.ddp.
[2019.02.05-01.55.42:968][  0]LogDerivedDataCache: Using Local data cache path C:/Users/Fires/AppData/Local/UnrealEngine/Common/DerivedDataCache: Writable
[2019.02.05-01.55.42:968][  0]LogDerivedDataCache: Shared data cache path not found in *engine.ini, will not use an Shared cache.
[2019.02.05-01.55.42:968][  0]LogDerivedDataCache: Unable to find inner node Shared for hierarchical cache Hierarchy.
[2019.02.05-01.55.42:990][  0]LogMaterial: Verifying Global Shaders for PCD3D_SM5
[2019.02.05-01.55.42:992][  0]LogSlate: Using FreeType 2.6.0
[2019.02.05-01.55.42:993][  0]LogSlate: SlateFontServices - WITH_FREETYPE: 1, WITH_HARFBUZZ: 1
[2019.02.05-01.55.43:161][  0]LogInit: Using OS detected language (en-US).
[2019.02.05-01.55.43:161][  0]LogInit: Using OS detected locale (en-CA).
[2019.02.05-01.55.43:161][  0]LogTextLocalizationManager: No localization for 'en-US' exists, so 'en' will be used for the language.
[2019.02.05-01.55.43:161][  0]LogTextLocalizationManager: No localization for 'en-CA' exists, so 'en' will be used for the locale.
[2019.02.05-01.55.43:572][  0]LogStreaming: Display: Took  0.412s to InitGameTextLocalization.
[2019.02.05-01.55.43:588][  0]LogAssetRegistry: FAssetRegistry took 0.0055 seconds to start up
[2019.02.05-01.55.43:868][  0]LogPackageLocalizationCache: Processed 11 localized package path(s) for 1 prioritized culture(s) in 0.023784 seconds
[2019.02.05-01.55.45:754][  0]LogInit: Selected Device Profile: [Windows]
[2019.02.05-01.55.45:975][  0]LogSimplygon: Simplygon DLL not present - disabling.
[2019.02.05-01.55.45:987][  0]LogMeshReduction: Using SimplygonSwarm for distributed automatic mesh merging
[2019.02.05-01.55.45:987][  0]LogMeshReduction: Using ProxyLODMeshReduction for automatic mesh merging
[2019.02.05-01.55.45:987][  0]LogMeshReduction: Using QuadricMeshReduction for automatic static mesh reduction
[2019.02.05-01.55.45:987][  0]LogMeshReduction: No automatic skeletal mesh reduction module available
[2019.02.05-01.55.46:007][  0]LogNetVersion: TrenchTowers 1.0.0, NetCL: 4212847, EngineNetVer: 5, GameNetVer: 0 (Checksum: 1537713906)
[2019.02.05-01.55.46:931][  0]LogMoviePlayer: Initializing movie player
[2019.02.05-01.55.47:218][  0]LogTcpMessaging: Initializing TcpMessaging bridge
[2019.02.05-01.55.47:234][  0]LogUdpMessaging: Initializing bridge on interface 0.0.0.0:0 to multicast group 230.0.0.1:6666.
[2019.02.05-01.55.47:366][  0]SourceControl: Source control is disabled
[2019.02.05-01.55.47:366][  0]SourceControl: Source control is disabled
[2019.02.05-01.55.47:370][  0]SourceControl: Source control is disabled
[2019.02.05-01.55.47:604][  0]LogOnline: Display: STEAM: Loading Steam SDK 1.39
[2019.02.05-01.55.47:610][  0]LogAndroidPermission: UAndroidPermissionCallbackProxy::GetInstance
[2019.02.05-01.55.47:782][  0]LogOcInput: OculusInput pre-init called
[2019.02.05-01.55.47:800][  0]LogUObjectArray: 42395 objects as part of root set at end of initial load.
[2019.02.05-01.55.47:800][  0]LogUObjectAllocator: 7491240 out of 0 bytes used by permanent object pool.
[2019.02.05-01.55.47:800][  0]LogUObjectArray: CloseDisregardForGC: 0/0 objects in disregard for GC pool
[2019.02.05-01.55.47:880][  0]LogEngine: Initializing Engine...
[2019.02.05-01.55.47:881][  0]LogHMD: Failed to initialize OpenVR with code 110
[2019.02.05-01.55.47:897][  0]LogStats: UGameplayTagsManager::ConstructGameplayTagTree: Construct from data asset -  0.000 s
[2019.02.05-01.55.47:897][  0]LogStats: UGameplayTagsManager::ConstructGameplayTagTree: GameplayTagTreeChangedEvent.Broadcast -  0.000 s
[2019.02.05-01.55.48:166][  0]LogInit: Initializing FReadOnlyCVARCache
[2019.02.05-01.55.48:215][  0]LogInit: XAudio2 using 'Speakers / Headphones (Realtek Audio)' : 6 channels at 48 kHz using 32 bits per sample (channel mask 0x3f)
[2019.02.05-01.55.48:376][  0]LogInit: FAudioDevice initialized.
[2019.02.05-01.55.48:389][  0]LogNetVersion: Set ProjectVersion to 1.0.0.0. Version Checksum will be recalculated on next use.
[2019.02.05-01.55.48:389][  0]LogInit: Texture streaming: Enabled
[2019.02.05-01.55.48:761][  0]LogSlate: Updating window title bar state: overlay mode, drag disabled, window buttons hidden, title bar hidden
[2019.02.05-01.55.48:761][  0]LogInit: Display: Game Engine Initialized.
[2019.02.05-01.55.48:761][  0]LogGameplayTags: Display: UGameplayTagsManager::DoneAddingNativeTags. DelegateIsBound: 0
[2019.02.05-01.55.48:761][  0]LogStats: UGameplayTagsManager::ConstructGameplayTagTree: Construct from data asset -  0.000 s
[2019.02.05-01.55.48:761][  0]LogStats: UGameplayTagsManager::ConstructGameplayTagTree: GameplayTagTreeChangedEvent.Broadcast -  0.000 s
[2019.02.05-01.55.48:803][  0]LogInit: Display: Starting Game.
[2019.02.05-01.55.48:803][  0]LogNet: Browse: 127.0.0.1//Game/2DSideScrollerBP/Maps/2DSideScrollerExampleMap?Name=Player
[2019.02.05-01.55.48:803][  0]LogTemp: Display: ParseSettings for GameNetDriver
[2019.02.05-01.55.48:803][  0]LogTemp: Display: ParseSettings for IpNetDriver_0
[2019.02.05-01.55.48:803][  0]LogTemp: Display: ParseSettings for PendingNetDriver
[2019.02.05-01.55.48:803][  0]LogInit: WinSock: Socket queue 32768 / 32768
[2019.02.05-01.55.48:809][  0]LogInit: WinSock: I am DESKTOP-RI1ETNT (192.168.1.115:0)
[2019.02.05-01.55.48:809][  0]PacketHandlerLog: Loaded PacketHandler component: OnlineSubsystemSteam.SteamAuthComponentModuleInterface ()
[2019.02.05-01.55.48:809][  0]PacketHandlerLog: Loaded PacketHandler component: Engine.EngineHandlerComponentFactory (StatelessConnectHandlerComponent)
[2019.02.05-01.55.48:809][  0]LogOnline: Warning: STEAM: AUTH HANDLER: Deactivating due to missing requirements
[2019.02.05-01.55.48:810][  0]LogNet: Game client on port 7777, rate 10000
[2019.02.05-01.55.48:906][  0]LogLoad: (Engine Initialization) Total time: 16.78 seconds
[2019.02.05-01.55.48:906][  0]LogLoad: (Engine Initialization) Total Blueprint compile time: 0.00 seconds
[2019.02.05-01.55.49:088][  0]LogSteamController: SteamController is not available
[2019.02.05-01.55.49:089][  0]LogHandshake: SendChallengeResponse. Timestamp: 17.849804, Cookie: 122213206209140183254184131239069010009105096180245057252253
[2019.02.05-01.55.49:093][  0]LogContentStreaming: Texture pool size now 1000 MB
[2019.02.05-01.55.49:117][  2]LogNetVersion: TrenchTowers 1.0.0.0, NetCL: 4212847, EngineNetVer: 5, GameNetVer: 0 (Checksum: 2119075378)
[2019.02.05-01.55.49:117][  2]LogNet: UPendingNetGame::SendInitialJoin: Sending hello. [UNetConnection] RemoteAddr: 127.0.0.1:7777, Name: IpConnection_0, Driver: PendingNetDriver IpNetDriver_0, IsServer: NO, PC: NULL, Owner: NULL, UniqueId: INVALID
[2019.02.05-01.55.49:150][  4]LogNet: Welcomed by server (Level: /Game/2DSideScrollerBP/Maps/UEDPIE_0_2DSideScrollerExampleMap, Game: /Game/2DSideScrollerBP/Blueprints/Gameplay/2DSideScrollerGameMode.2DSideScrollerGameMode_C)
[2019.02.05-01.55.49:150][  4]LogLoad: LoadMap: 127.0.0.1//Game/2DSideScrollerBP/Maps/2DSideScrollerExampleMap?Name=Player?game=/Game/2DSideScrollerBP/Blueprints/Gameplay/2DSideScrollerGameMode.2DSideScrollerGameMode_C
[2019.02.05-01.55.49:258][  4]LogLinker: Warning: Can't find file '/Script/IntroTutorials'
[2019.02.05-01.55.49:258][  4]LogUObjectGlobals: Warning: Failed to load '/Script/IntroTutorials': Can't find file '/Script/IntroTutorials'
[2019.02.05-01.55.49:258][  4]LogLinker: Warning: Can't find file for asset '/Script/IntroTutorials' while loading NULL.
[2019.02.05-01.55.49:258][  4]LogUObjectGlobals: Warning: Failed to load '/Script/IntroTutorials': Can't find file for asset '/Script/IntroTutorials' while loading NULL.
[2019.02.05-01.55.49:258][  4]LogLinker: Warning: CreateExport: Failed to load Parent for BlueprintGeneratedClass /Engine/Tutorial/BlueprintTutorials/LevelBlueprintEditorOverview.LevelBlueprintEditorOverview_C
[2019.02.05-01.55.49:258][  4]LogLinker: Warning: Can't find file '/Script/IntroTutorials'
[2019.02.05-01.55.49:258][  4]LogUObjectGlobals: Warning: Failed to load '/Script/IntroTutorials': Can't find file '/Script/IntroTutorials'
[2019.02.05-01.55.49:258][  4]LogLinker: Warning: Can't find file for asset '/Script/IntroTutorials' while loading NULL.
[2019.02.05-01.55.49:258][  4]LogUObjectGlobals: Warning: Failed to load '/Script/IntroTutorials': Can't find file for asset '/Script/IntroTutorials' while loading NULL.
[2019.02.05-01.55.49:258][  4]LogLinker: Warning: CreateExport: Failed to load Parent for BlueprintGeneratedClass /Engine/Tutorial/BlueprintTutorials/LevelBlueprintEditorOverview.LevelBlueprintEditorOverview_C
[2019.02.05-01.55.49:258][  4]LogLinker: Warning: Unable to load Default__LevelBlueprintEditorOverview_C with outer Package /Engine/Tutorial/BlueprintTutorials/LevelBlueprintEditorOverview because its class does not exist
[2019.02.05-01.55.49:259][  4]LogLinker: Warning: Can't find file '/Script/IntroTutorials'
[2019.02.05-01.55.49:259][  4]LogUObjectGlobals: Warning: Failed to load '/Script/IntroTutorials': Can't find file '/Script/IntroTutorials'
[2019.02.05-01.55.49:259][  4]LogLinker: Warning: Can't find file for asset '/Script/IntroTutorials' while loading NULL.
[2019.02.05-01.55.49:259][  4]LogUObjectGlobals: Warning: Failed to load '/Script/IntroTutorials': Can't find file for asset '/Script/IntroTutorials' while loading NULL.
[2019.02.05-01.55.49:259][  4]LogLinker: Warning: CreateExport: Failed to load Parent for BlueprintGeneratedClass /Engine/Tutorial/BlueprintTutorials/LevelBlueprintEditorOverview.LevelBlueprintEditorOverview_C
[2019.02.05-01.55.49:261][  4]LogLinker: Warning: Can't find file '/Script/IntroTutorials'
[2019.02.05-01.55.49:261][  4]LoadErrors: Failed to load /Script/IntroTutorials.EditorTutorial Referenced by K2Node_DynamicCast_1
[2019.02.05-01.55.49:261][  4]LogUObjectGlobals: Warning: Failed to load '/Script/IntroTutorials': Can't find file '/Script/IntroTutorials'
[2019.02.05-01.55.49:261][  4]LogLinker: Warning: Can't find file for asset '/Script/IntroTutorials' while loading NULL.
[2019.02.05-01.55.49:261][  4]LoadErrors: Failed to load /Script/IntroTutorials.EditorTutorial Referenced by K2Node_DynamicCast_1
[2019.02.05-01.55.49:261][  4]LogUObjectGlobals: Warning: Failed to load '/Script/IntroTutorials': Can't find file for asset '/Script/IntroTutorials' while loading NULL.
[2019.02.05-01.55.49:261][  4]LogLinker: Warning: CreateExport: Failed to load Parent for BlueprintGeneratedClass /Engine/Tutorial/BlueprintTutorials/LevelBlueprintEditorOverview.LevelBlueprintEditorOverview_C
[2019.02.05-01.55.49:262][  4]LogLinker: Warning: Can't find file '/Script/IntroTutorials'
[2019.02.05-01.55.49:262][  4]LoadErrors: Failed to load /Script/IntroTutorials.EditorTutorial Referenced by K2Node_DynamicCast_1
[2019.02.05-01.55.49:262][  4]LogUObjectGlobals: Warning: Failed to load '/Script/IntroTutorials': Can't find file '/Script/IntroTutorials'
[2019.02.05-01.55.49:262][  4]LogLinker: Warning: Can't find file for asset '/Script/IntroTutorials' while loading NULL.
[2019.02.05-01.55.49:262][  4]LoadErrors: Failed to load /Script/IntroTutorials.EditorTutorial Referenced by K2Node_DynamicCast_1
[2019.02.05-01.55.49:262][  4]LogUObjectGlobals: Warning: Failed to load '/Script/IntroTutorials': Can't find file for asset '/Script/IntroTutorials' while loading NULL.
[2019.02.05-01.55.49:262][  4]LogLinker: Warning: CreateExport: Failed to load Parent for BlueprintGeneratedClass /Engine/Tutorial/BlueprintTutorials/LevelBlueprintEditorOverview.LevelBlueprintEditorOverview_C
[2019.02.05-01.55.50:207][  4]LogLinker: Warning: Can't find file '/Script/IntroTutorials'
[2019.02.05-01.55.50:207][  4]LoadErrors: Failed to load /Script/IntroTutorials.EditorTutorial Referenced by LevelBlueprintEditorOverview
[2019.02.05-01.55.50:207][  4]LogUObjectGlobals: Warning: Failed to load '/Script/IntroTutorials': Can't find file '/Script/IntroTutorials'
[2019.02.05-01.55.50:207][  4]LogLinker: Warning: Can't find file for asset '/Script/IntroTutorials' while loading NULL.
[2019.02.05-01.55.50:207][  4]LoadErrors: Failed to load /Script/IntroTutorials.EditorTutorial Referenced by LevelBlueprintEditorOverview
[2019.02.05-01.55.50:207][  4]LogUObjectGlobals: Warning: Failed to load '/Script/IntroTutorials': Can't find file for asset '/Script/IntroTutorials' while loading NULL.
[2019.02.05-01.55.50:208][  4]LogLinker: Warning: Can't find file '/Script/IntroTutorials'
[2019.02.05-01.55.50:208][  4]LoadErrors: Failed to load /Script/IntroTutorials.EditorTutorial Referenced by LevelBlueprintEditorOverview
[2019.02.05-01.55.50:208][  4]LogUObjectGlobals: Warning: Failed to load '/Script/IntroTutorials': Can't find file '/Script/IntroTutorials'
[2019.02.05-01.55.50:208][  4]LogLinker: Warning: Can't find file for asset '/Script/IntroTutorials' while loading NULL.
[2019.02.05-01.55.50:208][  4]LoadErrors: Failed to load /Script/IntroTutorials.EditorTutorial Referenced by LevelBlueprintEditorOverview
[2019.02.05-01.55.50:208][  4]LogUObjectGlobals: Warning: Failed to load '/Script/IntroTutorials': Can't find file for asset '/Script/IntroTutorials' while loading NULL.
[2019.02.05-01.55.50:208][  4]LogLinker: Warning: CreateExport: Failed to load Parent for BlueprintGeneratedClass /Engine/Tutorial/BlueprintTutorials/LevelBlueprintEditorOverview.LevelBlueprintEditorOverview_C
[2019.02.05-01.55.50:208][  4]LogLinker: Warning: Can't find file '/Script/IntroTutorials'
[2019.02.05-01.55.50:208][  4]LoadErrors: Failed to load /Script/IntroTutorials.EditorTutorial Referenced by PackageMetaData
[2019.02.05-01.55.50:208][  4]LogUObjectGlobals: Warning: Failed to load '/Script/IntroTutorials': Can't find file '/Script/IntroTutorials'
[2019.02.05-01.55.50:208][  4]LogLinker: Warning: Can't find file for asset '/Script/IntroTutorials' while loading NULL.
[2019.02.05-01.55.50:208][  4]LoadErrors: Failed to load /Script/IntroTutorials.EditorTutorial Referenced by PackageMetaData
[2019.02.05-01.55.50:208][  4]LogUObjectGlobals: Warning: Failed to load '/Script/IntroTutorials': Can't find file for asset '/Script/IntroTutorials' while loading NULL.
[2019.02.05-01.55.50:208][  4]LogLinker: Warning: CreateExport: Failed to load Parent for BlueprintGeneratedClass /Engine/Tutorial/BlueprintTutorials/LevelBlueprintEditorOverview.LevelBlueprintEditorOverview_C
[2019.02.05-01.55.50:327][  4]LogAIModule: Creating AISystem for world 2DSideScrollerExampleMap
[2019.02.05-01.55.50:328][  4]LogTemp: Display: ParseSettings for GameNetDriver
[2019.02.05-01.55.50:356][  4]LogWorld: Bringing World /Game/2DSideScrollerBP/Maps/2DSideScrollerExampleMap.2DSideScrollerExampleMap up for play (max tick rate 0) at 2019.02.04-20.55.50
[2019.02.05-01.55.50:357][  4]LogWorld: Bringing up level for play took: 0.027958
[2019.02.05-01.55.50:358][  4]LogLoad: Took 1.208006 seconds to LoadMap(/Game/2DSideScrollerBP/Maps/2DSideScrollerExampleMap)
[2019.02.05-01.55.50:377][  5]LogRenderer: Reallocating scene render targets to support 1280x720 Format 10 NumSamples 1 (Frame:1).
[2019.02.05-01.55.50:411][  5]LogPlayerController: Error: EnableInput can only be specified on a PlayerController for itself
[2019.02.05-01.55.50:412][  5]LogBlueprintUserMessages: [MouseAndMove_C_0] create
[2019.02.05-01.55.50:412][  5]LogPlayerManagement: Error: Failed to Create Player: A local player already exists for controller ID 0,
[2019.02.05-01.55.50:412][  5]LogBlueprintUserMessages: [MouseAndMove_C_0] 
[2019.02.05-01.55.50:413][  5]LogScript: Warning: Accessed None trying to read property CallFunc_FinishSpawningActor_ReturnValue
	MouseAndMove_C /Game/2DSideScrollerBP/Maps/2DSideScrollerExampleMap.2DSideScrollerExampleMap:PersistentLevel.MouseAndMove_C_0
	Function /Game/2DSideScrollerBP/Blueprints/Gameplay/MouseAndMove.MouseAndMove_C:ExecuteUbergraph_MouseAndMove:01DA
[2019.02.05-01.55.50:413][  5]LogScript: Warning: Script call stack:
	Function /Game/2DSideScrollerBP/Blueprints/Gameplay/MouseAndMove.MouseAndMove_C:SpawnPlayer
	Function /Game/2DSideScrollerBP/Blueprints/Gameplay/MouseAndMove.MouseAndMove_C:ExecuteUbergraph_MouseAndMove

[2019.02.05-01.55.50:416][  5]LogBlueprintUserMessages: [Cube_Blueprint] land
[2019.02.05-01.55.50:994][ 41]LogOnline: Warning: OSS: No game present to join for session (GameSession)
[2019.02.05-01.55.51:008][ 42]LogOnline: Warning: OSS: No game present to join for session (GameSession)
[2019.02.05-01.55.51:073][ 46]LogScript: Warning: Script Msg: Attempted to access index 0 from array 'Targets' of length 0 in '/Game/2DSideScrollerBP/Blueprints/Minions/Tower.Tower_C'!
[2019.02.05-01.55.51:076][ 46]LogScript: Warning: Script Msg: Attempted to access index 0 from array 'Targets' of length 0 in '/Game/2DSideScrollerBP/Blueprints/Minions/Tower.Tower_C'!
[2019.02.05-01.55.51:076][ 46]LogScript: Warning: Script Msg: Attempted to access index 0 from array 'Targets' of length 0 in '/Game/2DSideScrollerBP/Blueprints/Minions/Tower.Tower_C'!
[2019.02.05-01.55.51:076][ 46]LogScript: Warning: Script Msg: Attempted to access index 0 from array 'Targets' of length 0 in '/Game/2DSideScrollerBP/Blueprints/Minions/Tower.Tower_C'!
[2019.02.05-01.55.51:077][ 46]LogScript: Warning: Script Msg: Attempted to access index 0 from array 'Targets' of length 0 in '/Game/2DSideScrollerBP/Blueprints/Minions/Tower.Tower_C'!
[2019.02.05-01.55.51:077][ 46]LogScript: Warning: Script Msg: Attempted to access index 0 from array 'Targets' of length 0 in '/Game/2DSideScrollerBP/Blueprints/Minions/Tower.Tower_C'!
[2019.02.05-01.55.51:077][ 46]LogScript: Warning: Script Msg: Attempted to access index 0 from array 'Targets' of length 0 in '/Game/2DSideScrollerBP/Blueprints/Minions/Tower.Tower_C'!
[2019.02.05-01.55.51:077][ 46]LogScript: Warning: Script Msg: Attempted to access index 0 from array 'Targets' of length 0 in '/Game/2DSideScrollerBP/Blueprints/Minions/Tower.Tower_C'!
[2019.02.05-01.55.51:137][ 50]LogBlueprintUserMessages: [Cube_Blueprint] land
[2019.02.05-01.55.51:187][ 53]LogBlueprintUserMessages: [Cube_Blueprint] takeoff
[2019.02.05-01.55.51:332][ 62]LogScript: Warning: Script Msg: Attempted to access index 0 from array 'Targets' of length 0 in '/Game/2DSideScrollerBP/Blueprints/Minions/Tower.Tower_C'!
[2019.02.05-01.55.51:332][ 62]LogScript: Warning: Script Msg: Attempted to access index 0 from array 'Targets' of length 0 in '/Game/2DSideScrollerBP/Blueprints/Minions/Tower.Tower_C'!
[2019.02.05-01.55.51:429][ 68]LogScript: Warning: Script Msg: Attempted to access index 0 from array 'Targets' of length 0 in '/Game/2DSideScrollerBP/Blueprints/Minions/Tower.Tower_C'!
[2019.02.05-01.55.51:429][ 68]LogScript: Warning: Script Msg: Attempted to access index 0 from array 'Targets' of length 0 in '/Game/2DSideScrollerBP/Blueprints/Minions/Tower.Tower_C'!
[2019.02.05-01.55.51:445][ 69]LogScript: Warning: Script Msg: Attempted to access index 0 from array 'Targets' of length 0 in '/Game/2DSideScrollerBP/Blueprints/Minions/Tower.Tower_C'!
[2019.02.05-01.55.51:445][ 69]LogScript: Warning: Script Msg: Attempted to access index 0 from array 'Targets' of length 0 in '/Game/2DSideScrollerBP/Blueprints/Minions/Tower.Tower_C'!
[2019.02.05-01.55.51:493][ 72]LogScript: Warning: Script Msg: Attempted to access index 0 from array 'Targets' of length 0 in '/Game/2DSideScrollerBP/Blueprints/Minions/Tower.Tower_C'!
[2019.02.05-01.55.51:493][ 72]LogScript: Warning: Script Msg: Attempted to access index 0 from array 'Targets' of length 0 in '/Game/2DSideScrollerBP/Blueprints/Minions/Tower.Tower_C'!
[2019.02.05-01.55.51:525][ 74]LogBlueprintUserMessages: [Cube_Blueprint] land
[2019.02.05-01.55.51:558][ 76]LogScript: Warning: Script Msg: Attempted to access index 0 from array 'Targets' of length 0 in '/Game/2DSideScrollerBP/Blueprints/Minions/Tower.Tower_C'!
[2019.02.05-01.55.51:558][ 76]LogScript: Warning: Script Msg: Attempted to access index 0 from array 'Targets' of length 0 in '/Game/2DSideScrollerBP/Blueprints/Minions/Tower.Tower_C'!
[2019.02.05-01.55.51:558][ 76]LogScript: Warning: Script Msg: Attempted to access index 0 from array 'Targets' of length 0 in '/Game/2DSideScrollerBP/Blueprints/Minions/Tower.Tower_C'!
[2019.02.05-01.55.51:558][ 76]LogScript: Warning: Script Msg: Attempted to access index 0 from array 'Targets' of length 0 in '/Game/2DSideScrollerBP/Blueprints/Minions/Tower.Tower_C'!
[2019.02.05-01.55.51:558][ 76]LogScript: Warning: Script Msg: Attempted to access index 0 from array 'Targets' of length 0 in '/Game/2DSideScrollerBP/Blueprints/Minions/Tower.Tower_C'!
[2019.02.05-01.55.51:558][ 76]LogScript: Warning: Script Msg: Attempted to access index 0 from array 'Targets' of length 0 in '/Game/2DSideScrollerBP/Blueprints/Minions/Tower.Tower_C'!
[2019.02.05-01.55.51:751][ 88]LogScript: Warning: Script Msg: Attempted to access index 0 from array 'Targets' of length 0 in '/Game/2DSideScrollerBP/Blueprints/Minions/Tower.Tower_C'!
[2019.02.05-01.55.51:752][ 88]LogScript: Warning: Script Msg: Attempted to access index 0 from array 'Targets' of length 0 in '/Game/2DSideScrollerBP/Blueprints/Minions/Tower.Tower_C'!
[2019.02.05-01.55.51:849][ 94]LogScript: Warning: Script Msg: Attempted to access index 0 from array 'Targets' of length 0 in '/Game/2DSideScrollerBP/Blueprints/Minions/Tower.Tower_C'!
[2019.02.05-01.55.51:849][ 94]LogScript: Warning: Script Msg: Attempted to access index 0 from array 'Targets' of length 0 in '/Game/2DSideScrollerBP/Blueprints/Minions/Tower.Tower_C'!
[2019.02.05-01.55.51:881][ 96]LogScript: Warning: Script Msg: Attempted to access index 0 from array 'Targets' of length 0 in '/Game/2DSideScrollerBP/Blueprints/Minions/Tower.Tower_C'!
[2019.02.05-01.55.51:881][ 96]LogScript: Warning: Script Msg: Attempted to access index 0 from array 'Targets' of length 0 in '/Game/2DSideScrollerBP/Blueprints/Minions/Tower.Tower_C'!
[2019.02.05-01.55.53:735][211]LogScript: Warning: Script Msg: Attempted to access index 0 from array 'Targets' of length 0 in '/Game/2DSideScrollerBP/Blueprints/Minions/Tower.Tower_C'!
[2019.02.05-01.55.53:735][211]LogScript: Warning: Script Msg: Attempted to access index 0 from array 'Targets' of length 0 in '/Game/2DSideScrollerBP/Blueprints/Minions/Tower.Tower_C'!
[2019.02.05-01.55.53:751][212]LogScript: Warning: Script Msg: Attempted to access index 0 from array 'Targets' of length 0 in '/Game/2DSideScrollerBP/Blueprints/Minions/Tower.Tower_C'!
[2019.02.05-01.55.53:751][212]LogScript: Warning: Script Msg: Attempted to access index 0 from array 'Targets' of length 0 in '/Game/2DSideScrollerBP/Blueprints/Minions/Tower.Tower_C'!
[2019.02.05-01.55.55:736][335]LogScript: Warning: Script Msg: Attempted to access index 0 from array 'Targets' of length 0 in '/Game/2DSideScrollerBP/Blueprints/Minions/Tower.Tower_C'!
[2019.02.05-01.55.55:751][336]LogScript: Warning: Script Msg: Attempted to access index 0 from array 'Targets' of length 0 in '/Game/2DSideScrollerBP/Blueprints/Minions/Tower.Tower_C'!
[2019.02.05-01.55.55:751][336]LogScript: Warning: Script Msg: Attempted to access index 0 from array 'Targets' of length 0 in '/Game/2DSideScrollerBP/Blueprints/Minions/Tower.Tower_C'!
[2019.02.05-01.55.55:752][336]LogScript: Warning: Script Msg: Attempted to access index 0 from array 'Targets' of length 0 in '/Game/2DSideScrollerBP/Blueprints/Minions/Tower.Tower_C'!
[2019.02.05-01.55.55:768][337]LogScript: Warning: Script Msg: Attempted to access index 0 from array 'Targets' of length 0 in '/Game/2DSideScrollerBP/Blueprints/Minions/Tower.Tower_C'!
[2019.02.05-01.55.55:768][337]LogScript: Warning: Script Msg: Attempted to access index 0 from array 'Targets' of length 0 in '/Game/2DSideScrollerBP/Blueprints/Minions/Tower.Tower_C'!
[2019.02.05-01.55.55:768][337]LogScript: Warning: Script Msg: Attempted to access index 0 from array 'Targets' of length 0 in '/Game/2DSideScrollerBP/Blueprints/Minions/Tower.Tower_C'!
[2019.02.05-01.55.55:800][339]LogScript: Warning: Script Msg: Attempted to access index 0 from array 'Targets' of length 0 in '/Game/2DSideScrollerBP/Blueprints/Minions/Tower.Tower_C'!
[2019.02.05-01.55.55:832][341]LogScript: Warning: Script Msg: Attempted to access index 0 from array 'Targets' of length 0 in '/Game/2DSideScrollerBP/Blueprints/Minions/Tower.Tower_C'!
[2019.02.05-01.55.55:849][342]LogScript: Warning: Script Msg: Attempted to access index 0 from array 'Targets' of length 0 in '/Game/2DSideScrollerBP/Blueprints/Minions/Tower.Tower_C'!
[2019.02.05-01.55.57:752][460]LogScript: Warning: Script Msg: Attempted to access index 0 from array 'Targets' of length 0 in '/Game/2DSideScrollerBP/Blueprints/Minions/Tower.Tower_C'!
[2019.02.05-01.55.57:768][461]LogScript: Warning: Script Msg: Attempted to access index 0 from array 'Targets' of length 0 in '/Game/2DSideScrollerBP/Blueprints/Minions/Tower.Tower_C'!
[2019.02.05-01.55.57:946][472]LogScript: Warning: Script Msg: Attempted to access index 0 from array 'Targets' of length 0 in '/Game/2DSideScrollerBP/Blueprints/Minions/Tower.Tower_C'!
