Log file open, 01/24/19 14:07:24
LogWindows: Failed to load 'aqProf.dll' (GetLastError=126)
LogWindows: File 'aqProf.dll' does not exist
LogWindows: Failed to load 'VtuneApi.dll' (GetLastError=126)
LogWindows: File 'VtuneApi.dll' does not exist
LogWindows: Failed to load 'VtuneApi32e.dll' (GetLastError=126)
LogWindows: File 'VtuneApi32e.dll' does not exist
LogInit: Display: Running engine for game: TrenchTowers
LogPlatformFile: Not using cached read wrapper
LogTaskGraph: Started task graph with 5 named threads and 23 total threads with 3 sets of task threads.
LogStats: Stats thread started at 0.375759
LogD3D11RHI: Loaded GFSDK_Aftermath_Lib.x64.dll
LogICUInternationalization: Display: ICU TimeZone Detection - Raw Offset: -5:00, Platform Override: ''
LogPluginManager: Mounting plugin Paper2D
LogPluginManager: Mounting plugin AISupport
LogPluginManager: Mounting plugin LightPropagationVolume
LogPluginManager: Mounting plugin CLionSourceCodeAccess
LogPluginManager: Mounting plugin CodeLiteSourceCodeAccess
LogPluginManager: Mounting plugin GitSourceControl
LogPluginManager: Mounting plugin KDevelopSourceCodeAccess
LogPluginManager: Mounting plugin NullSourceCodeAccess
LogPluginManager: Mounting plugin PerforceSourceControl
LogPluginManager: Mounting plugin SubversionSourceControl
LogPluginManager: Mounting plugin UObjectPlugin
LogPluginManager: Mounting plugin VisualStudioCodeSourceCodeAccess
LogPluginManager: Mounting plugin VisualStudioSourceCodeAccess
LogPluginManager: Mounting plugin XCodeSourceCodeAccess
LogPluginManager: Mounting plugin AssetManagerEditor
LogPluginManager: Mounting plugin CryptoKeys
LogPluginManager: Mounting plugin DataValidation
LogPluginManager: Mounting plugin FacialAnimation
LogPluginManager: Mounting plugin GameplayTagsEditor
LogPluginManager: Mounting plugin MacGraphicsSwitching
LogPluginManager: Mounting plugin MeshEditor
LogPluginManager: Mounting plugin MobileLauncherProfileWizard
LogPluginManager: Mounting plugin PluginBrowser
LogPluginManager: Mounting plugin SpeedTreeImporter
LogPluginManager: Mounting plugin DatasmithContent
LogPluginManager: Mounting plugin AlembicImporter
LogPluginManager: Mounting plugin AppleImageUtils
LogPluginManager: Mounting plugin AppleVision
LogPluginManager: Mounting plugin BackChannel
LogPluginManager: Mounting plugin CharacterAI
LogPluginManager: Mounting plugin GeometryCache
LogPluginManager: Mounting plugin HTML5Networking
LogPluginManager: Mounting plugin ProxyLODPlugin
LogPluginManager: Mounting plugin MagicLeap
LogPluginManager: Mounting plugin MagicLeapEmulator
LogPluginManager: Mounting plugin MagicLeapMedia
LogPluginManager: Mounting plugin AndroidMedia
LogPluginManager: Mounting plugin AvfMedia
LogPluginManager: Mounting plugin ImgMedia
LogPluginManager: Mounting plugin LinearTimecode
LogPluginManager: Mounting plugin MediaCompositing
LogPluginManager: Mounting plugin MediaPlayerEditor
LogPluginManager: Mounting plugin WmfMedia
LogPluginManager: Mounting plugin TcpMessaging
LogPluginManager: Mounting plugin UdpMessaging
LogPluginManager: Mounting plugin ActorSequence
LogPluginManager: Mounting plugin LevelSequenceEditor
LogPluginManager: Mounting plugin MatineeToLevelSequence
LogPluginManager: Mounting plugin NetcodeUnitTest
LogPluginManager: Mounting plugin NUTUnrealEngine4
LogPluginManager: Mounting plugin OnlineSubsystemGooglePlay
LogPluginManager: Mounting plugin OnlineSubsystemIOS
LogPluginManager: Mounting plugin OnlineSubsystem
LogPluginManager: Mounting plugin OnlineSubsystemNull
LogPluginManager: Mounting plugin OnlineSubsystemSteam
LogPluginManager: Mounting plugin OnlineSubsystemUtils
LogPluginManager: Mounting plugin LauncherChunkInstaller
LogPluginManager: Mounting plugin AndroidDeviceProfileSelector
LogPluginManager: Mounting plugin AndroidMoviePlayer
LogPluginManager: Mounting plugin AndroidPermission
LogPluginManager: Mounting plugin AppleMoviePlayer
LogPluginManager: Mounting plugin ArchVisCharacter
LogPluginManager: Mounting plugin AudioCapture
LogPluginManager: Mounting plugin CableComponent
LogPluginManager: Mounting plugin CustomMeshComponent
LogPluginManager: Mounting plugin EditableMesh
LogPluginManager: Mounting plugin ExampleDeviceProfileSelector
LogPluginManager: Mounting plugin GoogleCloudMessaging
LogPluginManager: Mounting plugin ImmediatePhysics
LogPluginManager: Mounting plugin IOSDeviceProfileSelector
LogPluginManager: Mounting plugin LinuxDeviceProfileSelector
LogPluginManager: Mounting plugin LocationServicesBPLibrary
LogPluginManager: Mounting plugin MobilePatchingUtils
LogPluginManager: Mounting plugin OculusVR
LogPluginManager: Plugin shader directory ../../../Engine/Plugins/Runtime/Oculus/OculusVR/Shaders found
LogPluginManager: Mapping shader source directory ../../../Engine/Plugins/Runtime/Oculus/OculusVR/Shaders to virtual directory /Plugin/OculusVR
LogPluginManager: Mounting plugin PhysXVehicles
LogPluginManager: Mounting plugin ProceduralMeshComponent
LogPluginManager: Mounting plugin RuntimePhysXCooking
LogPluginManager: Mounting plugin SteamController
LogPluginManager: Mounting plugin SteamVR
LogPluginManager: Mounting plugin WindowsMoviePlayer
LogStreaming: Display: Took  0.093s to configure plugins.
LogInit: Using libcurl 7.55.1-DEV
LogInit:  - built for x86_64-pc-win32
LogInit:  - supports SSL with OpenSSL/1.0.2h
LogInit:  - supports HTTP deflate (compression) using libz 1.2.8
LogInit:  - other features:
LogInit:      CURL_VERSION_SSL
LogInit:      CURL_VERSION_LIBZ
LogInit:      CURL_VERSION_IPV6
LogInit:      CURL_VERSION_ASYNCHDNS
LogInit:      CURL_VERSION_LARGEFILE
LogInit:      CURL_VERSION_IDN
LogInit:  CurlRequestOptions (configurable via config and command line):
LogInit:  - bVerifyPeer = false  - Libcurl will NOT verify peer certificate
LogInit:  - bUseHttpProxy = false  - Libcurl will NOT use HTTP proxy
LogInit:  - bDontReuseConnections = false  - Libcurl will reuse connections
LogInit:  - CertBundlePath = nullptr  - Libcurl will use whatever was configured at build time.
LogInit:  - MaxHostConnections = 16  - Libcurl will limit the number of connections to a host
LogInit:  - LocalHostAddr = Default
LogInit:  - BufferSize = 65536
LogOnline: Display: STEAM: Loading Steam SDK 1.39
LogOnline: Warning: STEAM: Steam API disabled!
LogOnline: Display: STEAM: OnlineSubsystemSteam::Shutdown()
LogOnline: OSS: Unable to create OnlineSubsystem module Steam
LogOnline: Verbose: OSS: Created thread (ID:3684).
LogInit: WinSock: version 1.1 (2.2), MaxSocks=32767, MaxUdp=65467
LogInit: Build: ++UE4+Release-4.20-CL-4369336
LogInit: Engine Version: 4.20.3-4369336+++UE4+Release-4.20
LogInit: Compatible Engine Version: 4.20.0-4212847+++UE4+Release-4.20
LogInit: Net CL: 4212847
LogInit: OS: Windows 10 (), CPU: Intel(R) Core(TM) i7-6700HQ CPU @ 2.60GHz, GPU: Intel(R) HD Graphics 530
LogInit: Compiled (64-bit): Sep 17 2018 12:26:19
LogInit: Compiled with Visual C++: 19.13.26129.00
LogInit: Build Configuration: Development
LogInit: Branch Name: ++UE4+Release-4.20
LogInit: Command Line:  /Game/2DSideScrollerBP/Maps/MainMenu?Listen -game -PIEVIACONSOLE -ResX=640 -ResY=480  -Multiprocess -messaging -SessionName="Play in Standalone Game" -port=7777 -windowed GameUserSettingsINI="D:/Program Files (x86)/TrenchTowers 4.20/Saved/Config/Windows/PIEGameUserSettings0.ini" -MultiprocessSaveConfig  -MultiprocessOSS WinX=8 WinY=550 SAVEWINPOS=1
LogInit: Base Directory: D:/Program Files/Epic Games/UE_4.20/Engine/Binaries/Win64/
LogInit: Installed Engine Build: 1
LogDevObjectVersion: Number of dev versions registered: 20
LogDevObjectVersion:   Dev-Blueprints (B0D832E4-1F89-4F0D-ACCF-7EB736FD4AA2): 10
LogDevObjectVersion:   Dev-Build (E1C64328-A22C-4D53-A36C-8E866417BD8C): 0
LogDevObjectVersion:   Dev-Core (375EC13C-06E4-48FB-B500-84F0262A717E): 2
LogDevObjectVersion:   Dev-Editor (E4B068ED-F494-42E9-A231-DA0B2E46BB41): 24
LogDevObjectVersion:   Dev-Framework (CFFC743F-43B0-4480-9391-14DF171D2073): 34
LogDevObjectVersion:   Dev-Mobile (B02B49B5-BB20-44E9-A304-32B752E40360): 2
LogDevObjectVersion:   Dev-Networking (A4E4105C-59A1-49B5-A7C5-40C4547EDFEE): 0
LogDevObjectVersion:   Dev-Online (39C831C9-5AE6-47DC-9A44-9C173E1C8E7C): 0
LogDevObjectVersion:   Dev-Physics (78F01B33-EBEA-4F98-B9B4-84EACCB95AA2): 0
LogDevObjectVersion:   Dev-Platform (6631380F-2D4D-43E0-8009-CF276956A95A): 0
LogDevObjectVersion:   Dev-Rendering (12F88B9F-8875-4AFC-A67C-D90C383ABD29): 26
LogDevObjectVersion:   Dev-Sequencer (7B5AE74C-D270-4C10-A958-57980B212A5A): 9
LogDevObjectVersion:   Dev-VR (D7296918-1DD6-4BDD-9DE2-64A83CC13884): 2
LogDevObjectVersion:   Dev-LoadTimes (C2A15278-BFE7-4AFE-6C17-90FF531DF755): 1
LogDevObjectVersion:   Private-Geometry (6EACA3D4-40EC-4CC1-B786-8BED09428FC5): 3
LogDevObjectVersion:   Dev-AnimPhys (29E575DD-E0A3-4627-9D10-D276232CDCEA): 17
LogDevObjectVersion:   Dev-ReflectionCapture (6B266CEC-1EC7-4B8F-A30B-E4D90942FC07): 1
LogDevObjectVersion:   Dev-Automation (0DF73D61-A23F-47EA-B727-89E90C41499A): 1
LogDevObjectVersion:   FortniteMain (601D1886-AC64-4F84-AA16-D3DE0DEAC7D6): 12
LogDevObjectVersion:   Dev-Enterprise (9DFFBCD6-494F-0158-E221-12823C92A888): 1
LogStreaming: Display: Took  0.007s to delete old logs.
LogInit: Presizing for max 8388607 objects, including 0 objects not considered by GC, pre-allocating 0 bytes for permanent pool.
LogInit: Object subsystem initialized
[2019.01.24-19.07.25:122][  0]LogInit: Selected Device Profile: [Windows]
[2019.01.24-19.07.25:122][  0]LogInit: Applying CVar settings loaded from the selected device profile: [Windows]
[2019.01.24-19.07.25:159][  0]LogHAL: Display: Platform has ~ 16 GB [17044942848 / 17179869184 / 16], which maps to Larger [LargestMinGB=32, LargerMinGB=12, DefaultMinGB=8, SmallerMinGB=6, SmallestMinGB=0)
[2019.01.24-19.07.25:159][  0]LogInit: Setting Device Profile CVar: [[r.Vulkan.UseRealUBs:1]]
[2019.01.24-19.07.25:159][  0]LogInit: Going up to parent DeviceProfile []
[2019.01.24-19.07.25:159][  0]LogInit: Computer: DESKTOP-RI1ETNT
[2019.01.24-19.07.25:159][  0]LogInit: User: Fires
[2019.01.24-19.07.25:159][  0]LogInit: CPU Page size=4096, Cores=4
[2019.01.24-19.07.25:159][  0]LogInit: High frequency timer resolution =10.000000 MHz
[2019.01.24-19.07.25:160][  0]LogMemory: Memory total: Physical=15.9GB (16GB approx)
[2019.01.24-19.07.25:160][  0]LogMemory: Platform Memory Stats for Windows
[2019.01.24-19.07.25:160][  0]LogMemory: Process Physical Memory: 108.12 MB used, 108.12 MB peak
[2019.01.24-19.07.25:160][  0]LogMemory: Process Virtual Memory: 93.57 MB used, 93.57 MB peak
[2019.01.24-19.07.25:160][  0]LogMemory: Physical Memory: 7233.21 MB used,  9022.12 MB free, 16255.32 MB total
[2019.01.24-19.07.25:160][  0]LogMemory: Virtual Memory: 4646.36 MB used,  9022.12 MB free, 134217728.00 MB total
[2019.01.24-19.07.25:686][  0]LogInit: Using OS detected language (en-US).
[2019.01.24-19.07.25:686][  0]LogInit: Using OS detected locale (en-CA).
[2019.01.24-19.07.25:690][  0]LogTextLocalizationManager: No specific localization for 'en-US' exists, so the 'en' localization will be used.
[2019.01.24-19.07.26:273][  0]LogStreaming: Display: Took  0.587s to InitEngineTextLocalization.
[2019.01.24-19.07.26:359][  0]LogSlate: New Slate User Created.  User Index 0, Is Virtual User: 0
[2019.01.24-19.07.26:359][  0]LogSlate: Slate User Registered.  User Index 0, Is Virtual User: 0
[2019.01.24-19.07.26:424][  0]LogHMD: Failed to initialize OpenVR with code 110
[2019.01.24-19.07.26:424][  0]LogD3D11RHI: D3D11 adapters:
[2019.01.24-19.07.26:567][  0]LogD3D11RHI:    0. 'NVIDIA GeForce GTX 1070' (Feature Level 11_0)
[2019.01.24-19.07.26:567][  0]LogD3D11RHI:       8081/0/8127 MB DedicatedVideo/DedicatedSystem/SharedSystem, Outputs:1, VendorId:0x10de
[2019.01.24-19.07.26:584][  0]LogD3D11RHI:    1. 'Intel(R) HD Graphics 530' (Feature Level 11_0)
[2019.01.24-19.07.26:584][  0]LogD3D11RHI:       128/0/8127 MB DedicatedVideo/DedicatedSystem/SharedSystem, Outputs:0, VendorId:0x8086
[2019.01.24-19.07.26:589][  0]LogD3D11RHI:    2. 'Microsoft Basic Render Driver' (Feature Level 11_0)
[2019.01.24-19.07.26:589][  0]LogD3D11RHI:       0/0/8127 MB DedicatedVideo/DedicatedSystem/SharedSystem, Outputs:0, VendorId:0x1414
[2019.01.24-19.07.26:589][  0]LogD3D11RHI: Chosen D3D11 Adapter: 0
[2019.01.24-19.07.26:644][  0]LogD3D11RHI: Creating new Direct3DDevice
[2019.01.24-19.07.26:644][  0]LogD3D11RHI:     GPU DeviceId: 0x1ba1 (for the marketing name, search the web for "GPU Device Id")
[2019.01.24-19.07.26:644][  0]LogWindows: EnumDisplayDevices:
[2019.01.24-19.07.26:644][  0]LogWindows:    0. 'Intel(R) HD Graphics 530' (P:1 D:1)
[2019.01.24-19.07.26:646][  0]LogWindows:    1. 'Intel(R) HD Graphics 530' (P:0 D:0)
[2019.01.24-19.07.26:647][  0]LogWindows:    2. 'Intel(R) HD Graphics 530' (P:0 D:0)
[2019.01.24-19.07.26:648][  0]LogWindows:    3. 'NVIDIA GeForce GTX 1070' (P:0 D:0)
[2019.01.24-19.07.26:648][  0]LogWindows:    4. 'NVIDIA GeForce GTX 1070' (P:0 D:0)
[2019.01.24-19.07.26:649][  0]LogWindows:    5. 'NVIDIA GeForce GTX 1070' (P:0 D:0)
[2019.01.24-19.07.26:650][  0]LogWindows:    6. 'NVIDIA GeForce GTX 1070' (P:0 D:0)
[2019.01.24-19.07.26:650][  0]LogWindows: DebugString: PrimaryIsNotTheChoosenAdapter PrimaryIsNotTheChoosenAdapter PrimaryIsNotTheChoosenAdapter FoundDriverCount:4 
[2019.01.24-19.07.26:650][  0]LogD3D11RHI:     Adapter Name: NVIDIA GeForce GTX 1070
[2019.01.24-19.07.26:650][  0]LogD3D11RHI:   Driver Version: 417.22 (internal:25.21.14.1722, unified:417.22)
[2019.01.24-19.07.26:650][  0]LogD3D11RHI:      Driver Date: 11-29-2018
[2019.01.24-19.07.26:650][  0]LogRHI: Texture pool is 5656 MB (70% of 8081 MB)
[2019.01.24-19.07.26:739][  0]LogD3D11RHI: [Aftermath] Enabled and primed
[2019.01.24-19.07.26:739][  0]LogD3D11RHI: Async texture creation enabled
[2019.01.24-19.07.26:764][  0]LogD3D11RHI: GPU Timing Frequency: 1000.000000 (Debug: 2 2)
[2019.01.24-19.07.26:769][  0]LogShaderCompilers: Guid format shader working directory is -10 characters bigger than the processId version (../../../../../../Program Files (x86)/TrenchTowers 4.20/Intermediate/Shaders/WorkingDirectory/13812/).
[2019.01.24-19.07.26:769][  0]LogShaderCompilers: Cleaned the shader compiler working directory 'C:/Users/Fires/AppData/Local/Temp/UnrealShaderWorkingDir/EDFB63924A367FDD48FDCEA4D6BC44A0/'.
[2019.01.24-19.07.27:429][  0]LogTemp: Display: Loaded TP WindowsClientTargetPlatform
[2019.01.24-19.07.27:462][  0]LogTemp: Display: Loaded TP WindowsNoEditorTargetPlatform
[2019.01.24-19.07.27:491][  0]LogTemp: Display: Loaded TP WindowsServerTargetPlatform
[2019.01.24-19.07.27:523][  0]LogTemp: Display: Loaded TP WindowsTargetPlatform
[2019.01.24-19.07.27:523][  0]LogTargetPlatformManager: Display: Building Assets For Windows
[2019.01.24-19.07.27:714][  0]LogXGEController: Cannot use XGE Controller as Incredibuild is not installed on this machine.
[2019.01.24-19.07.27:714][  0]LogShaderCompilers: Cannot use XGE Shader Compiler as Incredibuild is not installed on this machine.
[2019.01.24-19.07.27:714][  0]LogShaderCompilers: Display: Using Local Shader Compiler.
[2019.01.24-19.07.28:978][  0]LogDerivedDataCache: Display: Max Cache Size: 512 MB
[2019.01.24-19.07.29:061][  0]LogDerivedDataCache: Loaded boot cache 0.08s 71MB C:/Users/Fires/AppData/Local/UnrealEngine/4.20/DerivedDataCache/Boot.ddc.
[2019.01.24-19.07.29:061][  0]LogDerivedDataCache: Display: Loaded Boot cache: C:/Users/Fires/AppData/Local/UnrealEngine/4.20/DerivedDataCache/Boot.ddc
[2019.01.24-19.07.29:062][  0]LogDerivedDataCache: FDerivedDataBackendGraph:  Pak pak cache file ../../../../../../Program Files (x86)/TrenchTowers 4.20/DerivedDataCache/DDC.ddp not found, will not use a pak cache.
[2019.01.24-19.07.29:062][  0]LogDerivedDataCache: Unable to find inner node Pak for hierarchical cache Hierarchy.
[2019.01.24-19.07.29:062][  0]LogDerivedDataCache: FDerivedDataBackendGraph:  CompressedPak pak cache file ../../../../../../Program Files (x86)/TrenchTowers 4.20/DerivedDataCache/Compressed.ddp not found, will not use a pak cache.
[2019.01.24-19.07.29:062][  0]LogDerivedDataCache: Unable to find inner node CompressedPak for hierarchical cache Hierarchy.
[2019.01.24-19.07.29:082][  0]LogDerivedDataCache: Display: Pak cache opened for reading ../../../Engine/DerivedDataCache/Compressed.ddp.
[2019.01.24-19.07.29:097][  0]LogDerivedDataCache: Using Local data cache path C:/Users/Fires/AppData/Local/UnrealEngine/Common/DerivedDataCache: Writable
[2019.01.24-19.07.29:097][  0]LogDerivedDataCache: Shared data cache path not found in *engine.ini, will not use an Shared cache.
[2019.01.24-19.07.29:097][  0]LogDerivedDataCache: Unable to find inner node Shared for hierarchical cache Hierarchy.
[2019.01.24-19.07.29:129][  0]LogMaterial: Verifying Global Shaders for PCD3D_SM5
[2019.01.24-19.07.29:132][  0]LogSlate: Using FreeType 2.6.0
[2019.01.24-19.07.29:133][  0]LogSlate: SlateFontServices - WITH_FREETYPE: 1, WITH_HARFBUZZ: 1
[2019.01.24-19.07.29:310][  0]LogInit: Using OS detected language (en-US).
[2019.01.24-19.07.29:311][  0]LogInit: Using OS detected locale (en-CA).
[2019.01.24-19.07.29:311][  0]LogTextLocalizationManager: No localization for 'en-US' exists, so 'en' will be used for the language.
[2019.01.24-19.07.29:311][  0]LogTextLocalizationManager: No localization for 'en-CA' exists, so 'en' will be used for the locale.
[2019.01.24-19.07.29:779][  0]LogStreaming: Display: Took  0.469s to InitGameTextLocalization.
[2019.01.24-19.07.29:797][  0]LogAssetRegistry: FAssetRegistry took 0.0089 seconds to start up
[2019.01.24-19.07.30:177][  0]LogPackageLocalizationCache: Processed 11 localized package path(s) for 1 prioritized culture(s) in 0.033814 seconds
[2019.01.24-19.07.32:703][  0]LogInit: Selected Device Profile: [Windows]
[2019.01.24-19.07.32:991][  0]LogSimplygon: Simplygon DLL not present - disabling.
[2019.01.24-19.07.33:007][  0]LogMeshReduction: Using SimplygonSwarm for distributed automatic mesh merging
[2019.01.24-19.07.33:007][  0]LogMeshReduction: Using ProxyLODMeshReduction for automatic mesh merging
[2019.01.24-19.07.33:007][  0]LogMeshReduction: Using QuadricMeshReduction for automatic static mesh reduction
[2019.01.24-19.07.33:007][  0]LogMeshReduction: No automatic skeletal mesh reduction module available
[2019.01.24-19.07.33:030][  0]LogNetVersion: TrenchTowers 1.0.0, NetCL: 4212847, EngineNetVer: 5, GameNetVer: 0 (Checksum: 1537713906)
[2019.01.24-19.07.33:076][  0]ImportText (NetDriverDefinitions): Missing opening parenthesis: 
[2019.01.24-19.07.34:095][  0]LogMoviePlayer: Initializing movie player
[2019.01.24-19.07.34:430][  0]LogTcpMessaging: Initializing TcpMessaging bridge
[2019.01.24-19.07.34:447][  0]LogUdpMessaging: Initializing bridge on interface 0.0.0.0:0 to multicast group 230.0.0.1:6666.
[2019.01.24-19.07.34:599][  0]SourceControl: Source control is disabled
[2019.01.24-19.07.34:599][  0]SourceControl: Source control is disabled
[2019.01.24-19.07.34:603][  0]SourceControl: Source control is disabled
[2019.01.24-19.07.34:848][  0]LogAndroidPermission: UAndroidPermissionCallbackProxy::GetInstance
[2019.01.24-19.07.35:086][  0]LogOcInput: OculusInput pre-init called
[2019.01.24-19.07.35:117][  0]LogUObjectArray: 42180 objects as part of root set at end of initial load.
[2019.01.24-19.07.35:117][  0]LogUObjectAllocator: 7443384 out of 0 bytes used by permanent object pool.
[2019.01.24-19.07.35:117][  0]LogUObjectArray: CloseDisregardForGC: 0/0 objects in disregard for GC pool
[2019.01.24-19.07.35:250][  0]LogEngine: Initializing Engine...
[2019.01.24-19.07.35:251][  0]LogHMD: Failed to initialize OpenVR with code 110
[2019.01.24-19.07.35:264][  0]ImportText (NetDriverDefinitions): Missing opening parenthesis: 
[2019.01.24-19.07.35:269][  0]LogStats: UGameplayTagsManager::ConstructGameplayTagTree: Construct from data asset -  0.000 s
[2019.01.24-19.07.35:270][  0]LogStats: UGameplayTagsManager::ConstructGameplayTagTree: GameplayTagTreeChangedEvent.Broadcast -  0.000 s
[2019.01.24-19.07.35:585][  0]LogInit: Initializing FReadOnlyCVARCache
[2019.01.24-19.07.35:640][  0]LogInit: XAudio2 using 'Speakers / Headphones (Realtek Audio)' : 6 channels at 48 kHz using 32 bits per sample (channel mask 0x3f)
[2019.01.24-19.07.35:797][  0]LogInit: FAudioDevice initialized.
[2019.01.24-19.07.35:810][  0]LogNetVersion: Set ProjectVersion to 1.0.0.0. Version Checksum will be recalculated on next use.
[2019.01.24-19.07.35:810][  0]LogInit: Texture streaming: Enabled
[2019.01.24-19.07.36:332][  0]LogSlate: Updating window title bar state: overlay mode, drag disabled, window buttons hidden, title bar hidden
[2019.01.24-19.07.36:333][  0]LogInit: Display: Game Engine Initialized.
[2019.01.24-19.07.36:333][  0]LogGameplayTags: Display: UGameplayTagsManager::DoneAddingNativeTags. DelegateIsBound: 0
[2019.01.24-19.07.36:333][  0]LogStats: UGameplayTagsManager::ConstructGameplayTagTree: Construct from data asset -  0.000 s
[2019.01.24-19.07.36:334][  0]LogStats: UGameplayTagsManager::ConstructGameplayTagTree: GameplayTagTreeChangedEvent.Broadcast -  0.000 s
[2019.01.24-19.07.36:382][  0]LogInit: Display: Starting Game.
[2019.01.24-19.07.36:382][  0]LogNet: Browse: /Game/2DSideScrollerBP/Maps/MainMenu?Name=Player?Listen
[2019.01.24-19.07.36:383][  0]LogLoad: LoadMap: /Game/2DSideScrollerBP/Maps/MainMenu?Name=Player?Listen
[2019.01.24-19.07.36:486][  0]LogAIModule: Creating AISystem for world MainMenu
[2019.01.24-19.07.36:487][  0]LogLoad: Game class is '2DSideScrollerGameMode_C'
[2019.01.24-19.07.36:487][  0]LogNet: CreateNamedNetDriver failed to create driver from definition GameNetDriver
[2019.01.24-19.07.36:487][  0]LogNet: CreateNamedNetDriver failed to create driver GameNetDriver from definition GameNetDriver
[2019.01.24-19.07.36:487][  0]LogNet: Warning: Network Failure: NULL[NetDriverCreateFailure]: 
[2019.01.24-19.07.36:487][  0]LogNet: NetworkFailure: NetDriverCreateFailure, Error: ''
[2019.01.24-19.07.36:487][  0]LogNet: Error: LoadMap: failed to Listen(/Game/2DSideScrollerBP/Maps/MainMenu?Name=Player?Listen)
[2019.01.24-19.07.36:488][  0]LogWorld: Bringing World /Game/2DSideScrollerBP/Maps/MainMenu.MainMenu up for play (max tick rate 0) at 2019.01.24-14.07.36
[2019.01.24-19.07.36:489][  0]LogWorld: Bringing up level for play took: 0.000816
[2019.01.24-19.07.36:490][  0]LogGameMode: FindPlayerStart: PATHS NOT DEFINED or NO PLAYERSTART with positive rating
[2019.01.24-19.07.36:512][  0]LogLoad: Took 0.129932 seconds to LoadMap(/Game/2DSideScrollerBP/Maps/MainMenu)
[2019.01.24-19.07.36:655][  0]LogRenderer: Reallocating scene render targets to support 640x480 Format 10 NumSamples 1 (Frame:1).
[2019.01.24-19.07.36:655][  0]LogLoad: (Engine Initialization) Total time: 19.36 seconds
[2019.01.24-19.07.36:655][  0]LogLoad: (Engine Initialization) Total Blueprint compile time: 0.00 seconds
[2019.01.24-19.07.36:859][  0]LogSteamController: SteamController is not available
[2019.01.24-19.07.36:865][  0]LogContentStreaming: Texture pool size now 1000 MB
[2019.01.24-19.07.59:127][378]LogSlate: Window 'TrenchTowers (64-bit Development PCD3D_SM5) ' being destroyed
[2019.01.24-19.07.59:127][378]LogWindowsTextInputMethodSystem: Display: IME system now deactivated.
[2019.01.24-19.07.59:133][378]LogSlate: Updating window title bar state: overlay mode, drag disabled, window buttons hidden, title bar hidden
[2019.01.24-19.07.59:133][378]LogEngine: All Windows Closed
[2019.01.24-19.07.59:133][378]LogWindows: FPlatformMisc::RequestExit(0)
[2019.01.24-19.08.00:291][379]LogExit: Preparing to exit.
[2019.01.24-19.08.00:291][379]LogMoviePlayer: Shutting down movie player
[2019.01.24-19.08.00:482][379]LogSlate: Updating window title bar state: overlay mode, drag disabled, window buttons hidden, title bar hidden
[2019.01.24-19.08.00:490][379]LogExit: Game engine shut down
[2019.01.24-19.08.00:711][379]LogExit: Object subsystem successfully closed.
[2019.01.24-19.08.00:736][379]LogShaderCompilers: Display: Shaders left to compile 0
[2019.01.24-19.08.00:740][379]LogD3D11RHI: Shutdown
[2019.01.24-19.08.00:740][379]LogD3D11RHI: CleanupD3DDevice
[2019.01.24-19.08.00:741][379]LogD3D11RHI: ~FD3D11DynamicRHI
[2019.01.24-19.08.00:749][379]LogModuleManager: Shutting down and abandoning module SequenceRecorderSections (380)
[2019.01.24-19.08.00:749][379]LogModuleManager: Shutting down and abandoning module SequenceRecorder (378)
[2019.01.24-19.08.00:749][379]LogModuleManager: Shutting down and abandoning module AutomationController (376)
[2019.01.24-19.08.00:749][379]LogModuleManager: Shutting down and abandoning module AutomationWorker (374)
[2019.01.24-19.08.00:749][379]LogModuleManager: Shutting down and abandoning module Voice (372)
[2019.01.24-19.08.00:749][379]LogModuleManager: Shutting down and abandoning module AIModule (370)
[2019.01.24-19.08.00:749][379]LogModuleManager: Shutting down and abandoning module GameplayDebugger (369)
[2019.01.24-19.08.00:749][379]LogModuleManager: Shutting down and abandoning module AITestSuite (367)
[2019.01.24-19.08.00:749][379]LogModuleManager: Shutting down and abandoning module NavigationSystem (365)
[2019.01.24-19.08.00:749][379]LogModuleManager: Shutting down and abandoning module WmfMediaFactory (362)
[2019.01.24-19.08.00:749][379]LogModuleManager: Shutting down and abandoning module OpenExrWrapper (360)
[2019.01.24-19.08.00:749][379]LogModuleManager: Shutting down and abandoning module ImgMediaFactory (358)
[2019.01.24-19.08.00:749][379]LogModuleManager: Shutting down and abandoning module AvfMediaFactory (356)
[2019.01.24-19.08.00:749][379]LogModuleManager: Shutting down and abandoning module MagicLeapCameraPreviewFactory (354)
[2019.01.24-19.08.00:749][379]LogModuleManager: Shutting down and abandoning module MagicLeapMediaFactory (352)
[2019.01.24-19.08.00:749][379]LogModuleManager: Shutting down and abandoning module CharacterAI (350)
[2019.01.24-19.08.00:749][379]LogModuleManager: Shutting down and abandoning module SessionServices (348)
[2019.01.24-19.08.00:749][379]LogModuleManager: Shutting down and abandoning module MovieSceneCapture (346)
[2019.01.24-19.08.00:749][379]LogModuleManager: Shutting down and abandoning module MovieSceneTracks (344)
[2019.01.24-19.08.00:749][379]LogModuleManager: Shutting down and abandoning module MovieScene (342)
[2019.01.24-19.08.00:749][379]LogModuleManager: Shutting down and abandoning module StreamingPauseRendering (340)
[2019.01.24-19.08.00:749][379]LogModuleManager: Shutting down and abandoning module PortalServices (338)
[2019.01.24-19.08.00:749][379]LogModuleManager: Shutting down and abandoning module PortalRpc (336)
[2019.01.24-19.08.00:749][379]LogModuleManager: Shutting down and abandoning module MessagingRpc (334)
[2019.01.24-19.08.00:749][379]LogModuleManager: Shutting down and abandoning module ProfilerService (332)
[2019.01.24-19.08.00:976][379]LogModuleManager: Shutting down and abandoning module TaskGraph (330)
[2019.01.24-19.08.00:976][379]LogModuleManager: Shutting down and abandoning module SteamVRController (328)
[2019.01.24-19.08.00:976][379]LogModuleManager: Shutting down and abandoning module SteamController (326)
[2019.01.24-19.08.00:976][379]LogModuleManager: Shutting down and abandoning module ProceduralMeshComponent (324)
[2019.01.24-19.08.00:976][379]LogModuleManager: Shutting down and abandoning module OculusInput (322)
[2019.01.24-19.08.00:976][379]LogModuleManager: Shutting down and abandoning module MobilePatchingUtils (320)
[2019.01.24-19.08.00:976][379]LogModuleManager: Shutting down and abandoning module EditableMesh (318)
[2019.01.24-19.08.00:976][379]LogModuleManager: Shutting down and abandoning module CustomMeshComponent (316)
[2019.01.24-19.08.00:976][379]LogModuleManager: Shutting down and abandoning module CableComponent (314)
[2019.01.24-19.08.00:976][379]LogModuleManager: Shutting down and abandoning module AudioCapture (312)
[2019.01.24-19.08.00:976][379]LogModuleManager: Shutting down and abandoning module ArchVisCharacter (310)
[2019.01.24-19.08.00:976][379]LogModuleManager: Shutting down and abandoning module AndroidPermission (308)
[2019.01.24-19.08.00:976][379]LogModuleManager: Shutting down and abandoning module NUTUnrealEngine4 (306)
[2019.01.24-19.08.00:976][379]LogModuleManager: Shutting down and abandoning module NetcodeUnitTest (304)
[2019.01.24-19.08.00:976][379]LogModuleManager: Shutting down and abandoning module MediaCompositing (302)
[2019.01.24-19.08.00:976][379]LogModuleManager: Shutting down and abandoning module LinearTimecode (300)
[2019.01.24-19.08.00:976][379]LogModuleManager: Shutting down and abandoning module ImgMedia (298)
[2019.01.24-19.08.00:982][379]LogModuleManager: Shutting down and abandoning module HTML5Networking (296)
[2019.01.24-19.08.00:982][379]LogModuleManager: Shutting down and abandoning module GeometryCacheTracks (294)
[2019.01.24-19.08.00:982][379]LogModuleManager: Shutting down and abandoning module GeometryCacheSequencer (293)
[2019.01.24-19.08.00:982][379]LogModuleManager: Shutting down and abandoning module GeometryCache (290)
[2019.01.24-19.08.00:982][379]LogModuleManager: Shutting down and abandoning module GeometryCacheEd (289)
[2019.01.24-19.08.00:983][379]LogModuleManager: Shutting down and abandoning module BackChannel (286)
[2019.01.24-19.08.00:983][379]LogModuleManager: Shutting down and abandoning module AppleVision (284)
[2019.01.24-19.08.00:983][379]LogModuleManager: Shutting down and abandoning module AppleImageUtils (282)
[2019.01.24-19.08.00:983][379]LogModuleManager: Shutting down and abandoning module DatasmithContent (280)
[2019.01.24-19.08.00:983][379]LogModuleManager: Shutting down and abandoning module CryptoKeysOpenSSL (278)
[2019.01.24-19.08.00:983][379]LogModuleManager: Shutting down and abandoning module CryptoKeys (276)
[2019.01.24-19.08.00:983][379]LogModuleManager: Shutting down and abandoning module VisualStudioSourceCodeAccess (274)
[2019.01.24-19.08.00:983][379]LogModuleManager: Shutting down and abandoning module HotReload (273)
[2019.01.24-19.08.00:983][379]LogModuleManager: Shutting down and abandoning module DirectoryWatcher (272)
[2019.01.24-19.08.00:983][379]LogModuleManager: Shutting down and abandoning module VisualStudioCodeSourceCodeAccess (268)
[2019.01.24-19.08.00:983][379]LogModuleManager: Shutting down and abandoning module UObjectPlugin (266)
[2019.01.24-19.08.00:983][379]LogModuleManager: Shutting down and abandoning module SubversionSourceControl (264)
[2019.01.24-19.08.00:983][379]LogModuleManager: Shutting down and abandoning module PerforceSourceControl (262)
[2019.01.24-19.08.00:983][379]LogModuleManager: Shutting down and abandoning module SourceControl (261)
[2019.01.24-19.08.00:983][379]LogModuleManager: Shutting down and abandoning module CLionSourceCodeAccess (258)
[2019.01.24-19.08.00:983][379]LogModuleManager: Shutting down and abandoning module RuntimePhysXCooking (256)
[2019.01.24-19.08.00:983][379]LogModuleManager: Shutting down and abandoning module PhysXVehiclesEditor (254)
[2019.01.24-19.08.00:983][379]LogModuleManager: Shutting down and abandoning module PhysXVehicles (252)
[2019.01.24-19.08.00:983][379]LogModuleManager: Shutting down and abandoning module LocationServicesBPLibrary (250)
[2019.01.24-19.08.00:983][379]LogModuleManager: Shutting down and abandoning module ImmediatePhysicsEditor (248)
[2019.01.24-19.08.00:983][379]LogModuleManager: Shutting down and abandoning module ImmediatePhysics (246)
[2019.01.24-19.08.00:984][379]LogModuleManager: Shutting down and abandoning module ActorSequence (244)
[2019.01.24-19.08.00:984][379]LogModuleManager: Shutting down and abandoning module UdpMessaging (242)
[2019.01.24-19.08.01:085][379]LogModuleManager: Shutting down and abandoning module TcpMessaging (240)
[2019.01.24-19.08.01:447][379]LogModuleManager: Shutting down and abandoning module MagicLeapAudio (238)
[2019.01.24-19.08.01:447][379]LogModuleManager: Shutting down and abandoning module GameplayTagsEditor (236)
[2019.01.24-19.08.01:448][379]LogModuleManager: Shutting down and abandoning module FacialAnimation (234)
[2019.01.24-19.08.01:448][379]LogModuleManager: Shutting down and abandoning module DataValidation (232)
[2019.01.24-19.08.01:448][379]LogModuleManager: Shutting down and abandoning module AssetManagerEditor (230)
[2019.01.24-19.08.01:448][379]LogModuleManager: Shutting down and abandoning module TreeMap (229)
[2019.01.24-19.08.01:448][379]LogModuleManager: Shutting down and abandoning module LightPropagationVolumeRuntime (226)
[2019.01.24-19.08.01:448][379]LogModuleManager: Shutting down and abandoning module AISupportModule (224)
[2019.01.24-19.08.01:448][379]LogModuleManager: Shutting down and abandoning module Paper2D (222)
[2019.01.24-19.08.01:448][379]LogModuleManager: Shutting down and abandoning module PIEPreviewDeviceProfileSelector (220)
[2019.01.24-19.08.01:448][379]LogModuleManager: Shutting down and abandoning module WindowsMoviePlayer (218)
[2019.01.24-19.08.01:448][379]LogModuleManager: Shutting down and abandoning module WmfMedia (216)
[2019.01.24-19.08.01:450][379]LogModuleManager: Shutting down and abandoning module Media (215)
[2019.01.24-19.08.01:456][379]LogModuleManager: Shutting down and abandoning module PacketHandler (212)
[2019.01.24-19.08.01:456][379]LogModuleManager: Shutting down and abandoning module ClothingSystemEditor (210)
[2019.01.24-19.08.01:456][379]LogModuleManager: Shutting down and abandoning module ClothingSystemRuntime (208)
[2019.01.24-19.08.01:457][379]LogModuleManager: Shutting down and abandoning module MediaAssets (206)
[2019.01.24-19.08.01:457][379]LogModuleManager: Shutting down and abandoning module Overlay (204)
[2019.01.24-19.08.01:457][379]LogModuleManager: Shutting down and abandoning module OverlayEditor (203)
[2019.01.24-19.08.01:457][379]LogModuleManager: Shutting down and abandoning module VREditor (200)
[2019.01.24-19.08.01:457][379]LogModuleManager: Shutting down and abandoning module StringTableEditor (198)
[2019.01.24-19.08.01:457][379]LogModuleManager: Shutting down and abandoning module GameplayTasksEditor (196)
[2019.01.24-19.08.01:457][379]LogModuleManager: Shutting down and abandoning module BehaviorTreeEditor (194)
[2019.01.24-19.08.01:457][379]LogModuleManager: Shutting down and abandoning module FunctionalTesting (192)
[2019.01.24-19.08.01:457][379]LogModuleManager: Shutting down and abandoning module CollisionAnalyzer (190)
[2019.01.24-19.08.01:457][379]LogModuleManager: Shutting down and abandoning module WorkspaceMenuStructure (189)
[2019.01.24-19.08.01:457][379]LogModuleManager: Shutting down and abandoning module UMG (186)
[2019.01.24-19.08.01:457][379]LogModuleManager: Shutting down and abandoning module UMGEditor (185)
[2019.01.24-19.08.01:457][379]LogModuleManager: Shutting down and abandoning module Sequencer (184)
[2019.01.24-19.08.01:457][379]LogModuleManager: Shutting down and abandoning module MessageLog (181)
[2019.01.24-19.08.01:457][379]LogModuleManager: Shutting down and abandoning module SlateReflector (176)
[2019.01.24-19.08.01:457][379]LogModuleManager: Shutting down and abandoning module Slate (174)
[2019.01.24-19.08.01:457][379]LogModuleManager: Shutting down and abandoning module EditorStyle (172)
[2019.01.24-19.08.01:458][379]LogModuleManager: Shutting down and abandoning module MRMesh (170)
[2019.01.24-19.08.01:458][379]LogModuleManager: Shutting down and abandoning module Messaging (168)
[2019.01.24-19.08.01:458][379]LogModuleManager: Shutting down and abandoning module SourceCodeAccess (166)
[2019.01.24-19.08.01:458][379]LogModuleManager: Shutting down and abandoning module HeadMountedDisplay (164)
[2019.01.24-19.08.01:458][379]LogModuleManager: Shutting down and abandoning module XAudio2 (162)
[2019.01.24-19.08.01:458][379]LogModuleManager: Shutting down and abandoning module Networking (160)
[2019.01.24-19.08.01:458][379]LogModuleManager: Shutting down and abandoning module Core (158)
[2019.01.24-19.08.01:458][379]LogModuleManager: Shutting down and abandoning module LevelSequence (156)
[2019.01.24-19.08.01:458][379]LogModuleManager: Shutting down and abandoning module KismetCompiler (154)
[2019.01.24-19.08.01:458][379]LogModuleManager: Shutting down and abandoning module MeshUtilities (152)
[2019.01.24-19.08.01:459][379]LogModuleManager: Shutting down and abandoning module MeshMergeUtilities (151)
[2019.01.24-19.08.01:459][379]LogModuleManager: Shutting down and abandoning module MeshReductionInterface (150)
[2019.01.24-19.08.01:459][379]LogModuleManager: Shutting down and abandoning module SimplygonSwarm (149)
[2019.01.24-19.08.01:459][379]LogModuleManager: Shutting down and abandoning module ProxyLODMeshReduction (147)
[2019.01.24-19.08.01:459][379]LogModuleManager: Shutting down and abandoning module SimplygonMeshReduction (145)
[2019.01.24-19.08.01:459][379]LogModuleManager: Shutting down and abandoning module QuadricMeshReduction (143)
[2019.01.24-19.08.01:459][379]LogModuleManager: Shutting down and abandoning module MaterialBaking (139)
[2019.01.24-19.08.01:459][379]LogModuleManager: Shutting down and abandoning module DerivedDataCache (134)
[2019.01.24-19.08.01:628][379]LogDerivedDataCache: Shutdown
[2019.01.24-19.08.01:628][379]LogModuleManager: Shutting down and abandoning module XGEController (132)
[2019.01.24-19.08.01:628][379]LogModuleManager: Shutting down and abandoning module TargetPlatform (130)
[2019.01.24-19.08.01:628][379]LogModuleManager: Shutting down and abandoning module VulkanShaderFormat (129)
[2019.01.24-19.08.01:628][379]LogModuleManager: Shutting down and abandoning module ShaderFormatVectorVM (127)
[2019.01.24-19.08.01:628][379]LogModuleManager: Shutting down and abandoning module ShaderFormatOpenGL (125)
[2019.01.24-19.08.01:628][379]LogModuleManager: Shutting down and abandoning module ShaderFormatD3D (123)
[2019.01.24-19.08.01:628][379]LogModuleManager: Shutting down and abandoning module MetalShaderFormat (121)
[2019.01.24-19.08.01:628][379]LogModuleManager: Shutting down and abandoning module TextureFormatUncompressed (119)
[2019.01.24-19.08.01:628][379]LogModuleManager: Shutting down and abandoning module TextureFormatPVR (117)
[2019.01.24-19.08.01:628][379]LogModuleManager: Shutting down and abandoning module TextureFormatDXT (115)
[2019.01.24-19.08.01:628][379]LogModuleManager: Shutting down and abandoning module TextureFormatIntelISPCTexComp (113)
[2019.01.24-19.08.01:628][379]LogModuleManager: Shutting down and abandoning module TextureFormatASTC (111)
[2019.01.24-19.08.01:628][379]LogModuleManager: Shutting down and abandoning module ImageWrapper (110)
[2019.01.24-19.08.01:628][379]LogModuleManager: Shutting down and abandoning module TextureFormatAndroid (107)
[2019.01.24-19.08.01:628][379]LogModuleManager: Shutting down and abandoning module AudioFormatOpus (105)
[2019.01.24-19.08.01:628][379]LogModuleManager: Shutting down and abandoning module AudioFormatOgg (103)
[2019.01.24-19.08.01:628][379]LogModuleManager: Shutting down and abandoning module AudioFormatADPCM (101)
[2019.01.24-19.08.01:629][379]LogModuleManager: Shutting down and abandoning module WindowsTargetPlatform (99)
[2019.01.24-19.08.01:629][379]LogModuleManager: Shutting down and abandoning module WindowsServerTargetPlatform (97)
[2019.01.24-19.08.01:629][379]LogModuleManager: Shutting down and abandoning module WindowsNoEditorTargetPlatform (95)
[2019.01.24-19.08.01:629][379]LogModuleManager: Shutting down and abandoning module WindowsClientTargetPlatform (93)
[2019.01.24-19.08.01:629][379]LogModuleManager: Shutting down and abandoning module InputCore (90)
[2019.01.24-19.08.01:629][379]LogModuleManager: Shutting down and abandoning module Settings (88)
[2019.01.24-19.08.01:629][379]LogModuleManager: Shutting down and abandoning module PhysXCooking (86)
[2019.01.24-19.08.01:629][379]LogModuleManager: Shutting down and abandoning module SteamVR (84)
[2019.01.24-19.08.01:629][379]LogModuleManager: Shutting down and abandoning module OculusHMD (82)
[2019.01.24-19.08.01:629][379]LogModuleManager: Shutting down and abandoning module ExampleDeviceProfileSelector (80)
[2019.01.24-19.08.01:629][379]LogModuleManager: Shutting down and abandoning module LauncherChunkInstaller (78)
[2019.01.24-19.08.01:629][379]LogModuleManager: Shutting down and abandoning module OnlineBlueprintSupport (76)
[2019.01.24-19.08.01:629][379]LogModuleManager: Shutting down and abandoning module OnlineSubsystem (72)
[2019.01.24-19.08.01:629][379]LogOnline: VeryVerbose: OSS: FOnlineSubsystemNull::Shutdown()
[2019.01.24-19.08.01:629][379]LogOnline: VeryVerbose: OSS: FOnlineAsyncTaskManager::Stop() ActiveTask:0000000000000000 Tasks[0/0]
[2019.01.24-19.08.01:630][379]LogOnline: VeryVerbose: OSS: FOnlineAsyncTaskManager::Exit() started
[2019.01.24-19.08.01:630][379]LogOnline: VeryVerbose: OSS: FOnlineAsyncTaskManager::Exit() finished
[2019.01.24-19.08.01:630][379]LogOnline: Verbose: OSS: Unloading online subsystem: STEAM
[2019.01.24-19.08.01:630][379]LogOnline: Verbose: OSS: Unloading online subsystem: NULL
[2019.01.24-19.08.01:631][379]LogModuleManager: Shutting down and abandoning module XMPP (65)
[2019.01.24-19.08.01:631][379]LogModuleManager: Shutting down and abandoning module WebSockets (64)
[2019.01.24-19.08.01:649][379]LogModuleManager: Shutting down and abandoning module HTTP (61)
[2019.01.24-19.08.01:659][379]LogModuleManager: Shutting down and abandoning module SSL (60)
[2019.01.24-19.08.01:661][379]LogModuleManager: Shutting down and abandoning module MagicLeapEmulator (56)
[2019.01.24-19.08.01:661][379]LogModuleManager: Shutting down and abandoning module MagicLeapPrivileges (54)
[2019.01.24-19.08.01:661][379]LogModuleManager: Shutting down and abandoning module MagicLeapIdentity (52)
[2019.01.24-19.08.01:661][379]LogModuleManager: Shutting down and abandoning module MagicLeapHelperVulkan (50)
[2019.01.24-19.08.01:661][379]LogModuleManager: Shutting down and abandoning module MagicLeapHelperOpenGL (48)
[2019.01.24-19.08.01:661][379]LogModuleManager: Shutting down and abandoning module MagicLeapSecureStorage (46)
[2019.01.24-19.08.01:662][379]LogModuleManager: Shutting down and abandoning module MagicLeapGestures (44)
[2019.01.24-19.08.01:662][379]LogModuleManager: Shutting down and abandoning module MagicLeapEyeTracker (42)
[2019.01.24-19.08.01:662][379]LogModuleManager: Shutting down and abandoning module MagicLeapController (40)
[2019.01.24-19.08.01:662][379]LogSlate: Slate User Destroyed.  User Index 0, Is Virtual User: 0
[2019.01.24-19.08.01:662][379]LogModuleManager: Shutting down and abandoning module MagicLeap (38)
[2019.01.24-19.08.01:662][379]LogModuleManager: Shutting down and abandoning module AnimationModifiers (36)
[2019.01.24-19.08.01:662][379]LogModuleManager: Shutting down and abandoning module PropertyEditor (35)
[2019.01.24-19.08.01:662][379]LogModuleManager: Shutting down and abandoning module AudioEditor (32)
[2019.01.24-19.08.01:662][379]LogModuleManager: Shutting down and abandoning module TextureCompressor (30)
[2019.01.24-19.08.01:663][379]LogModuleManager: Shutting down and abandoning module ShaderCore (28)
[2019.01.24-19.08.01:663][379]LogModuleManager: Shutting down and abandoning module Landscape (26)
[2019.01.24-19.08.01:663][379]LogModuleManager: Shutting down and abandoning module SlateRHIRenderer (24)
[2019.01.24-19.08.01:663][379]LogModuleManager: Shutting down and abandoning module OpenGLDrv (22)
[2019.01.24-19.08.01:663][379]LogModuleManager: Shutting down and abandoning module D3D11RHI (20)
[2019.01.24-19.08.01:663][379]LogModuleManager: Shutting down and abandoning module AnimGraphRuntime (18)
[2019.01.24-19.08.01:663][379]LogModuleManager: Shutting down and abandoning module Renderer (16)
[2019.01.24-19.08.01:663][379]LogModuleManager: Shutting down and abandoning module Engine (14)
[2019.01.24-19.08.01:663][379]LogModuleManager: Shutting down and abandoning module CoreUObject (12)
[2019.01.24-19.08.01:663][379]LogModuleManager: Shutting down and abandoning module NetworkFile (10)
[2019.01.24-19.08.01:663][379]LogModuleManager: Shutting down and abandoning module CookedIterativeFile (8)
[2019.01.24-19.08.01:663][379]LogModuleManager: Shutting down and abandoning module StreamingFile (6)
[2019.01.24-19.08.01:663][379]LogModuleManager: Shutting down and abandoning module SandboxFile (4)
[2019.01.24-19.08.01:663][379]LogModuleManager: Shutting down and abandoning module PakFile (2)
[2019.01.24-19.08.01:671][379]LogExit: Exiting.
[2019.01.24-19.08.01:677][379]Log file closed, 01/24/19 14:08:01
