Log file open, 02/22/19 11:04:46
LogWindows: Failed to load 'aqProf.dll' (GetLastError=126)
LogWindows: File 'aqProf.dll' does not exist
LogWindows: Failed to load 'VtuneApi.dll' (GetLastError=126)
LogWindows: File 'VtuneApi.dll' does not exist
LogWindows: Failed to load 'VtuneApi32e.dll' (GetLastError=126)
LogWindows: File 'VtuneApi32e.dll' does not exist
LogInit: Display: Running engine for game: TrenchTowers
LogPlatformFile: Not using cached read wrapper
LogTaskGraph: Started task graph with 5 named threads and 23 total threads with 3 sets of task threads.
LogStats: Stats thread started at 0.367774
LogD3D11RHI: Loaded GFSDK_Aftermath_Lib.x64.dll
LogICUInternationalization: Display: ICU TimeZone Detection - Raw Offset: -5:00, Platform Override: ''
LogPluginManager: Mounting plugin Paper2D
LogPluginManager: Mounting plugin AISupport
LogPluginManager: Mounting plugin LightPropagationVolume
LogPluginManager: Mounting plugin CLionSourceCodeAccess
LogPluginManager: Mounting plugin CodeLiteSourceCodeAccess
LogPluginManager: Mounting plugin GitSourceControl
LogPluginManager: Mounting plugin KDevelopSourceCodeAccess
LogPluginManager: Mounting plugin NullSourceCodeAccess
LogPluginManager: Mounting plugin PerforceSourceControl
LogPluginManager: Mounting plugin SubversionSourceControl
LogPluginManager: Mounting plugin UObjectPlugin
LogPluginManager: Mounting plugin VisualStudioCodeSourceCodeAccess
LogPluginManager: Mounting plugin VisualStudioSourceCodeAccess
LogPluginManager: Mounting plugin XCodeSourceCodeAccess
LogPluginManager: Mounting plugin AssetManagerEditor
LogPluginManager: Mounting plugin CryptoKeys
LogPluginManager: Mounting plugin DataValidation
LogPluginManager: Mounting plugin FacialAnimation
LogPluginManager: Mounting plugin GameplayTagsEditor
LogPluginManager: Mounting plugin MacGraphicsSwitching
LogPluginManager: Mounting plugin MeshEditor
LogPluginManager: Mounting plugin MobileLauncherProfileWizard
LogPluginManager: Mounting plugin PluginBrowser
LogPluginManager: Mounting plugin SpeedTreeImporter
LogPluginManager: Mounting plugin DatasmithContent
LogPluginManager: Mounting plugin AlembicImporter
LogPluginManager: Mounting plugin AppleImageUtils
LogPluginManager: Mounting plugin AppleVision
LogPluginManager: Mounting plugin BackChannel
LogPluginManager: Mounting plugin CharacterAI
LogPluginManager: Mounting plugin GeometryCache
LogPluginManager: Mounting plugin HTML5Networking
LogPluginManager: Mounting plugin ProxyLODPlugin
LogPluginManager: Mounting plugin MagicLeap
LogPluginManager: Mounting plugin MagicLeapEmulator
LogPluginManager: Mounting plugin MagicLeapMedia
LogPluginManager: Mounting plugin AndroidMedia
LogPluginManager: Mounting plugin AvfMedia
LogPluginManager: Mounting plugin ImgMedia
LogPluginManager: Mounting plugin LinearTimecode
LogPluginManager: Mounting plugin MediaCompositing
LogPluginManager: Mounting plugin MediaPlayerEditor
LogPluginManager: Mounting plugin WmfMedia
LogPluginManager: Mounting plugin TcpMessaging
LogPluginManager: Mounting plugin UdpMessaging
LogPluginManager: Mounting plugin ActorSequence
LogPluginManager: Mounting plugin LevelSequenceEditor
LogPluginManager: Mounting plugin MatineeToLevelSequence
LogPluginManager: Mounting plugin NetcodeUnitTest
LogPluginManager: Mounting plugin NUTUnrealEngine4
LogPluginManager: Mounting plugin OnlineFramework
LogPluginManager: Mounting plugin OnlineSubsystem
LogPluginManager: Mounting plugin OnlineSubsystemNull
LogPluginManager: Mounting plugin OnlineSubsystemSteam
LogPluginManager: Mounting plugin OnlineSubsystemUtils
LogPluginManager: Mounting plugin LauncherChunkInstaller
LogPluginManager: Mounting plugin AndroidDeviceProfileSelector
LogPluginManager: Mounting plugin AndroidMoviePlayer
LogPluginManager: Mounting plugin AndroidPermission
LogPluginManager: Mounting plugin AppleMoviePlayer
LogPluginManager: Mounting plugin ArchVisCharacter
LogPluginManager: Mounting plugin AudioCapture
LogPluginManager: Mounting plugin CableComponent
LogPluginManager: Mounting plugin CustomMeshComponent
LogPluginManager: Mounting plugin EditableMesh
LogPluginManager: Mounting plugin ExampleDeviceProfileSelector
LogPluginManager: Mounting plugin GoogleCloudMessaging
LogPluginManager: Mounting plugin ImmediatePhysics
LogPluginManager: Mounting plugin IOSDeviceProfileSelector
LogPluginManager: Mounting plugin LinuxDeviceProfileSelector
LogPluginManager: Mounting plugin LocationServicesBPLibrary
LogPluginManager: Mounting plugin MobilePatchingUtils
LogPluginManager: Mounting plugin OculusVR
LogPluginManager: Plugin shader directory ../../../Engine/Plugins/Runtime/Oculus/OculusVR/Shaders found
LogPluginManager: Mapping shader source directory ../../../Engine/Plugins/Runtime/Oculus/OculusVR/Shaders to virtual directory /Plugin/OculusVR
LogPluginManager: Mounting plugin PhysXVehicles
LogPluginManager: Mounting plugin ProceduralMeshComponent
LogPluginManager: Mounting plugin RuntimePhysXCooking
LogPluginManager: Mounting plugin SteamController
LogPluginManager: Mounting plugin SteamVR
LogPluginManager: Mounting plugin WindowsMoviePlayer
LogStreaming: Display: Took  0.088s to configure plugins.
LogInit: Using libcurl 7.55.1-DEV
LogInit:  - built for x86_64-pc-win32
LogInit:  - supports SSL with OpenSSL/1.0.2h
LogInit:  - supports HTTP deflate (compression) using libz 1.2.8
LogInit:  - other features:
LogInit:      CURL_VERSION_SSL
LogInit:      CURL_VERSION_LIBZ
LogInit:      CURL_VERSION_IPV6
LogInit:      CURL_VERSION_ASYNCHDNS
LogInit:      CURL_VERSION_LARGEFILE
LogInit:      CURL_VERSION_IDN
LogInit:  CurlRequestOptions (configurable via config and command line):
LogInit:  - bVerifyPeer = false  - Libcurl will NOT verify peer certificate
LogInit:  - bUseHttpProxy = false  - Libcurl will NOT use HTTP proxy
LogInit:  - bDontReuseConnections = false  - Libcurl will reuse connections
LogInit:  - CertBundlePath = nullptr  - Libcurl will use whatever was configured at build time.
LogInit:  - MaxHostConnections = 16  - Libcurl will limit the number of connections to a host
LogInit:  - LocalHostAddr = Default
LogInit:  - BufferSize = 65536
LogInit: WinSock: version 1.1 (2.2), MaxSocks=32767, MaxUdp=65467
LogInit: Build: ++UE4+Release-4.20-CL-4369336
LogInit: Engine Version: 4.20.3-4369336+++UE4+Release-4.20
LogInit: Compatible Engine Version: 4.20.0-4212847+++UE4+Release-4.20
LogInit: Net CL: 4212847
LogInit: OS: Windows 10 (), CPU: Intel(R) Core(TM) i7-6700HQ CPU @ 2.60GHz, GPU: Intel(R) HD Graphics 530
LogInit: Compiled (64-bit): Sep 17 2018 12:26:19
LogInit: Compiled with Visual C++: 19.13.26129.00
LogInit: Build Configuration: Development
LogInit: Branch Name: ++UE4+Release-4.20
LogInit: Command Line:  127.0.0.1:7777 -game -PIEVIACONSOLE -ResX=1280 -ResY=720  -Multiprocess -messaging -SessionName="Play in Standalone Game" -windowed GameUserSettingsINI="D:/Program Files (x86)/TrenchTowers 4.20/Saved/Config/Windows/PIEGameUserSettings1.ini" -MultiprocessSaveConfig  -MultiprocessOSS WinX=5 WinY=5 SAVEWINPOS=1
LogInit: Base Directory: D:/Program Files/Epic Games/UE_4.20/Engine/Binaries/Win64/
LogInit: Installed Engine Build: 1
LogDevObjectVersion: Number of dev versions registered: 20
LogDevObjectVersion:   Dev-Blueprints (B0D832E4-1F89-4F0D-ACCF-7EB736FD4AA2): 10
LogDevObjectVersion:   Dev-Build (E1C64328-A22C-4D53-A36C-8E866417BD8C): 0
LogDevObjectVersion:   Dev-Core (375EC13C-06E4-48FB-B500-84F0262A717E): 2
LogDevObjectVersion:   Dev-Editor (E4B068ED-F494-42E9-A231-DA0B2E46BB41): 24
LogDevObjectVersion:   Dev-Framework (CFFC743F-43B0-4480-9391-14DF171D2073): 34
LogDevObjectVersion:   Dev-Mobile (B02B49B5-BB20-44E9-A304-32B752E40360): 2
LogDevObjectVersion:   Dev-Networking (A4E4105C-59A1-49B5-A7C5-40C4547EDFEE): 0
LogDevObjectVersion:   Dev-Online (39C831C9-5AE6-47DC-9A44-9C173E1C8E7C): 0
LogDevObjectVersion:   Dev-Physics (78F01B33-EBEA-4F98-B9B4-84EACCB95AA2): 0
LogDevObjectVersion:   Dev-Platform (6631380F-2D4D-43E0-8009-CF276956A95A): 0
LogDevObjectVersion:   Dev-Rendering (12F88B9F-8875-4AFC-A67C-D90C383ABD29): 26
LogDevObjectVersion:   Dev-Sequencer (7B5AE74C-D270-4C10-A958-57980B212A5A): 9
LogDevObjectVersion:   Dev-VR (D7296918-1DD6-4BDD-9DE2-64A83CC13884): 2
LogDevObjectVersion:   Dev-LoadTimes (C2A15278-BFE7-4AFE-6C17-90FF531DF755): 1
LogDevObjectVersion:   Private-Geometry (6EACA3D4-40EC-4CC1-B786-8BED09428FC5): 3
LogDevObjectVersion:   Dev-AnimPhys (29E575DD-E0A3-4627-9D10-D276232CDCEA): 17
LogDevObjectVersion:   Dev-ReflectionCapture (6B266CEC-1EC7-4B8F-A30B-E4D90942FC07): 1
LogDevObjectVersion:   Dev-Automation (0DF73D61-A23F-47EA-B727-89E90C41499A): 1
LogDevObjectVersion:   FortniteMain (601D1886-AC64-4F84-AA16-D3DE0DEAC7D6): 12
LogDevObjectVersion:   Dev-Enterprise (9DFFBCD6-494F-0158-E221-12823C92A888): 1
LogStreaming: Display: Took  0.004s to delete old logs.
LogInit: Presizing for max 8388607 objects, including 0 objects not considered by GC, pre-allocating 0 bytes for permanent pool.
LogInit: Object subsystem initialized
[2019.02.22-16.04.46:624][  0]LogInit: Selected Device Profile: [Windows]
[2019.02.22-16.04.46:624][  0]LogInit: Applying CVar settings loaded from the selected device profile: [Windows]
[2019.02.22-16.04.46:656][  0]LogHAL: Display: Platform has ~ 16 GB [17044942848 / 17179869184 / 16], which maps to Larger [LargestMinGB=32, LargerMinGB=12, DefaultMinGB=8, SmallerMinGB=6, SmallestMinGB=0)
[2019.02.22-16.04.46:656][  0]LogInit: Setting Device Profile CVar: [[r.Vulkan.UseRealUBs:1]]
[2019.02.22-16.04.46:656][  0]LogInit: Going up to parent DeviceProfile []
[2019.02.22-16.04.46:657][  0]LogInit: Computer: DESKTOP-RI1ETNT
[2019.02.22-16.04.46:657][  0]LogInit: User: Fires
[2019.02.22-16.04.46:657][  0]LogInit: CPU Page size=4096, Cores=4
[2019.02.22-16.04.46:657][  0]LogInit: High frequency timer resolution =10.000000 MHz
[2019.02.22-16.04.46:657][  0]LogMemory: Memory total: Physical=15.9GB (16GB approx)
[2019.02.22-16.04.46:657][  0]LogMemory: Platform Memory Stats for Windows
[2019.02.22-16.04.46:657][  0]LogMemory: Process Physical Memory: 107.94 MB used, 107.94 MB peak
[2019.02.22-16.04.46:657][  0]LogMemory: Process Virtual Memory: 93.57 MB used, 93.57 MB peak
[2019.02.22-16.04.46:657][  0]LogMemory: Physical Memory: 7058.99 MB used,  9196.33 MB free, 16255.32 MB total
[2019.02.22-16.04.46:657][  0]LogMemory: Virtual Memory: 4646.39 MB used,  9196.33 MB free, 134217728.00 MB total
[2019.02.22-16.04.47:491][  0]LogInit: Using OS detected language (en-US).
[2019.02.22-16.04.47:491][  0]LogInit: Using OS detected locale (en-CA).
[2019.02.22-16.04.47:494][  0]LogTextLocalizationManager: No specific localization for 'en-US' exists, so the 'en' localization will be used.
[2019.02.22-16.04.47:989][  0]LogStreaming: Display: Took  0.498s to InitEngineTextLocalization.
[2019.02.22-16.04.48:103][  0]LogSlate: New Slate User Created.  User Index 0, Is Virtual User: 0
[2019.02.22-16.04.48:103][  0]LogSlate: Slate User Registered.  User Index 0, Is Virtual User: 0
[2019.02.22-16.04.48:160][  0]LogHMD: Failed to initialize OpenVR with code 110
[2019.02.22-16.04.48:160][  0]LogD3D11RHI: D3D11 adapters:
[2019.02.22-16.04.48:264][  0]LogD3D11RHI:    0. 'NVIDIA GeForce GTX 1070' (Feature Level 11_0)
[2019.02.22-16.04.48:264][  0]LogD3D11RHI:       8081/0/8127 MB DedicatedVideo/DedicatedSystem/SharedSystem, Outputs:1, VendorId:0x10de
[2019.02.22-16.04.48:279][  0]LogD3D11RHI:    1. 'Intel(R) HD Graphics 530' (Feature Level 11_0)
[2019.02.22-16.04.48:279][  0]LogD3D11RHI:       128/0/8127 MB DedicatedVideo/DedicatedSystem/SharedSystem, Outputs:0, VendorId:0x8086
[2019.02.22-16.04.48:283][  0]LogD3D11RHI:    2. 'Microsoft Basic Render Driver' (Feature Level 11_0)
[2019.02.22-16.04.48:283][  0]LogD3D11RHI:       0/0/8127 MB DedicatedVideo/DedicatedSystem/SharedSystem, Outputs:0, VendorId:0x1414
[2019.02.22-16.04.48:283][  0]LogD3D11RHI: Chosen D3D11 Adapter: 0
[2019.02.22-16.04.48:338][  0]LogD3D11RHI: Creating new Direct3DDevice
[2019.02.22-16.04.48:338][  0]LogD3D11RHI:     GPU DeviceId: 0x1ba1 (for the marketing name, search the web for "GPU Device Id")
[2019.02.22-16.04.48:338][  0]LogWindows: EnumDisplayDevices:
[2019.02.22-16.04.48:338][  0]LogWindows:    0. 'Intel(R) HD Graphics 530' (P:1 D:1)
[2019.02.22-16.04.48:339][  0]LogWindows:    1. 'Intel(R) HD Graphics 530' (P:0 D:0)
[2019.02.22-16.04.48:339][  0]LogWindows:    2. 'Intel(R) HD Graphics 530' (P:0 D:0)
[2019.02.22-16.04.48:340][  0]LogWindows:    3. 'NVIDIA GeForce GTX 1070' (P:0 D:0)
[2019.02.22-16.04.48:341][  0]LogWindows:    4. 'NVIDIA GeForce GTX 1070' (P:0 D:0)
[2019.02.22-16.04.48:341][  0]LogWindows:    5. 'NVIDIA GeForce GTX 1070' (P:0 D:0)
[2019.02.22-16.04.48:342][  0]LogWindows:    6. 'NVIDIA GeForce GTX 1070' (P:0 D:0)
[2019.02.22-16.04.48:342][  0]LogWindows: DebugString: PrimaryIsNotTheChoosenAdapter PrimaryIsNotTheChoosenAdapter PrimaryIsNotTheChoosenAdapter FoundDriverCount:4 
[2019.02.22-16.04.48:342][  0]LogD3D11RHI:     Adapter Name: NVIDIA GeForce GTX 1070
[2019.02.22-16.04.48:342][  0]LogD3D11RHI:   Driver Version: 417.22 (internal:25.21.14.1722, unified:417.22)
[2019.02.22-16.04.48:342][  0]LogD3D11RHI:      Driver Date: 11-29-2018
[2019.02.22-16.04.48:342][  0]LogRHI: Texture pool is 5656 MB (70% of 8081 MB)
[2019.02.22-16.04.48:408][  0]LogD3D11RHI: [Aftermath] Enabled and primed
[2019.02.22-16.04.48:408][  0]LogD3D11RHI: Async texture creation enabled
[2019.02.22-16.04.48:428][  0]LogD3D11RHI: GPU Timing Frequency: 1000.000000 (Debug: 2 2)
[2019.02.22-16.04.48:430][  0]LogShaderCompilers: Guid format shader working directory is -9 characters bigger than the processId version (../../../../../../Program Files (x86)/TrenchTowers 4.20/Intermediate/Shaders/WorkingDirectory/1000/).
[2019.02.22-16.04.48:431][  0]LogShaderCompilers: Cleaned the shader compiler working directory 'C:/Users/Fires/AppData/Local/Temp/UnrealShaderWorkingDir/9217CEC14CFEA21CF24B5D8263FBF5F0/'.
[2019.02.22-16.04.48:986][  0]LogTemp: Display: Loaded TP WindowsClientTargetPlatform
[2019.02.22-16.04.49:013][  0]LogTemp: Display: Loaded TP WindowsNoEditorTargetPlatform
[2019.02.22-16.04.49:036][  0]LogTemp: Display: Loaded TP WindowsServerTargetPlatform
[2019.02.22-16.04.49:063][  0]LogTemp: Display: Loaded TP WindowsTargetPlatform
[2019.02.22-16.04.49:063][  0]LogTargetPlatformManager: Display: Building Assets For Windows
[2019.02.22-16.04.49:263][  0]LogXGEController: Cannot use XGE Controller as Incredibuild is not installed on this machine.
[2019.02.22-16.04.49:263][  0]LogShaderCompilers: Cannot use XGE Shader Compiler as Incredibuild is not installed on this machine.
[2019.02.22-16.04.49:263][  0]LogShaderCompilers: Display: Using Local Shader Compiler.
[2019.02.22-16.04.50:301][  0]LogDerivedDataCache: Display: Max Cache Size: 512 MB
[2019.02.22-16.04.50:367][  0]LogDerivedDataCache: Loaded boot cache 0.07s 71MB C:/Users/Fires/AppData/Local/UnrealEngine/4.20/DerivedDataCache/Boot.ddc.
[2019.02.22-16.04.50:367][  0]LogDerivedDataCache: Display: Loaded Boot cache: C:/Users/Fires/AppData/Local/UnrealEngine/4.20/DerivedDataCache/Boot.ddc
[2019.02.22-16.04.50:367][  0]LogDerivedDataCache: FDerivedDataBackendGraph:  Pak pak cache file ../../../../../../Program Files (x86)/TrenchTowers 4.20/DerivedDataCache/DDC.ddp not found, will not use a pak cache.
[2019.02.22-16.04.50:367][  0]LogDerivedDataCache: Unable to find inner node Pak for hierarchical cache Hierarchy.
[2019.02.22-16.04.50:367][  0]LogDerivedDataCache: FDerivedDataBackendGraph:  CompressedPak pak cache file ../../../../../../Program Files (x86)/TrenchTowers 4.20/DerivedDataCache/Compressed.ddp not found, will not use a pak cache.
[2019.02.22-16.04.50:367][  0]LogDerivedDataCache: Unable to find inner node CompressedPak for hierarchical cache Hierarchy.
[2019.02.22-16.04.50:384][  0]LogDerivedDataCache: Display: Pak cache opened for reading ../../../Engine/DerivedDataCache/Compressed.ddp.
[2019.02.22-16.04.50:398][  0]LogDerivedDataCache: Using Local data cache path C:/Users/Fires/AppData/Local/UnrealEngine/Common/DerivedDataCache: Writable
[2019.02.22-16.04.50:398][  0]LogDerivedDataCache: Shared data cache path not found in *engine.ini, will not use an Shared cache.
[2019.02.22-16.04.50:398][  0]LogDerivedDataCache: Unable to find inner node Shared for hierarchical cache Hierarchy.
[2019.02.22-16.04.50:422][  0]LogMaterial: Verifying Global Shaders for PCD3D_SM5
[2019.02.22-16.04.50:424][  0]LogSlate: Using FreeType 2.6.0
[2019.02.22-16.04.50:426][  0]LogSlate: SlateFontServices - WITH_FREETYPE: 1, WITH_HARFBUZZ: 1
[2019.02.22-16.04.50:575][  0]LogInit: Using OS detected language (en-US).
[2019.02.22-16.04.50:576][  0]LogInit: Using OS detected locale (en-CA).
[2019.02.22-16.04.50:576][  0]LogTextLocalizationManager: No localization for 'en-US' exists, so 'en' will be used for the language.
[2019.02.22-16.04.50:576][  0]LogTextLocalizationManager: No localization for 'en-CA' exists, so 'en' will be used for the locale.
[2019.02.22-16.04.50:970][  0]LogStreaming: Display: Took  0.395s to InitGameTextLocalization.
[2019.02.22-16.04.50:988][  0]LogAssetRegistry: FAssetRegistry took 0.0086 seconds to start up
[2019.02.22-16.04.51:264][  0]LogPackageLocalizationCache: Processed 11 localized package path(s) for 1 prioritized culture(s) in 0.027369 seconds
[2019.02.22-16.04.53:119][  0]LogInit: Selected Device Profile: [Windows]
[2019.02.22-16.04.53:332][  0]LogSimplygon: Simplygon DLL not present - disabling.
[2019.02.22-16.04.53:346][  0]LogMeshReduction: Using SimplygonSwarm for distributed automatic mesh merging
[2019.02.22-16.04.53:346][  0]LogMeshReduction: Using ProxyLODMeshReduction for automatic mesh merging
[2019.02.22-16.04.53:346][  0]LogMeshReduction: Using QuadricMeshReduction for automatic static mesh reduction
[2019.02.22-16.04.53:346][  0]LogMeshReduction: No automatic skeletal mesh reduction module available
[2019.02.22-16.04.53:365][  0]LogNetVersion: TrenchTowers 1.0.0, NetCL: 4212847, EngineNetVer: 5, GameNetVer: 0 (Checksum: 1537713906)
[2019.02.22-16.04.54:245][  0]LogMoviePlayer: Initializing movie player
[2019.02.22-16.04.54:521][  0]LogTcpMessaging: Initializing TcpMessaging bridge
[2019.02.22-16.04.54:536][  0]LogUdpMessaging: Initializing bridge on interface 0.0.0.0:0 to multicast group 230.0.0.1:6666.
[2019.02.22-16.04.54:654][  0]SourceControl: Source control is disabled
[2019.02.22-16.04.54:654][  0]SourceControl: Source control is disabled
[2019.02.22-16.04.54:656][  0]SourceControl: Source control is disabled
[2019.02.22-16.04.54:888][  0]LogOnline: Display: STEAM: Loading Steam SDK 1.39
[2019.02.22-16.04.54:895][  0]LogAndroidPermission: UAndroidPermissionCallbackProxy::GetInstance
[2019.02.22-16.04.55:076][  0]LogOcInput: OculusInput pre-init called
[2019.02.22-16.04.55:097][  0]LogUObjectArray: 42395 objects as part of root set at end of initial load.
[2019.02.22-16.04.55:097][  0]LogUObjectAllocator: 7491240 out of 0 bytes used by permanent object pool.
[2019.02.22-16.04.55:097][  0]LogUObjectArray: CloseDisregardForGC: 0/0 objects in disregard for GC pool
[2019.02.22-16.04.55:185][  0]LogEngine: Initializing Engine...
[2019.02.22-16.04.55:187][  0]LogHMD: Failed to initialize OpenVR with code 110
[2019.02.22-16.04.55:203][  0]LogStats: UGameplayTagsManager::ConstructGameplayTagTree: Construct from data asset -  0.000 s
[2019.02.22-16.04.55:203][  0]LogStats: UGameplayTagsManager::ConstructGameplayTagTree: GameplayTagTreeChangedEvent.Broadcast -  0.000 s
[2019.02.22-16.04.55:420][  0]LogInit: Initializing FReadOnlyCVARCache
[2019.02.22-16.04.55:467][  0]LogInit: XAudio2 using 'Speakers / Headphones (Realtek Audio)' : 6 channels at 48 kHz using 32 bits per sample (channel mask 0x3f)
[2019.02.22-16.04.55:619][  0]LogInit: FAudioDevice initialized.
[2019.02.22-16.04.55:632][  0]LogNetVersion: Set ProjectVersion to 1.0.0.0. Version Checksum will be recalculated on next use.
[2019.02.22-16.04.55:632][  0]LogInit: Texture streaming: Enabled
[2019.02.22-16.04.55:994][  0]LogSlate: Updating window title bar state: overlay mode, drag disabled, window buttons hidden, title bar hidden
[2019.02.22-16.04.55:995][  0]LogInit: Display: Game Engine Initialized.
[2019.02.22-16.04.55:995][  0]LogGameplayTags: Display: UGameplayTagsManager::DoneAddingNativeTags. DelegateIsBound: 0
[2019.02.22-16.04.55:995][  0]LogStats: UGameplayTagsManager::ConstructGameplayTagTree: Construct from data asset -  0.000 s
[2019.02.22-16.04.55:995][  0]LogStats: UGameplayTagsManager::ConstructGameplayTagTree: GameplayTagTreeChangedEvent.Broadcast -  0.000 s
[2019.02.22-16.04.56:035][  0]LogInit: Display: Starting Game.
[2019.02.22-16.04.56:035][  0]LogNet: Browse: 127.0.0.1//Game/2DSideScrollerBP/Maps/2DSideScrollerExampleMap?Name=Player
[2019.02.22-16.04.56:035][  0]LogTemp: Display: ParseSettings for GameNetDriver
[2019.02.22-16.04.56:035][  0]LogTemp: Display: ParseSettings for IpNetDriver_0
[2019.02.22-16.04.56:035][  0]LogTemp: Display: ParseSettings for PendingNetDriver
[2019.02.22-16.04.56:035][  0]LogInit: WinSock: Socket queue 32768 / 32768
[2019.02.22-16.04.56:042][  0]LogInit: WinSock: I am DESKTOP-RI1ETNT (192.168.0.16:0)
[2019.02.22-16.04.56:042][  0]PacketHandlerLog: Loaded PacketHandler component: OnlineSubsystemSteam.SteamAuthComponentModuleInterface ()
[2019.02.22-16.04.56:042][  0]PacketHandlerLog: Loaded PacketHandler component: Engine.EngineHandlerComponentFactory (StatelessConnectHandlerComponent)
[2019.02.22-16.04.56:042][  0]LogOnline: Warning: STEAM: AUTH HANDLER: Deactivating due to missing requirements
[2019.02.22-16.04.56:043][  0]LogNet: Game client on port 7777, rate 10000
[2019.02.22-16.04.56:133][  0]LogLoad: (Engine Initialization) Total time: 16.95 seconds
[2019.02.22-16.04.56:133][  0]LogLoad: (Engine Initialization) Total Blueprint compile time: 0.00 seconds
[2019.02.22-16.04.56:364][  0]LogSteamController: SteamController is not available
[2019.02.22-16.04.56:366][  0]LogHandshake: SendChallengeResponse. Timestamp: 17.319355, Cookie: 239136177217073242248122051110220253135210110152100154228065
[2019.02.22-16.04.56:369][  0]LogContentStreaming: Texture pool size now 1000 MB
[2019.02.22-16.04.56:381][  1]LogNetVersion: TrenchTowers 1.0.0.0, NetCL: 4212847, EngineNetVer: 5, GameNetVer: 0 (Checksum: 2119075378)
[2019.02.22-16.04.56:381][  1]LogNet: UPendingNetGame::SendInitialJoin: Sending hello. [UNetConnection] RemoteAddr: 127.0.0.1:7777, Name: IpConnection_0, Driver: PendingNetDriver IpNetDriver_0, IsServer: NO, PC: NULL, Owner: NULL, UniqueId: INVALID
[2019.02.22-16.04.56:431][  4]LogNet: Welcomed by server (Level: /Game/2DSideScrollerBP/Maps/UEDPIE_0_2DSideScrollerExampleMap, Game: /Game/2DSideScrollerBP/Blueprints/Gameplay/2DSideScrollerGameMode.2DSideScrollerGameMode_C)
[2019.02.22-16.04.56:431][  4]LogLoad: LoadMap: 127.0.0.1//Game/2DSideScrollerBP/Maps/2DSideScrollerExampleMap?Name=Player?game=/Game/2DSideScrollerBP/Blueprints/Gameplay/2DSideScrollerGameMode.2DSideScrollerGameMode_C
[2019.02.22-16.04.57:589][  4]LogAIModule: Creating AISystem for world 2DSideScrollerExampleMap
[2019.02.22-16.04.57:589][  4]LogTemp: Display: ParseSettings for GameNetDriver
[2019.02.22-16.04.57:621][  4]LogWorld: Bringing World /Game/2DSideScrollerBP/Maps/2DSideScrollerExampleMap.2DSideScrollerExampleMap up for play (max tick rate 0) at 2019.02.22-11.04.57
[2019.02.22-16.04.57:622][  4]LogWorld: Bringing up level for play took: 0.031623
[2019.02.22-16.04.57:623][  4]LogLoad: Took 1.191851 seconds to LoadMap(/Game/2DSideScrollerBP/Maps/2DSideScrollerExampleMap)
[2019.02.22-16.04.57:645][  5]LogRenderer: Reallocating scene render targets to support 1280x720 Format 10 NumSamples 1 (Frame:1).
[2019.02.22-16.04.57:684][  5]LogPlayerController: Error: EnableInput can only be specified on a PlayerController for itself
[2019.02.22-16.04.57:687][  5]LogBlueprintUserMessages: [Cube_Blueprint] land
[2019.02.22-16.04.58:296][ 43]LogOnline: Warning: OSS: No game present to join for session (GameSession)
[2019.02.22-16.04.58:426][ 51]LogScript: Warning: Script Msg: Attempted to access index 0 from array 'Targets' of length 0 in '/Game/2DSideScrollerBP/Blueprints/Minions/Tower.Tower_C'!
[2019.02.22-16.04.58:430][ 51]LogScript: Warning: Script Msg: Attempted to access index 0 from array 'Targets' of length 0 in '/Game/2DSideScrollerBP/Blueprints/Minions/Tower.Tower_C'!
[2019.02.22-16.04.58:431][ 51]LogScript: Warning: Script Msg: Attempted to access index 0 from array 'Targets' of length 0 in '/Game/2DSideScrollerBP/Blueprints/Minions/Tower.Tower_C'!
[2019.02.22-16.04.58:431][ 51]LogScript: Warning: Script Msg: Attempted to access index 0 from array 'Targets' of length 0 in '/Game/2DSideScrollerBP/Blueprints/Minions/Tower.Tower_C'!
[2019.02.22-16.04.58:431][ 51]LogScript: Warning: Script Msg: Attempted to access index 0 from array 'Targets' of length 0 in '/Game/2DSideScrollerBP/Blueprints/Minions/Tower.Tower_C'!
[2019.02.22-16.04.58:431][ 51]LogScript: Warning: Script Msg: Attempted to access index 0 from array 'Targets' of length 0 in '/Game/2DSideScrollerBP/Blueprints/Minions/Tower.Tower_C'!
[2019.02.22-16.04.58:431][ 51]LogScript: Warning: Script Msg: Attempted to access index 0 from array 'Targets' of length 0 in '/Game/2DSideScrollerBP/Blueprints/Minions/Tower.Tower_C'!
[2019.02.22-16.04.58:431][ 51]LogScript: Warning: Script Msg: Attempted to access index 0 from array 'Targets' of length 0 in '/Game/2DSideScrollerBP/Blueprints/Minions/Tower.Tower_C'!
[2019.02.22-16.04.58:432][ 51]LogScript: Warning: Script Msg: Attempted to access index 0 from array 'Targets' of length 0 in '/Game/2DSideScrollerBP/Blueprints/Minions/Tower.Tower_C'!
[2019.02.22-16.04.58:432][ 51]LogScript: Warning: Script Msg: Attempted to access index 0 from array 'Targets' of length 0 in '/Game/2DSideScrollerBP/Blueprints/Minions/Tower.Tower_C'!
[2019.02.22-16.04.58:508][ 56]LogScript: Warning: Script Msg: Attempted to access index 0 from array 'Targets' of length 0 in '/Game/2DSideScrollerBP/Blueprints/Minions/Tower.Tower_C'!
[2019.02.22-16.04.58:508][ 56]LogScript: Warning: Script Msg: Attempted to access index 0 from array 'Targets' of length 0 in '/Game/2DSideScrollerBP/Blueprints/Minions/Tower.Tower_C'!
[2019.02.22-16.04.58:589][ 61]LogScript: Warning: Script Msg: Attempted to access index 0 from array 'Targets' of length 0 in '/Game/2DSideScrollerBP/Blueprints/Minions/Tower.Tower_C'!
[2019.02.22-16.04.58:590][ 61]LogScript: Warning: Script Msg: Attempted to access index 0 from array 'Targets' of length 0 in '/Game/2DSideScrollerBP/Blueprints/Minions/Tower.Tower_C'!
[2019.02.22-16.04.58:668][ 66]LogOnline: Warning: OSS: No game present to join for session (GameSession)
[2019.02.22-16.04.58:845][ 77]LogScript: Warning: Script Msg: Attempted to access index 0 from array 'Targets' of length 0 in '/Game/2DSideScrollerBP/Blueprints/Minions/Tower.Tower_C'!
[2019.02.22-16.04.58:845][ 77]LogScript: Warning: Script Msg: Attempted to access index 0 from array 'Targets' of length 0 in '/Game/2DSideScrollerBP/Blueprints/Minions/Tower.Tower_C'!
[2019.02.22-16.04.58:929][ 82]LogScript: Warning: Script Msg: Attempted to access index 0 from array 'Targets' of length 0 in '/Game/2DSideScrollerBP/Blueprints/Minions/Tower.Tower_C'!
[2019.02.22-16.04.58:942][ 83]LogScript: Warning: Script Msg: Attempted to access index 0 from array 'Targets' of length 0 in '/Game/2DSideScrollerBP/Blueprints/Minions/Tower.Tower_C'!
[2019.02.22-16.04.59:024][ 88]LogScript: Warning: Script Msg: Attempted to access index 0 from array 'Targets' of length 0 in '/Game/2DSideScrollerBP/Blueprints/Minions/Tower.Tower_C'!
[2019.02.22-16.04.59:024][ 88]LogScript: Warning: Script Msg: Attempted to access index 0 from array 'Targets' of length 0 in '/Game/2DSideScrollerBP/Blueprints/Minions/Tower.Tower_C'!
[2019.02.22-16.04.59:024][ 88]LogScript: Warning: Script Msg: Attempted to access index 0 from array 'Targets' of length 0 in '/Game/2DSideScrollerBP/Blueprints/Minions/Tower.Tower_C'!
[2019.02.22-16.04.59:024][ 88]LogScript: Warning: Script Msg: Attempted to access index 0 from array 'Targets' of length 0 in '/Game/2DSideScrollerBP/Blueprints/Minions/Tower.Tower_C'!
[2019.02.22-16.04.59:024][ 88]LogScript: Warning: Script Msg: Attempted to access index 0 from array 'Targets' of length 0 in '/Game/2DSideScrollerBP/Blueprints/Minions/Tower.Tower_C'!
[2019.02.22-16.04.59:024][ 88]LogScript: Warning: Script Msg: Attempted to access index 0 from array 'Targets' of length 0 in '/Game/2DSideScrollerBP/Blueprints/Minions/Tower.Tower_C'!
[2019.02.22-16.04.59:103][ 93]LogScript: Warning: Script Msg: Attempted to access index 0 from array 'Targets' of length 0 in '/Game/2DSideScrollerBP/Blueprints/Minions/Tower.Tower_C'!
[2019.02.22-16.04.59:103][ 93]LogScript: Warning: Script Msg: Attempted to access index 0 from array 'Targets' of length 0 in '/Game/2DSideScrollerBP/Blueprints/Minions/Tower.Tower_C'!
[2019.02.22-16.04.59:138][ 95]LogBlueprintUserMessages: [Cube_Blueprint] land
[2019.02.22-16.04.59:235][101]LogBlueprintUserMessages: [Cube_Blueprint] takeoff
[2019.02.22-16.04.59:397][111]LogScript: Warning: Script Msg: Attempted to access index 0 from array 'Targets' of length 0 in '/Game/2DSideScrollerBP/Blueprints/Minions/Tower.Tower_C'!
[2019.02.22-16.04.59:397][111]LogScript: Warning: Script Msg: Attempted to access index 0 from array 'Targets' of length 0 in '/Game/2DSideScrollerBP/Blueprints/Minions/Tower.Tower_C'!
[2019.02.22-16.04.59:474][116]LogScript: Warning: Script Msg: Attempted to access index 0 from array 'Targets' of length 0 in '/Game/2DSideScrollerBP/Blueprints/Minions/Tower.Tower_C'!
[2019.02.22-16.04.59:475][116]LogScript: Warning: Script Msg: Attempted to access index 0 from array 'Targets' of length 0 in '/Game/2DSideScrollerBP/Blueprints/Minions/Tower.Tower_C'!
[2019.02.22-16.04.59:475][116]LogScript: Warning: Script Msg: Attempted to access index 0 from array 'Targets' of length 0 in '/Game/2DSideScrollerBP/Blueprints/Minions/Tower.Tower_C'!
[2019.02.22-16.04.59:590][123]LogBlueprintUserMessages: [Cube_Blueprint] land
[2019.02.22-16.05.00:928][206]LogScript: Warning: Script Msg: Attempted to access index 0 from array 'Targets' of length 0 in '/Game/2DSideScrollerBP/Blueprints/Minions/Tower.Tower_C'!
[2019.02.22-16.05.00:928][206]LogScript: Warning: Script Msg: Attempted to access index 0 from array 'Targets' of length 0 in '/Game/2DSideScrollerBP/Blueprints/Minions/Tower.Tower_C'!
[2019.02.22-16.05.00:944][207]LogScript: Warning: Script Msg: Attempted to access index 0 from array 'Targets' of length 0 in '/Game/2DSideScrollerBP/Blueprints/Minions/Tower.Tower_C'!
[2019.02.22-16.05.00:944][207]LogScript: Warning: Script Msg: Attempted to access index 0 from array 'Targets' of length 0 in '/Game/2DSideScrollerBP/Blueprints/Minions/Tower.Tower_C'!
[2019.02.22-16.05.02:928][330]LogScript: Warning: Script Msg: Attempted to access index 0 from array 'Targets' of length 0 in '/Game/2DSideScrollerBP/Blueprints/Minions/Tower.Tower_C'!
[2019.02.22-16.05.02:943][331]LogScript: Warning: Script Msg: Attempted to access index 0 from array 'Targets' of length 0 in '/Game/2DSideScrollerBP/Blueprints/Minions/Tower.Tower_C'!
[2019.02.22-16.05.02:960][332]LogScript: Warning: Script Msg: Attempted to access index 0 from array 'Targets' of length 0 in '/Game/2DSideScrollerBP/Blueprints/Minions/Tower.Tower_C'!
[2019.02.22-16.05.02:960][332]LogScript: Warning: Script Msg: Attempted to access index 0 from array 'Targets' of length 0 in '/Game/2DSideScrollerBP/Blueprints/Minions/Tower.Tower_C'!
[2019.02.22-16.05.02:960][332]LogScript: Warning: Script Msg: Attempted to access index 0 from array 'Targets' of length 0 in '/Game/2DSideScrollerBP/Blueprints/Minions/Tower.Tower_C'!
[2019.02.22-16.05.02:976][333]LogScript: Warning: Script Msg: Attempted to access index 0 from array 'Targets' of length 0 in '/Game/2DSideScrollerBP/Blueprints/Minions/Tower.Tower_C'!
[2019.02.22-16.05.02:992][334]LogScript: Warning: Script Msg: Attempted to access index 0 from array 'Targets' of length 0 in '/Game/2DSideScrollerBP/Blueprints/Minions/Tower.Tower_C'!
[2019.02.22-16.05.02:992][334]LogScript: Warning: Script Msg: Attempted to access index 0 from array 'Targets' of length 0 in '/Game/2DSideScrollerBP/Blueprints/Minions/Tower.Tower_C'!
[2019.02.22-16.05.02:992][334]LogScript: Warning: Script Msg: Attempted to access index 0 from array 'Targets' of length 0 in '/Game/2DSideScrollerBP/Blueprints/Minions/Tower.Tower_C'!
[2019.02.22-16.05.03:008][335]LogScript: Warning: Script Msg: Attempted to access index 0 from array 'Targets' of length 0 in '/Game/2DSideScrollerBP/Blueprints/Minions/Tower.Tower_C'!
[2019.02.22-16.05.05:322][478]LogScript: Warning: Script Msg: Attempted to access index 0 from array 'Targets' of length 0 in '/Game/2DSideScrollerBP/Blueprints/Minions/Tower.Tower_C'!
[2019.02.22-16.05.05:322][478]LogScript: Warning: Script Msg: Attempted to access index 0 from array 'Targets' of length 0 in '/Game/2DSideScrollerBP/Blueprints/Minions/Tower.Tower_C'!
[2019.02.22-16.05.05:322][478]LogScript: Warning: Script Msg: Attempted to access index 0 from array 'Targets' of length 0 in '/Game/2DSideScrollerBP/Blueprints/Minions/Tower.Tower_C'!
[2019.02.22-16.05.05:322][478]LogScript: Warning: Script Msg: Attempted to access index 0 from array 'Targets' of length 0 in '/Game/2DSideScrollerBP/Blueprints/Minions/Tower.Tower_C'!
[2019.02.22-16.05.05:338][478]LogScript: Warning: Script Msg: Attempted to access index 0 from array 'Targets' of length 0 in '/Game/2DSideScrollerBP/Blueprints/Minions/Tower.Tower_C'!
[2019.02.22-16.05.05:636][497]LogScript: Warning: Script Msg: Attempted to access index 0 from array 'Targets' of length 0 in '/Game/2DSideScrollerBP/Blueprints/Minions/Tower.Tower_C'!
[2019.02.22-16.05.05:636][497]LogScript: Warning: Script Msg: Attempted to access index 0 from array 'Targets' of length 0 in '/Game/2DSideScrollerBP/Blueprints/Minions/Tower.Tower_C'!
[2019.02.22-16.05.06:313][539]LogScript: Warning: Script Msg: Attempted to access index 0 from array 'Targets' of length 0 in '/Game/2DSideScrollerBP/Blueprints/Minions/Tower.Tower_C'!
[2019.02.22-16.05.06:313][539]LogScript: Warning: Script Msg: Attempted to access index 0 from array 'Targets' of length 0 in '/Game/2DSideScrollerBP/Blueprints/Minions/Tower.Tower_C'!
[2019.02.22-16.05.06:313][539]LogScript: Warning: Script Msg: Attempted to access index 0 from array 'Targets' of length 0 in '/Game/2DSideScrollerBP/Blueprints/Minions/Tower.Tower_C'!
[2019.02.22-16.05.06:313][539]LogScript: Warning: Script Msg: Attempted to access index 0 from array 'Targets' of length 0 in '/Game/2DSideScrollerBP/Blueprints/Minions/Tower.Tower_C'!
[2019.02.22-16.05.07:000][581]LogScript: Warning: Script Msg: Attempted to access index 0 from array 'Targets' of length 0 in '/Game/2DSideScrollerBP/Blueprints/Minions/Tower.Tower_C'!
[2019.02.22-16.05.07:001][581]LogScript: Warning: Script Msg: Attempted to access index 0 from array 'Targets' of length 0 in '/Game/2DSideScrollerBP/Blueprints/Minions/Tower.Tower_C'!
[2019.02.22-16.05.07:318][601]LogScript: Warning: Script Msg: Attempted to access index 0 from array 'Targets' of length 0 in '/Game/2DSideScrollerBP/Blueprints/Minions/Tower.Tower_C'!
[2019.02.22-16.05.07:318][601]LogScript: Warning: Script Msg: Attempted to access index 0 from array 'Targets' of length 0 in '/Game/2DSideScrollerBP/Blueprints/Minions/Tower.Tower_C'!
[2019.02.22-16.05.07:318][601]LogScript: Warning: Script Msg: Attempted to access index 0 from array 'Targets' of length 0 in '/Game/2DSideScrollerBP/Blueprints/Minions/Tower.Tower_C'!
[2019.02.22-16.05.07:318][601]LogScript: Warning: Script Msg: Attempted to access index 0 from array 'Targets' of length 0 in '/Game/2DSideScrollerBP/Blueprints/Minions/Tower.Tower_C'!
[2019.02.22-16.05.08:323][663]LogScript: Warning: Script Msg: Attempted to access index 0 from array 'Targets' of length 0 in '/Game/2DSideScrollerBP/Blueprints/Minions/Tower.Tower_C'!
[2019.02.22-16.05.08:323][663]LogScript: Warning: Script Msg: Attempted to access index 0 from array 'Targets' of length 0 in '/Game/2DSideScrollerBP/Blueprints/Minions/Tower.Tower_C'!
[2019.02.22-16.05.08:323][663]LogScript: Warning: Script Msg: Attempted to access index 0 from array 'Targets' of length 0 in '/Game/2DSideScrollerBP/Blueprints/Minions/Tower.Tower_C'!
[2019.02.22-16.05.08:323][663]LogScript: Warning: Script Msg: Attempted to access index 0 from array 'Targets' of length 0 in '/Game/2DSideScrollerBP/Blueprints/Minions/Tower.Tower_C'!
[2019.02.22-16.05.08:992][704]LogScript: Warning: Script Msg: Attempted to access index 0 from array 'Targets' of length 0 in '/Game/2DSideScrollerBP/Blueprints/Minions/Tower.Tower_C'!
[2019.02.22-16.05.08:992][704]LogScript: Warning: Script Msg: Attempted to access index 0 from array 'Targets' of length 0 in '/Game/2DSideScrollerBP/Blueprints/Minions/Tower.Tower_C'!
[2019.02.22-16.05.08:996][704]LogScript: Warning: Script Msg: Attempted to access index 0 from array 'Targets' of length 0 in '/Game/2DSideScrollerBP/Blueprints/Minions/Tower.Tower_C'!
[2019.02.22-16.05.08:996][704]LogScript: Warning: Script Msg: Attempted to access index 0 from array 'Targets' of length 0 in '/Game/2DSideScrollerBP/Blueprints/Minions/Tower.Tower_C'!
[2019.02.22-16.05.09:327][725]LogScript: Warning: Script Msg: Attempted to access index 0 from array 'Targets' of length 0 in '/Game/2DSideScrollerBP/Blueprints/Minions/Tower.Tower_C'!
[2019.02.22-16.05.09:328][725]LogScript: Warning: Script Msg: Attempted to access index 0 from array 'Targets' of length 0 in '/Game/2DSideScrollerBP/Blueprints/Minions/Tower.Tower_C'!
[2019.02.22-16.05.09:328][725]LogScript: Warning: Script Msg: Attempted to access index 0 from array 'Targets' of length 0 in '/Game/2DSideScrollerBP/Blueprints/Minions/Tower.Tower_C'!
[2019.02.22-16.05.09:328][725]LogScript: Warning: Script Msg: Attempted to access index 0 from array 'Targets' of length 0 in '/Game/2DSideScrollerBP/Blueprints/Minions/Tower.Tower_C'!
[2019.02.22-16.05.10:343][788]LogScript: Warning: Script Msg: Attempted to access index 0 from array 'Targets' of length 0 in '/Game/2DSideScrollerBP/Blueprints/Minions/Tower.Tower_C'!
[2019.02.22-16.05.10:343][788]LogScript: Warning: Script Msg: Attempted to access index 0 from array 'Targets' of length 0 in '/Game/2DSideScrollerBP/Blueprints/Minions/Tower.Tower_C'!
[2019.02.22-16.05.10:343][788]LogScript: Warning: Script Msg: Attempted to access index 0 from array 'Targets' of length 0 in '/Game/2DSideScrollerBP/Blueprints/Minions/Tower.Tower_C'!
[2019.02.22-16.05.10:343][788]LogScript: Warning: Script Msg: Attempted to access index 0 from array 'Targets' of length 0 in '/Game/2DSideScrollerBP/Blueprints/Minions/Tower.Tower_C'!
[2019.02.22-16.05.11:327][849]LogScript: Warning: Script Msg: Attempted to access index 0 from array 'Targets' of length 0 in '/Game/2DSideScrollerBP/Blueprints/Minions/Tower.Tower_C'!
[2019.02.22-16.05.11:327][849]LogScript: Warning: Script Msg: Attempted to access index 0 from array 'Targets' of length 0 in '/Game/2DSideScrollerBP/Blueprints/Minions/Tower.Tower_C'!
[2019.02.22-16.05.11:328][849]LogScript: Warning: Script Msg: Attempted to access index 0 from array 'Targets' of length 0 in '/Game/2DSideScrollerBP/Blueprints/Minions/Tower.Tower_C'!
[2019.02.22-16.05.11:328][849]LogScript: Warning: Script Msg: Attempted to access index 0 from array 'Targets' of length 0 in '/Game/2DSideScrollerBP/Blueprints/Minions/Tower.Tower_C'!
[2019.02.22-16.05.12:344][912]LogScript: Warning: Script Msg: Attempted to access index 0 from array 'Targets' of length 0 in '/Game/2DSideScrollerBP/Blueprints/Minions/Tower.Tower_C'!
[2019.02.22-16.05.12:344][912]LogScript: Warning: Script Msg: Attempted to access index 0 from array 'Targets' of length 0 in '/Game/2DSideScrollerBP/Blueprints/Minions/Tower.Tower_C'!
[2019.02.22-16.05.12:345][912]LogScript: Warning: Script Msg: Attempted to access index 0 from array 'Targets' of length 0 in '/Game/2DSideScrollerBP/Blueprints/Minions/Tower.Tower_C'!
[2019.02.22-16.05.12:345][912]LogScript: Warning: Script Msg: Attempted to access index 0 from array 'Targets' of length 0 in '/Game/2DSideScrollerBP/Blueprints/Minions/Tower.Tower_C'!
[2019.02.22-16.05.13:031][954]LogScript: Warning: Script Msg: Attempted to access index 0 from array 'Targets' of length 0 in '/Game/2DSideScrollerBP/Blueprints/Minions/Tower.Tower_C'!
[2019.02.22-16.05.13:033][954]LogScript: Warning: Script Msg: Attempted to access index 0 from array 'Targets' of length 0 in '/Game/2DSideScrollerBP/Blueprints/Minions/Tower.Tower_C'!
[2019.02.22-16.05.13:346][974]LogScript: Warning: Script Msg: Attempted to access index 0 from array 'Targets' of length 0 in '/Game/2DSideScrollerBP/Blueprints/Minions/Tower.Tower_C'!
[2019.02.22-16.05.13:346][974]LogScript: Warning: Script Msg: Attempted to access index 0 from array 'Targets' of length 0 in '/Game/2DSideScrollerBP/Blueprints/Minions/Tower.Tower_C'!
[2019.02.22-16.05.13:346][974]LogScript: Warning: Script Msg: Attempted to access index 0 from array 'Targets' of length 0 in '/Game/2DSideScrollerBP/Blueprints/Minions/Tower.Tower_C'!
[2019.02.22-16.05.14:362][ 37]LogScript: Warning: Script Msg: Attempted to access index 0 from array 'Targets' of length 0 in '/Game/2DSideScrollerBP/Blueprints/Minions/Tower.Tower_C'!
[2019.02.22-16.05.14:363][ 37]LogScript: Warning: Script Msg: Attempted to access index 0 from array 'Targets' of length 0 in '/Game/2DSideScrollerBP/Blueprints/Minions/Tower.Tower_C'!
[2019.02.22-16.05.14:363][ 37]LogScript: Warning: Script Msg: Attempted to access index 0 from array 'Targets' of length 0 in '/Game/2DSideScrollerBP/Blueprints/Minions/Tower.Tower_C'!
[2019.02.22-16.05.15:033][ 78]LogScript: Warning: Script Msg: Attempted to access index 0 from array 'Targets' of length 0 in '/Game/2DSideScrollerBP/Blueprints/Minions/Tower.Tower_C'!
[2019.02.22-16.05.15:034][ 78]LogScript: Warning: Script Msg: Attempted to access index 0 from array 'Targets' of length 0 in '/Game/2DSideScrollerBP/Blueprints/Minions/Tower.Tower_C'!
[2019.02.22-16.05.15:365][ 99]LogScript: Warning: Script Msg: Attempted to access index 0 from array 'Targets' of length 0 in '/Game/2DSideScrollerBP/Blueprints/Minions/Tower.Tower_C'!
[2019.02.22-16.05.15:365][ 99]LogScript: Warning: Script Msg: Attempted to access index 0 from array 'Targets' of length 0 in '/Game/2DSideScrollerBP/Blueprints/Minions/Tower.Tower_C'!
[2019.02.22-16.05.15:365][ 99]LogScript: Warning: Script Msg: Attempted to access index 0 from array 'Targets' of length 0 in '/Game/2DSideScrollerBP/Blueprints/Minions/Tower.Tower_C'!
[2019.02.22-16.05.16:366][161]LogScript: Warning: Script Msg: Attempted to access index 0 from array 'Targets' of length 0 in '/Game/2DSideScrollerBP/Blueprints/Minions/Tower.Tower_C'!
[2019.02.22-16.05.16:366][161]LogScript: Warning: Script Msg: Attempted to access index 0 from array 'Targets' of length 0 in '/Game/2DSideScrollerBP/Blueprints/Minions/Tower.Tower_C'!
[2019.02.22-16.05.16:705][182]LogScript: Warning: Script Msg: Attempted to access index 0 from array 'Targets' of length 0 in '/Game/2DSideScrollerBP/Blueprints/Minions/Tower.Tower_C'!
[2019.02.22-16.05.17:050][203]LogScript: Warning: Script Msg: Attempted to access index 0 from array 'Targets' of length 0 in '/Game/2DSideScrollerBP/Blueprints/Minions/Tower.Tower_C'!
[2019.02.22-16.05.17:050][203]LogScript: Warning: Script Msg: Attempted to access index 0 from array 'Targets' of length 0 in '/Game/2DSideScrollerBP/Blueprints/Minions/Tower.Tower_C'!
[2019.02.22-16.05.17:053][203]LogScript: Warning: Script Msg: Attempted to access index 0 from array 'Targets' of length 0 in '/Game/2DSideScrollerBP/Blueprints/Minions/Tower.Tower_C'!
[2019.02.22-16.05.17:053][203]LogScript: Warning: Script Msg: Attempted to access index 0 from array 'Targets' of length 0 in '/Game/2DSideScrollerBP/Blueprints/Minions/Tower.Tower_C'!
[2019.02.22-16.05.17:366][223]LogScript: Warning: Script Msg: Attempted to access index 0 from array 'Targets' of length 0 in '/Game/2DSideScrollerBP/Blueprints/Minions/Tower.Tower_C'!
[2019.02.22-16.05.17:366][223]LogScript: Warning: Script Msg: Attempted to access index 0 from array 'Targets' of length 0 in '/Game/2DSideScrollerBP/Blueprints/Minions/Tower.Tower_C'!
[2019.02.22-16.05.17:706][244]LogScript: Warning: Script Msg: Attempted to access index 0 from array 'Targets' of length 0 in '/Game/2DSideScrollerBP/Blueprints/Minions/Tower.Tower_C'!
[2019.02.22-16.05.18:383][286]LogScript: Warning: Script Msg: Attempted to access index 0 from array 'Targets' of length 0 in '/Game/2DSideScrollerBP/Blueprints/Minions/Tower.Tower_C'!
[2019.02.22-16.05.18:383][286]LogScript: Warning: Script Msg: Attempted to access index 0 from array 'Targets' of length 0 in '/Game/2DSideScrollerBP/Blueprints/Minions/Tower.Tower_C'!
[2019.02.22-16.05.18:707][306]LogScript: Warning: Script Msg: Attempted to access index 0 from array 'Targets' of length 0 in '/Game/2DSideScrollerBP/Blueprints/Minions/Tower.Tower_C'!
[2019.02.22-16.05.19:399][349]LogScript: Warning: Script Msg: Attempted to access index 0 from array 'Targets' of length 0 in '/Game/2DSideScrollerBP/Blueprints/Minions/Tower.Tower_C'!
[2019.02.22-16.05.19:400][349]LogScript: Warning: Script Msg: Attempted to access index 0 from array 'Targets' of length 0 in '/Game/2DSideScrollerBP/Blueprints/Minions/Tower.Tower_C'!
[2019.02.22-16.05.19:723][369]LogScript: Warning: Script Msg: Attempted to access index 0 from array 'Targets' of length 0 in '/Game/2DSideScrollerBP/Blueprints/Minions/Tower.Tower_C'!
[2019.02.22-16.05.20:401][411]LogScript: Warning: Script Msg: Attempted to access index 0 from array 'Targets' of length 0 in '/Game/2DSideScrollerBP/Blueprints/Minions/Tower.Tower_C'!
[2019.02.22-16.05.20:401][411]LogScript: Warning: Script Msg: Attempted to access index 0 from array 'Targets' of length 0 in '/Game/2DSideScrollerBP/Blueprints/Minions/Tower.Tower_C'!
[2019.02.22-16.05.20:722][431]LogScript: Warning: Script Msg: Attempted to access index 0 from array 'Targets' of length 0 in '/Game/2DSideScrollerBP/Blueprints/Minions/Tower.Tower_C'!
[2019.02.22-16.05.20:819][437]LogBlueprintUserMessages: [TowerShot_C_143] Minion224
[2019.02.22-16.05.20:949][445]LogBlueprintUserMessages: [TowerShot_C_149] Minion224
[2019.02.22-16.05.21:014][449]LogBlueprintUserMessages: [TowerShot_C_149] Brute34
[2019.02.22-16.05.21:014][449]LogBlueprintUserMessages: [TowerShot_C_149] Minion311
[2019.02.22-16.05.21:014][449]LogBlueprintUserMessages: [TowerShot_C_149] Minion28
[2019.02.22-16.05.21:063][452]LogBlueprintUserMessages: [TowerShot_C_149] Brute13
[2019.02.22-16.05.21:063][452]LogBlueprintUserMessages: [TowerShot_C_149] Brute2
[2019.02.22-16.05.21:063][452]LogBlueprintUserMessages: [TowerShot_C_149] Minion33
[2019.02.22-16.05.21:063][452]LogBlueprintUserMessages: [TowerShot_C_149] Minion37
[2019.02.22-16.05.21:082][453]LogScript: Warning: Script Msg: Attempted to access index 0 from array 'Targets' of length 0 in '/Game/2DSideScrollerBP/Blueprints/Minions/Tower.Tower_C'!
[2019.02.22-16.05.21:083][453]LogScript: Warning: Script Msg: Attempted to access index 0 from array 'Targets' of length 0 in '/Game/2DSideScrollerBP/Blueprints/Minions/Tower.Tower_C'!
[2019.02.22-16.05.21:191][460]LogBlueprintUserMessages: [TowerShot_C_148] Minion224
[2019.02.22-16.05.21:400][473]LogScript: Warning: Script Msg: Attempted to access index 0 from array 'Targets' of length 0 in '/Game/2DSideScrollerBP/Blueprints/Minions/Tower.Tower_C'!
[2019.02.22-16.05.21:400][473]LogScript: Warning: Script Msg: Attempted to access index 0 from array 'Targets' of length 0 in '/Game/2DSideScrollerBP/Blueprints/Minions/Tower.Tower_C'!
[2019.02.22-16.05.21:691][491]LogBlueprintUserMessages: [TowerShot_C_152] Minion224
[2019.02.22-16.05.21:739][494]LogScript: Warning: Script Msg: Attempted to access index 0 from array 'Targets' of length 0 in '/Game/2DSideScrollerBP/Blueprints/Minions/Tower.Tower_C'!
[2019.02.22-16.05.21:917][505]LogBlueprintUserMessages: [TowerShot_C_158] Minion224
[2019.02.22-16.05.21:917][505]LogBlueprintUserMessages: [TowerShot_C_158] Minion323
[2019.02.22-16.05.21:998][510]LogBlueprintUserMessages: [TowerShot_C_158] Brute34
[2019.02.22-16.05.22:014][511]LogBlueprintUserMessages: [TowerShot_C_158] Minion311
[2019.02.22-16.05.22:014][511]LogBlueprintUserMessages: [TowerShot_C_158] Minion28
[2019.02.22-16.05.22:048][513]LogBlueprintUserMessages: [PBullet_C_14] Minion2_ATK204
[2019.02.22-16.05.22:049][513]LogBlueprintUserMessages: [TowerShot_C_158] Minion137
[2019.02.22-16.05.22:207][523]LogBlueprintUserMessages: [TowerShot_C_157] Minion224
[2019.02.22-16.05.22:400][535]LogScript: Warning: Script Msg: Attempted to access index 0 from array 'Targets' of length 0 in '/Game/2DSideScrollerBP/Blueprints/Minions/Tower.Tower_C'!
[2019.02.22-16.05.22:692][553]LogBlueprintUserMessages: [TowerShot_C_161] Minion224
[2019.02.22-16.05.22:739][556]LogScript: Warning: Script Msg: Attempted to access index 0 from array 'Targets' of length 0 in '/Game/2DSideScrollerBP/Blueprints/Minions/Tower.Tower_C'!
[2019.02.22-16.05.22:917][567]LogBlueprintUserMessages: [TowerShot_C_167] Minion224
[2019.02.22-16.05.22:917][567]LogBlueprintUserMessages: [TowerShot_C_167] Minion323
[2019.02.22-16.05.22:950][569]LogBlueprintUserMessages: [TowerShot_C_162] Minion2
[2019.02.22-16.05.22:951][569]LogBlueprintUserMessages: [TowerShot_C_162] Brute1
[2019.02.22-16.05.22:951][569]LogBlueprintUserMessages: [TowerShot_C_162] Minion3
[2019.02.22-16.05.22:951][569]LogBlueprintUserMessages: [TowerShot_C_162] Brute21
[2019.02.22-16.05.22:951][569]LogBlueprintUserMessages: [TowerShot_C_162] Minion31
[2019.02.22-16.05.22:951][569]LogBlueprintUserMessages: [TowerShot_C_163] Minion39
[2019.02.22-16.05.22:951][569]LogBlueprintUserMessages: [TowerShot_C_163] Brute24
[2019.02.22-16.05.22:951][569]LogBlueprintUserMessages: [TowerShot_C_163] Minion38
[2019.02.22-16.05.22:982][571]LogBlueprintUserMessages: [TowerShot_C_162] Minion227
[2019.02.22-16.05.22:982][571]LogBlueprintUserMessages: [TowerShot_C_162] Minion133
[2019.02.22-16.05.22:982][571]LogBlueprintUserMessages: [TowerShot_C_163] Minion225
[2019.02.22-16.05.22:998][572]LogBlueprintUserMessages: [TowerShot_C_167] Brute34
[2019.02.22-16.05.23:014][573]LogBlueprintUserMessages: [TowerShot_C_167] Minion28
[2019.02.22-16.05.23:014][573]LogBlueprintUserMessages: [TowerShot_C_167] Minion311
[2019.02.22-16.05.23:047][575]LogBlueprintUserMessages: [TowerShot_C_162] Minion328
[2019.02.22-16.05.23:047][575]LogBlueprintUserMessages: [TowerShot_C_163] Minion326
[2019.02.22-16.05.23:063][576]LogBlueprintUserMessages: [TowerShot_C_162] Brute35
[2019.02.22-16.05.23:063][576]LogBlueprintUserMessages: [TowerShot_C_163] Brute32
[2019.02.22-16.05.23:079][577]LogBlueprintUserMessages: [TowerShot_C_167] Brute2
[2019.02.22-16.05.23:079][577]LogBlueprintUserMessages: [TowerShot_C_167] Minion33
[2019.02.22-16.05.23:079][577]LogBlueprintUserMessages: [TowerShot_C_167] Minion37
[2019.02.22-16.05.23:079][577]LogBlueprintUserMessages: [TowerShot_C_162] Minion211
[2019.02.22-16.05.23:079][577]LogBlueprintUserMessages: [TowerShot_C_162] Minion313
[2019.02.22-16.05.23:103][578]LogScript: Warning: Script Msg: Attempted to access index 0 from array 'Targets' of length 0 in '/Game/2DSideScrollerBP/Blueprints/Minions/Tower.Tower_C'!
[2019.02.22-16.05.23:106][578]LogScript: Warning: Script Msg: Attempted to access index 0 from array 'Targets' of length 0 in '/Game/2DSideScrollerBP/Blueprints/Minions/Tower.Tower_C'!
[2019.02.22-16.05.23:198][584]LogBlueprintUserMessages: [TowerShot_C_166] Minion224
[2019.02.22-16.05.23:230][586]LogBlueprintUserMessages: [PBullet_C_15] Minion3_ATK245
[2019.02.22-16.05.23:376][595]LogScript: Warning: Script Msg: Attempted to access index 3 from array 'Boss' of length 3 in '/Game/2DSideScrollerBP/Blueprints/Minions/TroopSpawner.TroopSpawner_C'!
[2019.02.22-16.05.23:376][595]LogScript: Warning: UGameplayStatics::BeginSpawningActorFromClass: can not spawn an actor from a NULL class
[2019.02.22-16.05.23:376][595]LogScript: Warning: Script Msg: Attempted to access index 4 from array 'Boss' of length 3 in '/Game/2DSideScrollerBP/Blueprints/Minions/TroopSpawner.TroopSpawner_C'!
[2019.02.22-16.05.23:377][595]LogScript: Warning: UGameplayStatics::BeginSpawningActorFromClass: can not spawn an actor from a NULL class
[2019.02.22-16.05.23:407][597]LogScript: Warning: Script Msg: Attempted to access index 0 from array 'Targets' of length 0 in '/Game/2DSideScrollerBP/Blueprints/Minions/Tower.Tower_C'!
[2019.02.22-16.05.23:520][604]LogScript: Warning: Script Msg: Attempted to access index 5 from array 'Boss' of length 3 in '/Game/2DSideScrollerBP/Blueprints/Minions/TroopSpawner.TroopSpawner_C'!
[2019.02.22-16.05.23:520][604]LogScript: Warning: UGameplayStatics::BeginSpawningActorFromClass: can not spawn an actor from a NULL class
[2019.02.22-16.05.23:745][618]LogScript: Warning: Script Msg: Attempted to access index 0 from array 'Targets' of length 0 in '/Game/2DSideScrollerBP/Blueprints/Minions/Tower.Tower_C'!
[2019.02.22-16.05.23:745][618]LogScript: Warning: Script Msg: Attempted to access index 0 from array 'Targets' of length 0 in '/Game/2DSideScrollerBP/Blueprints/Minions/Tower.Tower_C'!
[2019.02.22-16.05.23:956][631]LogBlueprintUserMessages: [TowerShot_C_170] Minion2
[2019.02.22-16.05.23:956][631]LogBlueprintUserMessages: [TowerShot_C_170] Brute1
[2019.02.22-16.05.23:956][631]LogBlueprintUserMessages: [TowerShot_C_170] Brute21
[2019.02.22-16.05.23:956][631]LogBlueprintUserMessages: [TowerShot_C_170] Minion3
[2019.02.22-16.05.23:956][631]LogBlueprintUserMessages: [TowerShot_C_170] Minion31
[2019.02.22-16.05.23:988][633]LogBlueprintUserMessages: [TowerShot_C_170] Minion227
[2019.02.22-16.05.24:004][634]LogBlueprintUserMessages: [TowerShot_C_171] Minion323
[2019.02.22-16.05.24:069][638]LogBlueprintUserMessages: [TowerShot_C_170] Minion328
[2019.02.22-16.05.24:199][646]LogScript: Warning: Script Msg: Attempted to access index 6 from array 'Boss' of length 3 in '/Game/2DSideScrollerBP/Blueprints/Minions/TroopSpawner.TroopSpawner_C'!
[2019.02.22-16.05.24:199][646]LogScript: Warning: UGameplayStatics::BeginSpawningActorFromClass: can not spawn an actor from a NULL class
[2019.02.22-16.05.24:263][650]LogBlueprintUserMessages: [TowerShot_C_176] Minion224
[2019.02.22-16.05.24:263][650]LogBlueprintUserMessages: [TowerShot_C_176] Minion323
[2019.02.22-16.05.24:279][651]LogScript: Warning: Script Msg: Attempted to access index 7 from array 'Boss' of length 3 in '/Game/2DSideScrollerBP/Blueprints/Minions/TroopSpawner.TroopSpawner_C'!
[2019.02.22-16.05.24:279][651]LogScript: Warning: UGameplayStatics::BeginSpawningActorFromClass: can not spawn an actor from a NULL class
[2019.02.22-16.05.24:279][651]LogScript: Warning: Script Msg: Attempted to access index 8 from array 'Boss' of length 3 in '/Game/2DSideScrollerBP/Blueprints/Minions/TroopSpawner.TroopSpawner_C'!
[2019.02.22-16.05.24:279][651]LogScript: Warning: UGameplayStatics::BeginSpawningActorFromClass: can not spawn an actor from a NULL class
[2019.02.22-16.05.24:295][652]LogBlueprintUserMessages: [PBullet_C_18] Minion2_ATK221
[2019.02.22-16.05.24:296][652]LogScript: Warning: Script Msg: Attempted to access index 9 from array 'Boss' of length 3 in '/Game/2DSideScrollerBP/Blueprints/Minions/TroopSpawner.TroopSpawner_C'!
[2019.02.22-16.05.24:296][652]LogScript: Warning: UGameplayStatics::BeginSpawningActorFromClass: can not spawn an actor from a NULL class
[2019.02.22-16.05.24:296][652]LogBlueprintUserMessages: [TowerShot_C_174] Brute24
[2019.02.22-16.05.24:296][652]LogBlueprintUserMessages: [TowerShot_C_174] Minion38
[2019.02.22-16.05.24:311][653]LogBlueprintUserMessages: [TowerShot_C_174] Minion39
[2019.02.22-16.05.24:344][655]LogBlueprintUserMessages: [TowerShot_C_174] Minion225
[2019.02.22-16.05.24:360][656]LogScript: Warning: Script Msg: Attempted to access index 10 from array 'Boss' of length 3 in '/Game/2DSideScrollerBP/Blueprints/Minions/TroopSpawner.TroopSpawner_C'!
[2019.02.22-16.05.24:360][656]LogScript: Warning: UGameplayStatics::BeginSpawningActorFromClass: can not spawn an actor from a NULL class
[2019.02.22-16.05.24:360][656]LogScript: Warning: Script Msg: Attempted to access index 11 from array 'Boss' of length 3 in '/Game/2DSideScrollerBP/Blueprints/Minions/TroopSpawner.TroopSpawner_C'!
[2019.02.22-16.05.24:360][656]LogScript: Warning: UGameplayStatics::BeginSpawningActorFromClass: can not spawn an actor from a NULL class
[2019.02.22-16.05.24:360][656]LogBlueprintUserMessages: [TowerShot_C_176] Brute34
[2019.02.22-16.05.24:360][656]LogBlueprintUserMessages: [TowerShot_C_176] Minion311
[2019.02.22-16.05.24:360][656]LogBlueprintUserMessages: [TowerShot_C_176] Minion28
[2019.02.22-16.05.24:360][656]LogScript: Warning: Script Msg: Attempted to access index 12 from array 'Boss' of length 3 in '/Game/2DSideScrollerBP/Blueprints/Minions/TroopSpawner.TroopSpawner_C'!
[2019.02.22-16.05.24:360][656]LogScript: Warning: UGameplayStatics::BeginSpawningActorFromClass: can not spawn an actor from a NULL class
[2019.02.22-16.05.24:392][658]LogBlueprintUserMessages: [TowerShot_C_176] Minion237
[2019.02.22-16.05.24:505][665]LogBlueprintUserMessages: [PBullet_C_19] Brute3_ATK58
[2019.02.22-16.05.24:520][666]LogScript: Warning: Script Msg: Attempted to access index 13 from array 'Boss' of length 3 in '/Game/2DSideScrollerBP/Blueprints/Minions/TroopSpawner.TroopSpawner_C'!
[2019.02.22-16.05.24:520][666]LogScript: Warning: UGameplayStatics::BeginSpawningActorFromClass: can not spawn an actor from a NULL class
[2019.02.22-16.05.24:520][666]LogBlueprintUserMessages: [TowerShot_C_175] Minion224
[2019.02.22-16.05.24:746][680]LogScript: Warning: Script Msg: Attempted to access index 0 from array 'Targets' of length 0 in '/Game/2DSideScrollerBP/Blueprints/Minions/Tower.Tower_C'!
[2019.02.22-16.05.24:747][680]LogBlueprintUserMessages: [PBullet_C_20] Minion3_ATK268
[2019.02.22-16.05.24:957][693]LogBlueprintUserMessages: [TowerShot_C_179] Minion3
[2019.02.22-16.05.24:957][693]LogBlueprintUserMessages: [TowerShot_C_179] Brute21
[2019.02.22-16.05.24:957][693]LogBlueprintUserMessages: [TowerShot_C_179] Minion31
[2019.02.22-16.05.24:972][694]LogBlueprintUserMessages: [TowerShot_C_179] Minion2
[2019.02.22-16.05.24:972][694]LogBlueprintUserMessages: [TowerShot_C_179] Brute1
[2019.02.22-16.05.24:988][695]LogScript: Warning: Script Msg: Attempted to access index 14 from array 'Boss' of length 3 in '/Game/2DSideScrollerBP/Blueprints/Minions/TroopSpawner.TroopSpawner_C'!
[2019.02.22-16.05.24:988][695]LogScript: Warning: UGameplayStatics::BeginSpawningActorFromClass: can not spawn an actor from a NULL class
[2019.02.22-16.05.25:005][696]LogBlueprintUserMessages: [TowerShot_C_179] Minion227
[2019.02.22-16.05.25:070][700]LogBlueprintUserMessages: [TowerShot_C_179] Minion328
[2019.02.22-16.05.25:086][701]LogBlueprintUserMessages: [TowerShot_C_179] Minion313
[2019.02.22-16.05.25:086][701]LogBlueprintUserMessages: [TowerShot_C_179] Brute35
[2019.02.22-16.05.25:100][702]LogScript: Warning: Script Msg: Attempted to access index 0 from array 'Targets' of length 0 in '/Game/2DSideScrollerBP/Blueprints/Minions/Tower.Tower_C'!
[2019.02.22-16.05.25:100][702]LogScript: Warning: Script Msg: Attempted to access index 0 from array 'Targets' of length 0 in '/Game/2DSideScrollerBP/Blueprints/Minions/Tower.Tower_C'!
[2019.02.22-16.05.25:108][702]LogScript: Warning: Script Msg: Attempted to access index 0 from array 'Targets' of length 0 in '/Game/2DSideScrollerBP/Blueprints/Minions/Tower.Tower_C'!
[2019.02.22-16.05.25:108][702]LogScript: Warning: Script Msg: Attempted to access index 0 from array 'Targets' of length 0 in '/Game/2DSideScrollerBP/Blueprints/Minions/Tower.Tower_C'!
[2019.02.22-16.05.25:110][702]LogScript: Warning: Script Msg: Attempted to access index 0 from array 'Targets' of length 0 in '/Game/2DSideScrollerBP/Blueprints/Minions/Tower.Tower_C'!
[2019.02.22-16.05.25:111][702]LogScript: Warning: Script Msg: Attempted to access index 0 from array 'Targets' of length 0 in '/Game/2DSideScrollerBP/Blueprints/Minions/Tower.Tower_C'!
[2019.02.22-16.05.25:202][708]LogScript: Warning: Script Msg: Attempted to access index 15 from array 'Boss' of length 3 in '/Game/2DSideScrollerBP/Blueprints/Minions/TroopSpawner.TroopSpawner_C'!
[2019.02.22-16.05.25:202][708]LogScript: Warning: UGameplayStatics::BeginSpawningActorFromClass: can not spawn an actor from a NULL class
[2019.02.22-16.05.25:298][714]LogScript: Warning: Script Msg: Attempted to access index 16 from array 'Boss' of length 3 in '/Game/2DSideScrollerBP/Blueprints/Minions/TroopSpawner.TroopSpawner_C'!
[2019.02.22-16.05.25:298][714]LogScript: Warning: UGameplayStatics::BeginSpawningActorFromClass: can not spawn an actor from a NULL class
[2019.02.22-16.05.25:298][714]LogScript: Warning: Script Msg: Attempted to access index 17 from array 'Boss' of length 3 in '/Game/2DSideScrollerBP/Blueprints/Minions/TroopSpawner.TroopSpawner_C'!
[2019.02.22-16.05.25:298][714]LogScript: Warning: UGameplayStatics::BeginSpawningActorFromClass: can not spawn an actor from a NULL class
[2019.02.22-16.05.25:298][714]LogScript: Warning: Script Msg: Attempted to access index 18 from array 'Boss' of length 3 in '/Game/2DSideScrollerBP/Blueprints/Minions/TroopSpawner.TroopSpawner_C'!
[2019.02.22-16.05.25:298][714]LogScript: Warning: UGameplayStatics::BeginSpawningActorFromClass: can not spawn an actor from a NULL class
[2019.02.22-16.05.25:314][715]LogBlueprintUserMessages: [TowerShot_C_184] Minion39
[2019.02.22-16.05.25:314][715]LogBlueprintUserMessages: [TowerShot_C_184] Brute24
[2019.02.22-16.05.25:314][715]LogBlueprintUserMessages: [TowerShot_C_184] Minion38
[2019.02.22-16.05.25:330][716]LogBlueprintUserMessages: [TowerShot_C_184] Minion340
[2019.02.22-16.05.25:347][717]LogBlueprintUserMessages: [TowerShot_C_184] Minion225
[2019.02.22-16.05.25:347][717]LogBlueprintUserMessages: [TowerShot_C_184] Minion238
[2019.02.22-16.05.25:379][719]LogScript: Warning: Script Msg: Attempted to access index 19 from array 'Boss' of length 3 in '/Game/2DSideScrollerBP/Blueprints/Minions/TroopSpawner.TroopSpawner_C'!
[2019.02.22-16.05.25:379][719]LogScript: Warning: UGameplayStatics::BeginSpawningActorFromClass: can not spawn an actor from a NULL class
[2019.02.22-16.05.25:379][719]LogScript: Warning: Script Msg: Attempted to access index 20 from array 'Boss' of length 3 in '/Game/2DSideScrollerBP/Blueprints/Minions/TroopSpawner.TroopSpawner_C'!
[2019.02.22-16.05.25:379][719]LogScript: Warning: UGameplayStatics::BeginSpawningActorFromClass: can not spawn an actor from a NULL class
[2019.02.22-16.05.25:379][719]LogScript: Warning: Script Msg: Attempted to access index 21 from array 'Boss' of length 3 in '/Game/2DSideScrollerBP/Blueprints/Minions/TroopSpawner.TroopSpawner_C'!
[2019.02.22-16.05.25:379][719]LogScript: Warning: UGameplayStatics::BeginSpawningActorFromClass: can not spawn an actor from a NULL class
[2019.02.22-16.05.25:524][728]LogScript: Warning: Script Msg: Attempted to access index 22 from array 'Boss' of length 3 in '/Game/2DSideScrollerBP/Blueprints/Minions/TroopSpawner.TroopSpawner_C'!
[2019.02.22-16.05.25:524][728]LogScript: Warning: UGameplayStatics::BeginSpawningActorFromClass: can not spawn an actor from a NULL class
[2019.02.22-16.05.25:573][731]LogBlueprintUserMessages: [PBullet_C_21] Minion3_ATK275
[2019.02.22-16.05.25:605][733]LogBlueprintUserMessages: [TowerShot_C_190] Minion224
[2019.02.22-16.05.25:605][733]LogBlueprintUserMessages: [TowerShot_C_190] Minion323
[2019.02.22-16.05.25:701][739]LogBlueprintUserMessages: [TowerShot_C_190] Minion311
[2019.02.22-16.05.25:701][739]LogBlueprintUserMessages: [TowerShot_C_190] Minion28
[2019.02.22-16.05.25:702][739]LogBlueprintUserMessages: [TowerShot_C_190] Brute34
[2019.02.22-16.05.25:734][741]LogBlueprintUserMessages: [TowerShot_C_190] Minion237
[2019.02.22-16.05.25:749][742]LogBlueprintUserMessages: [TowerShot_C_190] Minion336
[2019.02.22-16.05.25:765][743]LogScript: Warning: Script Msg: Attempted to access index 0 from array 'Targets' of length 0 in '/Game/2DSideScrollerBP/Blueprints/Minions/Tower.Tower_C'!
[2019.02.22-16.05.25:992][757]LogScript: Warning: Script Msg: Attempted to access index 23 from array 'Boss' of length 3 in '/Game/2DSideScrollerBP/Blueprints/Minions/TroopSpawner.TroopSpawner_C'!
[2019.02.22-16.05.25:992][757]LogScript: Warning: UGameplayStatics::BeginSpawningActorFromClass: can not spawn an actor from a NULL class
[2019.02.22-16.05.26:104][764]LogScript: Warning: Script Msg: Attempted to access index 0 from array 'Targets' of length 0 in '/Game/2DSideScrollerBP/Blueprints/Minions/Tower.Tower_C'!
[2019.02.22-16.05.26:104][764]LogScript: Warning: Script Msg: Attempted to access index 0 from array 'Targets' of length 0 in '/Game/2DSideScrollerBP/Blueprints/Minions/Tower.Tower_C'!
[2019.02.22-16.05.26:217][771]LogScript: Warning: Script Msg: Attempted to access index 24 from array 'Boss' of length 3 in '/Game/2DSideScrollerBP/Blueprints/Minions/TroopSpawner.TroopSpawner_C'!
[2019.02.22-16.05.26:217][771]LogScript: Warning: UGameplayStatics::BeginSpawningActorFromClass: can not spawn an actor from a NULL class
[2019.02.22-16.05.26:282][775]LogBlueprintUserMessages: [TowerShot_C_193] Minion340
[2019.02.22-16.05.26:282][775]LogBlueprintUserMessages: [TowerShot_C_192] Minion339
[2019.02.22-16.05.26:299][776]LogScript: Warning: Script Msg: Attempted to access index 25 from array 'Boss' of length 3 in '/Game/2DSideScrollerBP/Blueprints/Minions/TroopSpawner.TroopSpawner_C'!
[2019.02.22-16.05.26:299][776]LogScript: Warning: UGameplayStatics::BeginSpawningActorFromClass: can not spawn an actor from a NULL class
[2019.02.22-16.05.26:299][776]LogScript: Warning: Script Msg: Attempted to access index 26 from array 'Boss' of length 3 in '/Game/2DSideScrollerBP/Blueprints/Minions/TroopSpawner.TroopSpawner_C'!
[2019.02.22-16.05.26:299][776]LogScript: Warning: UGameplayStatics::BeginSpawningActorFromClass: can not spawn an actor from a NULL class
[2019.02.22-16.05.26:314][777]LogBlueprintUserMessages: [TowerShot_C_193] Brute24
[2019.02.22-16.05.26:314][777]LogBlueprintUserMessages: [TowerShot_C_193] Minion39
[2019.02.22-16.05.26:314][777]LogBlueprintUserMessages: [TowerShot_C_193] Minion38
[2019.02.22-16.05.26:315][777]LogScript: Warning: Script Msg: Attempted to access index 27 from array 'Boss' of length 3 in '/Game/2DSideScrollerBP/Blueprints/Minions/TroopSpawner.TroopSpawner_C'!
[2019.02.22-16.05.26:315][777]LogScript: Warning: UGameplayStatics::BeginSpawningActorFromClass: can not spawn an actor from a NULL class
[2019.02.22-16.05.26:315][777]LogBlueprintUserMessages: [TowerShot_C_192] Minion2
[2019.02.22-16.05.26:315][777]LogBlueprintUserMessages: [TowerShot_C_192] Brute1
[2019.02.22-16.05.26:315][777]LogBlueprintUserMessages: [TowerShot_C_192] Minion3
[2019.02.22-16.05.26:315][777]LogBlueprintUserMessages: [TowerShot_C_192] Brute21
[2019.02.22-16.05.26:315][777]LogBlueprintUserMessages: [TowerShot_C_192] Minion31
[2019.02.22-16.05.26:347][779]LogBlueprintUserMessages: [TowerShot_C_193] Minion225
[2019.02.22-16.05.26:347][779]LogBlueprintUserMessages: [TowerShot_C_193] Minion238
[2019.02.22-16.05.26:347][779]LogBlueprintUserMessages: [TowerShot_C_192] Minion227
[2019.02.22-16.05.26:347][779]LogBlueprintUserMessages: [TowerShot_C_192] Minion235
[2019.02.22-16.05.26:379][781]LogScript: Warning: Script Msg: Attempted to access index 28 from array 'Boss' of length 3 in '/Game/2DSideScrollerBP/Blueprints/Minions/TroopSpawner.TroopSpawner_C'!
[2019.02.22-16.05.26:379][781]LogScript: Warning: UGameplayStatics::BeginSpawningActorFromClass: can not spawn an actor from a NULL class
[2019.02.22-16.05.26:379][781]LogScript: Warning: Script Msg: Attempted to access index 29 from array 'Boss' of length 3 in '/Game/2DSideScrollerBP/Blueprints/Minions/TroopSpawner.TroopSpawner_C'!
[2019.02.22-16.05.26:379][781]LogScript: Warning: UGameplayStatics::BeginSpawningActorFromClass: can not spawn an actor from a NULL class
[2019.02.22-16.05.26:379][781]LogScript: Warning: Script Msg: Attempted to access index 30 from array 'Boss' of length 3 in '/Game/2DSideScrollerBP/Blueprints/Minions/TroopSpawner.TroopSpawner_C'!
[2019.02.22-16.05.26:379][781]LogScript: Warning: UGameplayStatics::BeginSpawningActorFromClass: can not spawn an actor from a NULL class
[2019.02.22-16.05.26:413][783]LogBlueprintUserMessages: [TowerShot_C_192] Minion328
[2019.02.22-16.05.26:540][791]LogScript: Warning: Script Msg: Attempted to access index 31 from array 'Boss' of length 3 in '/Game/2DSideScrollerBP/Blueprints/Minions/TroopSpawner.TroopSpawner_C'!
[2019.02.22-16.05.26:540][791]LogScript: Warning: UGameplayStatics::BeginSpawningActorFromClass: can not spawn an actor from a NULL class
[2019.02.22-16.05.26:765][805]LogScript: Warning: Script Msg: Attempted to access index 0 from array 'Targets' of length 0 in '/Game/2DSideScrollerBP/Blueprints/Minions/Tower.Tower_C'!
[2019.02.22-16.05.26:765][805]LogScript: Warning: Script Msg: Attempted to access index 0 from array 'Targets' of length 0 in '/Game/2DSideScrollerBP/Blueprints/Minions/Tower.Tower_C'!
[2019.02.22-16.05.26:770][805]LogScript: Warning: Script Msg: Attempted to access index 0 from array 'Targets' of length 0 in '/Game/2DSideScrollerBP/Blueprints/Minions/Tower.Tower_C'!
[2019.02.22-16.05.27:104][826]LogScript: Warning: Script Msg: Attempted to access index 0 from array 'Targets' of length 0 in '/Game/2DSideScrollerBP/Blueprints/Minions/Tower.Tower_C'!
[2019.02.22-16.05.27:104][826]LogScript: Warning: Script Msg: Attempted to access index 0 from array 'Targets' of length 0 in '/Game/2DSideScrollerBP/Blueprints/Minions/Tower.Tower_C'!
[2019.02.22-16.05.27:315][839]LogBlueprintUserMessages: [TowerShot_C_207] Minion339
[2019.02.22-16.05.27:316][839]LogBlueprintUserMessages: [TowerShot_C_206] Minion340
[2019.02.22-16.05.27:397][844]LogBlueprintUserMessages: [TowerShot_C_218] Brute34
[2019.02.22-16.05.27:411][845]LogBlueprintUserMessages: [TowerShot_C_218] Minion28
[2019.02.22-16.05.27:412][845]LogBlueprintUserMessages: [TowerShot_C_218] Minion311
[2019.02.22-16.05.27:766][867]LogScript: Warning: Script Msg: Attempted to access index 0 from array 'Targets' of length 0 in '/Game/2DSideScrollerBP/Blueprints/Minions/Tower.Tower_C'!
[2019.02.22-16.05.27:944][878]LogBlueprintUserMessages: [TowerShot_C_222] Minion339
[2019.02.22-16.05.27:944][878]LogBlueprintUserMessages: [TowerShot_C_223] Minion340
[2019.02.22-16.05.27:992][881]LogBlueprintUserMessages: [TowerShot_C_222] Minion2
[2019.02.22-16.05.27:992][881]LogBlueprintUserMessages: [TowerShot_C_222] Minion3
[2019.02.22-16.05.27:992][881]LogBlueprintUserMessages: [TowerShot_C_222] Brute21
[2019.02.22-16.05.27:992][881]LogBlueprintUserMessages: [TowerShot_C_222] Minion31
[2019.02.22-16.05.27:992][881]LogBlueprintUserMessages: [TowerShot_C_222] Brute1
[2019.02.22-16.05.27:993][881]LogBlueprintUserMessages: [TowerShot_C_223] Minion39
[2019.02.22-16.05.27:993][881]LogBlueprintUserMessages: [TowerShot_C_223] Minion38
[2019.02.22-16.05.27:993][881]LogBlueprintUserMessages: [TowerShot_C_223] Brute24
[2019.02.22-16.05.28:025][883]LogBlueprintUserMessages: [TowerShot_C_222] Minion235
[2019.02.22-16.05.28:025][883]LogBlueprintUserMessages: [TowerShot_C_222] Minion227
[2019.02.22-16.05.28:025][883]LogBlueprintUserMessages: [TowerShot_C_223] Minion225
[2019.02.22-16.05.28:025][883]LogBlueprintUserMessages: [TowerShot_C_223] Minion238
[2019.02.22-16.05.28:089][887]LogBlueprintUserMessages: [TowerShot_C_222] Minion328
[2019.02.22-16.05.28:104][888]LogScript: Warning: Script Msg: Attempted to access index 0 from array 'Targets' of length 0 in '/Game/2DSideScrollerBP/Blueprints/Minions/Tower.Tower_C'!
[2019.02.22-16.05.28:104][888]LogScript: Warning: Script Msg: Attempted to access index 0 from array 'Targets' of length 0 in '/Game/2DSideScrollerBP/Blueprints/Minions/Tower.Tower_C'!
[2019.02.22-16.05.28:104][888]LogScript: Warning: Script Msg: Attempted to access index 0 from array 'Targets' of length 0 in '/Game/2DSideScrollerBP/Blueprints/Minions/Tower.Tower_C'!
[2019.02.22-16.05.28:251][897]LogBlueprintUserMessages: [TowerShot_C_220] Minion340
[2019.02.22-16.05.28:252][897]LogBlueprintUserMessages: [TowerShot_C_221] Minion339
[2019.02.22-16.05.28:426][908]LogScript: Warning: Script Msg: Attempted to access index 0 from array 'Targets' of length 0 in '/Game/2DSideScrollerBP/Blueprints/Minions/Tower.Tower_C'!
[2019.02.22-16.05.28:492][912]LogBlueprintUserMessages: [TowerShot_C_227] Minion28
[2019.02.22-16.05.28:492][912]LogBlueprintUserMessages: [TowerShot_C_227] Minion311
[2019.02.22-16.05.28:492][912]LogBlueprintUserMessages: [TowerShot_C_227] Brute34
[2019.02.22-16.05.28:525][914]LogBlueprintUserMessages: [TowerShot_C_227] Minion237
[2019.02.22-16.05.28:525][914]LogBlueprintUserMessages: [TowerShot_C_227] Minion336
[2019.02.22-16.05.28:574][917]LogBlueprintUserMessages: [TowerShot_C_227] Brute2
[2019.02.22-16.05.28:574][917]LogBlueprintUserMessages: [TowerShot_C_227] Minion33
[2019.02.22-16.05.28:574][917]LogBlueprintUserMessages: [TowerShot_C_227] Minion37
[2019.02.22-16.05.28:670][923]LogBlueprintUserMessages: [TowerShot_C_227] Minion224
[2019.02.22-16.05.28:670][923]LogBlueprintUserMessages: [TowerShot_C_227] Minion323
[2019.02.22-16.05.28:702][925]LogScript: Warning: Script Msg: Attempted to access index 32 from array 'Boss' of length 3 in '/Game/2DSideScrollerBP/Blueprints/Minions/TroopSpawner.TroopSpawner_C'!
[2019.02.22-16.05.28:703][925]LogScript: Warning: UGameplayStatics::BeginSpawningActorFromClass: can not spawn an actor from a NULL class
[2019.02.22-16.05.28:767][929]LogScript: Warning: Script Msg: Attempted to access index 0 from array 'Targets' of length 0 in '/Game/2DSideScrollerBP/Blueprints/Minions/Tower.Tower_C'!
[2019.02.22-16.05.28:767][929]LogScript: Warning: Script Msg: Attempted to access index 0 from array 'Targets' of length 0 in '/Game/2DSideScrollerBP/Blueprints/Minions/Tower.Tower_C'!
[2019.02.22-16.05.28:768][929]LogScript: Warning: Script Msg: Attempted to access index 0 from array 'Targets' of length 0 in '/Game/2DSideScrollerBP/Blueprints/Minions/Tower.Tower_C'!
[2019.02.22-16.05.29:121][951]LogScript: Warning: Script Msg: Attempted to access index 0 from array 'Targets' of length 0 in '/Game/2DSideScrollerBP/Blueprints/Minions/Tower.Tower_C'!
[2019.02.22-16.05.29:121][951]LogScript: Warning: Script Msg: Attempted to access index 0 from array 'Targets' of length 0 in '/Game/2DSideScrollerBP/Blueprints/Minions/Tower.Tower_C'!
[2019.02.22-16.05.29:135][951]LogScript: Warning: Script Msg: Attempted to access index 0 from array 'Targets' of length 0 in '/Game/2DSideScrollerBP/Blueprints/Minions/Tower.Tower_C'!
[2019.02.22-16.05.29:136][951]LogScript: Warning: Script Msg: Attempted to access index 0 from array 'Targets' of length 0 in '/Game/2DSideScrollerBP/Blueprints/Minions/Tower.Tower_C'!
[2019.02.22-16.05.29:141][951]LogBlueprintUserMessages: [TowerShot_C_234] Minion340
[2019.02.22-16.05.29:195][955]LogBlueprintUserMessages: [TowerShot_C_238] Minion340
[2019.02.22-16.05.29:210][956]LogBlueprintUserMessages: [TowerShot_C_238] Minion238
[2019.02.22-16.05.29:211][956]LogBlueprintUserMessages: [TowerShot_C_238] Minion225
[2019.02.22-16.05.29:244][958]LogBlueprintUserMessages: [TowerShot_C_235] Minion339
[2019.02.22-16.05.29:566][978]LogScript: Warning: Script Msg: Attempted to access index 33 from array 'Boss' of length 3 in '/Game/2DSideScrollerBP/Blueprints/Minions/TroopSpawner.TroopSpawner_C'!
[2019.02.22-16.05.29:566][978]LogScript: Warning: UGameplayStatics::BeginSpawningActorFromClass: can not spawn an actor from a NULL class
[2019.02.22-16.05.29:566][978]LogScript: Warning: Script Msg: Attempted to access index 34 from array 'Boss' of length 3 in '/Game/2DSideScrollerBP/Blueprints/Minions/TroopSpawner.TroopSpawner_C'!
[2019.02.22-16.05.29:566][978]LogScript: Warning: UGameplayStatics::BeginSpawningActorFromClass: can not spawn an actor from a NULL class
[2019.02.22-16.05.29:566][978]LogScript: Warning: Script Msg: Attempted to access index 35 from array 'Boss' of length 3 in '/Game/2DSideScrollerBP/Blueprints/Minions/TroopSpawner.TroopSpawner_C'!
[2019.02.22-16.05.29:566][978]LogScript: Warning: UGameplayStatics::BeginSpawningActorFromClass: can not spawn an actor from a NULL class
[2019.02.22-16.05.29:598][980]LogScript: Warning: Script Msg: Attempted to access index 36 from array 'Boss' of length 3 in '/Game/2DSideScrollerBP/Blueprints/Minions/TroopSpawner.TroopSpawner_C'!
[2019.02.22-16.05.29:598][980]LogScript: Warning: UGameplayStatics::BeginSpawningActorFromClass: can not spawn an actor from a NULL class
[2019.02.22-16.05.29:598][980]LogScript: Warning: Script Msg: Attempted to access index 37 from array 'Boss' of length 3 in '/Game/2DSideScrollerBP/Blueprints/Minions/TroopSpawner.TroopSpawner_C'!
[2019.02.22-16.05.29:598][980]LogScript: Warning: UGameplayStatics::BeginSpawningActorFromClass: can not spawn an actor from a NULL class
[2019.02.22-16.05.29:663][984]LogScript: Warning: Script Msg: Attempted to access index 38 from array 'Boss' of length 3 in '/Game/2DSideScrollerBP/Blueprints/Minions/TroopSpawner.TroopSpawner_C'!
[2019.02.22-16.05.29:663][984]LogScript: Warning: UGameplayStatics::BeginSpawningActorFromClass: can not spawn an actor from a NULL class
[2019.02.22-16.05.29:679][985]LogBlueprintUserMessages: [TowerShot_C_247] Minion225
[2019.02.22-16.05.29:679][985]LogBlueprintUserMessages: [TowerShot_C_247] Minion238
[2019.02.22-16.05.29:680][985]LogScript: Warning: Script Msg: Attempted to access index 39 from array 'Boss' of length 3 in '/Game/2DSideScrollerBP/Blueprints/Minions/TroopSpawner.TroopSpawner_C'!
[2019.02.22-16.05.29:680][985]LogScript: Warning: UGameplayStatics::BeginSpawningActorFromClass: can not spawn an actor from a NULL class
[2019.02.22-16.05.29:695][986]LogScript: Warning: Script Msg: Attempted to access index 40 from array 'Boss' of length 3 in '/Game/2DSideScrollerBP/Blueprints/Minions/TroopSpawner.TroopSpawner_C'!
[2019.02.22-16.05.29:695][986]LogScript: Warning: UGameplayStatics::BeginSpawningActorFromClass: can not spawn an actor from a NULL class
[2019.02.22-16.05.29:696][986]LogScript: Warning: Script Msg: Attempted to access index 41 from array 'Boss' of length 3 in '/Game/2DSideScrollerBP/Blueprints/Minions/TroopSpawner.TroopSpawner_C'!
[2019.02.22-16.05.29:696][986]LogScript: Warning: UGameplayStatics::BeginSpawningActorFromClass: can not spawn an actor from a NULL class
[2019.02.22-16.05.29:759][990]LogScript: Warning: Script Msg: Attempted to access index 0 from array 'Targets' of length 0 in '/Game/2DSideScrollerBP/Blueprints/Minions/Tower.Tower_C'!
[2019.02.22-16.05.29:762][990]LogScript: Warning: Script Msg: Attempted to access index 0 from array 'Targets' of length 0 in '/Game/2DSideScrollerBP/Blueprints/Minions/Tower.Tower_C'!
[2019.02.22-16.05.29:954][  2]LogBlueprintUserMessages: [TowerShot_C_246] Minion149
[2019.02.22-16.05.29:954][  2]LogBlueprintUserMessages: [TowerShot_C_246] Minion339
[2019.02.22-16.05.29:986][  4]LogBlueprintUserMessages: [TowerShot_C_246] Brute1
[2019.02.22-16.05.29:986][  4]LogBlueprintUserMessages: [TowerShot_C_246] Minion2
[2019.02.22-16.05.29:986][  4]LogBlueprintUserMessages: [TowerShot_C_246] Minion3
[2019.02.22-16.05.29:986][  4]LogBlueprintUserMessages: [TowerShot_C_246] Minion31
[2019.02.22-16.05.29:986][  4]LogBlueprintUserMessages: [TowerShot_C_246] Brute21
[2019.02.22-16.05.30:002][  5]LogBlueprintUserMessages: [TowerShot_C_244] Minion225
[2019.02.22-16.05.30:018][  6]LogBlueprintUserMessages: [TowerShot_C_246] Minion227
[2019.02.22-16.05.30:018][  6]LogBlueprintUserMessages: [TowerShot_C_246] Minion235
[2019.02.22-16.05.30:083][ 10]LogBlueprintUserMessages: [TowerShot_C_246] Minion328
[2019.02.22-16.05.30:098][ 11]LogBlueprintUserMessages: [TowerShot_C_246] Brute35
[2019.02.22-16.05.30:113][ 12]LogScript: Warning: Script Msg: Attempted to access index 0 from array 'Targets' of length 0 in '/Game/2DSideScrollerBP/Blueprints/Minions/Tower.Tower_C'!
[2019.02.22-16.05.30:113][ 12]LogScript: Warning: Script Msg: Attempted to access index 0 from array 'Targets' of length 0 in '/Game/2DSideScrollerBP/Blueprints/Minions/Tower.Tower_C'!
[2019.02.22-16.05.30:475][ 34]LogScript: Warning: Script Msg: Attempted to access index 3 from array 'Brute' of length 3 in '/Game/2DSideScrollerBP/Blueprints/Minions/TroopSpawner.TroopSpawner_C'!
[2019.02.22-16.05.30:475][ 34]LogScript: Warning: UGameplayStatics::BeginSpawningActorFromClass: can not spawn an actor from a NULL class
[2019.02.22-16.05.30:475][ 34]LogScript: Warning: Script Msg: Attempted to access index 3 from array 'Brute' of length 3 in '/Game/2DSideScrollerBP/Blueprints/Minions/TroopSpawner.TroopSpawner_C'!
[2019.02.22-16.05.30:475][ 34]LogScript: Warning: UGameplayStatics::BeginSpawningActorFromClass: can not spawn an actor from a NULL class
[2019.02.22-16.05.30:475][ 34]LogScript: Warning: Script Msg: Attempted to access index 3 from array 'Brute' of length 3 in '/Game/2DSideScrollerBP/Blueprints/Minions/TroopSpawner.TroopSpawner_C'!
[2019.02.22-16.05.30:475][ 34]LogScript: Warning: UGameplayStatics::BeginSpawningActorFromClass: can not spawn an actor from a NULL class
[2019.02.22-16.05.30:475][ 34]LogScript: Warning: Script Msg: Attempted to access index 3 from array 'Brute' of length 3 in '/Game/2DSideScrollerBP/Blueprints/Minions/TroopSpawner.TroopSpawner_C'!
[2019.02.22-16.05.30:475][ 34]LogScript: Warning: UGameplayStatics::BeginSpawningActorFromClass: can not spawn an actor from a NULL class
[2019.02.22-16.05.30:475][ 34]LogScript: Warning: Script Msg: Attempted to access index 3 from array 'Brute' of length 3 in '/Game/2DSideScrollerBP/Blueprints/Minions/TroopSpawner.TroopSpawner_C'!
[2019.02.22-16.05.30:475][ 34]LogScript: Warning: UGameplayStatics::BeginSpawningActorFromClass: can not spawn an actor from a NULL class
[2019.02.22-16.05.30:475][ 34]LogScript: Warning: Script Msg: Attempted to access index 3 from array 'Brute' of length 3 in '/Game/2DSideScrollerBP/Blueprints/Minions/TroopSpawner.TroopSpawner_C'!
[2019.02.22-16.05.30:475][ 34]LogScript: Warning: UGameplayStatics::BeginSpawningActorFromClass: can not spawn an actor from a NULL class
[2019.02.22-16.05.30:493][ 35]LogBlueprintUserMessages: [TowerShot_C_248] Minion28
[2019.02.22-16.05.31:118][ 74]LogScript: Warning: Script Msg: Attempted to access index 0 from array 'Targets' of length 0 in '/Game/2DSideScrollerBP/Blueprints/Minions/Tower.Tower_C'!
[2019.02.22-16.05.31:118][ 74]LogScript: Warning: Script Msg: Attempted to access index 0 from array 'Targets' of length 0 in '/Game/2DSideScrollerBP/Blueprints/Minions/Tower.Tower_C'!
[2019.02.22-16.05.31:118][ 74]LogScript: Warning: Script Msg: Attempted to access index 0 from array 'Targets' of length 0 in '/Game/2DSideScrollerBP/Blueprints/Minions/Tower.Tower_C'!
[2019.02.22-16.05.31:297][ 85]LogScript: Warning: Script Msg: Attempted to access index 0 from array 'Targets' of length 0 in '/Game/2DSideScrollerBP/Blueprints/Minions/Tower.Tower_C'!
[2019.02.22-16.05.31:297][ 85]LogScript: Warning: Script Msg: Attempted to access index 0 from array 'Targets' of length 0 in '/Game/2DSideScrollerBP/Blueprints/Minions/Tower.Tower_C'!
[2019.02.22-16.05.31:345][ 88]LogScript: Warning: Script Msg: Attempted to access index 0 from array 'Targets' of length 0 in '/Game/2DSideScrollerBP/Blueprints/Minions/Tower.Tower_C'!
[2019.02.22-16.05.31:345][ 88]LogScript: Warning: Script Msg: Attempted to access index 0 from array 'Targets' of length 0 in '/Game/2DSideScrollerBP/Blueprints/Minions/Tower.Tower_C'!
[2019.02.22-16.05.31:750][113]LogBlueprintUserMessages: [TowerShot_C_257] Minion311
[2019.02.22-16.05.32:119][136]LogScript: Warning: Script Msg: Attempted to access index 0 from array 'Targets' of length 0 in '/Game/2DSideScrollerBP/Blueprints/Minions/Tower.Tower_C'!
[2019.02.22-16.05.32:119][136]LogScript: Warning: Script Msg: Attempted to access index 0 from array 'Targets' of length 0 in '/Game/2DSideScrollerBP/Blueprints/Minions/Tower.Tower_C'!
[2019.02.22-16.05.32:119][136]LogScript: Warning: Script Msg: Attempted to access index 0 from array 'Targets' of length 0 in '/Game/2DSideScrollerBP/Blueprints/Minions/Tower.Tower_C'!
[2019.02.22-16.05.32:284][146]LogBlueprintUserMessages: [TowerShot_C_260] Minion323
