Log file open, 02/22/19 11:00:03
LogWindows: Failed to load 'aqProf.dll' (GetLastError=126)
LogWindows: File 'aqProf.dll' does not exist
LogWindows: Failed to load 'VtuneApi.dll' (GetLastError=126)
LogWindows: File 'VtuneApi.dll' does not exist
LogWindows: Failed to load 'VtuneApi32e.dll' (GetLastError=126)
LogWindows: File 'VtuneApi32e.dll' does not exist
LogInit: Display: Running engine for game: TrenchTowers
LogPlatformFile: Not using cached read wrapper
LogTaskGraph: Started task graph with 5 named threads and 23 total threads with 3 sets of task threads.
LogStats: Stats thread started at 0.360127
LogD3D11RHI: Loaded GFSDK_Aftermath_Lib.x64.dll
LogICUInternationalization: Display: ICU TimeZone Detection - Raw Offset: -5:00, Platform Override: ''
LogPluginManager: Mounting plugin Paper2D
LogPluginManager: Mounting plugin AISupport
LogPluginManager: Mounting plugin LightPropagationVolume
LogPluginManager: Mounting plugin CLionSourceCodeAccess
LogPluginManager: Mounting plugin CodeLiteSourceCodeAccess
LogPluginManager: Mounting plugin GitSourceControl
LogPluginManager: Mounting plugin KDevelopSourceCodeAccess
LogPluginManager: Mounting plugin NullSourceCodeAccess
LogPluginManager: Mounting plugin PerforceSourceControl
LogPluginManager: Mounting plugin SubversionSourceControl
LogPluginManager: Mounting plugin UObjectPlugin
LogPluginManager: Mounting plugin VisualStudioCodeSourceCodeAccess
LogPluginManager: Mounting plugin VisualStudioSourceCodeAccess
LogPluginManager: Mounting plugin XCodeSourceCodeAccess
LogPluginManager: Mounting plugin AssetManagerEditor
LogPluginManager: Mounting plugin CryptoKeys
LogPluginManager: Mounting plugin DataValidation
LogPluginManager: Mounting plugin FacialAnimation
LogPluginManager: Mounting plugin GameplayTagsEditor
LogPluginManager: Mounting plugin MacGraphicsSwitching
LogPluginManager: Mounting plugin MeshEditor
LogPluginManager: Mounting plugin MobileLauncherProfileWizard
LogPluginManager: Mounting plugin PluginBrowser
LogPluginManager: Mounting plugin SpeedTreeImporter
LogPluginManager: Mounting plugin DatasmithContent
LogPluginManager: Mounting plugin AlembicImporter
LogPluginManager: Mounting plugin AppleImageUtils
LogPluginManager: Mounting plugin AppleVision
LogPluginManager: Mounting plugin BackChannel
LogPluginManager: Mounting plugin CharacterAI
LogPluginManager: Mounting plugin GeometryCache
LogPluginManager: Mounting plugin HTML5Networking
LogPluginManager: Mounting plugin ProxyLODPlugin
LogPluginManager: Mounting plugin MagicLeap
LogPluginManager: Mounting plugin MagicLeapEmulator
LogPluginManager: Mounting plugin MagicLeapMedia
LogPluginManager: Mounting plugin AndroidMedia
LogPluginManager: Mounting plugin AvfMedia
LogPluginManager: Mounting plugin ImgMedia
LogPluginManager: Mounting plugin LinearTimecode
LogPluginManager: Mounting plugin MediaCompositing
LogPluginManager: Mounting plugin MediaPlayerEditor
LogPluginManager: Mounting plugin WmfMedia
LogPluginManager: Mounting plugin TcpMessaging
LogPluginManager: Mounting plugin UdpMessaging
LogPluginManager: Mounting plugin ActorSequence
LogPluginManager: Mounting plugin LevelSequenceEditor
LogPluginManager: Mounting plugin MatineeToLevelSequence
LogPluginManager: Mounting plugin NetcodeUnitTest
LogPluginManager: Mounting plugin NUTUnrealEngine4
LogPluginManager: Mounting plugin OnlineFramework
LogPluginManager: Mounting plugin OnlineSubsystem
LogPluginManager: Mounting plugin OnlineSubsystemNull
LogPluginManager: Mounting plugin OnlineSubsystemSteam
LogPluginManager: Mounting plugin OnlineSubsystemUtils
LogPluginManager: Mounting plugin LauncherChunkInstaller
LogPluginManager: Mounting plugin AndroidDeviceProfileSelector
LogPluginManager: Mounting plugin AndroidMoviePlayer
LogPluginManager: Mounting plugin AndroidPermission
LogPluginManager: Mounting plugin AppleMoviePlayer
LogPluginManager: Mounting plugin ArchVisCharacter
LogPluginManager: Mounting plugin AudioCapture
LogPluginManager: Mounting plugin CableComponent
LogPluginManager: Mounting plugin CustomMeshComponent
LogPluginManager: Mounting plugin EditableMesh
LogPluginManager: Mounting plugin ExampleDeviceProfileSelector
LogPluginManager: Mounting plugin GoogleCloudMessaging
LogPluginManager: Mounting plugin ImmediatePhysics
LogPluginManager: Mounting plugin IOSDeviceProfileSelector
LogPluginManager: Mounting plugin LinuxDeviceProfileSelector
LogPluginManager: Mounting plugin LocationServicesBPLibrary
LogPluginManager: Mounting plugin MobilePatchingUtils
LogPluginManager: Mounting plugin OculusVR
LogPluginManager: Plugin shader directory ../../../Engine/Plugins/Runtime/Oculus/OculusVR/Shaders found
LogPluginManager: Mapping shader source directory ../../../Engine/Plugins/Runtime/Oculus/OculusVR/Shaders to virtual directory /Plugin/OculusVR
LogPluginManager: Mounting plugin PhysXVehicles
LogPluginManager: Mounting plugin ProceduralMeshComponent
LogPluginManager: Mounting plugin RuntimePhysXCooking
LogPluginManager: Mounting plugin SteamController
LogPluginManager: Mounting plugin SteamVR
LogPluginManager: Mounting plugin WindowsMoviePlayer
LogStreaming: Display: Took  0.103s to configure plugins.
LogInit: Using libcurl 7.55.1-DEV
LogInit:  - built for x86_64-pc-win32
LogInit:  - supports SSL with OpenSSL/1.0.2h
LogInit:  - supports HTTP deflate (compression) using libz 1.2.8
LogInit:  - other features:
LogInit:      CURL_VERSION_SSL
LogInit:      CURL_VERSION_LIBZ
LogInit:      CURL_VERSION_IPV6
LogInit:      CURL_VERSION_ASYNCHDNS
LogInit:      CURL_VERSION_LARGEFILE
LogInit:      CURL_VERSION_IDN
LogInit:  CurlRequestOptions (configurable via config and command line):
LogInit:  - bVerifyPeer = false  - Libcurl will NOT verify peer certificate
LogInit:  - bUseHttpProxy = false  - Libcurl will NOT use HTTP proxy
LogInit:  - bDontReuseConnections = false  - Libcurl will reuse connections
LogInit:  - CertBundlePath = nullptr  - Libcurl will use whatever was configured at build time.
LogInit:  - MaxHostConnections = 16  - Libcurl will limit the number of connections to a host
LogInit:  - LocalHostAddr = Default
LogInit:  - BufferSize = 65536
LogInit: WinSock: version 1.1 (2.2), MaxSocks=32767, MaxUdp=65467
LogInit: Build: ++UE4+Release-4.20-CL-4369336
LogInit: Engine Version: 4.20.3-4369336+++UE4+Release-4.20
LogInit: Compatible Engine Version: 4.20.0-4212847+++UE4+Release-4.20
LogInit: Net CL: 4212847
LogInit: OS: Windows 10 (), CPU: Intel(R) Core(TM) i7-6700HQ CPU @ 2.60GHz, GPU: Intel(R) HD Graphics 530
LogInit: Compiled (64-bit): Sep 17 2018 12:26:19
LogInit: Compiled with Visual C++: 19.13.26129.00
LogInit: Build Configuration: Development
LogInit: Branch Name: ++UE4+Release-4.20
LogInit: Command Line:  127.0.0.1:7777 -game -PIEVIACONSOLE -ResX=1280 -ResY=720  -Multiprocess -messaging -SessionName="Play in Standalone Game" -windowed GameUserSettingsINI="D:/Program Files (x86)/TrenchTowers 4.20/Saved/Config/Windows/PIEGameUserSettings1.ini" -MultiprocessSaveConfig  -MultiprocessOSS WinX=5 WinY=5 SAVEWINPOS=1
LogInit: Base Directory: D:/Program Files/Epic Games/UE_4.20/Engine/Binaries/Win64/
LogInit: Installed Engine Build: 1
LogDevObjectVersion: Number of dev versions registered: 20
LogDevObjectVersion:   Dev-Blueprints (B0D832E4-1F89-4F0D-ACCF-7EB736FD4AA2): 10
LogDevObjectVersion:   Dev-Build (E1C64328-A22C-4D53-A36C-8E866417BD8C): 0
LogDevObjectVersion:   Dev-Core (375EC13C-06E4-48FB-B500-84F0262A717E): 2
LogDevObjectVersion:   Dev-Editor (E4B068ED-F494-42E9-A231-DA0B2E46BB41): 24
LogDevObjectVersion:   Dev-Framework (CFFC743F-43B0-4480-9391-14DF171D2073): 34
LogDevObjectVersion:   Dev-Mobile (B02B49B5-BB20-44E9-A304-32B752E40360): 2
LogDevObjectVersion:   Dev-Networking (A4E4105C-59A1-49B5-A7C5-40C4547EDFEE): 0
LogDevObjectVersion:   Dev-Online (39C831C9-5AE6-47DC-9A44-9C173E1C8E7C): 0
LogDevObjectVersion:   Dev-Physics (78F01B33-EBEA-4F98-B9B4-84EACCB95AA2): 0
LogDevObjectVersion:   Dev-Platform (6631380F-2D4D-43E0-8009-CF276956A95A): 0
LogDevObjectVersion:   Dev-Rendering (12F88B9F-8875-4AFC-A67C-D90C383ABD29): 26
LogDevObjectVersion:   Dev-Sequencer (7B5AE74C-D270-4C10-A958-57980B212A5A): 9
LogDevObjectVersion:   Dev-VR (D7296918-1DD6-4BDD-9DE2-64A83CC13884): 2
LogDevObjectVersion:   Dev-LoadTimes (C2A15278-BFE7-4AFE-6C17-90FF531DF755): 1
LogDevObjectVersion:   Private-Geometry (6EACA3D4-40EC-4CC1-B786-8BED09428FC5): 3
LogDevObjectVersion:   Dev-AnimPhys (29E575DD-E0A3-4627-9D10-D276232CDCEA): 17
LogDevObjectVersion:   Dev-ReflectionCapture (6B266CEC-1EC7-4B8F-A30B-E4D90942FC07): 1
LogDevObjectVersion:   Dev-Automation (0DF73D61-A23F-47EA-B727-89E90C41499A): 1
LogDevObjectVersion:   FortniteMain (601D1886-AC64-4F84-AA16-D3DE0DEAC7D6): 12
LogDevObjectVersion:   Dev-Enterprise (9DFFBCD6-494F-0158-E221-12823C92A888): 1
LogStreaming: Display: Took  0.004s to delete old logs.
LogInit: Presizing for max 8388607 objects, including 0 objects not considered by GC, pre-allocating 0 bytes for permanent pool.
LogInit: Object subsystem initialized
[2019.02.22-16.00.03:782][  0]LogInit: Selected Device Profile: [Windows]
[2019.02.22-16.00.03:782][  0]LogInit: Applying CVar settings loaded from the selected device profile: [Windows]
[2019.02.22-16.00.03:810][  0]LogHAL: Display: Platform has ~ 16 GB [17044942848 / 17179869184 / 16], which maps to Larger [LargestMinGB=32, LargerMinGB=12, DefaultMinGB=8, SmallerMinGB=6, SmallestMinGB=0)
[2019.02.22-16.00.03:810][  0]LogInit: Setting Device Profile CVar: [[r.Vulkan.UseRealUBs:1]]
[2019.02.22-16.00.03:810][  0]LogInit: Going up to parent DeviceProfile []
[2019.02.22-16.00.03:810][  0]LogInit: Computer: DESKTOP-RI1ETNT
[2019.02.22-16.00.03:810][  0]LogInit: User: Fires
[2019.02.22-16.00.03:810][  0]LogInit: CPU Page size=4096, Cores=4
[2019.02.22-16.00.03:810][  0]LogInit: High frequency timer resolution =10.000000 MHz
[2019.02.22-16.00.03:811][  0]LogMemory: Memory total: Physical=15.9GB (16GB approx)
[2019.02.22-16.00.03:811][  0]LogMemory: Platform Memory Stats for Windows
[2019.02.22-16.00.03:811][  0]LogMemory: Process Physical Memory: 107.99 MB used, 107.99 MB peak
[2019.02.22-16.00.03:811][  0]LogMemory: Process Virtual Memory: 93.55 MB used, 93.55 MB peak
[2019.02.22-16.00.03:811][  0]LogMemory: Physical Memory: 8161.48 MB used,  8093.84 MB free, 16255.32 MB total
[2019.02.22-16.00.03:811][  0]LogMemory: Virtual Memory: 4646.39 MB used,  8093.84 MB free, 134217728.00 MB total
[2019.02.22-16.00.04:634][  0]LogInit: Using OS detected language (en-US).
[2019.02.22-16.00.04:634][  0]LogInit: Using OS detected locale (en-CA).
[2019.02.22-16.00.04:637][  0]LogTextLocalizationManager: No specific localization for 'en-US' exists, so the 'en' localization will be used.
[2019.02.22-16.00.05:142][  0]LogStreaming: Display: Took  0.508s to InitEngineTextLocalization.
[2019.02.22-16.00.05:264][  0]LogSlate: New Slate User Created.  User Index 0, Is Virtual User: 0
[2019.02.22-16.00.05:264][  0]LogSlate: Slate User Registered.  User Index 0, Is Virtual User: 0
[2019.02.22-16.00.05:321][  0]LogHMD: Failed to initialize OpenVR with code 110
[2019.02.22-16.00.05:321][  0]LogD3D11RHI: D3D11 adapters:
[2019.02.22-16.00.05:434][  0]LogD3D11RHI:    0. 'NVIDIA GeForce GTX 1070' (Feature Level 11_0)
[2019.02.22-16.00.05:434][  0]LogD3D11RHI:       8081/0/8127 MB DedicatedVideo/DedicatedSystem/SharedSystem, Outputs:1, VendorId:0x10de
[2019.02.22-16.00.05:450][  0]LogD3D11RHI:    1. 'Intel(R) HD Graphics 530' (Feature Level 11_0)
[2019.02.22-16.00.05:450][  0]LogD3D11RHI:       128/0/8127 MB DedicatedVideo/DedicatedSystem/SharedSystem, Outputs:0, VendorId:0x8086
[2019.02.22-16.00.05:455][  0]LogD3D11RHI:    2. 'Microsoft Basic Render Driver' (Feature Level 11_0)
[2019.02.22-16.00.05:455][  0]LogD3D11RHI:       0/0/8127 MB DedicatedVideo/DedicatedSystem/SharedSystem, Outputs:0, VendorId:0x1414
[2019.02.22-16.00.05:455][  0]LogD3D11RHI: Chosen D3D11 Adapter: 0
[2019.02.22-16.00.05:515][  0]LogD3D11RHI: Creating new Direct3DDevice
[2019.02.22-16.00.05:515][  0]LogD3D11RHI:     GPU DeviceId: 0x1ba1 (for the marketing name, search the web for "GPU Device Id")
[2019.02.22-16.00.05:515][  0]LogWindows: EnumDisplayDevices:
[2019.02.22-16.00.05:515][  0]LogWindows:    0. 'Intel(R) HD Graphics 530' (P:1 D:1)
[2019.02.22-16.00.05:516][  0]LogWindows:    1. 'Intel(R) HD Graphics 530' (P:0 D:0)
[2019.02.22-16.00.05:516][  0]LogWindows:    2. 'Intel(R) HD Graphics 530' (P:0 D:0)
[2019.02.22-16.00.05:517][  0]LogWindows:    3. 'NVIDIA GeForce GTX 1070' (P:0 D:0)
[2019.02.22-16.00.05:518][  0]LogWindows:    4. 'NVIDIA GeForce GTX 1070' (P:0 D:0)
[2019.02.22-16.00.05:518][  0]LogWindows:    5. 'NVIDIA GeForce GTX 1070' (P:0 D:0)
[2019.02.22-16.00.05:519][  0]LogWindows:    6. 'NVIDIA GeForce GTX 1070' (P:0 D:0)
[2019.02.22-16.00.05:519][  0]LogWindows: DebugString: PrimaryIsNotTheChoosenAdapter PrimaryIsNotTheChoosenAdapter PrimaryIsNotTheChoosenAdapter FoundDriverCount:4 
[2019.02.22-16.00.05:519][  0]LogD3D11RHI:     Adapter Name: NVIDIA GeForce GTX 1070
[2019.02.22-16.00.05:519][  0]LogD3D11RHI:   Driver Version: 417.22 (internal:25.21.14.1722, unified:417.22)
[2019.02.22-16.00.05:519][  0]LogD3D11RHI:      Driver Date: 11-29-2018
[2019.02.22-16.00.05:519][  0]LogRHI: Texture pool is 5656 MB (70% of 8081 MB)
[2019.02.22-16.00.05:587][  0]LogD3D11RHI: [Aftermath] Enabled and primed
[2019.02.22-16.00.05:587][  0]LogD3D11RHI: Async texture creation enabled
[2019.02.22-16.00.05:608][  0]LogD3D11RHI: GPU Timing Frequency: 1000.000000 (Debug: 2 2)
[2019.02.22-16.00.05:610][  0]LogShaderCompilers: Guid format shader working directory is -10 characters bigger than the processId version (../../../../../../Program Files (x86)/TrenchTowers 4.20/Intermediate/Shaders/WorkingDirectory/13008/).
[2019.02.22-16.00.05:610][  0]LogShaderCompilers: Cleaned the shader compiler working directory 'C:/Users/Fires/AppData/Local/Temp/UnrealShaderWorkingDir/00C7E7A14336A0E5182A989C75D681CB/'.
[2019.02.22-16.00.06:167][  0]LogTemp: Display: Loaded TP WindowsClientTargetPlatform
[2019.02.22-16.00.06:193][  0]LogTemp: Display: Loaded TP WindowsNoEditorTargetPlatform
[2019.02.22-16.00.06:216][  0]LogTemp: Display: Loaded TP WindowsServerTargetPlatform
[2019.02.22-16.00.06:241][  0]LogTemp: Display: Loaded TP WindowsTargetPlatform
[2019.02.22-16.00.06:241][  0]LogTargetPlatformManager: Display: Building Assets For Windows
[2019.02.22-16.00.06:425][  0]LogXGEController: Cannot use XGE Controller as Incredibuild is not installed on this machine.
[2019.02.22-16.00.06:425][  0]LogShaderCompilers: Cannot use XGE Shader Compiler as Incredibuild is not installed on this machine.
[2019.02.22-16.00.06:425][  0]LogShaderCompilers: Display: Using Local Shader Compiler.
[2019.02.22-16.00.07:452][  0]LogDerivedDataCache: Display: Max Cache Size: 512 MB
[2019.02.22-16.00.07:523][  0]LogDerivedDataCache: Loaded boot cache 0.07s 71MB C:/Users/Fires/AppData/Local/UnrealEngine/4.20/DerivedDataCache/Boot.ddc.
[2019.02.22-16.00.07:523][  0]LogDerivedDataCache: Display: Loaded Boot cache: C:/Users/Fires/AppData/Local/UnrealEngine/4.20/DerivedDataCache/Boot.ddc
[2019.02.22-16.00.07:523][  0]LogDerivedDataCache: FDerivedDataBackendGraph:  Pak pak cache file ../../../../../../Program Files (x86)/TrenchTowers 4.20/DerivedDataCache/DDC.ddp not found, will not use a pak cache.
[2019.02.22-16.00.07:523][  0]LogDerivedDataCache: Unable to find inner node Pak for hierarchical cache Hierarchy.
[2019.02.22-16.00.07:523][  0]LogDerivedDataCache: FDerivedDataBackendGraph:  CompressedPak pak cache file ../../../../../../Program Files (x86)/TrenchTowers 4.20/DerivedDataCache/Compressed.ddp not found, will not use a pak cache.
[2019.02.22-16.00.07:523][  0]LogDerivedDataCache: Unable to find inner node CompressedPak for hierarchical cache Hierarchy.
[2019.02.22-16.00.07:542][  0]LogDerivedDataCache: Display: Pak cache opened for reading ../../../Engine/DerivedDataCache/Compressed.ddp.
[2019.02.22-16.00.07:556][  0]LogDerivedDataCache: Using Local data cache path C:/Users/Fires/AppData/Local/UnrealEngine/Common/DerivedDataCache: Writable
[2019.02.22-16.00.07:556][  0]LogDerivedDataCache: Shared data cache path not found in *engine.ini, will not use an Shared cache.
[2019.02.22-16.00.07:556][  0]LogDerivedDataCache: Unable to find inner node Shared for hierarchical cache Hierarchy.
[2019.02.22-16.00.07:581][  0]LogMaterial: Verifying Global Shaders for PCD3D_SM5
[2019.02.22-16.00.07:582][  0]LogSlate: Using FreeType 2.6.0
[2019.02.22-16.00.07:584][  0]LogSlate: SlateFontServices - WITH_FREETYPE: 1, WITH_HARFBUZZ: 1
[2019.02.22-16.00.07:734][  0]LogInit: Using OS detected language (en-US).
[2019.02.22-16.00.07:734][  0]LogInit: Using OS detected locale (en-CA).
[2019.02.22-16.00.07:734][  0]LogTextLocalizationManager: No localization for 'en-US' exists, so 'en' will be used for the language.
[2019.02.22-16.00.07:734][  0]LogTextLocalizationManager: No localization for 'en-CA' exists, so 'en' will be used for the locale.
[2019.02.22-16.00.08:131][  0]LogStreaming: Display: Took  0.398s to InitGameTextLocalization.
[2019.02.22-16.00.08:146][  0]LogAssetRegistry: FAssetRegistry took 0.0060 seconds to start up
[2019.02.22-16.00.08:427][  0]LogPackageLocalizationCache: Processed 11 localized package path(s) for 1 prioritized culture(s) in 0.023650 seconds
[2019.02.22-16.00.10:255][  0]LogInit: Selected Device Profile: [Windows]
[2019.02.22-16.00.10:474][  0]LogSimplygon: Simplygon DLL not present - disabling.
[2019.02.22-16.00.10:488][  0]LogMeshReduction: Using SimplygonSwarm for distributed automatic mesh merging
[2019.02.22-16.00.10:488][  0]LogMeshReduction: Using ProxyLODMeshReduction for automatic mesh merging
[2019.02.22-16.00.10:488][  0]LogMeshReduction: Using QuadricMeshReduction for automatic static mesh reduction
[2019.02.22-16.00.10:488][  0]LogMeshReduction: No automatic skeletal mesh reduction module available
[2019.02.22-16.00.10:511][  0]LogNetVersion: TrenchTowers 1.0.0, NetCL: 4212847, EngineNetVer: 5, GameNetVer: 0 (Checksum: 1537713906)
[2019.02.22-16.00.11:392][  0]LogMoviePlayer: Initializing movie player
[2019.02.22-16.00.11:683][  0]LogTcpMessaging: Initializing TcpMessaging bridge
[2019.02.22-16.00.11:698][  0]LogUdpMessaging: Initializing bridge on interface 0.0.0.0:0 to multicast group 230.0.0.1:6666.
[2019.02.22-16.00.11:822][  0]SourceControl: Source control is disabled
[2019.02.22-16.00.11:822][  0]SourceControl: Source control is disabled
[2019.02.22-16.00.11:825][  0]SourceControl: Source control is disabled
[2019.02.22-16.00.12:066][  0]LogOnline: Display: STEAM: Loading Steam SDK 1.39
[2019.02.22-16.00.12:072][  0]LogAndroidPermission: UAndroidPermissionCallbackProxy::GetInstance
[2019.02.22-16.00.12:249][  0]LogOcInput: OculusInput pre-init called
[2019.02.22-16.00.12:268][  0]LogUObjectArray: 42395 objects as part of root set at end of initial load.
[2019.02.22-16.00.12:268][  0]LogUObjectAllocator: 7491240 out of 0 bytes used by permanent object pool.
[2019.02.22-16.00.12:268][  0]LogUObjectArray: CloseDisregardForGC: 0/0 objects in disregard for GC pool
[2019.02.22-16.00.12:352][  0]LogEngine: Initializing Engine...
[2019.02.22-16.00.12:354][  0]LogHMD: Failed to initialize OpenVR with code 110
[2019.02.22-16.00.12:370][  0]LogStats: UGameplayTagsManager::ConstructGameplayTagTree: Construct from data asset -  0.000 s
[2019.02.22-16.00.12:370][  0]LogStats: UGameplayTagsManager::ConstructGameplayTagTree: GameplayTagTreeChangedEvent.Broadcast -  0.000 s
[2019.02.22-16.00.12:595][  0]LogInit: Initializing FReadOnlyCVARCache
[2019.02.22-16.00.12:645][  0]LogInit: XAudio2 using 'Speakers / Headphones (Realtek Audio)' : 6 channels at 48 kHz using 32 bits per sample (channel mask 0x3f)
[2019.02.22-16.00.12:793][  0]LogInit: FAudioDevice initialized.
[2019.02.22-16.00.12:805][  0]LogNetVersion: Set ProjectVersion to 1.0.0.0. Version Checksum will be recalculated on next use.
[2019.02.22-16.00.12:805][  0]LogInit: Texture streaming: Enabled
[2019.02.22-16.00.13:173][  0]LogSlate: Updating window title bar state: overlay mode, drag disabled, window buttons hidden, title bar hidden
[2019.02.22-16.00.13:174][  0]LogInit: Display: Game Engine Initialized.
[2019.02.22-16.00.13:174][  0]LogGameplayTags: Display: UGameplayTagsManager::DoneAddingNativeTags. DelegateIsBound: 0
[2019.02.22-16.00.13:174][  0]LogStats: UGameplayTagsManager::ConstructGameplayTagTree: Construct from data asset -  0.000 s
[2019.02.22-16.00.13:174][  0]LogStats: UGameplayTagsManager::ConstructGameplayTagTree: GameplayTagTreeChangedEvent.Broadcast -  0.000 s
[2019.02.22-16.00.13:212][  0]LogInit: Display: Starting Game.
[2019.02.22-16.00.13:212][  0]LogNet: Browse: 127.0.0.1//Game/2DSideScrollerBP/Maps/2DSideScrollerExampleMap?Name=Player
[2019.02.22-16.00.13:213][  0]LogTemp: Display: ParseSettings for GameNetDriver
[2019.02.22-16.00.13:213][  0]LogTemp: Display: ParseSettings for IpNetDriver_0
[2019.02.22-16.00.13:213][  0]LogTemp: Display: ParseSettings for PendingNetDriver
[2019.02.22-16.00.13:213][  0]LogInit: WinSock: Socket queue 32768 / 32768
[2019.02.22-16.00.13:219][  0]LogInit: WinSock: I am DESKTOP-RI1ETNT (192.168.0.16:0)
[2019.02.22-16.00.13:220][  0]PacketHandlerLog: Loaded PacketHandler component: OnlineSubsystemSteam.SteamAuthComponentModuleInterface ()
[2019.02.22-16.00.13:220][  0]PacketHandlerLog: Loaded PacketHandler component: Engine.EngineHandlerComponentFactory (StatelessConnectHandlerComponent)
[2019.02.22-16.00.13:220][  0]LogOnline: Warning: STEAM: AUTH HANDLER: Deactivating due to missing requirements
[2019.02.22-16.00.13:220][  0]LogNet: Game client on port 7777, rate 10000
[2019.02.22-16.00.13:306][  0]LogLoad: (Engine Initialization) Total time: 16.80 seconds
[2019.02.22-16.00.13:306][  0]LogLoad: (Engine Initialization) Total Blueprint compile time: 0.00 seconds
[2019.02.22-16.00.13:540][  0]LogSteamController: SteamController is not available
[2019.02.22-16.00.13:541][  0]LogHandshake: SendChallengeResponse. Timestamp: 17.191776, Cookie: 025229016248202188245133068196184217174146099226090075142061
[2019.02.22-16.00.13:545][  0]LogContentStreaming: Texture pool size now 1000 MB
[2019.02.22-16.00.13:570][  2]LogNetVersion: TrenchTowers 1.0.0.0, NetCL: 4212847, EngineNetVer: 5, GameNetVer: 0 (Checksum: 2119075378)
[2019.02.22-16.00.13:570][  2]LogNet: UPendingNetGame::SendInitialJoin: Sending hello. [UNetConnection] RemoteAddr: 127.0.0.1:7777, Name: IpConnection_0, Driver: PendingNetDriver IpNetDriver_0, IsServer: NO, PC: NULL, Owner: NULL, UniqueId: INVALID
[2019.02.22-16.00.13:602][  4]LogNet: Welcomed by server (Level: /Game/2DSideScrollerBP/Maps/UEDPIE_0_2DSideScrollerExampleMap, Game: /Game/2DSideScrollerBP/Blueprints/Gameplay/2DSideScrollerGameMode.2DSideScrollerGameMode_C)
[2019.02.22-16.00.13:602][  4]LogLoad: LoadMap: 127.0.0.1//Game/2DSideScrollerBP/Maps/2DSideScrollerExampleMap?Name=Player?game=/Game/2DSideScrollerBP/Blueprints/Gameplay/2DSideScrollerGameMode.2DSideScrollerGameMode_C
[2019.02.22-16.00.14:727][  4]LogAIModule: Creating AISystem for world 2DSideScrollerExampleMap
[2019.02.22-16.00.14:728][  4]LogTemp: Display: ParseSettings for GameNetDriver
[2019.02.22-16.00.14:757][  4]LogWorld: Bringing World /Game/2DSideScrollerBP/Maps/2DSideScrollerExampleMap.2DSideScrollerExampleMap up for play (max tick rate 0) at 2019.02.22-11.00.14
[2019.02.22-16.00.14:757][  4]LogWorld: Bringing up level for play took: 0.028811
[2019.02.22-16.00.14:759][  4]LogLoad: Took 1.156386 seconds to LoadMap(/Game/2DSideScrollerBP/Maps/2DSideScrollerExampleMap)
[2019.02.22-16.00.14:778][  5]LogRenderer: Reallocating scene render targets to support 1280x720 Format 10 NumSamples 1 (Frame:1).
[2019.02.22-16.00.14:806][  5]LogPlayerController: Error: EnableInput can only be specified on a PlayerController for itself
[2019.02.22-16.00.14:809][  5]LogBlueprintUserMessages: [Cube_Blueprint] land
[2019.02.22-16.00.14:810][  5]LogScript: Warning: Accessed None trying to read property Player
	2DSideScrollerCharacter_C /Game/2DSideScrollerBP/Maps/2DSideScrollerExampleMap.2DSideScrollerExampleMap:PersistentLevel.2DSideScrollerCharacter_C_0
	Function /Game/2DSideScrollerBP/Blueprints/Characters/2DSideScrollerCharacter.2DSideScrollerCharacter_C:ExecuteUbergraph_2DSideScrollerCharacter:23A8
[2019.02.22-16.00.14:810][  5]LogScript: Warning: Script call stack:
	Function /Game/2DSideScrollerBP/Blueprints/Characters/2DSideScrollerCharacter.2DSideScrollerCharacter_C:UpdateArmPositionClient
	Function /Game/2DSideScrollerBP/Blueprints/Characters/2DSideScrollerCharacter.2DSideScrollerCharacter_C:ExecuteUbergraph_2DSideScrollerCharacter

[2019.02.22-16.00.14:810][  5]LogScript: Warning: Accessed None trying to read property Player
	2DSideScrollerCharacter_C /Game/2DSideScrollerBP/Maps/2DSideScrollerExampleMap.2DSideScrollerExampleMap:PersistentLevel.2DSideScrollerCharacter_C_0
	Function /Game/2DSideScrollerBP/Blueprints/Characters/2DSideScrollerCharacter.2DSideScrollerCharacter_C:ExecuteUbergraph_2DSideScrollerCharacter:2083
[2019.02.22-16.00.14:810][  5]LogScript: Warning: Script call stack:
	Function /Game/2DSideScrollerBP/Blueprints/Characters/2DSideScrollerCharacter.2DSideScrollerCharacter_C:UpdateArmPositionClient
	Function /Game/2DSideScrollerBP/Blueprints/Characters/2DSideScrollerCharacter.2DSideScrollerCharacter_C:ExecuteUbergraph_2DSideScrollerCharacter

[2019.02.22-16.00.14:810][  5]LogScript: Warning: Accessed None trying to read property Player
	2DSideScrollerCharacter_C /Game/2DSideScrollerBP/Maps/2DSideScrollerExampleMap.2DSideScrollerExampleMap:PersistentLevel.2DSideScrollerCharacter_C_0
	Function /Game/2DSideScrollerBP/Blueprints/Characters/2DSideScrollerCharacter.2DSideScrollerCharacter_C:ExecuteUbergraph_2DSideScrollerCharacter:1B40
[2019.02.22-16.00.14:810][  5]LogScript: Warning: Script call stack:
	Function /Game/2DSideScrollerBP/Blueprints/Characters/2DSideScrollerCharacter.2DSideScrollerCharacter_C:UpdateArmPositionClient
	Function /Game/2DSideScrollerBP/Blueprints/Characters/2DSideScrollerCharacter.2DSideScrollerCharacter_C:ExecuteUbergraph_2DSideScrollerCharacter

[2019.02.22-16.00.14:810][  5]LogScript: Warning: Accessed None trying to read property Player
	2DSideScrollerCharacter_C /Game/2DSideScrollerBP/Maps/2DSideScrollerExampleMap.2DSideScrollerExampleMap:PersistentLevel.2DSideScrollerCharacter_C_0
	Function /Game/2DSideScrollerBP/Blueprints/Characters/2DSideScrollerCharacter.2DSideScrollerCharacter_C:ExecuteUbergraph_2DSideScrollerCharacter:1D04
[2019.02.22-16.00.14:810][  5]LogScript: Warning: Script call stack:
	Function /Game/2DSideScrollerBP/Blueprints/Characters/2DSideScrollerCharacter.2DSideScrollerCharacter_C:UpdateArmPositionClient
	Function /Game/2DSideScrollerBP/Blueprints/Characters/2DSideScrollerCharacter.2DSideScrollerCharacter_C:ExecuteUbergraph_2DSideScrollerCharacter

[2019.02.22-16.00.14:810][  5]LogScript: Warning: Accessed None trying to read property Player
	2DSideScrollerCharacter_C /Game/2DSideScrollerBP/Maps/2DSideScrollerExampleMap.2DSideScrollerExampleMap:PersistentLevel.2DSideScrollerCharacter_C_0
	Function /Game/2DSideScrollerBP/Blueprints/Characters/2DSideScrollerCharacter.2DSideScrollerCharacter_C:ExecuteUbergraph_2DSideScrollerCharacter:23A8
[2019.02.22-16.00.14:810][  5]LogScript: Warning: Script call stack:
	Function /Game/2DSideScrollerBP/Blueprints/Characters/2DSideScrollerCharacter.2DSideScrollerCharacter_C:UpdateArmPositionClient
	Function /Game/2DSideScrollerBP/Blueprints/Characters/2DSideScrollerCharacter.2DSideScrollerCharacter_C:ExecuteUbergraph_2DSideScrollerCharacter

[2019.02.22-16.00.14:810][  5]LogScript: Warning: Accessed None trying to read property Player
	2DSideScrollerCharacter_C /Game/2DSideScrollerBP/Maps/2DSideScrollerExampleMap.2DSideScrollerExampleMap:PersistentLevel.2DSideScrollerCharacter_C_0
	Function /Game/2DSideScrollerBP/Blueprints/Characters/2DSideScrollerCharacter.2DSideScrollerCharacter_C:ExecuteUbergraph_2DSideScrollerCharacter:2083
[2019.02.22-16.00.14:810][  5]LogScript: Warning: Script call stack:
	Function /Game/2DSideScrollerBP/Blueprints/Characters/2DSideScrollerCharacter.2DSideScrollerCharacter_C:UpdateArmPositionClient
	Function /Game/2DSideScrollerBP/Blueprints/Characters/2DSideScrollerCharacter.2DSideScrollerCharacter_C:ExecuteUbergraph_2DSideScrollerCharacter

[2019.02.22-16.00.14:810][  5]LogScript: Warning: Accessed None trying to read property Player
	2DSideScrollerCharacter_C /Game/2DSideScrollerBP/Maps/2DSideScrollerExampleMap.2DSideScrollerExampleMap:PersistentLevel.2DSideScrollerCharacter_C_0
	Function /Game/2DSideScrollerBP/Blueprints/Characters/2DSideScrollerCharacter.2DSideScrollerCharacter_C:ExecuteUbergraph_2DSideScrollerCharacter:1B40
[2019.02.22-16.00.14:810][  5]LogScript: Warning: Script call stack:
	Function /Game/2DSideScrollerBP/Blueprints/Characters/2DSideScrollerCharacter.2DSideScrollerCharacter_C:UpdateArmPositionClient
	Function /Game/2DSideScrollerBP/Blueprints/Characters/2DSideScrollerCharacter.2DSideScrollerCharacter_C:ExecuteUbergraph_2DSideScrollerCharacter

[2019.02.22-16.00.14:810][  5]LogScript: Warning: Accessed None trying to read property Player
	2DSideScrollerCharacter_C /Game/2DSideScrollerBP/Maps/2DSideScrollerExampleMap.2DSideScrollerExampleMap:PersistentLevel.2DSideScrollerCharacter_C_0
	Function /Game/2DSideScrollerBP/Blueprints/Characters/2DSideScrollerCharacter.2DSideScrollerCharacter_C:ExecuteUbergraph_2DSideScrollerCharacter:1D04
[2019.02.22-16.00.14:810][  5]LogScript: Warning: Script call stack:
	Function /Game/2DSideScrollerBP/Blueprints/Characters/2DSideScrollerCharacter.2DSideScrollerCharacter_C:UpdateArmPositionClient
	Function /Game/2DSideScrollerBP/Blueprints/Characters/2DSideScrollerCharacter.2DSideScrollerCharacter_C:ExecuteUbergraph_2DSideScrollerCharacter

[2019.02.22-16.00.14:822][  6]LogScript: Warning: Accessed None trying to read property Player
	2DSideScrollerCharacter_C /Game/2DSideScrollerBP/Maps/2DSideScrollerExampleMap.2DSideScrollerExampleMap:PersistentLevel.2DSideScrollerCharacter_C_0
	Function /Game/2DSideScrollerBP/Blueprints/Characters/2DSideScrollerCharacter.2DSideScrollerCharacter_C:ExecuteUbergraph_2DSideScrollerCharacter:23A8
[2019.02.22-16.00.14:822][  6]LogScript: Warning: Script call stack:
	Function /Game/2DSideScrollerBP/Blueprints/Characters/2DSideScrollerCharacter.2DSideScrollerCharacter_C:UpdateArmPositionClient
	Function /Game/2DSideScrollerBP/Blueprints/Characters/2DSideScrollerCharacter.2DSideScrollerCharacter_C:ExecuteUbergraph_2DSideScrollerCharacter

[2019.02.22-16.00.14:822][  6]LogScript: Warning: Accessed None trying to read property Player
	2DSideScrollerCharacter_C /Game/2DSideScrollerBP/Maps/2DSideScrollerExampleMap.2DSideScrollerExampleMap:PersistentLevel.2DSideScrollerCharacter_C_0
	Function /Game/2DSideScrollerBP/Blueprints/Characters/2DSideScrollerCharacter.2DSideScrollerCharacter_C:ExecuteUbergraph_2DSideScrollerCharacter:2083
[2019.02.22-16.00.14:822][  6]LogScript: Warning: Script call stack:
	Function /Game/2DSideScrollerBP/Blueprints/Characters/2DSideScrollerCharacter.2DSideScrollerCharacter_C:UpdateArmPositionClient
	Function /Game/2DSideScrollerBP/Blueprints/Characters/2DSideScrollerCharacter.2DSideScrollerCharacter_C:ExecuteUbergraph_2DSideScrollerCharacter

[2019.02.22-16.00.14:822][  6]LogScript: Warning: Accessed None trying to read property Player
	2DSideScrollerCharacter_C /Game/2DSideScrollerBP/Maps/2DSideScrollerExampleMap.2DSideScrollerExampleMap:PersistentLevel.2DSideScrollerCharacter_C_0
	Function /Game/2DSideScrollerBP/Blueprints/Characters/2DSideScrollerCharacter.2DSideScrollerCharacter_C:ExecuteUbergraph_2DSideScrollerCharacter:1B40
[2019.02.22-16.00.14:822][  6]LogScript: Warning: Script call stack:
	Function /Game/2DSideScrollerBP/Blueprints/Characters/2DSideScrollerCharacter.2DSideScrollerCharacter_C:UpdateArmPositionClient
	Function /Game/2DSideScrollerBP/Blueprints/Characters/2DSideScrollerCharacter.2DSideScrollerCharacter_C:ExecuteUbergraph_2DSideScrollerCharacter

[2019.02.22-16.00.14:822][  6]LogScript: Warning: Accessed None trying to read property Player
	2DSideScrollerCharacter_C /Game/2DSideScrollerBP/Maps/2DSideScrollerExampleMap.2DSideScrollerExampleMap:PersistentLevel.2DSideScrollerCharacter_C_0
	Function /Game/2DSideScrollerBP/Blueprints/Characters/2DSideScrollerCharacter.2DSideScrollerCharacter_C:ExecuteUbergraph_2DSideScrollerCharacter:1D04
[2019.02.22-16.00.14:822][  6]LogScript: Warning: Script call stack:
	Function /Game/2DSideScrollerBP/Blueprints/Characters/2DSideScrollerCharacter.2DSideScrollerCharacter_C:UpdateArmPositionClient
	Function /Game/2DSideScrollerBP/Blueprints/Characters/2DSideScrollerCharacter.2DSideScrollerCharacter_C:ExecuteUbergraph_2DSideScrollerCharacter

[2019.02.22-16.00.14:822][  6]LogScript: Warning: Accessed None trying to read property Player
	2DSideScrollerCharacter_C /Game/2DSideScrollerBP/Maps/2DSideScrollerExampleMap.2DSideScrollerExampleMap:PersistentLevel.2DSideScrollerCharacter_C_0
	Function /Game/2DSideScrollerBP/Blueprints/Characters/2DSideScrollerCharacter.2DSideScrollerCharacter_C:ExecuteUbergraph_2DSideScrollerCharacter:23A8
[2019.02.22-16.00.14:822][  6]LogScript: Warning: Script call stack:
	Function /Game/2DSideScrollerBP/Blueprints/Characters/2DSideScrollerCharacter.2DSideScrollerCharacter_C:UpdateArmPositionClient
	Function /Game/2DSideScrollerBP/Blueprints/Characters/2DSideScrollerCharacter.2DSideScrollerCharacter_C:ExecuteUbergraph_2DSideScrollerCharacter

[2019.02.22-16.00.14:822][  6]LogScript: Warning: Accessed None trying to read property Player
	2DSideScrollerCharacter_C /Game/2DSideScrollerBP/Maps/2DSideScrollerExampleMap.2DSideScrollerExampleMap:PersistentLevel.2DSideScrollerCharacter_C_0
	Function /Game/2DSideScrollerBP/Blueprints/Characters/2DSideScrollerCharacter.2DSideScrollerCharacter_C:ExecuteUbergraph_2DSideScrollerCharacter:2083
[2019.02.22-16.00.14:822][  6]LogScript: Warning: Script call stack:
	Function /Game/2DSideScrollerBP/Blueprints/Characters/2DSideScrollerCharacter.2DSideScrollerCharacter_C:UpdateArmPositionClient
	Function /Game/2DSideScrollerBP/Blueprints/Characters/2DSideScrollerCharacter.2DSideScrollerCharacter_C:ExecuteUbergraph_2DSideScrollerCharacter

[2019.02.22-16.00.14:823][  6]LogScript: Warning: Accessed None trying to read property Player
	2DSideScrollerCharacter_C /Game/2DSideScrollerBP/Maps/2DSideScrollerExampleMap.2DSideScrollerExampleMap:PersistentLevel.2DSideScrollerCharacter_C_0
	Function /Game/2DSideScrollerBP/Blueprints/Characters/2DSideScrollerCharacter.2DSideScrollerCharacter_C:ExecuteUbergraph_2DSideScrollerCharacter:1B40
[2019.02.22-16.00.14:823][  6]LogScript: Warning: Script call stack:
	Function /Game/2DSideScrollerBP/Blueprints/Characters/2DSideScrollerCharacter.2DSideScrollerCharacter_C:UpdateArmPositionClient
	Function /Game/2DSideScrollerBP/Blueprints/Characters/2DSideScrollerCharacter.2DSideScrollerCharacter_C:ExecuteUbergraph_2DSideScrollerCharacter

[2019.02.22-16.00.14:823][  6]LogScript: Warning: Accessed None trying to read property Player
	2DSideScrollerCharacter_C /Game/2DSideScrollerBP/Maps/2DSideScrollerExampleMap.2DSideScrollerExampleMap:PersistentLevel.2DSideScrollerCharacter_C_0
	Function /Game/2DSideScrollerBP/Blueprints/Characters/2DSideScrollerCharacter.2DSideScrollerCharacter_C:ExecuteUbergraph_2DSideScrollerCharacter:1D04
[2019.02.22-16.00.14:823][  6]LogScript: Warning: Script call stack:
	Function /Game/2DSideScrollerBP/Blueprints/Characters/2DSideScrollerCharacter.2DSideScrollerCharacter_C:UpdateArmPositionClient
	Function /Game/2DSideScrollerBP/Blueprints/Characters/2DSideScrollerCharacter.2DSideScrollerCharacter_C:ExecuteUbergraph_2DSideScrollerCharacter

[2019.02.22-16.00.14:838][  7]LogScript: Warning: Accessed None trying to read property Player
	2DSideScrollerCharacter_C /Game/2DSideScrollerBP/Maps/2DSideScrollerExampleMap.2DSideScrollerExampleMap:PersistentLevel.2DSideScrollerCharacter_C_0
	Function /Game/2DSideScrollerBP/Blueprints/Characters/2DSideScrollerCharacter.2DSideScrollerCharacter_C:ExecuteUbergraph_2DSideScrollerCharacter:23A8
[2019.02.22-16.00.14:838][  7]LogScript: Warning: Script call stack:
	Function /Game/2DSideScrollerBP/Blueprints/Characters/2DSideScrollerCharacter.2DSideScrollerCharacter_C:UpdateArmPositionClient
	Function /Game/2DSideScrollerBP/Blueprints/Characters/2DSideScrollerCharacter.2DSideScrollerCharacter_C:ExecuteUbergraph_2DSideScrollerCharacter

[2019.02.22-16.00.15:548][ 51]LogOnline: Warning: OSS: No game present to join for session (GameSession)
[2019.02.22-16.00.15:580][ 53]LogScript: Warning: Script Msg: Attempted to access index 0 from array 'Targets' of length 0 in '/Game/2DSideScrollerBP/Blueprints/Minions/Tower.Tower_C'!
[2019.02.22-16.00.15:584][ 53]LogScript: Warning: Script Msg: Attempted to access index 0 from array 'Targets' of length 0 in '/Game/2DSideScrollerBP/Blueprints/Minions/Tower.Tower_C'!
[2019.02.22-16.00.15:584][ 53]LogScript: Warning: Script Msg: Attempted to access index 0 from array 'Targets' of length 0 in '/Game/2DSideScrollerBP/Blueprints/Minions/Tower.Tower_C'!
[2019.02.22-16.00.15:585][ 53]LogScript: Warning: Script Msg: Attempted to access index 0 from array 'Targets' of length 0 in '/Game/2DSideScrollerBP/Blueprints/Minions/Tower.Tower_C'!
[2019.02.22-16.00.15:585][ 53]LogScript: Warning: Script Msg: Attempted to access index 0 from array 'Targets' of length 0 in '/Game/2DSideScrollerBP/Blueprints/Minions/Tower.Tower_C'!
[2019.02.22-16.00.15:585][ 53]LogScript: Warning: Script Msg: Attempted to access index 0 from array 'Targets' of length 0 in '/Game/2DSideScrollerBP/Blueprints/Minions/Tower.Tower_C'!
[2019.02.22-16.00.15:585][ 53]LogScript: Warning: Script Msg: Attempted to access index 0 from array 'Targets' of length 0 in '/Game/2DSideScrollerBP/Blueprints/Minions/Tower.Tower_C'!
[2019.02.22-16.00.15:585][ 53]LogScript: Warning: Script Msg: Attempted to access index 0 from array 'Targets' of length 0 in '/Game/2DSideScrollerBP/Blueprints/Minions/Tower.Tower_C'!
[2019.02.22-16.00.15:585][ 53]LogScript: Warning: Script Msg: Attempted to access index 0 from array 'Targets' of length 0 in '/Game/2DSideScrollerBP/Blueprints/Minions/Tower.Tower_C'!
[2019.02.22-16.00.15:585][ 53]LogScript: Warning: Script Msg: Attempted to access index 0 from array 'Targets' of length 0 in '/Game/2DSideScrollerBP/Blueprints/Minions/Tower.Tower_C'!
[2019.02.22-16.00.15:662][ 58]LogScript: Warning: Script Msg: Attempted to access index 0 from array 'Targets' of length 0 in '/Game/2DSideScrollerBP/Blueprints/Minions/Tower.Tower_C'!
[2019.02.22-16.00.15:662][ 58]LogScript: Warning: Script Msg: Attempted to access index 0 from array 'Targets' of length 0 in '/Game/2DSideScrollerBP/Blueprints/Minions/Tower.Tower_C'!
[2019.02.22-16.00.15:727][ 62]LogScript: Warning: Script Msg: Attempted to access index 0 from array 'Targets' of length 0 in '/Game/2DSideScrollerBP/Blueprints/Minions/Tower.Tower_C'!
[2019.02.22-16.00.15:727][ 62]LogScript: Warning: Script Msg: Attempted to access index 0 from array 'Targets' of length 0 in '/Game/2DSideScrollerBP/Blueprints/Minions/Tower.Tower_C'!
[2019.02.22-16.00.15:823][ 68]LogOnline: Warning: OSS: No game present to join for session (GameSession)
[2019.02.22-16.00.16:000][ 79]LogScript: Warning: Script Msg: Attempted to access index 0 from array 'Targets' of length 0 in '/Game/2DSideScrollerBP/Blueprints/Minions/Tower.Tower_C'!
[2019.02.22-16.00.16:000][ 79]LogScript: Warning: Script Msg: Attempted to access index 0 from array 'Targets' of length 0 in '/Game/2DSideScrollerBP/Blueprints/Minions/Tower.Tower_C'!
[2019.02.22-16.00.16:000][ 79]LogScript: Warning: Script Msg: Attempted to access index 0 from array 'Targets' of length 0 in '/Game/2DSideScrollerBP/Blueprints/Minions/Tower.Tower_C'!
[2019.02.22-16.00.16:113][ 86]LogScript: Warning: Script Msg: Attempted to access index 0 from array 'Targets' of length 0 in '/Game/2DSideScrollerBP/Blueprints/Minions/Tower.Tower_C'!
[2019.02.22-16.00.16:113][ 86]LogScript: Warning: Script Msg: Attempted to access index 0 from array 'Targets' of length 0 in '/Game/2DSideScrollerBP/Blueprints/Minions/Tower.Tower_C'!
[2019.02.22-16.00.16:145][ 88]LogScript: Warning: Script Msg: Attempted to access index 0 from array 'Targets' of length 0 in '/Game/2DSideScrollerBP/Blueprints/Minions/Tower.Tower_C'!
[2019.02.22-16.00.16:146][ 88]LogScript: Warning: Script Msg: Attempted to access index 0 from array 'Targets' of length 0 in '/Game/2DSideScrollerBP/Blueprints/Minions/Tower.Tower_C'!
[2019.02.22-16.00.16:211][ 92]LogScript: Warning: Script Msg: Attempted to access index 0 from array 'Targets' of length 0 in '/Game/2DSideScrollerBP/Blueprints/Minions/Tower.Tower_C'!
[2019.02.22-16.00.16:276][ 96]LogBlueprintUserMessages: [Cube_Blueprint] land
[2019.02.22-16.00.16:310][ 98]LogBlueprintUserMessages: [Cube_Blueprint] takeoff
[2019.02.22-16.00.16:339][100]LogScript: Warning: Script Msg: Attempted to access index 0 from array 'Targets' of length 0 in '/Game/2DSideScrollerBP/Blueprints/Minions/Tower.Tower_C'!
[2019.02.22-16.00.16:339][100]LogBlueprintUserMessages: [Cube_Blueprint] land
[2019.02.22-16.00.16:341][100]LogScript: Warning: Script Msg: Attempted to access index 0 from array 'Targets' of length 0 in '/Game/2DSideScrollerBP/Blueprints/Minions/Tower.Tower_C'!
[2019.02.22-16.00.16:341][100]LogScript: Warning: Script Msg: Attempted to access index 0 from array 'Targets' of length 0 in '/Game/2DSideScrollerBP/Blueprints/Minions/Tower.Tower_C'!
[2019.02.22-16.00.16:389][103]LogBlueprintUserMessages: [Cube_Blueprint] takeoff
[2019.02.22-16.00.16:598][116]LogScript: Warning: Script Msg: Attempted to access index 0 from array 'Targets' of length 0 in '/Game/2DSideScrollerBP/Blueprints/Minions/Tower.Tower_C'!
[2019.02.22-16.00.16:598][116]LogScript: Warning: Script Msg: Attempted to access index 0 from array 'Targets' of length 0 in '/Game/2DSideScrollerBP/Blueprints/Minions/Tower.Tower_C'!
[2019.02.22-16.00.16:598][116]LogScript: Warning: Script Msg: Attempted to access index 0 from array 'Targets' of length 0 in '/Game/2DSideScrollerBP/Blueprints/Minions/Tower.Tower_C'!
[2019.02.22-16.00.16:598][116]LogScript: Warning: Script Msg: Attempted to access index 0 from array 'Targets' of length 0 in '/Game/2DSideScrollerBP/Blueprints/Minions/Tower.Tower_C'!
[2019.02.22-16.00.16:598][116]LogScript: Warning: Script Msg: Attempted to access index 0 from array 'Targets' of length 0 in '/Game/2DSideScrollerBP/Blueprints/Minions/Tower.Tower_C'!
[2019.02.22-16.00.16:598][116]LogScript: Warning: Script Msg: Attempted to access index 0 from array 'Targets' of length 0 in '/Game/2DSideScrollerBP/Blueprints/Minions/Tower.Tower_C'!
[2019.02.22-16.00.16:742][125]LogBlueprintUserMessages: [Cube_Blueprint] land
[2019.02.22-16.00.18:197][215]LogScript: Warning: Script Msg: Attempted to access index 0 from array 'Targets' of length 0 in '/Game/2DSideScrollerBP/Blueprints/Minions/Tower.Tower_C'!
[2019.02.22-16.00.18:197][215]LogScript: Warning: Script Msg: Attempted to access index 0 from array 'Targets' of length 0 in '/Game/2DSideScrollerBP/Blueprints/Minions/Tower.Tower_C'!
[2019.02.22-16.00.18:212][216]LogScript: Warning: Script Msg: Attempted to access index 0 from array 'Targets' of length 0 in '/Game/2DSideScrollerBP/Blueprints/Minions/Tower.Tower_C'!
[2019.02.22-16.00.18:212][216]LogScript: Warning: Script Msg: Attempted to access index 0 from array 'Targets' of length 0 in '/Game/2DSideScrollerBP/Blueprints/Minions/Tower.Tower_C'!
[2019.02.22-16.00.20:196][339]LogScript: Warning: Script Msg: Attempted to access index 0 from array 'Targets' of length 0 in '/Game/2DSideScrollerBP/Blueprints/Minions/Tower.Tower_C'!
[2019.02.22-16.00.20:196][339]LogScript: Warning: Script Msg: Attempted to access index 0 from array 'Targets' of length 0 in '/Game/2DSideScrollerBP/Blueprints/Minions/Tower.Tower_C'!
[2019.02.22-16.00.20:196][339]LogScript: Warning: Script Msg: Attempted to access index 0 from array 'Targets' of length 0 in '/Game/2DSideScrollerBP/Blueprints/Minions/Tower.Tower_C'!
[2019.02.22-16.00.20:211][340]LogScript: Warning: Script Msg: Attempted to access index 0 from array 'Targets' of length 0 in '/Game/2DSideScrollerBP/Blueprints/Minions/Tower.Tower_C'!
[2019.02.22-16.00.20:227][341]LogScript: Warning: Script Msg: Attempted to access index 0 from array 'Targets' of length 0 in '/Game/2DSideScrollerBP/Blueprints/Minions/Tower.Tower_C'!
[2019.02.22-16.00.20:244][342]LogScript: Warning: Script Msg: Attempted to access index 0 from array 'Targets' of length 0 in '/Game/2DSideScrollerBP/Blueprints/Minions/Tower.Tower_C'!
[2019.02.22-16.00.20:244][342]LogScript: Warning: Script Msg: Attempted to access index 0 from array 'Targets' of length 0 in '/Game/2DSideScrollerBP/Blueprints/Minions/Tower.Tower_C'!
[2019.02.22-16.00.20:244][342]LogScript: Warning: Script Msg: Attempted to access index 0 from array 'Targets' of length 0 in '/Game/2DSideScrollerBP/Blueprints/Minions/Tower.Tower_C'!
[2019.02.22-16.00.20:260][343]LogScript: Warning: Script Msg: Attempted to access index 0 from array 'Targets' of length 0 in '/Game/2DSideScrollerBP/Blueprints/Minions/Tower.Tower_C'!
[2019.02.22-16.00.20:275][344]LogScript: Warning: Script Msg: Attempted to access index 0 from array 'Targets' of length 0 in '/Game/2DSideScrollerBP/Blueprints/Minions/Tower.Tower_C'!
[2019.02.22-16.00.22:229][465]LogScript: Warning: Script Msg: Attempted to access index 0 from array 'Targets' of length 0 in '/Game/2DSideScrollerBP/Blueprints/Minions/Tower.Tower_C'!
[2019.02.22-16.00.22:262][467]LogScript: Warning: Script Msg: Attempted to access index 0 from array 'Targets' of length 0 in '/Game/2DSideScrollerBP/Blueprints/Minions/Tower.Tower_C'!
[2019.02.22-16.00.22:421][477]LogScript: Warning: Script Msg: Attempted to access index 0 from array 'Targets' of length 0 in '/Game/2DSideScrollerBP/Blueprints/Minions/Tower.Tower_C'!
[2019.02.22-16.00.22:421][477]LogScript: Warning: Script Msg: Attempted to access index 0 from array 'Targets' of length 0 in '/Game/2DSideScrollerBP/Blueprints/Minions/Tower.Tower_C'!
[2019.02.22-16.00.22:421][477]LogScript: Warning: Script Msg: Attempted to access index 0 from array 'Targets' of length 0 in '/Game/2DSideScrollerBP/Blueprints/Minions/Tower.Tower_C'!
[2019.02.22-16.00.22:421][477]LogScript: Warning: Script Msg: Attempted to access index 0 from array 'Targets' of length 0 in '/Game/2DSideScrollerBP/Blueprints/Minions/Tower.Tower_C'!
[2019.02.22-16.00.23:438][540]LogScript: Warning: Script Msg: Attempted to access index 0 from array 'Targets' of length 0 in '/Game/2DSideScrollerBP/Blueprints/Minions/Tower.Tower_C'!
[2019.02.22-16.00.23:439][540]LogScript: Warning: Script Msg: Attempted to access index 0 from array 'Targets' of length 0 in '/Game/2DSideScrollerBP/Blueprints/Minions/Tower.Tower_C'!
[2019.02.22-16.00.23:439][540]LogScript: Warning: Script Msg: Attempted to access index 0 from array 'Targets' of length 0 in '/Game/2DSideScrollerBP/Blueprints/Minions/Tower.Tower_C'!
[2019.02.22-16.00.23:439][540]LogScript: Warning: Script Msg: Attempted to access index 0 from array 'Targets' of length 0 in '/Game/2DSideScrollerBP/Blueprints/Minions/Tower.Tower_C'!
[2019.02.22-16.00.24:034][577]LogScript: Warning: Script Msg: Attempted to access index 0 from array 'Targets' of length 0 in '/Game/2DSideScrollerBP/Blueprints/Minions/Tower.Tower_C'!
[2019.02.22-16.00.24:213][588]LogScript: Warning: Script Msg: Attempted to access index 0 from array 'Targets' of length 0 in '/Game/2DSideScrollerBP/Blueprints/Minions/Tower.Tower_C'!
[2019.02.22-16.00.24:263][591]LogScript: Warning: Script Msg: Attempted to access index 0 from array 'Targets' of length 0 in '/Game/2DSideScrollerBP/Blueprints/Minions/Tower.Tower_C'!
[2019.02.22-16.00.24:470][604]LogScript: Warning: Script Msg: Attempted to access index 0 from array 'Targets' of length 0 in '/Game/2DSideScrollerBP/Blueprints/Minions/Tower.Tower_C'!
[2019.02.22-16.00.24:470][604]LogScript: Warning: Script Msg: Attempted to access index 0 from array 'Targets' of length 0 in '/Game/2DSideScrollerBP/Blueprints/Minions/Tower.Tower_C'!
[2019.02.22-16.00.24:470][604]LogScript: Warning: Script Msg: Attempted to access index 0 from array 'Targets' of length 0 in '/Game/2DSideScrollerBP/Blueprints/Minions/Tower.Tower_C'!
[2019.02.22-16.00.24:470][604]LogScript: Warning: Script Msg: Attempted to access index 0 from array 'Targets' of length 0 in '/Game/2DSideScrollerBP/Blueprints/Minions/Tower.Tower_C'!
[2019.02.22-16.00.24:552][609]LogBlueprintUserMessages: [PBullet_C_0] Minion313
[2019.02.22-16.00.24:552][609]LogBlueprintUserMessages: [PBullet_C_0] Tower2
[2019.02.22-16.00.24:552][609]LogScript: Warning: Script Msg: Attempted to access index 0 from array 'Targets' of length 0 in '/Game/2DSideScrollerBP/Blueprints/Minions/Tower.Tower_C'!
[2019.02.22-16.00.25:486][667]LogScript: Warning: Script Msg: Attempted to access index 0 from array 'Targets' of length 0 in '/Game/2DSideScrollerBP/Blueprints/Minions/Tower.Tower_C'!
[2019.02.22-16.00.25:486][667]LogScript: Warning: Script Msg: Attempted to access index 0 from array 'Targets' of length 0 in '/Game/2DSideScrollerBP/Blueprints/Minions/Tower.Tower_C'!
[2019.02.22-16.00.25:486][667]LogScript: Warning: Script Msg: Attempted to access index 0 from array 'Targets' of length 0 in '/Game/2DSideScrollerBP/Blueprints/Minions/Tower.Tower_C'!
[2019.02.22-16.00.25:486][667]LogScript: Warning: Script Msg: Attempted to access index 0 from array 'Targets' of length 0 in '/Game/2DSideScrollerBP/Blueprints/Minions/Tower.Tower_C'!
[2019.02.22-16.00.26:537][732]LogScript: Warning: Script Msg: Attempted to access index 0 from array 'Targets' of length 0 in '/Game/2DSideScrollerBP/Blueprints/Minions/Tower.Tower_C'!
[2019.02.22-16.00.26:537][732]LogScript: Warning: Script Msg: Attempted to access index 0 from array 'Targets' of length 0 in '/Game/2DSideScrollerBP/Blueprints/Minions/Tower.Tower_C'!
[2019.02.22-16.00.26:537][732]LogScript: Warning: Script Msg: Attempted to access index 0 from array 'Targets' of length 0 in '/Game/2DSideScrollerBP/Blueprints/Minions/Tower.Tower_C'!
[2019.02.22-16.00.26:538][732]LogScript: Warning: Script Msg: Attempted to access index 0 from array 'Targets' of length 0 in '/Game/2DSideScrollerBP/Blueprints/Minions/Tower.Tower_C'!
[2019.02.22-16.00.26:870][752]LogScript: Warning: Script Msg: Attempted to access index 0 from array 'Targets' of length 0 in '/Game/2DSideScrollerBP/Blueprints/Minions/Tower.Tower_C'!
[2019.02.22-16.00.26:870][752]LogScript: Warning: Script Msg: Attempted to access index 0 from array 'Targets' of length 0 in '/Game/2DSideScrollerBP/Blueprints/Minions/Tower.Tower_C'!
[2019.02.22-16.00.26:872][752]LogScript: Warning: Script Msg: Attempted to access index 0 from array 'Targets' of length 0 in '/Game/2DSideScrollerBP/Blueprints/Minions/Tower.Tower_C'!
[2019.02.22-16.00.26:872][752]LogScript: Warning: Script Msg: Attempted to access index 0 from array 'Targets' of length 0 in '/Game/2DSideScrollerBP/Blueprints/Minions/Tower.Tower_C'!
[2019.02.22-16.00.27:533][793]LogScript: Warning: Script Msg: Attempted to access index 0 from array 'Targets' of length 0 in '/Game/2DSideScrollerBP/Blueprints/Minions/Tower.Tower_C'!
[2019.02.22-16.00.27:533][793]LogScript: Warning: Script Msg: Attempted to access index 0 from array 'Targets' of length 0 in '/Game/2DSideScrollerBP/Blueprints/Minions/Tower.Tower_C'!
[2019.02.22-16.00.27:533][793]LogScript: Warning: Script Msg: Attempted to access index 0 from array 'Targets' of length 0 in '/Game/2DSideScrollerBP/Blueprints/Minions/Tower.Tower_C'!
[2019.02.22-16.00.27:533][793]LogScript: Warning: Script Msg: Attempted to access index 0 from array 'Targets' of length 0 in '/Game/2DSideScrollerBP/Blueprints/Minions/Tower.Tower_C'!
[2019.02.22-16.00.28:539][855]LogScript: Warning: Script Msg: Attempted to access index 0 from array 'Targets' of length 0 in '/Game/2DSideScrollerBP/Blueprints/Minions/Tower.Tower_C'!
[2019.02.22-16.00.28:539][855]LogScript: Warning: Script Msg: Attempted to access index 0 from array 'Targets' of length 0 in '/Game/2DSideScrollerBP/Blueprints/Minions/Tower.Tower_C'!
[2019.02.22-16.00.28:539][855]LogScript: Warning: Script Msg: Attempted to access index 0 from array 'Targets' of length 0 in '/Game/2DSideScrollerBP/Blueprints/Minions/Tower.Tower_C'!
[2019.02.22-16.00.28:539][855]LogScript: Warning: Script Msg: Attempted to access index 0 from array 'Targets' of length 0 in '/Game/2DSideScrollerBP/Blueprints/Minions/Tower.Tower_C'!
[2019.02.22-16.00.29:560][918]LogScript: Warning: Script Msg: Attempted to access index 0 from array 'Targets' of length 0 in '/Game/2DSideScrollerBP/Blueprints/Minions/Tower.Tower_C'!
[2019.02.22-16.00.29:560][918]LogScript: Warning: Script Msg: Attempted to access index 0 from array 'Targets' of length 0 in '/Game/2DSideScrollerBP/Blueprints/Minions/Tower.Tower_C'!
[2019.02.22-16.00.29:560][918]LogScript: Warning: Script Msg: Attempted to access index 0 from array 'Targets' of length 0 in '/Game/2DSideScrollerBP/Blueprints/Minions/Tower.Tower_C'!
[2019.02.22-16.00.30:577][981]LogScript: Warning: Script Msg: Attempted to access index 0 from array 'Targets' of length 0 in '/Game/2DSideScrollerBP/Blueprints/Minions/Tower.Tower_C'!
[2019.02.22-16.00.30:577][981]LogScript: Warning: Script Msg: Attempted to access index 0 from array 'Targets' of length 0 in '/Game/2DSideScrollerBP/Blueprints/Minions/Tower.Tower_C'!
[2019.02.22-16.00.30:577][981]LogScript: Warning: Script Msg: Attempted to access index 0 from array 'Targets' of length 0 in '/Game/2DSideScrollerBP/Blueprints/Minions/Tower.Tower_C'!
[2019.02.22-16.00.30:585][981]LogScript: Warning: Script Msg: Attempted to access index 0 from array 'Targets' of length 0 in '/Game/2DSideScrollerBP/Blueprints/Minions/Tower.Tower_C'!
[2019.02.22-16.00.30:588][981]LogScript: Warning: Script Msg: Attempted to access index 0 from array 'Targets' of length 0 in '/Game/2DSideScrollerBP/Blueprints/Minions/Tower.Tower_C'!
[2019.02.22-16.00.30:592][981]LogBlueprintUserMessages: [PBullet_C_9] Brute2_ATK50
[2019.02.22-16.00.31:565][ 42]LogScript: Warning: Script Msg: Attempted to access index 0 from array 'Targets' of length 0 in '/Game/2DSideScrollerBP/Blueprints/Minions/Tower.Tower_C'!
[2019.02.22-16.00.31:565][ 42]LogScript: Warning: Script Msg: Attempted to access index 0 from array 'Targets' of length 0 in '/Game/2DSideScrollerBP/Blueprints/Minions/Tower.Tower_C'!
[2019.02.22-16.00.31:565][ 42]LogScript: Warning: Script Msg: Attempted to access index 0 from array 'Targets' of length 0 in '/Game/2DSideScrollerBP/Blueprints/Minions/Tower.Tower_C'!
[2019.02.22-16.00.32:566][104]LogScript: Warning: Script Msg: Attempted to access index 0 from array 'Targets' of length 0 in '/Game/2DSideScrollerBP/Blueprints/Minions/Tower.Tower_C'!
[2019.02.22-16.00.32:566][104]LogScript: Warning: Script Msg: Attempted to access index 0 from array 'Targets' of length 0 in '/Game/2DSideScrollerBP/Blueprints/Minions/Tower.Tower_C'!
[2019.02.22-16.00.32:566][104]LogScript: Warning: Script Msg: Attempted to access index 0 from array 'Targets' of length 0 in '/Game/2DSideScrollerBP/Blueprints/Minions/Tower.Tower_C'!
[2019.02.22-16.00.32:576][104]LogScript: Warning: Script Msg: Attempted to access index 0 from array 'Targets' of length 0 in '/Game/2DSideScrollerBP/Blueprints/Minions/Tower.Tower_C'!
[2019.02.22-16.00.32:577][104]LogScript: Warning: Script Msg: Attempted to access index 0 from array 'Targets' of length 0 in '/Game/2DSideScrollerBP/Blueprints/Minions/Tower.Tower_C'!
[2019.02.22-16.00.32:681][111]LogBlueprintUserMessages: [Cube_Blueprint] takeoff
[2019.02.22-16.00.33:568][166]LogScript: Warning: Script Msg: Attempted to access index 0 from array 'Targets' of length 0 in '/Game/2DSideScrollerBP/Blueprints/Minions/Tower.Tower_C'!
[2019.02.22-16.00.33:568][166]LogScript: Warning: Script Msg: Attempted to access index 0 from array 'Targets' of length 0 in '/Game/2DSideScrollerBP/Blueprints/Minions/Tower.Tower_C'!
[2019.02.22-16.00.33:568][166]LogScript: Warning: Script Msg: Attempted to access index 0 from array 'Targets' of length 0 in '/Game/2DSideScrollerBP/Blueprints/Minions/Tower.Tower_C'!
[2019.02.22-16.00.33:682][173]LogBlueprintUserMessages: [Cube_Blueprint] land
[2019.02.22-16.00.34:584][229]LogScript: Warning: Script Msg: Attempted to access index 0 from array 'Targets' of length 0 in '/Game/2DSideScrollerBP/Blueprints/Minions/Tower.Tower_C'!
[2019.02.22-16.00.34:584][229]LogScript: Warning: Script Msg: Attempted to access index 0 from array 'Targets' of length 0 in '/Game/2DSideScrollerBP/Blueprints/Minions/Tower.Tower_C'!
[2019.02.22-16.00.34:584][229]LogScript: Warning: Script Msg: Attempted to access index 0 from array 'Targets' of length 0 in '/Game/2DSideScrollerBP/Blueprints/Minions/Tower.Tower_C'!
[2019.02.22-16.00.34:593][229]LogScript: Warning: Script Msg: Attempted to access index 0 from array 'Targets' of length 0 in '/Game/2DSideScrollerBP/Blueprints/Minions/Tower.Tower_C'!
[2019.02.22-16.00.34:593][229]LogScript: Warning: Script Msg: Attempted to access index 0 from array 'Targets' of length 0 in '/Game/2DSideScrollerBP/Blueprints/Minions/Tower.Tower_C'!
[2019.02.22-16.00.34:595][229]LogScript: Warning: Script Msg: Attempted to access index 0 from array 'Targets' of length 0 in '/Game/2DSideScrollerBP/Blueprints/Minions/Tower.Tower_C'!
[2019.02.22-16.00.34:595][229]LogScript: Warning: Script Msg: Attempted to access index 0 from array 'Targets' of length 0 in '/Game/2DSideScrollerBP/Blueprints/Minions/Tower.Tower_C'!
[2019.02.22-16.00.35:585][291]LogScript: Warning: Script Msg: Attempted to access index 0 from array 'Targets' of length 0 in '/Game/2DSideScrollerBP/Blueprints/Minions/Tower.Tower_C'!
[2019.02.22-16.00.35:585][291]LogScript: Warning: Script Msg: Attempted to access index 0 from array 'Targets' of length 0 in '/Game/2DSideScrollerBP/Blueprints/Minions/Tower.Tower_C'!
[2019.02.22-16.00.35:585][291]LogScript: Warning: Script Msg: Attempted to access index 0 from array 'Targets' of length 0 in '/Game/2DSideScrollerBP/Blueprints/Minions/Tower.Tower_C'!
[2019.02.22-16.00.36:585][353]LogScript: Warning: Script Msg: Attempted to access index 0 from array 'Targets' of length 0 in '/Game/2DSideScrollerBP/Blueprints/Minions/Tower.Tower_C'!
[2019.02.22-16.00.36:585][353]LogScript: Warning: Script Msg: Attempted to access index 0 from array 'Targets' of length 0 in '/Game/2DSideScrollerBP/Blueprints/Minions/Tower.Tower_C'!
[2019.02.22-16.00.36:585][353]LogScript: Warning: Script Msg: Attempted to access index 0 from array 'Targets' of length 0 in '/Game/2DSideScrollerBP/Blueprints/Minions/Tower.Tower_C'!
[2019.02.22-16.00.37:312][398]LogBlueprintUserMessages: [Cube_Blueprint] takeoff
[2019.02.22-16.00.37:586][415]LogScript: Warning: Script Msg: Attempted to access index 0 from array 'Targets' of length 0 in '/Game/2DSideScrollerBP/Blueprints/Minions/Tower.Tower_C'!
[2019.02.22-16.00.37:586][415]LogScript: Warning: Script Msg: Attempted to access index 0 from array 'Targets' of length 0 in '/Game/2DSideScrollerBP/Blueprints/Minions/Tower.Tower_C'!
[2019.02.22-16.00.37:586][415]LogScript: Warning: Script Msg: Attempted to access index 0 from array 'Targets' of length 0 in '/Game/2DSideScrollerBP/Blueprints/Minions/Tower.Tower_C'!
[2019.02.22-16.00.38:346][462]LogBlueprintUserMessages: [Cube_Blueprint] land
[2019.02.22-16.00.38:585][477]LogScript: Warning: Script Msg: Attempted to access index 0 from array 'Targets' of length 0 in '/Game/2DSideScrollerBP/Blueprints/Minions/Tower.Tower_C'!
[2019.02.22-16.00.38:585][477]LogScript: Warning: Script Msg: Attempted to access index 0 from array 'Targets' of length 0 in '/Game/2DSideScrollerBP/Blueprints/Minions/Tower.Tower_C'!
[2019.02.22-16.00.38:585][477]LogScript: Warning: Script Msg: Attempted to access index 0 from array 'Targets' of length 0 in '/Game/2DSideScrollerBP/Blueprints/Minions/Tower.Tower_C'!
[2019.02.22-16.00.38:588][477]LogScript: Warning: Script Msg: Attempted to access index 0 from array 'Targets' of length 0 in '/Game/2DSideScrollerBP/Blueprints/Minions/Tower.Tower_C'!
[2019.02.22-16.00.38:591][477]LogScript: Warning: Script Msg: Attempted to access index 0 from array 'Targets' of length 0 in '/Game/2DSideScrollerBP/Blueprints/Minions/Tower.Tower_C'!
[2019.02.22-16.00.38:957][500]LogBlueprintUserMessages: [TowerShot_C_134] Minion325
[2019.02.22-16.00.38:957][500]LogBlueprintUserMessages: [TowerShot_C_133] Minion324
[2019.02.22-16.00.38:957][500]LogBlueprintUserMessages: [TowerShot_C_132] Minion329
[2019.02.22-16.00.38:990][502]LogBlueprintUserMessages: [TowerShot_C_133] Minion225
[2019.02.22-16.00.38:990][502]LogBlueprintUserMessages: [TowerShot_C_132] Minion227
[2019.02.22-16.00.38:990][502]LogBlueprintUserMessages: [TowerShot_C_134] Minion229
[2019.02.22-16.00.38:990][502]LogBlueprintUserMessages: [TowerShot_C_133] Brute33
[2019.02.22-16.00.38:991][502]LogBlueprintUserMessages: [TowerShot_C_132] Brute34
[2019.02.22-16.00.38:991][502]LogBlueprintUserMessages: [TowerShot_C_134] Brute3
[2019.02.22-16.00.39:007][503]LogBlueprintUserMessages: [TowerShot_C_133] Brute13
[2019.02.22-16.00.39:007][503]LogBlueprintUserMessages: [TowerShot_C_133] Minion214
[2019.02.22-16.00.39:007][503]LogBlueprintUserMessages: [TowerShot_C_132] Brute1
[2019.02.22-16.00.39:007][503]LogBlueprintUserMessages: [TowerShot_C_132] Minion29
[2019.02.22-16.00.39:008][503]LogBlueprintUserMessages: [TowerShot_C_134] Brute15
[2019.02.22-16.00.39:008][503]LogBlueprintUserMessages: [TowerShot_C_134] Minion213
[2019.02.22-16.00.39:021][504]LogBlueprintUserMessages: [TowerShot_C_132] Minion2
[2019.02.22-16.00.39:021][504]LogBlueprintUserMessages: [TowerShot_C_132] Brute2
[2019.02.22-16.00.39:021][504]LogBlueprintUserMessages: [TowerShot_C_133] Brute21
[2019.02.22-16.00.39:022][504]LogBlueprintUserMessages: [TowerShot_C_132] Minion31
[2019.02.22-16.00.39:022][504]LogBlueprintUserMessages: [TowerShot_C_133] Minion26
[2019.02.22-16.00.39:022][504]LogBlueprintUserMessages: [TowerShot_C_132] Minion312
[2019.02.22-16.00.39:022][504]LogBlueprintUserMessages: [TowerShot_C_134] Minion37
[2019.02.22-16.00.39:022][504]LogBlueprintUserMessages: [TowerShot_C_133] Minion38
[2019.02.22-16.00.39:022][504]LogBlueprintUserMessages: [TowerShot_C_134] Brute25
[2019.02.22-16.00.39:022][504]LogBlueprintUserMessages: [TowerShot_C_134] Minion216
[2019.02.22-16.00.39:022][504]LogBlueprintUserMessages: [TowerShot_C_134] Minion314
[2019.02.22-16.00.39:022][504]LogBlueprintUserMessages: [TowerShot_C_133] Minion316
[2019.02.22-16.00.39:040][505]LogBlueprintUserMessages: [TowerShot_C_133] Minion134
[2019.02.22-16.00.39:041][505]LogBlueprintUserMessages: [TowerShot_C_132] Minion135
[2019.02.22-16.00.39:041][505]LogBlueprintUserMessages: [TowerShot_C_134] Minion131
[2019.02.22-16.00.39:216][516]LogBlueprintUserMessages: [TowerShot_C_136] Minion329
[2019.02.22-16.00.39:216][516]LogBlueprintUserMessages: [TowerShot_C_135] Minion325
[2019.02.22-16.00.39:216][516]LogBlueprintUserMessages: [TowerShot_C_137] Minion324
[2019.02.22-16.00.39:571][538]LogBlueprintUserMessages: [TowerShot_C_139] Brute34
[2019.02.22-16.00.39:586][539]LogScript: Warning: Script Msg: Attempted to access index 0 from array 'Targets' of length 0 in '/Game/2DSideScrollerBP/Blueprints/Minions/Tower.Tower_C'!
[2019.02.22-16.00.39:586][539]LogScript: Warning: Script Msg: Attempted to access index 0 from array 'Targets' of length 0 in '/Game/2DSideScrollerBP/Blueprints/Minions/Tower.Tower_C'!
[2019.02.22-16.00.39:586][539]LogScript: Warning: Script Msg: Attempted to access index 0 from array 'Targets' of length 0 in '/Game/2DSideScrollerBP/Blueprints/Minions/Tower.Tower_C'!
[2019.02.22-16.00.39:699][546]LogBlueprintUserMessages: [TowerShot_C_140] Minion324
[2019.02.22-16.00.39:699][546]LogBlueprintUserMessages: [TowerShot_C_138] Minion325
[2019.02.22-16.00.39:763][550]LogBlueprintUserMessages: [TowerShot_C_141] Minion329
[2019.02.22-16.00.39:764][550]LogBlueprintUserMessages: [TowerShot_C_143] Minion325
[2019.02.22-16.00.39:764][550]LogBlueprintUserMessages: [TowerShot_C_142] Minion324
[2019.02.22-16.00.39:828][554]LogBlueprintUserMessages: [TowerShot_C_141] Brute34
[2019.02.22-16.00.39:828][554]LogBlueprintUserMessages: [TowerShot_C_141] Minion227
[2019.02.22-16.00.39:828][554]LogBlueprintUserMessages: [TowerShot_C_143] Minion229
[2019.02.22-16.00.39:828][554]LogBlueprintUserMessages: [TowerShot_C_143] Brute3
[2019.02.22-16.00.39:829][554]LogBlueprintUserMessages: [TowerShot_C_142] Brute33
[2019.02.22-16.00.39:829][554]LogBlueprintUserMessages: [TowerShot_C_142] Minion225
[2019.02.22-16.00.39:861][556]LogBlueprintUserMessages: [TowerShot_C_141] Minion312
[2019.02.22-16.00.39:861][556]LogBlueprintUserMessages: [TowerShot_C_141] Brute2
[2019.02.22-16.00.39:861][556]LogBlueprintUserMessages: [TowerShot_C_141] Brute1
[2019.02.22-16.00.39:861][556]LogBlueprintUserMessages: [TowerShot_C_141] Minion29
[2019.02.22-16.00.39:861][556]LogBlueprintUserMessages: [TowerShot_C_143] Brute25
[2019.02.22-16.00.39:861][556]LogBlueprintUserMessages: [TowerShot_C_143] Minion216
[2019.02.22-16.00.39:861][556]LogBlueprintUserMessages: [TowerShot_C_143] Minion213
[2019.02.22-16.00.39:861][556]LogBlueprintUserMessages: [TowerShot_C_143] Brute15
[2019.02.22-16.00.39:861][556]LogBlueprintUserMessages: [TowerShot_C_143] Minion314
[2019.02.22-16.00.39:861][556]LogBlueprintUserMessages: [TowerShot_C_142] Minion316
[2019.02.22-16.00.39:861][556]LogBlueprintUserMessages: [TowerShot_C_142] Minion26
[2019.02.22-16.00.39:861][556]LogBlueprintUserMessages: [TowerShot_C_142] Minion214
[2019.02.22-16.00.39:861][556]LogBlueprintUserMessages: [TowerShot_C_142] Brute21
[2019.02.22-16.00.39:861][556]LogBlueprintUserMessages: [TowerShot_C_142] Brute13
[2019.02.22-16.00.39:877][557]LogBlueprintUserMessages: [TowerShot_C_141] Minion31
[2019.02.22-16.00.39:877][557]LogBlueprintUserMessages: [TowerShot_C_143] Minion37
[2019.02.22-16.00.39:877][557]LogBlueprintUserMessages: [TowerShot_C_142] Minion38
[2019.02.22-16.00.39:910][559]LogBlueprintUserMessages: [TowerShot_C_141] Minion135
[2019.02.22-16.00.39:910][559]LogBlueprintUserMessages: [TowerShot_C_143] Minion131
[2019.02.22-16.00.40:217][578]LogBlueprintUserMessages: [TowerShot_C_146] Minion324
[2019.02.22-16.00.40:217][578]LogBlueprintUserMessages: [TowerShot_C_145] Minion329
[2019.02.22-16.00.40:217][578]LogBlueprintUserMessages: [TowerShot_C_144] Minion325
[2019.02.22-16.00.40:606][602]LogScript: Warning: Script Msg: Attempted to access index 0 from array 'Targets' of length 0 in '/Game/2DSideScrollerBP/Blueprints/Minions/Tower.Tower_C'!
[2019.02.22-16.00.40:607][602]LogScript: Warning: Script Msg: Attempted to access index 0 from array 'Targets' of length 0 in '/Game/2DSideScrollerBP/Blueprints/Minions/Tower.Tower_C'!
[2019.02.22-16.00.40:701][608]LogBlueprintUserMessages: [TowerShot_C_149] Minion324
[2019.02.22-16.00.40:701][608]LogBlueprintUserMessages: [TowerShot_C_147] Minion325
[2019.02.22-16.00.40:701][608]LogBlueprintUserMessages: [TowerShot_C_148] Minion329
[2019.02.22-16.00.40:780][613]LogBlueprintUserMessages: [TowerShot_C_152] Minion325
[2019.02.22-16.00.40:781][613]LogBlueprintUserMessages: [TowerShot_C_151] Minion329
[2019.02.22-16.00.40:781][613]LogBlueprintUserMessages: [TowerShot_C_150] Minion324
[2019.02.22-16.00.40:829][616]LogBlueprintUserMessages: [TowerShot_C_152] Minion229
[2019.02.22-16.00.40:829][616]LogBlueprintUserMessages: [TowerShot_C_151] Minion227
[2019.02.22-16.00.40:829][616]LogBlueprintUserMessages: [TowerShot_C_150] Minion225
[2019.02.22-16.00.40:845][617]LogBlueprintUserMessages: [TowerShot_C_152] Brute3
[2019.02.22-16.00.40:845][617]LogBlueprintUserMessages: [TowerShot_C_151] Brute34
[2019.02.22-16.00.40:845][617]LogBlueprintUserMessages: [TowerShot_C_150] Brute33
[2019.02.22-16.00.40:878][619]LogBlueprintUserMessages: [TowerShot_C_152] Minion37
[2019.02.22-16.00.40:878][619]LogBlueprintUserMessages: [TowerShot_C_152] Minion216
[2019.02.22-16.00.40:878][619]LogBlueprintUserMessages: [TowerShot_C_152] Minion213
[2019.02.22-16.00.40:878][619]LogBlueprintUserMessages: [TowerShot_C_152] Brute25
[2019.02.22-16.00.40:878][619]LogBlueprintUserMessages: [TowerShot_C_152] Minion314
[2019.02.22-16.00.40:878][619]LogBlueprintUserMessages: [TowerShot_C_152] Brute15
[2019.02.22-16.00.40:878][619]LogBlueprintUserMessages: [TowerShot_C_151] Minion312
[2019.02.22-16.00.40:878][619]LogBlueprintUserMessages: [TowerShot_C_151] Brute2
[2019.02.22-16.00.40:878][619]LogBlueprintUserMessages: [TowerShot_C_151] Brute1
[2019.02.22-16.00.40:878][619]LogBlueprintUserMessages: [TowerShot_C_151] Minion29
[2019.02.22-16.00.40:878][619]LogBlueprintUserMessages: [TowerShot_C_151] Minion31
[2019.02.22-16.00.40:879][619]LogBlueprintUserMessages: [TowerShot_C_150] Minion316
[2019.02.22-16.00.40:879][619]LogBlueprintUserMessages: [TowerShot_C_150] Brute21
[2019.02.22-16.00.40:879][619]LogBlueprintUserMessages: [TowerShot_C_150] Minion214
[2019.02.22-16.00.40:879][619]LogBlueprintUserMessages: [TowerShot_C_150] Minion26
[2019.02.22-16.00.40:879][619]LogBlueprintUserMessages: [TowerShot_C_150] Brute13
[2019.02.22-16.00.41:221][640]LogBlueprintUserMessages: [TowerShot_C_154] Minion329
[2019.02.22-16.00.41:221][640]LogBlueprintUserMessages: [TowerShot_C_155] Minion324
[2019.02.22-16.00.41:221][640]LogBlueprintUserMessages: [TowerShot_C_153] Minion325
[2019.02.22-16.00.41:946][685]LogScript: Warning: Script Msg: Attempted to access index 0 from array 'Targets' of length 0 in '/Game/2DSideScrollerBP/Blueprints/Minions/Tower.Tower_C'!
[2019.02.22-16.00.41:946][685]LogScript: Warning: Script Msg: Attempted to access index 0 from array 'Targets' of length 0 in '/Game/2DSideScrollerBP/Blueprints/Minions/Tower.Tower_C'!
[2019.02.22-16.00.41:946][685]LogScript: Warning: Script Msg: Attempted to access index 0 from array 'Targets' of length 0 in '/Game/2DSideScrollerBP/Blueprints/Minions/Tower.Tower_C'!
[2019.02.22-16.00.41:950][685]LogBlueprintUserMessages: [TowerShot_C_157] Minion2_ATK283
[2019.02.22-16.00.41:958][685]LogBlueprintUserMessages: [TowerShot_C_156] Minion2_ATK292
[2019.02.22-16.00.42:242][703]LogBlueprintUserMessages: [TowerShot_C_158] Minion324
[2019.02.22-16.00.42:438][715]LogScript: Warning: Script Msg: Attempted to access index 3 from array 'Boss' of length 3 in '/Game/2DSideScrollerBP/Blueprints/Minions/TroopSpawner.TroopSpawner_C'!
[2019.02.22-16.00.42:438][715]LogScript: Warning: UGameplayStatics::BeginSpawningActorFromClass: can not spawn an actor from a NULL class
[2019.02.22-16.00.42:438][715]LogScript: Warning: Script Msg: Attempted to access index 4 from array 'Boss' of length 3 in '/Game/2DSideScrollerBP/Blueprints/Minions/TroopSpawner.TroopSpawner_C'!
[2019.02.22-16.00.42:438][715]LogScript: Warning: UGameplayStatics::BeginSpawningActorFromClass: can not spawn an actor from a NULL class
[2019.02.22-16.00.42:439][715]LogScript: Warning: Script Msg: Attempted to access index 5 from array 'Boss' of length 3 in '/Game/2DSideScrollerBP/Blueprints/Minions/TroopSpawner.TroopSpawner_C'!
[2019.02.22-16.00.42:439][715]LogScript: Warning: UGameplayStatics::BeginSpawningActorFromClass: can not spawn an actor from a NULL class
[2019.02.22-16.00.42:439][715]LogScript: Warning: Script Msg: Attempted to access index 6 from array 'Boss' of length 3 in '/Game/2DSideScrollerBP/Blueprints/Minions/TroopSpawner.TroopSpawner_C'!
[2019.02.22-16.00.42:439][715]LogScript: Warning: UGameplayStatics::BeginSpawningActorFromClass: can not spawn an actor from a NULL class
[2019.02.22-16.00.42:456][716]LogBlueprintUserMessages: [TowerShot_C_163] Minion329
[2019.02.22-16.00.42:456][716]LogBlueprintUserMessages: [TowerShot_C_162] Minion324
[2019.02.22-16.00.42:456][716]LogBlueprintUserMessages: [TowerShot_C_164] Minion325
[2019.02.22-16.00.42:483][718]LogScript: Warning: Script Msg: Attempted to access index 7 from array 'Boss' of length 3 in '/Game/2DSideScrollerBP/Blueprints/Minions/TroopSpawner.TroopSpawner_C'!
[2019.02.22-16.00.42:483][718]LogScript: Warning: UGameplayStatics::BeginSpawningActorFromClass: can not spawn an actor from a NULL class
[2019.02.22-16.00.42:483][718]LogScript: Warning: Script Msg: Attempted to access index 8 from array 'Boss' of length 3 in '/Game/2DSideScrollerBP/Blueprints/Minions/TroopSpawner.TroopSpawner_C'!
[2019.02.22-16.00.42:483][718]LogScript: Warning: UGameplayStatics::BeginSpawningActorFromClass: can not spawn an actor from a NULL class
[2019.02.22-16.00.42:483][718]LogScript: Warning: Script Msg: Attempted to access index 9 from array 'Boss' of length 3 in '/Game/2DSideScrollerBP/Blueprints/Minions/TroopSpawner.TroopSpawner_C'!
[2019.02.22-16.00.42:483][718]LogScript: Warning: UGameplayStatics::BeginSpawningActorFromClass: can not spawn an actor from a NULL class
[2019.02.22-16.00.42:483][718]LogScript: Warning: Script Msg: Attempted to access index 10 from array 'Boss' of length 3 in '/Game/2DSideScrollerBP/Blueprints/Minions/TroopSpawner.TroopSpawner_C'!
[2019.02.22-16.00.42:483][718]LogScript: Warning: UGameplayStatics::BeginSpawningActorFromClass: can not spawn an actor from a NULL class
[2019.02.22-16.00.42:483][718]LogScript: Warning: Script Msg: Attempted to access index 11 from array 'Boss' of length 3 in '/Game/2DSideScrollerBP/Blueprints/Minions/TroopSpawner.TroopSpawner_C'!
[2019.02.22-16.00.42:483][718]LogScript: Warning: UGameplayStatics::BeginSpawningActorFromClass: can not spawn an actor from a NULL class
[2019.02.22-16.00.42:483][718]LogScript: Warning: Script Msg: Attempted to access index 12 from array 'Boss' of length 3 in '/Game/2DSideScrollerBP/Blueprints/Minions/TroopSpawner.TroopSpawner_C'!
[2019.02.22-16.00.42:483][718]LogScript: Warning: UGameplayStatics::BeginSpawningActorFromClass: can not spawn an actor from a NULL class
[2019.02.22-16.00.42:483][718]LogScript: Warning: Script Msg: Attempted to access index 13 from array 'Boss' of length 3 in '/Game/2DSideScrollerBP/Blueprints/Minions/TroopSpawner.TroopSpawner_C'!
[2019.02.22-16.00.42:483][718]LogScript: Warning: UGameplayStatics::BeginSpawningActorFromClass: can not spawn an actor from a NULL class
[2019.02.22-16.00.42:484][718]LogScript: Warning: Script Msg: Attempted to access index 14 from array 'Boss' of length 3 in '/Game/2DSideScrollerBP/Blueprints/Minions/TroopSpawner.TroopSpawner_C'!
[2019.02.22-16.00.42:484][718]LogScript: Warning: UGameplayStatics::BeginSpawningActorFromClass: can not spawn an actor from a NULL class
[2019.02.22-16.00.42:484][718]LogScript: Warning: Script Msg: Attempted to access index 15 from array 'Boss' of length 3 in '/Game/2DSideScrollerBP/Blueprints/Minions/TroopSpawner.TroopSpawner_C'!
[2019.02.22-16.00.42:484][718]LogScript: Warning: UGameplayStatics::BeginSpawningActorFromClass: can not spawn an actor from a NULL class
[2019.02.22-16.00.42:484][718]LogScript: Warning: Script Msg: Attempted to access index 16 from array 'Boss' of length 3 in '/Game/2DSideScrollerBP/Blueprints/Minions/TroopSpawner.TroopSpawner_C'!
[2019.02.22-16.00.42:484][718]LogScript: Warning: UGameplayStatics::BeginSpawningActorFromClass: can not spawn an actor from a NULL class
[2019.02.22-16.00.42:484][718]LogScript: Warning: Script Msg: Attempted to access index 17 from array 'Boss' of length 3 in '/Game/2DSideScrollerBP/Blueprints/Minions/TroopSpawner.TroopSpawner_C'!
[2019.02.22-16.00.42:484][718]LogScript: Warning: UGameplayStatics::BeginSpawningActorFromClass: can not spawn an actor from a NULL class
[2019.02.22-16.00.42:484][718]LogScript: Warning: Script Msg: Attempted to access index 18 from array 'Boss' of length 3 in '/Game/2DSideScrollerBP/Blueprints/Minions/TroopSpawner.TroopSpawner_C'!
[2019.02.22-16.00.42:484][718]LogScript: Warning: UGameplayStatics::BeginSpawningActorFromClass: can not spawn an actor from a NULL class
[2019.02.22-16.00.42:484][718]LogScript: Warning: Script Msg: Attempted to access index 19 from array 'Boss' of length 3 in '/Game/2DSideScrollerBP/Blueprints/Minions/TroopSpawner.TroopSpawner_C'!
[2019.02.22-16.00.42:484][718]LogScript: Warning: UGameplayStatics::BeginSpawningActorFromClass: can not spawn an actor from a NULL class
[2019.02.22-16.00.42:484][718]LogScript: Warning: Script Msg: Attempted to access index 20 from array 'Boss' of length 3 in '/Game/2DSideScrollerBP/Blueprints/Minions/TroopSpawner.TroopSpawner_C'!
[2019.02.22-16.00.42:484][718]LogScript: Warning: UGameplayStatics::BeginSpawningActorFromClass: can not spawn an actor from a NULL class
