Log file open, 01/22/19 22:40:08
LogWindows: Failed to load 'aqProf.dll' (GetLastError=126)
LogWindows: File 'aqProf.dll' does not exist
LogWindows: Failed to load 'VtuneApi.dll' (GetLastError=126)
LogWindows: File 'VtuneApi.dll' does not exist
LogWindows: Failed to load 'VtuneApi32e.dll' (GetLastError=126)
LogWindows: File 'VtuneApi32e.dll' does not exist
LogInit: Display: Running engine for game: TrenchTowers
LogPlatformFile: Not using cached read wrapper
LogTaskGraph: Started task graph with 5 named threads and 23 total threads with 3 sets of task threads.
LogStats: Stats thread started at 0.408590
LogD3D11RHI: Loaded GFSDK_Aftermath_Lib.x64.dll
LogICUInternationalization: Display: ICU TimeZone Detection - Raw Offset: -5:00, Platform Override: ''
LogPluginManager: Mounting plugin Paper2D
LogPluginManager: Mounting plugin AISupport
LogPluginManager: Mounting plugin LightPropagationVolume
LogPluginManager: Mounting plugin CLionSourceCodeAccess
LogPluginManager: Mounting plugin CodeLiteSourceCodeAccess
LogPluginManager: Mounting plugin GitSourceControl
LogPluginManager: Mounting plugin KDevelopSourceCodeAccess
LogPluginManager: Mounting plugin NullSourceCodeAccess
LogPluginManager: Mounting plugin PerforceSourceControl
LogPluginManager: Mounting plugin SubversionSourceControl
LogPluginManager: Mounting plugin UObjectPlugin
LogPluginManager: Mounting plugin VisualStudioCodeSourceCodeAccess
LogPluginManager: Mounting plugin VisualStudioSourceCodeAccess
LogPluginManager: Mounting plugin XCodeSourceCodeAccess
LogPluginManager: Mounting plugin AssetManagerEditor
LogPluginManager: Mounting plugin CryptoKeys
LogPluginManager: Mounting plugin DataValidation
LogPluginManager: Mounting plugin FacialAnimation
LogPluginManager: Mounting plugin GameplayTagsEditor
LogPluginManager: Mounting plugin MacGraphicsSwitching
LogPluginManager: Mounting plugin MeshEditor
LogPluginManager: Mounting plugin MobileLauncherProfileWizard
LogPluginManager: Mounting plugin PluginBrowser
LogPluginManager: Mounting plugin SpeedTreeImporter
LogPluginManager: Mounting plugin DatasmithContent
LogPluginManager: Mounting plugin AlembicImporter
LogPluginManager: Mounting plugin AppleImageUtils
LogPluginManager: Mounting plugin AppleVision
LogPluginManager: Mounting plugin BackChannel
LogPluginManager: Mounting plugin CharacterAI
LogPluginManager: Mounting plugin GeometryCache
LogPluginManager: Mounting plugin HTML5Networking
LogPluginManager: Mounting plugin ProxyLODPlugin
LogPluginManager: Mounting plugin MagicLeap
LogPluginManager: Mounting plugin MagicLeapEmulator
LogPluginManager: Mounting plugin MagicLeapMedia
LogPluginManager: Mounting plugin AndroidMedia
LogPluginManager: Mounting plugin AvfMedia
LogPluginManager: Mounting plugin ImgMedia
LogPluginManager: Mounting plugin LinearTimecode
LogPluginManager: Mounting plugin MediaCompositing
LogPluginManager: Mounting plugin MediaPlayerEditor
LogPluginManager: Mounting plugin WmfMedia
LogPluginManager: Mounting plugin TcpMessaging
LogPluginManager: Mounting plugin UdpMessaging
LogPluginManager: Mounting plugin ActorSequence
LogPluginManager: Mounting plugin LevelSequenceEditor
LogPluginManager: Mounting plugin MatineeToLevelSequence
LogPluginManager: Mounting plugin NetcodeUnitTest
LogPluginManager: Mounting plugin NUTUnrealEngine4
LogPluginManager: Mounting plugin OnlineSubsystemGooglePlay
LogPluginManager: Mounting plugin OnlineSubsystemIOS
LogPluginManager: Mounting plugin OnlineSubsystem
LogPluginManager: Mounting plugin OnlineSubsystemNull
LogPluginManager: Mounting plugin OnlineSubsystemSteam
LogPluginManager: Mounting plugin OnlineSubsystemUtils
LogPluginManager: Mounting plugin LauncherChunkInstaller
LogPluginManager: Mounting plugin AndroidDeviceProfileSelector
LogPluginManager: Mounting plugin AndroidMoviePlayer
LogPluginManager: Mounting plugin AndroidPermission
LogPluginManager: Mounting plugin AppleMoviePlayer
LogPluginManager: Mounting plugin ArchVisCharacter
LogPluginManager: Mounting plugin AudioCapture
LogPluginManager: Mounting plugin CableComponent
LogPluginManager: Mounting plugin CustomMeshComponent
LogPluginManager: Mounting plugin EditableMesh
LogPluginManager: Mounting plugin ExampleDeviceProfileSelector
LogPluginManager: Mounting plugin GoogleCloudMessaging
LogPluginManager: Mounting plugin ImmediatePhysics
LogPluginManager: Mounting plugin IOSDeviceProfileSelector
LogPluginManager: Mounting plugin LinuxDeviceProfileSelector
LogPluginManager: Mounting plugin LocationServicesBPLibrary
LogPluginManager: Mounting plugin MobilePatchingUtils
LogPluginManager: Mounting plugin OculusVR
LogPluginManager: Plugin shader directory ../../../Engine/Plugins/Runtime/Oculus/OculusVR/Shaders found
LogPluginManager: Mapping shader source directory ../../../Engine/Plugins/Runtime/Oculus/OculusVR/Shaders to virtual directory /Plugin/OculusVR
LogPluginManager: Mounting plugin PhysXVehicles
LogPluginManager: Mounting plugin ProceduralMeshComponent
LogPluginManager: Mounting plugin RuntimePhysXCooking
LogPluginManager: Mounting plugin SteamController
LogPluginManager: Mounting plugin SteamVR
LogPluginManager: Mounting plugin WindowsMoviePlayer
LogStreaming: Display: Took  0.249s to configure plugins.
LogInit: Using libcurl 7.55.1-DEV
LogInit:  - built for x86_64-pc-win32
LogInit:  - supports SSL with OpenSSL/1.0.2h
LogInit:  - supports HTTP deflate (compression) using libz 1.2.8
LogInit:  - other features:
LogInit:      CURL_VERSION_SSL
LogInit:      CURL_VERSION_LIBZ
LogInit:      CURL_VERSION_IPV6
LogInit:      CURL_VERSION_ASYNCHDNS
LogInit:      CURL_VERSION_LARGEFILE
LogInit:      CURL_VERSION_IDN
LogInit:  CurlRequestOptions (configurable via config and command line):
LogInit:  - bVerifyPeer = false  - Libcurl will NOT verify peer certificate
LogInit:  - bUseHttpProxy = false  - Libcurl will NOT use HTTP proxy
LogInit:  - bDontReuseConnections = false  - Libcurl will reuse connections
LogInit:  - CertBundlePath = nullptr  - Libcurl will use whatever was configured at build time.
LogInit:  - MaxHostConnections = 16  - Libcurl will limit the number of connections to a host
LogInit:  - LocalHostAddr = Default
LogInit:  - BufferSize = 65536
LogOnline: Display: STEAM: Loading Steam SDK 1.39
LogOnline: Warning: STEAM: Steam API disabled!
LogOnline: Display: STEAM: OnlineSubsystemSteam::Shutdown()
LogOnline: OSS: Unable to create OnlineSubsystem module Steam
LogOnline: Verbose: OSS: Created thread (ID:3384).
LogInit: WinSock: version 1.1 (2.2), MaxSocks=32767, MaxUdp=65467
LogInit: Build: ++UE4+Release-4.20-CL-4369336
LogInit: Engine Version: 4.20.3-4369336+++UE4+Release-4.20
LogInit: Compatible Engine Version: 4.20.0-4212847+++UE4+Release-4.20
LogInit: Net CL: 4212847
LogInit: OS: Windows 10 (), CPU: Intel(R) Core(TM) i7-6700HQ CPU @ 2.60GHz, GPU: Intel(R) HD Graphics 530
LogInit: Compiled (64-bit): Sep 17 2018 12:26:19
LogInit: Compiled with Visual C++: 19.13.26129.00
LogInit: Build Configuration: Development
LogInit: Branch Name: ++UE4+Release-4.20
LogInit: Command Line: -EpicPortal  -epicusername="Pyrocku" -epicuserid=b1db12b2000c43619e5ed66b74fb5726 -epiclocale=en-US
LogInit: Base Directory: D:/Program Files/Epic Games/UE_4.20/Engine/Binaries/Win64/
LogInit: Installed Engine Build: 1
LogDevObjectVersion: Number of dev versions registered: 20
LogDevObjectVersion:   Dev-Blueprints (B0D832E4-1F89-4F0D-ACCF-7EB736FD4AA2): 10
LogDevObjectVersion:   Dev-Build (E1C64328-A22C-4D53-A36C-8E866417BD8C): 0
LogDevObjectVersion:   Dev-Core (375EC13C-06E4-48FB-B500-84F0262A717E): 2
LogDevObjectVersion:   Dev-Editor (E4B068ED-F494-42E9-A231-DA0B2E46BB41): 24
LogDevObjectVersion:   Dev-Framework (CFFC743F-43B0-4480-9391-14DF171D2073): 34
LogDevObjectVersion:   Dev-Mobile (B02B49B5-BB20-44E9-A304-32B752E40360): 2
LogDevObjectVersion:   Dev-Networking (A4E4105C-59A1-49B5-A7C5-40C4547EDFEE): 0
LogDevObjectVersion:   Dev-Online (39C831C9-5AE6-47DC-9A44-9C173E1C8E7C): 0
LogDevObjectVersion:   Dev-Physics (78F01B33-EBEA-4F98-B9B4-84EACCB95AA2): 0
LogDevObjectVersion:   Dev-Platform (6631380F-2D4D-43E0-8009-CF276956A95A): 0
LogDevObjectVersion:   Dev-Rendering (12F88B9F-8875-4AFC-A67C-D90C383ABD29): 26
LogDevObjectVersion:   Dev-Sequencer (7B5AE74C-D270-4C10-A958-57980B212A5A): 9
LogDevObjectVersion:   Dev-VR (D7296918-1DD6-4BDD-9DE2-64A83CC13884): 2
LogDevObjectVersion:   Dev-LoadTimes (C2A15278-BFE7-4AFE-6C17-90FF531DF755): 1
LogDevObjectVersion:   Private-Geometry (6EACA3D4-40EC-4CC1-B786-8BED09428FC5): 3
LogDevObjectVersion:   Dev-AnimPhys (29E575DD-E0A3-4627-9D10-D276232CDCEA): 17
LogDevObjectVersion:   Dev-ReflectionCapture (6B266CEC-1EC7-4B8F-A30B-E4D90942FC07): 1
LogDevObjectVersion:   Dev-Automation (0DF73D61-A23F-47EA-B727-89E90C41499A): 1
LogDevObjectVersion:   FortniteMain (601D1886-AC64-4F84-AA16-D3DE0DEAC7D6): 12
LogDevObjectVersion:   Dev-Enterprise (9DFFBCD6-494F-0158-E221-12823C92A888): 1
LogStreaming: Display: Took  0.005s to delete old logs.
LogInit: Presizing for max 8388607 objects, including 0 objects not considered by GC, pre-allocating 0 bytes for permanent pool.
LogInit: Object subsystem initialized
[2019.01.23-03.40.09:498][  0]LogInit: Selected Device Profile: [Windows]
[2019.01.23-03.40.09:498][  0]LogInit: Applying CVar settings loaded from the selected device profile: [Windows]
[2019.01.23-03.40.09:550][  0]LogHAL: Display: Platform has ~ 16 GB [17044942848 / 17179869184 / 16], which maps to Larger [LargestMinGB=32, LargerMinGB=12, DefaultMinGB=8, SmallerMinGB=6, SmallestMinGB=0)
[2019.01.23-03.40.09:550][  0]LogInit: Setting Device Profile CVar: [[r.Vulkan.UseRealUBs:1]]
[2019.01.23-03.40.09:550][  0]LogInit: Going up to parent DeviceProfile []
[2019.01.23-03.40.09:550][  0]LogInit: Computer: DESKTOP-RI1ETNT
[2019.01.23-03.40.09:550][  0]LogInit: User: Fires
[2019.01.23-03.40.09:550][  0]LogInit: CPU Page size=4096, Cores=4
[2019.01.23-03.40.09:550][  0]LogInit: High frequency timer resolution =10.000000 MHz
[2019.01.23-03.40.09:550][  0]LogMemory: Memory total: Physical=15.9GB (16GB approx)
[2019.01.23-03.40.09:550][  0]LogMemory: Platform Memory Stats for Windows
[2019.01.23-03.40.09:551][  0]LogMemory: Process Physical Memory: 109.29 MB used, 109.29 MB peak
[2019.01.23-03.40.09:551][  0]LogMemory: Process Virtual Memory: 93.71 MB used, 93.71 MB peak
[2019.01.23-03.40.09:551][  0]LogMemory: Physical Memory: 6455.65 MB used,  9799.68 MB free, 16255.32 MB total
[2019.01.23-03.40.09:551][  0]LogMemory: Virtual Memory: 4646.48 MB used,  9799.68 MB free, 134217728.00 MB total
[2019.01.23-03.40.10:259][  0]LogInit: Using OS detected language (en-US).
[2019.01.23-03.40.10:259][  0]LogInit: Using OS detected locale (en-CA).
[2019.01.23-03.40.10:266][  0]LogTextLocalizationManager: No specific localization for 'en-US' exists, so the 'en' localization will be used.
[2019.01.23-03.40.10:726][  0]LogStreaming: Display: Took  0.467s to InitEngineTextLocalization.
[2019.01.23-03.40.10:726][  0]LogInit: Setting process to per monitor DPI aware
[2019.01.23-03.40.10:811][  0]LogSlate: New Slate User Created.  User Index 0, Is Virtual User: 0
[2019.01.23-03.40.10:811][  0]LogSlate: Slate User Registered.  User Index 0, Is Virtual User: 0
[2019.01.23-03.40.11:280][  0]LogHMD: Failed to initialize OpenVR with code 110
[2019.01.23-03.40.11:280][  0]LogD3D11RHI: D3D11 adapters:
[2019.01.23-03.40.11:443][  0]LogD3D11RHI:    0. 'NVIDIA GeForce GTX 1070' (Feature Level 11_0)
[2019.01.23-03.40.11:443][  0]LogD3D11RHI:       8081/0/8127 MB DedicatedVideo/DedicatedSystem/SharedSystem, Outputs:1, VendorId:0x10de
[2019.01.23-03.40.11:596][  0]LogD3D11RHI:    1. 'Intel(R) HD Graphics 530' (Feature Level 11_0)
[2019.01.23-03.40.11:596][  0]LogD3D11RHI:       128/0/8127 MB DedicatedVideo/DedicatedSystem/SharedSystem, Outputs:0, VendorId:0x8086
[2019.01.23-03.40.11:599][  0]LogD3D11RHI:    2. 'Microsoft Basic Render Driver' (Feature Level 11_0)
[2019.01.23-03.40.11:599][  0]LogD3D11RHI:       0/0/8127 MB DedicatedVideo/DedicatedSystem/SharedSystem, Outputs:0, VendorId:0x1414
[2019.01.23-03.40.11:599][  0]LogD3D11RHI: Chosen D3D11 Adapter: 0
[2019.01.23-03.40.11:647][  0]LogD3D11RHI: Creating new Direct3DDevice
[2019.01.23-03.40.11:647][  0]LogD3D11RHI:     GPU DeviceId: 0x1ba1 (for the marketing name, search the web for "GPU Device Id")
[2019.01.23-03.40.11:648][  0]LogWindows: EnumDisplayDevices:
[2019.01.23-03.40.11:648][  0]LogWindows:    0. 'Intel(R) HD Graphics 530' (P:1 D:1)
[2019.01.23-03.40.11:648][  0]LogWindows:    1. 'Intel(R) HD Graphics 530' (P:0 D:0)
[2019.01.23-03.40.11:649][  0]LogWindows:    2. 'Intel(R) HD Graphics 530' (P:0 D:0)
[2019.01.23-03.40.11:650][  0]LogWindows:    3. 'NVIDIA GeForce GTX 1070' (P:0 D:0)
[2019.01.23-03.40.11:650][  0]LogWindows:    4. 'NVIDIA GeForce GTX 1070' (P:0 D:0)
[2019.01.23-03.40.11:651][  0]LogWindows:    5. 'NVIDIA GeForce GTX 1070' (P:0 D:0)
[2019.01.23-03.40.11:652][  0]LogWindows:    6. 'NVIDIA GeForce GTX 1070' (P:0 D:0)
[2019.01.23-03.40.11:652][  0]LogWindows: DebugString: PrimaryIsNotTheChoosenAdapter PrimaryIsNotTheChoosenAdapter PrimaryIsNotTheChoosenAdapter FoundDriverCount:4 
[2019.01.23-03.40.11:652][  0]LogD3D11RHI:     Adapter Name: NVIDIA GeForce GTX 1070
[2019.01.23-03.40.11:652][  0]LogD3D11RHI:   Driver Version: 417.22 (internal:25.21.14.1722, unified:417.22)
[2019.01.23-03.40.11:652][  0]LogD3D11RHI:      Driver Date: 11-29-2018
[2019.01.23-03.40.11:652][  0]LogRHI: Texture pool is 5656 MB (70% of 8081 MB)
[2019.01.23-03.40.11:718][  0]LogD3D11RHI: [Aftermath] Enabled and primed
[2019.01.23-03.40.11:718][  0]LogD3D11RHI: Async texture creation enabled
[2019.01.23-03.40.11:739][  0]LogD3D11RHI: GPU Timing Frequency: 1000.000000 (Debug: 2 2)
[2019.01.23-03.40.11:741][  0]LogShaderCompilers: Guid format shader working directory is -9 characters bigger than the processId version (../../../../../../Program Files (x86)/TrenchTowers 4.20/Intermediate/Shaders/WorkingDirectory/7108/).
[2019.01.23-03.40.11:741][  0]LogShaderCompilers: Cleaned the shader compiler working directory 'C:/Users/Fires/AppData/Local/Temp/UnrealShaderWorkingDir/1F122C6C4F89CDBCD5E8CABC56E139D3/'.
[2019.01.23-03.40.12:350][  0]LogTemp: Display: Loaded TP AllDesktopTargetPlatform
[2019.01.23-03.40.12:395][  0]LogTemp: Display: Loaded TP MacClientTargetPlatform
[2019.01.23-03.40.12:436][  0]LogTemp: Display: Loaded TP MacNoEditorTargetPlatform
[2019.01.23-03.40.12:475][  0]LogTemp: Display: Loaded TP MacServerTargetPlatform
[2019.01.23-03.40.12:514][  0]LogTemp: Display: Loaded TP MacTargetPlatform
[2019.01.23-03.40.12:556][  0]LogTemp: Display: Loaded TP WindowsClientTargetPlatform
[2019.01.23-03.40.12:596][  0]LogTemp: Display: Loaded TP WindowsNoEditorTargetPlatform
[2019.01.23-03.40.12:641][  0]LogTemp: Display: Loaded TP WindowsServerTargetPlatform
[2019.01.23-03.40.12:670][  0]LogTemp: Display: Loaded TP WindowsTargetPlatform
[2019.01.23-03.40.12:793][  0]LogTemp: Display: Loaded TP AndroidTargetPlatform
[2019.01.23-03.40.12:793][  0]LogTemp: Display: Loaded TP AndroidTargetPlatform
[2019.01.23-03.40.12:793][  0]LogTemp: Display: Loaded TP AndroidTargetPlatform
[2019.01.23-03.40.12:793][  0]LogTemp: Display: Loaded TP AndroidTargetPlatform
[2019.01.23-03.40.12:793][  0]LogTemp: Display: Loaded TP AndroidTargetPlatform
[2019.01.23-03.40.12:793][  0]LogTemp: Display: Loaded TP AndroidTargetPlatform
[2019.01.23-03.40.12:793][  0]LogTemp: Display: Loaded TP AndroidTargetPlatform
[2019.01.23-03.40.12:793][  0]LogTemp: Display: Loaded TP AndroidTargetPlatform
[2019.01.23-03.40.12:793][  0]LogTemp: Display: Loaded TP AndroidTargetPlatform
[2019.01.23-03.40.12:793][  0]LogTemp: Display: Loaded TP AndroidTargetPlatform
[2019.01.23-03.40.12:793][  0]LogTemp: Display: Loaded TP AndroidTargetPlatform
[2019.01.23-03.40.12:793][  0]LogTemp: Display: Loaded TP AndroidTargetPlatform
[2019.01.23-03.40.12:793][  0]LogTemp: Display: Loaded TP AndroidTargetPlatform
[2019.01.23-03.40.12:793][  0]LogTemp: Display: Loaded TP AndroidTargetPlatform
[2019.01.23-03.40.12:793][  0]LogTemp: Display: Loaded TP AndroidTargetPlatform
[2019.01.23-03.40.12:793][  0]LogTemp: Display: Loaded TP AndroidTargetPlatform
[2019.01.23-03.40.12:793][  0]LogTemp: Display: Loaded TP AndroidTargetPlatform
[2019.01.23-03.40.12:793][  0]LogTemp: Display: Loaded TP AndroidTargetPlatform
[2019.01.23-03.40.12:813][  0]LogTemp: Display: Loaded TP HTML5TargetPlatform
[2019.01.23-03.40.12:936][  0]LogTemp: Display: Loaded TP IOSTargetPlatform
[2019.01.23-03.40.12:936][  0]LogTemp: Display: Loaded TP IOSTargetPlatform
[2019.01.23-03.40.12:988][  0]LogTemp: Display: Loaded TP TVOSTargetPlatform
[2019.01.23-03.40.12:988][  0]LogTemp: Display: Loaded TP TVOSTargetPlatform
[2019.01.23-03.40.13:023][  0]LogTemp: Display: Loaded TP LinuxClientTargetPlatform
[2019.01.23-03.40.13:056][  0]LogTemp: Display: Loaded TP LinuxNoEditorTargetPlatform
[2019.01.23-03.40.13:092][  0]LogTemp: Display: Loaded TP LinuxServerTargetPlatform
[2019.01.23-03.40.13:134][  0]LogTemp: Display: Loaded TP LinuxTargetPlatform
[2019.01.23-03.40.13:163][  0]LogTemp: Display: Loaded TP LuminTargetPlatform
[2019.01.23-03.40.13:163][  0]LogTargetPlatformManager: Display: Building Assets For Windows
[2019.01.23-03.40.13:792][  0]LogXGEController: Cannot use XGE Controller as Incredibuild is not installed on this machine.
[2019.01.23-03.40.13:792][  0]LogShaderCompilers: Cannot use XGE Shader Compiler as Incredibuild is not installed on this machine.
[2019.01.23-03.40.13:792][  0]LogShaderCompilers: Display: Using Local Shader Compiler.
[2019.01.23-03.40.14:701][  0]LogDerivedDataCache: Display: Max Cache Size: 512 MB
[2019.01.23-03.40.14:778][  0]LogDerivedDataCache: Loaded boot cache 0.08s 85MB C:/Users/Fires/AppData/Local/UnrealEngine/4.20/DerivedDataCache/Boot.ddc.
[2019.01.23-03.40.14:778][  0]LogDerivedDataCache: Display: Loaded Boot cache: C:/Users/Fires/AppData/Local/UnrealEngine/4.20/DerivedDataCache/Boot.ddc
[2019.01.23-03.40.14:778][  0]LogDerivedDataCache: FDerivedDataBackendGraph:  Pak pak cache file ../../../../../../Program Files (x86)/TrenchTowers 4.20/DerivedDataCache/DDC.ddp not found, will not use a pak cache.
[2019.01.23-03.40.14:778][  0]LogDerivedDataCache: Unable to find inner node Pak for hierarchical cache Hierarchy.
[2019.01.23-03.40.14:778][  0]LogDerivedDataCache: FDerivedDataBackendGraph:  CompressedPak pak cache file ../../../../../../Program Files (x86)/TrenchTowers 4.20/DerivedDataCache/Compressed.ddp not found, will not use a pak cache.
[2019.01.23-03.40.14:778][  0]LogDerivedDataCache: Unable to find inner node CompressedPak for hierarchical cache Hierarchy.
[2019.01.23-03.40.14:793][  0]LogDerivedDataCache: Display: Pak cache opened for reading ../../../Engine/DerivedDataCache/Compressed.ddp.
[2019.01.23-03.40.14:808][  0]LogDerivedDataCache: Using Local data cache path C:/Users/Fires/AppData/Local/UnrealEngine/Common/DerivedDataCache: Writable
[2019.01.23-03.40.14:808][  0]LogDerivedDataCache: Shared data cache path not found in *engine.ini, will not use an Shared cache.
[2019.01.23-03.40.14:808][  0]LogDerivedDataCache: Unable to find inner node Shared for hierarchical cache Hierarchy.
[2019.01.23-03.40.14:834][  0]LogMaterial: Verifying Global Shaders for PCD3D_SM5
[2019.01.23-03.40.14:835][  0]LogSlate: Using FreeType 2.6.0
[2019.01.23-03.40.14:837][  0]LogSlate: SlateFontServices - WITH_FREETYPE: 1, WITH_HARFBUZZ: 1
[2019.01.23-03.40.15:015][  0]LogAssetRegistry: FAssetRegistry took 0.0279 seconds to start up
[2019.01.23-03.40.16:977][  0]LogInit: Selected Device Profile: [Windows]
[2019.01.23-03.40.17:417][  0]LogSimplygon: Simplygon DLL not present - disabling.
[2019.01.23-03.40.17:477][  0]LogMeshReduction: Using SimplygonSwarm for distributed automatic mesh merging
[2019.01.23-03.40.17:477][  0]LogMeshReduction: Using ProxyLODMeshReduction for automatic mesh merging
[2019.01.23-03.40.17:477][  0]LogMeshReduction: Using QuadricMeshReduction for automatic static mesh reduction
[2019.01.23-03.40.17:477][  0]LogMeshReduction: No automatic skeletal mesh reduction module available
[2019.01.23-03.40.17:498][  0]LogNetVersion: TrenchTowers 1.0.0, NetCL: 4212847, EngineNetVer: 5, GameNetVer: 0 (Checksum: 1537713906)
[2019.01.23-03.40.17:542][  0]ImportText (NetDriverDefinitions): Missing opening parenthesis: 
[2019.01.23-03.40.18:224][  0]LogPackageLocalizationCache: Processed 11 localized package path(s) for 2 prioritized culture(s) in 0.174879 seconds
[2019.01.23-03.40.18:231][  0]LogUObjectArray: 38434 objects as part of root set at end of initial load.
[2019.01.23-03.40.18:231][  0]LogUObjectAllocator: 6701144 out of 0 bytes used by permanent object pool.
[2019.01.23-03.40.18:231][  0]LogUObjectArray: CloseDisregardForGC: 0/0 objects in disregard for GC pool
[2019.01.23-03.40.21:317][  0]LogTcpMessaging: Initializing TcpMessaging bridge
[2019.01.23-03.40.21:350][  0]LogUdpMessaging: Initializing bridge on interface 0.0.0.0:0 to multicast group 230.0.0.1:6666.
[2019.01.23-03.40.21:832][  0]SourceControl: Source control is disabled
[2019.01.23-03.40.23:787][  0]LogAndroidPermission: UAndroidPermissionCallbackProxy::GetInstance
[2019.01.23-03.40.24:032][  0]LogOcInput: OculusInput pre-init called
[2019.01.23-03.40.24:246][  0]LogEngine: Initializing Engine...
[2019.01.23-03.40.24:247][  0]LogHMD: Failed to initialize OpenVR with code 110
[2019.01.23-03.40.24:251][  0]LogStats: UGameplayTagsManager::ConstructGameplayTagTree: Construct from data asset -  0.000 s
[2019.01.23-03.40.24:251][  0]LogStats: UGameplayTagsManager::ConstructGameplayTagTree: GameplayTagTreeChangedEvent.Broadcast -  0.000 s
[2019.01.23-03.40.24:523][  0]LogInit: Initializing FReadOnlyCVARCache
[2019.01.23-03.40.24:578][  0]LogAIModule: Creating AISystem for world Untitled
[2019.01.23-03.40.24:632][  0]LogInit: XAudio2 using 'Speakers / Headphones (Realtek Audio)' : 6 channels at 48 kHz using 32 bits per sample (channel mask 0x3f)
[2019.01.23-03.40.24:997][  0]LogInit: FAudioDevice initialized.
[2019.01.23-03.40.24:998][  0]LogNetVersion: Set ProjectVersion to 1.0.0.0. Version Checksum will be recalculated on next use.
[2019.01.23-03.40.25:099][  0]LogDerivedDataCache: Saved boot cache 0.10s 85MB C:/Users/Fires/AppData/Local/UnrealEngine/4.20/DerivedDataCache/Boot.ddc.
[2019.01.23-03.40.25:125][  0]LogInit: Texture streaming: Enabled
[2019.01.23-03.40.25:241][  0]LogEngineSessionManager: EngineSessionManager initialized
[2019.01.23-03.40.25:296][  0]LogInit: Transaction tracking system initialized
[2019.01.23-03.40.25:472][  0]BlueprintLog: New page: Editor Load
[2019.01.23-03.40.26:129][  0]LocalizationService: Localization service is disabled
[2019.01.23-03.40.26:863][  0]LogCook: Display: Max memory allowance for cook 16384mb min free memory 0mb
[2019.01.23-03.40.26:863][  0]LogCook: Display: Mobile HDR setting 1
[2019.01.23-03.40.26:863][  0]LogGameplayTags: Display: UGameplayTagsManager::DoneAddingNativeTags. DelegateIsBound: 0
[2019.01.23-03.40.26:863][  0]LogStats: UGameplayTagsManager::ConstructGameplayTagTree: Construct from data asset -  0.000 s
[2019.01.23-03.40.26:863][  0]LogStats: UGameplayTagsManager::ConstructGameplayTagTree: GameplayTagTreeChangedEvent.Broadcast -  0.000 s
[2019.01.23-03.40.27:492][  0]LogFileCache: Scanning file cache for directory 'D:/Program Files (x86)/TrenchTowers 4.20/Content/' took 0.04s
[2019.01.23-03.40.27:732][  0]Cmd: MAP LOAD FILE="../../../../../../Program Files (x86)/TrenchTowers 4.20/Content/2DSideScrollerBP/Maps/MainMenu.umap" TEMPLATE=0 SHOWPROGRESS=1 FEATURELEVEL=3
[2019.01.23-03.40.27:733][  0]LightingResults: New page: Lighting Build
[2019.01.23-03.40.27:742][  0]MapCheck: New page: Map Check
[2019.01.23-03.40.27:742][  0]LightingResults: New page: Lighting Build
[2019.01.23-03.40.28:114][  0]LogAIModule: Creating AISystem for world MainMenu
[2019.01.23-03.40.28:116][  0]LogEditorServer: Finished looking for orphan Actors (0.000 secs)
[2019.01.23-03.40.28:143][  0]Cmd: MAP CHECKDEP NOCLEARLOG
[2019.01.23-03.40.28:250][  0]MapCheck: Map check complete: 0 Error(s), 0 Warning(s), took 107.669ms to complete.
[2019.01.23-03.40.28:250][  0]LogFileHelpers: Loading map 'MainMenu' took 0.518
[2019.01.23-03.40.28:381][  0]LogSlate: Updating window title bar state: overlay mode, drag disabled, window buttons hidden, title bar hidden
[2019.01.23-03.40.28:397][  0]LogSlate: Updating window title bar state: overlay mode, drag disabled, window buttons hidden, title bar hidden
[2019.01.23-03.40.28:411][  0]LogSlate: Updating window title bar state: overlay mode, drag disabled, window buttons hidden, title bar hidden
[2019.01.23-03.40.28:423][  0]LogSlate: Updating window title bar state: overlay mode, drag disabled, window buttons hidden, title bar hidden
[2019.01.23-03.40.28:469][  0]LogCollectionManager: Loaded 0 collections in 0.008345 seconds
[2019.01.23-03.40.28:522][  0]LogFileCache: Scanning file cache for directory 'D:/Program Files (x86)/TrenchTowers 4.20/Saved/Collections/' took 0.01s
[2019.01.23-03.40.28:522][  0]LogFileCache: Scanning file cache for directory 'D:/Program Files (x86)/TrenchTowers 4.20/Content/Developers/Fires/Collections/' took 0.01s
[2019.01.23-03.40.28:522][  0]LogFileCache: Scanning file cache for directory 'D:/Program Files (x86)/TrenchTowers 4.20/Content/Collections/' took 0.01s
[2019.01.23-03.40.28:522][  0]LogCollectionManager: Rebuilt the GUID cache for 0 collections in 0.000000 seconds
[2019.01.23-03.40.28:539][  0]LogContentBrowser: Native class hierarchy populated in 0.0165 seconds. Added 2575 classes and 607 folders.
[2019.01.23-03.40.28:558][  0]LogContentBrowser: Native class hierarchy updated for 'WidgetCarousel' in 0.0005 seconds. Added 0 classes and 0 folders.
[2019.01.23-03.40.28:817][  0]LogContentBrowser: Native class hierarchy updated for 'AddContentDialog' in 0.0003 seconds. Added 0 classes and 0 folders.
[2019.01.23-03.40.28:856][  0]LogContentBrowser: Native class hierarchy updated for 'SceneOutliner' in 0.0003 seconds. Added 1 classes and 2 folders.
[2019.01.23-03.40.28:964][  0]LogSlate: Took 0.000293 seconds to synchronously load lazily loaded font '../../../Engine/Content/Slate/Fonts/Roboto-Regular.ttf' (155K)
[2019.01.23-03.40.28:968][  0]LogSlate: Took 0.000468 seconds to synchronously load lazily loaded font '../../../Engine/Content/Slate/Fonts/Roboto-Bold.ttf' (160K)
[2019.01.23-03.40.28:978][  0]LogSlate: Took 0.000420 seconds to synchronously load lazily loaded font '../../../Engine/Content/Editor/Slate/Fonts/FontAwesome.ttf' (139K)
[2019.01.23-03.40.28:982][  0]LogSlate: Took 0.000275 seconds to synchronously load lazily loaded font '../../../Engine/Content/Slate/Fonts/DroidSansMono.ttf' (77K)
[2019.01.23-03.40.29:124][  0]LogRenderer: Reallocating scene render targets to support 1288x632 Format 9 NumSamples 1 (Frame:1).
[2019.01.23-03.40.29:319][  0]LogContentBrowser: Native class hierarchy updated for 'HierarchicalLODOutliner' in 0.0005 seconds. Added 0 classes and 0 folders.
[2019.01.23-03.40.29:320][  0]LogLoad: (Engine Initialization) Total time: 27.71 seconds
[2019.01.23-03.40.29:320][  0]LogLoad: (Engine Initialization) Total Blueprint compile time: 0.00 seconds
[2019.01.23-03.40.29:345][  0]LogSteamController: SteamController is not available
[2019.01.23-03.40.29:367][  0]LogContentStreaming: Texture pool size now 800 MB
[2019.01.23-03.40.29:450][  2]LogAssetRegistry: Asset discovery search completed in 14.4588 seconds
[2019.01.23-03.40.29:453][  2]LogCollectionManager: Rebuilt the object cache for 0 collections in 0.000000 seconds (found 0 objects)
[2019.01.23-03.40.29:453][  2]LogCollectionManager: Fixed up redirectors for 0 collections in 0.000320 seconds (updated 0 objects)
[2019.01.23-03.40.33:463][ 14]LogSlate: Took 0.000213 seconds to synchronously load lazily loaded font '../../../Engine/Content/Slate/Fonts/Roboto-Light.ttf' (167K)
[2019.01.23-03.40.58:193][962]LogSlate: FSceneViewport::OnFocusLost() reason 0
[2019.01.23-03.40.59:914][ 49]LogTemp: Repeating last play command: Standalone Game
[2019.01.23-03.41.52:295][ 60]LogTemp: Repeating last play command: Standalone Game
[2019.01.23-03.41.55:732][ 60]LogSlate: Window 'Save Content' being destroyed
[2019.01.23-03.41.55:898][ 60]LogSlate: Took 0.000374 seconds to synchronously load lazily loaded font '../../../Engine/Content/Slate/Fonts/Roboto-Light.ttf' (167K)
[2019.01.23-03.41.56:560][ 60]LogSavePackage: Moving '../../../../../../Program Files (x86)/TrenchTowers 4.20/Saved/MainMenuA4099EA84B211BC4B42C34947D06FD20.tmp' to '../../../../../../Program Files (x86)/TrenchTowers 4.20/Content/2DSideScrollerBP/Maps/MainMenu.umap'
[2019.01.23-03.41.56:630][ 60]LogFileHelpers: Saving map 'MainMenu' took 0.710
[2019.01.23-03.42.06:413][588]LogSlate: Window 'Output Log' being destroyed
[2019.01.23-03.42.06:422][588]LogSlate: Window 'Output Log' being destroyed
[2019.01.23-03.42.25:500][ 73]LogSlate: Only BGRA pngs, bmps or icos are supported in by External Image Picker
[2019.01.23-03.42.25:880][ 87]LogTemp: Executing iPhonePackager certificates Engine -bundlename com.YourCompany.TrenchTowers
[2019.01.23-03.42.25:880][ 87]LogTemp: CWD: D:\Program Files\Epic Games\UE_4.20\Engine\Binaries\DotNET\IOS
[2019.01.23-03.42.25:880][ 87]LogTemp: Initial Dir: D:\Program Files\Epic Games\UE_4.20
[2019.01.23-03.42.25:880][ 87]LogTemp: Env CWD: D:\Program Files\Epic Games\UE_4.20\Engine\Binaries\DotNET\IOS
[2019.01.23-03.42.25:880][ 87]LogTemp: BranchPath = DESKTOP-RI1ETNT/D/Program Files/Epic Games/UE_4.20/Engine/Binaries --- GameBranchPath = DESKTOP-RI1ETNT/D/Program Files/Epic Games/UE_4.20/Engine/Binaries
[2019.01.23-03.42.25:898][ 88]LogTemp: IPP ERROR: Could not find provision directory 'C:\Users\Fires\AppData\Local/Apple Computer/MobileDevice/Provisioning Profiles/'.
[2019.01.23-03.42.54:808][775]SourceControl: fatal: /Script: '/Script' is outside repository
[2019.01.23-03.42.59:879][ 79]LogTemp: Repeating last play command: Standalone Game
[2019.01.23-03.43.27:832][849]LogDirectoryWatcher: Warning: Failed to begin reading directory changes for ../../../../../../Program Files (x86)/TrenchTowers 4.20/Plugins/. Error: The system cannot find the file specified. (0x00000002)
[2019.01.23-03.43.44:416][826]Cmd: CLOSE_SLATE_MAINFRAME
[2019.01.23-03.43.44:584][826]LogSlate: Window 'Plugins' being destroyed
[2019.01.23-03.43.44:738][826]LogDirectoryWatcher: A directory notification for '../../../Engine/Plugins/' was aborted.
[2019.01.23-03.43.44:739][826]LogSlate: Window 'TrenchTowers - Unreal Editor' being destroyed
[2019.01.23-03.43.44:740][826]LogWindowsTextInputMethodSystem: Display: IME system now deactivated.
[2019.01.23-03.43.44:981][827]Cmd: QUIT_EDITOR
[2019.01.23-03.43.45:042][827]LogExit: Preparing to exit.
[2019.01.23-03.43.45:497][827]LogExit: Editor shut down
[2019.01.23-03.43.45:497][827]LogExit: Transaction tracking system shut down
[2019.01.23-03.43.45:816][827]LogExit: Object subsystem successfully closed.
[2019.01.23-03.43.45:833][827]LogShaderCompilers: Display: Shaders left to compile 0
[2019.01.23-03.43.45:837][827]LogD3D11RHI: Shutdown
[2019.01.23-03.43.45:837][827]LogD3D11RHI: CleanupD3DDevice
[2019.01.23-03.43.45:839][827]LogD3D11RHI: ~FD3D11DynamicRHI
[2019.01.23-03.43.45:851][827]LogModuleManager: Shutting down and abandoning module ExternalImagePicker (616)
[2019.01.23-03.43.45:851][827]LogModuleManager: Shutting down and abandoning module HierarchicalLODOutliner (614)
[2019.01.23-03.43.45:851][827]LogModuleManager: Shutting down and abandoning module SceneOutliner (612)
[2019.01.23-03.43.45:851][827]LogModuleManager: Shutting down and abandoning module AddContentDialog (610)
[2019.01.23-03.43.45:852][827]LogModuleManager: Shutting down and abandoning module WidgetCarousel (609)
[2019.01.23-03.43.45:852][827]LogModuleManager: Shutting down and abandoning module EditorWidgets (606)
[2019.01.23-03.43.45:852][827]LogModuleManager: Shutting down and abandoning module CollectionManager (604)
[2019.01.23-03.43.45:852][827]LogModuleManager: Shutting down and abandoning module StatsViewer (602)
[2019.01.23-03.43.45:852][827]LogModuleManager: Shutting down and abandoning module FoliageEdit (600)
[2019.01.23-03.43.45:852][827]LogModuleManager: Shutting down and abandoning module LandscapeEditor (598)
[2019.01.23-03.43.45:852][827]LogModuleManager: Shutting down and abandoning module MeshPaintMode (596)
[2019.01.23-03.43.45:852][827]LogModuleManager: Shutting down and abandoning module SceneDepthPickerMode (594)
[2019.01.23-03.43.45:852][827]LogModuleManager: Shutting down and abandoning module ActorPickerMode (592)
[2019.01.23-03.43.45:852][827]LogModuleManager: Shutting down and abandoning module GeometryMode (590)
[2019.01.23-03.43.45:852][827]LogModuleManager: Shutting down and abandoning module TextureAlignMode (588)
[2019.01.23-03.43.45:852][827]LogModuleManager: Shutting down and abandoning module BspMode (586)
[2019.01.23-03.43.45:852][827]LogModuleManager: Shutting down and abandoning module PIEPreviewDeviceProfileSelector (584)
[2019.01.23-03.43.45:852][827]LogModuleManager: Shutting down and abandoning module SequenceRecorderSections (582)
[2019.01.23-03.43.45:852][827]LogModuleManager: Shutting down and abandoning module AutomationWorker (580)
[2019.01.23-03.43.45:852][827]LogModuleManager: Shutting down and abandoning module AudioCaptureEditor (578)
[2019.01.23-03.43.45:852][827]LogModuleManager: Shutting down and abandoning module SequenceRecorder (577)
[2019.01.23-03.43.45:852][827]LogModuleManager: Shutting down and abandoning module MatineeToLevelSequence (574)
[2019.01.23-03.43.45:852][827]LogModuleManager: Shutting down and abandoning module LevelSequenceEditor (572)
[2019.01.23-03.43.45:852][827]LogModuleManager: Shutting down and abandoning module PlacementMode (571)
[2019.01.23-03.43.45:852][827]LogModuleManager: Shutting down and abandoning module MaterialEditor (570)
[2019.01.23-03.43.45:853][827]LogModuleManager: Shutting down and abandoning module WmfMediaFactory (566)
[2019.01.23-03.43.45:853][827]LogModuleManager: Shutting down and abandoning module WmfMediaEditor (564)
[2019.01.23-03.43.45:853][827]LogModuleManager: Shutting down and abandoning module MediaPlayerEditor (562)
[2019.01.23-03.43.45:853][827]LogModuleManager: Shutting down and abandoning module OpenExrWrapper (560)
[2019.01.23-03.43.45:853][827]LogModuleManager: Shutting down and abandoning module ImgMediaFactory (558)
[2019.01.23-03.43.45:853][827]LogModuleManager: Shutting down and abandoning module ImgMediaEditor (556)
[2019.01.23-03.43.45:853][827]LogModuleManager: Shutting down and abandoning module AvfMediaFactory (554)
[2019.01.23-03.43.45:853][827]LogModuleManager: Shutting down and abandoning module AvfMediaEditor (552)
[2019.01.23-03.43.45:853][827]LogModuleManager: Shutting down and abandoning module AndroidMediaFactory (550)
[2019.01.23-03.43.45:853][827]LogModuleManager: Shutting down and abandoning module AndroidMediaEditor (548)
[2019.01.23-03.43.45:853][827]LogModuleManager: Shutting down and abandoning module MagicLeapCameraPreviewFactory (546)
[2019.01.23-03.43.45:853][827]LogModuleManager: Shutting down and abandoning module MagicLeapMediaFactory (544)
[2019.01.23-03.43.45:853][827]LogModuleManager: Shutting down and abandoning module MagicLeapMediaEditor (542)
[2019.01.23-03.43.45:853][827]LogModuleManager: Shutting down and abandoning module CharacterAI (540)
[2019.01.23-03.43.45:853][827]LogModuleManager: Shutting down and abandoning module SmartSnapping (538)
[2019.01.23-03.43.45:853][827]LogModuleManager: Shutting down and abandoning module SessionServices (536)
[2019.01.23-03.43.45:853][827]LogModuleManager: Shutting down and abandoning module ViewportSnapping (534)
[2019.01.23-03.43.45:853][827]LogModuleManager: Shutting down and abandoning module ViewportInteraction (532)
[2019.01.23-03.43.45:853][827]LogModuleManager: Shutting down and abandoning module ClothPainter (530)
[2019.01.23-03.43.45:853][827]LogModuleManager: Shutting down and abandoning module SkeletalMeshEditor (529)
[2019.01.23-03.43.45:853][827]LogModuleManager: Shutting down and abandoning module LogVisualizer (526)
[2019.01.23-03.43.45:853][827]LogModuleManager: Shutting down and abandoning module IntroTutorials (524)
[2019.01.23-03.43.45:853][827]LogModuleManager: Shutting down and abandoning module GameProjectGeneration (523)
[2019.01.23-03.43.45:853][827]LogModuleManager: Shutting down and abandoning module LuminPlatformEditor (520)
[2019.01.23-03.43.45:853][827]LogModuleManager: Shutting down and abandoning module IOSPlatformEditor (518)
[2019.01.23-03.43.45:853][827]LogModuleManager: Shutting down and abandoning module HTML5PlatformEditor (516)
[2019.01.23-03.43.45:853][827]LogModuleManager: Shutting down and abandoning module AndroidPlatformEditor (514)
[2019.01.23-03.43.45:853][827]LogModuleManager: Shutting down and abandoning module AndroidDeviceDetection (513)
[2019.01.23-03.43.46:502][827]LogModuleManager: Shutting down and abandoning module WindowsPlatformEditor (510)
[2019.01.23-03.43.46:502][827]LogModuleManager: Shutting down and abandoning module LuminRuntimeSettings (508)
[2019.01.23-03.43.46:502][827]LogModuleManager: Shutting down and abandoning module IOSRuntimeSettings (506)
[2019.01.23-03.43.46:502][827]LogModuleManager: Shutting down and abandoning module AndroidRuntimeSettings (504)
[2019.01.23-03.43.46:502][827]LogModuleManager: Shutting down and abandoning module InputBindingEditor (502)
[2019.01.23-03.43.46:502][827]LogModuleManager: Shutting down and abandoning module MergeActors (500)
[2019.01.23-03.43.46:502][827]LogModuleManager: Shutting down and abandoning module LocalizationDashboard (498)
[2019.01.23-03.43.46:502][827]LogModuleManager: Shutting down and abandoning module LocalizationService (497)
[2019.01.23-03.43.46:502][827]LogModuleManager: Shutting down and abandoning module HardwareTargeting (494)
[2019.01.23-03.43.46:502][827]LogModuleManager: Shutting down and abandoning module DeviceProfileEditor (492)
[2019.01.23-03.43.46:502][827]LogModuleManager: Shutting down and abandoning module UndoHistory (490)
[2019.01.23-03.43.46:502][827]LogModuleManager: Shutting down and abandoning module XmlParser (488)
[2019.01.23-03.43.46:502][827]LogModuleManager: Shutting down and abandoning module Blutility (486)
[2019.01.23-03.43.46:502][827]LogModuleManager: Shutting down and abandoning module ProjectSettingsViewer (484)
[2019.01.23-03.43.46:502][827]LogModuleManager: Shutting down and abandoning module ProjectTargetPlatformEditor (483)
[2019.01.23-03.43.46:502][827]LogModuleManager: Shutting down and abandoning module EditorSettingsViewer (480)
[2019.01.23-03.43.46:502][827]LogModuleManager: Shutting down and abandoning module SettingsEditor (478)
[2019.01.23-03.43.46:502][827]LogModuleManager: Shutting down and abandoning module ProjectLauncher (476)
[2019.01.23-03.43.46:502][827]LogModuleManager: Shutting down and abandoning module SessionFrontend (474)
[2019.01.23-03.43.46:502][827]LogModuleManager: Shutting down and abandoning module ProfilerClient (472)
[2019.01.23-03.43.46:503][827]LogModuleManager: Shutting down and abandoning module DeviceManager (470)
[2019.01.23-03.43.46:503][827]LogModuleManager: Shutting down and abandoning module TargetDeviceServices (469)
[2019.01.23-03.43.46:569][827]LogModuleManager: Shutting down and abandoning module AutomationController (466)
[2019.01.23-03.43.46:569][827]LogModuleManager: Shutting down and abandoning module AutomationWindow (464)
[2019.01.23-03.43.46:569][827]LogModuleManager: Shutting down and abandoning module Layers (462)
[2019.01.23-03.43.46:569][827]LogModuleManager: Shutting down and abandoning module ComponentVisualizers (460)
[2019.01.23-03.43.46:569][827]LogModuleManager: Shutting down and abandoning module DetailCustomizations (458)
[2019.01.23-03.43.46:569][827]LogModuleManager: Shutting down and abandoning module PackagesDialog (456)
[2019.01.23-03.43.46:569][827]LogModuleManager: Shutting down and abandoning module Persona (454)
[2019.01.23-03.43.46:569][827]LogModuleManager: Shutting down and abandoning module AdvancedPreviewScene (453)
[2019.01.23-03.43.46:569][827]LogModuleManager: Shutting down and abandoning module AnimGraph (451)
[2019.01.23-03.43.46:569][827]LogModuleManager: Shutting down and abandoning module Kismet (448)
[2019.01.23-03.43.46:570][827]LogModuleManager: Shutting down and abandoning module GraphEditor (446)
[2019.01.23-03.43.46:570][827]LogModuleManager: Shutting down and abandoning module ClassViewer (444)
[2019.01.23-03.43.46:570][827]LogModuleManager: Shutting down and abandoning module Toolbox (442)
[2019.01.23-03.43.46:570][827]LogModuleManager: Shutting down and abandoning module ModuleUI (440)
[2019.01.23-03.43.46:570][827]LogModuleManager: Shutting down and abandoning module MovieSceneTools (438)
[2019.01.23-03.43.46:570][827]LogModuleManager: Shutting down and abandoning module OutputLog (436)
[2019.01.23-03.43.46:570][827]LogModuleManager: Shutting down and abandoning module GammaUI (434)
[2019.01.23-03.43.46:570][827]LogModuleManager: Shutting down and abandoning module Documentation (432)
[2019.01.23-03.43.46:570][827]LogModuleManager: Shutting down and abandoning module MovieSceneTracks (430)
[2019.01.23-03.43.46:570][827]LogModuleManager: Shutting down and abandoning module MovieScene (428)
[2019.01.23-03.43.46:570][827]LogModuleManager: Shutting down and abandoning module StreamingPauseRendering (426)
[2019.01.23-03.43.46:570][827]LogModuleManager: Shutting down and abandoning module LauncherPlatform (424)
[2019.01.23-03.43.46:570][827]LogModuleManager: Shutting down and abandoning module AnalyticsET (422)
[2019.01.23-03.43.46:570][827]LogModuleManager: Shutting down and abandoning module PortalServices (420)
[2019.01.23-03.43.46:570][827]LogModuleManager: Shutting down and abandoning module PortalRpc (418)
[2019.01.23-03.43.46:570][827]LogModuleManager: Shutting down and abandoning module MessagingRpc (416)
[2019.01.23-03.43.46:570][827]LogModuleManager: Shutting down and abandoning module AIModule (414)
[2019.01.23-03.43.46:570][827]LogModuleManager: Shutting down and abandoning module GameplayDebugger (413)
[2019.01.23-03.43.46:570][827]LogModuleManager: Shutting down and abandoning module AITestSuite (411)
[2019.01.23-03.43.46:570][827]LogModuleManager: Shutting down and abandoning module NavigationSystem (409)
[2019.01.23-03.43.46:570][827]LogModuleManager: Shutting down and abandoning module DesktopPlatform (406)
[2019.01.23-03.43.46:570][827]LogModuleManager: Shutting down and abandoning module ProfilerService (404)
[2019.01.23-03.43.46:792][827]LogModuleManager: Shutting down and abandoning module TaskGraph (402)
[2019.01.23-03.43.46:792][827]LogModuleManager: Shutting down and abandoning module SteamVRController (400)
[2019.01.23-03.43.46:792][827]LogModuleManager: Shutting down and abandoning module SteamController (398)
[2019.01.23-03.43.46:792][827]LogModuleManager: Shutting down and abandoning module ProceduralMeshComponentEditor (396)
[2019.01.23-03.43.46:792][827]LogModuleManager: Shutting down and abandoning module ProceduralMeshComponent (394)
[2019.01.23-03.43.46:792][827]LogModuleManager: Shutting down and abandoning module OculusInput (392)
[2019.01.23-03.43.46:792][827]LogModuleManager: Shutting down and abandoning module MobilePatchingUtils (390)
[2019.01.23-03.43.46:792][827]LogModuleManager: Shutting down and abandoning module EditableMesh (388)
[2019.01.23-03.43.46:792][827]LogModuleManager: Shutting down and abandoning module CustomMeshComponent (386)
[2019.01.23-03.43.46:792][827]LogModuleManager: Shutting down and abandoning module CableComponent (384)
[2019.01.23-03.43.46:792][827]LogModuleManager: Shutting down and abandoning module AudioCapture (382)
[2019.01.23-03.43.46:792][827]LogModuleManager: Shutting down and abandoning module ArchVisCharacter (380)
[2019.01.23-03.43.46:792][827]LogModuleManager: Shutting down and abandoning module AndroidPermission (378)
[2019.01.23-03.43.46:792][827]LogModuleManager: Shutting down and abandoning module NUTUnrealEngine4 (376)
[2019.01.23-03.43.46:792][827]LogModuleManager: Shutting down and abandoning module NetcodeUnitTest (374)
[2019.01.23-03.43.46:792][827]LogModuleManager: Shutting down and abandoning module MediaCompositingEditor (372)
[2019.01.23-03.43.46:792][827]LogModuleManager: Shutting down and abandoning module MediaCompositing (370)
[2019.01.23-03.43.46:792][827]LogModuleManager: Shutting down and abandoning module LinearTimecode (368)
[2019.01.23-03.43.46:792][827]LogModuleManager: Shutting down and abandoning module ImgMedia (366)
[2019.01.23-03.43.46:799][827]LogModuleManager: Shutting down and abandoning module HTML5Networking (364)
[2019.01.23-03.43.46:799][827]LogModuleManager: Shutting down and abandoning module GeometryCacheTracks (362)
[2019.01.23-03.43.46:799][827]LogModuleManager: Shutting down and abandoning module GeometryCacheSequencer (360)
[2019.01.23-03.43.46:799][827]LogModuleManager: Shutting down and abandoning module BackChannel (358)
[2019.01.23-03.43.46:799][827]LogModuleManager: Shutting down and abandoning module AppleVision (356)
[2019.01.23-03.43.46:799][827]LogModuleManager: Shutting down and abandoning module AppleImageUtils (354)
[2019.01.23-03.43.46:799][827]LogModuleManager: Shutting down and abandoning module AlembicImporter (352)
[2019.01.23-03.43.46:799][827]LogModuleManager: Shutting down and abandoning module AlembicLibrary (351)
[2019.01.23-03.43.46:800][827]LogModuleManager: Shutting down and abandoning module GeometryCache (350)
[2019.01.23-03.43.46:800][827]LogModuleManager: Shutting down and abandoning module GeometryCacheEd (349)
[2019.01.23-03.43.46:800][827]LogModuleManager: Shutting down and abandoning module DatasmithContentEditor (344)
[2019.01.23-03.43.46:800][827]LogModuleManager: Shutting down and abandoning module DatasmithContent (342)
[2019.01.23-03.43.46:800][827]LogModuleManager: Shutting down and abandoning module SpeedTreeImporter (340)
[2019.01.23-03.43.46:800][827]LogModuleManager: Shutting down and abandoning module PluginBrowser (338)
[2019.01.23-03.43.46:800][827]LogModuleManager: Shutting down and abandoning module MobileLauncherProfileWizard (336)
[2019.01.23-03.43.46:800][827]LogModuleManager: Shutting down and abandoning module PolygonModeling (334)
[2019.01.23-03.43.46:800][827]LogModuleManager: Shutting down and abandoning module MeshEditor (332)
[2019.01.23-03.43.46:800][827]LogModuleManager: Shutting down and abandoning module CryptoKeysOpenSSL (330)
[2019.01.23-03.43.46:800][827]LogModuleManager: Shutting down and abandoning module CryptoKeys (328)
[2019.01.23-03.43.46:800][827]LogModuleManager: Shutting down and abandoning module VisualStudioSourceCodeAccess (326)
[2019.01.23-03.43.46:800][827]LogModuleManager: Shutting down and abandoning module VisualStudioCodeSourceCodeAccess (324)
[2019.01.23-03.43.46:800][827]LogModuleManager: Shutting down and abandoning module UObjectPlugin (322)
[2019.01.23-03.43.46:800][827]LogModuleManager: Shutting down and abandoning module SubversionSourceControl (320)
[2019.01.23-03.43.46:800][827]LogModuleManager: Shutting down and abandoning module PerforceSourceControl (318)
[2019.01.23-03.43.46:800][827]LogModuleManager: Shutting down and abandoning module GitSourceControl (316)
[2019.01.23-03.43.46:801][827]LogModuleManager: Shutting down and abandoning module SourceControl (315)
[2019.01.23-03.43.46:801][827]LogModuleManager: Shutting down and abandoning module CLionSourceCodeAccess (312)
[2019.01.23-03.43.46:801][827]LogModuleManager: Shutting down and abandoning module LightPropagationVolumeEditor (310)
[2019.01.23-03.43.46:801][827]LogModuleManager: Shutting down and abandoning module PaperTiledImporter (308)
[2019.01.23-03.43.46:801][827]LogModuleManager: Shutting down and abandoning module PaperSpriteSheetImporter (306)
[2019.01.23-03.43.46:801][827]LogModuleManager: Shutting down and abandoning module Paper2DEditor (304)
[2019.01.23-03.43.46:801][827]LogModuleManager: Shutting down and abandoning module MeshPaint (303)
[2019.01.23-03.43.46:801][827]LogModuleManager: Shutting down and abandoning module RuntimePhysXCooking (300)
[2019.01.23-03.43.46:801][827]LogModuleManager: Shutting down and abandoning module PhysXVehiclesEditor (298)
[2019.01.23-03.43.46:801][827]LogModuleManager: Shutting down and abandoning module PhysXVehicles (296)
[2019.01.23-03.43.46:801][827]LogModuleManager: Shutting down and abandoning module OculusEditor (294)
[2019.01.23-03.43.46:801][827]LogModuleManager: Shutting down and abandoning module LocationServicesBPLibrary (292)
[2019.01.23-03.43.46:801][827]LogModuleManager: Shutting down and abandoning module ImmediatePhysicsEditor (290)
[2019.01.23-03.43.46:801][827]LogModuleManager: Shutting down and abandoning module ImmediatePhysics (288)
[2019.01.23-03.43.46:801][827]LogModuleManager: Shutting down and abandoning module ActorSequence (286)
[2019.01.23-03.43.46:801][827]LogModuleManager: Shutting down and abandoning module UdpMessaging (284)
[2019.01.23-03.43.46:902][827]LogModuleManager: Shutting down and abandoning module TcpMessaging (282)
[2019.01.23-03.43.47:003][827]LogModuleManager: Shutting down and abandoning module MagicLeapAudio (280)
[2019.01.23-03.43.47:003][827]LogModuleManager: Shutting down and abandoning module GameplayTagsEditor (278)
[2019.01.23-03.43.47:003][827]LogModuleManager: Shutting down and abandoning module FacialAnimationEditor (276)
[2019.01.23-03.43.47:003][827]LogModuleManager: Shutting down and abandoning module FacialAnimation (274)
[2019.01.23-03.43.47:003][827]LogModuleManager: Shutting down and abandoning module DataValidation (272)
[2019.01.23-03.43.47:003][827]LogModuleManager: Shutting down and abandoning module AssetManagerEditor (270)
[2019.01.23-03.43.47:003][827]LogModuleManager: Shutting down and abandoning module LevelEditor (269)
[2019.01.23-03.43.47:004][827]LogModuleManager: Shutting down and abandoning module PixelInspectorModule (268)
[2019.01.23-03.43.47:004][827]LogModuleManager: Shutting down and abandoning module CommonMenuExtensions (266)
[2019.01.23-03.43.47:004][827]LogModuleManager: Shutting down and abandoning module MainFrame (264)
[2019.01.23-03.43.47:004][827]LogModuleManager: Shutting down and abandoning module HotReload (263)
[2019.01.23-03.43.47:004][827]LogModuleManager: Shutting down and abandoning module ContentBrowser (259)
[2019.01.23-03.43.47:006][827]LogModuleManager: Shutting down and abandoning module TreeMap (257)
[2019.01.23-03.43.47:006][827]LogModuleManager: Shutting down and abandoning module LightPropagationVolumeRuntime (254)
[2019.01.23-03.43.47:006][827]LogModuleManager: Shutting down and abandoning module AISupportModule (252)
[2019.01.23-03.43.47:006][827]LogModuleManager: Shutting down and abandoning module Paper2D (250)
[2019.01.23-03.43.47:006][827]LogModuleManager: Shutting down and abandoning module WindowsMoviePlayer (248)
[2019.01.23-03.43.47:006][827]LogModuleManager: Shutting down and abandoning module WmfMedia (246)
[2019.01.23-03.43.47:007][827]LogModuleManager: Shutting down and abandoning module Media (245)
[2019.01.23-03.43.47:015][827]LogModuleManager: Shutting down and abandoning module PacketHandler (242)
[2019.01.23-03.43.47:015][827]LogModuleManager: Shutting down and abandoning module ClothingSystemEditor (240)
[2019.01.23-03.43.47:015][827]LogModuleManager: Shutting down and abandoning module ClothingSystemRuntime (238)
[2019.01.23-03.43.47:015][827]LogModuleManager: Shutting down and abandoning module MediaAssets (236)
[2019.01.23-03.43.47:015][827]LogModuleManager: Shutting down and abandoning module Overlay (234)
[2019.01.23-03.43.47:015][827]LogModuleManager: Shutting down and abandoning module OverlayEditor (233)
[2019.01.23-03.43.47:015][827]LogModuleManager: Shutting down and abandoning module VREditor (230)
[2019.01.23-03.43.47:015][827]LogModuleManager: Shutting down and abandoning module StringTableEditor (228)
[2019.01.23-03.43.47:015][827]LogModuleManager: Shutting down and abandoning module GameplayTasksEditor (226)
[2019.01.23-03.43.47:015][827]LogModuleManager: Shutting down and abandoning module BehaviorTreeEditor (224)
[2019.01.23-03.43.47:015][827]LogModuleManager: Shutting down and abandoning module FunctionalTesting (222)
[2019.01.23-03.43.47:015][827]LogModuleManager: Shutting down and abandoning module CollisionAnalyzer (220)
[2019.01.23-03.43.47:015][827]LogModuleManager: Shutting down and abandoning module WorkspaceMenuStructure (219)
[2019.01.23-03.43.47:015][827]LogModuleManager: Shutting down and abandoning module UMG (216)
[2019.01.23-03.43.47:015][827]LogModuleManager: Shutting down and abandoning module UMGEditor (215)
[2019.01.23-03.43.47:015][827]LogModuleManager: Shutting down and abandoning module Sequencer (214)
[2019.01.23-03.43.47:015][827]LogModuleManager: Shutting down and abandoning module MessageLog (211)
[2019.01.23-03.43.47:015][827]LogModuleManager: Shutting down and abandoning module SlateReflector (206)
[2019.01.23-03.43.47:015][827]LogModuleManager: Shutting down and abandoning module Slate (204)
[2019.01.23-03.43.47:015][827]LogModuleManager: Shutting down and abandoning module EditorStyle (202)
[2019.01.23-03.43.47:017][827]LogModuleManager: Shutting down and abandoning module MRMesh (200)
[2019.01.23-03.43.47:017][827]LogModuleManager: Shutting down and abandoning module SourceCodeAccess (198)
[2019.01.23-03.43.47:017][827]LogModuleManager: Shutting down and abandoning module HeadMountedDisplay (196)
[2019.01.23-03.43.47:017][827]LogModuleManager: Shutting down and abandoning module XAudio2 (194)
[2019.01.23-03.43.47:017][827]LogModuleManager: Shutting down and abandoning module Networking (192)
[2019.01.23-03.43.47:017][827]LogModuleManager: Shutting down and abandoning module Core (190)
[2019.01.23-03.43.47:017][827]LogModuleManager: Shutting down and abandoning module LevelSequence (188)
[2019.01.23-03.43.47:017][827]LogModuleManager: Shutting down and abandoning module KismetCompiler (186)
[2019.01.23-03.43.47:017][827]LogModuleManager: Shutting down and abandoning module MeshUtilities (184)
[2019.01.23-03.43.47:018][827]LogModuleManager: Shutting down and abandoning module MeshMergeUtilities (183)
[2019.01.23-03.43.47:018][827]LogModuleManager: Shutting down and abandoning module MeshReductionInterface (182)
[2019.01.23-03.43.47:018][827]LogModuleManager: Shutting down and abandoning module SimplygonSwarm (181)
[2019.01.23-03.43.47:018][827]LogModuleManager: Shutting down and abandoning module ProxyLODMeshReduction (179)
[2019.01.23-03.43.47:018][827]LogModuleManager: Shutting down and abandoning module SimplygonMeshReduction (177)
[2019.01.23-03.43.47:018][827]LogModuleManager: Shutting down and abandoning module QuadricMeshReduction (175)
[2019.01.23-03.43.47:018][827]LogModuleManager: Shutting down and abandoning module MaterialBaking (171)
[2019.01.23-03.43.47:018][827]LogModuleManager: Shutting down and abandoning module DirectoryWatcher (167)
[2019.01.23-03.43.47:018][827]LogModuleManager: Shutting down and abandoning module DerivedDataCache (164)
[2019.01.23-03.43.47:099][827]LogDerivedDataCache: Shutdown
[2019.01.23-03.43.47:099][827]LogModuleManager: Shutting down and abandoning module XGEController (162)
[2019.01.23-03.43.47:099][827]LogModuleManager: Shutting down and abandoning module TargetPlatform (160)
[2019.01.23-03.43.47:099][827]LogModuleManager: Shutting down and abandoning module VulkanShaderFormat (159)
[2019.01.23-03.43.47:099][827]LogModuleManager: Shutting down and abandoning module ShaderFormatVectorVM (157)
[2019.01.23-03.43.47:099][827]LogModuleManager: Shutting down and abandoning module ShaderFormatOpenGL (155)
[2019.01.23-03.43.47:099][827]LogModuleManager: Shutting down and abandoning module ShaderFormatD3D (153)
[2019.01.23-03.43.47:099][827]LogModuleManager: Shutting down and abandoning module MetalShaderFormat (151)
[2019.01.23-03.43.47:099][827]LogModuleManager: Shutting down and abandoning module TextureFormatUncompressed (149)
[2019.01.23-03.43.47:099][827]LogModuleManager: Shutting down and abandoning module TextureFormatPVR (147)
[2019.01.23-03.43.47:099][827]LogModuleManager: Shutting down and abandoning module TextureFormatDXT (145)
[2019.01.23-03.43.47:099][827]LogModuleManager: Shutting down and abandoning module TextureFormatIntelISPCTexComp (143)
[2019.01.23-03.43.47:099][827]LogModuleManager: Shutting down and abandoning module TextureFormatASTC (141)
[2019.01.23-03.43.47:099][827]LogModuleManager: Shutting down and abandoning module ImageWrapper (140)
[2019.01.23-03.43.47:099][827]LogModuleManager: Shutting down and abandoning module TextureFormatAndroid (137)
[2019.01.23-03.43.47:099][827]LogModuleManager: Shutting down and abandoning module AudioFormatOpus (135)
[2019.01.23-03.43.47:099][827]LogModuleManager: Shutting down and abandoning module AudioFormatOgg (133)
[2019.01.23-03.43.47:099][827]LogModuleManager: Shutting down and abandoning module AudioFormatADPCM (131)
[2019.01.23-03.43.47:099][827]LogModuleManager: Shutting down and abandoning module LuminTargetPlatform (129)
[2019.01.23-03.43.47:099][827]LogModuleManager: Shutting down and abandoning module LinuxTargetPlatform (127)
[2019.01.23-03.43.47:099][827]LogModuleManager: Shutting down and abandoning module LinuxServerTargetPlatform (125)
[2019.01.23-03.43.47:099][827]LogModuleManager: Shutting down and abandoning module LinuxNoEditorTargetPlatform (123)
[2019.01.23-03.43.47:099][827]LogModuleManager: Shutting down and abandoning module LinuxClientTargetPlatform (121)
[2019.01.23-03.43.47:099][827]LogModuleManager: Shutting down and abandoning module TVOSTargetPlatform (119)
[2019.01.23-03.43.47:100][827]LogModuleManager: Shutting down and abandoning module Messaging (117)
[2019.01.23-03.43.47:100][827]LogModuleManager: Shutting down and abandoning module IOSTargetPlatform (115)
[2019.01.23-03.43.47:101][827]LogModuleManager: Shutting down and abandoning module HTML5TargetPlatform (113)
[2019.01.23-03.43.47:101][827]LogModuleManager: Shutting down and abandoning module AndroidTargetPlatform (111)
[2019.01.23-03.43.47:110][827]LogModuleManager: Shutting down and abandoning module WindowsTargetPlatform (109)
[2019.01.23-03.43.47:110][827]LogModuleManager: Shutting down and abandoning module WindowsServerTargetPlatform (107)
[2019.01.23-03.43.47:110][827]LogModuleManager: Shutting down and abandoning module WindowsNoEditorTargetPlatform (105)
[2019.01.23-03.43.47:110][827]LogModuleManager: Shutting down and abandoning module WindowsClientTargetPlatform (103)
[2019.01.23-03.43.47:110][827]LogModuleManager: Shutting down and abandoning module MacTargetPlatform (101)
[2019.01.23-03.43.47:110][827]LogModuleManager: Shutting down and abandoning module MacServerTargetPlatform (99)
[2019.01.23-03.43.47:110][827]LogModuleManager: Shutting down and abandoning module MacNoEditorTargetPlatform (97)
[2019.01.23-03.43.47:110][827]LogModuleManager: Shutting down and abandoning module MacClientTargetPlatform (95)
[2019.01.23-03.43.47:110][827]LogModuleManager: Shutting down and abandoning module AllDesktopTargetPlatform (93)
[2019.01.23-03.43.47:110][827]LogModuleManager: Shutting down and abandoning module InputCore (90)
[2019.01.23-03.43.47:110][827]LogModuleManager: Shutting down and abandoning module Settings (88)
[2019.01.23-03.43.47:110][827]LogModuleManager: Shutting down and abandoning module PhysXCooking (86)
[2019.01.23-03.43.47:110][827]LogModuleManager: Shutting down and abandoning module SteamVR (84)
[2019.01.23-03.43.47:110][827]LogModuleManager: Shutting down and abandoning module OculusHMD (82)
[2019.01.23-03.43.47:110][827]LogModuleManager: Shutting down and abandoning module ExampleDeviceProfileSelector (80)
[2019.01.23-03.43.47:110][827]LogModuleManager: Shutting down and abandoning module LauncherChunkInstaller (78)
[2019.01.23-03.43.47:110][827]LogModuleManager: Shutting down and abandoning module OnlineBlueprintSupport (76)
[2019.01.23-03.43.47:110][827]LogModuleManager: Shutting down and abandoning module OnlineSubsystem (72)
[2019.01.23-03.43.47:110][827]LogOnline: VeryVerbose: OSS: FOnlineSubsystemNull::Shutdown()
[2019.01.23-03.43.47:110][827]LogOnline: VeryVerbose: OSS: FOnlineAsyncTaskManager::Stop() ActiveTask:0000000000000000 Tasks[0/0]
[2019.01.23-03.43.47:112][827]LogOnline: VeryVerbose: OSS: FOnlineAsyncTaskManager::Exit() started
[2019.01.23-03.43.47:112][827]LogOnline: VeryVerbose: OSS: FOnlineAsyncTaskManager::Exit() finished
[2019.01.23-03.43.47:112][827]LogOnline: Verbose: OSS: Unloading online subsystem: STEAM
[2019.01.23-03.43.47:112][827]LogOnline: Verbose: OSS: Unloading online subsystem: NULL
[2019.01.23-03.43.47:112][827]LogModuleManager: Shutting down and abandoning module XMPP (65)
[2019.01.23-03.43.47:112][827]LogModuleManager: Shutting down and abandoning module WebSockets (64)
[2019.01.23-03.43.47:139][827]LogModuleManager: Shutting down and abandoning module HTTP (61)
[2019.01.23-03.43.47:139][827]LogHttp: Display: Http module shutting down, but needs to wait on 1 outstanding Http requests:
[2019.01.23-03.43.47:139][827]LogHttp: Display: 	verb=[POST] url=[https://datarouter.ol.epicgames.com/datarouter/api/v1/public/data?SessionID=%7B18CABD27-4F06-C87B-2EE6-42A2235530B6%7D&AppID=UEEditor.Rocket.Release&AppVersion=4.20.3-4369336%2B%2B%2BUE4%2BRelease-4.20&UserID=07a0d2d64662dd1680339d9718e2d666%7Cb1db12b2000c43619e5ed66b74fb5726%7Cdb0fc2f9-39c1-42f0-92a8-54506b413dd2&AppEnvironment=datacollector-binary&UploadType=eteventstream] status=Processing
[2019.01.23-03.43.47:170][827]LogModuleManager: Shutting down and abandoning module SSL (60)
[2019.01.23-03.43.47:172][827]LogModuleManager: Shutting down and abandoning module MagicLeapEmulator (56)
[2019.01.23-03.43.47:172][827]LogModuleManager: Shutting down and abandoning module MagicLeapPrivileges (54)
[2019.01.23-03.43.47:172][827]LogModuleManager: Shutting down and abandoning module MagicLeapIdentity (52)
[2019.01.23-03.43.47:172][827]LogModuleManager: Shutting down and abandoning module MagicLeapHelperVulkan (50)
[2019.01.23-03.43.47:172][827]LogModuleManager: Shutting down and abandoning module MagicLeapHelperOpenGL (48)
[2019.01.23-03.43.47:172][827]LogModuleManager: Shutting down and abandoning module MagicLeapSecureStorage (46)
[2019.01.23-03.43.47:172][827]LogModuleManager: Shutting down and abandoning module MagicLeapGestures (44)
[2019.01.23-03.43.47:172][827]LogModuleManager: Shutting down and abandoning module MagicLeapEyeTracker (42)
[2019.01.23-03.43.47:172][827]LogModuleManager: Shutting down and abandoning module MagicLeapController (40)
[2019.01.23-03.43.47:172][827]LogSlate: Slate User Destroyed.  User Index 0, Is Virtual User: 0
[2019.01.23-03.43.47:172][827]LogModuleManager: Shutting down and abandoning module MagicLeap (38)
[2019.01.23-03.43.47:172][827]LogModuleManager: Shutting down and abandoning module AnimationModifiers (36)
[2019.01.23-03.43.47:173][827]LogModuleManager: Shutting down and abandoning module PropertyEditor (35)
[2019.01.23-03.43.47:173][827]LogModuleManager: Shutting down and abandoning module AudioEditor (32)
[2019.01.23-03.43.47:173][827]LogModuleManager: Shutting down and abandoning module TextureCompressor (30)
[2019.01.23-03.43.47:173][827]LogModuleManager: Shutting down and abandoning module ShaderCore (28)
[2019.01.23-03.43.47:173][827]LogModuleManager: Shutting down and abandoning module Landscape (26)
[2019.01.23-03.43.47:173][827]LogModuleManager: Shutting down and abandoning module SlateRHIRenderer (24)
[2019.01.23-03.43.47:174][827]LogModuleManager: Shutting down and abandoning module OpenGLDrv (22)
[2019.01.23-03.43.47:174][827]LogModuleManager: Shutting down and abandoning module D3D11RHI (20)
[2019.01.23-03.43.47:174][827]LogModuleManager: Shutting down and abandoning module AnimGraphRuntime (18)
[2019.01.23-03.43.47:174][827]LogModuleManager: Shutting down and abandoning module Renderer (16)
[2019.01.23-03.43.47:174][827]LogModuleManager: Shutting down and abandoning module Engine (14)
[2019.01.23-03.43.47:174][827]LogModuleManager: Shutting down and abandoning module CoreUObject (12)
[2019.01.23-03.43.47:174][827]LogModuleManager: Shutting down and abandoning module NetworkFile (10)
[2019.01.23-03.43.47:174][827]LogModuleManager: Shutting down and abandoning module CookedIterativeFile (8)
[2019.01.23-03.43.47:174][827]LogModuleManager: Shutting down and abandoning module StreamingFile (6)
[2019.01.23-03.43.47:174][827]LogModuleManager: Shutting down and abandoning module SandboxFile (4)
[2019.01.23-03.43.47:174][827]LogModuleManager: Shutting down and abandoning module PakFile (2)
[2019.01.23-03.43.47:186][827]LogExit: Exiting.
[2019.01.23-03.43.47:197][827]Log file closed, 01/22/19 22:43:47
