Log file open, 01/14/19 21:06:41
LogWindows: Failed to load 'aqProf.dll' (GetLastError=126)
LogWindows: File 'aqProf.dll' does not exist
LogWindows: Failed to load 'VtuneApi.dll' (GetLastError=126)
LogWindows: File 'VtuneApi.dll' does not exist
LogWindows: Failed to load 'VtuneApi32e.dll' (GetLastError=126)
LogWindows: File 'VtuneApi32e.dll' does not exist
LogInit: Display: Running engine for game: TrenchTowers
LogPlatformFile: Not using cached read wrapper
LogTaskGraph: Started task graph with 5 named threads and 23 total threads with 3 sets of task threads.
LogStats: Stats thread started at 0.352128
LogD3D11RHI: Loaded GFSDK_Aftermath_Lib.x64.dll
LogICUInternationalization: Display: ICU TimeZone Detection - Raw Offset: -5:00, Platform Override: ''
LogPluginManager: Mounting plugin Paper2D
LogPluginManager: Mounting plugin AISupport
LogPluginManager: Mounting plugin LightPropagationVolume
LogPluginManager: Mounting plugin CLionSourceCodeAccess
LogPluginManager: Mounting plugin CodeLiteSourceCodeAccess
LogPluginManager: Mounting plugin GitSourceControl
LogPluginManager: Mounting plugin KDevelopSourceCodeAccess
LogPluginManager: Mounting plugin NullSourceCodeAccess
LogPluginManager: Mounting plugin PerforceSourceControl
LogPluginManager: Mounting plugin SubversionSourceControl
LogPluginManager: Mounting plugin UObjectPlugin
LogPluginManager: Mounting plugin VisualStudioCodeSourceCodeAccess
LogPluginManager: Mounting plugin VisualStudioSourceCodeAccess
LogPluginManager: Mounting plugin XCodeSourceCodeAccess
LogPluginManager: Mounting plugin AssetManagerEditor
LogPluginManager: Mounting plugin CryptoKeys
LogPluginManager: Mounting plugin DataValidation
LogPluginManager: Mounting plugin FacialAnimation
LogPluginManager: Mounting plugin GameplayTagsEditor
LogPluginManager: Mounting plugin MacGraphicsSwitching
LogPluginManager: Mounting plugin MeshEditor
LogPluginManager: Mounting plugin MobileLauncherProfileWizard
LogPluginManager: Mounting plugin PluginBrowser
LogPluginManager: Mounting plugin SpeedTreeImporter
LogPluginManager: Mounting plugin DatasmithContent
LogPluginManager: Mounting plugin AlembicImporter
LogPluginManager: Mounting plugin AppleImageUtils
LogPluginManager: Mounting plugin AppleVision
LogPluginManager: Mounting plugin BackChannel
LogPluginManager: Mounting plugin CharacterAI
LogPluginManager: Mounting plugin GeometryCache
LogPluginManager: Mounting plugin HTML5Networking
LogPluginManager: Mounting plugin ProxyLODPlugin
LogPluginManager: Mounting plugin MagicLeap
LogPluginManager: Mounting plugin MagicLeapEmulator
LogPluginManager: Mounting plugin MagicLeapMedia
LogPluginManager: Mounting plugin AndroidMedia
LogPluginManager: Mounting plugin AvfMedia
LogPluginManager: Mounting plugin ImgMedia
LogPluginManager: Mounting plugin LinearTimecode
LogPluginManager: Mounting plugin MediaCompositing
LogPluginManager: Mounting plugin MediaPlayerEditor
LogPluginManager: Mounting plugin WmfMedia
LogPluginManager: Mounting plugin TcpMessaging
LogPluginManager: Mounting plugin UdpMessaging
LogPluginManager: Mounting plugin ActorSequence
LogPluginManager: Mounting plugin LevelSequenceEditor
LogPluginManager: Mounting plugin MatineeToLevelSequence
LogPluginManager: Mounting plugin NetcodeUnitTest
LogPluginManager: Mounting plugin NUTUnrealEngine4
LogPluginManager: Mounting plugin OnlineSubsystemGooglePlay
LogPluginManager: Mounting plugin OnlineSubsystemIOS
LogPluginManager: Mounting plugin OnlineSubsystem
LogPluginManager: Mounting plugin OnlineSubsystemNull
LogPluginManager: Mounting plugin OnlineSubsystemSteam
LogPluginManager: Mounting plugin OnlineSubsystemUtils
LogPluginManager: Mounting plugin LauncherChunkInstaller
LogPluginManager: Mounting plugin AndroidDeviceProfileSelector
LogPluginManager: Mounting plugin AndroidMoviePlayer
LogPluginManager: Mounting plugin AndroidPermission
LogPluginManager: Mounting plugin AppleMoviePlayer
LogPluginManager: Mounting plugin ArchVisCharacter
LogPluginManager: Mounting plugin AudioCapture
LogPluginManager: Mounting plugin CableComponent
LogPluginManager: Mounting plugin CustomMeshComponent
LogPluginManager: Mounting plugin EditableMesh
LogPluginManager: Mounting plugin ExampleDeviceProfileSelector
LogPluginManager: Mounting plugin GoogleCloudMessaging
LogPluginManager: Mounting plugin ImmediatePhysics
LogPluginManager: Mounting plugin IOSDeviceProfileSelector
LogPluginManager: Mounting plugin LinuxDeviceProfileSelector
LogPluginManager: Mounting plugin LocationServicesBPLibrary
LogPluginManager: Mounting plugin MobilePatchingUtils
LogPluginManager: Mounting plugin OculusVR
LogPluginManager: Plugin shader directory ../../../Engine/Plugins/Runtime/Oculus/OculusVR/Shaders found
LogPluginManager: Mapping shader source directory ../../../Engine/Plugins/Runtime/Oculus/OculusVR/Shaders to virtual directory /Plugin/OculusVR
LogPluginManager: Mounting plugin PhysXVehicles
LogPluginManager: Mounting plugin ProceduralMeshComponent
LogPluginManager: Mounting plugin RuntimePhysXCooking
LogPluginManager: Mounting plugin SteamController
LogPluginManager: Mounting plugin SteamVR
LogPluginManager: Mounting plugin WindowsMoviePlayer
LogStreaming: Display: Took  0.097s to configure plugins.
LogInit: Using libcurl 7.55.1-DEV
LogInit:  - built for x86_64-pc-win32
LogInit:  - supports SSL with OpenSSL/1.0.2h
LogInit:  - supports HTTP deflate (compression) using libz 1.2.8
LogInit:  - other features:
LogInit:      CURL_VERSION_SSL
LogInit:      CURL_VERSION_LIBZ
LogInit:      CURL_VERSION_IPV6
LogInit:      CURL_VERSION_ASYNCHDNS
LogInit:      CURL_VERSION_LARGEFILE
LogInit:      CURL_VERSION_IDN
LogInit:  CurlRequestOptions (configurable via config and command line):
LogInit:  - bVerifyPeer = false  - Libcurl will NOT verify peer certificate
LogInit:  - bUseHttpProxy = false  - Libcurl will NOT use HTTP proxy
LogInit:  - bDontReuseConnections = false  - Libcurl will reuse connections
LogInit:  - CertBundlePath = nullptr  - Libcurl will use whatever was configured at build time.
LogInit:  - MaxHostConnections = 16  - Libcurl will limit the number of connections to a host
LogInit:  - LocalHostAddr = Default
LogInit:  - BufferSize = 65536
LogOnline: Display: STEAM: Loading Steam SDK 1.39
LogInit: WinSock: version 1.1 (2.2), MaxSocks=32767, MaxUdp=65467
LogInit: Build: ++UE4+Release-4.20-CL-4369336
LogInit: Engine Version: 4.20.3-4369336+++UE4+Release-4.20
LogInit: Compatible Engine Version: 4.20.0-4212847+++UE4+Release-4.20
LogInit: Net CL: 4212847
LogInit: OS: Windows 10 (), CPU: Intel(R) Core(TM) i7-6700HQ CPU @ 2.60GHz, GPU: Intel(R) HD Graphics 530
LogInit: Compiled (64-bit): Sep 17 2018 12:26:19
LogInit: Compiled with Visual C++: 19.13.26129.00
LogInit: Build Configuration: Development
LogInit: Branch Name: ++UE4+Release-4.20
LogInit: Command Line:  /Game/2DSideScrollerBP/Maps/MainMenu -game -PIEVIACONSOLE -ResX=1280 -ResY=720  -Multiprocess -messaging -SessionName="Play in Standalone Game" -windowed 
LogInit: Base Directory: D:/Program Files/Epic Games/UE_4.20/Engine/Binaries/Win64/
LogInit: Installed Engine Build: 1
LogDevObjectVersion: Number of dev versions registered: 20
LogDevObjectVersion:   Dev-Blueprints (B0D832E4-1F89-4F0D-ACCF-7EB736FD4AA2): 10
LogDevObjectVersion:   Dev-Build (E1C64328-A22C-4D53-A36C-8E866417BD8C): 0
LogDevObjectVersion:   Dev-Core (375EC13C-06E4-48FB-B500-84F0262A717E): 2
LogDevObjectVersion:   Dev-Editor (E4B068ED-F494-42E9-A231-DA0B2E46BB41): 24
LogDevObjectVersion:   Dev-Framework (CFFC743F-43B0-4480-9391-14DF171D2073): 34
LogDevObjectVersion:   Dev-Mobile (B02B49B5-BB20-44E9-A304-32B752E40360): 2
LogDevObjectVersion:   Dev-Networking (A4E4105C-59A1-49B5-A7C5-40C4547EDFEE): 0
LogDevObjectVersion:   Dev-Online (39C831C9-5AE6-47DC-9A44-9C173E1C8E7C): 0
LogDevObjectVersion:   Dev-Physics (78F01B33-EBEA-4F98-B9B4-84EACCB95AA2): 0
LogDevObjectVersion:   Dev-Platform (6631380F-2D4D-43E0-8009-CF276956A95A): 0
LogDevObjectVersion:   Dev-Rendering (12F88B9F-8875-4AFC-A67C-D90C383ABD29): 26
LogDevObjectVersion:   Dev-Sequencer (7B5AE74C-D270-4C10-A958-57980B212A5A): 9
LogDevObjectVersion:   Dev-VR (D7296918-1DD6-4BDD-9DE2-64A83CC13884): 2
LogDevObjectVersion:   Dev-LoadTimes (C2A15278-BFE7-4AFE-6C17-90FF531DF755): 1
LogDevObjectVersion:   Private-Geometry (6EACA3D4-40EC-4CC1-B786-8BED09428FC5): 3
LogDevObjectVersion:   Dev-AnimPhys (29E575DD-E0A3-4627-9D10-D276232CDCEA): 17
LogDevObjectVersion:   Dev-ReflectionCapture (6B266CEC-1EC7-4B8F-A30B-E4D90942FC07): 1
LogDevObjectVersion:   Dev-Automation (0DF73D61-A23F-47EA-B727-89E90C41499A): 1
LogDevObjectVersion:   FortniteMain (601D1886-AC64-4F84-AA16-D3DE0DEAC7D6): 12
LogDevObjectVersion:   Dev-Enterprise (9DFFBCD6-494F-0158-E221-12823C92A888): 1
LogStreaming: Display: Took  0.004s to delete old logs.
LogInit: Presizing for max 8388607 objects, including 0 objects not considered by GC, pre-allocating 0 bytes for permanent pool.
LogInit: Object subsystem initialized
[2019.01.15-02.06.42:277][  0]LogInit: Selected Device Profile: [Windows]
[2019.01.15-02.06.42:277][  0]LogInit: Applying CVar settings loaded from the selected device profile: [Windows]
[2019.01.15-02.06.42:281][  0]LogHAL: Display: Platform has ~ 16 GB [17044942848 / 17179869184 / 16], which maps to Larger [LargestMinGB=32, LargerMinGB=12, DefaultMinGB=8, SmallerMinGB=6, SmallestMinGB=0)
[2019.01.15-02.06.42:282][  0]LogInit: Setting Device Profile CVar: [[r.Vulkan.UseRealUBs:1]]
[2019.01.15-02.06.42:282][  0]LogInit: Going up to parent DeviceProfile []
[2019.01.15-02.06.42:282][  0]LogInit: Computer: DESKTOP-RI1ETNT
[2019.01.15-02.06.42:282][  0]LogInit: User: Fires
[2019.01.15-02.06.42:282][  0]LogInit: CPU Page size=4096, Cores=4
[2019.01.15-02.06.42:282][  0]LogInit: High frequency timer resolution =10.000000 MHz
[2019.01.15-02.06.42:283][  0]LogMemory: Memory total: Physical=15.9GB (16GB approx)
[2019.01.15-02.06.42:283][  0]LogMemory: Platform Memory Stats for Windows
[2019.01.15-02.06.42:283][  0]LogMemory: Process Physical Memory: 131.40 MB used, 131.40 MB peak
[2019.01.15-02.06.42:283][  0]LogMemory: Process Virtual Memory: 103.57 MB used, 103.57 MB peak
[2019.01.15-02.06.42:283][  0]LogMemory: Physical Memory: 7290.94 MB used,  8964.38 MB free, 16255.32 MB total
[2019.01.15-02.06.42:283][  0]LogMemory: Virtual Memory: 4756.89 MB used,  8964.38 MB free, 134217728.00 MB total
[2019.01.15-02.06.42:793][  0]LogInit: Using OS detected language (en-US).
[2019.01.15-02.06.42:793][  0]LogInit: Using OS detected locale (en-CA).
[2019.01.15-02.06.42:797][  0]LogTextLocalizationManager: No specific localization for 'en-US' exists, so the 'en' localization will be used.
[2019.01.15-02.06.43:291][  0]LogStreaming: Display: Took  0.498s to InitEngineTextLocalization.
[2019.01.15-02.06.43:364][  0]LogSlate: New Slate User Created.  User Index 0, Is Virtual User: 0
[2019.01.15-02.06.43:364][  0]LogSlate: Slate User Registered.  User Index 0, Is Virtual User: 0
[2019.01.15-02.06.43:431][  0]LogHMD: Failed to initialize OpenVR with code 110
[2019.01.15-02.06.43:431][  0]LogD3D11RHI: D3D11 adapters:
[2019.01.15-02.06.43:579][  0]LogD3D11RHI:    0. 'NVIDIA GeForce GTX 1070' (Feature Level 11_0)
[2019.01.15-02.06.43:580][  0]LogD3D11RHI:       8081/0/8127 MB DedicatedVideo/DedicatedSystem/SharedSystem, Outputs:1, VendorId:0x10de
[2019.01.15-02.06.43:595][  0]LogD3D11RHI:    1. 'Intel(R) HD Graphics 530' (Feature Level 11_0)
[2019.01.15-02.06.43:596][  0]LogD3D11RHI:       128/0/8127 MB DedicatedVideo/DedicatedSystem/SharedSystem, Outputs:0, VendorId:0x8086
[2019.01.15-02.06.43:603][  0]LogD3D11RHI:    2. 'Microsoft Basic Render Driver' (Feature Level 11_0)
[2019.01.15-02.06.43:603][  0]LogD3D11RHI:       0/0/8127 MB DedicatedVideo/DedicatedSystem/SharedSystem, Outputs:0, VendorId:0x1414
[2019.01.15-02.06.43:603][  0]LogD3D11RHI: Chosen D3D11 Adapter: 0
[2019.01.15-02.06.43:659][  0]LogD3D11RHI: Creating new Direct3DDevice
[2019.01.15-02.06.43:659][  0]LogD3D11RHI:     GPU DeviceId: 0x1ba1 (for the marketing name, search the web for "GPU Device Id")
[2019.01.15-02.06.43:659][  0]LogWindows: EnumDisplayDevices:
[2019.01.15-02.06.43:660][  0]LogWindows:    0. 'Intel(R) HD Graphics 530' (P:1 D:1)
[2019.01.15-02.06.43:660][  0]LogWindows:    1. 'Intel(R) HD Graphics 530' (P:0 D:0)
[2019.01.15-02.06.43:661][  0]LogWindows:    2. 'Intel(R) HD Graphics 530' (P:0 D:0)
[2019.01.15-02.06.43:662][  0]LogWindows:    3. 'NVIDIA GeForce GTX 1070' (P:0 D:0)
[2019.01.15-02.06.43:663][  0]LogWindows:    4. 'NVIDIA GeForce GTX 1070' (P:0 D:0)
[2019.01.15-02.06.43:663][  0]LogWindows:    5. 'NVIDIA GeForce GTX 1070' (P:0 D:0)
[2019.01.15-02.06.43:664][  0]LogWindows:    6. 'NVIDIA GeForce GTX 1070' (P:0 D:0)
[2019.01.15-02.06.43:664][  0]LogWindows: DebugString: PrimaryIsNotTheChoosenAdapter PrimaryIsNotTheChoosenAdapter PrimaryIsNotTheChoosenAdapter FoundDriverCount:4 
[2019.01.15-02.06.43:664][  0]LogD3D11RHI:     Adapter Name: NVIDIA GeForce GTX 1070
[2019.01.15-02.06.43:664][  0]LogD3D11RHI:   Driver Version: 417.22 (internal:25.21.14.1722, unified:417.22)
[2019.01.15-02.06.43:664][  0]LogD3D11RHI:      Driver Date: 11-29-2018
[2019.01.15-02.06.43:664][  0]LogRHI: Texture pool is 5656 MB (70% of 8081 MB)
[2019.01.15-02.06.43:758][  0]LogD3D11RHI: [Aftermath] Enabled and primed
[2019.01.15-02.06.43:759][  0]LogD3D11RHI: Async texture creation enabled
[2019.01.15-02.06.43:781][  0]LogD3D11RHI: GPU Timing Frequency: 1000.000000 (Debug: 2 2)
[2019.01.15-02.06.43:783][  0]LogShaderCompilers: Guid format shader working directory is -10 characters bigger than the processId version (../../../../../../Program Files (x86)/TrenchTowers 4.20/Intermediate/Shaders/WorkingDirectory/19228/).
[2019.01.15-02.06.43:783][  0]LogShaderCompilers: Cleaned the shader compiler working directory 'C:/Users/Fires/AppData/Local/Temp/UnrealShaderWorkingDir/FB39AA8C4F7AB1A0B739DE9799AB3520/'.
[2019.01.15-02.06.44:390][  0]LogTemp: Display: Loaded TP WindowsClientTargetPlatform
[2019.01.15-02.06.44:413][  0]LogTemp: Display: Loaded TP WindowsNoEditorTargetPlatform
[2019.01.15-02.06.44:436][  0]LogTemp: Display: Loaded TP WindowsServerTargetPlatform
[2019.01.15-02.06.44:461][  0]LogTemp: Display: Loaded TP WindowsTargetPlatform
[2019.01.15-02.06.44:461][  0]LogTargetPlatformManager: Display: Building Assets For Windows
[2019.01.15-02.06.44:655][  0]LogXGEController: Cannot use XGE Controller as Incredibuild is not installed on this machine.
[2019.01.15-02.06.44:655][  0]LogShaderCompilers: Cannot use XGE Shader Compiler as Incredibuild is not installed on this machine.
[2019.01.15-02.06.44:655][  0]LogShaderCompilers: Display: Using Local Shader Compiler.
[2019.01.15-02.06.45:530][  0]LogDerivedDataCache: Display: Max Cache Size: 512 MB
[2019.01.15-02.06.45:588][  0]LogDerivedDataCache: Loaded boot cache 0.06s 71MB C:/Users/Fires/AppData/Local/UnrealEngine/4.20/DerivedDataCache/Boot.ddc.
[2019.01.15-02.06.45:588][  0]LogDerivedDataCache: Display: Loaded Boot cache: C:/Users/Fires/AppData/Local/UnrealEngine/4.20/DerivedDataCache/Boot.ddc
[2019.01.15-02.06.45:588][  0]LogDerivedDataCache: FDerivedDataBackendGraph:  Pak pak cache file ../../../../../../Program Files (x86)/TrenchTowers 4.20/DerivedDataCache/DDC.ddp not found, will not use a pak cache.
[2019.01.15-02.06.45:588][  0]LogDerivedDataCache: Unable to find inner node Pak for hierarchical cache Hierarchy.
[2019.01.15-02.06.45:588][  0]LogDerivedDataCache: FDerivedDataBackendGraph:  CompressedPak pak cache file ../../../../../../Program Files (x86)/TrenchTowers 4.20/DerivedDataCache/Compressed.ddp not found, will not use a pak cache.
[2019.01.15-02.06.45:588][  0]LogDerivedDataCache: Unable to find inner node CompressedPak for hierarchical cache Hierarchy.
[2019.01.15-02.06.45:606][  0]LogDerivedDataCache: Display: Pak cache opened for reading ../../../Engine/DerivedDataCache/Compressed.ddp.
[2019.01.15-02.06.45:621][  0]LogDerivedDataCache: Using Local data cache path C:/Users/Fires/AppData/Local/UnrealEngine/Common/DerivedDataCache: Writable
[2019.01.15-02.06.45:621][  0]LogDerivedDataCache: Shared data cache path not found in *engine.ini, will not use an Shared cache.
[2019.01.15-02.06.45:621][  0]LogDerivedDataCache: Unable to find inner node Shared for hierarchical cache Hierarchy.
[2019.01.15-02.06.45:640][  0]LogMaterial: Verifying Global Shaders for PCD3D_SM5
[2019.01.15-02.06.45:642][  0]LogSlate: Using FreeType 2.6.0
[2019.01.15-02.06.45:643][  0]LogSlate: SlateFontServices - WITH_FREETYPE: 1, WITH_HARFBUZZ: 1
[2019.01.15-02.06.45:775][  0]LogInit: Using OS detected language (en-US).
[2019.01.15-02.06.45:775][  0]LogInit: Using OS detected locale (en-CA).
[2019.01.15-02.06.45:775][  0]LogTextLocalizationManager: No localization for 'en-US' exists, so 'en' will be used for the language.
[2019.01.15-02.06.45:775][  0]LogTextLocalizationManager: No localization for 'en-CA' exists, so 'en' will be used for the locale.
[2019.01.15-02.06.46:120][  0]LogStreaming: Display: Took  0.345s to InitGameTextLocalization.
[2019.01.15-02.06.46:134][  0]LogAssetRegistry: FAssetRegistry took 0.0048 seconds to start up
[2019.01.15-02.06.46:362][  0]LogPackageLocalizationCache: Processed 11 localized package path(s) for 1 prioritized culture(s) in 0.019410 seconds
[2019.01.15-02.06.46:488][  0]LogInit: Selected Device Profile: [Windows]
[2019.01.15-02.06.46:682][  0]LogSimplygon: Simplygon DLL not present - disabling.
[2019.01.15-02.06.46:695][  0]LogMeshReduction: Using SimplygonSwarm for distributed automatic mesh merging
[2019.01.15-02.06.46:695][  0]LogMeshReduction: Using ProxyLODMeshReduction for automatic mesh merging
[2019.01.15-02.06.46:695][  0]LogMeshReduction: Using QuadricMeshReduction for automatic static mesh reduction
[2019.01.15-02.06.46:695][  0]LogMeshReduction: No automatic skeletal mesh reduction module available
[2019.01.15-02.06.46:723][  0]LogNetVersion: TrenchTowers 1.0.0, NetCL: 4212847, EngineNetVer: 5, GameNetVer: 0 (Checksum: 1537713906)
[2019.01.15-02.06.46:807][  0]LogObj: Error: LoadConfig (/Script/Engine.Default__RendererSettings): import failed for bEnableAlphaChannelInPostProcessing in: False
[2019.01.15-02.06.47:592][  0]LogMoviePlayer: Initializing movie player
[2019.01.15-02.06.47:918][  0]LogTcpMessaging: Initializing TcpMessaging bridge
[2019.01.15-02.06.47:935][  0]LogUdpMessaging: Initializing bridge on interface 0.0.0.0:0 to multicast group 230.0.0.1:6666.
[2019.01.15-02.06.48:061][  0]SourceControl: Source control is disabled
[2019.01.15-02.06.48:061][  0]SourceControl: Source control is disabled
[2019.01.15-02.06.48:065][  0]SourceControl: Source control is disabled
[2019.01.15-02.06.48:284][  0]LogAndroidPermission: UAndroidPermissionCallbackProxy::GetInstance
[2019.01.15-02.06.48:460][  0]LogOcInput: OculusInput pre-init called
[2019.01.15-02.06.48:478][  0]LogUObjectArray: 42177 objects as part of root set at end of initial load.
[2019.01.15-02.06.48:478][  0]LogUObjectAllocator: 7442616 out of 0 bytes used by permanent object pool.
[2019.01.15-02.06.48:478][  0]LogUObjectArray: CloseDisregardForGC: 0/0 objects in disregard for GC pool
[2019.01.15-02.06.48:565][  0]LogEngine: Initializing Engine...
[2019.01.15-02.06.48:567][  0]LogHMD: Failed to initialize OpenVR with code 110
[2019.01.15-02.06.48:582][  0]LogStats: UGameplayTagsManager::ConstructGameplayTagTree: Construct from data asset -  0.000 s
[2019.01.15-02.06.48:582][  0]LogStats: UGameplayTagsManager::ConstructGameplayTagTree: GameplayTagTreeChangedEvent.Broadcast -  0.000 s
[2019.01.15-02.06.48:823][  0]LogInit: Initializing FReadOnlyCVARCache
[2019.01.15-02.06.48:863][  0]LogInit: XAudio2 using 'Speakers / Headphones (Realtek Audio)' : 6 channels at 48 kHz using 32 bits per sample (channel mask 0x3f)
[2019.01.15-02.06.48:982][  0]LogInit: FAudioDevice initialized.
[2019.01.15-02.06.48:994][  0]LogNetVersion: Set ProjectVersion to 1.0.0.0. Version Checksum will be recalculated on next use.
[2019.01.15-02.06.49:001][  0]LogInit: Texture streaming: Enabled
[2019.01.15-02.06.49:220][  0]LogProperty: Error: UStructProperty::Serialize Loading: Property 'StructProperty /Game/2DSideScrollerBP/Blueprints/Gameplay/PlayerSaveGame.PlayerSaveGame_C:SPlayerInfo'. Unknown structure.
[2019.01.15-02.06.49:220][  0]LogClass: Warning: Property SPlayerInfo of SPlayerInfo has a struct type mismatch (tag STRUCT_REINST_PlayerInfo_0 != prop FallbackStruct) in package:  ../../../../../../Program Files (x86)/TrenchTowers 4.20/Content/2DSideScrollerBP/Blueprints/Gameplay/PlayerSaveGame.uasset. If that struct got renamed, add an entry to ActiveStructRedirects.
[2019.01.15-02.06.49:319][  0]LogClass: Warning: Property SPlayerInfo of SPlayerInfo has a struct type mismatch (tag FallbackStruct != prop PlayerInfo) in package:  FObjectReader. If that struct got renamed, add an entry to ActiveStructRedirects.
[2019.01.15-02.06.49:342][  0]LogSlate: Updating window title bar state: overlay mode, drag disabled, window buttons hidden, title bar hidden
[2019.01.15-02.06.49:342][  0]LogInit: Display: Game Engine Initialized.
[2019.01.15-02.06.49:342][  0]LogGameplayTags: Display: UGameplayTagsManager::DoneAddingNativeTags. DelegateIsBound: 0
[2019.01.15-02.06.49:342][  0]LogStats: UGameplayTagsManager::ConstructGameplayTagTree: Construct from data asset -  0.000 s
[2019.01.15-02.06.49:342][  0]LogStats: UGameplayTagsManager::ConstructGameplayTagTree: GameplayTagTreeChangedEvent.Broadcast -  0.000 s
[2019.01.15-02.06.49:383][  0]LogInit: Display: Starting Game.
[2019.01.15-02.06.49:383][  0]LogNet: Browse: /Game/2DSideScrollerBP/Maps/MainMenu?Name=Player
[2019.01.15-02.06.49:384][  0]LogLoad: LoadMap: /Game/2DSideScrollerBP/Maps/MainMenu?Name=Player
[2019.01.15-02.06.49:517][  0]LogAIModule: Creating AISystem for world MainMenu
[2019.01.15-02.06.49:517][  0]LogLoad: Game class is '2DSideScrollerGameMode_C'
[2019.01.15-02.06.49:519][  0]LogWorld: Bringing World /Game/2DSideScrollerBP/Maps/MainMenu.MainMenu up for play (max tick rate 0) at 2019.01.14-21.06.49
[2019.01.15-02.06.49:519][  0]LogWorld: Bringing up level for play took: 0.000608
[2019.01.15-02.06.49:520][  0]LogGameMode: FindPlayerStart: PATHS NOT DEFINED or NO PLAYERSTART with positive rating
[2019.01.15-02.06.49:528][  0]LogLoad: Took 0.143941 seconds to LoadMap(/Game/2DSideScrollerBP/Maps/MainMenu)
[2019.01.15-02.06.49:632][  0]LogRenderer: Reallocating scene render targets to support 1280x720 Format 10 NumSamples 1 (Frame:1).
[2019.01.15-02.06.49:632][  0]LogLoad: (Engine Initialization) Total time: 15.03 seconds
[2019.01.15-02.06.49:632][  0]LogLoad: (Engine Initialization) Total Blueprint compile time: 0.00 seconds
[2019.01.15-02.06.54:696][  0]LogContentStreaming: Texture pool size now 1000 MB
[2019.01.15-02.07.01:551][422]LogSlate: FSceneViewport::OnFocusLost() reason 0
[2019.01.15-02.07.01:631][427]LogScript: Warning: Accessed None trying to read property SaveGameRef
	MainMenu_C /Engine/Transient.GameEngine_0:TrenchGameInstance_C_0.MainMenu_C_0
	Function /Game/2DSideScrollerBP/Blueprints/GameUI/MainMenu.MainMenu_C:ExecuteUbergraph_MainMenu:07C4
[2019.01.15-02.07.01:631][427]LogScript: Warning: Script call stack:
	Function /Game/2DSideScrollerBP/Blueprints/GameUI/MainMenu.MainMenu_C:BndEvt__PlayGameButton_K2Node_ComponentBoundEvent_1_OnButtonClickedEvent__DelegateSignature
	Function /Game/2DSideScrollerBP/Blueprints/GameUI/MainMenu.MainMenu_C:ExecuteUbergraph_MainMenu

[2019.01.15-02.07.01:631][427]LogScript: Warning: Attempted to assign to None
	MainMenu_C /Engine/Transient.GameEngine_0:TrenchGameInstance_C_0.MainMenu_C_0
	Function /Game/2DSideScrollerBP/Blueprints/GameUI/MainMenu.MainMenu_C:ExecuteUbergraph_MainMenu:07D9
[2019.01.15-02.07.01:631][427]LogScript: Warning: Script call stack:
	Function /Game/2DSideScrollerBP/Blueprints/GameUI/MainMenu.MainMenu_C:BndEvt__PlayGameButton_K2Node_ComponentBoundEvent_1_OnButtonClickedEvent__DelegateSignature
	Function /Game/2DSideScrollerBP/Blueprints/GameUI/MainMenu.MainMenu_C:ExecuteUbergraph_MainMenu

[2019.01.15-02.07.01:631][427]LogBlueprintUserMessages: [MainMenu_C_0] true
[2019.01.15-02.07.01:633][427]LogBlueprintUserMessages: [MainMenu_C_0] notvalid
[2019.01.15-02.07.04:244][589]LogBlueprintUserMessages: [TrenchGameInstance_C_0] yes
[2019.01.15-02.07.04:554][603]LogOnlineSession: Verbose: OSS: dumping NamedSession: 
[2019.01.15-02.07.04:554][603]LogOnlineSession: Verbose: OSS: 	SessionName: GameSession
[2019.01.15-02.07.04:554][603]LogOnlineSession: Verbose: OSS: 	HostingPlayerNum: 0
[2019.01.15-02.07.04:554][603]LogOnlineSession: Verbose: OSS: 	SessionState: Pending
[2019.01.15-02.07.04:554][603]LogOnlineSession: Verbose: OSS: 	RegisteredPlayers: 
[2019.01.15-02.07.04:554][603]LogOnlineSession: Verbose: OSS: 	    0 registered players
[2019.01.15-02.07.04:554][603]LogOnlineSession: Verbose: OSS: dumping Session: 
[2019.01.15-02.07.04:554][603]LogOnlineSession: Verbose: OSS: 	OwningPlayerName: Claydel
[2019.01.15-02.07.04:555][603]LogOnlineSession: Verbose: OSS: 	OwningPlayerId: Claydel [0x110000105EC1B2F]
[2019.01.15-02.07.04:555][603]LogOnlineSession: Verbose: OSS: 	NumOpenPrivateConnections: 0
[2019.01.15-02.07.04:555][603]LogOnlineSession: Verbose: OSS: 	NumOpenPublicConnections: 5
[2019.01.15-02.07.04:555][603]LogOnlineSession: Verbose: OSS: 	SessionInfo: HostIP: INVALID SteamP2P: 76561198059625263:7777 Type: Lobby session SessionId: Lobby [0x186000001183FA9]
[2019.01.15-02.07.04:555][603]LogOnlineSession: Verbose: OSS: dumping SessionSettings: 
[2019.01.15-02.07.04:555][603]LogOnlineSession: Verbose: OSS: 	NumPublicConnections: 6
[2019.01.15-02.07.04:555][603]LogOnlineSession: Verbose: OSS: 	NumPrivateConnections: 0
[2019.01.15-02.07.04:555][603]LogOnlineSession: Verbose: OSS: 	bIsLanMatch: false
[2019.01.15-02.07.04:555][603]LogOnlineSession: Verbose: OSS: 	bIsDedicated: false
[2019.01.15-02.07.04:555][603]LogOnlineSession: Verbose: OSS: 	bUsesStats: false
[2019.01.15-02.07.04:555][603]LogOnlineSession: Verbose: OSS: 	bShouldAdvertise: true
[2019.01.15-02.07.04:555][603]LogOnlineSession: Verbose: OSS: 	bAllowJoinInProgress: true
[2019.01.15-02.07.04:555][603]LogOnlineSession: Verbose: OSS: 	bAllowInvites: false
[2019.01.15-02.07.04:555][603]LogOnlineSession: Verbose: OSS: 	bUsesPresence: true
[2019.01.15-02.07.04:555][603]LogOnlineSession: Verbose: OSS: 	bAllowJoinViaPresence: true
[2019.01.15-02.07.04:555][603]LogOnlineSession: Verbose: OSS: 	bAllowJoinViaPresenceFriendsOnly: false
[2019.01.15-02.07.04:555][603]LogOnlineSession: Verbose: OSS: 	BuildUniqueId: 0x0040486f
[2019.01.15-02.07.04:555][603]LogOnlineSession: Verbose: OSS: 	Settings:
[2019.01.15-02.07.05:118][603]LogPackageName: SearchForPackageOnDisk took   0.563s to resolve 2DSideScrollerExampleMap.umap.
[2019.01.15-02.07.05:621][603]LogPackageName: SearchForPackageOnDisk took   0.503s to resolve 2DSideScrollerExampleMap.umap.
[2019.01.15-02.07.05:621][603]LogNet: Browse: /Game/2DSideScrollerBP/Maps/2DSideScrollerExampleMap
[2019.01.15-02.07.05:622][603]LogLoad: LoadMap: /Game/2DSideScrollerBP/Maps/2DSideScrollerExampleMap
[2019.01.15-02.07.06:499][603]LogAIModule: Creating AISystem for world 2DSideScrollerExampleMap
[2019.01.15-02.07.06:500][603]LogLoad: Game class is '2DSideScrollerGameMode_C'
[2019.01.15-02.07.06:525][603]LogWorld: Bringing World /Game/2DSideScrollerBP/Maps/2DSideScrollerExampleMap.2DSideScrollerExampleMap up for play (max tick rate 0) at 2019.01.14-21.07.06
[2019.01.15-02.07.06:525][603]LogWorld: Bringing up level for play took: 0.023710
[2019.01.15-02.07.06:527][603]LogScript: Warning: Script Msg: Attempted to access index 0 from array 'Targets' of length 0 in '/Game/2DSideScrollerBP/Blueprints/Minions/Tower.Tower_C'!
[2019.01.15-02.07.06:528][603]LogScript: Warning: Script Msg: Attempted to access index 0 from array 'Targets' of length 0 in '/Game/2DSideScrollerBP/Blueprints/Minions/Tower.Tower_C'!
[2019.01.15-02.07.06:531][603]LogLoad: Took 0.908379 seconds to LoadMap(/Game/2DSideScrollerBP/Maps/2DSideScrollerExampleMap)
[2019.01.15-02.07.06:536][604]LogBlueprintUserMessages: [Cube_Blueprint] land
[2019.01.15-02.07.07:746][679]LogOutputDevice: Warning: 

Script Stack:
TroopSpawner_C.ExecuteUbergraph_TroopSpawner

[2019.01.15-02.07.09:038][679]LogStats: FPlatformStackWalk::StackWalkAndDump -  1.291 s
[2019.01.15-02.07.09:038][679]LogOutputDevice: Error: === Handled ensure: ===
[2019.01.15-02.07.09:038][679]LogOutputDevice: Error: 
[2019.01.15-02.07.09:039][679]LogOutputDevice: Error: Ensure condition failed: Cast<APawn>(NewUpdatedComponent->GetOwner()) [File:D:\Build\++UE4\Sync\Engine\Source\Runtime\Engine\Private\Components\PawnMovementComponent.cpp] [Line: 16]
[2019.01.15-02.07.09:039][679]LogOutputDevice: Error: FloatingPawnMovement must update a component owned by a Pawn
[2019.01.15-02.07.09:039][679]LogOutputDevice: Error: Stack: 
[2019.01.15-02.07.09:039][679]LogOutputDevice: Error: [Callstack] 0x00007fffd9dd71f6 UE4Editor-Core.dll!UnknownFunction []
[2019.01.15-02.07.09:039][679]LogOutputDevice: Error: [Callstack] 0x00007fffd9b10c92 UE4Editor-Core.dll!UnknownFunction []
[2019.01.15-02.07.09:039][679]LogOutputDevice: Error: [Callstack] 0x00007fffd9b2b356 UE4Editor-Core.dll!UnknownFunction []
[2019.01.15-02.07.09:039][679]LogOutputDevice: Error: [Callstack] 0x00007fffdafadbd5 UE4Editor-Engine.dll!UnknownFunction []
[2019.01.15-02.07.09:039][679]LogOutputDevice: Error: [Callstack] 0x00007fffdaf9a21b UE4Editor-Engine.dll!UnknownFunction []
[2019.01.15-02.07.09:039][679]LogOutputDevice: Error: [Callstack] 0x00007fffdaeb8d13 UE4Editor-Engine.dll!UnknownFunction []
[2019.01.15-02.07.09:039][679]LogOutputDevice: Error: [Callstack] 0x00007fffdaee2003 UE4Editor-Engine.dll!UnknownFunction []
[2019.01.15-02.07.09:039][679]LogOutputDevice: Error: [Callstack] 0x00007fffdaee0ea5 UE4Editor-Engine.dll!UnknownFunction []
[2019.01.15-02.07.09:039][679]LogOutputDevice: Error: [Callstack] 0x00007fffdba5e591 UE4Editor-Engine.dll!UnknownFunction []
[2019.01.15-02.07.09:039][679]LogOutputDevice: Error: [Callstack] 0x00007fffdab246fb UE4Editor-Engine.dll!UnknownFunction []
[2019.01.15-02.07.09:039][679]LogOutputDevice: Error: [Callstack] 0x00007fffdab287c4 UE4Editor-Engine.dll!UnknownFunction []
[2019.01.15-02.07.09:039][679]LogOutputDevice: Error: [Callstack] 0x00007fffdab476f3 UE4Editor-Engine.dll!UnknownFunction []
[2019.01.15-02.07.09:039][679]LogOutputDevice: Error: [Callstack] 0x00007fffdb48f646 UE4Editor-Engine.dll!UnknownFunction []
[2019.01.15-02.07.09:039][679]LogOutputDevice: Error: [Callstack] 0x00007fffdb48fc87 UE4Editor-Engine.dll!UnknownFunction []
[2019.01.15-02.07.09:039][679]LogOutputDevice: Error: [Callstack] 0x00007fffdb838232 UE4Editor-Engine.dll!UnknownFunction []
[2019.01.15-02.07.09:039][679]LogOutputDevice: Error: [Callstack] 0x00007fffdb828d15 UE4Editor-Engine.dll!UnknownFunction []
[2019.01.15-02.07.09:039][679]LogOutputDevice: Error: [Callstack] 0x00007fffdae597c8 UE4Editor-Engine.dll!UnknownFunction []
[2019.01.15-02.07.09:039][679]LogOutputDevice: Error: [Callstack] 0x00007fffdab4378e UE4Editor-Engine.dll!UnknownFunction []
[2019.01.15-02.07.09:039][679]LogOutputDevice: Error: [Callstack] 0x00007fffdab2892f UE4Editor-Engine.dll!UnknownFunction []
[2019.01.15-02.07.09:039][679]LogOutputDevice: Error: [Callstack] 0x00007fffdb228eaf UE4Editor-Engine.dll!UnknownFunction []
[2019.01.15-02.07.09:039][679]LogOutputDevice: Error: [Callstack] 0x00007fffdab79626 UE4Editor-Engine.dll!UnknownFunction []
[2019.01.15-02.07.09:039][679]LogOutputDevice: Error: [Callstack] 0x00007fffda416467 UE4Editor-CoreUObject.dll!UnknownFunction []
[2019.01.15-02.07.09:039][679]LogOutputDevice: Error: [Callstack] 0x00007fffda6216ae UE4Editor-CoreUObject.dll!UnknownFunction []
[2019.01.15-02.07.09:039][679]LogOutputDevice: Error: [Callstack] 0x00007fffda63f499 UE4Editor-CoreUObject.dll!UnknownFunction []
[2019.01.15-02.07.09:039][679]LogOutputDevice: Error: [Callstack] 0x00007fffda672266 UE4Editor-CoreUObject.dll!UnknownFunction []
[2019.01.15-02.07.09:039][679]LogOutputDevice: Error: [Callstack] 0x00007fffda641b96 UE4Editor-CoreUObject.dll!UnknownFunction []
[2019.01.15-02.07.09:039][679]LogOutputDevice: Error: [Callstack] 0x00007fffda416467 UE4Editor-CoreUObject.dll!UnknownFunction []
[2019.01.15-02.07.09:039][679]LogOutputDevice: Error: [Callstack] 0x00007fffda641133 UE4Editor-CoreUObject.dll!UnknownFunction []
[2019.01.15-02.07.09:039][679]LogOutputDevice: Error: [Callstack] 0x00007fffdab48033 UE4Editor-Engine.dll!UnknownFunction []
[2019.01.15-02.07.09:039][679]LogOutputDevice: Error: [Callstack] 0x00007fffdb40ae8f UE4Editor-Engine.dll!UnknownFunction []
[2019.01.15-02.07.09:039][679]LogOutputDevice: Error: [Callstack] 0x00007fffdb3f069e UE4Editor-Engine.dll!UnknownFunction []
[2019.01.15-02.07.09:039][679]LogOutputDevice: Error: [Callstack] 0x00007fffdab66bbe UE4Editor-Engine.dll!UnknownFunction []
[2019.01.15-02.07.09:039][679]LogOutputDevice: Error: [Callstack] 0x00007fffdab6730c UE4Editor-Engine.dll!UnknownFunction []
[2019.01.15-02.07.09:039][679]LogOutputDevice: Error: [Callstack] 0x00007fffdab25630 UE4Editor-Engine.dll!UnknownFunction []
[2019.01.15-02.07.09:039][679]LogOutputDevice: Error: [Callstack] 0x00007fffdbd216bd UE4Editor-Engine.dll!UnknownFunction []
[2019.01.15-02.07.09:039][679]LogOutputDevice: Error: [Callstack] 0x00007fffd9991f92 UE4Editor-Core.dll!UnknownFunction []
[2019.01.15-02.07.09:039][679]LogOutputDevice: Error: [Callstack] 0x00007fffd9992456 UE4Editor-Core.dll!UnknownFunction []
[2019.01.15-02.07.09:039][679]LogOutputDevice: Error: [Callstack] 0x00007fffd99a6d25 UE4Editor-Core.dll!UnknownFunction []
[2019.01.15-02.07.09:039][679]LogOutputDevice: Error: [Callstack] 0x00007fffdbd75b04 UE4Editor-Engine.dll!UnknownFunction []
[2019.01.15-02.07.09:039][679]LogOutputDevice: Error: [Callstack] 0x00007fffdbd84d92 UE4Editor-Engine.dll!UnknownFunction []
[2019.01.15-02.07.09:039][679]LogOutputDevice: Error: [Callstack] 0x00007fffdb4887e4 UE4Editor-Engine.dll!UnknownFunction []
[2019.01.15-02.07.09:039][679]LogOutputDevice: Error: [Callstack] 0x00007fffdb494003 UE4Editor-Engine.dll!UnknownFunction []
[2019.01.15-02.07.09:039][679]LogOutputDevice: Error: [Callstack] 0x00007fffdb255375 UE4Editor-Engine.dll!UnknownFunction []
[2019.01.15-02.07.09:039][679]LogOutputDevice: Error: [Callstack] 0x00007ff6f4ad5cbd UE4Editor.exe!UnknownFunction []
[2019.01.15-02.07.09:039][679]LogOutputDevice: Error: [Callstack] 0x00007ff6f4ae5b3c UE4Editor.exe!UnknownFunction []
[2019.01.15-02.07.09:039][679]LogOutputDevice: Error: [Callstack] 0x00007ff6f4ae5bba UE4Editor.exe!UnknownFunction []
[2019.01.15-02.07.09:039][679]LogOutputDevice: Error: [Callstack] 0x00007ff6f4af3dac UE4Editor.exe!UnknownFunction []
[2019.01.15-02.07.09:039][679]LogOutputDevice: Error: [Callstack] 0x00007ff6f4af5aaa UE4Editor.exe!UnknownFunction []
[2019.01.15-02.07.09:039][679]LogOutputDevice: Error: [Callstack] 0x00007ff865c17e94 KERNEL32.DLL!UnknownFunction []
[2019.01.15-02.07.09:039][679]LogOutputDevice: Error: [Callstack] 0x00007ff8687da251 ntdll.dll!UnknownFunction []
[2019.01.15-02.07.09:039][679]LogOutputDevice: Error: 
[2019.01.15-02.07.09:041][679]LogStats:                SubmitErrorReport -  0.000 s
[2019.01.15-02.07.10:623][679]LogStats:                    SendNewReport -  1.583 s
[2019.01.15-02.07.10:623][679]LogStats:             FDebug::EnsureFailed -  2.876 s
[2019.01.15-02.07.34:487][158]LogScript: Warning: Script Msg: Attempted to access index 0 from array 'Targets' of length 0 in '/Game/2DSideScrollerBP/Blueprints/Minions/Tower.Tower_C'!
[2019.01.15-02.07.34:503][159]LogScript: Warning: Script Msg: Attempted to access index 0 from array 'Targets' of length 0 in '/Game/2DSideScrollerBP/Blueprints/Minions/Tower.Tower_C'!
[2019.01.15-02.07.34:503][159]LogScript: Warning: Script Msg: Attempted to access index 0 from array 'Targets' of length 0 in '/Game/2DSideScrollerBP/Blueprints/Minions/Tower.Tower_C'!
[2019.01.15-02.07.34:503][159]LogScript: Warning: Script Msg: Attempted to access index 0 from array 'Targets' of length 0 in '/Game/2DSideScrollerBP/Blueprints/Minions/Tower.Tower_C'!
[2019.01.15-02.07.35:486][220]LogScript: Warning: Script Msg: Attempted to access index 0 from array 'Targets' of length 0 in '/Game/2DSideScrollerBP/Blueprints/Minions/Tower.Tower_C'!
[2019.01.15-02.07.35:503][221]LogScript: Warning: Script Msg: Attempted to access index 0 from array 'Targets' of length 0 in '/Game/2DSideScrollerBP/Blueprints/Minions/Tower.Tower_C'!
[2019.01.15-02.07.35:503][221]LogScript: Warning: Script Msg: Attempted to access index 0 from array 'Targets' of length 0 in '/Game/2DSideScrollerBP/Blueprints/Minions/Tower.Tower_C'!
[2019.01.15-02.07.35:503][221]LogScript: Warning: Script Msg: Attempted to access index 0 from array 'Targets' of length 0 in '/Game/2DSideScrollerBP/Blueprints/Minions/Tower.Tower_C'!
[2019.01.15-02.07.36:487][282]LogScript: Warning: Script Msg: Attempted to access index 0 from array 'Targets' of length 0 in '/Game/2DSideScrollerBP/Blueprints/Minions/Tower.Tower_C'!
[2019.01.15-02.07.36:505][283]LogScript: Warning: Script Msg: Attempted to access index 0 from array 'Targets' of length 0 in '/Game/2DSideScrollerBP/Blueprints/Minions/Tower.Tower_C'!
[2019.01.15-02.07.36:505][283]LogScript: Warning: Script Msg: Attempted to access index 0 from array 'Targets' of length 0 in '/Game/2DSideScrollerBP/Blueprints/Minions/Tower.Tower_C'!
[2019.01.15-02.07.36:505][283]LogScript: Warning: Script Msg: Attempted to access index 0 from array 'Targets' of length 0 in '/Game/2DSideScrollerBP/Blueprints/Minions/Tower.Tower_C'!
[2019.01.15-02.07.37:486][344]LogScript: Warning: Script Msg: Attempted to access index 0 from array 'Targets' of length 0 in '/Game/2DSideScrollerBP/Blueprints/Minions/Tower.Tower_C'!
[2019.01.15-02.07.37:502][345]LogScript: Warning: Script Msg: Attempted to access index 0 from array 'Targets' of length 0 in '/Game/2DSideScrollerBP/Blueprints/Minions/Tower.Tower_C'!
[2019.01.15-02.07.37:502][345]LogScript: Warning: Script Msg: Attempted to access index 0 from array 'Targets' of length 0 in '/Game/2DSideScrollerBP/Blueprints/Minions/Tower.Tower_C'!
[2019.01.15-02.07.37:502][345]LogScript: Warning: Script Msg: Attempted to access index 0 from array 'Targets' of length 0 in '/Game/2DSideScrollerBP/Blueprints/Minions/Tower.Tower_C'!
[2019.01.15-02.07.38:487][406]LogScript: Warning: Script Msg: Attempted to access index 0 from array 'Targets' of length 0 in '/Game/2DSideScrollerBP/Blueprints/Minions/Tower.Tower_C'!
[2019.01.15-02.07.38:503][407]LogScript: Warning: Script Msg: Attempted to access index 0 from array 'Targets' of length 0 in '/Game/2DSideScrollerBP/Blueprints/Minions/Tower.Tower_C'!
[2019.01.15-02.07.38:503][407]LogScript: Warning: Script Msg: Attempted to access index 0 from array 'Targets' of length 0 in '/Game/2DSideScrollerBP/Blueprints/Minions/Tower.Tower_C'!
[2019.01.15-02.07.38:504][407]LogScript: Warning: Script Msg: Attempted to access index 0 from array 'Targets' of length 0 in '/Game/2DSideScrollerBP/Blueprints/Minions/Tower.Tower_C'!
[2019.01.15-02.07.39:486][468]LogScript: Warning: Script Msg: Attempted to access index 0 from array 'Targets' of length 0 in '/Game/2DSideScrollerBP/Blueprints/Minions/Tower.Tower_C'!
[2019.01.15-02.07.39:502][469]LogScript: Warning: Script Msg: Attempted to access index 0 from array 'Targets' of length 0 in '/Game/2DSideScrollerBP/Blueprints/Minions/Tower.Tower_C'!
[2019.01.15-02.07.39:502][469]LogScript: Warning: Script Msg: Attempted to access index 0 from array 'Targets' of length 0 in '/Game/2DSideScrollerBP/Blueprints/Minions/Tower.Tower_C'!
[2019.01.15-02.07.39:503][469]LogScript: Warning: Script Msg: Attempted to access index 0 from array 'Targets' of length 0 in '/Game/2DSideScrollerBP/Blueprints/Minions/Tower.Tower_C'!
[2019.01.15-02.07.40:250][516]LogScript: Warning: Script Msg: Attempted to access index 3 from array 'Brute' of length 3 in '/Game/2DSideScrollerBP/Blueprints/Minions/TroopSpawner.TroopSpawner_C'!
[2019.01.15-02.07.40:250][516]LogScript: Warning: UGameplayStatics::BeginSpawningActorFromClass: can not spawn an actor from a NULL class
[2019.01.15-02.07.40:250][516]LogScript: Warning: Script Msg: Attempted to access index 3 from array 'Brute' of length 3 in '/Game/2DSideScrollerBP/Blueprints/Minions/TroopSpawner.TroopSpawner_C'!
[2019.01.15-02.07.40:250][516]LogScript: Warning: UGameplayStatics::BeginSpawningActorFromClass: can not spawn an actor from a NULL class
[2019.01.15-02.07.40:250][516]LogScript: Warning: Script Msg: Attempted to access index 3 from array 'Brute' of length 3 in '/Game/2DSideScrollerBP/Blueprints/Minions/TroopSpawner.TroopSpawner_C'!
[2019.01.15-02.07.40:250][516]LogScript: Warning: UGameplayStatics::BeginSpawningActorFromClass: can not spawn an actor from a NULL class
[2019.01.15-02.07.40:250][516]LogScript: Warning: Script Msg: Attempted to access index 3 from array 'Brute' of length 3 in '/Game/2DSideScrollerBP/Blueprints/Minions/TroopSpawner.TroopSpawner_C'!
[2019.01.15-02.07.40:250][516]LogScript: Warning: UGameplayStatics::BeginSpawningActorFromClass: can not spawn an actor from a NULL class
[2019.01.15-02.07.40:250][516]LogScript: Warning: Script Msg: Attempted to access index 3 from array 'Brute' of length 3 in '/Game/2DSideScrollerBP/Blueprints/Minions/TroopSpawner.TroopSpawner_C'!
[2019.01.15-02.07.40:250][516]LogScript: Warning: UGameplayStatics::BeginSpawningActorFromClass: can not spawn an actor from a NULL class
[2019.01.15-02.07.40:250][516]LogScript: Warning: Script Msg: Attempted to access index 3 from array 'Brute' of length 3 in '/Game/2DSideScrollerBP/Blueprints/Minions/TroopSpawner.TroopSpawner_C'!
[2019.01.15-02.07.40:250][516]LogScript: Warning: UGameplayStatics::BeginSpawningActorFromClass: can not spawn an actor from a NULL class
[2019.01.15-02.07.40:489][530]LogScript: Warning: Script Msg: Attempted to access index 0 from array 'Targets' of length 0 in '/Game/2DSideScrollerBP/Blueprints/Minions/Tower.Tower_C'!
[2019.01.15-02.07.40:503][531]LogScript: Warning: Script Msg: Attempted to access index 0 from array 'Targets' of length 0 in '/Game/2DSideScrollerBP/Blueprints/Minions/Tower.Tower_C'!
[2019.01.15-02.07.40:503][531]LogScript: Warning: Script Msg: Attempted to access index 0 from array 'Targets' of length 0 in '/Game/2DSideScrollerBP/Blueprints/Minions/Tower.Tower_C'!
[2019.01.15-02.07.40:503][531]LogScript: Warning: Script Msg: Attempted to access index 0 from array 'Targets' of length 0 in '/Game/2DSideScrollerBP/Blueprints/Minions/Tower.Tower_C'!
[2019.01.15-02.07.41:486][592]LogScript: Warning: Script Msg: Attempted to access index 0 from array 'Targets' of length 0 in '/Game/2DSideScrollerBP/Blueprints/Minions/Tower.Tower_C'!
[2019.01.15-02.07.41:501][593]LogScript: Warning: Script Msg: Attempted to access index 0 from array 'Targets' of length 0 in '/Game/2DSideScrollerBP/Blueprints/Minions/Tower.Tower_C'!
[2019.01.15-02.07.41:501][593]LogScript: Warning: Script Msg: Attempted to access index 0 from array 'Targets' of length 0 in '/Game/2DSideScrollerBP/Blueprints/Minions/Tower.Tower_C'!
[2019.01.15-02.07.41:501][593]LogScript: Warning: Script Msg: Attempted to access index 0 from array 'Targets' of length 0 in '/Game/2DSideScrollerBP/Blueprints/Minions/Tower.Tower_C'!
[2019.01.15-02.07.42:492][654]LogScript: Warning: Script Msg: Attempted to access index 0 from array 'Targets' of length 0 in '/Game/2DSideScrollerBP/Blueprints/Minions/Tower.Tower_C'!
[2019.01.15-02.07.42:507][655]LogScript: Warning: Script Msg: Attempted to access index 0 from array 'Targets' of length 0 in '/Game/2DSideScrollerBP/Blueprints/Minions/Tower.Tower_C'!
[2019.01.15-02.07.42:507][655]LogScript: Warning: Script Msg: Attempted to access index 0 from array 'Targets' of length 0 in '/Game/2DSideScrollerBP/Blueprints/Minions/Tower.Tower_C'!
[2019.01.15-02.07.42:507][655]LogScript: Warning: Script Msg: Attempted to access index 0 from array 'Targets' of length 0 in '/Game/2DSideScrollerBP/Blueprints/Minions/Tower.Tower_C'!
[2019.01.15-02.07.43:504][717]LogScript: Warning: Script Msg: Attempted to access index 0 from array 'Targets' of length 0 in '/Game/2DSideScrollerBP/Blueprints/Minions/Tower.Tower_C'!
[2019.01.15-02.07.43:504][717]LogScript: Warning: Script Msg: Attempted to access index 0 from array 'Targets' of length 0 in '/Game/2DSideScrollerBP/Blueprints/Minions/Tower.Tower_C'!
[2019.01.15-02.07.43:504][717]LogScript: Warning: Script Msg: Attempted to access index 0 from array 'Targets' of length 0 in '/Game/2DSideScrollerBP/Blueprints/Minions/Tower.Tower_C'!
[2019.01.15-02.07.44:504][779]LogScript: Warning: Script Msg: Attempted to access index 0 from array 'Targets' of length 0 in '/Game/2DSideScrollerBP/Blueprints/Minions/Tower.Tower_C'!
[2019.01.15-02.07.48:255][ 12]LogScript: Warning: Script Msg: Attempted to access index 4 from array 'Brute' of length 3 in '/Game/2DSideScrollerBP/Blueprints/Minions/TroopSpawner.TroopSpawner_C'!
[2019.01.15-02.07.48:255][ 12]LogScript: Warning: UGameplayStatics::BeginSpawningActorFromClass: can not spawn an actor from a NULL class
[2019.01.15-02.07.48:255][ 12]LogScript: Warning: Script Msg: Attempted to access index 4 from array 'Brute' of length 3 in '/Game/2DSideScrollerBP/Blueprints/Minions/TroopSpawner.TroopSpawner_C'!
[2019.01.15-02.07.48:255][ 12]LogScript: Warning: UGameplayStatics::BeginSpawningActorFromClass: can not spawn an actor from a NULL class
[2019.01.15-02.07.48:255][ 12]LogScript: Warning: Script Msg: Attempted to access index 4 from array 'Brute' of length 3 in '/Game/2DSideScrollerBP/Blueprints/Minions/TroopSpawner.TroopSpawner_C'!
[2019.01.15-02.07.48:255][ 12]LogScript: Warning: UGameplayStatics::BeginSpawningActorFromClass: can not spawn an actor from a NULL class
[2019.01.15-02.07.48:255][ 12]LogScript: Warning: Script Msg: Attempted to access index 4 from array 'Brute' of length 3 in '/Game/2DSideScrollerBP/Blueprints/Minions/TroopSpawner.TroopSpawner_C'!
[2019.01.15-02.07.48:255][ 12]LogScript: Warning: UGameplayStatics::BeginSpawningActorFromClass: can not spawn an actor from a NULL class
[2019.01.15-02.07.48:256][ 12]LogScript: Warning: Script Msg: Attempted to access index 4 from array 'Brute' of length 3 in '/Game/2DSideScrollerBP/Blueprints/Minions/TroopSpawner.TroopSpawner_C'!
[2019.01.15-02.07.48:256][ 12]LogScript: Warning: UGameplayStatics::BeginSpawningActorFromClass: can not spawn an actor from a NULL class
[2019.01.15-02.07.48:256][ 12]LogScript: Warning: Script Msg: Attempted to access index 4 from array 'Brute' of length 3 in '/Game/2DSideScrollerBP/Blueprints/Minions/TroopSpawner.TroopSpawner_C'!
[2019.01.15-02.07.48:256][ 12]LogScript: Warning: UGameplayStatics::BeginSpawningActorFromClass: can not spawn an actor from a NULL class
[2019.01.15-02.07.56:270][508]LogScript: Warning: Script Msg: Attempted to access index 5 from array 'Brute' of length 3 in '/Game/2DSideScrollerBP/Blueprints/Minions/TroopSpawner.TroopSpawner_C'!
[2019.01.15-02.07.56:270][508]LogScript: Warning: UGameplayStatics::BeginSpawningActorFromClass: can not spawn an actor from a NULL class
[2019.01.15-02.07.56:270][508]LogScript: Warning: Script Msg: Attempted to access index 5 from array 'Brute' of length 3 in '/Game/2DSideScrollerBP/Blueprints/Minions/TroopSpawner.TroopSpawner_C'!
[2019.01.15-02.07.56:270][508]LogScript: Warning: UGameplayStatics::BeginSpawningActorFromClass: can not spawn an actor from a NULL class
[2019.01.15-02.07.56:270][508]LogScript: Warning: Script Msg: Attempted to access index 5 from array 'Brute' of length 3 in '/Game/2DSideScrollerBP/Blueprints/Minions/TroopSpawner.TroopSpawner_C'!
[2019.01.15-02.07.56:270][508]LogScript: Warning: UGameplayStatics::BeginSpawningActorFromClass: can not spawn an actor from a NULL class
[2019.01.15-02.07.56:270][508]LogScript: Warning: Script Msg: Attempted to access index 5 from array 'Brute' of length 3 in '/Game/2DSideScrollerBP/Blueprints/Minions/TroopSpawner.TroopSpawner_C'!
[2019.01.15-02.07.56:270][508]LogScript: Warning: UGameplayStatics::BeginSpawningActorFromClass: can not spawn an actor from a NULL class
[2019.01.15-02.07.56:270][508]LogScript: Warning: Script Msg: Attempted to access index 5 from array 'Brute' of length 3 in '/Game/2DSideScrollerBP/Blueprints/Minions/TroopSpawner.TroopSpawner_C'!
[2019.01.15-02.07.56:270][508]LogScript: Warning: UGameplayStatics::BeginSpawningActorFromClass: can not spawn an actor from a NULL class
[2019.01.15-02.07.56:270][508]LogScript: Warning: Script Msg: Attempted to access index 5 from array 'Brute' of length 3 in '/Game/2DSideScrollerBP/Blueprints/Minions/TroopSpawner.TroopSpawner_C'!
[2019.01.15-02.07.56:270][508]LogScript: Warning: UGameplayStatics::BeginSpawningActorFromClass: can not spawn an actor from a NULL class
[2019.01.15-02.08.04:272][  4]LogScript: Warning: Script Msg: Attempted to access index 6 from array 'Brute' of length 3 in '/Game/2DSideScrollerBP/Blueprints/Minions/TroopSpawner.TroopSpawner_C'!
[2019.01.15-02.08.04:272][  4]LogScript: Warning: UGameplayStatics::BeginSpawningActorFromClass: can not spawn an actor from a NULL class
[2019.01.15-02.08.04:272][  4]LogScript: Warning: Script Msg: Attempted to access index 6 from array 'Brute' of length 3 in '/Game/2DSideScrollerBP/Blueprints/Minions/TroopSpawner.TroopSpawner_C'!
[2019.01.15-02.08.04:272][  4]LogScript: Warning: UGameplayStatics::BeginSpawningActorFromClass: can not spawn an actor from a NULL class
[2019.01.15-02.08.04:272][  4]LogScript: Warning: Script Msg: Attempted to access index 6 from array 'Brute' of length 3 in '/Game/2DSideScrollerBP/Blueprints/Minions/TroopSpawner.TroopSpawner_C'!
[2019.01.15-02.08.04:272][  4]LogScript: Warning: UGameplayStatics::BeginSpawningActorFromClass: can not spawn an actor from a NULL class
[2019.01.15-02.08.04:272][  4]LogScript: Warning: Script Msg: Attempted to access index 6 from array 'Brute' of length 3 in '/Game/2DSideScrollerBP/Blueprints/Minions/TroopSpawner.TroopSpawner_C'!
[2019.01.15-02.08.04:272][  4]LogScript: Warning: UGameplayStatics::BeginSpawningActorFromClass: can not spawn an actor from a NULL class
[2019.01.15-02.08.04:272][  4]LogScript: Warning: Script Msg: Attempted to access index 6 from array 'Brute' of length 3 in '/Game/2DSideScrollerBP/Blueprints/Minions/TroopSpawner.TroopSpawner_C'!
[2019.01.15-02.08.04:272][  4]LogScript: Warning: UGameplayStatics::BeginSpawningActorFromClass: can not spawn an actor from a NULL class
[2019.01.15-02.08.04:272][  4]LogScript: Warning: Script Msg: Attempted to access index 6 from array 'Brute' of length 3 in '/Game/2DSideScrollerBP/Blueprints/Minions/TroopSpawner.TroopSpawner_C'!
[2019.01.15-02.08.04:272][  4]LogScript: Warning: UGameplayStatics::BeginSpawningActorFromClass: can not spawn an actor from a NULL class
[2019.01.15-02.08.12:148][487]LogSlate: Window 'TrenchTowers (64-bit Development PCD3D_SM5) ' being destroyed
[2019.01.15-02.08.12:156][487]LogWindowsTextInputMethodSystem: Display: IME system now deactivated.
[2019.01.15-02.08.12:170][487]LogWindowsTextInputMethodSystem: Display: IME system now deactivated.
[2019.01.15-02.08.12:173][487]LogSlate: Updating window title bar state: overlay mode, drag disabled, window buttons hidden, title bar hidden
[2019.01.15-02.08.12:173][487]LogEngine: All Windows Closed
[2019.01.15-02.08.12:173][487]LogWindows: FPlatformMisc::RequestExit(0)
[2019.01.15-02.08.12:563][488]LogExit: Preparing to exit.
[2019.01.15-02.08.12:563][488]LogMoviePlayer: Shutting down movie player
[2019.01.15-02.08.13:576][488]LogSlate: Updating window title bar state: overlay mode, drag disabled, window buttons hidden, title bar hidden
[2019.01.15-02.08.13:595][488]LogExit: Game engine shut down
[2019.01.15-02.08.14:140][488]LogExit: Object subsystem successfully closed.
[2019.01.15-02.08.14:169][488]LogShaderCompilers: Display: Shaders left to compile 0
[2019.01.15-02.08.14:172][488]LogD3D11RHI: Shutdown
[2019.01.15-02.08.14:172][488]LogD3D11RHI: CleanupD3DDevice
[2019.01.15-02.08.14:173][488]LogD3D11RHI: ~FD3D11DynamicRHI
[2019.01.15-02.08.14:181][488]LogModuleManager: Shutting down and abandoning module SequenceRecorderSections (378)
[2019.01.15-02.08.14:181][488]LogModuleManager: Shutting down and abandoning module SequenceRecorder (376)
[2019.01.15-02.08.14:181][488]LogModuleManager: Shutting down and abandoning module AutomationController (374)
[2019.01.15-02.08.14:181][488]LogModuleManager: Shutting down and abandoning module AutomationWorker (372)
[2019.01.15-02.08.14:181][488]LogModuleManager: Shutting down and abandoning module AIModule (370)
[2019.01.15-02.08.14:181][488]LogModuleManager: Shutting down and abandoning module GameplayDebugger (369)
[2019.01.15-02.08.14:181][488]LogModuleManager: Shutting down and abandoning module AITestSuite (367)
[2019.01.15-02.08.14:181][488]LogModuleManager: Shutting down and abandoning module NavigationSystem (365)
[2019.01.15-02.08.14:181][488]LogModuleManager: Shutting down and abandoning module WmfMediaFactory (362)
[2019.01.15-02.08.14:181][488]LogModuleManager: Shutting down and abandoning module OpenExrWrapper (360)
[2019.01.15-02.08.14:181][488]LogModuleManager: Shutting down and abandoning module ImgMediaFactory (358)
[2019.01.15-02.08.14:181][488]LogModuleManager: Shutting down and abandoning module AvfMediaFactory (356)
[2019.01.15-02.08.14:181][488]LogModuleManager: Shutting down and abandoning module MagicLeapCameraPreviewFactory (354)
[2019.01.15-02.08.14:181][488]LogModuleManager: Shutting down and abandoning module MagicLeapMediaFactory (352)
[2019.01.15-02.08.14:181][488]LogModuleManager: Shutting down and abandoning module CharacterAI (350)
[2019.01.15-02.08.14:181][488]LogModuleManager: Shutting down and abandoning module SessionServices (348)
[2019.01.15-02.08.14:181][488]LogModuleManager: Shutting down and abandoning module MovieSceneCapture (346)
[2019.01.15-02.08.14:181][488]LogModuleManager: Shutting down and abandoning module MovieSceneTracks (344)
[2019.01.15-02.08.14:181][488]LogModuleManager: Shutting down and abandoning module MovieScene (342)
[2019.01.15-02.08.14:181][488]LogModuleManager: Shutting down and abandoning module StreamingPauseRendering (340)
[2019.01.15-02.08.14:181][488]LogModuleManager: Shutting down and abandoning module PortalServices (338)
[2019.01.15-02.08.14:181][488]LogModuleManager: Shutting down and abandoning module PortalRpc (336)
[2019.01.15-02.08.14:181][488]LogModuleManager: Shutting down and abandoning module MessagingRpc (334)
[2019.01.15-02.08.14:181][488]LogModuleManager: Shutting down and abandoning module ProfilerService (332)
[2019.01.15-02.08.14:384][488]LogModuleManager: Shutting down and abandoning module TaskGraph (330)
[2019.01.15-02.08.14:384][488]LogModuleManager: Shutting down and abandoning module SteamVRController (328)
[2019.01.15-02.08.14:385][488]LogModuleManager: Shutting down and abandoning module SteamController (326)
[2019.01.15-02.08.14:385][488]LogModuleManager: Shutting down and abandoning module ProceduralMeshComponent (324)
[2019.01.15-02.08.14:385][488]LogModuleManager: Shutting down and abandoning module OculusInput (322)
[2019.01.15-02.08.14:385][488]LogModuleManager: Shutting down and abandoning module MobilePatchingUtils (320)
[2019.01.15-02.08.14:385][488]LogModuleManager: Shutting down and abandoning module EditableMesh (318)
[2019.01.15-02.08.14:385][488]LogModuleManager: Shutting down and abandoning module CustomMeshComponent (316)
[2019.01.15-02.08.14:385][488]LogModuleManager: Shutting down and abandoning module CableComponent (314)
[2019.01.15-02.08.14:385][488]LogModuleManager: Shutting down and abandoning module AudioCapture (312)
[2019.01.15-02.08.14:385][488]LogModuleManager: Shutting down and abandoning module ArchVisCharacter (310)
[2019.01.15-02.08.14:385][488]LogModuleManager: Shutting down and abandoning module AndroidPermission (308)
[2019.01.15-02.08.14:385][488]LogModuleManager: Shutting down and abandoning module NUTUnrealEngine4 (304)
[2019.01.15-02.08.14:385][488]LogModuleManager: Shutting down and abandoning module NetcodeUnitTest (302)
[2019.01.15-02.08.14:385][488]LogModuleManager: Shutting down and abandoning module MediaCompositing (300)
[2019.01.15-02.08.14:385][488]LogModuleManager: Shutting down and abandoning module LinearTimecode (298)
[2019.01.15-02.08.14:385][488]LogModuleManager: Shutting down and abandoning module ImgMedia (296)
[2019.01.15-02.08.14:389][488]LogModuleManager: Shutting down and abandoning module HTML5Networking (294)
[2019.01.15-02.08.14:389][488]LogModuleManager: Shutting down and abandoning module GeometryCacheTracks (292)
[2019.01.15-02.08.14:389][488]LogModuleManager: Shutting down and abandoning module GeometryCacheSequencer (291)
[2019.01.15-02.08.14:389][488]LogModuleManager: Shutting down and abandoning module GeometryCache (288)
[2019.01.15-02.08.14:389][488]LogModuleManager: Shutting down and abandoning module GeometryCacheEd (287)
[2019.01.15-02.08.14:389][488]LogModuleManager: Shutting down and abandoning module BackChannel (284)
[2019.01.15-02.08.14:389][488]LogModuleManager: Shutting down and abandoning module AppleVision (282)
[2019.01.15-02.08.14:389][488]LogModuleManager: Shutting down and abandoning module AppleImageUtils (280)
[2019.01.15-02.08.14:389][488]LogModuleManager: Shutting down and abandoning module DatasmithContent (278)
[2019.01.15-02.08.14:391][488]LogModuleManager: Shutting down and abandoning module CryptoKeysOpenSSL (276)
[2019.01.15-02.08.14:391][488]LogModuleManager: Shutting down and abandoning module CryptoKeys (274)
[2019.01.15-02.08.14:391][488]LogModuleManager: Shutting down and abandoning module VisualStudioSourceCodeAccess (272)
[2019.01.15-02.08.14:391][488]LogModuleManager: Shutting down and abandoning module HotReload (271)
[2019.01.15-02.08.14:391][488]LogModuleManager: Shutting down and abandoning module DirectoryWatcher (270)
[2019.01.15-02.08.14:391][488]LogModuleManager: Shutting down and abandoning module VisualStudioCodeSourceCodeAccess (266)
[2019.01.15-02.08.14:391][488]LogModuleManager: Shutting down and abandoning module UObjectPlugin (264)
[2019.01.15-02.08.14:391][488]LogModuleManager: Shutting down and abandoning module SubversionSourceControl (262)
[2019.01.15-02.08.14:391][488]LogModuleManager: Shutting down and abandoning module PerforceSourceControl (260)
[2019.01.15-02.08.14:391][488]LogModuleManager: Shutting down and abandoning module SourceControl (259)
[2019.01.15-02.08.14:391][488]LogModuleManager: Shutting down and abandoning module CLionSourceCodeAccess (256)
[2019.01.15-02.08.14:391][488]LogModuleManager: Shutting down and abandoning module RuntimePhysXCooking (254)
[2019.01.15-02.08.14:391][488]LogModuleManager: Shutting down and abandoning module PhysXVehiclesEditor (252)
[2019.01.15-02.08.14:391][488]LogModuleManager: Shutting down and abandoning module PhysXVehicles (250)
[2019.01.15-02.08.14:391][488]LogModuleManager: Shutting down and abandoning module LocationServicesBPLibrary (248)
[2019.01.15-02.08.14:391][488]LogModuleManager: Shutting down and abandoning module ImmediatePhysicsEditor (246)
[2019.01.15-02.08.14:391][488]LogModuleManager: Shutting down and abandoning module ImmediatePhysics (244)
[2019.01.15-02.08.14:391][488]LogModuleManager: Shutting down and abandoning module ActorSequence (242)
[2019.01.15-02.08.14:391][488]LogModuleManager: Shutting down and abandoning module UdpMessaging (240)
[2019.01.15-02.08.14:491][488]LogModuleManager: Shutting down and abandoning module TcpMessaging (238)
[2019.01.15-02.08.14:592][488]LogModuleManager: Shutting down and abandoning module MagicLeapAudio (236)
[2019.01.15-02.08.14:592][488]LogModuleManager: Shutting down and abandoning module GameplayTagsEditor (234)
[2019.01.15-02.08.14:592][488]LogModuleManager: Shutting down and abandoning module FacialAnimation (232)
[2019.01.15-02.08.14:592][488]LogModuleManager: Shutting down and abandoning module DataValidation (230)
[2019.01.15-02.08.14:592][488]LogModuleManager: Shutting down and abandoning module AssetManagerEditor (228)
[2019.01.15-02.08.14:592][488]LogModuleManager: Shutting down and abandoning module TreeMap (227)
[2019.01.15-02.08.14:592][488]LogModuleManager: Shutting down and abandoning module LightPropagationVolumeRuntime (224)
[2019.01.15-02.08.14:592][488]LogModuleManager: Shutting down and abandoning module AISupportModule (222)
[2019.01.15-02.08.14:592][488]LogModuleManager: Shutting down and abandoning module Paper2D (220)
[2019.01.15-02.08.14:592][488]LogModuleManager: Shutting down and abandoning module PIEPreviewDeviceProfileSelector (218)
[2019.01.15-02.08.14:592][488]LogModuleManager: Shutting down and abandoning module WindowsMoviePlayer (216)
[2019.01.15-02.08.14:592][488]LogModuleManager: Shutting down and abandoning module WmfMedia (214)
[2019.01.15-02.08.14:593][488]LogModuleManager: Shutting down and abandoning module Media (213)
[2019.01.15-02.08.14:599][488]LogModuleManager: Shutting down and abandoning module PacketHandler (210)
[2019.01.15-02.08.14:599][488]LogModuleManager: Shutting down and abandoning module ClothingSystemEditor (208)
[2019.01.15-02.08.14:599][488]LogModuleManager: Shutting down and abandoning module ClothingSystemRuntime (206)
[2019.01.15-02.08.14:599][488]LogModuleManager: Shutting down and abandoning module MediaAssets (204)
[2019.01.15-02.08.14:599][488]LogModuleManager: Shutting down and abandoning module Overlay (202)
[2019.01.15-02.08.14:599][488]LogModuleManager: Shutting down and abandoning module OverlayEditor (201)
[2019.01.15-02.08.14:599][488]LogModuleManager: Shutting down and abandoning module VREditor (198)
[2019.01.15-02.08.14:599][488]LogModuleManager: Shutting down and abandoning module StringTableEditor (196)
[2019.01.15-02.08.14:599][488]LogModuleManager: Shutting down and abandoning module GameplayTasksEditor (194)
[2019.01.15-02.08.14:599][488]LogModuleManager: Shutting down and abandoning module BehaviorTreeEditor (192)
[2019.01.15-02.08.14:600][488]LogModuleManager: Shutting down and abandoning module FunctionalTesting (190)
[2019.01.15-02.08.14:600][488]LogModuleManager: Shutting down and abandoning module CollisionAnalyzer (188)
[2019.01.15-02.08.14:600][488]LogModuleManager: Shutting down and abandoning module WorkspaceMenuStructure (187)
[2019.01.15-02.08.14:600][488]LogModuleManager: Shutting down and abandoning module UMG (184)
[2019.01.15-02.08.14:600][488]LogModuleManager: Shutting down and abandoning module UMGEditor (183)
[2019.01.15-02.08.14:600][488]LogModuleManager: Shutting down and abandoning module Sequencer (182)
[2019.01.15-02.08.14:600][488]LogModuleManager: Shutting down and abandoning module MessageLog (179)
[2019.01.15-02.08.14:600][488]LogModuleManager: Shutting down and abandoning module SlateReflector (174)
[2019.01.15-02.08.14:600][488]LogModuleManager: Shutting down and abandoning module Slate (172)
[2019.01.15-02.08.14:600][488]LogModuleManager: Shutting down and abandoning module EditorStyle (170)
[2019.01.15-02.08.14:602][488]LogModuleManager: Shutting down and abandoning module MRMesh (168)
[2019.01.15-02.08.14:602][488]LogModuleManager: Shutting down and abandoning module Messaging (166)
[2019.01.15-02.08.14:602][488]LogModuleManager: Shutting down and abandoning module SourceCodeAccess (164)
[2019.01.15-02.08.14:602][488]LogModuleManager: Shutting down and abandoning module HeadMountedDisplay (162)
[2019.01.15-02.08.14:602][488]LogModuleManager: Shutting down and abandoning module XAudio2 (160)
[2019.01.15-02.08.14:602][488]LogModuleManager: Shutting down and abandoning module Networking (158)
[2019.01.15-02.08.14:602][488]LogModuleManager: Shutting down and abandoning module Core (156)
[2019.01.15-02.08.14:602][488]LogModuleManager: Shutting down and abandoning module LevelSequence (154)
[2019.01.15-02.08.14:602][488]LogModuleManager: Shutting down and abandoning module KismetCompiler (152)
[2019.01.15-02.08.14:602][488]LogModuleManager: Shutting down and abandoning module MeshUtilities (150)
[2019.01.15-02.08.14:603][488]LogModuleManager: Shutting down and abandoning module MeshMergeUtilities (149)
[2019.01.15-02.08.14:603][488]LogModuleManager: Shutting down and abandoning module MeshReductionInterface (148)
[2019.01.15-02.08.14:603][488]LogModuleManager: Shutting down and abandoning module SimplygonSwarm (147)
[2019.01.15-02.08.14:603][488]LogModuleManager: Shutting down and abandoning module ProxyLODMeshReduction (145)
[2019.01.15-02.08.14:603][488]LogModuleManager: Shutting down and abandoning module SimplygonMeshReduction (143)
[2019.01.15-02.08.14:603][488]LogModuleManager: Shutting down and abandoning module QuadricMeshReduction (141)
[2019.01.15-02.08.14:603][488]LogModuleManager: Shutting down and abandoning module MaterialBaking (137)
[2019.01.15-02.08.14:603][488]LogModuleManager: Shutting down and abandoning module DerivedDataCache (132)
[2019.01.15-02.08.15:102][488]LogDerivedDataCache: Shutdown
[2019.01.15-02.08.15:102][488]LogModuleManager: Shutting down and abandoning module XGEController (130)
[2019.01.15-02.08.15:102][488]LogModuleManager: Shutting down and abandoning module TargetPlatform (128)
[2019.01.15-02.08.15:102][488]LogModuleManager: Shutting down and abandoning module VulkanShaderFormat (127)
[2019.01.15-02.08.15:102][488]LogModuleManager: Shutting down and abandoning module ShaderFormatVectorVM (125)
[2019.01.15-02.08.15:102][488]LogModuleManager: Shutting down and abandoning module ShaderFormatOpenGL (123)
[2019.01.15-02.08.15:102][488]LogModuleManager: Shutting down and abandoning module ShaderFormatD3D (121)
[2019.01.15-02.08.15:102][488]LogModuleManager: Shutting down and abandoning module MetalShaderFormat (119)
[2019.01.15-02.08.15:102][488]LogModuleManager: Shutting down and abandoning module TextureFormatUncompressed (117)
[2019.01.15-02.08.15:102][488]LogModuleManager: Shutting down and abandoning module TextureFormatPVR (115)
[2019.01.15-02.08.15:102][488]LogModuleManager: Shutting down and abandoning module TextureFormatDXT (113)
[2019.01.15-02.08.15:102][488]LogModuleManager: Shutting down and abandoning module TextureFormatIntelISPCTexComp (111)
[2019.01.15-02.08.15:102][488]LogModuleManager: Shutting down and abandoning module TextureFormatASTC (109)
[2019.01.15-02.08.15:102][488]LogModuleManager: Shutting down and abandoning module ImageWrapper (108)
[2019.01.15-02.08.15:102][488]LogModuleManager: Shutting down and abandoning module TextureFormatAndroid (105)
[2019.01.15-02.08.15:102][488]LogModuleManager: Shutting down and abandoning module AudioFormatOpus (103)
[2019.01.15-02.08.15:102][488]LogModuleManager: Shutting down and abandoning module AudioFormatOgg (101)
[2019.01.15-02.08.15:102][488]LogModuleManager: Shutting down and abandoning module AudioFormatADPCM (99)
[2019.01.15-02.08.15:102][488]LogModuleManager: Shutting down and abandoning module WindowsTargetPlatform (97)
[2019.01.15-02.08.15:102][488]LogModuleManager: Shutting down and abandoning module WindowsServerTargetPlatform (95)
[2019.01.15-02.08.15:102][488]LogModuleManager: Shutting down and abandoning module WindowsNoEditorTargetPlatform (93)
[2019.01.15-02.08.15:102][488]LogModuleManager: Shutting down and abandoning module WindowsClientTargetPlatform (91)
[2019.01.15-02.08.15:102][488]LogModuleManager: Shutting down and abandoning module InputCore (88)
[2019.01.15-02.08.15:102][488]LogModuleManager: Shutting down and abandoning module Settings (86)
[2019.01.15-02.08.15:102][488]LogModuleManager: Shutting down and abandoning module PhysXCooking (84)
[2019.01.15-02.08.15:102][488]LogModuleManager: Shutting down and abandoning module SteamVR (82)
[2019.01.15-02.08.15:102][488]LogModuleManager: Shutting down and abandoning module OculusHMD (80)
[2019.01.15-02.08.15:102][488]LogModuleManager: Shutting down and abandoning module ExampleDeviceProfileSelector (78)
[2019.01.15-02.08.15:102][488]LogModuleManager: Shutting down and abandoning module LauncherChunkInstaller (76)
[2019.01.15-02.08.15:102][488]LogModuleManager: Shutting down and abandoning module OnlineBlueprintSupport (74)
[2019.01.15-02.08.15:102][488]LogModuleManager: Shutting down and abandoning module OnlineSubsystem (70)
[2019.01.15-02.08.15:102][488]LogOnline: Display: STEAM: OnlineSubsystemSteam::Shutdown()
[2019.01.15-02.08.15:155][488]LogOnline: Display: STEAM: OnlineSubsystemSteam::Shutdown()
[2019.01.15-02.08.15:155][488]LogModuleManager: Shutting down and abandoning module XMPP (65)
[2019.01.15-02.08.15:155][488]LogModuleManager: Shutting down and abandoning module WebSockets (64)
[2019.01.15-02.08.15:182][488]LogModuleManager: Shutting down and abandoning module HTTP (61)
[2019.01.15-02.08.15:217][488]LogModuleManager: Shutting down and abandoning module SSL (60)
[2019.01.15-02.08.15:219][488]LogModuleManager: Shutting down and abandoning module MagicLeapEmulator (56)
[2019.01.15-02.08.15:219][488]LogModuleManager: Shutting down and abandoning module MagicLeapPrivileges (54)
[2019.01.15-02.08.15:219][488]LogModuleManager: Shutting down and abandoning module MagicLeapIdentity (52)
[2019.01.15-02.08.15:219][488]LogModuleManager: Shutting down and abandoning module MagicLeapHelperVulkan (50)
[2019.01.15-02.08.15:219][488]LogModuleManager: Shutting down and abandoning module MagicLeapHelperOpenGL (48)
[2019.01.15-02.08.15:219][488]LogModuleManager: Shutting down and abandoning module MagicLeapSecureStorage (46)
[2019.01.15-02.08.15:219][488]LogModuleManager: Shutting down and abandoning module MagicLeapGestures (44)
[2019.01.15-02.08.15:219][488]LogModuleManager: Shutting down and abandoning module MagicLeapEyeTracker (42)
[2019.01.15-02.08.15:219][488]LogModuleManager: Shutting down and abandoning module MagicLeapController (40)
[2019.01.15-02.08.15:219][488]LogSlate: Slate User Destroyed.  User Index 0, Is Virtual User: 0
[2019.01.15-02.08.15:219][488]LogModuleManager: Shutting down and abandoning module MagicLeap (38)
[2019.01.15-02.08.15:219][488]LogModuleManager: Shutting down and abandoning module AnimationModifiers (36)
[2019.01.15-02.08.15:219][488]LogModuleManager: Shutting down and abandoning module PropertyEditor (35)
[2019.01.15-02.08.15:219][488]LogModuleManager: Shutting down and abandoning module AudioEditor (32)
[2019.01.15-02.08.15:219][488]LogModuleManager: Shutting down and abandoning module TextureCompressor (30)
[2019.01.15-02.08.15:219][488]LogModuleManager: Shutting down and abandoning module ShaderCore (28)
[2019.01.15-02.08.15:219][488]LogModuleManager: Shutting down and abandoning module Landscape (26)
[2019.01.15-02.08.15:219][488]LogModuleManager: Shutting down and abandoning module SlateRHIRenderer (24)
[2019.01.15-02.08.15:219][488]LogModuleManager: Shutting down and abandoning module OpenGLDrv (22)
[2019.01.15-02.08.15:219][488]LogModuleManager: Shutting down and abandoning module D3D11RHI (20)
[2019.01.15-02.08.15:219][488]LogModuleManager: Shutting down and abandoning module AnimGraphRuntime (18)
[2019.01.15-02.08.15:219][488]LogModuleManager: Shutting down and abandoning module Renderer (16)
[2019.01.15-02.08.15:219][488]LogModuleManager: Shutting down and abandoning module Engine (14)
[2019.01.15-02.08.15:219][488]LogModuleManager: Shutting down and abandoning module CoreUObject (12)
[2019.01.15-02.08.15:220][488]LogModuleManager: Shutting down and abandoning module NetworkFile (10)
[2019.01.15-02.08.15:220][488]LogModuleManager: Shutting down and abandoning module CookedIterativeFile (8)
[2019.01.15-02.08.15:220][488]LogModuleManager: Shutting down and abandoning module StreamingFile (6)
[2019.01.15-02.08.15:220][488]LogModuleManager: Shutting down and abandoning module SandboxFile (4)
[2019.01.15-02.08.15:220][488]LogModuleManager: Shutting down and abandoning module PakFile (2)
[2019.01.15-02.08.15:227][488]LogExit: Exiting.
[2019.01.15-02.08.15:234][488]Log file closed, 01/14/19 21:08:15
