Log file open, 02/04/19 20:44:53
LogWindows: Failed to load 'aqProf.dll' (GetLastError=126)
LogWindows: File 'aqProf.dll' does not exist
LogWindows: Failed to load 'VtuneApi.dll' (GetLastError=126)
LogWindows: File 'VtuneApi.dll' does not exist
LogWindows: Failed to load 'VtuneApi32e.dll' (GetLastError=126)
LogWindows: File 'VtuneApi32e.dll' does not exist
LogInit: Display: Running engine for game: TrenchTowers
LogPlatformFile: Not using cached read wrapper
LogTaskGraph: Started task graph with 5 named threads and 23 total threads with 3 sets of task threads.
LogStats: Stats thread started at 0.374933
LogD3D11RHI: Loaded GFSDK_Aftermath_Lib.x64.dll
LogICUInternationalization: Display: ICU TimeZone Detection - Raw Offset: -5:00, Platform Override: ''
LogPluginManager: Mounting plugin Paper2D
LogPluginManager: Mounting plugin AISupport
LogPluginManager: Mounting plugin LightPropagationVolume
LogPluginManager: Mounting plugin CLionSourceCodeAccess
LogPluginManager: Mounting plugin CodeLiteSourceCodeAccess
LogPluginManager: Mounting plugin GitSourceControl
LogPluginManager: Mounting plugin KDevelopSourceCodeAccess
LogPluginManager: Mounting plugin NullSourceCodeAccess
LogPluginManager: Mounting plugin PerforceSourceControl
LogPluginManager: Mounting plugin SubversionSourceControl
LogPluginManager: Mounting plugin UObjectPlugin
LogPluginManager: Mounting plugin VisualStudioCodeSourceCodeAccess
LogPluginManager: Mounting plugin VisualStudioSourceCodeAccess
LogPluginManager: Mounting plugin XCodeSourceCodeAccess
LogPluginManager: Mounting plugin AssetManagerEditor
LogPluginManager: Mounting plugin CryptoKeys
LogPluginManager: Mounting plugin DataValidation
LogPluginManager: Mounting plugin FacialAnimation
LogPluginManager: Mounting plugin GameplayTagsEditor
LogPluginManager: Mounting plugin MacGraphicsSwitching
LogPluginManager: Mounting plugin MeshEditor
LogPluginManager: Mounting plugin MobileLauncherProfileWizard
LogPluginManager: Mounting plugin PluginBrowser
LogPluginManager: Mounting plugin SpeedTreeImporter
LogPluginManager: Mounting plugin DatasmithContent
LogPluginManager: Mounting plugin AlembicImporter
LogPluginManager: Mounting plugin AppleImageUtils
LogPluginManager: Mounting plugin AppleVision
LogPluginManager: Mounting plugin BackChannel
LogPluginManager: Mounting plugin CharacterAI
LogPluginManager: Mounting plugin GeometryCache
LogPluginManager: Mounting plugin HTML5Networking
LogPluginManager: Mounting plugin ProxyLODPlugin
LogPluginManager: Mounting plugin MagicLeap
LogPluginManager: Mounting plugin MagicLeapEmulator
LogPluginManager: Mounting plugin MagicLeapMedia
LogPluginManager: Mounting plugin AndroidMedia
LogPluginManager: Mounting plugin AvfMedia
LogPluginManager: Mounting plugin ImgMedia
LogPluginManager: Mounting plugin LinearTimecode
LogPluginManager: Mounting plugin MediaCompositing
LogPluginManager: Mounting plugin MediaPlayerEditor
LogPluginManager: Mounting plugin WmfMedia
LogPluginManager: Mounting plugin TcpMessaging
LogPluginManager: Mounting plugin UdpMessaging
LogPluginManager: Mounting plugin ActorSequence
LogPluginManager: Mounting plugin LevelSequenceEditor
LogPluginManager: Mounting plugin MatineeToLevelSequence
LogPluginManager: Mounting plugin NetcodeUnitTest
LogPluginManager: Mounting plugin NUTUnrealEngine4
LogPluginManager: Mounting plugin OnlineFramework
LogPluginManager: Mounting plugin OnlineSubsystem
LogPluginManager: Mounting plugin OnlineSubsystemNull
LogPluginManager: Mounting plugin OnlineSubsystemSteam
LogPluginManager: Mounting plugin OnlineSubsystemUtils
LogPluginManager: Mounting plugin LauncherChunkInstaller
LogPluginManager: Mounting plugin AndroidDeviceProfileSelector
LogPluginManager: Mounting plugin AndroidMoviePlayer
LogPluginManager: Mounting plugin AndroidPermission
LogPluginManager: Mounting plugin AppleMoviePlayer
LogPluginManager: Mounting plugin ArchVisCharacter
LogPluginManager: Mounting plugin AudioCapture
LogPluginManager: Mounting plugin CableComponent
LogPluginManager: Mounting plugin CustomMeshComponent
LogPluginManager: Mounting plugin EditableMesh
LogPluginManager: Mounting plugin ExampleDeviceProfileSelector
LogPluginManager: Mounting plugin GoogleCloudMessaging
LogPluginManager: Mounting plugin ImmediatePhysics
LogPluginManager: Mounting plugin IOSDeviceProfileSelector
LogPluginManager: Mounting plugin LinuxDeviceProfileSelector
LogPluginManager: Mounting plugin LocationServicesBPLibrary
LogPluginManager: Mounting plugin MobilePatchingUtils
LogPluginManager: Mounting plugin OculusVR
LogPluginManager: Plugin shader directory ../../../Engine/Plugins/Runtime/Oculus/OculusVR/Shaders found
LogPluginManager: Mapping shader source directory ../../../Engine/Plugins/Runtime/Oculus/OculusVR/Shaders to virtual directory /Plugin/OculusVR
LogPluginManager: Mounting plugin PhysXVehicles
LogPluginManager: Mounting plugin ProceduralMeshComponent
LogPluginManager: Mounting plugin RuntimePhysXCooking
LogPluginManager: Mounting plugin SteamController
LogPluginManager: Mounting plugin SteamVR
LogPluginManager: Mounting plugin WindowsMoviePlayer
LogStreaming: Display: Took  0.078s to configure plugins.
LogInit: Using libcurl 7.55.1-DEV
LogInit:  - built for x86_64-pc-win32
LogInit:  - supports SSL with OpenSSL/1.0.2h
LogInit:  - supports HTTP deflate (compression) using libz 1.2.8
LogInit:  - other features:
LogInit:      CURL_VERSION_SSL
LogInit:      CURL_VERSION_LIBZ
LogInit:      CURL_VERSION_IPV6
LogInit:      CURL_VERSION_ASYNCHDNS
LogInit:      CURL_VERSION_LARGEFILE
LogInit:      CURL_VERSION_IDN
LogInit:  CurlRequestOptions (configurable via config and command line):
LogInit:  - bVerifyPeer = false  - Libcurl will NOT verify peer certificate
LogInit:  - bUseHttpProxy = false  - Libcurl will NOT use HTTP proxy
LogInit:  - bDontReuseConnections = false  - Libcurl will reuse connections
LogInit:  - CertBundlePath = nullptr  - Libcurl will use whatever was configured at build time.
LogInit:  - MaxHostConnections = 16  - Libcurl will limit the number of connections to a host
LogInit:  - LocalHostAddr = Default
LogInit:  - BufferSize = 65536
LogInit: WinSock: version 1.1 (2.2), MaxSocks=32767, MaxUdp=65467
LogInit: Build: ++UE4+Release-4.20-CL-4369336
LogInit: Engine Version: 4.20.3-4369336+++UE4+Release-4.20
LogInit: Compatible Engine Version: 4.20.0-4212847+++UE4+Release-4.20
LogInit: Net CL: 4212847
LogInit: OS: Windows 10 (), CPU: Intel(R) Core(TM) i7-6700HQ CPU @ 2.60GHz, GPU: Intel(R) HD Graphics 530
LogInit: Compiled (64-bit): Sep 17 2018 12:26:19
LogInit: Compiled with Visual C++: 19.13.26129.00
LogInit: Build Configuration: Development
LogInit: Branch Name: ++UE4+Release-4.20
LogInit: Command Line:  127.0.0.1:7777 -game -PIEVIACONSOLE -ResX=1280 -ResY=720  -Multiprocess -messaging -SessionName="Play in Standalone Game" -windowed GameUserSettingsINI="D:/Program Files (x86)/TrenchTowers 4.20/Saved/Config/Windows/PIEGameUserSettings1.ini" -MultiprocessSaveConfig  -MultiprocessOSS WinX=5 WinY=5 SAVEWINPOS=1
LogInit: Base Directory: D:/Program Files/Epic Games/UE_4.20/Engine/Binaries/Win64/
LogInit: Installed Engine Build: 1
LogDevObjectVersion: Number of dev versions registered: 20
LogDevObjectVersion:   Dev-Blueprints (B0D832E4-1F89-4F0D-ACCF-7EB736FD4AA2): 10
LogDevObjectVersion:   Dev-Build (E1C64328-A22C-4D53-A36C-8E866417BD8C): 0
LogDevObjectVersion:   Dev-Core (375EC13C-06E4-48FB-B500-84F0262A717E): 2
LogDevObjectVersion:   Dev-Editor (E4B068ED-F494-42E9-A231-DA0B2E46BB41): 24
LogDevObjectVersion:   Dev-Framework (CFFC743F-43B0-4480-9391-14DF171D2073): 34
LogDevObjectVersion:   Dev-Mobile (B02B49B5-BB20-44E9-A304-32B752E40360): 2
LogDevObjectVersion:   Dev-Networking (A4E4105C-59A1-49B5-A7C5-40C4547EDFEE): 0
LogDevObjectVersion:   Dev-Online (39C831C9-5AE6-47DC-9A44-9C173E1C8E7C): 0
LogDevObjectVersion:   Dev-Physics (78F01B33-EBEA-4F98-B9B4-84EACCB95AA2): 0
LogDevObjectVersion:   Dev-Platform (6631380F-2D4D-43E0-8009-CF276956A95A): 0
LogDevObjectVersion:   Dev-Rendering (12F88B9F-8875-4AFC-A67C-D90C383ABD29): 26
LogDevObjectVersion:   Dev-Sequencer (7B5AE74C-D270-4C10-A958-57980B212A5A): 9
LogDevObjectVersion:   Dev-VR (D7296918-1DD6-4BDD-9DE2-64A83CC13884): 2
LogDevObjectVersion:   Dev-LoadTimes (C2A15278-BFE7-4AFE-6C17-90FF531DF755): 1
LogDevObjectVersion:   Private-Geometry (6EACA3D4-40EC-4CC1-B786-8BED09428FC5): 3
LogDevObjectVersion:   Dev-AnimPhys (29E575DD-E0A3-4627-9D10-D276232CDCEA): 17
LogDevObjectVersion:   Dev-ReflectionCapture (6B266CEC-1EC7-4B8F-A30B-E4D90942FC07): 1
LogDevObjectVersion:   Dev-Automation (0DF73D61-A23F-47EA-B727-89E90C41499A): 1
LogDevObjectVersion:   FortniteMain (601D1886-AC64-4F84-AA16-D3DE0DEAC7D6): 12
LogDevObjectVersion:   Dev-Enterprise (9DFFBCD6-494F-0158-E221-12823C92A888): 1
LogStreaming: Display: Took  0.004s to delete old logs.
LogInit: Presizing for max 8388607 objects, including 0 objects not considered by GC, pre-allocating 0 bytes for permanent pool.
LogInit: Object subsystem initialized
[2019.02.05-01.44.53:876][  0]LogInit: Selected Device Profile: [Windows]
[2019.02.05-01.44.53:876][  0]LogInit: Applying CVar settings loaded from the selected device profile: [Windows]
[2019.02.05-01.44.53:902][  0]LogHAL: Display: Platform has ~ 16 GB [17044942848 / 17179869184 / 16], which maps to Larger [LargestMinGB=32, LargerMinGB=12, DefaultMinGB=8, SmallerMinGB=6, SmallestMinGB=0)
[2019.02.05-01.44.53:903][  0]LogInit: Setting Device Profile CVar: [[r.Vulkan.UseRealUBs:1]]
[2019.02.05-01.44.53:903][  0]LogInit: Going up to parent DeviceProfile []
[2019.02.05-01.44.53:903][  0]LogInit: Computer: DESKTOP-RI1ETNT
[2019.02.05-01.44.53:904][  0]LogInit: User: Fires
[2019.02.05-01.44.53:904][  0]LogInit: CPU Page size=4096, Cores=4
[2019.02.05-01.44.53:904][  0]LogInit: High frequency timer resolution =10.000000 MHz
[2019.02.05-01.44.53:904][  0]LogMemory: Memory total: Physical=15.9GB (16GB approx)
[2019.02.05-01.44.53:904][  0]LogMemory: Platform Memory Stats for Windows
[2019.02.05-01.44.53:904][  0]LogMemory: Process Physical Memory: 107.74 MB used, 107.74 MB peak
[2019.02.05-01.44.53:904][  0]LogMemory: Process Virtual Memory: 93.54 MB used, 93.54 MB peak
[2019.02.05-01.44.53:904][  0]LogMemory: Physical Memory: 8311.54 MB used,  7943.78 MB free, 16255.32 MB total
[2019.02.05-01.44.53:904][  0]LogMemory: Virtual Memory: 4646.39 MB used,  7943.78 MB free, 134217728.00 MB total
[2019.02.05-01.44.54:405][  0]LogInit: Using OS detected language (en-US).
[2019.02.05-01.44.54:405][  0]LogInit: Using OS detected locale (en-CA).
[2019.02.05-01.44.54:409][  0]LogTextLocalizationManager: No specific localization for 'en-US' exists, so the 'en' localization will be used.
[2019.02.05-01.44.54:932][  0]LogStreaming: Display: Took  0.526s to InitEngineTextLocalization.
[2019.02.05-01.44.55:001][  0]LogSlate: New Slate User Created.  User Index 0, Is Virtual User: 0
[2019.02.05-01.44.55:001][  0]LogSlate: Slate User Registered.  User Index 0, Is Virtual User: 0
[2019.02.05-01.44.55:053][  0]LogHMD: Failed to initialize OpenVR with code 110
[2019.02.05-01.44.55:053][  0]LogD3D11RHI: D3D11 adapters:
[2019.02.05-01.44.55:178][  0]LogD3D11RHI:    0. 'NVIDIA GeForce GTX 1070' (Feature Level 11_0)
[2019.02.05-01.44.55:178][  0]LogD3D11RHI:       8081/0/8127 MB DedicatedVideo/DedicatedSystem/SharedSystem, Outputs:1, VendorId:0x10de
[2019.02.05-01.44.55:192][  0]LogD3D11RHI:    1. 'Intel(R) HD Graphics 530' (Feature Level 11_0)
[2019.02.05-01.44.55:192][  0]LogD3D11RHI:       128/0/8127 MB DedicatedVideo/DedicatedSystem/SharedSystem, Outputs:0, VendorId:0x8086
[2019.02.05-01.44.55:197][  0]LogD3D11RHI:    2. 'Microsoft Basic Render Driver' (Feature Level 11_0)
[2019.02.05-01.44.55:197][  0]LogD3D11RHI:       0/0/8127 MB DedicatedVideo/DedicatedSystem/SharedSystem, Outputs:0, VendorId:0x1414
[2019.02.05-01.44.55:197][  0]LogD3D11RHI: Chosen D3D11 Adapter: 0
[2019.02.05-01.44.55:248][  0]LogD3D11RHI: Creating new Direct3DDevice
[2019.02.05-01.44.55:248][  0]LogD3D11RHI:     GPU DeviceId: 0x1ba1 (for the marketing name, search the web for "GPU Device Id")
[2019.02.05-01.44.55:248][  0]LogWindows: EnumDisplayDevices:
[2019.02.05-01.44.55:248][  0]LogWindows:    0. 'Intel(R) HD Graphics 530' (P:1 D:1)
[2019.02.05-01.44.55:249][  0]LogWindows:    1. 'Intel(R) HD Graphics 530' (P:0 D:0)
[2019.02.05-01.44.55:249][  0]LogWindows:    2. 'Intel(R) HD Graphics 530' (P:0 D:0)
[2019.02.05-01.44.55:250][  0]LogWindows:    3. 'NVIDIA GeForce GTX 1070' (P:0 D:0)
[2019.02.05-01.44.55:250][  0]LogWindows:    4. 'NVIDIA GeForce GTX 1070' (P:0 D:0)
[2019.02.05-01.44.55:251][  0]LogWindows:    5. 'NVIDIA GeForce GTX 1070' (P:0 D:0)
[2019.02.05-01.44.55:251][  0]LogWindows:    6. 'NVIDIA GeForce GTX 1070' (P:0 D:0)
[2019.02.05-01.44.55:251][  0]LogWindows: DebugString: PrimaryIsNotTheChoosenAdapter PrimaryIsNotTheChoosenAdapter PrimaryIsNotTheChoosenAdapter FoundDriverCount:4 
[2019.02.05-01.44.55:251][  0]LogD3D11RHI:     Adapter Name: NVIDIA GeForce GTX 1070
[2019.02.05-01.44.55:252][  0]LogD3D11RHI:   Driver Version: 417.22 (internal:25.21.14.1722, unified:417.22)
[2019.02.05-01.44.55:252][  0]LogD3D11RHI:      Driver Date: 11-29-2018
[2019.02.05-01.44.55:252][  0]LogRHI: Texture pool is 5656 MB (70% of 8081 MB)
[2019.02.05-01.44.55:316][  0]LogD3D11RHI: [Aftermath] Enabled and primed
[2019.02.05-01.44.55:316][  0]LogD3D11RHI: Async texture creation enabled
[2019.02.05-01.44.55:337][  0]LogD3D11RHI: GPU Timing Frequency: 1000.000000 (Debug: 2 2)
[2019.02.05-01.44.55:340][  0]LogShaderCompilers: Guid format shader working directory is -10 characters bigger than the processId version (../../../../../../Program Files (x86)/TrenchTowers 4.20/Intermediate/Shaders/WorkingDirectory/22280/).
[2019.02.05-01.44.55:340][  0]LogShaderCompilers: Cleaned the shader compiler working directory 'C:/Users/Fires/AppData/Local/Temp/UnrealShaderWorkingDir/C55AB887482728D0A53D7992D9097254/'.
[2019.02.05-01.44.55:867][  0]LogTemp: Display: Loaded TP WindowsClientTargetPlatform
[2019.02.05-01.44.55:892][  0]LogTemp: Display: Loaded TP WindowsNoEditorTargetPlatform
[2019.02.05-01.44.55:922][  0]LogTemp: Display: Loaded TP WindowsServerTargetPlatform
[2019.02.05-01.44.55:951][  0]LogTemp: Display: Loaded TP WindowsTargetPlatform
[2019.02.05-01.44.55:952][  0]LogTargetPlatformManager: Display: Building Assets For Windows
[2019.02.05-01.44.56:146][  0]LogXGEController: Cannot use XGE Controller as Incredibuild is not installed on this machine.
[2019.02.05-01.44.56:146][  0]LogShaderCompilers: Cannot use XGE Shader Compiler as Incredibuild is not installed on this machine.
[2019.02.05-01.44.56:146][  0]LogShaderCompilers: Display: Using Local Shader Compiler.
[2019.02.05-01.44.57:202][  0]LogDerivedDataCache: Display: Max Cache Size: 512 MB
[2019.02.05-01.44.57:284][  0]LogDerivedDataCache: Loaded boot cache 0.08s 71MB C:/Users/Fires/AppData/Local/UnrealEngine/4.20/DerivedDataCache/Boot.ddc.
[2019.02.05-01.44.57:284][  0]LogDerivedDataCache: Display: Loaded Boot cache: C:/Users/Fires/AppData/Local/UnrealEngine/4.20/DerivedDataCache/Boot.ddc
[2019.02.05-01.44.57:284][  0]LogDerivedDataCache: FDerivedDataBackendGraph:  Pak pak cache file ../../../../../../Program Files (x86)/TrenchTowers 4.20/DerivedDataCache/DDC.ddp not found, will not use a pak cache.
[2019.02.05-01.44.57:284][  0]LogDerivedDataCache: Unable to find inner node Pak for hierarchical cache Hierarchy.
[2019.02.05-01.44.57:284][  0]LogDerivedDataCache: FDerivedDataBackendGraph:  CompressedPak pak cache file ../../../../../../Program Files (x86)/TrenchTowers 4.20/DerivedDataCache/Compressed.ddp not found, will not use a pak cache.
[2019.02.05-01.44.57:284][  0]LogDerivedDataCache: Unable to find inner node CompressedPak for hierarchical cache Hierarchy.
[2019.02.05-01.44.57:303][  0]LogDerivedDataCache: Display: Pak cache opened for reading ../../../Engine/DerivedDataCache/Compressed.ddp.
[2019.02.05-01.44.57:318][  0]LogDerivedDataCache: Using Local data cache path C:/Users/Fires/AppData/Local/UnrealEngine/Common/DerivedDataCache: Writable
[2019.02.05-01.44.57:318][  0]LogDerivedDataCache: Shared data cache path not found in *engine.ini, will not use an Shared cache.
[2019.02.05-01.44.57:318][  0]LogDerivedDataCache: Unable to find inner node Shared for hierarchical cache Hierarchy.
[2019.02.05-01.44.57:346][  0]LogMaterial: Verifying Global Shaders for PCD3D_SM5
[2019.02.05-01.44.57:348][  0]LogSlate: Using FreeType 2.6.0
[2019.02.05-01.44.57:350][  0]LogSlate: SlateFontServices - WITH_FREETYPE: 1, WITH_HARFBUZZ: 1
[2019.02.05-01.44.57:515][  0]LogInit: Using OS detected language (en-US).
[2019.02.05-01.44.57:515][  0]LogInit: Using OS detected locale (en-CA).
[2019.02.05-01.44.57:515][  0]LogTextLocalizationManager: No localization for 'en-US' exists, so 'en' will be used for the language.
[2019.02.05-01.44.57:515][  0]LogTextLocalizationManager: No localization for 'en-CA' exists, so 'en' will be used for the locale.
[2019.02.05-01.44.57:917][  0]LogStreaming: Display: Took  0.402s to InitGameTextLocalization.
[2019.02.05-01.44.57:931][  0]LogAssetRegistry: FAssetRegistry took 0.0060 seconds to start up
[2019.02.05-01.44.58:221][  0]LogPackageLocalizationCache: Processed 11 localized package path(s) for 1 prioritized culture(s) in 0.028094 seconds
[2019.02.05-01.45.00:106][  0]LogInit: Selected Device Profile: [Windows]
[2019.02.05-01.45.00:328][  0]LogSimplygon: Simplygon DLL not present - disabling.
[2019.02.05-01.45.00:342][  0]LogMeshReduction: Using SimplygonSwarm for distributed automatic mesh merging
[2019.02.05-01.45.00:342][  0]LogMeshReduction: Using ProxyLODMeshReduction for automatic mesh merging
[2019.02.05-01.45.00:342][  0]LogMeshReduction: Using QuadricMeshReduction for automatic static mesh reduction
[2019.02.05-01.45.00:342][  0]LogMeshReduction: No automatic skeletal mesh reduction module available
[2019.02.05-01.45.00:366][  0]LogNetVersion: TrenchTowers 1.0.0, NetCL: 4212847, EngineNetVer: 5, GameNetVer: 0 (Checksum: 1537713906)
[2019.02.05-01.45.01:275][  0]LogMoviePlayer: Initializing movie player
[2019.02.05-01.45.01:553][  0]LogTcpMessaging: Initializing TcpMessaging bridge
[2019.02.05-01.45.01:569][  0]LogUdpMessaging: Initializing bridge on interface 0.0.0.0:0 to multicast group 230.0.0.1:6666.
[2019.02.05-01.45.01:693][  0]SourceControl: Source control is disabled
[2019.02.05-01.45.01:694][  0]SourceControl: Source control is disabled
[2019.02.05-01.45.01:697][  0]SourceControl: Source control is disabled
[2019.02.05-01.45.01:948][  0]LogOnline: Display: STEAM: Loading Steam SDK 1.39
[2019.02.05-01.45.01:953][  0]LogAndroidPermission: UAndroidPermissionCallbackProxy::GetInstance
[2019.02.05-01.45.02:116][  0]LogOcInput: OculusInput pre-init called
[2019.02.05-01.45.02:136][  0]LogUObjectArray: 42395 objects as part of root set at end of initial load.
[2019.02.05-01.45.02:136][  0]LogUObjectAllocator: 7491240 out of 0 bytes used by permanent object pool.
[2019.02.05-01.45.02:136][  0]LogUObjectArray: CloseDisregardForGC: 0/0 objects in disregard for GC pool
[2019.02.05-01.45.02:225][  0]LogEngine: Initializing Engine...
[2019.02.05-01.45.02:227][  0]LogHMD: Failed to initialize OpenVR with code 110
[2019.02.05-01.45.02:243][  0]LogStats: UGameplayTagsManager::ConstructGameplayTagTree: Construct from data asset -  0.000 s
[2019.02.05-01.45.02:243][  0]LogStats: UGameplayTagsManager::ConstructGameplayTagTree: GameplayTagTreeChangedEvent.Broadcast -  0.000 s
[2019.02.05-01.45.02:479][  0]LogInit: Initializing FReadOnlyCVARCache
[2019.02.05-01.45.02:525][  0]LogInit: XAudio2 using 'Speakers / Headphones (Realtek Audio)' : 6 channels at 48 kHz using 32 bits per sample (channel mask 0x3f)
[2019.02.05-01.45.02:677][  0]LogInit: FAudioDevice initialized.
[2019.02.05-01.45.02:690][  0]LogNetVersion: Set ProjectVersion to 1.0.0.0. Version Checksum will be recalculated on next use.
[2019.02.05-01.45.02:690][  0]LogInit: Texture streaming: Enabled
[2019.02.05-01.45.03:089][  0]LogSlate: Updating window title bar state: overlay mode, drag disabled, window buttons hidden, title bar hidden
[2019.02.05-01.45.03:089][  0]LogInit: Display: Game Engine Initialized.
[2019.02.05-01.45.03:089][  0]LogGameplayTags: Display: UGameplayTagsManager::DoneAddingNativeTags. DelegateIsBound: 0
[2019.02.05-01.45.03:089][  0]LogStats: UGameplayTagsManager::ConstructGameplayTagTree: Construct from data asset -  0.000 s
[2019.02.05-01.45.03:089][  0]LogStats: UGameplayTagsManager::ConstructGameplayTagTree: GameplayTagTreeChangedEvent.Broadcast -  0.000 s
[2019.02.05-01.45.03:125][  0]LogInit: Display: Starting Game.
[2019.02.05-01.45.03:125][  0]LogNet: Browse: 127.0.0.1//Game/2DSideScrollerBP/Maps/2DSideScrollerExampleMap?Name=Player
[2019.02.05-01.45.03:125][  0]LogTemp: Display: ParseSettings for GameNetDriver
[2019.02.05-01.45.03:125][  0]LogTemp: Display: ParseSettings for IpNetDriver_0
[2019.02.05-01.45.03:125][  0]LogTemp: Display: ParseSettings for PendingNetDriver
[2019.02.05-01.45.03:125][  0]LogInit: WinSock: Socket queue 32768 / 32768
[2019.02.05-01.45.03:131][  0]LogInit: WinSock: I am DESKTOP-RI1ETNT (192.168.1.115:0)
[2019.02.05-01.45.03:132][  0]PacketHandlerLog: Loaded PacketHandler component: OnlineSubsystemSteam.SteamAuthComponentModuleInterface ()
[2019.02.05-01.45.03:132][  0]PacketHandlerLog: Loaded PacketHandler component: Engine.EngineHandlerComponentFactory (StatelessConnectHandlerComponent)
[2019.02.05-01.45.03:132][  0]LogOnline: Warning: STEAM: AUTH HANDLER: Deactivating due to missing requirements
[2019.02.05-01.45.03:132][  0]LogNet: Game client on port 7777, rate 10000
[2019.02.05-01.45.03:228][  0]LogLoad: (Engine Initialization) Total time: 17.06 seconds
[2019.02.05-01.45.03:228][  0]LogLoad: (Engine Initialization) Total Blueprint compile time: 0.00 seconds
[2019.02.05-01.45.03:410][  0]LogSteamController: SteamController is not available
[2019.02.05-01.45.03:411][  0]LogHandshake: SendChallengeResponse. Timestamp: 17.729578, Cookie: 136062179151115214088233027025124163154097126014138226028065
[2019.02.05-01.45.03:414][  0]LogContentStreaming: Texture pool size now 1000 MB
[2019.02.05-01.45.03:424][  1]LogNetVersion: TrenchTowers 1.0.0.0, NetCL: 4212847, EngineNetVer: 5, GameNetVer: 0 (Checksum: 2119075378)
[2019.02.05-01.45.03:424][  1]LogNet: UPendingNetGame::SendInitialJoin: Sending hello. [UNetConnection] RemoteAddr: 127.0.0.1:7777, Name: IpConnection_0, Driver: PendingNetDriver IpNetDriver_0, IsServer: NO, PC: NULL, Owner: NULL, UniqueId: INVALID
[2019.02.05-01.45.03:460][  3]LogNet: Welcomed by server (Level: /Game/2DSideScrollerBP/Maps/UEDPIE_0_2DSideScrollerExampleMap, Game: /Game/2DSideScrollerBP/Blueprints/Gameplay/2DSideScrollerGameMode.2DSideScrollerGameMode_C)
[2019.02.05-01.45.03:463][  3]LogLoad: LoadMap: 127.0.0.1//Game/2DSideScrollerBP/Maps/2DSideScrollerExampleMap?Name=Player?game=/Game/2DSideScrollerBP/Blueprints/Gameplay/2DSideScrollerGameMode.2DSideScrollerGameMode_C
[2019.02.05-01.45.03:574][  3]LogLinker: Warning: Can't find file '/Script/IntroTutorials'
[2019.02.05-01.45.03:574][  3]LogUObjectGlobals: Warning: Failed to load '/Script/IntroTutorials': Can't find file '/Script/IntroTutorials'
[2019.02.05-01.45.03:574][  3]LogLinker: Warning: Can't find file for asset '/Script/IntroTutorials' while loading NULL.
[2019.02.05-01.45.03:574][  3]LogUObjectGlobals: Warning: Failed to load '/Script/IntroTutorials': Can't find file for asset '/Script/IntroTutorials' while loading NULL.
[2019.02.05-01.45.03:574][  3]LogLinker: Warning: CreateExport: Failed to load Parent for BlueprintGeneratedClass /Engine/Tutorial/BlueprintTutorials/LevelBlueprintEditorOverview.LevelBlueprintEditorOverview_C
[2019.02.05-01.45.03:574][  3]LogLinker: Warning: Can't find file '/Script/IntroTutorials'
[2019.02.05-01.45.03:574][  3]LogUObjectGlobals: Warning: Failed to load '/Script/IntroTutorials': Can't find file '/Script/IntroTutorials'
[2019.02.05-01.45.03:574][  3]LogLinker: Warning: Can't find file for asset '/Script/IntroTutorials' while loading NULL.
[2019.02.05-01.45.03:574][  3]LogUObjectGlobals: Warning: Failed to load '/Script/IntroTutorials': Can't find file for asset '/Script/IntroTutorials' while loading NULL.
[2019.02.05-01.45.03:574][  3]LogLinker: Warning: CreateExport: Failed to load Parent for BlueprintGeneratedClass /Engine/Tutorial/BlueprintTutorials/LevelBlueprintEditorOverview.LevelBlueprintEditorOverview_C
[2019.02.05-01.45.03:574][  3]LogLinker: Warning: Unable to load Default__LevelBlueprintEditorOverview_C with outer Package /Engine/Tutorial/BlueprintTutorials/LevelBlueprintEditorOverview because its class does not exist
[2019.02.05-01.45.03:575][  3]LogLinker: Warning: Can't find file '/Script/IntroTutorials'
[2019.02.05-01.45.03:575][  3]LogUObjectGlobals: Warning: Failed to load '/Script/IntroTutorials': Can't find file '/Script/IntroTutorials'
[2019.02.05-01.45.03:575][  3]LogLinker: Warning: Can't find file for asset '/Script/IntroTutorials' while loading NULL.
[2019.02.05-01.45.03:575][  3]LogUObjectGlobals: Warning: Failed to load '/Script/IntroTutorials': Can't find file for asset '/Script/IntroTutorials' while loading NULL.
[2019.02.05-01.45.03:575][  3]LogLinker: Warning: CreateExport: Failed to load Parent for BlueprintGeneratedClass /Engine/Tutorial/BlueprintTutorials/LevelBlueprintEditorOverview.LevelBlueprintEditorOverview_C
[2019.02.05-01.45.03:577][  3]LogLinker: Warning: Can't find file '/Script/IntroTutorials'
[2019.02.05-01.45.03:577][  3]LoadErrors: Failed to load /Script/IntroTutorials.EditorTutorial Referenced by K2Node_DynamicCast_1
[2019.02.05-01.45.03:577][  3]LogUObjectGlobals: Warning: Failed to load '/Script/IntroTutorials': Can't find file '/Script/IntroTutorials'
[2019.02.05-01.45.03:577][  3]LogLinker: Warning: Can't find file for asset '/Script/IntroTutorials' while loading NULL.
[2019.02.05-01.45.03:577][  3]LoadErrors: Failed to load /Script/IntroTutorials.EditorTutorial Referenced by K2Node_DynamicCast_1
[2019.02.05-01.45.03:577][  3]LogUObjectGlobals: Warning: Failed to load '/Script/IntroTutorials': Can't find file for asset '/Script/IntroTutorials' while loading NULL.
[2019.02.05-01.45.03:577][  3]LogLinker: Warning: CreateExport: Failed to load Parent for BlueprintGeneratedClass /Engine/Tutorial/BlueprintTutorials/LevelBlueprintEditorOverview.LevelBlueprintEditorOverview_C
[2019.02.05-01.45.03:577][  3]LogLinker: Warning: Can't find file '/Script/IntroTutorials'
[2019.02.05-01.45.03:577][  3]LoadErrors: Failed to load /Script/IntroTutorials.EditorTutorial Referenced by K2Node_DynamicCast_1
[2019.02.05-01.45.03:577][  3]LogUObjectGlobals: Warning: Failed to load '/Script/IntroTutorials': Can't find file '/Script/IntroTutorials'
[2019.02.05-01.45.03:577][  3]LogLinker: Warning: Can't find file for asset '/Script/IntroTutorials' while loading NULL.
[2019.02.05-01.45.03:578][  3]LoadErrors: Failed to load /Script/IntroTutorials.EditorTutorial Referenced by K2Node_DynamicCast_1
[2019.02.05-01.45.03:578][  3]LogUObjectGlobals: Warning: Failed to load '/Script/IntroTutorials': Can't find file for asset '/Script/IntroTutorials' while loading NULL.
[2019.02.05-01.45.03:578][  3]LogLinker: Warning: CreateExport: Failed to load Parent for BlueprintGeneratedClass /Engine/Tutorial/BlueprintTutorials/LevelBlueprintEditorOverview.LevelBlueprintEditorOverview_C
[2019.02.05-01.45.04:528][  3]LogLinker: Warning: Can't find file '/Script/IntroTutorials'
[2019.02.05-01.45.04:528][  3]LoadErrors: Failed to load /Script/IntroTutorials.EditorTutorial Referenced by LevelBlueprintEditorOverview
[2019.02.05-01.45.04:528][  3]LogUObjectGlobals: Warning: Failed to load '/Script/IntroTutorials': Can't find file '/Script/IntroTutorials'
[2019.02.05-01.45.04:528][  3]LogLinker: Warning: Can't find file for asset '/Script/IntroTutorials' while loading NULL.
[2019.02.05-01.45.04:528][  3]LoadErrors: Failed to load /Script/IntroTutorials.EditorTutorial Referenced by LevelBlueprintEditorOverview
[2019.02.05-01.45.04:528][  3]LogUObjectGlobals: Warning: Failed to load '/Script/IntroTutorials': Can't find file for asset '/Script/IntroTutorials' while loading NULL.
[2019.02.05-01.45.04:528][  3]LogLinker: Warning: Can't find file '/Script/IntroTutorials'
[2019.02.05-01.45.04:528][  3]LoadErrors: Failed to load /Script/IntroTutorials.EditorTutorial Referenced by LevelBlueprintEditorOverview
[2019.02.05-01.45.04:528][  3]LogUObjectGlobals: Warning: Failed to load '/Script/IntroTutorials': Can't find file '/Script/IntroTutorials'
[2019.02.05-01.45.04:529][  3]LogLinker: Warning: Can't find file for asset '/Script/IntroTutorials' while loading NULL.
[2019.02.05-01.45.04:529][  3]LoadErrors: Failed to load /Script/IntroTutorials.EditorTutorial Referenced by LevelBlueprintEditorOverview
[2019.02.05-01.45.04:529][  3]LogUObjectGlobals: Warning: Failed to load '/Script/IntroTutorials': Can't find file for asset '/Script/IntroTutorials' while loading NULL.
[2019.02.05-01.45.04:529][  3]LogLinker: Warning: CreateExport: Failed to load Parent for BlueprintGeneratedClass /Engine/Tutorial/BlueprintTutorials/LevelBlueprintEditorOverview.LevelBlueprintEditorOverview_C
[2019.02.05-01.45.04:529][  3]LogLinker: Warning: Can't find file '/Script/IntroTutorials'
[2019.02.05-01.45.04:529][  3]LoadErrors: Failed to load /Script/IntroTutorials.EditorTutorial Referenced by PackageMetaData
[2019.02.05-01.45.04:529][  3]LogUObjectGlobals: Warning: Failed to load '/Script/IntroTutorials': Can't find file '/Script/IntroTutorials'
[2019.02.05-01.45.04:529][  3]LogLinker: Warning: Can't find file for asset '/Script/IntroTutorials' while loading NULL.
[2019.02.05-01.45.04:529][  3]LoadErrors: Failed to load /Script/IntroTutorials.EditorTutorial Referenced by PackageMetaData
[2019.02.05-01.45.04:529][  3]LogUObjectGlobals: Warning: Failed to load '/Script/IntroTutorials': Can't find file for asset '/Script/IntroTutorials' while loading NULL.
[2019.02.05-01.45.04:529][  3]LogLinker: Warning: CreateExport: Failed to load Parent for BlueprintGeneratedClass /Engine/Tutorial/BlueprintTutorials/LevelBlueprintEditorOverview.LevelBlueprintEditorOverview_C
[2019.02.05-01.45.04:658][  3]LogAIModule: Creating AISystem for world 2DSideScrollerExampleMap
[2019.02.05-01.45.04:658][  3]LogTemp: Display: ParseSettings for GameNetDriver
[2019.02.05-01.45.04:691][  3]LogWorld: Bringing World /Game/2DSideScrollerBP/Maps/2DSideScrollerExampleMap.2DSideScrollerExampleMap up for play (max tick rate 0) at 2019.02.04-20.45.04
[2019.02.05-01.45.04:692][  3]LogWorld: Bringing up level for play took: 0.032996
[2019.02.05-01.45.04:693][  3]LogLoad: Took 1.230941 seconds to LoadMap(/Game/2DSideScrollerBP/Maps/2DSideScrollerExampleMap)
[2019.02.05-01.45.04:714][  4]LogRenderer: Reallocating scene render targets to support 1280x720 Format 10 NumSamples 1 (Frame:1).
[2019.02.05-01.45.04:755][  4]LogPlayerController: Error: EnableInput can only be specified on a PlayerController for itself
[2019.02.05-01.45.04:757][  4]LogBlueprintUserMessages: [MouseAndMove_C_0] create
[2019.02.05-01.45.04:757][  4]LogPlayerManagement: Error: Failed to Create Player: A local player already exists for controller ID 0,
[2019.02.05-01.45.04:758][  4]LogBlueprintUserMessages: [MouseAndMove_C_0] 
[2019.02.05-01.45.04:759][  4]LogBlueprintUserMessages: [2DSideScrollerCharacter_C_0] 
[2019.02.05-01.45.04:759][  4]LogBlueprintUserMessages: [2DSideScrollerCharacter_C_0] this one
[2019.02.05-01.45.04:759][  4]LogScript: Warning: Accessed None trying to read property K2Node_CustomEvent_Player
	2DSideScrollerCharacter_C /Game/2DSideScrollerBP/Maps/2DSideScrollerExampleMap.2DSideScrollerExampleMap:PersistentLevel.2DSideScrollerCharacter_C_0
	Function /Game/2DSideScrollerBP/Blueprints/Characters/2DSideScrollerCharacter.2DSideScrollerCharacter_C:ExecuteUbergraph_2DSideScrollerCharacter:28B4
[2019.02.05-01.45.04:759][  4]LogScript: Warning: Script call stack:
	Function /Game/2DSideScrollerBP/Blueprints/Gameplay/MouseAndMove.MouseAndMove_C:SpawnPlayer
	Function /Game/2DSideScrollerBP/Blueprints/Gameplay/MouseAndMove.MouseAndMove_C:ExecuteUbergraph_MouseAndMove
	Function /Game/2DSideScrollerBP/Blueprints/Characters/2DSideScrollerCharacter.2DSideScrollerCharacter_C:SetupPlayer
	Function /Game/2DSideScrollerBP/Blueprints/Characters/2DSideScrollerCharacter.2DSideScrollerCharacter_C:ExecuteUbergraph_2DSideScrollerCharacter

[2019.02.05-01.45.04:761][  4]LogBlueprintUserMessages: [Cube_Blueprint] land
[2019.02.05-01.45.05:239][ 34]LogOnline: Warning: OSS: No game present to join for session (GameSession)
[2019.02.05-01.45.05:306][ 38]LogScript: Warning: Script Msg: Attempted to access index 0 from array 'Targets' of length 0 in '/Game/2DSideScrollerBP/Blueprints/Minions/Tower.Tower_C'!
[2019.02.05-01.45.05:311][ 38]LogScript: Warning: Script Msg: Attempted to access index 0 from array 'Targets' of length 0 in '/Game/2DSideScrollerBP/Blueprints/Minions/Tower.Tower_C'!
[2019.02.05-01.45.05:311][ 38]LogScript: Warning: Script Msg: Attempted to access index 0 from array 'Targets' of length 0 in '/Game/2DSideScrollerBP/Blueprints/Minions/Tower.Tower_C'!
[2019.02.05-01.45.05:311][ 38]LogScript: Warning: Script Msg: Attempted to access index 0 from array 'Targets' of length 0 in '/Game/2DSideScrollerBP/Blueprints/Minions/Tower.Tower_C'!
[2019.02.05-01.45.05:311][ 38]LogScript: Warning: Script Msg: Attempted to access index 0 from array 'Targets' of length 0 in '/Game/2DSideScrollerBP/Blueprints/Minions/Tower.Tower_C'!
[2019.02.05-01.45.05:311][ 38]LogScript: Warning: Script Msg: Attempted to access index 0 from array 'Targets' of length 0 in '/Game/2DSideScrollerBP/Blueprints/Minions/Tower.Tower_C'!
[2019.02.05-01.45.05:311][ 38]LogScript: Warning: Script Msg: Attempted to access index 0 from array 'Targets' of length 0 in '/Game/2DSideScrollerBP/Blueprints/Minions/Tower.Tower_C'!
[2019.02.05-01.45.05:311][ 38]LogScript: Warning: Script Msg: Attempted to access index 0 from array 'Targets' of length 0 in '/Game/2DSideScrollerBP/Blueprints/Minions/Tower.Tower_C'!
[2019.02.05-01.45.05:312][ 38]LogScript: Warning: Script Msg: Attempted to access index 0 from array 'Targets' of length 0 in '/Game/2DSideScrollerBP/Blueprints/Minions/Tower.Tower_C'!
[2019.02.05-01.45.05:312][ 38]LogScript: Warning: Script Msg: Attempted to access index 0 from array 'Targets' of length 0 in '/Game/2DSideScrollerBP/Blueprints/Minions/Tower.Tower_C'!
[2019.02.05-01.45.05:351][ 41]LogOnline: Warning: OSS: No game present to join for session (GameSession)
[2019.02.05-01.45.05:546][ 53]LogScript: Warning: Script Msg: Attempted to access index 0 from array 'Targets' of length 0 in '/Game/2DSideScrollerBP/Blueprints/Minions/Tower.Tower_C'!
[2019.02.05-01.45.05:546][ 53]LogScript: Warning: Script Msg: Attempted to access index 0 from array 'Targets' of length 0 in '/Game/2DSideScrollerBP/Blueprints/Minions/Tower.Tower_C'!
[2019.02.05-01.45.05:627][ 58]LogScript: Warning: Script Msg: Attempted to access index 0 from array 'Targets' of length 0 in '/Game/2DSideScrollerBP/Blueprints/Minions/Tower.Tower_C'!
[2019.02.05-01.45.05:627][ 58]LogScript: Warning: Script Msg: Attempted to access index 0 from array 'Targets' of length 0 in '/Game/2DSideScrollerBP/Blueprints/Minions/Tower.Tower_C'!
[2019.02.05-01.45.05:628][ 58]LogScript: Warning: Script Msg: Attempted to access index 0 from array 'Targets' of length 0 in '/Game/2DSideScrollerBP/Blueprints/Minions/Tower.Tower_C'!
[2019.02.05-01.45.05:628][ 58]LogScript: Warning: Script Msg: Attempted to access index 0 from array 'Targets' of length 0 in '/Game/2DSideScrollerBP/Blueprints/Minions/Tower.Tower_C'!
[2019.02.05-01.45.05:628][ 58]LogScript: Warning: Script Msg: Attempted to access index 0 from array 'Targets' of length 0 in '/Game/2DSideScrollerBP/Blueprints/Minions/Tower.Tower_C'!
[2019.02.05-01.45.05:628][ 58]LogScript: Warning: Script Msg: Attempted to access index 0 from array 'Targets' of length 0 in '/Game/2DSideScrollerBP/Blueprints/Minions/Tower.Tower_C'!
[2019.02.05-01.45.05:659][ 60]LogScript: Warning: Script Msg: Attempted to access index 0 from array 'Targets' of length 0 in '/Game/2DSideScrollerBP/Blueprints/Minions/Tower.Tower_C'!
[2019.02.05-01.45.05:659][ 60]LogScript: Warning: Script Msg: Attempted to access index 0 from array 'Targets' of length 0 in '/Game/2DSideScrollerBP/Blueprints/Minions/Tower.Tower_C'!
[2019.02.05-01.45.05:659][ 60]LogScript: Warning: Script Msg: Attempted to access index 0 from array 'Targets' of length 0 in '/Game/2DSideScrollerBP/Blueprints/Minions/Tower.Tower_C'!
[2019.02.05-01.45.05:805][ 69]LogScript: Warning: Script Msg: Attempted to access index 0 from array 'Targets' of length 0 in '/Game/2DSideScrollerBP/Blueprints/Minions/Tower.Tower_C'!
[2019.02.05-01.45.05:853][ 72]LogScript: Warning: Script Msg: Attempted to access index 0 from array 'Targets' of length 0 in '/Game/2DSideScrollerBP/Blueprints/Minions/Tower.Tower_C'!
[2019.02.05-01.45.05:869][ 73]LogScript: Warning: Script Msg: Attempted to access index 0 from array 'Targets' of length 0 in '/Game/2DSideScrollerBP/Blueprints/Minions/Tower.Tower_C'!
[2019.02.05-01.45.05:869][ 73]LogScript: Warning: Script Msg: Attempted to access index 0 from array 'Targets' of length 0 in '/Game/2DSideScrollerBP/Blueprints/Minions/Tower.Tower_C'!
[2019.02.05-01.45.05:885][ 74]LogScript: Warning: Script Msg: Attempted to access index 0 from array 'Targets' of length 0 in '/Game/2DSideScrollerBP/Blueprints/Minions/Tower.Tower_C'!
[2019.02.05-01.45.06:292][ 99]LogScript: Warning: Script Msg: Attempted to access index 0 from array 'Targets' of length 0 in '/Game/2DSideScrollerBP/Blueprints/Minions/Tower.Tower_C'!
[2019.02.05-01.45.06:292][ 99]LogScript: Warning: Script Msg: Attempted to access index 0 from array 'Targets' of length 0 in '/Game/2DSideScrollerBP/Blueprints/Minions/Tower.Tower_C'!
[2019.02.05-01.45.06:466][110]LogScript: Warning: Script Msg: Attempted to access index 0 from array 'Targets' of length 0 in '/Game/2DSideScrollerBP/Blueprints/Minions/Tower.Tower_C'!
[2019.02.05-01.45.06:466][110]LogScript: Warning: Script Msg: Attempted to access index 0 from array 'Targets' of length 0 in '/Game/2DSideScrollerBP/Blueprints/Minions/Tower.Tower_C'!
[2019.02.05-01.45.07:820][194]LogScript: Warning: Script Msg: Attempted to access index 0 from array 'Targets' of length 0 in '/Game/2DSideScrollerBP/Blueprints/Minions/Tower.Tower_C'!
[2019.02.05-01.45.07:820][194]LogScript: Warning: Script Msg: Attempted to access index 0 from array 'Targets' of length 0 in '/Game/2DSideScrollerBP/Blueprints/Minions/Tower.Tower_C'!
[2019.02.05-01.45.07:824][194]LogScript: Warning: Script Msg: Attempted to access index 0 from array 'Targets' of length 0 in '/Game/2DSideScrollerBP/Blueprints/Minions/Tower.Tower_C'!
[2019.02.05-01.45.07:824][194]LogScript: Warning: Script Msg: Attempted to access index 0 from array 'Targets' of length 0 in '/Game/2DSideScrollerBP/Blueprints/Minions/Tower.Tower_C'!
[2019.02.05-01.45.09:837][319]LogScript: Warning: Script Msg: Attempted to access index 0 from array 'Targets' of length 0 in '/Game/2DSideScrollerBP/Blueprints/Minions/Tower.Tower_C'!
[2019.02.05-01.45.09:837][319]LogScript: Warning: Script Msg: Attempted to access index 0 from array 'Targets' of length 0 in '/Game/2DSideScrollerBP/Blueprints/Minions/Tower.Tower_C'!
[2019.02.05-01.45.09:837][319]LogScript: Warning: Script Msg: Attempted to access index 0 from array 'Targets' of length 0 in '/Game/2DSideScrollerBP/Blueprints/Minions/Tower.Tower_C'!
[2019.02.05-01.45.09:853][320]LogScript: Warning: Script Msg: Attempted to access index 0 from array 'Targets' of length 0 in '/Game/2DSideScrollerBP/Blueprints/Minions/Tower.Tower_C'!
[2019.02.05-01.45.09:870][321]LogScript: Warning: Script Msg: Attempted to access index 0 from array 'Targets' of length 0 in '/Game/2DSideScrollerBP/Blueprints/Minions/Tower.Tower_C'!
[2019.02.05-01.45.09:870][321]LogScript: Warning: Script Msg: Attempted to access index 0 from array 'Targets' of length 0 in '/Game/2DSideScrollerBP/Blueprints/Minions/Tower.Tower_C'!
[2019.02.05-01.45.09:870][321]LogScript: Warning: Script Msg: Attempted to access index 0 from array 'Targets' of length 0 in '/Game/2DSideScrollerBP/Blueprints/Minions/Tower.Tower_C'!
[2019.02.05-01.45.09:886][322]LogScript: Warning: Script Msg: Attempted to access index 0 from array 'Targets' of length 0 in '/Game/2DSideScrollerBP/Blueprints/Minions/Tower.Tower_C'!
[2019.02.05-01.45.09:919][324]LogScript: Warning: Script Msg: Attempted to access index 0 from array 'Targets' of length 0 in '/Game/2DSideScrollerBP/Blueprints/Minions/Tower.Tower_C'!
[2019.02.05-01.45.09:934][325]LogScript: Warning: Script Msg: Attempted to access index 0 from array 'Targets' of length 0 in '/Game/2DSideScrollerBP/Blueprints/Minions/Tower.Tower_C'!
[2019.02.05-01.45.11:838][443]LogScript: Warning: Script Msg: Attempted to access index 0 from array 'Targets' of length 0 in '/Game/2DSideScrollerBP/Blueprints/Minions/Tower.Tower_C'!
[2019.02.05-01.45.11:854][444]LogScript: Warning: Script Msg: Attempted to access index 0 from array 'Targets' of length 0 in '/Game/2DSideScrollerBP/Blueprints/Minions/Tower.Tower_C'!
[2019.02.05-01.45.12:014][454]LogScript: Warning: Script Msg: Attempted to access index 0 from array 'Targets' of length 0 in '/Game/2DSideScrollerBP/Blueprints/Minions/Tower.Tower_C'!
[2019.02.05-01.45.12:062][457]LogScript: Warning: Script Msg: Attempted to access index 0 from array 'Targets' of length 0 in '/Game/2DSideScrollerBP/Blueprints/Minions/Tower.Tower_C'!
[2019.02.05-01.45.12:063][457]LogScript: Warning: Script Msg: Attempted to access index 0 from array 'Targets' of length 0 in '/Game/2DSideScrollerBP/Blueprints/Minions/Tower.Tower_C'!
[2019.02.05-01.45.12:063][457]LogScript: Warning: Script Msg: Attempted to access index 0 from array 'Targets' of length 0 in '/Game/2DSideScrollerBP/Blueprints/Minions/Tower.Tower_C'!
[2019.02.05-01.45.13:370][538]LogScript: Warning: Script Msg: Attempted to access index 0 from array 'Targets' of length 0 in '/Game/2DSideScrollerBP/Blueprints/Minions/Tower.Tower_C'!
[2019.02.05-01.45.13:370][538]LogScript: Warning: Script Msg: Attempted to access index 0 from array 'Targets' of length 0 in '/Game/2DSideScrollerBP/Blueprints/Minions/Tower.Tower_C'!
[2019.02.05-01.45.13:370][538]LogScript: Warning: Script Msg: Attempted to access index 0 from array 'Targets' of length 0 in '/Game/2DSideScrollerBP/Blueprints/Minions/Tower.Tower_C'!
[2019.02.05-01.45.13:370][538]LogScript: Warning: Script Msg: Attempted to access index 0 from array 'Targets' of length 0 in '/Game/2DSideScrollerBP/Blueprints/Minions/Tower.Tower_C'!
[2019.02.05-01.45.14:026][578]LogScript: Warning: Script Msg: Attempted to access index 0 from array 'Targets' of length 0 in '/Game/2DSideScrollerBP/Blueprints/Minions/Tower.Tower_C'!
[2019.02.05-01.45.14:028][578]LogScript: Warning: Script Msg: Attempted to access index 0 from array 'Targets' of length 0 in '/Game/2DSideScrollerBP/Blueprints/Minions/Tower.Tower_C'!
[2019.02.05-01.45.14:361][599]LogScript: Warning: Script Msg: Attempted to access index 0 from array 'Targets' of length 0 in '/Game/2DSideScrollerBP/Blueprints/Minions/Tower.Tower_C'!
[2019.02.05-01.45.14:361][599]LogScript: Warning: Script Msg: Attempted to access index 0 from array 'Targets' of length 0 in '/Game/2DSideScrollerBP/Blueprints/Minions/Tower.Tower_C'!
[2019.02.05-01.45.14:362][599]LogScript: Warning: Script Msg: Attempted to access index 0 from array 'Targets' of length 0 in '/Game/2DSideScrollerBP/Blueprints/Minions/Tower.Tower_C'!
[2019.02.05-01.45.14:362][599]LogScript: Warning: Script Msg: Attempted to access index 0 from array 'Targets' of length 0 in '/Game/2DSideScrollerBP/Blueprints/Minions/Tower.Tower_C'!
[2019.02.05-01.45.14:800][621]LogSlate: Window 'TrenchTowers (64-bit Development PCD3D_SM5) ' being destroyed
[2019.02.05-01.45.14:802][621]LogWindowsTextInputMethodSystem: Display: IME system now deactivated.
[2019.02.05-01.45.14:810][621]LogSlate: Updating window title bar state: overlay mode, drag disabled, window buttons hidden, title bar hidden
[2019.02.05-01.45.14:810][621]LogEngine: All Windows Closed
[2019.02.05-01.45.14:810][621]LogWindows: FPlatformMisc::RequestExit(0)
[2019.02.05-01.45.14:933][622]LogNet: World NetDriver shutdown IpNetDriver_0 [GameNetDriver]
[2019.02.05-01.45.14:933][622]LogNet: DestroyNamedNetDriver IpNetDriver_0 [GameNetDriver]
[2019.02.05-01.45.14:933][622]LogNet: UNetConnection::Close: [UNetConnection] RemoteAddr: 127.0.0.1:7777, Name: IpConnection_0, Driver: GameNetDriver IpNetDriver_0, IsServer: NO, PC: MouseAndMove_C_0, Owner: MouseAndMove_C_0, UniqueId: NULL:DESKTOP-RI1ETNT-5914C22E4950E184F39378B05FC80FE8, Channels: 134, Time: 2019.02.05-01.45.14
[2019.02.05-01.45.14:933][622]LogNet: UChannel::Close: Sending CloseBunch. ChIndex == 0. Name: [UChannel] ChIndex: 0, Closing: 0 [UNetConnection] RemoteAddr: 127.0.0.1:7777, Name: IpConnection_0, Driver: GameNetDriver IpNetDriver_0, IsServer: NO, PC: MouseAndMove_C_0, Owner: MouseAndMove_C_0, UniqueId: NULL:DESKTOP-RI1ETNT-5914C22E4950E184F39378B05FC80FE8
[2019.02.05-01.45.14:933][622]LogExit: GameNetDriver IpNetDriver_0 shut down
[2019.02.05-01.45.15:261][622]LogExit: Preparing to exit.
[2019.02.05-01.45.15:261][622]LogMoviePlayer: Shutting down movie player
[2019.02.05-01.45.15:609][622]LogSlate: Updating window title bar state: overlay mode, drag disabled, window buttons hidden, title bar hidden
[2019.02.05-01.45.15:644][622]LogExit: Game engine shut down
[2019.02.05-01.45.15:989][622]LogExit: Object subsystem successfully closed.
[2019.02.05-01.45.16:019][622]LogShaderCompilers: Display: Shaders left to compile 0
[2019.02.05-01.45.16:024][622]LogD3D11RHI: Shutdown
[2019.02.05-01.45.16:024][622]LogD3D11RHI: CleanupD3DDevice
[2019.02.05-01.45.16:025][622]LogD3D11RHI: ~FD3D11DynamicRHI
[2019.02.05-01.45.16:033][622]LogModuleManager: Shutting down and abandoning module Voice (396)
[2019.02.05-01.45.16:034][622]LogModuleManager: Shutting down and abandoning module AIModule (392)
[2019.02.05-01.45.16:034][622]LogModuleManager: Shutting down and abandoning module GameplayDebugger (391)
[2019.02.05-01.45.16:034][622]LogModuleManager: Shutting down and abandoning module AITestSuite (389)
[2019.02.05-01.45.16:034][622]LogModuleManager: Shutting down and abandoning module NavigationSystem (387)
[2019.02.05-01.45.16:034][622]LogModuleManager: Shutting down and abandoning module SequenceRecorderSections (384)
[2019.02.05-01.45.16:034][622]LogModuleManager: Shutting down and abandoning module SequenceRecorder (382)
[2019.02.05-01.45.16:034][622]LogModuleManager: Shutting down and abandoning module AutomationController (380)
[2019.02.05-01.45.16:034][622]LogModuleManager: Shutting down and abandoning module AutomationWorker (378)
[2019.02.05-01.45.16:034][622]LogModuleManager: Shutting down and abandoning module WmfMediaFactory (376)
[2019.02.05-01.45.16:034][622]LogModuleManager: Shutting down and abandoning module OpenExrWrapper (374)
[2019.02.05-01.45.16:034][622]LogModuleManager: Shutting down and abandoning module ImgMediaFactory (372)
[2019.02.05-01.45.16:034][622]LogModuleManager: Shutting down and abandoning module AvfMediaFactory (370)
[2019.02.05-01.45.16:034][622]LogModuleManager: Shutting down and abandoning module MagicLeapCameraPreviewFactory (368)
[2019.02.05-01.45.16:034][622]LogModuleManager: Shutting down and abandoning module MagicLeapMediaFactory (366)
[2019.02.05-01.45.16:034][622]LogModuleManager: Shutting down and abandoning module CharacterAI (364)
[2019.02.05-01.45.16:034][622]LogModuleManager: Shutting down and abandoning module SessionServices (362)
[2019.02.05-01.45.16:034][622]LogModuleManager: Shutting down and abandoning module MovieSceneCapture (360)
[2019.02.05-01.45.16:034][622]LogModuleManager: Shutting down and abandoning module MovieSceneTracks (358)
[2019.02.05-01.45.16:034][622]LogModuleManager: Shutting down and abandoning module MovieScene (356)
[2019.02.05-01.45.16:034][622]LogModuleManager: Shutting down and abandoning module StreamingPauseRendering (354)
[2019.02.05-01.45.16:034][622]LogModuleManager: Shutting down and abandoning module PortalServices (352)
[2019.02.05-01.45.16:034][622]LogModuleManager: Shutting down and abandoning module PortalRpc (350)
[2019.02.05-01.45.16:034][622]LogModuleManager: Shutting down and abandoning module MessagingRpc (348)
[2019.02.05-01.45.16:034][622]LogModuleManager: Shutting down and abandoning module ProfilerService (346)
[2019.02.05-01.45.16:193][622]LogModuleManager: Shutting down and abandoning module TaskGraph (344)
[2019.02.05-01.45.16:194][622]LogModuleManager: Shutting down and abandoning module SteamVRController (342)
[2019.02.05-01.45.16:194][622]LogModuleManager: Shutting down and abandoning module SteamController (340)
[2019.02.05-01.45.16:194][622]LogModuleManager: Shutting down and abandoning module ProceduralMeshComponent (338)
[2019.02.05-01.45.16:194][622]LogModuleManager: Shutting down and abandoning module OculusInput (336)
[2019.02.05-01.45.16:194][622]LogModuleManager: Shutting down and abandoning module MobilePatchingUtils (334)
[2019.02.05-01.45.16:194][622]LogModuleManager: Shutting down and abandoning module EditableMesh (332)
[2019.02.05-01.45.16:194][622]LogModuleManager: Shutting down and abandoning module CustomMeshComponent (330)
[2019.02.05-01.45.16:194][622]LogModuleManager: Shutting down and abandoning module CableComponent (328)
[2019.02.05-01.45.16:194][622]LogModuleManager: Shutting down and abandoning module AudioCapture (326)
[2019.02.05-01.45.16:194][622]LogModuleManager: Shutting down and abandoning module ArchVisCharacter (324)
[2019.02.05-01.45.16:194][622]LogModuleManager: Shutting down and abandoning module AndroidPermission (322)
[2019.02.05-01.45.16:194][622]LogModuleManager: Shutting down and abandoning module LoginFlow (318)
[2019.02.05-01.45.16:194][622]LogModuleManager: Shutting down and abandoning module PlayTimeLimit (316)
[2019.02.05-01.45.16:194][622]LogModuleManager: Shutting down and abandoning module Rejoin (314)
[2019.02.05-01.45.16:194][622]LogModuleManager: Shutting down and abandoning module Hotfix (312)
[2019.02.05-01.45.16:194][622]LogModuleManager: Shutting down and abandoning module Lobby (310)
[2019.02.05-01.45.16:194][622]LogModuleManager: Shutting down and abandoning module Party (308)
[2019.02.05-01.45.16:194][622]LogModuleManager: Shutting down and abandoning module Qos (306)
[2019.02.05-01.45.16:194][622]LogModuleManager: Shutting down and abandoning module NUTUnrealEngine4 (304)
[2019.02.05-01.45.16:194][622]LogModuleManager: Shutting down and abandoning module NetcodeUnitTest (302)
[2019.02.05-01.45.16:194][622]LogModuleManager: Shutting down and abandoning module MediaCompositing (300)
[2019.02.05-01.45.16:194][622]LogModuleManager: Shutting down and abandoning module LinearTimecode (298)
[2019.02.05-01.45.16:194][622]LogModuleManager: Shutting down and abandoning module ImgMedia (296)
[2019.02.05-01.45.16:198][622]LogModuleManager: Shutting down and abandoning module HTML5Networking (294)
[2019.02.05-01.45.16:198][622]LogModuleManager: Shutting down and abandoning module GeometryCacheTracks (292)
[2019.02.05-01.45.16:198][622]LogModuleManager: Shutting down and abandoning module GeometryCacheSequencer (291)
[2019.02.05-01.45.16:198][622]LogModuleManager: Shutting down and abandoning module GeometryCache (288)
[2019.02.05-01.45.16:198][622]LogModuleManager: Shutting down and abandoning module GeometryCacheEd (287)
[2019.02.05-01.45.16:198][622]LogModuleManager: Shutting down and abandoning module BackChannel (284)
[2019.02.05-01.45.16:198][622]LogModuleManager: Shutting down and abandoning module AppleVision (282)
[2019.02.05-01.45.16:199][622]LogModuleManager: Shutting down and abandoning module AppleImageUtils (280)
[2019.02.05-01.45.16:199][622]LogModuleManager: Shutting down and abandoning module DatasmithContent (278)
[2019.02.05-01.45.16:200][622]LogModuleManager: Shutting down and abandoning module CryptoKeysOpenSSL (276)
[2019.02.05-01.45.16:200][622]LogModuleManager: Shutting down and abandoning module CryptoKeys (274)
[2019.02.05-01.45.16:200][622]LogModuleManager: Shutting down and abandoning module VisualStudioSourceCodeAccess (272)
[2019.02.05-01.45.16:200][622]LogModuleManager: Shutting down and abandoning module HotReload (271)
[2019.02.05-01.45.16:200][622]LogModuleManager: Shutting down and abandoning module DirectoryWatcher (270)
[2019.02.05-01.45.16:200][622]LogModuleManager: Shutting down and abandoning module VisualStudioCodeSourceCodeAccess (266)
[2019.02.05-01.45.16:200][622]LogModuleManager: Shutting down and abandoning module UObjectPlugin (264)
[2019.02.05-01.45.16:200][622]LogModuleManager: Shutting down and abandoning module SubversionSourceControl (262)
[2019.02.05-01.45.16:200][622]LogModuleManager: Shutting down and abandoning module PerforceSourceControl (260)
[2019.02.05-01.45.16:200][622]LogModuleManager: Shutting down and abandoning module SourceControl (259)
[2019.02.05-01.45.16:200][622]LogModuleManager: Shutting down and abandoning module CLionSourceCodeAccess (256)
[2019.02.05-01.45.16:200][622]LogModuleManager: Shutting down and abandoning module RuntimePhysXCooking (254)
[2019.02.05-01.45.16:200][622]LogModuleManager: Shutting down and abandoning module PhysXVehiclesEditor (252)
[2019.02.05-01.45.16:200][622]LogModuleManager: Shutting down and abandoning module PhysXVehicles (250)
[2019.02.05-01.45.16:200][622]LogModuleManager: Shutting down and abandoning module LocationServicesBPLibrary (248)
[2019.02.05-01.45.16:200][622]LogModuleManager: Shutting down and abandoning module ImmediatePhysicsEditor (246)
[2019.02.05-01.45.16:200][622]LogModuleManager: Shutting down and abandoning module ImmediatePhysics (244)
[2019.02.05-01.45.16:200][622]LogModuleManager: Shutting down and abandoning module ActorSequence (242)
[2019.02.05-01.45.16:200][622]LogModuleManager: Shutting down and abandoning module UdpMessaging (240)
[2019.02.05-01.45.16:301][622]LogModuleManager: Shutting down and abandoning module TcpMessaging (238)
[2019.02.05-01.45.16:565][622]LogModuleManager: Shutting down and abandoning module MagicLeapAudio (236)
[2019.02.05-01.45.16:565][622]LogModuleManager: Shutting down and abandoning module GameplayTagsEditor (234)
[2019.02.05-01.45.16:565][622]LogModuleManager: Shutting down and abandoning module FacialAnimation (232)
[2019.02.05-01.45.16:565][622]LogModuleManager: Shutting down and abandoning module DataValidation (230)
[2019.02.05-01.45.16:565][622]LogModuleManager: Shutting down and abandoning module AssetManagerEditor (228)
[2019.02.05-01.45.16:566][622]LogModuleManager: Shutting down and abandoning module TreeMap (227)
[2019.02.05-01.45.16:566][622]LogModuleManager: Shutting down and abandoning module LightPropagationVolumeRuntime (224)
[2019.02.05-01.45.16:566][622]LogModuleManager: Shutting down and abandoning module AISupportModule (222)
[2019.02.05-01.45.16:566][622]LogModuleManager: Shutting down and abandoning module Paper2D (220)
[2019.02.05-01.45.16:566][622]LogModuleManager: Shutting down and abandoning module PIEPreviewDeviceProfileSelector (218)
[2019.02.05-01.45.16:566][622]LogModuleManager: Shutting down and abandoning module WindowsMoviePlayer (216)
[2019.02.05-01.45.16:566][622]LogModuleManager: Shutting down and abandoning module WmfMedia (214)
[2019.02.05-01.45.16:567][622]LogModuleManager: Shutting down and abandoning module Media (213)
[2019.02.05-01.45.16:575][622]LogModuleManager: Shutting down and abandoning module PacketHandler (210)
[2019.02.05-01.45.16:575][622]LogModuleManager: Shutting down and abandoning module ClothingSystemEditor (208)
[2019.02.05-01.45.16:575][622]LogModuleManager: Shutting down and abandoning module ClothingSystemRuntime (206)
[2019.02.05-01.45.16:575][622]LogModuleManager: Shutting down and abandoning module MediaAssets (204)
[2019.02.05-01.45.16:575][622]LogModuleManager: Shutting down and abandoning module Overlay (202)
[2019.02.05-01.45.16:575][622]LogModuleManager: Shutting down and abandoning module OverlayEditor (201)
[2019.02.05-01.45.16:575][622]LogModuleManager: Shutting down and abandoning module VREditor (198)
[2019.02.05-01.45.16:575][622]LogModuleManager: Shutting down and abandoning module StringTableEditor (196)
[2019.02.05-01.45.16:575][622]LogModuleManager: Shutting down and abandoning module GameplayTasksEditor (194)
[2019.02.05-01.45.16:575][622]LogModuleManager: Shutting down and abandoning module BehaviorTreeEditor (192)
[2019.02.05-01.45.16:575][622]LogModuleManager: Shutting down and abandoning module FunctionalTesting (190)
[2019.02.05-01.45.16:575][622]LogModuleManager: Shutting down and abandoning module CollisionAnalyzer (188)
[2019.02.05-01.45.16:575][622]LogModuleManager: Shutting down and abandoning module WorkspaceMenuStructure (187)
[2019.02.05-01.45.16:575][622]LogModuleManager: Shutting down and abandoning module UMG (184)
[2019.02.05-01.45.16:575][622]LogModuleManager: Shutting down and abandoning module UMGEditor (183)
[2019.02.05-01.45.16:575][622]LogModuleManager: Shutting down and abandoning module Sequencer (182)
[2019.02.05-01.45.16:575][622]LogModuleManager: Shutting down and abandoning module MessageLog (179)
[2019.02.05-01.45.16:575][622]LogModuleManager: Shutting down and abandoning module SlateReflector (174)
[2019.02.05-01.45.16:575][622]LogModuleManager: Shutting down and abandoning module Slate (172)
[2019.02.05-01.45.16:575][622]LogModuleManager: Shutting down and abandoning module EditorStyle (170)
[2019.02.05-01.45.16:576][622]LogModuleManager: Shutting down and abandoning module MRMesh (168)
[2019.02.05-01.45.16:576][622]LogModuleManager: Shutting down and abandoning module Messaging (166)
[2019.02.05-01.45.16:576][622]LogModuleManager: Shutting down and abandoning module SourceCodeAccess (164)
[2019.02.05-01.45.16:576][622]LogModuleManager: Shutting down and abandoning module HeadMountedDisplay (162)
[2019.02.05-01.45.16:576][622]LogModuleManager: Shutting down and abandoning module XAudio2 (160)
[2019.02.05-01.45.16:576][622]LogModuleManager: Shutting down and abandoning module Networking (158)
[2019.02.05-01.45.16:577][622]LogModuleManager: Shutting down and abandoning module Core (156)
[2019.02.05-01.45.16:577][622]LogModuleManager: Shutting down and abandoning module LevelSequence (154)
[2019.02.05-01.45.16:577][622]LogModuleManager: Shutting down and abandoning module KismetCompiler (152)
[2019.02.05-01.45.16:577][622]LogModuleManager: Shutting down and abandoning module MeshUtilities (150)
[2019.02.05-01.45.16:577][622]LogModuleManager: Shutting down and abandoning module MeshMergeUtilities (149)
[2019.02.05-01.45.16:577][622]LogModuleManager: Shutting down and abandoning module MeshReductionInterface (148)
[2019.02.05-01.45.16:577][622]LogModuleManager: Shutting down and abandoning module SimplygonSwarm (147)
[2019.02.05-01.45.16:577][622]LogModuleManager: Shutting down and abandoning module ProxyLODMeshReduction (145)
[2019.02.05-01.45.16:577][622]LogModuleManager: Shutting down and abandoning module SimplygonMeshReduction (143)
[2019.02.05-01.45.16:577][622]LogModuleManager: Shutting down and abandoning module QuadricMeshReduction (141)
[2019.02.05-01.45.16:577][622]LogModuleManager: Shutting down and abandoning module MaterialBaking (137)
[2019.02.05-01.45.16:577][622]LogModuleManager: Shutting down and abandoning module DerivedDataCache (132)
