Log file open, 01/08/19 19:19:07
LogWindows: Failed to load 'aqProf.dll' (GetLastError=126)
LogWindows: File 'aqProf.dll' does not exist
LogWindows: Failed to load 'VtuneApi.dll' (GetLastError=126)
LogWindows: File 'VtuneApi.dll' does not exist
LogWindows: Failed to load 'VtuneApi32e.dll' (GetLastError=126)
LogWindows: File 'VtuneApi32e.dll' does not exist
LogInit: Display: Running engine for game: TrenchTowers
LogPlatformFile: Not using cached read wrapper
LogTaskGraph: Started task graph with 5 named threads and 23 total threads with 3 sets of task threads.
LogStats: Stats thread started at 1.146619
LogD3D11RHI: Loaded GFSDK_Aftermath_Lib.x64.dll
LogICUInternationalization: Display: ICU TimeZone Detection - Raw Offset: -5:00, Platform Override: ''
LogPluginManager: Mounting plugin Paper2D
LogPluginManager: Mounting plugin AISupport
LogPluginManager: Mounting plugin LightPropagationVolume
LogPluginManager: Mounting plugin CLionSourceCodeAccess
LogPluginManager: Mounting plugin CodeLiteSourceCodeAccess
LogPluginManager: Mounting plugin GitSourceControl
LogPluginManager: Mounting plugin KDevelopSourceCodeAccess
LogPluginManager: Mounting plugin NullSourceCodeAccess
LogPluginManager: Mounting plugin PerforceSourceControl
LogPluginManager: Mounting plugin SubversionSourceControl
LogPluginManager: Mounting plugin UObjectPlugin
LogPluginManager: Mounting plugin VisualStudioCodeSourceCodeAccess
LogPluginManager: Mounting plugin VisualStudioSourceCodeAccess
LogPluginManager: Mounting plugin XCodeSourceCodeAccess
LogPluginManager: Mounting plugin AssetManagerEditor
LogPluginManager: Mounting plugin CryptoKeys
LogPluginManager: Mounting plugin DataValidation
LogPluginManager: Mounting plugin FacialAnimation
LogPluginManager: Mounting plugin GameplayTagsEditor
LogPluginManager: Mounting plugin MacGraphicsSwitching
LogPluginManager: Mounting plugin MeshEditor
LogPluginManager: Mounting plugin MobileLauncherProfileWizard
LogPluginManager: Mounting plugin PluginBrowser
LogPluginManager: Mounting plugin SpeedTreeImporter
LogPluginManager: Mounting plugin DatasmithContent
LogPluginManager: Mounting plugin AlembicImporter
LogPluginManager: Mounting plugin AppleImageUtils
LogPluginManager: Mounting plugin AppleVision
LogPluginManager: Mounting plugin BackChannel
LogPluginManager: Mounting plugin CharacterAI
LogPluginManager: Mounting plugin GeometryCache
LogPluginManager: Mounting plugin HTML5Networking
LogPluginManager: Mounting plugin ProxyLODPlugin
LogPluginManager: Mounting plugin MagicLeap
LogPluginManager: Mounting plugin MagicLeapEmulator
LogPluginManager: Mounting plugin MagicLeapMedia
LogPluginManager: Mounting plugin CreaturePackPlugin
LogPluginManager: Mounting plugin AndroidMedia
LogPluginManager: Mounting plugin AvfMedia
LogPluginManager: Mounting plugin ImgMedia
LogPluginManager: Mounting plugin LinearTimecode
LogPluginManager: Mounting plugin MediaCompositing
LogPluginManager: Mounting plugin MediaPlayerEditor
LogPluginManager: Mounting plugin WmfMedia
LogPluginManager: Mounting plugin TcpMessaging
LogPluginManager: Mounting plugin UdpMessaging
LogPluginManager: Mounting plugin ActorSequence
LogPluginManager: Mounting plugin LevelSequenceEditor
LogPluginManager: Mounting plugin MatineeToLevelSequence
LogPluginManager: Mounting plugin NetcodeUnitTest
LogPluginManager: Mounting plugin NUTUnrealEngine4
LogPluginManager: Mounting plugin OnlineSubsystemGooglePlay
LogPluginManager: Mounting plugin OnlineSubsystemIOS
LogPluginManager: Mounting plugin OnlineSubsystem
LogPluginManager: Mounting plugin OnlineSubsystemNull
LogPluginManager: Mounting plugin OnlineSubsystemSteam
LogPluginManager: Mounting plugin OnlineSubsystemUtils
LogPluginManager: Mounting plugin LauncherChunkInstaller
LogPluginManager: Mounting plugin AndroidDeviceProfileSelector
LogPluginManager: Mounting plugin AndroidMoviePlayer
LogPluginManager: Mounting plugin AndroidPermission
LogPluginManager: Mounting plugin AppleMoviePlayer
LogPluginManager: Mounting plugin ArchVisCharacter
LogPluginManager: Mounting plugin AudioCapture
LogPluginManager: Mounting plugin CableComponent
LogPluginManager: Mounting plugin CustomMeshComponent
LogPluginManager: Mounting plugin EditableMesh
LogPluginManager: Mounting plugin ExampleDeviceProfileSelector
LogPluginManager: Mounting plugin GoogleCloudMessaging
LogPluginManager: Mounting plugin ImmediatePhysics
LogPluginManager: Mounting plugin IOSDeviceProfileSelector
LogPluginManager: Mounting plugin LinuxDeviceProfileSelector
LogPluginManager: Mounting plugin LocationServicesBPLibrary
LogPluginManager: Mounting plugin MobilePatchingUtils
LogPluginManager: Mounting plugin OculusVR
LogPluginManager: Plugin shader directory ../../../Engine/Plugins/Runtime/Oculus/OculusVR/Shaders found
LogPluginManager: Mapping shader source directory ../../../Engine/Plugins/Runtime/Oculus/OculusVR/Shaders to virtual directory /Plugin/OculusVR
LogPluginManager: Mounting plugin PhysXVehicles
LogPluginManager: Mounting plugin ProceduralMeshComponent
LogPluginManager: Mounting plugin RuntimePhysXCooking
LogPluginManager: Mounting plugin SteamController
LogPluginManager: Mounting plugin SteamVR
LogPluginManager: Mounting plugin WindowsMoviePlayer
LogStreaming: Display: Took  0.440s to configure plugins.
LogInit: Using libcurl 7.55.1-DEV
LogInit:  - built for x86_64-pc-win32
LogInit:  - supports SSL with OpenSSL/1.0.2h
LogInit:  - supports HTTP deflate (compression) using libz 1.2.8
LogInit:  - other features:
LogInit:      CURL_VERSION_SSL
LogInit:      CURL_VERSION_LIBZ
LogInit:      CURL_VERSION_IPV6
LogInit:      CURL_VERSION_ASYNCHDNS
LogInit:      CURL_VERSION_LARGEFILE
LogInit:      CURL_VERSION_IDN
LogInit:  CurlRequestOptions (configurable via config and command line):
LogInit:  - bVerifyPeer = false  - Libcurl will NOT verify peer certificate
LogInit:  - bUseHttpProxy = false  - Libcurl will NOT use HTTP proxy
LogInit:  - bDontReuseConnections = false  - Libcurl will reuse connections
LogInit:  - CertBundlePath = nullptr  - Libcurl will use whatever was configured at build time.
LogInit:  - MaxHostConnections = 16  - Libcurl will limit the number of connections to a host
LogInit:  - LocalHostAddr = Default
LogInit:  - BufferSize = 65536
LogOnline: Display: STEAM: Loading Steam SDK 1.39
LogOnline: Warning: STEAM: Steam API disabled!
LogOnline: Display: STEAM: OnlineSubsystemSteam::Shutdown()
LogInit: WinSock: version 1.1 (2.2), MaxSocks=32767, MaxUdp=65467
LogInit: Build: ++UE4+Release-4.20-CL-4369336
LogInit: Engine Version: 4.20.3-4369336+++UE4+Release-4.20
LogInit: Compatible Engine Version: 4.20.0-4212847+++UE4+Release-4.20
LogInit: Net CL: 4212847
LogInit: OS: Windows 10 (), CPU: Intel(R) Core(TM) i7-6700HQ CPU @ 2.60GHz, GPU: Intel(R) HD Graphics 530
LogInit: Compiled (64-bit): Sep 17 2018 12:26:19
LogInit: Compiled with Visual C++: 19.13.26129.00
LogInit: Build Configuration: Development
LogInit: Branch Name: ++UE4+Release-4.20
LogInit: Command Line:  
LogInit: Base Directory: D:/Program Files/Epic Games/UE_4.20/Engine/Binaries/Win64/
LogInit: Installed Engine Build: 1
LogDevObjectVersion: Number of dev versions registered: 20
LogDevObjectVersion:   Dev-Blueprints (B0D832E4-1F89-4F0D-ACCF-7EB736FD4AA2): 10
LogDevObjectVersion:   Dev-Build (E1C64328-A22C-4D53-A36C-8E866417BD8C): 0
LogDevObjectVersion:   Dev-Core (375EC13C-06E4-48FB-B500-84F0262A717E): 2
LogDevObjectVersion:   Dev-Editor (E4B068ED-F494-42E9-A231-DA0B2E46BB41): 24
LogDevObjectVersion:   Dev-Framework (CFFC743F-43B0-4480-9391-14DF171D2073): 34
LogDevObjectVersion:   Dev-Mobile (B02B49B5-BB20-44E9-A304-32B752E40360): 2
LogDevObjectVersion:   Dev-Networking (A4E4105C-59A1-49B5-A7C5-40C4547EDFEE): 0
LogDevObjectVersion:   Dev-Online (39C831C9-5AE6-47DC-9A44-9C173E1C8E7C): 0
LogDevObjectVersion:   Dev-Physics (78F01B33-EBEA-4F98-B9B4-84EACCB95AA2): 0
LogDevObjectVersion:   Dev-Platform (6631380F-2D4D-43E0-8009-CF276956A95A): 0
LogDevObjectVersion:   Dev-Rendering (12F88B9F-8875-4AFC-A67C-D90C383ABD29): 26
LogDevObjectVersion:   Dev-Sequencer (7B5AE74C-D270-4C10-A958-57980B212A5A): 9
LogDevObjectVersion:   Dev-VR (D7296918-1DD6-4BDD-9DE2-64A83CC13884): 2
LogDevObjectVersion:   Dev-LoadTimes (C2A15278-BFE7-4AFE-6C17-90FF531DF755): 1
LogDevObjectVersion:   Private-Geometry (6EACA3D4-40EC-4CC1-B786-8BED09428FC5): 3
LogDevObjectVersion:   Dev-AnimPhys (29E575DD-E0A3-4627-9D10-D276232CDCEA): 17
LogDevObjectVersion:   Dev-ReflectionCapture (6B266CEC-1EC7-4B8F-A30B-E4D90942FC07): 1
LogDevObjectVersion:   Dev-Automation (0DF73D61-A23F-47EA-B727-89E90C41499A): 1
LogDevObjectVersion:   FortniteMain (601D1886-AC64-4F84-AA16-D3DE0DEAC7D6): 12
LogDevObjectVersion:   Dev-Enterprise (9DFFBCD6-494F-0158-E221-12823C92A888): 1
LogStreaming: Display: Took  0.042s to delete old logs.
LogInit: Presizing for max 8388607 objects, including 0 objects not considered by GC, pre-allocating 0 bytes for permanent pool.
LogInit: Object subsystem initialized
[2019.01.09-00.19.10:494][  0]LogInit: Selected Device Profile: [Windows]
[2019.01.09-00.19.10:494][  0]LogInit: Applying CVar settings loaded from the selected device profile: [Windows]
[2019.01.09-00.19.10:558][  0]LogHAL: Display: Platform has ~ 16 GB [17044942848 / 17179869184 / 16], which maps to Larger [LargestMinGB=32, LargerMinGB=12, DefaultMinGB=8, SmallerMinGB=6, SmallestMinGB=0)
[2019.01.09-00.19.10:558][  0]LogInit: Setting Device Profile CVar: [[r.Vulkan.UseRealUBs:1]]
[2019.01.09-00.19.10:558][  0]LogInit: Going up to parent DeviceProfile []
[2019.01.09-00.19.10:579][  0]LogInit: Computer: DESKTOP-RI1ETNT
[2019.01.09-00.19.10:579][  0]LogInit: User: Fires
[2019.01.09-00.19.10:579][  0]LogInit: CPU Page size=4096, Cores=4
[2019.01.09-00.19.10:579][  0]LogInit: High frequency timer resolution =10.000000 MHz
[2019.01.09-00.19.10:579][  0]LogMemory: Memory total: Physical=15.9GB (16GB approx)
[2019.01.09-00.19.10:579][  0]LogMemory: Platform Memory Stats for Windows
[2019.01.09-00.19.10:579][  0]LogMemory: Process Physical Memory: 102.57 MB used, 102.58 MB peak
[2019.01.09-00.19.10:579][  0]LogMemory: Process Virtual Memory: 86.15 MB used, 86.15 MB peak
[2019.01.09-00.19.10:579][  0]LogMemory: Physical Memory: 7033.51 MB used,  9221.81 MB free, 16255.32 MB total
[2019.01.09-00.19.10:579][  0]LogMemory: Virtual Memory: 4638.98 MB used,  9221.81 MB free, 134217728.00 MB total
[2019.01.09-00.19.11:865][  0]LogInit: Using OS detected language (en-US).
[2019.01.09-00.19.11:865][  0]LogInit: Using OS detected locale (en-CA).
[2019.01.09-00.19.11:873][  0]LogTextLocalizationManager: No specific localization for 'en-US' exists, so the 'en' localization will be used.
[2019.01.09-00.19.12:692][  0]LogStreaming: Display: Took  0.828s to InitEngineTextLocalization.
[2019.01.09-00.19.12:693][  0]LogInit: Setting process to per monitor DPI aware
[2019.01.09-00.19.13:032][  0]LogSlate: New Slate User Created.  User Index 0, Is Virtual User: 0
[2019.01.09-00.19.13:032][  0]LogSlate: Slate User Registered.  User Index 0, Is Virtual User: 0
[2019.01.09-00.19.17:611][  0]LogHMD: Failed to initialize OpenVR with code 110
[2019.01.09-00.19.17:611][  0]LogD3D11RHI: D3D11 adapters:
[2019.01.09-00.19.17:779][  0]LogD3D11RHI:    0. 'NVIDIA GeForce GTX 1070' (Feature Level 11_0)
[2019.01.09-00.19.17:779][  0]LogD3D11RHI:       8081/0/8127 MB DedicatedVideo/DedicatedSystem/SharedSystem, Outputs:1, VendorId:0x10de
[2019.01.09-00.19.17:934][  0]LogD3D11RHI:    1. 'Intel(R) HD Graphics 530' (Feature Level 11_0)
[2019.01.09-00.19.17:934][  0]LogD3D11RHI:       128/0/8127 MB DedicatedVideo/DedicatedSystem/SharedSystem, Outputs:0, VendorId:0x8086
[2019.01.09-00.19.17:939][  0]LogD3D11RHI:    2. 'Microsoft Basic Render Driver' (Feature Level 11_0)
[2019.01.09-00.19.17:939][  0]LogD3D11RHI:       0/0/8127 MB DedicatedVideo/DedicatedSystem/SharedSystem, Outputs:0, VendorId:0x1414
[2019.01.09-00.19.17:939][  0]LogD3D11RHI: Chosen D3D11 Adapter: 0
[2019.01.09-00.19.17:987][  0]LogD3D11RHI: Creating new Direct3DDevice
[2019.01.09-00.19.17:987][  0]LogD3D11RHI:     GPU DeviceId: 0x1ba1 (for the marketing name, search the web for "GPU Device Id")
[2019.01.09-00.19.17:987][  0]LogWindows: EnumDisplayDevices:
[2019.01.09-00.19.17:988][  0]LogWindows:    0. 'Intel(R) HD Graphics 530' (P:1 D:1)
[2019.01.09-00.19.17:989][  0]LogWindows:    1. 'Intel(R) HD Graphics 530' (P:0 D:0)
[2019.01.09-00.19.17:990][  0]LogWindows:    2. 'Intel(R) HD Graphics 530' (P:0 D:0)
[2019.01.09-00.19.17:990][  0]LogWindows:    3. 'NVIDIA GeForce GTX 1070' (P:0 D:0)
[2019.01.09-00.19.17:991][  0]LogWindows:    4. 'NVIDIA GeForce GTX 1070' (P:0 D:0)
[2019.01.09-00.19.17:991][  0]LogWindows:    5. 'NVIDIA GeForce GTX 1070' (P:0 D:0)
[2019.01.09-00.19.17:992][  0]LogWindows:    6. 'NVIDIA GeForce GTX 1070' (P:0 D:0)
[2019.01.09-00.19.17:992][  0]LogWindows: DebugString: PrimaryIsNotTheChoosenAdapter PrimaryIsNotTheChoosenAdapter PrimaryIsNotTheChoosenAdapter FoundDriverCount:4 
[2019.01.09-00.19.17:992][  0]LogD3D11RHI:     Adapter Name: NVIDIA GeForce GTX 1070
[2019.01.09-00.19.17:992][  0]LogD3D11RHI:   Driver Version: 417.22 (internal:25.21.14.1722, unified:417.22)
[2019.01.09-00.19.17:992][  0]LogD3D11RHI:      Driver Date: 11-29-2018
[2019.01.09-00.19.17:992][  0]LogRHI: Texture pool is 5656 MB (70% of 8081 MB)
[2019.01.09-00.19.18:050][  0]LogD3D11RHI: [Aftermath] Enabled and primed
[2019.01.09-00.19.18:050][  0]LogD3D11RHI: Async texture creation enabled
[2019.01.09-00.19.18:070][  0]LogD3D11RHI: GPU Timing Frequency: 1000.000000 (Debug: 2 2)
[2019.01.09-00.19.18:072][  0]LogShaderCompilers: Guid format shader working directory is -9 characters bigger than the processId version (../../../../../../Program Files (x86)/TrenchTowers 4.20/Intermediate/Shaders/WorkingDirectory/4640/).
[2019.01.09-00.19.18:072][  0]LogShaderCompilers: Cleaned the shader compiler working directory 'C:/Users/Fires/AppData/Local/Temp/UnrealShaderWorkingDir/131DF50141C16CBDF1FCA396DAECC9A3/'.
[2019.01.09-00.19.19:040][  0]LogTemp: Display: Loaded TP AllDesktopTargetPlatform
[2019.01.09-00.19.19:116][  0]LogTemp: Display: Loaded TP MacClientTargetPlatform
[2019.01.09-00.19.19:185][  0]LogTemp: Display: Loaded TP MacNoEditorTargetPlatform
[2019.01.09-00.19.19:254][  0]LogTemp: Display: Loaded TP MacServerTargetPlatform
[2019.01.09-00.19.19:391][  0]LogTemp: Display: Loaded TP MacTargetPlatform
[2019.01.09-00.19.19:472][  0]LogTemp: Display: Loaded TP WindowsClientTargetPlatform
[2019.01.09-00.19.19:542][  0]LogTemp: Display: Loaded TP WindowsNoEditorTargetPlatform
[2019.01.09-00.19.19:606][  0]LogTemp: Display: Loaded TP WindowsServerTargetPlatform
[2019.01.09-00.19.19:677][  0]LogTemp: Display: Loaded TP WindowsTargetPlatform
[2019.01.09-00.19.19:859][  0]LogTemp: Display: Loaded TP AndroidTargetPlatform
[2019.01.09-00.19.19:859][  0]LogTemp: Display: Loaded TP AndroidTargetPlatform
[2019.01.09-00.19.19:859][  0]LogTemp: Display: Loaded TP AndroidTargetPlatform
[2019.01.09-00.19.19:859][  0]LogTemp: Display: Loaded TP AndroidTargetPlatform
[2019.01.09-00.19.19:859][  0]LogTemp: Display: Loaded TP AndroidTargetPlatform
[2019.01.09-00.19.19:859][  0]LogTemp: Display: Loaded TP AndroidTargetPlatform
[2019.01.09-00.19.19:859][  0]LogTemp: Display: Loaded TP AndroidTargetPlatform
[2019.01.09-00.19.19:859][  0]LogTemp: Display: Loaded TP AndroidTargetPlatform
[2019.01.09-00.19.19:859][  0]LogTemp: Display: Loaded TP AndroidTargetPlatform
[2019.01.09-00.19.19:859][  0]LogTemp: Display: Loaded TP AndroidTargetPlatform
[2019.01.09-00.19.19:859][  0]LogTemp: Display: Loaded TP AndroidTargetPlatform
[2019.01.09-00.19.19:859][  0]LogTemp: Display: Loaded TP AndroidTargetPlatform
[2019.01.09-00.19.19:859][  0]LogTemp: Display: Loaded TP AndroidTargetPlatform
[2019.01.09-00.19.19:859][  0]LogTemp: Display: Loaded TP AndroidTargetPlatform
[2019.01.09-00.19.19:859][  0]LogTemp: Display: Loaded TP AndroidTargetPlatform
[2019.01.09-00.19.19:859][  0]LogTemp: Display: Loaded TP AndroidTargetPlatform
[2019.01.09-00.19.19:859][  0]LogTemp: Display: Loaded TP AndroidTargetPlatform
[2019.01.09-00.19.19:859][  0]LogTemp: Display: Loaded TP AndroidTargetPlatform
[2019.01.09-00.19.19:911][  0]LogTemp: Display: Loaded TP HTML5TargetPlatform
[2019.01.09-00.19.20:171][  0]LogTemp: Display: Loaded TP IOSTargetPlatform
[2019.01.09-00.19.20:171][  0]LogTemp: Display: Loaded TP IOSTargetPlatform
[2019.01.09-00.19.20:252][  0]LogTemp: Display: Loaded TP TVOSTargetPlatform
[2019.01.09-00.19.20:252][  0]LogTemp: Display: Loaded TP TVOSTargetPlatform
[2019.01.09-00.19.20:319][  0]LogTemp: Display: Loaded TP LinuxClientTargetPlatform
[2019.01.09-00.19.20:379][  0]LogTemp: Display: Loaded TP LinuxNoEditorTargetPlatform
[2019.01.09-00.19.20:440][  0]LogTemp: Display: Loaded TP LinuxServerTargetPlatform
[2019.01.09-00.19.20:540][  0]LogTemp: Display: Loaded TP LinuxTargetPlatform
[2019.01.09-00.19.20:607][  0]LogTemp: Display: Loaded TP LuminTargetPlatform
[2019.01.09-00.19.20:608][  0]LogTargetPlatformManager: Display: Building Assets For Windows
[2019.01.09-00.19.22:243][  0]LogXGEController: Cleaning working directory: C:/Users/Fires/AppData/Local/Temp/UnrealXGEWorkingDir/
[2019.01.09-00.19.22:244][  0]LogXGEController: Cannot use XGE Controller as Incredibuild is not installed on this machine.
[2019.01.09-00.19.22:244][  0]LogShaderCompilers: Cannot use XGE Shader Compiler as Incredibuild is not installed on this machine.
[2019.01.09-00.19.22:244][  0]LogShaderCompilers: Display: Using Local Shader Compiler.
[2019.01.09-00.19.25:338][  0]LogDerivedDataCache: Display: Max Cache Size: 512 MB
[2019.01.09-00.19.25:748][  0]LogDerivedDataCache: Loaded boot cache 0.41s 71MB C:/Users/Fires/AppData/Local/UnrealEngine/4.20/DerivedDataCache/Boot.ddc.
[2019.01.09-00.19.25:748][  0]LogDerivedDataCache: Display: Loaded Boot cache: C:/Users/Fires/AppData/Local/UnrealEngine/4.20/DerivedDataCache/Boot.ddc
[2019.01.09-00.19.25:748][  0]LogDerivedDataCache: FDerivedDataBackendGraph:  Pak pak cache file ../../../../../../Program Files (x86)/TrenchTowers 4.20/DerivedDataCache/DDC.ddp not found, will not use a pak cache.
[2019.01.09-00.19.25:748][  0]LogDerivedDataCache: Unable to find inner node Pak for hierarchical cache Hierarchy.
[2019.01.09-00.19.25:749][  0]LogDerivedDataCache: FDerivedDataBackendGraph:  CompressedPak pak cache file ../../../../../../Program Files (x86)/TrenchTowers 4.20/DerivedDataCache/Compressed.ddp not found, will not use a pak cache.
[2019.01.09-00.19.25:749][  0]LogDerivedDataCache: Unable to find inner node CompressedPak for hierarchical cache Hierarchy.
[2019.01.09-00.19.25:808][  0]LogDerivedDataCache: Display: Pak cache opened for reading ../../../Engine/DerivedDataCache/Compressed.ddp.
[2019.01.09-00.19.25:823][  0]LogDerivedDataCache: Using Local data cache path C:/Users/Fires/AppData/Local/UnrealEngine/Common/DerivedDataCache: Writable
[2019.01.09-00.19.25:823][  0]LogDerivedDataCache: Shared data cache path not found in *engine.ini, will not use an Shared cache.
[2019.01.09-00.19.25:823][  0]LogDerivedDataCache: Unable to find inner node Shared for hierarchical cache Hierarchy.
[2019.01.09-00.19.25:842][  0]LogMaterial: Verifying Global Shaders for PCD3D_SM5
[2019.01.09-00.19.25:844][  0]LogSlate: Using FreeType 2.6.0
[2019.01.09-00.19.25:894][  0]LogSlate: SlateFontServices - WITH_FREETYPE: 1, WITH_HARFBUZZ: 1
[2019.01.09-00.19.27:257][  0]LogAssetRegistry: FAssetRegistry took 0.0274 seconds to start up
[2019.01.09-00.19.27:697][  0]LogInit: Selected Device Profile: [Windows]
[2019.01.09-00.19.29:226][  0]LogSimplygon: Simplygon DLL not present - disabling.
[2019.01.09-00.19.29:442][  0]LogMeshReduction: Using SimplygonSwarm for distributed automatic mesh merging
[2019.01.09-00.19.29:442][  0]LogMeshReduction: Using ProxyLODMeshReduction for automatic mesh merging
[2019.01.09-00.19.29:442][  0]LogMeshReduction: Using QuadricMeshReduction for automatic static mesh reduction
[2019.01.09-00.19.29:442][  0]LogMeshReduction: No automatic skeletal mesh reduction module available
[2019.01.09-00.19.29:609][  0]LogNetVersion: TrenchTowers 1.0.0, NetCL: 4212847, EngineNetVer: 5, GameNetVer: 0 (Checksum: 1537713906)
[2019.01.09-00.19.30:470][  0]LogObj: Error: LoadConfig (/Script/Engine.Default__RendererSettings): import failed for bEnableAlphaChannelInPostProcessing in: False
[2019.01.09-00.19.32:892][  0]LogPackageLocalizationCache: Processed 11 localized package path(s) for 2 prioritized culture(s) in 0.258585 seconds
[2019.01.09-00.19.32:901][  0]LogUObjectArray: 38434 objects as part of root set at end of initial load.
[2019.01.09-00.19.32:901][  0]LogUObjectAllocator: 6701144 out of 0 bytes used by permanent object pool.
[2019.01.09-00.19.32:901][  0]LogUObjectArray: CloseDisregardForGC: 0/0 objects in disregard for GC pool
[2019.01.09-00.20.00:063][  0]LogTcpMessaging: Initializing TcpMessaging bridge
[2019.01.09-00.20.00:129][  0]LogUdpMessaging: Initializing bridge on interface 0.0.0.0:0 to multicast group 230.0.0.1:6666.
[2019.01.09-00.20.01:750][  0]SourceControl: Source control is disabled
[2019.01.09-00.20.06:073][  0]LogAndroidPermission: UAndroidPermissionCallbackProxy::GetInstance
[2019.01.09-00.20.06:562][  0]LogOcInput: OculusInput pre-init called
[2019.01.09-00.20.07:139][  0]LogEngine: Initializing Engine...
[2019.01.09-00.20.07:140][  0]LogHMD: Failed to initialize OpenVR with code 110
[2019.01.09-00.20.07:185][  0]LogStats: UGameplayTagsManager::ConstructGameplayTagTree: Construct from data asset -  0.000 s
[2019.01.09-00.20.07:185][  0]LogStats: UGameplayTagsManager::ConstructGameplayTagTree: GameplayTagTreeChangedEvent.Broadcast -  0.000 s
[2019.01.09-00.20.08:180][  0]LogInit: Initializing FReadOnlyCVARCache
[2019.01.09-00.20.08:303][  0]LogAIModule: Creating AISystem for world Untitled
[2019.01.09-00.20.08:356][  0]LogInit: XAudio2 using 'Speakers / Headphones (Realtek Audio)' : 6 channels at 48 kHz using 32 bits per sample (channel mask 0x3f)
[2019.01.09-00.20.08:854][  0]LogInit: FAudioDevice initialized.
[2019.01.09-00.20.08:854][  0]LogNetVersion: Set ProjectVersion to 1.0.0.0. Version Checksum will be recalculated on next use.
[2019.01.09-00.20.08:951][  0]LogDerivedDataCache: Saved boot cache 0.10s 71MB C:/Users/Fires/AppData/Local/UnrealEngine/4.20/DerivedDataCache/Boot.ddc.
[2019.01.09-00.20.08:957][  0]LogInit: Texture streaming: Enabled
[2019.01.09-00.20.09:228][  0]LogEngineSessionManager: EngineSessionManager initialized
[2019.01.09-00.20.09:317][  0]LogInit: Transaction tracking system initialized
[2019.01.09-00.20.09:715][  0]BlueprintLog: New page: Editor Load
[2019.01.09-00.20.11:662][  0]LocalizationService: Localization service is disabled
[2019.01.09-00.20.14:592][  0]LogCook: Display: Max memory allowance for cook 16384mb min free memory 0mb
[2019.01.09-00.20.14:592][  0]LogCook: Display: Mobile HDR setting 1
[2019.01.09-00.20.14:592][  0]LogGameplayTags: Display: UGameplayTagsManager::DoneAddingNativeTags. DelegateIsBound: 0
[2019.01.09-00.20.14:592][  0]LogStats: UGameplayTagsManager::ConstructGameplayTagTree: Construct from data asset -  0.000 s
[2019.01.09-00.20.14:592][  0]LogStats: UGameplayTagsManager::ConstructGameplayTagTree: GameplayTagTreeChangedEvent.Broadcast -  0.000 s
[2019.01.09-00.20.14:721][  0]LogFileCache: Scanning file cache for directory 'D:/Program Files (x86)/TrenchTowers 4.20/Content/' took 0.06s
[2019.01.09-00.20.17:280][  0]Cmd: MAP LOAD FILE="../../../../../../Program Files (x86)/TrenchTowers 4.20/Content/2DSideScrollerBP/Maps/MainMenu.umap" TEMPLATE=0 SHOWPROGRESS=1 FEATURELEVEL=3
[2019.01.09-00.20.17:305][  0]LightingResults: New page: Lighting Build
[2019.01.09-00.20.17:313][  0]MapCheck: New page: Map Check
[2019.01.09-00.20.17:313][  0]LightingResults: New page: Lighting Build
[2019.01.09-00.20.17:574][  0]LogProperty: Error: UStructProperty::Serialize Loading: Property 'StructProperty /Game/2DSideScrollerBP/Blueprints/Gameplay/PlayerSaveGame.PlayerSaveGame_C:SPlayerInfo'. Unknown structure.
[2019.01.09-00.20.17:575][  0]LogClass: Warning: Property SPlayerInfo of SPlayerInfo has a struct type mismatch (tag STRUCT_REINST_PlayerInfo_0 != prop FallbackStruct) in package:  ../../../../../../Program Files (x86)/TrenchTowers 4.20/Content/2DSideScrollerBP/Blueprints/Gameplay/PlayerSaveGame.uasset. If that struct got renamed, add an entry to ActiveStructRedirects.
[2019.01.09-00.20.17:577][  0]LogClass: Warning: Property SPlayerInfo of SPlayerInfo has a struct type mismatch (tag FallbackStruct != prop PlayerInfo) in package:  FObjectReader. If that struct got renamed, add an entry to ActiveStructRedirects.
[2019.01.09-00.20.17:950][  0]LogAIModule: Creating AISystem for world MainMenu
[2019.01.09-00.20.17:951][  0]LogEditorServer: Finished looking for orphan Actors (0.000 secs)
[2019.01.09-00.20.17:979][  0]Cmd: MAP CHECKDEP NOCLEARLOG
[2019.01.09-00.20.18:063][  0]MapCheck: Map check complete: 0 Error(s), 0 Warning(s), took 83.577ms to complete.
[2019.01.09-00.20.18:063][  0]LogFileHelpers: Loading map 'MainMenu' took 0.783
[2019.01.09-00.20.18:298][  0]LogSlate: Updating window title bar state: overlay mode, drag disabled, window buttons hidden, title bar hidden
[2019.01.09-00.20.18:308][  0]LogSlate: Updating window title bar state: overlay mode, drag disabled, window buttons hidden, title bar hidden
[2019.01.09-00.20.18:317][  0]LogSlate: Updating window title bar state: overlay mode, drag disabled, window buttons hidden, title bar hidden
[2019.01.09-00.20.18:328][  0]LogSlate: Updating window title bar state: overlay mode, drag disabled, window buttons hidden, title bar hidden
[2019.01.09-00.20.18:429][  0]LogCollectionManager: Loaded 0 collections in 0.010195 seconds
[2019.01.09-00.20.18:484][  0]LogFileCache: Scanning file cache for directory 'D:/Program Files (x86)/TrenchTowers 4.20/Saved/Collections/' took 0.01s
[2019.01.09-00.20.18:484][  0]LogFileCache: Scanning file cache for directory 'D:/Program Files (x86)/TrenchTowers 4.20/Content/Developers/Fires/Collections/' took 0.01s
[2019.01.09-00.20.18:484][  0]LogFileCache: Scanning file cache for directory 'D:/Program Files (x86)/TrenchTowers 4.20/Content/Collections/' took 0.01s
[2019.01.09-00.20.18:484][  0]LogCollectionManager: Rebuilt the GUID cache for 0 collections in 0.000000 seconds
[2019.01.09-00.20.18:496][  0]LogContentBrowser: Native class hierarchy populated in 0.0112 seconds. Added 2579 classes and 612 folders.
[2019.01.09-00.20.18:517][  0]LogContentBrowser: Native class hierarchy updated for 'WidgetCarousel' in 0.0004 seconds. Added 0 classes and 0 folders.
[2019.01.09-00.20.20:667][  0]LogContentBrowser: Native class hierarchy updated for 'AddContentDialog' in 0.0003 seconds. Added 0 classes and 0 folders.
[2019.01.09-00.20.20:768][  0]LogContentBrowser: Native class hierarchy updated for 'SceneOutliner' in 0.0005 seconds. Added 1 classes and 2 folders.
[2019.01.09-00.20.20:894][  0]LogSlate: Took 0.022763 seconds to synchronously load lazily loaded font '../../../Engine/Content/Slate/Fonts/Roboto-Regular.ttf' (155K)
[2019.01.09-00.20.20:927][  0]LogSlate: Took 0.029298 seconds to synchronously load lazily loaded font '../../../Engine/Content/Slate/Fonts/Roboto-Bold.ttf' (160K)
[2019.01.09-00.20.20:953][  0]LogSlate: Took 0.019527 seconds to synchronously load lazily loaded font '../../../Engine/Content/Editor/Slate/Fonts/FontAwesome.ttf' (139K)
[2019.01.09-00.20.21:272][  0]LogRenderer: Reallocating scene render targets to support 1288x632 Format 9 NumSamples 1 (Frame:1).
[2019.01.09-00.20.21:603][  0]LogContentBrowser: Native class hierarchy updated for 'HierarchicalLODOutliner' in 0.0003 seconds. Added 0 classes and 0 folders.
[2019.01.09-00.20.21:603][  0]LogLoad: (Engine Initialization) Total time: 86.04 seconds
[2019.01.09-00.20.21:603][  0]LogLoad: (Engine Initialization) Total Blueprint compile time: 0.00 seconds
[2019.01.09-00.20.21:862][  0]LogSteamController: SteamController is not available
[2019.01.09-00.20.21:885][  0]LogContentStreaming: Texture pool size now 800 MB
[2019.01.09-00.20.21:949][  0]LogSlate: Took 0.023011 seconds to synchronously load lazily loaded font '../../../Engine/Content/Slate/Fonts/Roboto-Light.ttf' (167K)
[2019.01.09-00.20.21:971][  1]LogAssetRegistry: Asset discovery search completed in 54.7375 seconds
[2019.01.09-00.20.21:974][  1]LogCollectionManager: Rebuilt the object cache for 0 collections in 0.000000 seconds (found 0 objects)
[2019.01.09-00.20.21:974][  1]LogCollectionManager: Fixed up redirectors for 0 collections in 0.000081 seconds (updated 0 objects)
[2019.01.09-00.20.22:662][ 39]LogSlate: Took 0.000307 seconds to synchronously load lazily loaded font '../../../Engine/Content/Slate/Fonts/Roboto-Light.ttf' (167K)
[2019.01.09-00.21.45:210][991]LogSlate: FSceneViewport::OnFocusLost() reason 0
[2019.01.09-00.21.54:060][518]SourceControl: fatal: D:/Program Files/Epic Games/UE_4.20/Engine/Content: 'D:/Program Files/Epic Games/UE_4.20/Engine/Content' is outside repository
[2019.01.09-00.22.25:009][518]LogSlate: Window 'Submit Files' being destroyed
[2019.01.09-00.22.29:896][518]LogSourceControl: commit successful: [master 916ef15] modifications for networking
[2019.01.09-00.22.30:480][518]SourceControl: [master 916ef15] modifications for networking
[2019.01.09-00.22.30:480][518]SourceControl:  6 files changed, 13 insertions(+), 11 deletions(-)
[2019.01.09-00.22.30:480][518]SourceControl:  rewrite Content/2DSideScrollerBP/Blueprints/Gameplay/TrenchGameInstance.uasset (71%)
[2019.01.09-00.22.30:480][518]SourceControl:  rewrite Content/2DSideScrollerBP/Maps/MainMenu.umap (61%)
[2019.01.09-00.22.30:493][518]SourceControl: Commited [master 916ef15] modifications for networking.
[2019.01.09-00.23.03:791][471]LogAssetEditorManager: Opening Asset editor for Blueprint /Game/2DSideScrollerBP/Blueprints/Characters/2DSideScrollerCharacter.2DSideScrollerCharacter
[2019.01.09-00.23.04:863][471]LogContentBrowser: Native class hierarchy updated for 'BlueprintGraph' in 0.0009 seconds. Added 116 classes and 0 folders.
[2019.01.09-00.23.06:182][471]LogSlate: Took 0.028219 seconds to synchronously load lazily loaded font '../../../Engine/Content/Slate/Fonts/Roboto-BoldCondensed.ttf' (158K)
[2019.01.09-00.23.27:429][663]LogSlate: Took 0.025442 seconds to synchronously load lazily loaded font '../../../Engine/Content/Slate/Fonts/Roboto-Italic.ttf' (157K)
[2019.01.09-00.30.22:223][938]LogFileHelpers: Editor autosave (incl. sublevels) for '/Game/2DSideScrollerBP/Maps/MainMenu' took 0.036
[2019.01.09-00.30.22:228][938]OBJ SavePackage: Generating thumbnails for [0] asset(s) in package [/Game/2DSideScrollerBP/Blueprints/Characters/2DSideScrollerCharacter] ([1] browsable assets)...
[2019.01.09-00.30.22:228][938]OBJ SavePackage: Finished generating thumbnails for package [/Game/2DSideScrollerBP/Blueprints/Characters/2DSideScrollerCharacter]
[2019.01.09-00.30.22:564][938]LogSavePackage: Moving '../../../../../../Program Files (x86)/TrenchTowers 4.20/Saved/2DSideScrollerCharacter_Auto1E00393CA41542AE9AC5022A70EE56423.tmp' to '../../../../../../Program Files (x86)/TrenchTowers 4.20/Saved/Autosaves/Game/2DSideScrollerBP/Blueprints/Characters/2DSideScrollerCharacter_Auto1.uasset'
[2019.01.09-00.30.22:567][938]LogFileHelpers: Auto-saving content packages took 0.343
[2019.01.09-00.34.19:596][832]LogSavePackage: Moving '../../../../../../Program Files (x86)/TrenchTowers 4.20/Saved/2DSideScrollerCharacterDC5BBE1A4DC887B098B085A778F13B6B.tmp' to '../../../../../../Program Files (x86)/TrenchTowers 4.20/Content/2DSideScrollerBP/Blueprints/Characters/2DSideScrollerCharacter.uasset'
[2019.01.09-00.36.14:783][971]LogSlate: Window 'Submit Files' being destroyed
[2019.01.09-00.36.15:482][971]LogSourceControl: commit successful: [master 63cd6f8] yes
[2019.01.09-00.36.15:622][971]SourceControl: [master 63cd6f8] yes
[2019.01.09-00.36.15:622][971]SourceControl:  1 file changed, 0 insertions(+), 0 deletions(-)
[2019.01.09-00.36.15:635][971]SourceControl: Commited [master 63cd6f8] yes.
[2019.01.09-00.36.20:218][246]LogSlate: Window 'File History' being destroyed
[2019.01.09-00.36.22:913][397]LogSlate: Window '2DSideScrollerCharacter' being destroyed
[2019.01.09-00.36.23:006][397]LogSlate: Window 'TrenchTowers - Unreal Editor' being destroyed
[2019.01.09-00.36.23:008][397]LogWindowsTextInputMethodSystem: Display: IME system now deactivated.
[2019.01.09-00.36.23:271][398]Cmd: QUIT_EDITOR
[2019.01.09-00.36.23:338][398]LogExit: Preparing to exit.
[2019.01.09-00.36.23:677][398]LogExit: Editor shut down
[2019.01.09-00.36.23:677][398]LogExit: Transaction tracking system shut down
[2019.01.09-00.36.24:247][398]LogExit: Object subsystem successfully closed.
[2019.01.09-00.36.24:274][398]LogShaderCompilers: Display: Shaders left to compile 0
[2019.01.09-00.36.24:278][398]LogD3D11RHI: Shutdown
[2019.01.09-00.36.24:278][398]LogD3D11RHI: CleanupD3DDevice
[2019.01.09-00.36.24:282][398]LogD3D11RHI: ~FD3D11DynamicRHI
[2019.01.09-00.36.24:293][398]LogModuleManager: Shutting down and abandoning module BlueprintGraph (620)
[2019.01.09-00.36.24:293][398]LogModuleManager: Shutting down and abandoning module HierarchicalLODOutliner (618)
[2019.01.09-00.36.24:293][398]LogModuleManager: Shutting down and abandoning module SceneOutliner (616)
[2019.01.09-00.36.24:293][398]LogModuleManager: Shutting down and abandoning module AddContentDialog (614)
[2019.01.09-00.36.24:294][398]LogModuleManager: Shutting down and abandoning module WidgetCarousel (613)
[2019.01.09-00.36.24:294][398]LogModuleManager: Shutting down and abandoning module EditorWidgets (610)
[2019.01.09-00.36.24:294][398]LogModuleManager: Shutting down and abandoning module CollectionManager (608)
[2019.01.09-00.36.24:294][398]LogModuleManager: Shutting down and abandoning module StatsViewer (606)
[2019.01.09-00.36.24:294][398]LogModuleManager: Shutting down and abandoning module FoliageEdit (604)
[2019.01.09-00.36.24:294][398]LogModuleManager: Shutting down and abandoning module LandscapeEditor (602)
[2019.01.09-00.36.24:294][398]LogModuleManager: Shutting down and abandoning module MeshPaintMode (600)
[2019.01.09-00.36.24:294][398]LogModuleManager: Shutting down and abandoning module SceneDepthPickerMode (598)
[2019.01.09-00.36.24:294][398]LogModuleManager: Shutting down and abandoning module ActorPickerMode (596)
[2019.01.09-00.36.24:294][398]LogModuleManager: Shutting down and abandoning module GeometryMode (594)
[2019.01.09-00.36.24:294][398]LogModuleManager: Shutting down and abandoning module TextureAlignMode (592)
[2019.01.09-00.36.24:294][398]LogModuleManager: Shutting down and abandoning module BspMode (590)
[2019.01.09-00.36.24:294][398]LogModuleManager: Shutting down and abandoning module PIEPreviewDeviceProfileSelector (588)
[2019.01.09-00.36.24:294][398]LogModuleManager: Shutting down and abandoning module SequenceRecorderSections (586)
[2019.01.09-00.36.24:294][398]LogModuleManager: Shutting down and abandoning module AutomationWorker (584)
[2019.01.09-00.36.24:294][398]LogModuleManager: Shutting down and abandoning module AudioCaptureEditor (582)
[2019.01.09-00.36.24:294][398]LogModuleManager: Shutting down and abandoning module SequenceRecorder (581)
[2019.01.09-00.36.24:294][398]LogModuleManager: Shutting down and abandoning module MatineeToLevelSequence (578)
[2019.01.09-00.36.24:294][398]LogModuleManager: Shutting down and abandoning module LevelSequenceEditor (576)
[2019.01.09-00.36.24:294][398]LogModuleManager: Shutting down and abandoning module PlacementMode (575)
[2019.01.09-00.36.24:295][398]LogModuleManager: Shutting down and abandoning module MaterialEditor (574)
[2019.01.09-00.36.24:295][398]LogModuleManager: Shutting down and abandoning module WmfMediaFactory (570)
[2019.01.09-00.36.24:295][398]LogModuleManager: Shutting down and abandoning module WmfMediaEditor (568)
[2019.01.09-00.36.24:295][398]LogModuleManager: Shutting down and abandoning module MediaPlayerEditor (566)
[2019.01.09-00.36.24:295][398]LogModuleManager: Shutting down and abandoning module OpenExrWrapper (564)
[2019.01.09-00.36.24:295][398]LogModuleManager: Shutting down and abandoning module ImgMediaFactory (562)
[2019.01.09-00.36.24:295][398]LogModuleManager: Shutting down and abandoning module ImgMediaEditor (560)
[2019.01.09-00.36.24:295][398]LogModuleManager: Shutting down and abandoning module AvfMediaFactory (558)
[2019.01.09-00.36.24:295][398]LogModuleManager: Shutting down and abandoning module AvfMediaEditor (556)
[2019.01.09-00.36.24:295][398]LogModuleManager: Shutting down and abandoning module AndroidMediaFactory (554)
[2019.01.09-00.36.24:295][398]LogModuleManager: Shutting down and abandoning module AndroidMediaEditor (552)
[2019.01.09-00.36.24:295][398]LogModuleManager: Shutting down and abandoning module CreaturePackEditor (550)
[2019.01.09-00.36.24:295][398]LogModuleManager: Shutting down and abandoning module MagicLeapCameraPreviewFactory (548)
[2019.01.09-00.36.24:295][398]LogModuleManager: Shutting down and abandoning module MagicLeapMediaFactory (546)
[2019.01.09-00.36.24:295][398]LogModuleManager: Shutting down and abandoning module MagicLeapMediaEditor (544)
[2019.01.09-00.36.24:295][398]LogModuleManager: Shutting down and abandoning module CharacterAI (542)
[2019.01.09-00.36.24:295][398]LogModuleManager: Shutting down and abandoning module SmartSnapping (540)
[2019.01.09-00.36.24:295][398]LogModuleManager: Shutting down and abandoning module SessionServices (538)
[2019.01.09-00.36.24:295][398]LogModuleManager: Shutting down and abandoning module ViewportSnapping (536)
[2019.01.09-00.36.24:295][398]LogModuleManager: Shutting down and abandoning module ViewportInteraction (534)
[2019.01.09-00.36.24:295][398]LogModuleManager: Shutting down and abandoning module ClothPainter (532)
[2019.01.09-00.36.24:295][398]LogModuleManager: Shutting down and abandoning module SkeletalMeshEditor (531)
[2019.01.09-00.36.24:295][398]LogModuleManager: Shutting down and abandoning module LogVisualizer (528)
[2019.01.09-00.36.24:295][398]LogModuleManager: Shutting down and abandoning module IntroTutorials (526)
[2019.01.09-00.36.24:295][398]LogModuleManager: Shutting down and abandoning module GameProjectGeneration (525)
[2019.01.09-00.36.24:295][398]LogModuleManager: Shutting down and abandoning module LuminPlatformEditor (522)
[2019.01.09-00.36.24:295][398]LogModuleManager: Shutting down and abandoning module IOSPlatformEditor (520)
[2019.01.09-00.36.24:295][398]LogModuleManager: Shutting down and abandoning module HTML5PlatformEditor (518)
[2019.01.09-00.36.24:295][398]LogModuleManager: Shutting down and abandoning module AndroidPlatformEditor (516)
[2019.01.09-00.36.24:295][398]LogModuleManager: Shutting down and abandoning module AndroidDeviceDetection (515)
[2019.01.09-00.36.24:912][398]LogModuleManager: Shutting down and abandoning module WindowsPlatformEditor (512)
[2019.01.09-00.36.24:913][398]LogModuleManager: Shutting down and abandoning module LuminRuntimeSettings (510)
[2019.01.09-00.36.24:913][398]LogModuleManager: Shutting down and abandoning module IOSRuntimeSettings (508)
[2019.01.09-00.36.24:913][398]LogModuleManager: Shutting down and abandoning module AndroidRuntimeSettings (506)
[2019.01.09-00.36.24:913][398]LogModuleManager: Shutting down and abandoning module InputBindingEditor (504)
[2019.01.09-00.36.24:913][398]LogModuleManager: Shutting down and abandoning module MergeActors (502)
[2019.01.09-00.36.24:913][398]LogModuleManager: Shutting down and abandoning module LocalizationDashboard (500)
[2019.01.09-00.36.24:913][398]LogModuleManager: Shutting down and abandoning module LocalizationService (499)
[2019.01.09-00.36.24:913][398]LogModuleManager: Shutting down and abandoning module HardwareTargeting (496)
[2019.01.09-00.36.24:913][398]LogModuleManager: Shutting down and abandoning module DeviceProfileEditor (494)
[2019.01.09-00.36.24:913][398]LogModuleManager: Shutting down and abandoning module UndoHistory (492)
[2019.01.09-00.36.24:913][398]LogModuleManager: Shutting down and abandoning module XmlParser (490)
[2019.01.09-00.36.24:913][398]LogModuleManager: Shutting down and abandoning module Blutility (488)
[2019.01.09-00.36.24:913][398]LogModuleManager: Shutting down and abandoning module ProjectSettingsViewer (486)
[2019.01.09-00.36.24:913][398]LogModuleManager: Shutting down and abandoning module ProjectTargetPlatformEditor (485)
[2019.01.09-00.36.24:913][398]LogModuleManager: Shutting down and abandoning module EditorSettingsViewer (482)
[2019.01.09-00.36.24:913][398]LogModuleManager: Shutting down and abandoning module SettingsEditor (480)
[2019.01.09-00.36.24:913][398]LogModuleManager: Shutting down and abandoning module ProjectLauncher (478)
[2019.01.09-00.36.24:913][398]LogModuleManager: Shutting down and abandoning module SessionFrontend (476)
[2019.01.09-00.36.24:913][398]LogModuleManager: Shutting down and abandoning module ProfilerClient (474)
[2019.01.09-00.36.24:913][398]LogModuleManager: Shutting down and abandoning module DeviceManager (472)
[2019.01.09-00.36.24:913][398]LogModuleManager: Shutting down and abandoning module TargetDeviceServices (471)
[2019.01.09-00.36.24:978][398]LogModuleManager: Shutting down and abandoning module AutomationController (468)
[2019.01.09-00.36.24:978][398]LogModuleManager: Shutting down and abandoning module AutomationWindow (466)
[2019.01.09-00.36.24:978][398]LogModuleManager: Shutting down and abandoning module Layers (464)
[2019.01.09-00.36.24:978][398]LogModuleManager: Shutting down and abandoning module ComponentVisualizers (462)
[2019.01.09-00.36.24:978][398]LogModuleManager: Shutting down and abandoning module DetailCustomizations (460)
[2019.01.09-00.36.24:978][398]LogModuleManager: Shutting down and abandoning module PackagesDialog (458)
[2019.01.09-00.36.24:978][398]LogModuleManager: Shutting down and abandoning module Persona (456)
[2019.01.09-00.36.24:978][398]LogModuleManager: Shutting down and abandoning module AdvancedPreviewScene (455)
[2019.01.09-00.36.24:978][398]LogModuleManager: Shutting down and abandoning module AnimGraph (453)
[2019.01.09-00.36.24:978][398]LogModuleManager: Shutting down and abandoning module Kismet (450)
[2019.01.09-00.36.24:983][398]LogModuleManager: Shutting down and abandoning module GraphEditor (448)
[2019.01.09-00.36.24:983][398]LogModuleManager: Shutting down and abandoning module ClassViewer (446)
[2019.01.09-00.36.24:983][398]LogModuleManager: Shutting down and abandoning module Toolbox (444)
[2019.01.09-00.36.24:983][398]LogModuleManager: Shutting down and abandoning module ModuleUI (442)
[2019.01.09-00.36.24:983][398]LogModuleManager: Shutting down and abandoning module MovieSceneTools (440)
[2019.01.09-00.36.24:983][398]LogModuleManager: Shutting down and abandoning module OutputLog (438)
[2019.01.09-00.36.24:983][398]LogModuleManager: Shutting down and abandoning module GammaUI (436)
[2019.01.09-00.36.24:983][398]LogModuleManager: Shutting down and abandoning module Documentation (434)
[2019.01.09-00.36.24:983][398]LogModuleManager: Shutting down and abandoning module MovieSceneTracks (432)
[2019.01.09-00.36.24:983][398]LogModuleManager: Shutting down and abandoning module MovieScene (430)
[2019.01.09-00.36.24:983][398]LogModuleManager: Shutting down and abandoning module StreamingPauseRendering (428)
[2019.01.09-00.36.24:983][398]LogModuleManager: Shutting down and abandoning module LauncherPlatform (426)
[2019.01.09-00.36.24:983][398]LogModuleManager: Shutting down and abandoning module AnalyticsET (424)
[2019.01.09-00.36.24:983][398]LogModuleManager: Shutting down and abandoning module PortalServices (422)
[2019.01.09-00.36.24:983][398]LogModuleManager: Shutting down and abandoning module PortalRpc (420)
[2019.01.09-00.36.24:983][398]LogModuleManager: Shutting down and abandoning module MessagingRpc (418)
[2019.01.09-00.36.24:983][398]LogModuleManager: Shutting down and abandoning module AIModule (416)
[2019.01.09-00.36.24:983][398]LogModuleManager: Shutting down and abandoning module GameplayDebugger (415)
[2019.01.09-00.36.24:983][398]LogModuleManager: Shutting down and abandoning module AITestSuite (413)
[2019.01.09-00.36.24:983][398]LogModuleManager: Shutting down and abandoning module NavigationSystem (411)
[2019.01.09-00.36.24:983][398]LogModuleManager: Shutting down and abandoning module DesktopPlatform (408)
[2019.01.09-00.36.24:983][398]LogModuleManager: Shutting down and abandoning module ProfilerService (406)
[2019.01.09-00.36.25:132][398]LogModuleManager: Shutting down and abandoning module TaskGraph (404)
[2019.01.09-00.36.25:132][398]LogModuleManager: Shutting down and abandoning module SteamVRController (402)
[2019.01.09-00.36.25:132][398]LogModuleManager: Shutting down and abandoning module SteamController (400)
[2019.01.09-00.36.25:132][398]LogModuleManager: Shutting down and abandoning module ProceduralMeshComponentEditor (398)
[2019.01.09-00.36.25:132][398]LogModuleManager: Shutting down and abandoning module ProceduralMeshComponent (396)
[2019.01.09-00.36.25:132][398]LogModuleManager: Shutting down and abandoning module OculusInput (394)
[2019.01.09-00.36.25:132][398]LogModuleManager: Shutting down and abandoning module MobilePatchingUtils (392)
[2019.01.09-00.36.25:132][398]LogModuleManager: Shutting down and abandoning module EditableMesh (390)
[2019.01.09-00.36.25:132][398]LogModuleManager: Shutting down and abandoning module CustomMeshComponent (388)
[2019.01.09-00.36.25:132][398]LogModuleManager: Shutting down and abandoning module CableComponent (386)
[2019.01.09-00.36.25:132][398]LogModuleManager: Shutting down and abandoning module AudioCapture (384)
[2019.01.09-00.36.25:132][398]LogModuleManager: Shutting down and abandoning module ArchVisCharacter (382)
[2019.01.09-00.36.25:132][398]LogModuleManager: Shutting down and abandoning module AndroidPermission (380)
[2019.01.09-00.36.25:132][398]LogModuleManager: Shutting down and abandoning module NUTUnrealEngine4 (378)
[2019.01.09-00.36.25:132][398]LogModuleManager: Shutting down and abandoning module NetcodeUnitTest (376)
[2019.01.09-00.36.25:132][398]LogModuleManager: Shutting down and abandoning module MediaCompositingEditor (374)
[2019.01.09-00.36.25:132][398]LogModuleManager: Shutting down and abandoning module MediaCompositing (372)
[2019.01.09-00.36.25:132][398]LogModuleManager: Shutting down and abandoning module LinearTimecode (370)
[2019.01.09-00.36.25:132][398]LogModuleManager: Shutting down and abandoning module ImgMedia (368)
[2019.01.09-00.36.25:137][398]LogModuleManager: Shutting down and abandoning module HTML5Networking (366)
[2019.01.09-00.36.25:137][398]LogModuleManager: Shutting down and abandoning module GeometryCacheTracks (364)
[2019.01.09-00.36.25:137][398]LogModuleManager: Shutting down and abandoning module GeometryCacheSequencer (362)
[2019.01.09-00.36.25:137][398]LogModuleManager: Shutting down and abandoning module BackChannel (360)
[2019.01.09-00.36.25:137][398]LogModuleManager: Shutting down and abandoning module AppleVision (358)
[2019.01.09-00.36.25:137][398]LogModuleManager: Shutting down and abandoning module AppleImageUtils (356)
[2019.01.09-00.36.25:137][398]LogModuleManager: Shutting down and abandoning module AlembicImporter (354)
[2019.01.09-00.36.25:137][398]LogModuleManager: Shutting down and abandoning module AlembicLibrary (353)
[2019.01.09-00.36.25:137][398]LogModuleManager: Shutting down and abandoning module GeometryCache (352)
[2019.01.09-00.36.25:138][398]LogModuleManager: Shutting down and abandoning module GeometryCacheEd (351)
[2019.01.09-00.36.25:138][398]LogModuleManager: Shutting down and abandoning module DatasmithContentEditor (346)
[2019.01.09-00.36.25:138][398]LogModuleManager: Shutting down and abandoning module DatasmithContent (344)
[2019.01.09-00.36.25:139][398]LogModuleManager: Shutting down and abandoning module SpeedTreeImporter (342)
[2019.01.09-00.36.25:139][398]LogModuleManager: Shutting down and abandoning module PluginBrowser (340)
[2019.01.09-00.36.25:139][398]LogModuleManager: Shutting down and abandoning module MobileLauncherProfileWizard (338)
[2019.01.09-00.36.25:139][398]LogModuleManager: Shutting down and abandoning module PolygonModeling (336)
[2019.01.09-00.36.25:139][398]LogModuleManager: Shutting down and abandoning module MeshEditor (334)
[2019.01.09-00.36.25:139][398]LogModuleManager: Shutting down and abandoning module CryptoKeysOpenSSL (332)
[2019.01.09-00.36.25:139][398]LogModuleManager: Shutting down and abandoning module CryptoKeys (330)
[2019.01.09-00.36.25:139][398]LogModuleManager: Shutting down and abandoning module VisualStudioSourceCodeAccess (328)
[2019.01.09-00.36.25:139][398]LogModuleManager: Shutting down and abandoning module VisualStudioCodeSourceCodeAccess (326)
[2019.01.09-00.36.25:139][398]LogModuleManager: Shutting down and abandoning module UObjectPlugin (324)
[2019.01.09-00.36.25:139][398]LogModuleManager: Shutting down and abandoning module SubversionSourceControl (322)
[2019.01.09-00.36.25:139][398]LogModuleManager: Shutting down and abandoning module PerforceSourceControl (320)
[2019.01.09-00.36.25:139][398]LogModuleManager: Shutting down and abandoning module GitSourceControl (318)
[2019.01.09-00.36.25:139][398]LogModuleManager: Shutting down and abandoning module SourceControl (317)
[2019.01.09-00.36.25:139][398]LogModuleManager: Shutting down and abandoning module CLionSourceCodeAccess (314)
[2019.01.09-00.36.25:139][398]LogModuleManager: Shutting down and abandoning module LightPropagationVolumeEditor (312)
[2019.01.09-00.36.25:139][398]LogModuleManager: Shutting down and abandoning module PaperTiledImporter (310)
[2019.01.09-00.36.25:139][398]LogModuleManager: Shutting down and abandoning module PaperSpriteSheetImporter (308)
[2019.01.09-00.36.25:139][398]LogModuleManager: Shutting down and abandoning module Paper2DEditor (306)
[2019.01.09-00.36.25:140][398]LogModuleManager: Shutting down and abandoning module MeshPaint (305)
[2019.01.09-00.36.25:140][398]LogModuleManager: Shutting down and abandoning module RuntimePhysXCooking (302)
[2019.01.09-00.36.25:140][398]LogModuleManager: Shutting down and abandoning module PhysXVehiclesEditor (300)
[2019.01.09-00.36.25:140][398]LogModuleManager: Shutting down and abandoning module PhysXVehicles (298)
[2019.01.09-00.36.25:140][398]LogModuleManager: Shutting down and abandoning module OculusEditor (296)
[2019.01.09-00.36.25:140][398]LogModuleManager: Shutting down and abandoning module LocationServicesBPLibrary (294)
[2019.01.09-00.36.25:140][398]LogModuleManager: Shutting down and abandoning module ImmediatePhysicsEditor (292)
[2019.01.09-00.36.25:140][398]LogModuleManager: Shutting down and abandoning module ImmediatePhysics (290)
[2019.01.09-00.36.25:140][398]LogModuleManager: Shutting down and abandoning module ActorSequence (288)
[2019.01.09-00.36.25:140][398]LogModuleManager: Shutting down and abandoning module UdpMessaging (286)
[2019.01.09-00.36.25:241][398]LogModuleManager: Shutting down and abandoning module TcpMessaging (284)
[2019.01.09-00.36.25:342][398]LogModuleManager: Shutting down and abandoning module CreaturePackRuntimePlugin (282)
[2019.01.09-00.36.25:342][398]LogModuleManager: Shutting down and abandoning module MagicLeapAudio (280)
[2019.01.09-00.36.25:342][398]LogModuleManager: Shutting down and abandoning module GameplayTagsEditor (278)
[2019.01.09-00.36.25:342][398]LogModuleManager: Shutting down and abandoning module FacialAnimationEditor (276)
[2019.01.09-00.36.25:342][398]LogModuleManager: Shutting down and abandoning module FacialAnimation (274)
[2019.01.09-00.36.25:342][398]LogModuleManager: Shutting down and abandoning module DataValidation (272)
[2019.01.09-00.36.25:342][398]LogModuleManager: Shutting down and abandoning module AssetManagerEditor (270)
[2019.01.09-00.36.25:342][398]LogModuleManager: Shutting down and abandoning module LevelEditor (269)
[2019.01.09-00.36.25:346][398]LogModuleManager: Shutting down and abandoning module PixelInspectorModule (268)
[2019.01.09-00.36.25:346][398]LogModuleManager: Shutting down and abandoning module CommonMenuExtensions (266)
[2019.01.09-00.36.25:346][398]LogModuleManager: Shutting down and abandoning module MainFrame (264)
[2019.01.09-00.36.25:346][398]LogModuleManager: Shutting down and abandoning module HotReload (263)
[2019.01.09-00.36.25:347][398]LogModuleManager: Shutting down and abandoning module ContentBrowser (259)
[2019.01.09-00.36.25:348][398]LogModuleManager: Shutting down and abandoning module TreeMap (257)
[2019.01.09-00.36.25:348][398]LogModuleManager: Shutting down and abandoning module LightPropagationVolumeRuntime (254)
[2019.01.09-00.36.25:348][398]LogModuleManager: Shutting down and abandoning module AISupportModule (252)
[2019.01.09-00.36.25:348][398]LogModuleManager: Shutting down and abandoning module Paper2D (250)
[2019.01.09-00.36.25:348][398]LogModuleManager: Shutting down and abandoning module WindowsMoviePlayer (248)
[2019.01.09-00.36.25:348][398]LogModuleManager: Shutting down and abandoning module WmfMedia (246)
[2019.01.09-00.36.25:350][398]LogModuleManager: Shutting down and abandoning module Media (245)
[2019.01.09-00.36.25:356][398]LogModuleManager: Shutting down and abandoning module PacketHandler (242)
[2019.01.09-00.36.25:356][398]LogModuleManager: Shutting down and abandoning module ClothingSystemEditor (240)
[2019.01.09-00.36.25:356][398]LogModuleManager: Shutting down and abandoning module ClothingSystemRuntime (238)
[2019.01.09-00.36.25:356][398]LogModuleManager: Shutting down and abandoning module MediaAssets (236)
[2019.01.09-00.36.25:356][398]LogModuleManager: Shutting down and abandoning module Overlay (234)
[2019.01.09-00.36.25:356][398]LogModuleManager: Shutting down and abandoning module OverlayEditor (233)
[2019.01.09-00.36.25:356][398]LogModuleManager: Shutting down and abandoning module VREditor (230)
[2019.01.09-00.36.25:356][398]LogModuleManager: Shutting down and abandoning module StringTableEditor (228)
[2019.01.09-00.36.25:356][398]LogModuleManager: Shutting down and abandoning module GameplayTasksEditor (226)
[2019.01.09-00.36.25:356][398]LogModuleManager: Shutting down and abandoning module BehaviorTreeEditor (224)
[2019.01.09-00.36.25:357][398]LogModuleManager: Shutting down and abandoning module FunctionalTesting (222)
[2019.01.09-00.36.25:357][398]LogModuleManager: Shutting down and abandoning module CollisionAnalyzer (220)
[2019.01.09-00.36.25:357][398]LogModuleManager: Shutting down and abandoning module WorkspaceMenuStructure (219)
[2019.01.09-00.36.25:357][398]LogModuleManager: Shutting down and abandoning module UMG (216)
[2019.01.09-00.36.25:357][398]LogModuleManager: Shutting down and abandoning module UMGEditor (215)
[2019.01.09-00.36.25:357][398]LogModuleManager: Shutting down and abandoning module Sequencer (214)
[2019.01.09-00.36.25:357][398]LogModuleManager: Shutting down and abandoning module MessageLog (211)
[2019.01.09-00.36.25:357][398]LogModuleManager: Shutting down and abandoning module SlateReflector (206)
[2019.01.09-00.36.25:357][398]LogModuleManager: Shutting down and abandoning module Slate (204)
[2019.01.09-00.36.25:357][398]LogModuleManager: Shutting down and abandoning module EditorStyle (202)
[2019.01.09-00.36.25:358][398]LogModuleManager: Shutting down and abandoning module MRMesh (200)
[2019.01.09-00.36.25:358][398]LogModuleManager: Shutting down and abandoning module SourceCodeAccess (198)
[2019.01.09-00.36.25:358][398]LogModuleManager: Shutting down and abandoning module HeadMountedDisplay (196)
[2019.01.09-00.36.25:358][398]LogModuleManager: Shutting down and abandoning module XAudio2 (194)
[2019.01.09-00.36.25:359][398]LogModuleManager: Shutting down and abandoning module Networking (192)
[2019.01.09-00.36.25:359][398]LogModuleManager: Shutting down and abandoning module Core (190)
[2019.01.09-00.36.25:359][398]LogModuleManager: Shutting down and abandoning module LevelSequence (188)
[2019.01.09-00.36.25:359][398]LogModuleManager: Shutting down and abandoning module KismetCompiler (186)
[2019.01.09-00.36.25:359][398]LogModuleManager: Shutting down and abandoning module MeshUtilities (184)
[2019.01.09-00.36.25:359][398]LogModuleManager: Shutting down and abandoning module MeshMergeUtilities (183)
[2019.01.09-00.36.25:359][398]LogModuleManager: Shutting down and abandoning module MeshReductionInterface (182)
[2019.01.09-00.36.25:359][398]LogModuleManager: Shutting down and abandoning module SimplygonSwarm (181)
[2019.01.09-00.36.25:359][398]LogModuleManager: Shutting down and abandoning module ProxyLODMeshReduction (179)
[2019.01.09-00.36.25:359][398]LogModuleManager: Shutting down and abandoning module SimplygonMeshReduction (177)
[2019.01.09-00.36.25:359][398]LogModuleManager: Shutting down and abandoning module QuadricMeshReduction (175)
[2019.01.09-00.36.25:359][398]LogModuleManager: Shutting down and abandoning module MaterialBaking (171)
[2019.01.09-00.36.25:359][398]LogModuleManager: Shutting down and abandoning module DirectoryWatcher (167)
[2019.01.09-00.36.25:359][398]LogModuleManager: Shutting down and abandoning module DerivedDataCache (164)
[2019.01.09-00.36.25:385][398]LogDerivedDataCache: Shutdown
[2019.01.09-00.36.25:385][398]LogModuleManager: Shutting down and abandoning module XGEController (162)
[2019.01.09-00.36.25:385][398]LogXGEController: Cleaning working directory: C:/Users/Fires/AppData/Local/Temp/UnrealXGEWorkingDir/
[2019.01.09-00.36.25:385][398]LogModuleManager: Shutting down and abandoning module TargetPlatform (160)
[2019.01.09-00.36.25:385][398]LogModuleManager: Shutting down and abandoning module VulkanShaderFormat (159)
[2019.01.09-00.36.25:385][398]LogModuleManager: Shutting down and abandoning module ShaderFormatVectorVM (157)
[2019.01.09-00.36.25:385][398]LogModuleManager: Shutting down and abandoning module ShaderFormatOpenGL (155)
[2019.01.09-00.36.25:385][398]LogModuleManager: Shutting down and abandoning module ShaderFormatD3D (153)
[2019.01.09-00.36.25:385][398]LogModuleManager: Shutting down and abandoning module MetalShaderFormat (151)
[2019.01.09-00.36.25:385][398]LogModuleManager: Shutting down and abandoning module TextureFormatUncompressed (149)
[2019.01.09-00.36.25:385][398]LogModuleManager: Shutting down and abandoning module TextureFormatPVR (147)
[2019.01.09-00.36.25:385][398]LogModuleManager: Shutting down and abandoning module TextureFormatDXT (145)
[2019.01.09-00.36.25:385][398]LogModuleManager: Shutting down and abandoning module TextureFormatIntelISPCTexComp (143)
[2019.01.09-00.36.25:385][398]LogModuleManager: Shutting down and abandoning module TextureFormatASTC (141)
[2019.01.09-00.36.25:385][398]LogModuleManager: Shutting down and abandoning module ImageWrapper (140)
[2019.01.09-00.36.25:385][398]LogModuleManager: Shutting down and abandoning module TextureFormatAndroid (137)
[2019.01.09-00.36.25:385][398]LogModuleManager: Shutting down and abandoning module AudioFormatOpus (135)
[2019.01.09-00.36.25:385][398]LogModuleManager: Shutting down and abandoning module AudioFormatOgg (133)
[2019.01.09-00.36.25:385][398]LogModuleManager: Shutting down and abandoning module AudioFormatADPCM (131)
[2019.01.09-00.36.25:385][398]LogModuleManager: Shutting down and abandoning module LuminTargetPlatform (129)
[2019.01.09-00.36.25:385][398]LogModuleManager: Shutting down and abandoning module LinuxTargetPlatform (127)
[2019.01.09-00.36.25:385][398]LogModuleManager: Shutting down and abandoning module LinuxServerTargetPlatform (125)
[2019.01.09-00.36.25:385][398]LogModuleManager: Shutting down and abandoning module LinuxNoEditorTargetPlatform (123)
[2019.01.09-00.36.25:385][398]LogModuleManager: Shutting down and abandoning module LinuxClientTargetPlatform (121)
[2019.01.09-00.36.25:385][398]LogModuleManager: Shutting down and abandoning module TVOSTargetPlatform (119)
[2019.01.09-00.36.25:386][398]LogModuleManager: Shutting down and abandoning module Messaging (117)
[2019.01.09-00.36.25:386][398]LogModuleManager: Shutting down and abandoning module IOSTargetPlatform (115)
[2019.01.09-00.36.25:387][398]LogModuleManager: Shutting down and abandoning module HTML5TargetPlatform (113)
[2019.01.09-00.36.25:387][398]LogModuleManager: Shutting down and abandoning module AndroidTargetPlatform (111)
[2019.01.09-00.36.25:392][398]LogModuleManager: Shutting down and abandoning module WindowsTargetPlatform (109)
[2019.01.09-00.36.25:392][398]LogModuleManager: Shutting down and abandoning module WindowsServerTargetPlatform (107)
[2019.01.09-00.36.25:392][398]LogModuleManager: Shutting down and abandoning module WindowsNoEditorTargetPlatform (105)
[2019.01.09-00.36.25:392][398]LogModuleManager: Shutting down and abandoning module WindowsClientTargetPlatform (103)
[2019.01.09-00.36.25:392][398]LogModuleManager: Shutting down and abandoning module MacTargetPlatform (101)
[2019.01.09-00.36.25:392][398]LogModuleManager: Shutting down and abandoning module MacServerTargetPlatform (99)
[2019.01.09-00.36.25:392][398]LogModuleManager: Shutting down and abandoning module MacNoEditorTargetPlatform (97)
[2019.01.09-00.36.25:392][398]LogModuleManager: Shutting down and abandoning module MacClientTargetPlatform (95)
[2019.01.09-00.36.25:393][398]LogModuleManager: Shutting down and abandoning module AllDesktopTargetPlatform (93)
[2019.01.09-00.36.25:393][398]LogModuleManager: Shutting down and abandoning module InputCore (90)
[2019.01.09-00.36.25:393][398]LogModuleManager: Shutting down and abandoning module Settings (88)
[2019.01.09-00.36.25:393][398]LogModuleManager: Shutting down and abandoning module PhysXCooking (86)
[2019.01.09-00.36.25:393][398]LogModuleManager: Shutting down and abandoning module SteamVR (84)
[2019.01.09-00.36.25:393][398]LogModuleManager: Shutting down and abandoning module OculusHMD (82)
[2019.01.09-00.36.25:393][398]LogModuleManager: Shutting down and abandoning module ExampleDeviceProfileSelector (80)
[2019.01.09-00.36.25:393][398]LogModuleManager: Shutting down and abandoning module LauncherChunkInstaller (78)
[2019.01.09-00.36.25:393][398]LogModuleManager: Shutting down and abandoning module OnlineBlueprintSupport (76)
[2019.01.09-00.36.25:393][398]LogModuleManager: Shutting down and abandoning module OnlineSubsystem (72)
[2019.01.09-00.36.25:394][398]LogModuleManager: Shutting down and abandoning module XMPP (65)
[2019.01.09-00.36.25:394][398]LogModuleManager: Shutting down and abandoning module WebSockets (64)
[2019.01.09-00.36.25:400][398]LogModuleManager: Shutting down and abandoning module HTTP (61)
[2019.01.09-00.36.25:400][398]LogHttp: Display: Http module shutting down, but needs to wait on 1 outstanding Http requests:
[2019.01.09-00.36.25:400][398]LogHttp: Display: 	verb=[POST] url=[https://datarouter.ol.epicgames.com/datarouter/api/v1/public/data?SessionID=%7BDFD1D288-4C21-58F3-6A7E-FFA946043DB5%7D&AppID=UEEditor.Rocket.Release&AppVersion=4.20.3-4369336%2B%2B%2BUE4%2BRelease-4.20&UserID=07a0d2d64662dd1680339d9718e2d666%7Cb1db12b2000c43619e5ed66b74fb5726%7Cdb0fc2f9-39c1-42f0-92a8-54506b413dd2&AppEnvironment=datacollector-binary&UploadType=eteventstream] status=Processing
[2019.01.09-00.36.25:414][398]LogModuleManager: Shutting down and abandoning module SSL (60)
[2019.01.09-00.36.25:414][398]LogModuleManager: Shutting down and abandoning module MagicLeapEmulator (56)
[2019.01.09-00.36.25:414][398]LogModuleManager: Shutting down and abandoning module MagicLeapPrivileges (54)
[2019.01.09-00.36.25:414][398]LogModuleManager: Shutting down and abandoning module MagicLeapIdentity (52)
[2019.01.09-00.36.25:414][398]LogModuleManager: Shutting down and abandoning module MagicLeapHelperVulkan (50)
[2019.01.09-00.36.25:415][398]LogModuleManager: Shutting down and abandoning module MagicLeapHelperOpenGL (48)
[2019.01.09-00.36.25:415][398]LogModuleManager: Shutting down and abandoning module MagicLeapSecureStorage (46)
[2019.01.09-00.36.25:415][398]LogModuleManager: Shutting down and abandoning module MagicLeapGestures (44)
[2019.01.09-00.36.25:415][398]LogModuleManager: Shutting down and abandoning module MagicLeapEyeTracker (42)
[2019.01.09-00.36.25:415][398]LogModuleManager: Shutting down and abandoning module MagicLeapController (40)
[2019.01.09-00.36.25:415][398]LogSlate: Slate User Destroyed.  User Index 0, Is Virtual User: 0
[2019.01.09-00.36.25:415][398]LogModuleManager: Shutting down and abandoning module MagicLeap (38)
[2019.01.09-00.36.25:415][398]LogModuleManager: Shutting down and abandoning module AnimationModifiers (36)
[2019.01.09-00.36.25:415][398]LogModuleManager: Shutting down and abandoning module PropertyEditor (35)
[2019.01.09-00.36.25:415][398]LogModuleManager: Shutting down and abandoning module AudioEditor (32)
[2019.01.09-00.36.25:415][398]LogModuleManager: Shutting down and abandoning module TextureCompressor (30)
[2019.01.09-00.36.25:415][398]LogModuleManager: Shutting down and abandoning module ShaderCore (28)
[2019.01.09-00.36.25:415][398]LogModuleManager: Shutting down and abandoning module Landscape (26)
[2019.01.09-00.36.25:415][398]LogModuleManager: Shutting down and abandoning module SlateRHIRenderer (24)
[2019.01.09-00.36.25:416][398]LogModuleManager: Shutting down and abandoning module OpenGLDrv (22)
[2019.01.09-00.36.25:416][398]LogModuleManager: Shutting down and abandoning module D3D11RHI (20)
[2019.01.09-00.36.25:416][398]LogModuleManager: Shutting down and abandoning module AnimGraphRuntime (18)
[2019.01.09-00.36.25:416][398]LogModuleManager: Shutting down and abandoning module Renderer (16)
[2019.01.09-00.36.25:416][398]LogModuleManager: Shutting down and abandoning module Engine (14)
[2019.01.09-00.36.25:416][398]LogModuleManager: Shutting down and abandoning module CoreUObject (12)
[2019.01.09-00.36.25:416][398]LogModuleManager: Shutting down and abandoning module NetworkFile (10)
[2019.01.09-00.36.25:416][398]LogModuleManager: Shutting down and abandoning module CookedIterativeFile (8)
[2019.01.09-00.36.25:416][398]LogModuleManager: Shutting down and abandoning module StreamingFile (6)
[2019.01.09-00.36.25:416][398]LogModuleManager: Shutting down and abandoning module SandboxFile (4)
[2019.01.09-00.36.25:416][398]LogModuleManager: Shutting down and abandoning module PakFile (2)
[2019.01.09-00.36.25:425][398]LogExit: Exiting.
[2019.01.09-00.36.25:428][398]Log file closed, 01/08/19 19:36:25
